
===========================================================================
report_checks -unconstrained
===========================================================================
======================= nom_tt_025C_1v80 Corner ===================================

Startpoint: rst (input port clocked by clk)
Endpoint: _134_ (recovery check against rising-edge clock clk)
Path Group: asynchronous
Path Type: max

Fanout         Cap        Slew       Delay        Time   Description
---------------------------------------------------------------------------------------------
                                  0.000000    0.000000   clock clk (rise edge)
                                  0.000000    0.000000   clock network delay (propagated)
                                  2.500000    2.500000 v input external delay
     1    0.002898    0.008859    0.004580    2.504580 v rst (in)
                                                         rst (net)
                      0.008859    0.000000    2.504580 v input51/A (sky130_fd_sc_hd__clkbuf_1)
     1    0.010758    0.068677    0.108053    2.612634 v input51/X (sky130_fd_sc_hd__clkbuf_1)
                                                         net51 (net)
                      0.068678    0.000381    2.613015 v fanout109/A (sky130_fd_sc_hd__clkbuf_4)
     7    0.042480    0.094451    0.205318    2.818333 v fanout109/X (sky130_fd_sc_hd__clkbuf_4)
                                                         net109 (net)
                      0.094451    0.000060    2.818394 v fanout108/A (sky130_fd_sc_hd__buf_4)
    10    0.053159    0.079978    0.211020    3.029414 v fanout108/X (sky130_fd_sc_hd__buf_4)
                                                         net108 (net)
                      0.079987    0.000843    3.030257 v fanout107/A (sky130_fd_sc_hd__buf_4)
    10    0.050998    0.078329    0.201758    3.232014 v fanout107/X (sky130_fd_sc_hd__buf_4)
                                                         net107 (net)
                      0.078329    0.000007    3.232021 v _109_/A (sky130_fd_sc_hd__inv_2)
     1    0.004880    0.036230    0.060416    3.292438 ^ _109_/Y (sky130_fd_sc_hd__inv_2)
                                                         _039_ (net)
                      0.036230    0.000026    3.292464 ^ _134_/RESET_B (sky130_fd_sc_hd__dfrtp_4)
                                              3.292464   data arrival time

                                  5.000000    5.000000   clock clk (rise edge)
                                  0.000000    5.000000   clock source latency
     1    0.064885    0.294461    0.210111    5.210111 ^ clk (in)
                                                         clk (net)
                      0.294955    0.000000    5.210111 ^ clkbuf_0_clk/A (sky130_fd_sc_hd__clkbuf_16)
     4    0.049450    0.071646    0.226881    5.436992 ^ clkbuf_0_clk/X (sky130_fd_sc_hd__clkbuf_16)
                                                         clknet_0_clk (net)
                      0.072100    0.003954    5.440946 ^ clkbuf_2_2_0_clk/A (sky130_fd_sc_hd__clkbuf_8)
     8    0.040752    0.082985    0.167313    5.608259 ^ clkbuf_2_2_0_clk/X (sky130_fd_sc_hd__clkbuf_8)
                                                         clknet_2_2_0_clk (net)
                      0.083002    0.001225    5.609485 ^ _134_/CLK (sky130_fd_sc_hd__dfrtp_4)
                                 -0.250000    5.359485   clock uncertainty
                                  0.000000    5.359485   clock reconvergence pessimism
                                  0.231746    5.591231   library recovery time
                                              5.591231   data required time
---------------------------------------------------------------------------------------------
                                              5.591231   data required time
                                             -3.292464   data arrival time
---------------------------------------------------------------------------------------------
                                              2.298767   slack (MET)


Startpoint: _125_ (rising edge-triggered flip-flop clocked by clk)
Endpoint: sine_out[13] (output port clocked by clk)
Path Group: clk
Path Type: max

Fanout         Cap        Slew       Delay        Time   Description
---------------------------------------------------------------------------------------------
                                  0.000000    0.000000   clock clk (rise edge)
                                  0.000000    0.000000   clock source latency
     1    0.064885    0.294461    0.210111    0.210111 ^ clk (in)
                                                         clk (net)
                      0.294955    0.000000    0.210111 ^ clkbuf_0_clk/A (sky130_fd_sc_hd__clkbuf_16)
     4    0.049450    0.071646    0.226881    0.436992 ^ clkbuf_0_clk/X (sky130_fd_sc_hd__clkbuf_16)
                                                         clknet_0_clk (net)
                      0.072102    0.003964    0.440956 ^ clkbuf_2_3_0_clk/A (sky130_fd_sc_hd__clkbuf_8)
    10    0.095710    0.171265    0.226447    0.667403 ^ clkbuf_2_3_0_clk/X (sky130_fd_sc_hd__clkbuf_8)
                                                         clknet_2_3_0_clk (net)
                      0.171670    0.006892    0.674294 ^ _125_/CLK (sky130_fd_sc_hd__dfrtp_1)
     1    0.012131    0.079878    0.443768    1.118062 v _125_/Q (sky130_fd_sc_hd__dfrtp_1)
                                                         net56 (net)
                      0.079879    0.000459    1.118522 v output56/A (sky130_fd_sc_hd__clkbuf_4)
     1    0.034568    0.079921    0.198976    1.317497 v output56/X (sky130_fd_sc_hd__clkbuf_4)
                                                         sine_out[13] (net)
                      0.079921    0.000236    1.317733 v sine_out[13] (out)
                                              1.317733   data arrival time

                                  5.000000    5.000000   clock clk (rise edge)
                                  0.000000    5.000000   clock network delay (propagated)
                                 -0.250000    4.750000   clock uncertainty
                                  0.000000    4.750000   clock reconvergence pessimism
                                 -2.250000    2.500000   output external delay
                                              2.500000   data required time
---------------------------------------------------------------------------------------------
                                              2.500000   data required time
                                             -1.317733   data arrival time
---------------------------------------------------------------------------------------------
                                              1.182267   slack (MET)




===========================================================================
report_checks --slack_max -0.01
============================================================================
======================= nom_tt_025C_1v80 Corner ===================================

No paths found.


===========================================================================
 report_check_types -max_slew -max_cap -max_fanout -violators
============================================================================
======================= nom_tt_025C_1v80 Corner ===================================



===========================================================================
report_parasitic_annotation -report_unannotated
============================================================================
Found 5 unannotated drivers.
 clkload0/Y
 clkload1/Y
 clkload2/Y
 mem_i0_110/HI
 mem_i1_111/HI
Found 0 partially unannotated drivers.

===========================================================================
max slew violation count 0
Writing metric design__max_slew_violation__count__corner:nom_tt_025C_1v80: 0
max fanout violation count 0
Writing metric design__max_fanout_violation__count__corner:nom_tt_025C_1v80: 0
max cap violation count 0
Writing metric design__max_cap_violation__count__corner:nom_tt_025C_1v80: 0
============================================================================

===========================================================================
check_setup -verbose -unconstrained_endpoints -multiple_clock -no_clock -no_input_delay -loops -generated_clocks
===========================================================================
Warning: There are 50 input ports missing set_input_delay.
  addr00[0]
  addr00[1]
  addr00[2]
  addr00[3]
  addr00[4]
  addr00[5]
  addr00[6]
  addr00[7]
  addr01[0]
  addr01[1]
  addr01[2]
  addr01[3]
  addr01[4]
  addr01[5]
  addr01[6]
  addr01[7]
  csb00
  csb01
  din00[0]
  din00[10]
  din00[11]
  din00[12]
  din00[13]
  din00[14]
  din00[15]
  din00[1]
  din00[2]
  din00[3]
  din00[4]
  din00[5]
  din00[6]
  din00[7]
  din00[8]
  din00[9]
  din01[0]
  din01[10]
  din01[11]
  din01[12]
  din01[13]
  din01[14]
  din01[15]
  din01[1]
  din01[2]
  din01[3]
  din01[4]
  din01[5]
  din01[6]
  din01[7]
  din01[8]
  din01[9]
Warning: There are 52 unconstrained endpoints.
  mem_i0/addr0[0]
  mem_i0/addr0[1]
  mem_i0/addr0[2]
  mem_i0/addr0[3]
  mem_i0/addr0[4]
  mem_i0/addr0[5]
  mem_i0/addr0[6]
  mem_i0/addr0[7]
  mem_i0/csb0
  mem_i0/csb1
  mem_i0/din0[0]
  mem_i0/din0[10]
  mem_i0/din0[11]
  mem_i0/din0[12]
  mem_i0/din0[13]
  mem_i0/din0[14]
  mem_i0/din0[15]
  mem_i0/din0[1]
  mem_i0/din0[2]
  mem_i0/din0[3]
  mem_i0/din0[4]
  mem_i0/din0[5]
  mem_i0/din0[6]
  mem_i0/din0[7]
  mem_i0/din0[8]
  mem_i0/din0[9]
  mem_i1/addr0[0]
  mem_i1/addr0[1]
  mem_i1/addr0[2]
  mem_i1/addr0[3]
  mem_i1/addr0[4]
  mem_i1/addr0[5]
  mem_i1/addr0[6]
  mem_i1/addr0[7]
  mem_i1/csb0
  mem_i1/csb1
  mem_i1/din0[0]
  mem_i1/din0[10]
  mem_i1/din0[11]
  mem_i1/din0[12]
  mem_i1/din0[13]
  mem_i1/din0[14]
  mem_i1/din0[15]
  mem_i1/din0[1]
  mem_i1/din0[2]
  mem_i1/din0[3]
  mem_i1/din0[4]
  mem_i1/din0[5]
  mem_i1/din0[6]
  mem_i1/din0[7]
  mem_i1/din0[8]
  mem_i1/din0[9]
