Clock: clk
Sources: clk 
Generated: no
Virtual: yes
Propagated: no
Period: 5.000000

===========================================================================
report_clock_properties
============================================================================
Clock                   Period          Waveform
----------------------------------------------------
clk                   5.000000    0.000000  2.500000

===========================================================================
report_clock_latency
============================================================================
Clock clk
rise -> rise
    min     max
0.000000 0.000000 source latency
0.609485         network latency _134_/CLK
        0.683872 network latency mem_i1/clk1
---------------
0.609485 0.683872 latency
        0.074388 skew

fall -> fall
    min     max
0.000000 0.000000 source latency
0.486400         network latency _134_/CLK
        0.539953 network latency mem_i1/clk1
---------------
0.486400 0.539953 latency
        0.053553 skew



===========================================================================
report_clock_min_period
============================================================================
clk period_min = 1.85 fmax = 541.00
