Clock: clk
Sources: clk 
Generated: no
Virtual: yes
Propagated: no
Period: 5.000000

===========================================================================
report_clock_properties
============================================================================
Clock                   Period          Waveform
----------------------------------------------------
clk                   5.000000    0.000000  2.500000

===========================================================================
report_clock_latency
============================================================================
Clock clk
rise -> rise
    min     max
0.000000 0.000000 source latency
0.456196         network latency _091_/CLK
        0.461954 network latency _087_/CLK
---------------
0.456196 0.461954 latency
        0.005758 skew

fall -> fall
    min     max
0.000000 0.000000 source latency
0.364919         network latency _080_/CLK
        0.374086 network latency _087_/CLK
---------------
0.364919 0.374086 latency
        0.009167 skew



===========================================================================
report_clock_min_period
============================================================================
clk period_min = 1.17 fmax = 853.33
