
===========================================================================
report_checks -path_delay max (Setup)
============================================================================
======================= nom_tt_025C_1v80 Corner ===================================

Startpoint: _792_ (rising edge-triggered flip-flop clocked by clk)
Endpoint: sine_out[3] (output port clocked by clk)
Path Group: clk
Path Type: max

Fanout         Cap        Slew       Delay        Time   Description
---------------------------------------------------------------------------------------------
                      0.150000    0.000000    0.000000   clock clk (rise edge)
                                  0.000000    0.000000   clock network delay (ideal)
                      0.150000    0.000000    0.000000 ^ _792_/CLK (sky130_fd_sc_hd__dfrtp_2)
    60    0.206434    0.964285    1.038343    1.038343 ^ _792_/Q (sky130_fd_sc_hd__dfrtp_2)
                                                         tcout[2] (net)
                      0.964285    0.000000    1.038343 ^ _438_/A_N (sky130_fd_sc_hd__and2b_2)
     4    0.009251    0.053708    0.324694    1.363037 v _438_/X (sky130_fd_sc_hd__and2b_2)
                                                         _380_ (net)
                      0.053708    0.000000    1.363037 v _573_/A (sky130_fd_sc_hd__or2_2)
     3    0.008489    0.072881    0.317159    1.680197 v _573_/X (sky130_fd_sc_hd__or2_2)
                                                         _141_ (net)
                      0.072881    0.000000    1.680197 v _574_/A2 (sky130_fd_sc_hd__o211a_2)
     1    0.002243    0.039301    0.238444    1.918641 v _574_/X (sky130_fd_sc_hd__o211a_2)
                                                         _142_ (net)
                      0.039301    0.000000    1.918641 v _575_/A2 (sky130_fd_sc_hd__o21a_2)
     1    0.001625    0.030366    0.178009    2.096650 v _575_/X (sky130_fd_sc_hd__o21a_2)
                                                         _143_ (net)
                      0.030366    0.000000    2.096650 v _582_/B (sky130_fd_sc_hd__or4_2)
     1    0.002141    0.095245    0.623388    2.720038 v _582_/X (sky130_fd_sc_hd__or4_2)
                                                         _150_ (net)
                      0.095245    0.000000    2.720038 v _603_/B1 (sky130_fd_sc_hd__a32o_2)
     1    0.033442    0.108070    0.313384    3.033421 v _603_/X (sky130_fd_sc_hd__a32o_2)
                                                         sine_out[3] (net)
                      0.108070    0.000000    3.033421 v sine_out[3] (out)
                                              3.033421   data arrival time

                      0.150000   10.000000   10.000000   clock clk (rise edge)
                                  0.000000   10.000000   clock network delay (ideal)
                                 -0.250000    9.750000   clock uncertainty
                                  0.000000    9.750000   clock reconvergence pessimism
                                 -2.000000    7.750000   output external delay
                                              7.750000   data required time
---------------------------------------------------------------------------------------------
                                              7.750000   data required time
                                             -3.033421   data arrival time
---------------------------------------------------------------------------------------------
                                              4.716578   slack (MET)


Startpoint: _793_ (rising edge-triggered flip-flop clocked by clk)
Endpoint: sine_out[12] (output port clocked by clk)
Path Group: clk
Path Type: max

Fanout         Cap        Slew       Delay        Time   Description
---------------------------------------------------------------------------------------------
                      0.150000    0.000000    0.000000   clock clk (rise edge)
                                  0.000000    0.000000   clock network delay (ideal)
                      0.150000    0.000000    0.000000 ^ _793_/CLK (sky130_fd_sc_hd__dfrtp_2)
    67    0.208093    0.971937    1.043639    1.043639 ^ _793_/Q (sky130_fd_sc_hd__dfrtp_2)
                                                         tcout[3] (net)
                      0.971937    0.000000    1.043639 ^ _391_/A (sky130_fd_sc_hd__inv_2)
    27    0.079411    0.331109    0.394940    1.438579 v _391_/Y (sky130_fd_sc_hd__inv_2)
                                                         _335_ (net)
                      0.331109    0.000000    1.438579 v _751_/S (sky130_fd_sc_hd__mux2_1)
     1    0.002207    0.053126    0.402961    1.841540 v _751_/X (sky130_fd_sc_hd__mux2_1)
                                                         _309_ (net)
                      0.053126    0.000000    1.841540 v _752_/A2 (sky130_fd_sc_hd__a21o_2)
     1    0.001404    0.029640    0.198950    2.040490 v _752_/X (sky130_fd_sc_hd__a21o_2)
                                                         _310_ (net)
                      0.029640    0.000000    2.040490 v _756_/A (sky130_fd_sc_hd__and3_2)
     1    0.002108    0.035762    0.157127    2.197617 v _756_/X (sky130_fd_sc_hd__and3_2)
                                                         _314_ (net)
                      0.035762    0.000000    2.197617 v _759_/B1 (sky130_fd_sc_hd__a311o_2)
     1    0.003285    0.055598    0.343148    2.540765 v _759_/X (sky130_fd_sc_hd__a311o_2)
                                                         _317_ (net)
                      0.055598    0.000000    2.540765 v _761_/S (sky130_fd_sc_hd__mux2_1)
     1    0.033442    0.188993    0.455628    2.996393 v _761_/X (sky130_fd_sc_hd__mux2_1)
                                                         sine_out[12] (net)
                      0.188993    0.000000    2.996393 v sine_out[12] (out)
                                              2.996393   data arrival time

                      0.150000   10.000000   10.000000   clock clk (rise edge)
                                  0.000000   10.000000   clock network delay (ideal)
                                 -0.250000    9.750000   clock uncertainty
                                  0.000000    9.750000   clock reconvergence pessimism
                                 -2.000000    7.750000   output external delay
                                              7.750000   data required time
---------------------------------------------------------------------------------------------
                                              7.750000   data required time
                                             -2.996393   data arrival time
---------------------------------------------------------------------------------------------
                                              4.753607   slack (MET)


Startpoint: _793_ (rising edge-triggered flip-flop clocked by clk)
Endpoint: sine_out[6] (output port clocked by clk)
Path Group: clk
Path Type: max

Fanout         Cap        Slew       Delay        Time   Description
---------------------------------------------------------------------------------------------
                      0.150000    0.000000    0.000000   clock clk (rise edge)
                                  0.000000    0.000000   clock network delay (ideal)
                      0.150000    0.000000    0.000000 ^ _793_/CLK (sky130_fd_sc_hd__dfrtp_2)
    67    0.208093    0.971937    1.043639    1.043639 ^ _793_/Q (sky130_fd_sc_hd__dfrtp_2)
                                                         tcout[3] (net)
                      0.971937    0.000000    1.043639 ^ _391_/A (sky130_fd_sc_hd__inv_2)
    27    0.079411    0.331109    0.394940    1.438579 v _391_/Y (sky130_fd_sc_hd__inv_2)
                                                         _335_ (net)
                      0.331109    0.000000    1.438579 v _650_/B2 (sky130_fd_sc_hd__a221o_2)
     1    0.004076    0.058746    0.461899    1.900477 v _650_/X (sky130_fd_sc_hd__a221o_2)
                                                         _215_ (net)
                      0.058746    0.000000    1.900477 v _651_/B1 (sky130_fd_sc_hd__a31oi_2)
     1    0.004609    0.143108    0.148726    2.049203 ^ _651_/Y (sky130_fd_sc_hd__a31oi_2)
                                                         _216_ (net)
                      0.143108    0.000000    2.049203 ^ _659_/A1 (sky130_fd_sc_hd__o211ai_2)
     2    0.006384    0.081629    0.115368    2.164571 v _659_/Y (sky130_fd_sc_hd__o211ai_2)
                                                         _224_ (net)
                      0.081629    0.000000    2.164571 v _669_/A2 (sky130_fd_sc_hd__a221o_2)
     1    0.001805    0.048852    0.380827    2.545399 v _669_/X (sky130_fd_sc_hd__a221o_2)
                                                         _234_ (net)
                      0.048852    0.000000    2.545399 v _670_/A1 (sky130_fd_sc_hd__mux2_1)
     1    0.033442    0.188503    0.437804    2.983202 v _670_/X (sky130_fd_sc_hd__mux2_1)
                                                         sine_out[6] (net)
                      0.188503    0.000000    2.983202 v sine_out[6] (out)
                                              2.983202   data arrival time

                      0.150000   10.000000   10.000000   clock clk (rise edge)
                                  0.000000   10.000000   clock network delay (ideal)
                                 -0.250000    9.750000   clock uncertainty
                                  0.000000    9.750000   clock reconvergence pessimism
                                 -2.000000    7.750000   output external delay
                                              7.750000   data required time
---------------------------------------------------------------------------------------------
                                              7.750000   data required time
                                             -2.983202   data arrival time
---------------------------------------------------------------------------------------------
                                              4.766798   slack (MET)


Startpoint: _793_ (rising edge-triggered flip-flop clocked by clk)
Endpoint: sine_out[9] (output port clocked by clk)
Path Group: clk
Path Type: max

Fanout         Cap        Slew       Delay        Time   Description
---------------------------------------------------------------------------------------------
                      0.150000    0.000000    0.000000   clock clk (rise edge)
                                  0.000000    0.000000   clock network delay (ideal)
                      0.150000    0.000000    0.000000 ^ _793_/CLK (sky130_fd_sc_hd__dfrtp_2)
    67    0.208093    0.971937    1.043639    1.043639 ^ _793_/Q (sky130_fd_sc_hd__dfrtp_2)
                                                         tcout[3] (net)
                      0.971937    0.000000    1.043639 ^ _391_/A (sky130_fd_sc_hd__inv_2)
    27    0.079411    0.331109    0.394940    1.438579 v _391_/Y (sky130_fd_sc_hd__inv_2)
                                                         _335_ (net)
                      0.331109    0.000000    1.438579 v _631_/A (sky130_fd_sc_hd__and4_2)
     2    0.006789    0.050835    0.314106    1.752684 v _631_/X (sky130_fd_sc_hd__and4_2)
                                                         _197_ (net)
                      0.050835    0.000000    1.752684 v _704_/B1 (sky130_fd_sc_hd__a21o_2)
     1    0.002235    0.034973    0.178197    1.930881 v _704_/X (sky130_fd_sc_hd__a21o_2)
                                                         _266_ (net)
                      0.034973    0.000000    1.930881 v _706_/A2 (sky130_fd_sc_hd__a211o_2)
     1    0.002242    0.045115    0.312635    2.243516 v _706_/X (sky130_fd_sc_hd__a211o_2)
                                                         _268_ (net)
                      0.045115    0.000000    2.243516 v _715_/A1 (sky130_fd_sc_hd__a22o_2)
     1    0.003285    0.041214    0.229769    2.473285 v _715_/X (sky130_fd_sc_hd__a22o_2)
                                                         _277_ (net)
                      0.041214    0.000000    2.473285 v _716_/S (sky130_fd_sc_hd__mux2_1)
     1    0.033442    0.188991    0.450706    2.923991 v _716_/X (sky130_fd_sc_hd__mux2_1)
                                                         sine_out[9] (net)
                      0.188991    0.000000    2.923991 v sine_out[9] (out)
                                              2.923991   data arrival time

                      0.150000   10.000000   10.000000   clock clk (rise edge)
                                  0.000000   10.000000   clock network delay (ideal)
                                 -0.250000    9.750000   clock uncertainty
                                  0.000000    9.750000   clock reconvergence pessimism
                                 -2.000000    7.750000   output external delay
                                              7.750000   data required time
---------------------------------------------------------------------------------------------
                                              7.750000   data required time
                                             -2.923991   data arrival time
---------------------------------------------------------------------------------------------
                                              4.826009   slack (MET)


Startpoint: _793_ (rising edge-triggered flip-flop clocked by clk)
Endpoint: sine_out[7] (output port clocked by clk)
Path Group: clk
Path Type: max

Fanout         Cap        Slew       Delay        Time   Description
---------------------------------------------------------------------------------------------
                      0.150000    0.000000    0.000000   clock clk (rise edge)
                                  0.000000    0.000000   clock network delay (ideal)
                      0.150000    0.000000    0.000000 ^ _793_/CLK (sky130_fd_sc_hd__dfrtp_2)
    67    0.208093    0.971937    1.043639    1.043639 ^ _793_/Q (sky130_fd_sc_hd__dfrtp_2)
                                                         tcout[3] (net)
                      0.971937    0.000000    1.043639 ^ _391_/A (sky130_fd_sc_hd__inv_2)
    27    0.079411    0.331109    0.394940    1.438579 v _391_/Y (sky130_fd_sc_hd__inv_2)
                                                         _335_ (net)
                      0.331109    0.000000    1.438579 v _677_/D1 (sky130_fd_sc_hd__a2111o_2)
     1    0.002141    0.058310    0.428297    1.866876 v _677_/X (sky130_fd_sc_hd__a2111o_2)
                                                         _241_ (net)
                      0.058310    0.000000    1.866876 v _678_/B1 (sky130_fd_sc_hd__a32o_2)
     1    0.001403    0.035697    0.209547    2.076422 v _678_/X (sky130_fd_sc_hd__a32o_2)
                                                         _242_ (net)
                      0.035697    0.000000    2.076422 v _679_/B (sky130_fd_sc_hd__and2_2)
     1    0.002302    0.035623    0.175813    2.252236 v _679_/X (sky130_fd_sc_hd__and2_2)
                                                         _243_ (net)
                      0.035623    0.000000    2.252236 v _683_/B1 (sky130_fd_sc_hd__o22a_2)
     1    0.003285    0.038275    0.190290    2.442526 v _683_/X (sky130_fd_sc_hd__o22a_2)
                                                         _247_ (net)
                      0.038275    0.000000    2.442526 v _686_/S (sky130_fd_sc_hd__mux2_1)
     1    0.033442    0.188991    0.449713    2.892239 v _686_/X (sky130_fd_sc_hd__mux2_1)
                                                         sine_out[7] (net)
                      0.188991    0.000000    2.892239 v sine_out[7] (out)
                                              2.892239   data arrival time

                      0.150000   10.000000   10.000000   clock clk (rise edge)
                                  0.000000   10.000000   clock network delay (ideal)
                                 -0.250000    9.750000   clock uncertainty
                                  0.000000    9.750000   clock reconvergence pessimism
                                 -2.000000    7.750000   output external delay
                                              7.750000   data required time
---------------------------------------------------------------------------------------------
                                              7.750000   data required time
                                             -2.892239   data arrival time
---------------------------------------------------------------------------------------------
                                              4.857761   slack (MET)


Startpoint: _793_ (rising edge-triggered flip-flop clocked by clk)
Endpoint: sine_out[11] (output port clocked by clk)
Path Group: clk
Path Type: max

Fanout         Cap        Slew       Delay        Time   Description
---------------------------------------------------------------------------------------------
                      0.150000    0.000000    0.000000   clock clk (rise edge)
                                  0.000000    0.000000   clock network delay (ideal)
                      0.150000    0.000000    0.000000 ^ _793_/CLK (sky130_fd_sc_hd__dfrtp_2)
    67    0.208093    0.971937    1.043639    1.043639 ^ _793_/Q (sky130_fd_sc_hd__dfrtp_2)
                                                         tcout[3] (net)
                      0.971937    0.000000    1.043639 ^ _391_/A (sky130_fd_sc_hd__inv_2)
    27    0.079411    0.331109    0.394940    1.438579 v _391_/Y (sky130_fd_sc_hd__inv_2)
                                                         _335_ (net)
                      0.331109    0.000000    1.438579 v _738_/A1 (sky130_fd_sc_hd__o32a_2)
     1    0.001446    0.048829    0.466100    1.904678 v _738_/X (sky130_fd_sc_hd__o32a_2)
                                                         _297_ (net)
                      0.048829    0.000000    1.904678 v _739_/C_N (sky130_fd_sc_hd__or3b_2)
     1    0.004519    0.043518    0.191606    2.096284 ^ _739_/X (sky130_fd_sc_hd__or3b_2)
                                                         _298_ (net)
                      0.043518    0.000000    2.096284 ^ _743_/A2 (sky130_fd_sc_hd__a31oi_2)
     1    0.002134    0.054095    0.069340    2.165624 v _743_/Y (sky130_fd_sc_hd__a31oi_2)
                                                         _302_ (net)
                      0.054095    0.000000    2.165624 v _749_/C1 (sky130_fd_sc_hd__a211o_2)
     1    0.003285    0.049281    0.263468    2.429092 v _749_/X (sky130_fd_sc_hd__a211o_2)
                                                         _308_ (net)
                      0.049281    0.000000    2.429092 v _750_/S (sky130_fd_sc_hd__mux2_1)
     1    0.033442    0.188990    0.453432    2.882524 v _750_/X (sky130_fd_sc_hd__mux2_1)
                                                         sine_out[11] (net)
                      0.188990    0.000000    2.882524 v sine_out[11] (out)
                                              2.882524   data arrival time

                      0.150000   10.000000   10.000000   clock clk (rise edge)
                                  0.000000   10.000000   clock network delay (ideal)
                                 -0.250000    9.750000   clock uncertainty
                                  0.000000    9.750000   clock reconvergence pessimism
                                 -2.000000    7.750000   output external delay
                                              7.750000   data required time
---------------------------------------------------------------------------------------------
                                              7.750000   data required time
                                             -2.882524   data arrival time
---------------------------------------------------------------------------------------------
                                              4.867476   slack (MET)


Startpoint: _793_ (rising edge-triggered flip-flop clocked by clk)
Endpoint: sine_out[8] (output port clocked by clk)
Path Group: clk
Path Type: max

Fanout         Cap        Slew       Delay        Time   Description
---------------------------------------------------------------------------------------------
                      0.150000    0.000000    0.000000   clock clk (rise edge)
                                  0.000000    0.000000   clock network delay (ideal)
                      0.150000    0.000000    0.000000 ^ _793_/CLK (sky130_fd_sc_hd__dfrtp_2)
    67    0.208093    0.971937    1.043639    1.043639 ^ _793_/Q (sky130_fd_sc_hd__dfrtp_2)
                                                         tcout[3] (net)
                      0.971937    0.000000    1.043639 ^ _391_/A (sky130_fd_sc_hd__inv_2)
    27    0.079411    0.331109    0.394940    1.438579 v _391_/Y (sky130_fd_sc_hd__inv_2)
                                                         _335_ (net)
                      0.331109    0.000000    1.438579 v _692_/A (sky130_fd_sc_hd__or3_2)
     1    0.002260    0.073740    0.553173    1.991752 v _692_/X (sky130_fd_sc_hd__or3_2)
                                                         _255_ (net)
                      0.073740    0.000000    1.991752 v _693_/B1 (sky130_fd_sc_hd__o211a_2)
     1    0.002134    0.038996    0.137619    2.129370 v _693_/X (sky130_fd_sc_hd__o211a_2)
                                                         _256_ (net)
                      0.038996    0.000000    2.129370 v _694_/C1 (sky130_fd_sc_hd__a211o_2)
     2    0.006467    0.059220    0.275009    2.404379 v _694_/X (sky130_fd_sc_hd__a211o_2)
                                                         _257_ (net)
                      0.059220    0.000000    2.404379 v _702_/A2 (sky130_fd_sc_hd__a31o_2)
     1    0.002264    0.035625    0.226096    2.630475 v _702_/X (sky130_fd_sc_hd__a31o_2)
                                                         _265_ (net)
                      0.035625    0.000000    2.630475 v _703_/B1 (sky130_fd_sc_hd__o31a_2)
     1    0.033442    0.121433    0.173436    2.803911 v _703_/X (sky130_fd_sc_hd__o31a_2)
                                                         sine_out[8] (net)
                      0.121433    0.000000    2.803911 v sine_out[8] (out)
                                              2.803911   data arrival time

                      0.150000   10.000000   10.000000   clock clk (rise edge)
                                  0.000000   10.000000   clock network delay (ideal)
                                 -0.250000    9.750000   clock uncertainty
                                  0.000000    9.750000   clock reconvergence pessimism
                                 -2.000000    7.750000   output external delay
                                              7.750000   data required time
---------------------------------------------------------------------------------------------
                                              7.750000   data required time
                                             -2.803911   data arrival time
---------------------------------------------------------------------------------------------
                                              4.946089   slack (MET)


Startpoint: _793_ (rising edge-triggered flip-flop clocked by clk)
Endpoint: sine_out[1] (output port clocked by clk)
Path Group: clk
Path Type: max

Fanout         Cap        Slew       Delay        Time   Description
---------------------------------------------------------------------------------------------
                      0.150000    0.000000    0.000000   clock clk (rise edge)
                                  0.000000    0.000000   clock network delay (ideal)
                      0.150000    0.000000    0.000000 ^ _793_/CLK (sky130_fd_sc_hd__dfrtp_2)
    67    0.208093    0.971937    1.043639    1.043639 ^ _793_/Q (sky130_fd_sc_hd__dfrtp_2)
                                                         tcout[3] (net)
                      0.971937    0.000000    1.043639 ^ _391_/A (sky130_fd_sc_hd__inv_2)
    27    0.079411    0.331109    0.394940    1.438579 v _391_/Y (sky130_fd_sc_hd__inv_2)
                                                         _335_ (net)
                      0.331109    0.000000    1.438579 v _500_/A1 (sky130_fd_sc_hd__o32a_2)
     1    0.002201    0.051676    0.471117    1.909696 v _500_/X (sky130_fd_sc_hd__o32a_2)
                                                         _070_ (net)
                      0.051676    0.000000    1.909696 v _502_/A2 (sky130_fd_sc_hd__a221o_2)
     1    0.002243    0.050547    0.371977    2.281672 v _502_/X (sky130_fd_sc_hd__a221o_2)
                                                         _072_ (net)
                      0.050547    0.000000    2.281672 v _503_/A2 (sky130_fd_sc_hd__o21a_2)
     1    0.002270    0.032405    0.185102    2.466775 v _503_/X (sky130_fd_sc_hd__o21a_2)
                                                         _073_ (net)
                      0.032405    0.000000    2.466775 v _525_/B2 (sky130_fd_sc_hd__a32o_2)
     1    0.033442    0.108292    0.304397    2.771172 v _525_/X (sky130_fd_sc_hd__a32o_2)
                                                         sine_out[1] (net)
                      0.108292    0.000000    2.771172 v sine_out[1] (out)
                                              2.771172   data arrival time

                      0.150000   10.000000   10.000000   clock clk (rise edge)
                                  0.000000   10.000000   clock network delay (ideal)
                                 -0.250000    9.750000   clock uncertainty
                                  0.000000    9.750000   clock reconvergence pessimism
                                 -2.000000    7.750000   output external delay
                                              7.750000   data required time
---------------------------------------------------------------------------------------------
                                              7.750000   data required time
                                             -2.771172   data arrival time
---------------------------------------------------------------------------------------------
                                              4.978828   slack (MET)


Startpoint: _792_ (rising edge-triggered flip-flop clocked by clk)
Endpoint: sine_out[2] (output port clocked by clk)
Path Group: clk
Path Type: max

Fanout         Cap        Slew       Delay        Time   Description
---------------------------------------------------------------------------------------------
                      0.150000    0.000000    0.000000   clock clk (rise edge)
                                  0.000000    0.000000   clock network delay (ideal)
                      0.150000    0.000000    0.000000 ^ _792_/CLK (sky130_fd_sc_hd__dfrtp_2)
    60    0.206434    0.964285    1.038343    1.038343 ^ _792_/Q (sky130_fd_sc_hd__dfrtp_2)
                                                         tcout[2] (net)
                      0.964285    0.000000    1.038343 ^ _418_/B (sky130_fd_sc_hd__nand2b_2)
     6    0.011350    0.164419    0.166326    1.204669 v _418_/Y (sky130_fd_sc_hd__nand2b_2)
                                                         _361_ (net)
                      0.164419    0.000000    1.204669 v _454_/C (sky130_fd_sc_hd__and3_2)
     2    0.006336    0.049897    0.270362    1.475031 v _454_/X (sky130_fd_sc_hd__and3_2)
                                                         _025_ (net)
                      0.049897    0.000000    1.475031 v _548_/A2 (sky130_fd_sc_hd__o311a_2)
     1    0.002243    0.053037    0.360084    1.835115 v _548_/X (sky130_fd_sc_hd__o311a_2)
                                                         _117_ (net)
                      0.053037    0.000000    1.835115 v _549_/A2 (sky130_fd_sc_hd__o21a_2)
     1    0.001539    0.030046    0.182463    2.017578 v _549_/X (sky130_fd_sc_hd__o21a_2)
                                                         _118_ (net)
                      0.030046    0.000000    2.017578 v _556_/B (sky130_fd_sc_hd__or3_2)
     1    0.002252    0.073420    0.430227    2.447804 v _556_/X (sky130_fd_sc_hd__or3_2)
                                                         _125_ (net)
                      0.073420    0.000000    2.447804 v _568_/A2 (sky130_fd_sc_hd__a31o_2)
     1    0.033442    0.106602    0.319771    2.767575 v _568_/X (sky130_fd_sc_hd__a31o_2)
                                                         sine_out[2] (net)
                      0.106602    0.000000    2.767575 v sine_out[2] (out)
                                              2.767575   data arrival time

                      0.150000   10.000000   10.000000   clock clk (rise edge)
                                  0.000000   10.000000   clock network delay (ideal)
                                 -0.250000    9.750000   clock uncertainty
                                  0.000000    9.750000   clock reconvergence pessimism
                                 -2.000000    7.750000   output external delay
                                              7.750000   data required time
---------------------------------------------------------------------------------------------
                                              7.750000   data required time
                                             -2.767575   data arrival time
---------------------------------------------------------------------------------------------
                                              4.982425   slack (MET)


Startpoint: _790_ (rising edge-triggered flip-flop clocked by clk)
Endpoint: sine_out[5] (output port clocked by clk)
Path Group: clk
Path Type: max

Fanout         Cap        Slew       Delay        Time   Description
---------------------------------------------------------------------------------------------
                      0.150000    0.000000    0.000000   clock clk (rise edge)
                                  0.000000    0.000000   clock network delay (ideal)
                      0.150000    0.000000    0.000000 ^ _790_/CLK (sky130_fd_sc_hd__dfrtp_2)
    42    0.134017    0.321628    0.687326    0.687326 v _790_/Q (sky130_fd_sc_hd__dfrtp_2)
                                                         tcout[0] (net)
                      0.321628    0.000000    0.687326 v _432_/A (sky130_fd_sc_hd__xnor2_2)
     9    0.035374    0.478599    0.509558    1.196884 ^ _432_/Y (sky130_fd_sc_hd__xnor2_2)
                                                         _375_ (net)
                      0.478599    0.000000    1.196884 ^ _433_/A (sky130_fd_sc_hd__inv_2)
    14    0.044849    0.177526    0.219317    1.416202 v _433_/Y (sky130_fd_sc_hd__inv_2)
                                                         _001_ (net)
                      0.177526    0.000000    1.416202 v _519_/B (sky130_fd_sc_hd__nand2_2)
     7    0.026037    0.156601    0.197691    1.613892 ^ _519_/Y (sky130_fd_sc_hd__nand2_2)
                                                         _089_ (net)
                      0.156601    0.000000    1.613892 ^ _590_/A (sky130_fd_sc_hd__nand2_2)
     2    0.004408    0.052619    0.063852    1.677744 v _590_/Y (sky130_fd_sc_hd__nand2_2)
                                                         _158_ (net)
                      0.052619    0.000000    1.677744 v _643_/A2 (sky130_fd_sc_hd__a311o_2)
     2    0.004441    0.059428    0.363901    2.041645 v _643_/X (sky130_fd_sc_hd__a311o_2)
                                                         _209_ (net)
                      0.059428    0.000000    2.041645 v _645_/A3 (sky130_fd_sc_hd__a311o_2)
     1    0.001696    0.048957    0.371749    2.413394 v _645_/X (sky130_fd_sc_hd__a311o_2)
                                                         _211_ (net)
                      0.048957    0.000000    2.413394 v _649_/A2_N (sky130_fd_sc_hd__o2bb2a_2)
     1    0.033442    0.186526    0.349595    2.762990 ^ _649_/X (sky130_fd_sc_hd__o2bb2a_2)
                                                         sine_out[5] (net)
                      0.186526    0.000000    2.762990 ^ sine_out[5] (out)
                                              2.762990   data arrival time

                      0.150000   10.000000   10.000000   clock clk (rise edge)
                                  0.000000   10.000000   clock network delay (ideal)
                                 -0.250000    9.750000   clock uncertainty
                                  0.000000    9.750000   clock reconvergence pessimism
                                 -2.000000    7.750000   output external delay
                                              7.750000   data required time
---------------------------------------------------------------------------------------------
                                              7.750000   data required time
                                             -2.762990   data arrival time
---------------------------------------------------------------------------------------------
                                              4.987010   slack (MET)


Startpoint: _790_ (rising edge-triggered flip-flop clocked by clk)
Endpoint: sine_out[4] (output port clocked by clk)
Path Group: clk
Path Type: max

Fanout         Cap        Slew       Delay        Time   Description
---------------------------------------------------------------------------------------------
                      0.150000    0.000000    0.000000   clock clk (rise edge)
                                  0.000000    0.000000   clock network delay (ideal)
                      0.150000    0.000000    0.000000 ^ _790_/CLK (sky130_fd_sc_hd__dfrtp_2)
    42    0.134017    0.321628    0.687326    0.687326 v _790_/Q (sky130_fd_sc_hd__dfrtp_2)
                                                         tcout[0] (net)
                      0.321628    0.000000    0.687326 v _432_/A (sky130_fd_sc_hd__xnor2_2)
     9    0.035374    0.478599    0.509558    1.196884 ^ _432_/Y (sky130_fd_sc_hd__xnor2_2)
                                                         _375_ (net)
                      0.478599    0.000000    1.196884 ^ _433_/A (sky130_fd_sc_hd__inv_2)
    14    0.044849    0.177526    0.219317    1.416202 v _433_/Y (sky130_fd_sc_hd__inv_2)
                                                         _001_ (net)
                      0.177526    0.000000    1.416202 v _615_/A2 (sky130_fd_sc_hd__o211a_2)
     1    0.002195    0.040850    0.281885    1.698086 v _615_/X (sky130_fd_sc_hd__o211a_2)
                                                         _182_ (net)
                      0.040850    0.000000    1.698086 v _616_/B1 (sky130_fd_sc_hd__a211o_2)
     1    0.001475    0.042113    0.286676    1.984762 v _616_/X (sky130_fd_sc_hd__a211o_2)
                                                         _183_ (net)
                      0.042113    0.000000    1.984762 v _619_/B (sky130_fd_sc_hd__and3_2)
     2    0.006440    0.047772    0.200418    2.185180 v _619_/X (sky130_fd_sc_hd__and3_2)
                                                         _186_ (net)
                      0.047772    0.000000    2.185180 v _626_/A2 (sky130_fd_sc_hd__o211a_2)
     1    0.004119    0.045663    0.238487    2.423667 v _626_/X (sky130_fd_sc_hd__o211a_2)
                                                         _193_ (net)
                      0.045663    0.000000    2.423667 v _627_/B1 (sky130_fd_sc_hd__a21oi_2)
     1    0.033442    0.417862    0.330197    2.753864 ^ _627_/Y (sky130_fd_sc_hd__a21oi_2)
                                                         sine_out[4] (net)
                      0.417862    0.000000    2.753864 ^ sine_out[4] (out)
                                              2.753864   data arrival time

                      0.150000   10.000000   10.000000   clock clk (rise edge)
                                  0.000000   10.000000   clock network delay (ideal)
                                 -0.250000    9.750000   clock uncertainty
                                  0.000000    9.750000   clock reconvergence pessimism
                                 -2.000000    7.750000   output external delay
                                              7.750000   data required time
---------------------------------------------------------------------------------------------
                                              7.750000   data required time
                                             -2.753864   data arrival time
---------------------------------------------------------------------------------------------
                                              4.996136   slack (MET)


Startpoint: _792_ (rising edge-triggered flip-flop clocked by clk)
Endpoint: sine_out[10] (output port clocked by clk)
Path Group: clk
Path Type: max

Fanout         Cap        Slew       Delay        Time   Description
---------------------------------------------------------------------------------------------
                      0.150000    0.000000    0.000000   clock clk (rise edge)
                                  0.000000    0.000000   clock network delay (ideal)
                      0.150000    0.000000    0.000000 ^ _792_/CLK (sky130_fd_sc_hd__dfrtp_2)
    60    0.206434    0.964285    1.038343    1.038343 ^ _792_/Q (sky130_fd_sc_hd__dfrtp_2)
                                                         tcout[2] (net)
                      0.964285    0.000000    1.038343 ^ _447_/A (sky130_fd_sc_hd__xnor2_2)
    10    0.023283    0.221519    0.270774    1.309117 v _447_/Y (sky130_fd_sc_hd__xnor2_2)
                                                         _018_ (net)
                      0.221519    0.000000    1.309117 v _718_/A1 (sky130_fd_sc_hd__o211a_2)
     1    0.002202    0.039150    0.317138    1.626255 v _718_/X (sky130_fd_sc_hd__o211a_2)
                                                         _278_ (net)
                      0.039150    0.000000    1.626255 v _722_/A2 (sky130_fd_sc_hd__o31a_2)
     1    0.002240    0.049016    0.308196    1.934451 v _722_/X (sky130_fd_sc_hd__o31a_2)
                                                         _282_ (net)
                      0.049016    0.000000    1.934451 v _726_/A3 (sky130_fd_sc_hd__a31o_2)
     2    0.006544    0.047381    0.252619    2.187070 v _726_/X (sky130_fd_sc_hd__a31o_2)
                                                         _286_ (net)
                      0.047381    0.000000    2.187070 v _734_/B1 (sky130_fd_sc_hd__o21a_2)
     1    0.002302    0.032570    0.107992    2.295063 v _734_/X (sky130_fd_sc_hd__o21a_2)
                                                         _294_ (net)
                      0.032570    0.000000    2.295063 v _735_/B1 (sky130_fd_sc_hd__o22a_2)
     1    0.033442    0.115963    0.280936    2.575998 v _735_/X (sky130_fd_sc_hd__o22a_2)
                                                         sine_out[10] (net)
                      0.115963    0.000000    2.575998 v sine_out[10] (out)
                                              2.575998   data arrival time

                      0.150000   10.000000   10.000000   clock clk (rise edge)
                                  0.000000   10.000000   clock network delay (ideal)
                                 -0.250000    9.750000   clock uncertainty
                                  0.000000    9.750000   clock reconvergence pessimism
                                 -2.000000    7.750000   output external delay
                                              7.750000   data required time
---------------------------------------------------------------------------------------------
                                              7.750000   data required time
                                             -2.575998   data arrival time
---------------------------------------------------------------------------------------------
                                              5.174002   slack (MET)


Startpoint: _794_ (rising edge-triggered flip-flop clocked by clk)
Endpoint: sine_out[13] (output port clocked by clk)
Path Group: clk
Path Type: max

Fanout         Cap        Slew       Delay        Time   Description
---------------------------------------------------------------------------------------------
                      0.150000    0.000000    0.000000   clock clk (rise edge)
                                  0.000000    0.000000   clock network delay (ideal)
                      0.150000    0.000000    0.000000 ^ _794_/CLK (sky130_fd_sc_hd__dfrtp_2)
    56    0.168586    0.789707    0.917528    0.917528 ^ _794_/Q (sky130_fd_sc_hd__dfrtp_2)
                                                         tcout[4] (net)
                      0.789707    0.000000    0.917528 ^ _390_/A (sky130_fd_sc_hd__inv_2)
    25    0.069625    0.279207    0.338009    1.255537 v _390_/Y (sky130_fd_sc_hd__inv_2)
                                                         _334_ (net)
                      0.279207    0.000000    1.255537 v _762_/A (sky130_fd_sc_hd__or2_2)
     3    0.006719    0.067525    0.393757    1.649294 v _762_/X (sky130_fd_sc_hd__or2_2)
                                                         _319_ (net)
                      0.067525    0.000000    1.649294 v _764_/B1 (sky130_fd_sc_hd__a221o_2)
     1    0.002270    0.050903    0.327904    1.977198 v _764_/X (sky130_fd_sc_hd__a221o_2)
                                                         _321_ (net)
                      0.050903    0.000000    1.977198 v _767_/B1 (sky130_fd_sc_hd__o311a_2)
     1    0.003285    0.056902    0.130434    2.107632 v _767_/X (sky130_fd_sc_hd__o311a_2)
                                                         _324_ (net)
                      0.056902    0.000000    2.107632 v _769_/S (sky130_fd_sc_hd__mux2_1)
     1    0.033442    0.188993    0.456101    2.563734 v _769_/X (sky130_fd_sc_hd__mux2_1)
                                                         sine_out[13] (net)
                      0.188993    0.000000    2.563734 v sine_out[13] (out)
                                              2.563734   data arrival time

                      0.150000   10.000000   10.000000   clock clk (rise edge)
                                  0.000000   10.000000   clock network delay (ideal)
                                 -0.250000    9.750000   clock uncertainty
                                  0.000000    9.750000   clock reconvergence pessimism
                                 -2.000000    7.750000   output external delay
                                              7.750000   data required time
---------------------------------------------------------------------------------------------
                                              7.750000   data required time
                                             -2.563734   data arrival time
---------------------------------------------------------------------------------------------
                                              5.186267   slack (MET)


Startpoint: _793_ (rising edge-triggered flip-flop clocked by clk)
Endpoint: sine_out[0] (output port clocked by clk)
Path Group: clk
Path Type: max

Fanout         Cap        Slew       Delay        Time   Description
---------------------------------------------------------------------------------------------
                      0.150000    0.000000    0.000000   clock clk (rise edge)
                                  0.000000    0.000000   clock network delay (ideal)
                      0.150000    0.000000    0.000000 ^ _793_/CLK (sky130_fd_sc_hd__dfrtp_2)
    67    0.208093    0.971937    1.043639    1.043639 ^ _793_/Q (sky130_fd_sc_hd__dfrtp_2)
                                                         tcout[3] (net)
                      0.971937    0.000000    1.043639 ^ _391_/A (sky130_fd_sc_hd__inv_2)
    27    0.079411    0.331109    0.394940    1.438579 v _391_/Y (sky130_fd_sc_hd__inv_2)
                                                         _335_ (net)
                      0.331109    0.000000    1.438579 v _419_/A (sky130_fd_sc_hd__nand2_2)
     4    0.013927    0.128738    0.201693    1.640272 ^ _419_/Y (sky130_fd_sc_hd__nand2_2)
                                                         _362_ (net)
                      0.128738    0.000000    1.640272 ^ _420_/B (sky130_fd_sc_hd__nand2_2)
     1    0.001657    0.037913    0.054703    1.694974 v _420_/Y (sky130_fd_sc_hd__nand2_2)
                                                         _363_ (net)
                      0.037913    0.000000    1.694974 v _421_/B1 (sky130_fd_sc_hd__a2bb2o_2)
     1    0.001505    0.038923    0.239503    1.934477 v _421_/X (sky130_fd_sc_hd__a2bb2o_2)
                                                         _364_ (net)
                      0.038923    0.000000    1.934477 v _445_/A0 (sky130_fd_sc_hd__mux2_1)
     1    0.004107    0.063845    0.285269    2.219746 v _445_/X (sky130_fd_sc_hd__mux2_1)
                                                         _016_ (net)
                      0.063845    0.000000    2.219746 v _470_/A2 (sky130_fd_sc_hd__o21bai_2)
     1    0.033442    0.399052    0.335016    2.554762 ^ _470_/Y (sky130_fd_sc_hd__o21bai_2)
                                                         sine_out[0] (net)
                      0.399052    0.000000    2.554762 ^ sine_out[0] (out)
                                              2.554762   data arrival time

                      0.150000   10.000000   10.000000   clock clk (rise edge)
                                  0.000000   10.000000   clock network delay (ideal)
                                 -0.250000    9.750000   clock uncertainty
                                  0.000000    9.750000   clock reconvergence pessimism
                                 -2.000000    7.750000   output external delay
                                              7.750000   data required time
---------------------------------------------------------------------------------------------
                                              7.750000   data required time
                                             -2.554762   data arrival time
---------------------------------------------------------------------------------------------
                                              5.195238   slack (MET)


Startpoint: _794_ (rising edge-triggered flip-flop clocked by clk)
Endpoint: sine_out[14] (output port clocked by clk)
Path Group: clk
Path Type: max

Fanout         Cap        Slew       Delay        Time   Description
---------------------------------------------------------------------------------------------
                      0.150000    0.000000    0.000000   clock clk (rise edge)
                                  0.000000    0.000000   clock network delay (ideal)
                      0.150000    0.000000    0.000000 ^ _794_/CLK (sky130_fd_sc_hd__dfrtp_2)
    56    0.168586    0.789707    0.917528    0.917528 ^ _794_/Q (sky130_fd_sc_hd__dfrtp_2)
                                                         tcout[4] (net)
                      0.789707    0.000000    0.917528 ^ _390_/A (sky130_fd_sc_hd__inv_2)
    25    0.069625    0.279207    0.338009    1.255537 v _390_/Y (sky130_fd_sc_hd__inv_2)
                                                         _334_ (net)
                      0.279207    0.000000    1.255537 v _762_/A (sky130_fd_sc_hd__or2_2)
     3    0.006719    0.067525    0.393757    1.649294 v _762_/X (sky130_fd_sc_hd__or2_2)
                                                         _319_ (net)
                      0.067525    0.000000    1.649294 v _771_/A3 (sky130_fd_sc_hd__a31o_2)
     1    0.003285    0.038932    0.247796    1.897091 v _771_/X (sky130_fd_sc_hd__a31o_2)
                                                         _327_ (net)
                      0.038932    0.000000    1.897091 v _772_/S (sky130_fd_sc_hd__mux2_1)
     1    0.033442    0.188992    0.449935    2.347026 v _772_/X (sky130_fd_sc_hd__mux2_1)
                                                         sine_out[14] (net)
                      0.188992    0.000000    2.347026 v sine_out[14] (out)
                                              2.347026   data arrival time

                      0.150000   10.000000   10.000000   clock clk (rise edge)
                                  0.000000   10.000000   clock network delay (ideal)
                                 -0.250000    9.750000   clock uncertainty
                                  0.000000    9.750000   clock reconvergence pessimism
                                 -2.000000    7.750000   output external delay
                                              7.750000   data required time
---------------------------------------------------------------------------------------------
                                              7.750000   data required time
                                             -2.347026   data arrival time
---------------------------------------------------------------------------------------------
                                              5.402974   slack (MET)


Startpoint: _792_ (rising edge-triggered flip-flop clocked by clk)
Endpoint: sine_out[15] (output port clocked by clk)
Path Group: clk
Path Type: max

Fanout         Cap        Slew       Delay        Time   Description
---------------------------------------------------------------------------------------------
                      0.150000    0.000000    0.000000   clock clk (rise edge)
                                  0.000000    0.000000   clock network delay (ideal)
                      0.150000    0.000000    0.000000 ^ _792_/CLK (sky130_fd_sc_hd__dfrtp_2)
    60    0.188901    0.443440    0.779382    0.779382 v _792_/Q (sky130_fd_sc_hd__dfrtp_2)
                                                         tcout[2] (net)
                      0.443440    0.000000    0.779382 v _450_/B (sky130_fd_sc_hd__nor3_2)
     8    0.032612    0.569173    0.613201    1.392582 ^ _450_/Y (sky130_fd_sc_hd__nor3_2)
                                                         _021_ (net)
                      0.569173    0.000000    1.392582 ^ _684_/A (sky130_fd_sc_hd__nand2_2)
     4    0.008141    0.126282    0.116170    1.508753 v _684_/Y (sky130_fd_sc_hd__nand2_2)
                                                         _248_ (net)
                      0.126282    0.000000    1.508753 v _773_/A2 (sky130_fd_sc_hd__o21a_2)
     1    0.033442    0.102958    0.299802    1.808554 v _773_/X (sky130_fd_sc_hd__o21a_2)
                                                         sine_out[15] (net)
                      0.102958    0.000000    1.808554 v sine_out[15] (out)
                                              1.808554   data arrival time

                      0.150000   10.000000   10.000000   clock clk (rise edge)
                                  0.000000   10.000000   clock network delay (ideal)
                                 -0.250000    9.750000   clock uncertainty
                                  0.000000    9.750000   clock reconvergence pessimism
                                 -2.000000    7.750000   output external delay
                                              7.750000   data required time
---------------------------------------------------------------------------------------------
                                              7.750000   data required time
                                             -1.808554   data arrival time
---------------------------------------------------------------------------------------------
                                              5.941446   slack (MET)


Startpoint: _793_ (rising edge-triggered flip-flop clocked by clk)
Endpoint: _797_ (rising edge-triggered flip-flop clocked by clk)
Path Group: clk
Path Type: max

Fanout         Cap        Slew       Delay        Time   Description
---------------------------------------------------------------------------------------------
                      0.150000    0.000000    0.000000   clock clk (rise edge)
                                  0.000000    0.000000   clock network delay (ideal)
                      0.150000    0.000000    0.000000 ^ _793_/CLK (sky130_fd_sc_hd__dfrtp_2)
    67    0.208093    0.971937    1.043639    1.043639 ^ _793_/Q (sky130_fd_sc_hd__dfrtp_2)
                                                         tcout[3] (net)
                      0.971937    0.000000    1.043639 ^ _474_/A (sky130_fd_sc_hd__and2_2)
     8    0.030585    0.176909    0.401926    1.445565 ^ _474_/X (sky130_fd_sc_hd__and2_2)
                                                         _044_ (net)
                      0.176909    0.000000    1.445565 ^ _775_/C (sky130_fd_sc_hd__and3_2)
     4    0.016701    0.118020    0.257982    1.703547 ^ _775_/X (sky130_fd_sc_hd__and3_2)
                                                         _329_ (net)
                      0.118020    0.000000    1.703547 ^ _779_/C (sky130_fd_sc_hd__and3_2)
     2    0.013053    0.094527    0.231996    1.935543 ^ _779_/X (sky130_fd_sc_hd__and3_2)
                                                         _331_ (net)
                      0.094527    0.000000    1.935543 ^ _782_/B (sky130_fd_sc_hd__xnor2_2)
     1    0.002005    0.091300    0.103439    2.038982 ^ _782_/Y (sky130_fd_sc_hd__xnor2_2)
                                                         _007_ (net)
                      0.091300    0.000000    2.038982 ^ _797_/D (sky130_fd_sc_hd__dfrtp_2)
                                              2.038982   data arrival time

                      0.150000   10.000000   10.000000   clock clk (rise edge)
                                  0.000000   10.000000   clock network delay (ideal)
                                 -0.250000    9.750000   clock uncertainty
                                  0.000000    9.750000   clock reconvergence pessimism
                                              9.750000 ^ _797_/CLK (sky130_fd_sc_hd__dfrtp_2)
                                 -0.058055    9.691945   library setup time
                                              9.691945   data required time
---------------------------------------------------------------------------------------------
                                              9.691945   data required time
                                             -2.038982   data arrival time
---------------------------------------------------------------------------------------------
                                              7.652963   slack (MET)


Startpoint: _793_ (rising edge-triggered flip-flop clocked by clk)
Endpoint: _796_ (rising edge-triggered flip-flop clocked by clk)
Path Group: clk
Path Type: max

Fanout         Cap        Slew       Delay        Time   Description
---------------------------------------------------------------------------------------------
                      0.150000    0.000000    0.000000   clock clk (rise edge)
                                  0.000000    0.000000   clock network delay (ideal)
                      0.150000    0.000000    0.000000 ^ _793_/CLK (sky130_fd_sc_hd__dfrtp_2)
    67    0.208093    0.971937    1.043639    1.043639 ^ _793_/Q (sky130_fd_sc_hd__dfrtp_2)
                                                         tcout[3] (net)
                      0.971937    0.000000    1.043639 ^ _474_/A (sky130_fd_sc_hd__and2_2)
     8    0.030585    0.176909    0.401926    1.445565 ^ _474_/X (sky130_fd_sc_hd__and2_2)
                                                         _044_ (net)
                      0.176909    0.000000    1.445565 ^ _775_/C (sky130_fd_sc_hd__and3_2)
     4    0.016701    0.118020    0.257982    1.703547 ^ _775_/X (sky130_fd_sc_hd__and3_2)
                                                         _329_ (net)
                      0.118020    0.000000    1.703547 ^ _779_/C (sky130_fd_sc_hd__and3_2)
     2    0.013053    0.094527    0.231996    1.935543 ^ _779_/X (sky130_fd_sc_hd__and3_2)
                                                         _331_ (net)
                      0.094527    0.000000    1.935543 ^ _781_/A (sky130_fd_sc_hd__nor2_2)
     1    0.001949    0.027102    0.043410    1.978953 v _781_/Y (sky130_fd_sc_hd__nor2_2)
                                                         _006_ (net)
                      0.027102    0.000000    1.978953 v _796_/D (sky130_fd_sc_hd__dfrtp_2)
                                              1.978953   data arrival time

                      0.150000   10.000000   10.000000   clock clk (rise edge)
                                  0.000000   10.000000   clock network delay (ideal)
                                 -0.250000    9.750000   clock uncertainty
                                  0.000000    9.750000   clock reconvergence pessimism
                                              9.750000 ^ _796_/CLK (sky130_fd_sc_hd__dfrtp_2)
                                 -0.083401    9.666599   library setup time
                                              9.666599   data required time
---------------------------------------------------------------------------------------------
                                              9.666599   data required time
                                             -1.978953   data arrival time
---------------------------------------------------------------------------------------------
                                              7.687646   slack (MET)


Startpoint: _793_ (rising edge-triggered flip-flop clocked by clk)
Endpoint: _794_ (rising edge-triggered flip-flop clocked by clk)
Path Group: clk
Path Type: max

Fanout         Cap        Slew       Delay        Time   Description
---------------------------------------------------------------------------------------------
                      0.150000    0.000000    0.000000   clock clk (rise edge)
                                  0.000000    0.000000   clock network delay (ideal)
                      0.150000    0.000000    0.000000 ^ _793_/CLK (sky130_fd_sc_hd__dfrtp_2)
    67    0.208093    0.971937    1.043639    1.043639 ^ _793_/Q (sky130_fd_sc_hd__dfrtp_2)
                                                         tcout[3] (net)
                      0.971937    0.000000    1.043639 ^ _474_/A (sky130_fd_sc_hd__and2_2)
     8    0.030585    0.176909    0.401926    1.445565 ^ _474_/X (sky130_fd_sc_hd__and2_2)
                                                         _044_ (net)
                      0.176909    0.000000    1.445565 ^ _775_/C (sky130_fd_sc_hd__and3_2)
     4    0.016701    0.118020    0.257982    1.703547 ^ _775_/X (sky130_fd_sc_hd__and3_2)
                                                         _329_ (net)
                      0.118020    0.000000    1.703547 ^ _777_/A_N (sky130_fd_sc_hd__and2b_2)
     1    0.001949    0.033616    0.219486    1.923033 v _777_/X (sky130_fd_sc_hd__and2b_2)
                                                         _004_ (net)
                      0.033616    0.000000    1.923033 v _794_/D (sky130_fd_sc_hd__dfrtp_2)
                                              1.923033   data arrival time

                      0.150000   10.000000   10.000000   clock clk (rise edge)
                                  0.000000   10.000000   clock network delay (ideal)
                                 -0.250000    9.750000   clock uncertainty
                                  0.000000    9.750000   clock reconvergence pessimism
                                              9.750000 ^ _794_/CLK (sky130_fd_sc_hd__dfrtp_2)
                                 -0.086242    9.663758   library setup time
                                              9.663758   data required time
---------------------------------------------------------------------------------------------
                                              9.663758   data required time
                                             -1.923033   data arrival time
---------------------------------------------------------------------------------------------
                                              7.740725   slack (MET)


Startpoint: _793_ (rising edge-triggered flip-flop clocked by clk)
Endpoint: _795_ (rising edge-triggered flip-flop clocked by clk)
Path Group: clk
Path Type: max

Fanout         Cap        Slew       Delay        Time   Description
---------------------------------------------------------------------------------------------
                      0.150000    0.000000    0.000000   clock clk (rise edge)
                                  0.000000    0.000000   clock network delay (ideal)
                      0.150000    0.000000    0.000000 ^ _793_/CLK (sky130_fd_sc_hd__dfrtp_2)
    67    0.208093    0.971937    1.043639    1.043639 ^ _793_/Q (sky130_fd_sc_hd__dfrtp_2)
                                                         tcout[3] (net)
                      0.971937    0.000000    1.043639 ^ _474_/A (sky130_fd_sc_hd__and2_2)
     8    0.030585    0.176909    0.401926    1.445565 ^ _474_/X (sky130_fd_sc_hd__and2_2)
                                                         _044_ (net)
                      0.176909    0.000000    1.445565 ^ _775_/C (sky130_fd_sc_hd__and3_2)
     4    0.016701    0.118020    0.257982    1.703547 ^ _775_/X (sky130_fd_sc_hd__and3_2)
                                                         _329_ (net)
                      0.118020    0.000000    1.703547 ^ _778_/B (sky130_fd_sc_hd__xnor2_2)
     1    0.002005    0.094922    0.110039    1.813586 ^ _778_/Y (sky130_fd_sc_hd__xnor2_2)
                                                         _005_ (net)
                      0.094922    0.000000    1.813586 ^ _795_/D (sky130_fd_sc_hd__dfrtp_2)
                                              1.813586   data arrival time

                      0.150000   10.000000   10.000000   clock clk (rise edge)
                                  0.000000   10.000000   clock network delay (ideal)
                                 -0.250000    9.750000   clock uncertainty
                                  0.000000    9.750000   clock reconvergence pessimism
                                              9.750000 ^ _795_/CLK (sky130_fd_sc_hd__dfrtp_2)
                                 -0.058882    9.691118   library setup time
                                              9.691118   data required time
---------------------------------------------------------------------------------------------
                                              9.691118   data required time
                                             -1.813586   data arrival time
---------------------------------------------------------------------------------------------
                                              7.877532   slack (MET)


Startpoint: rst (input port clocked by clk)
Endpoint: _790_ (recovery check against rising-edge clock clk)
Path Group: asynchronous
Path Type: max

Fanout         Cap        Slew       Delay        Time   Description
---------------------------------------------------------------------------------------------
                      0.150000    0.000000    0.000000   clock clk (rise edge)
                                  0.000000    0.000000   clock network delay (ideal)
                                  2.000000    2.000000 v input external delay
     8    0.034208    0.076620    0.054625    2.054625 v rst (in)
                                                         rst (net)
                      0.076620    0.000000    2.054625 v _394_/A (sky130_fd_sc_hd__inv_2)
     1    0.003612    0.032470    0.054714    2.109339 ^ _394_/Y (sky130_fd_sc_hd__inv_2)
                                                         _008_ (net)
                      0.032470    0.000000    2.109339 ^ _790_/RESET_B (sky130_fd_sc_hd__dfrtp_2)
                                              2.109339   data arrival time

                      0.150000   10.000000   10.000000   clock clk (rise edge)
                                  0.000000   10.000000   clock network delay (ideal)
                                 -0.250000    9.750000   clock uncertainty
                                  0.000000    9.750000   clock reconvergence pessimism
                                              9.750000 ^ _790_/CLK (sky130_fd_sc_hd__dfrtp_2)
                                  0.255085   10.005085   library recovery time
                                             10.005085   data required time
---------------------------------------------------------------------------------------------
                                             10.005085   data required time
                                             -2.109339   data arrival time
---------------------------------------------------------------------------------------------
                                              7.895747   slack (MET)


Startpoint: rst (input port clocked by clk)
Endpoint: _791_ (recovery check against rising-edge clock clk)
Path Group: asynchronous
Path Type: max

Fanout         Cap        Slew       Delay        Time   Description
---------------------------------------------------------------------------------------------
                      0.150000    0.000000    0.000000   clock clk (rise edge)
                                  0.000000    0.000000   clock network delay (ideal)
                                  2.000000    2.000000 v input external delay
     8    0.034208    0.076620    0.054625    2.054625 v rst (in)
                                                         rst (net)
                      0.076620    0.000000    2.054625 v _783_/A (sky130_fd_sc_hd__inv_2)
     1    0.003612    0.032470    0.054714    2.109339 ^ _783_/Y (sky130_fd_sc_hd__inv_2)
                                                         _009_ (net)
                      0.032470    0.000000    2.109339 ^ _791_/RESET_B (sky130_fd_sc_hd__dfrtp_2)
                                              2.109339   data arrival time

                      0.150000   10.000000   10.000000   clock clk (rise edge)
                                  0.000000   10.000000   clock network delay (ideal)
                                 -0.250000    9.750000   clock uncertainty
                                  0.000000    9.750000   clock reconvergence pessimism
                                              9.750000 ^ _791_/CLK (sky130_fd_sc_hd__dfrtp_2)
                                  0.255085   10.005085   library recovery time
                                             10.005085   data required time
---------------------------------------------------------------------------------------------
                                             10.005085   data required time
                                             -2.109339   data arrival time
---------------------------------------------------------------------------------------------
                                              7.895747   slack (MET)


Startpoint: rst (input port clocked by clk)
Endpoint: _792_ (recovery check against rising-edge clock clk)
Path Group: asynchronous
Path Type: max

Fanout         Cap        Slew       Delay        Time   Description
---------------------------------------------------------------------------------------------
                      0.150000    0.000000    0.000000   clock clk (rise edge)
                                  0.000000    0.000000   clock network delay (ideal)
                                  2.000000    2.000000 v input external delay
     8    0.034208    0.076620    0.054625    2.054625 v rst (in)
                                                         rst (net)
                      0.076620    0.000000    2.054625 v _784_/A (sky130_fd_sc_hd__inv_2)
     1    0.003612    0.032470    0.054714    2.109339 ^ _784_/Y (sky130_fd_sc_hd__inv_2)
                                                         _010_ (net)
                      0.032470    0.000000    2.109339 ^ _792_/RESET_B (sky130_fd_sc_hd__dfrtp_2)
                                              2.109339   data arrival time

                      0.150000   10.000000   10.000000   clock clk (rise edge)
                                  0.000000   10.000000   clock network delay (ideal)
                                 -0.250000    9.750000   clock uncertainty
                                  0.000000    9.750000   clock reconvergence pessimism
                                              9.750000 ^ _792_/CLK (sky130_fd_sc_hd__dfrtp_2)
                                  0.255085   10.005085   library recovery time
                                             10.005085   data required time
---------------------------------------------------------------------------------------------
                                             10.005085   data required time
                                             -2.109339   data arrival time
---------------------------------------------------------------------------------------------
                                              7.895747   slack (MET)


Startpoint: rst (input port clocked by clk)
Endpoint: _793_ (recovery check against rising-edge clock clk)
Path Group: asynchronous
Path Type: max

Fanout         Cap        Slew       Delay        Time   Description
---------------------------------------------------------------------------------------------
                      0.150000    0.000000    0.000000   clock clk (rise edge)
                                  0.000000    0.000000   clock network delay (ideal)
                                  2.000000    2.000000 v input external delay
     8    0.034208    0.076620    0.054625    2.054625 v rst (in)
                                                         rst (net)
                      0.076620    0.000000    2.054625 v _785_/A (sky130_fd_sc_hd__inv_2)
     1    0.003612    0.032470    0.054714    2.109339 ^ _785_/Y (sky130_fd_sc_hd__inv_2)
                                                         _011_ (net)
                      0.032470    0.000000    2.109339 ^ _793_/RESET_B (sky130_fd_sc_hd__dfrtp_2)
                                              2.109339   data arrival time

                      0.150000   10.000000   10.000000   clock clk (rise edge)
                                  0.000000   10.000000   clock network delay (ideal)
                                 -0.250000    9.750000   clock uncertainty
                                  0.000000    9.750000   clock reconvergence pessimism
                                              9.750000 ^ _793_/CLK (sky130_fd_sc_hd__dfrtp_2)
                                  0.255085   10.005085   library recovery time
                                             10.005085   data required time
---------------------------------------------------------------------------------------------
                                             10.005085   data required time
                                             -2.109339   data arrival time
---------------------------------------------------------------------------------------------
                                              7.895747   slack (MET)


Startpoint: rst (input port clocked by clk)
Endpoint: _794_ (recovery check against rising-edge clock clk)
Path Group: asynchronous
Path Type: max

Fanout         Cap        Slew       Delay        Time   Description
---------------------------------------------------------------------------------------------
                      0.150000    0.000000    0.000000   clock clk (rise edge)
                                  0.000000    0.000000   clock network delay (ideal)
                                  2.000000    2.000000 v input external delay
     8    0.034208    0.076620    0.054625    2.054625 v rst (in)
                                                         rst (net)
                      0.076620    0.000000    2.054625 v _786_/A (sky130_fd_sc_hd__inv_2)
     1    0.003612    0.032470    0.054714    2.109339 ^ _786_/Y (sky130_fd_sc_hd__inv_2)
                                                         _012_ (net)
                      0.032470    0.000000    2.109339 ^ _794_/RESET_B (sky130_fd_sc_hd__dfrtp_2)
                                              2.109339   data arrival time

                      0.150000   10.000000   10.000000   clock clk (rise edge)
                                  0.000000   10.000000   clock network delay (ideal)
                                 -0.250000    9.750000   clock uncertainty
                                  0.000000    9.750000   clock reconvergence pessimism
                                              9.750000 ^ _794_/CLK (sky130_fd_sc_hd__dfrtp_2)
                                  0.255085   10.005085   library recovery time
                                             10.005085   data required time
---------------------------------------------------------------------------------------------
                                             10.005085   data required time
                                             -2.109339   data arrival time
---------------------------------------------------------------------------------------------
                                              7.895747   slack (MET)


Startpoint: rst (input port clocked by clk)
Endpoint: _795_ (recovery check against rising-edge clock clk)
Path Group: asynchronous
Path Type: max

Fanout         Cap        Slew       Delay        Time   Description
---------------------------------------------------------------------------------------------
                      0.150000    0.000000    0.000000   clock clk (rise edge)
                                  0.000000    0.000000   clock network delay (ideal)
                                  2.000000    2.000000 v input external delay
     8    0.034208    0.076620    0.054625    2.054625 v rst (in)
                                                         rst (net)
                      0.076620    0.000000    2.054625 v _787_/A (sky130_fd_sc_hd__inv_2)
     1    0.003612    0.032470    0.054714    2.109339 ^ _787_/Y (sky130_fd_sc_hd__inv_2)
                                                         _013_ (net)
                      0.032470    0.000000    2.109339 ^ _795_/RESET_B (sky130_fd_sc_hd__dfrtp_2)
                                              2.109339   data arrival time

                      0.150000   10.000000   10.000000   clock clk (rise edge)
                                  0.000000   10.000000   clock network delay (ideal)
                                 -0.250000    9.750000   clock uncertainty
                                  0.000000    9.750000   clock reconvergence pessimism
                                              9.750000 ^ _795_/CLK (sky130_fd_sc_hd__dfrtp_2)
                                  0.255085   10.005085   library recovery time
                                             10.005085   data required time
---------------------------------------------------------------------------------------------
                                             10.005085   data required time
                                             -2.109339   data arrival time
---------------------------------------------------------------------------------------------
                                              7.895747   slack (MET)


Startpoint: rst (input port clocked by clk)
Endpoint: _796_ (recovery check against rising-edge clock clk)
Path Group: asynchronous
Path Type: max

Fanout         Cap        Slew       Delay        Time   Description
---------------------------------------------------------------------------------------------
                      0.150000    0.000000    0.000000   clock clk (rise edge)
                                  0.000000    0.000000   clock network delay (ideal)
                                  2.000000    2.000000 v input external delay
     8    0.034208    0.076620    0.054625    2.054625 v rst (in)
                                                         rst (net)
                      0.076620    0.000000    2.054625 v _788_/A (sky130_fd_sc_hd__inv_2)
     1    0.003612    0.032470    0.054714    2.109339 ^ _788_/Y (sky130_fd_sc_hd__inv_2)
                                                         _014_ (net)
                      0.032470    0.000000    2.109339 ^ _796_/RESET_B (sky130_fd_sc_hd__dfrtp_2)
                                              2.109339   data arrival time

                      0.150000   10.000000   10.000000   clock clk (rise edge)
                                  0.000000   10.000000   clock network delay (ideal)
                                 -0.250000    9.750000   clock uncertainty
                                  0.000000    9.750000   clock reconvergence pessimism
                                              9.750000 ^ _796_/CLK (sky130_fd_sc_hd__dfrtp_2)
                                  0.255085   10.005085   library recovery time
                                             10.005085   data required time
---------------------------------------------------------------------------------------------
                                             10.005085   data required time
                                             -2.109339   data arrival time
---------------------------------------------------------------------------------------------
                                              7.895747   slack (MET)


Startpoint: rst (input port clocked by clk)
Endpoint: _797_ (recovery check against rising-edge clock clk)
Path Group: asynchronous
Path Type: max

Fanout         Cap        Slew       Delay        Time   Description
---------------------------------------------------------------------------------------------
                      0.150000    0.000000    0.000000   clock clk (rise edge)
                                  0.000000    0.000000   clock network delay (ideal)
                                  2.000000    2.000000 v input external delay
     8    0.034208    0.076620    0.054625    2.054625 v rst (in)
                                                         rst (net)
                      0.076620    0.000000    2.054625 v _789_/A (sky130_fd_sc_hd__inv_2)
     1    0.003612    0.032470    0.054714    2.109339 ^ _789_/Y (sky130_fd_sc_hd__inv_2)
                                                         _015_ (net)
                      0.032470    0.000000    2.109339 ^ _797_/RESET_B (sky130_fd_sc_hd__dfrtp_2)
                                              2.109339   data arrival time

                      0.150000   10.000000   10.000000   clock clk (rise edge)
                                  0.000000   10.000000   clock network delay (ideal)
                                 -0.250000    9.750000   clock uncertainty
                                  0.000000    9.750000   clock reconvergence pessimism
                                              9.750000 ^ _797_/CLK (sky130_fd_sc_hd__dfrtp_2)
                                  0.255085   10.005085   library recovery time
                                             10.005085   data required time
---------------------------------------------------------------------------------------------
                                             10.005085   data required time
                                             -2.109339   data arrival time
---------------------------------------------------------------------------------------------
                                              7.895747   slack (MET)


Startpoint: _792_ (rising edge-triggered flip-flop clocked by clk)
Endpoint: _792_ (rising edge-triggered flip-flop clocked by clk)
Path Group: clk
Path Type: max

Fanout         Cap        Slew       Delay        Time   Description
---------------------------------------------------------------------------------------------
                      0.150000    0.000000    0.000000   clock clk (rise edge)
                                  0.000000    0.000000   clock network delay (ideal)
                      0.150000    0.000000    0.000000 ^ _792_/CLK (sky130_fd_sc_hd__dfrtp_2)
    60    0.206434    0.964285    1.038343    1.038343 ^ _792_/Q (sky130_fd_sc_hd__dfrtp_2)
                                                         tcout[2] (net)
                      0.964285    0.000000    1.038343 ^ _411_/A_N (sky130_fd_sc_hd__and3b_2)
     5    0.014443    0.067016    0.326539    1.364883 v _411_/X (sky130_fd_sc_hd__and3b_2)
                                                         _354_ (net)
                      0.067016    0.000000    1.364883 v _717_/A (sky130_fd_sc_hd__or2_2)
     2    0.006558    0.067274    0.313635    1.678517 v _717_/X (sky130_fd_sc_hd__or2_2)
                                                         _002_ (net)
                      0.067274    0.000000    1.678517 v _792_/D (sky130_fd_sc_hd__dfrtp_2)
                                              1.678517   data arrival time

                      0.150000   10.000000   10.000000   clock clk (rise edge)
                                  0.000000   10.000000   clock network delay (ideal)
                                 -0.250000    9.750000   clock uncertainty
                                  0.000000    9.750000   clock reconvergence pessimism
                                              9.750000 ^ _792_/CLK (sky130_fd_sc_hd__dfrtp_2)
                                 -0.100921    9.649079   library setup time
                                              9.649079   data required time
---------------------------------------------------------------------------------------------
                                              9.649079   data required time
                                             -1.678517   data arrival time
---------------------------------------------------------------------------------------------
                                              7.970562   slack (MET)


Startpoint: _793_ (rising edge-triggered flip-flop clocked by clk)
Endpoint: _793_ (rising edge-triggered flip-flop clocked by clk)
Path Group: clk
Path Type: max

Fanout         Cap        Slew       Delay        Time   Description
---------------------------------------------------------------------------------------------
                      0.150000    0.000000    0.000000   clock clk (rise edge)
                                  0.000000    0.000000   clock network delay (ideal)
                      0.150000    0.000000    0.000000 ^ _793_/CLK (sky130_fd_sc_hd__dfrtp_2)
    67    0.208093    0.971937    1.043639    1.043639 ^ _793_/Q (sky130_fd_sc_hd__dfrtp_2)
                                                         tcout[3] (net)
                      0.971937    0.000000    1.043639 ^ _424_/A_N (sky130_fd_sc_hd__nand2b_2)
    11    0.038252    0.227632    0.397591    1.441230 ^ _424_/Y (sky130_fd_sc_hd__nand2b_2)
                                                         _367_ (net)
                      0.227632    0.000000    1.441230 ^ _774_/A2 (sky130_fd_sc_hd__o211ai_2)
     1    0.001949    0.065756    0.088674    1.529904 v _774_/Y (sky130_fd_sc_hd__o211ai_2)
                                                         _003_ (net)
                      0.065756    0.000000    1.529904 v _793_/D (sky130_fd_sc_hd__dfrtp_2)
                                              1.529904   data arrival time

                      0.150000   10.000000   10.000000   clock clk (rise edge)
                                  0.000000   10.000000   clock network delay (ideal)
                                 -0.250000    9.750000   clock uncertainty
                                  0.000000    9.750000   clock reconvergence pessimism
                                              9.750000 ^ _793_/CLK (sky130_fd_sc_hd__dfrtp_2)
                                 -0.100259    9.649742   library setup time
                                              9.649742   data required time
---------------------------------------------------------------------------------------------
                                              9.649742   data required time
                                             -1.529904   data arrival time
---------------------------------------------------------------------------------------------
                                              8.119838   slack (MET)


Startpoint: _790_ (rising edge-triggered flip-flop clocked by clk)
Endpoint: _791_ (rising edge-triggered flip-flop clocked by clk)
Path Group: clk
Path Type: max

Fanout         Cap        Slew       Delay        Time   Description
---------------------------------------------------------------------------------------------
                      0.150000    0.000000    0.000000   clock clk (rise edge)
                                  0.000000    0.000000   clock network delay (ideal)
                      0.150000    0.000000    0.000000 ^ _790_/CLK (sky130_fd_sc_hd__dfrtp_2)
    42    0.134017    0.321628    0.687326    0.687326 v _790_/Q (sky130_fd_sc_hd__dfrtp_2)
                                                         tcout[0] (net)
                      0.321628    0.000000    0.687326 v _432_/A (sky130_fd_sc_hd__xnor2_2)
     9    0.035374    0.478599    0.509558    1.196884 ^ _432_/Y (sky130_fd_sc_hd__xnor2_2)
                                                         _375_ (net)
                      0.478599    0.000000    1.196884 ^ _433_/A (sky130_fd_sc_hd__inv_2)
    14    0.044849    0.177526    0.219317    1.416202 v _433_/Y (sky130_fd_sc_hd__inv_2)
                                                         _001_ (net)
                      0.177526    0.000000    1.416202 v _791_/D (sky130_fd_sc_hd__dfrtp_2)
                                              1.416202   data arrival time

                      0.150000   10.000000   10.000000   clock clk (rise edge)
                                  0.000000   10.000000   clock network delay (ideal)
                                 -0.250000    9.750000   clock uncertainty
                                  0.000000    9.750000   clock reconvergence pessimism
                                              9.750000 ^ _791_/CLK (sky130_fd_sc_hd__dfrtp_2)
                                 -0.149005    9.600996   library setup time
                                              9.600996   data required time
---------------------------------------------------------------------------------------------
                                              9.600996   data required time
                                             -1.416202   data arrival time
---------------------------------------------------------------------------------------------
                                              8.184794   slack (MET)


Startpoint: _790_ (rising edge-triggered flip-flop clocked by clk)
Endpoint: _790_ (rising edge-triggered flip-flop clocked by clk)
Path Group: clk
Path Type: max

Fanout         Cap        Slew       Delay        Time   Description
---------------------------------------------------------------------------------------------
                      0.150000    0.000000    0.000000   clock clk (rise edge)
                                  0.000000    0.000000   clock network delay (ideal)
                      0.150000    0.000000    0.000000 ^ _790_/CLK (sky130_fd_sc_hd__dfrtp_2)
    42    0.145737    0.684314    0.844592    0.844592 ^ _790_/Q (sky130_fd_sc_hd__dfrtp_2)
                                                         tcout[0] (net)
                      0.684314    0.000000    0.844592 ^ _387_/A (sky130_fd_sc_hd__inv_2)
     1    0.001949    0.079058    0.034037    0.878629 v _387_/Y (sky130_fd_sc_hd__inv_2)
                                                         _000_ (net)
                      0.079058    0.000000    0.878629 v _790_/D (sky130_fd_sc_hd__dfrtp_2)
                                              0.878629   data arrival time

                      0.150000   10.000000   10.000000   clock clk (rise edge)
                                  0.000000   10.000000   clock network delay (ideal)
                                 -0.250000    9.750000   clock uncertainty
                                  0.000000    9.750000   clock reconvergence pessimism
                                              9.750000 ^ _790_/CLK (sky130_fd_sc_hd__dfrtp_2)
                                 -0.106060    9.643940   library setup time
                                              9.643940   data required time
---------------------------------------------------------------------------------------------
                                              9.643940   data required time
                                             -0.878629   data arrival time
---------------------------------------------------------------------------------------------
                                              8.765311   slack (MET)



