Clock: clk
Sources: clk 
Generated: no
Virtual: yes
Propagated: no
Period: 5.000000

===========================================================================
report_clock_properties
============================================================================
Clock                   Period          Waveform
----------------------------------------------------
clk                   5.000000    0.000000  2.500000

===========================================================================
report_clock_latency
============================================================================
Clock clk
rise -> rise
    min     max
0.000000 0.000000 source latency
1.194715         network latency _091_/CLK
        1.208122 network latency _097_/CLK
---------------
1.194715 1.208122 latency
        0.013406 skew

fall -> fall
    min     max
0.000000 0.000000 source latency
0.995400         network latency _091_/CLK
        1.003336 network latency _087_/CLK
---------------
0.995400 1.003336 latency
        0.007937 skew



===========================================================================
report_clock_min_period
============================================================================
clk period_min = 3.39 fmax = 295.32
