
===========================================================================
report_checks -unconstrained
===========================================================================
======================= nom_ff_n40C_1v95 Corner ===================================

Startpoint: rst (input port clocked by clk)
Endpoint: _603_ (recovery check against rising-edge clock clk)
Path Group: asynchronous
Path Type: max

Fanout         Cap        Slew       Delay        Time   Description
---------------------------------------------------------------------------------------------
                                  0.000000    0.000000   clock clk (rise edge)
                                  0.000000    0.000000   clock network delay (propagated)
                                  2.550000    2.550000 v input external delay
     2    0.003650    0.005968    0.003022    2.553022 v rst (in)
                                                         rst (net)
                      0.005969    0.000000    2.553022 v input59/A (sky130_fd_sc_hd__buf_1)
     3    0.021379    0.086432    0.101464    2.654486 v input59/X (sky130_fd_sc_hd__buf_1)
                                                         net59 (net)
                      0.086512    0.001856    2.656342 v fanout105/A (sky130_fd_sc_hd__clkbuf_8)
    17    0.100466    0.080765    0.157915    2.814257 v fanout105/X (sky130_fd_sc_hd__clkbuf_8)
                                                         net105 (net)
                      0.080775    0.001003    2.815260 v fanout104/A (sky130_fd_sc_hd__buf_4)
    19    0.064466    0.066538    0.152737    2.967998 v fanout104/X (sky130_fd_sc_hd__buf_4)
                                                         net104 (net)
                      0.066541    0.000628    2.968626 v fanout103/A (sky130_fd_sc_hd__buf_4)
    21    0.073869    0.071805    0.153056    3.121682 v fanout103/X (sky130_fd_sc_hd__buf_4)
                                                         net103 (net)
                      0.071959    0.002267    3.123949 v _578_/A (sky130_fd_sc_hd__inv_2)
     1    0.005699    0.032252    0.049621    3.173569 ^ _578_/Y (sky130_fd_sc_hd__inv_2)
                                                         _044_ (net)
                      0.032252    0.000099    3.173669 ^ _603_/RESET_B (sky130_fd_sc_hd__dfrtp_4)
                                              3.173669   data arrival time

                                  5.100000    5.100000   clock clk (rise edge)
                                  0.000000    5.100000   clock source latency
     2    0.094261    0.320939    0.234399    5.334399 ^ clk (in)
                                                         clk (net)
                      0.326469    0.000000    5.334399 ^ clkbuf_0_clk/A (sky130_fd_sc_hd__clkbuf_16)
     9    0.109583    0.099695    0.180368    5.514767 ^ clkbuf_0_clk/X (sky130_fd_sc_hd__clkbuf_16)
                                                         clknet_0_clk (net)
                      0.100106    0.005188    5.519955 ^ clkbuf_2_0_0_clk/A (sky130_fd_sc_hd__clkbuf_8)
     5    0.029587    0.049261    0.115878    5.635833 ^ clkbuf_2_0_0_clk/X (sky130_fd_sc_hd__clkbuf_8)
                                                         clknet_2_0_0_clk (net)
                      0.049301    0.001249    5.637082 ^ clkbuf_3_1__f_clk/A (sky130_fd_sc_hd__clkbuf_16)
    27    0.071674    0.068094    0.118749    5.755831 ^ clkbuf_3_1__f_clk/X (sky130_fd_sc_hd__clkbuf_16)
                                                         clknet_3_1__leaf_clk (net)
                      0.068248    0.002565    5.758396 ^ _603_/CLK (sky130_fd_sc_hd__dfrtp_4)
                                 -0.005100    5.753296   clock uncertainty
                                  0.000000    5.753296   clock reconvergence pessimism
                                  0.136502    5.889797   library recovery time
                                              5.889797   data required time
---------------------------------------------------------------------------------------------
                                              5.889797   data required time
                                             -3.173669   data arrival time
---------------------------------------------------------------------------------------------
                                              2.716129   slack (MET)


Startpoint: _594_ (rising edge-triggered flip-flop clocked by clk)
Endpoint: sine_out[10] (output port clocked by clk)
Path Group: clk
Path Type: max

Fanout         Cap        Slew       Delay        Time   Description
---------------------------------------------------------------------------------------------
                                  0.000000    0.000000   clock clk (rise edge)
                                  0.000000    0.000000   clock source latency
     2    0.094261    0.320939    0.234399    0.234399 ^ clk (in)
                                                         clk (net)
                      0.326469    0.000000    0.234399 ^ clkbuf_0_clk/A (sky130_fd_sc_hd__clkbuf_16)
     9    0.109583    0.099695    0.180368    0.414767 ^ clkbuf_0_clk/X (sky130_fd_sc_hd__clkbuf_16)
                                                         clknet_0_clk (net)
                      0.101448    0.010481    0.425248 ^ clkbuf_2_1_0_clk/A (sky130_fd_sc_hd__clkbuf_8)
     5    0.043266    0.065828    0.128044    0.553291 ^ clkbuf_2_1_0_clk/X (sky130_fd_sc_hd__clkbuf_8)
                                                         clknet_2_1_0_clk (net)
                      0.066030    0.002890    0.556181 ^ clkbuf_3_2__f_clk/A (sky130_fd_sc_hd__clkbuf_16)
    21    0.052659    0.054327    0.113243    0.669425 ^ clkbuf_3_2__f_clk/X (sky130_fd_sc_hd__clkbuf_16)
                                                         clknet_3_2__leaf_clk (net)
                      0.054490    0.002043    0.671468 ^ _594_/CLK (sky130_fd_sc_hd__dfrtp_1)
     3    0.021766    0.148569    0.291897    0.963365 ^ _594_/Q (sky130_fd_sc_hd__dfrtp_1)
                                                         net61 (net)
                      0.148587    0.001690    0.965056 ^ output61/A (sky130_fd_sc_hd__buf_2)
     1    0.033949    0.127142    0.161780    1.126836 ^ output61/X (sky130_fd_sc_hd__buf_2)
                                                         sine_out[10] (net)
                      0.127143    0.000617    1.127453 ^ sine_out[10] (out)
                                              1.127453   data arrival time

                                  5.100000    5.100000   clock clk (rise edge)
                                  0.000000    5.100000   clock network delay (propagated)
                                 -0.005100    5.094900   clock uncertainty
                                  0.000000    5.094900   clock reconvergence pessimism
                                 -2.295000    2.799900   output external delay
                                              2.799900   data required time
---------------------------------------------------------------------------------------------
                                              2.799900   data required time
                                             -1.127453   data arrival time
---------------------------------------------------------------------------------------------
                                              1.672447   slack (MET)




===========================================================================
report_checks --slack_max -0.01
============================================================================
======================= nom_ff_n40C_1v95 Corner ===================================

No paths found.


===========================================================================
 report_check_types -max_slew -max_cap -max_fanout -violators
============================================================================
======================= nom_ff_n40C_1v95 Corner ===================================

max slew

Pin                                        Limit        Slew       Slack
------------------------------------------------------------------------
mem_i1/addr1[1]                         0.500000    0.672810   -0.172810 (VIOLATED)
_632_/D                                 0.500000    0.600322   -0.100322 (VIOLATED)
ANTENNA__632__D/DIODE                   0.500000    0.600321   -0.100321 (VIOLATED)
ANTENNA_wire89_X/DIODE                  0.500000    0.592235   -0.092235 (VIOLATED)
wire89/X                                0.500000    0.592230   -0.092230 (VIOLATED)
_633_/D                                 0.500000    0.572277   -0.072277 (VIOLATED)
ANTENNA__633__D/DIODE                   0.500000    0.572275   -0.072275 (VIOLATED)
ANTENNA_wire88_X/DIODE                  0.500000    0.564559   -0.064559 (VIOLATED)
wire88/X                                0.500000    0.564554   -0.064554 (VIOLATED)
_635_/D                                 0.500000    0.531473   -0.031473 (VIOLATED)
ANTENNA__635__D/DIODE                   0.500000    0.531472   -0.031472 (VIOLATED)
ANTENNA_wire98_X/DIODE                  0.500000    0.524814   -0.024814 (VIOLATED)
wire98/X                                0.500000    0.524809   -0.024809 (VIOLATED)
_634_/D                                 0.500000    0.509861   -0.009861 (VIOLATED)
ANTENNA__634__D/DIODE                   0.500000    0.509860   -0.009860 (VIOLATED)
ANTENNA_mem_i1_addr1[1]/DIODE           0.500000    0.504597   -0.004597 (VIOLATED)
ANTENNA_wire87_X/DIODE                  0.500000    0.503523   -0.003523 (VIOLATED)
wire87/X                                0.500000    0.503518   -0.003518 (VIOLATED)
ANTENNA_rebuffer3_X/DIODE               0.500000    0.503404   -0.003404 (VIOLATED)
rebuffer3/X                             0.500000    0.503400   -0.003400 (VIOLATED)

max fanout

Pin                                   Limit Fanout  Slack
---------------------------------------------------------
clkbuf_3_1__f_clk/X                      10     27    -17 (VIOLATED)
clkbuf_3_0__f_clk/X                      10     21    -11 (VIOLATED)
clkbuf_3_2__f_clk/X                      10     21    -11 (VIOLATED)
clkbuf_3_6__f_clk/X                      10     21    -11 (VIOLATED)
fanout100/X                              10     21    -11 (VIOLATED)
fanout102/X                              10     21    -11 (VIOLATED)
fanout103/X                              10     21    -11 (VIOLATED)
fanout104/X                              10     19     -9 (VIOLATED)
fanout105/X                              10     17     -7 (VIOLATED)
_602_/Q                                  10     15     -5 (VIOLATED)
_604_/Q                                  10     15     -5 (VIOLATED)
_606_/Q                                  10     15     -5 (VIOLATED)
clkbuf_3_3__f_clk/X                      10     15     -5 (VIOLATED)
clkbuf_3_4__f_clk/X                      10     13     -3 (VIOLATED)
clkbuf_3_7__f_clk/X                      10     13     -3 (VIOLATED)
fanout101/X                              10     13     -3 (VIOLATED)
_603_/Q                                  10     11        (VIOLATED)
_605_/Q                                  10     11        (VIOLATED)
_607_/Q                                  10     11        (VIOLATED)
clkbuf_3_5__f_clk/X                      10     11        (VIOLATED)

max capacitance

Pin                                        Limit         Cap       Slack
------------------------------------------------------------------------
mem_i1/dout1[13]                        0.027560    0.038195   -0.010635 (VIOLATED)
mem_i1/dout1[4]                         0.027560    0.031919   -0.004359 (VIOLATED)



===========================================================================
report_parasitic_annotation -report_unannotated
============================================================================
Found 6 unannotated drivers.
 clkload0/Y
 clkload1/X
 clkload2/X
 clkload3/Y
 mem_i0_114/HI
 mem_i1_115/HI
Found 0 partially unannotated drivers.

===========================================================================
max slew violation count 20
max fanout violation count 20
max cap violation count 2
============================================================================

===========================================================================
check_setup -verbose -unconstrained_endpoints -multiple_clock -no_clock -no_input_delay -loops -generated_clocks
===========================================================================
Warning: There are 8 input ports missing set_input_delay.
  denum[0]
  denum[1]
  denum[2]
  denum[3]
  num[0]
  num[1]
  num[2]
  num[3]
Warning: There are 2 unconstrained endpoints.
  mem_i0/csb1
  mem_i1/csb1
