Reading OpenROAD database at '/home/thanh/NCO/runs/RUN_2025-03-02_13-13-21/23-openroad-globalplacementskipio/counter.odb'…
Reading library file at '/home/thanh/.volare/volare/sky130/versions/0fe599b2afb6708d281543108caf8310912f54af/sky130A/libs.ref/sky130_fd_sc_hd/lib/sky130_fd_sc_hd__tt_025C_1v80.lib'…
Reading design constraints file at '/nix/store/ss2cw3sxbrwwx9jl0rrppbw4kgcmgi2n-python3-3.11.9-env/lib/python3.11/site-packages/openlane/scripts/base.sdc'…
[INFO] Using clock clk…
[INFO] Setting output delay to: 2
[INFO] Setting input delay to: 2
[INFO] Setting load to: 0.033442
[INFO] Setting clock uncertainty to: 0.25
[INFO] Setting clock transition to: 0.1499999999999999944488848768742172978818416595458984375
[INFO] Setting timing derate to: 5%
[INFO] place_pins args: -min_distance 3
Found 0 macro blocks.
[INFO PPL-0010] Tentative 0 to set up sections.
[INFO PPL-0001] Number of slots           126
[INFO PPL-0002] Number of I/O             18
[INFO PPL-0003] Number of I/O w/sink      18
[INFO PPL-0004] Number of I/O w/o sink    0
[INFO PPL-0005] Slots per section         200
[INFO PPL-0006] Slots increase factor     0.01
[INFO PPL-0008] Successfully assigned pins to sections.
[INFO PPL-0012] I/O nets HPWL: 424.84 um.
Setting global connections for newly added cells…
[INFO] Setting global connections...
Updating metrics…
Cell type report:                       Count       Area
  Fill cell                                62     232.72
  Tap cell                                 99     123.87
  Inverter                                 16      60.06
  Sequential cell                           8     210.20
  Multi-Input combinational cell          387    3515.87
  Total                                   572    4142.72
Writing OpenROAD database to '/home/thanh/NCO/runs/RUN_2025-03-02_13-13-21/24-openroad-ioplacement/counter.odb'…
Writing netlist to '/home/thanh/NCO/runs/RUN_2025-03-02_13-13-21/24-openroad-ioplacement/counter.nl.v'…
Writing powered netlist to '/home/thanh/NCO/runs/RUN_2025-03-02_13-13-21/24-openroad-ioplacement/counter.pnl.v'…
Writing layout to '/home/thanh/NCO/runs/RUN_2025-03-02_13-13-21/24-openroad-ioplacement/counter.def'…
Writing timing constraints to '/home/thanh/NCO/runs/RUN_2025-03-02_13-13-21/24-openroad-ioplacement/counter.sdc'…
