
===========================================================================
report_checks -unconstrained
===========================================================================
======================= max_ff_n40C_1v95 Corner ===================================

Startpoint: rst (input port clocked by clk)
Endpoint: _098_ (recovery check against rising-edge clock clk)
Path Group: asynchronous
Path Type: max

Fanout         Cap        Slew       Delay        Time   Description
---------------------------------------------------------------------------------------------
                                  0.000000    0.000000   clock clk (rise edge)
                                  0.000000    0.000000   clock network delay (propagated)
                                  2.000000    2.000000 v input external delay
     1    0.002759    0.004652    0.002282    2.002282 v rst (in)
                                                         rst (net)
                      0.004660    0.000000    2.002282 v input1/A (sky130_fd_sc_hd__clkbuf_1)
     1    0.003279    0.019961    0.048247    2.050529 v input1/X (sky130_fd_sc_hd__clkbuf_1)
                                                         net1 (net)
                      0.019961    0.000140    2.050669 v fanout20/A (sky130_fd_sc_hd__buf_4)
     6    0.092903    0.087941    0.129127    2.179796 v fanout20/X (sky130_fd_sc_hd__buf_4)
                                                         net20 (net)
                      0.106811    0.031069    2.210865 v fanout18/A (sky130_fd_sc_hd__buf_4)
    10    0.074987    0.073193    0.169234    2.380100 v fanout18/X (sky130_fd_sc_hd__buf_4)
                                                         net18 (net)
                      0.075261    0.009718    2.389818 v _074_/A (sky130_fd_sc_hd__inv_2)
     1    0.010646    0.046585    0.063459    2.453277 ^ _074_/Y (sky130_fd_sc_hd__inv_2)
                                                         _027_ (net)
                      0.046613    0.000555    2.453832 ^ _098_/RESET_B (sky130_fd_sc_hd__dfrtp_1)
                                              2.453832   data arrival time

                                 10.000000   10.000000   clock clk (rise edge)
                                  0.000000   10.000000   clock source latency
     1    0.076959    0.262662    0.191950   10.191951 ^ clk (in)
                                                         clk (net)
                      0.266741    0.000000   10.191951 ^ clkbuf_0_clk/A (sky130_fd_sc_hd__clkbuf_16)
     2    0.032176    0.045125    0.136920   10.328871 ^ clkbuf_0_clk/X (sky130_fd_sc_hd__clkbuf_16)
                                                         clknet_0_clk (net)
                      0.045139    0.001228   10.330099 ^ clkbuf_1_0__f_clk/A (sky130_fd_sc_hd__clkbuf_16)
    14    0.108969    0.096626    0.129874   10.459972 ^ clkbuf_1_0__f_clk/X (sky130_fd_sc_hd__clkbuf_16)
                                                         clknet_1_0__leaf_clk (net)
                      0.099782    0.013605   10.473577 ^ _098_/CLK (sky130_fd_sc_hd__dfrtp_1)
                                 -0.250000   10.223577   clock uncertainty
                                  0.000000   10.223577   clock reconvergence pessimism
                                  0.151056   10.374634   library recovery time
                                             10.374634   data required time
---------------------------------------------------------------------------------------------
                                             10.374634   data required time
                                             -2.453832   data arrival time
---------------------------------------------------------------------------------------------
                                              7.920802   slack (MET)


Startpoint: _098_ (rising edge-triggered flip-flop clocked by clk)
Endpoint: sine_out[1] (output port clocked by clk)
Path Group: clk
Path Type: max

Fanout         Cap        Slew       Delay        Time   Description
---------------------------------------------------------------------------------------------
                                  0.000000    0.000000   clock clk (rise edge)
                                  0.000000    0.000000   clock source latency
     1    0.076959    0.262662    0.191950    0.191950 ^ clk (in)
                                                         clk (net)
                      0.266741    0.000000    0.191950 ^ clkbuf_0_clk/A (sky130_fd_sc_hd__clkbuf_16)
     2    0.032176    0.045125    0.136920    0.328870 ^ clkbuf_0_clk/X (sky130_fd_sc_hd__clkbuf_16)
                                                         clknet_0_clk (net)
                      0.045139    0.001229    0.330099 ^ clkbuf_1_0__f_clk/A (sky130_fd_sc_hd__clkbuf_16)
    14    0.108969    0.096626    0.129873    0.459972 ^ clkbuf_1_0__f_clk/X (sky130_fd_sc_hd__clkbuf_16)
                                                         clknet_1_0__leaf_clk (net)
                      0.099782    0.013606    0.473578 ^ _098_/CLK (sky130_fd_sc_hd__dfrtp_1)
     2    0.017299    0.119992    0.283571    0.757149 ^ _098_/Q (sky130_fd_sc_hd__dfrtp_1)
                                                         net9 (net)
                      0.120020    0.001791    0.758940 ^ output9/A (sky130_fd_sc_hd__buf_2)
     1    0.034094    0.127211    0.158251    0.917190 ^ output9/X (sky130_fd_sc_hd__buf_2)
                                                         sine_out[1] (net)
                      0.127282    0.001615    0.918805 ^ sine_out[1] (out)
                                              0.918805   data arrival time

                                 10.000000   10.000000   clock clk (rise edge)
                                  0.000000   10.000000   clock network delay (propagated)
                                 -0.250000    9.750000   clock uncertainty
                                  0.000000    9.750000   clock reconvergence pessimism
                                 -2.000000    7.750000   output external delay
                                              7.750000   data required time
---------------------------------------------------------------------------------------------
                                              7.750000   data required time
                                             -0.918805   data arrival time
---------------------------------------------------------------------------------------------
                                              6.831194   slack (MET)




===========================================================================
report_checks --slack_max -0.01
============================================================================
======================= max_ff_n40C_1v95 Corner ===================================

No paths found.


===========================================================================
 report_check_types -max_slew -max_cap -max_fanout -violators
============================================================================
======================= max_ff_n40C_1v95 Corner ===================================

max fanout

Pin                                   Limit Fanout  Slack
---------------------------------------------------------
clkbuf_1_0__f_clk/X                      10     14     -4 (VIOLATED)
clkbuf_1_1__f_clk/X                      10     14     -4 (VIOLATED)



===========================================================================
report_parasitic_annotation -report_unannotated
============================================================================
Found 2 unannotated drivers.
 clkload0/X
 mem_i_21/HI
Found 32 partially unannotated drivers.
 addr0[0]
  mem_i/addr0[7]
 addr0[1]
  mem_i/addr0[6]
 addr0[2]
  mem_i/addr0[5]
 addr0[3]
  mem_i/addr0[4]
 addr0[4]
  mem_i/addr0[3]
 addr0[5]
  mem_i/addr0[2]
 addr0[6]
  mem_i/addr0[1]
 addr0[7]
  mem_i/addr0[0]
 din0[0]
  mem_i/din0[15]
 din0[10]
  mem_i/din0[5]
 din0[11]
  mem_i/din0[4]
 din0[12]
  mem_i/din0[3]
 din0[13]
  mem_i/din0[2]
 din0[14]
  mem_i/din0[1]
 din0[15]
  mem_i/din0[0]
 din0[1]
  mem_i/din0[14]
 din0[2]
  mem_i/din0[13]
 din0[3]
  mem_i/din0[12]
 din0[4]
  mem_i/din0[11]
 din0[5]
  mem_i/din0[10]
 din0[6]
  mem_i/din0[9]
 din0[7]
  mem_i/din0[8]
 din0[8]
  mem_i/din0[7]
 din0[9]
  mem_i/din0[6]
 _089_/Q
  mem_i/addr1[7]
 _090_/Q
  mem_i/addr1[6]
 _091_/Q
  mem_i/addr1[5]
 _092_/Q
  mem_i/addr1[4]
 _093_/Q
  mem_i/addr1[3]
 _094_/Q
  mem_i/addr1[2]
 _095_/Q
  mem_i/addr1[1]
 _096_/Q
  mem_i/addr1[0]

===========================================================================
max slew violation count 0
max fanout violation count 2
max cap violation count 0
============================================================================

===========================================================================
check_setup -verbose -unconstrained_endpoints -multiple_clock -no_clock -no_input_delay -loops -generated_clocks
===========================================================================
Warning: There are 16 unconstrained endpoints.
  _079_/D
  _080_/D
  _081_/D
  _082_/D
  _083_/D
  _084_/D
  _085_/D
  _086_/D
  _087_/D
  _088_/D
  _097_/D
  _098_/D
  _099_/D
  _100_/D
  _101_/D
  _102_/D
