Reading timing models for corner nom_tt_025C_1v80…
Reading timing library for the 'nom_tt_025C_1v80' corner at '/home/thanh/.volare/volare/sky130/versions/0fe599b2afb6708d281543108caf8310912f54af/sky130A/libs.ref/sky130_fd_sc_hd/lib/sky130_fd_sc_hd__tt_025C_1v80.lib'…
Reading timing models for corner nom_ff_n40C_1v95…
Reading timing library for the 'nom_ff_n40C_1v95' corner at '/home/thanh/.volare/volare/sky130/versions/0fe599b2afb6708d281543108caf8310912f54af/sky130A/libs.ref/sky130_fd_sc_hd/lib/sky130_fd_sc_hd__ff_n40C_1v95.lib'…
Reading timing models for corner nom_ss_100C_1v60…
Reading timing library for the 'nom_ss_100C_1v60' corner at '/home/thanh/.volare/volare/sky130/versions/0fe599b2afb6708d281543108caf8310912f54af/sky130A/libs.ref/sky130_fd_sc_hd/lib/sky130_fd_sc_hd__ss_100C_1v60.lib'…
Reading OpenROAD database at '/home/thanh/NCO/runs/RUN_2025-03-03_15-44-42/27-openroad-globalplacement/counter.odb'…
Reading design constraints file at '/nix/store/ss2cw3sxbrwwx9jl0rrppbw4kgcmgi2n-python3-3.11.9-env/lib/python3.11/site-packages/openlane/scripts/base.sdc'…
[INFO] Using clock clk…
[INFO] Setting output delay to: 2
[INFO] Setting input delay to: 2
[INFO] Setting load to: 0.033442
[INFO] Setting clock uncertainty to: 0.25
[INFO] Setting clock transition to: 0.1499999999999999944488848768742172978818416595458984375
[INFO] Setting timing derate to: 5%
[INFO] Setting RC values…
[INFO RSZ-0027] Inserted 1 input buffers.
[INFO RSZ-0028] Inserted 16 output buffers.
[INFO RSZ-0058] Using max wire length 6335um.
Iteration | Resized | Buffers | Nets repaired | Remaining
---------------------------------------------------------
        0 |       0 |       0 |             0 |       125
       10 |       9 |       0 |             0 |       115
       20 |      17 |       0 |             0 |       105
       30 |      27 |       0 |             0 |        95
       40 |      35 |       0 |             0 |        85
       50 |      41 |       0 |             0 |        75
       60 |      47 |       0 |             0 |        65
       70 |      47 |       0 |             0 |        55
       80 |      47 |       0 |             0 |        45
       90 |      51 |       3 |             1 |        35
      100 |      51 |       3 |             1 |        25
      110 |      51 |       3 |             1 |        15
      120 |      51 |       3 |             1 |         5
    final |      51 |       3 |             1 |         0
---------------------------------------------------------
[INFO RSZ-0035] Found 1 fanout violations.
[INFO RSZ-0038] Inserted 3 buffers in 1 nets.
[INFO RSZ-0039] Resized 51 instances.
[INFO RSZ-0042] Inserted 1 tie sky130_fd_sc_hd__conb_1 instances.
Placement Analysis
---------------------------------
total displacement        242.0 u
average displacement        0.1 u
max displacement           27.3 u
original HPWL            8077.0 u
legalized HPWL           8087.5 u
delta HPWL                    0 %

[INFO DPL-0020] Mirrored 39 instances
[INFO DPL-0021] HPWL before            8087.5 u
[INFO DPL-0022] HPWL after             7988.8 u
[INFO DPL-0023] HPWL delta               -1.2 %
[INFO] Setting RC values…
Setting global connections for newly added cells…
[INFO] Setting global connections...
mem_i matched with mem_i
Updating metrics…
Cell type report:                       Count       Area
  Macro                                     1  123515.34
  Fill cell                               578    2169.58
  Tap cell                               1501    1878.05
  Timing Repair Buffer                     20     112.61
  Inverter                                 25      93.84
  Sequential cell                          24     611.84
  Multi-Input combinational cell           15      96.34
  Total                                  2164  128477.60
Writing OpenROAD database to '/home/thanh/NCO/runs/RUN_2025-03-03_15-44-42/31-openroad-repairdesignpostgpl/counter.odb'…
Writing netlist to '/home/thanh/NCO/runs/RUN_2025-03-03_15-44-42/31-openroad-repairdesignpostgpl/counter.nl.v'…
Writing powered netlist to '/home/thanh/NCO/runs/RUN_2025-03-03_15-44-42/31-openroad-repairdesignpostgpl/counter.pnl.v'…
Writing layout to '/home/thanh/NCO/runs/RUN_2025-03-03_15-44-42/31-openroad-repairdesignpostgpl/counter.def'…
Writing timing constraints to '/home/thanh/NCO/runs/RUN_2025-03-03_15-44-42/31-openroad-repairdesignpostgpl/counter.sdc'…
