Clock: clk
Sources: clk 
Generated: no
Virtual: yes
Propagated: no
Period: 10.000000

===========================================================================
report_clock_properties
============================================================================
Clock                   Period          Waveform
----------------------------------------------------
clk                  10.000000    0.000000  5.000000

===========================================================================
report_clock_latency
============================================================================
Clock clk
rise -> rise
    min     max
0.000000 0.000000 source latency
0.138370         network latency _079_/CLK
        0.138370 network latency _079_/CLK
---------------
0.138370 0.138370 latency
        0.000000 skew

fall -> fall
    min     max
0.000000 0.000000 source latency
0.055757         network latency _079_/CLK
        0.055757 network latency _079_/CLK
---------------
0.055757 0.055757 latency
        0.000000 skew



===========================================================================
report_clock_min_period
============================================================================
clk period_min = 1.18 fmax = 845.64
