
===========================================================================
report_checks -unconstrained
===========================================================================
======================= nom_ff_n40C_1v95 Corner ===================================

Startpoint: rst (input port clocked by clk)
Endpoint: _102_ (recovery check against rising-edge clock clk)
Path Group: asynchronous
Path Type: max

Fanout         Cap        Slew       Delay        Time   Description
---------------------------------------------------------------------------------------------
                                  0.000000    0.000000   clock clk (rise edge)
                                  0.000000    0.000000   clock network delay (propagated)
                                  2.500000    2.500000 v input external delay
     2    0.003686    0.006021    0.003055    2.503055 v rst (in)
                                                         rst (net)
                      0.006022    0.000000    2.503055 v input1/A (sky130_fd_sc_hd__buf_1)
     1    0.006817    0.032621    0.059917    2.562972 v input1/X (sky130_fd_sc_hd__buf_1)
                                                         net1 (net)
                      0.032623    0.000262    2.563234 v fanout20/A (sky130_fd_sc_hd__clkbuf_8)
    21    0.106067    0.084418    0.144115    2.707349 v fanout20/X (sky130_fd_sc_hd__clkbuf_8)
                                                         net20 (net)
                      0.089172    0.015663    2.723012 v fanout18/A (sky130_fd_sc_hd__buf_4)
    10    0.053682    0.058787    0.149472    2.872484 v fanout18/X (sky130_fd_sc_hd__buf_4)
                                                         net18 (net)
                      0.058850    0.001753    2.874237 v _078_/A (sky130_fd_sc_hd__inv_2)
     1    0.006805    0.032625    0.048185    2.922422 ^ _078_/Y (sky130_fd_sc_hd__inv_2)
                                                         _031_ (net)
                      0.032626    0.000252    2.922674 ^ _102_/RESET_B (sky130_fd_sc_hd__dfrtp_1)
                                              2.922674   data arrival time

                                  5.000000    5.000000   clock clk (rise edge)
                                  0.000000    5.000000   clock source latency
     2    0.070656    0.241235    0.175724    5.175725 ^ clk (in)
                                                         clk (net)
                      0.244234    0.000000    5.175725 ^ clkbuf_0_clk/A (sky130_fd_sc_hd__clkbuf_16)
     5    0.073546    0.072446    0.153457    5.329181 ^ clkbuf_0_clk/X (sky130_fd_sc_hd__clkbuf_16)
                                                         clknet_0_clk (net)
                      0.072457    0.000956    5.330137 ^ clkbuf_1_0__f_clk/A (sky130_fd_sc_hd__clkbuf_16)
    31    0.116461    0.101587    0.145431    5.475569 ^ clkbuf_1_0__f_clk/X (sky130_fd_sc_hd__clkbuf_16)
                                                         clknet_1_0__leaf_clk (net)
                      0.101727    0.003212    5.478781 ^ _102_/CLK (sky130_fd_sc_hd__dfrtp_1)
                                 -0.250000    5.228781   clock uncertainty
                                  0.000000    5.228781   clock reconvergence pessimism
                                  0.153919    5.382700   library recovery time
                                              5.382700   data required time
---------------------------------------------------------------------------------------------
                                              5.382700   data required time
                                             -2.922674   data arrival time
---------------------------------------------------------------------------------------------
                                              2.460026   slack (MET)


Startpoint: _088_ (rising edge-triggered flip-flop clocked by clk)
Endpoint: sine_out[15] (output port clocked by clk)
Path Group: clk
Path Type: max

Fanout         Cap        Slew       Delay        Time   Description
---------------------------------------------------------------------------------------------
                                  0.000000    0.000000   clock clk (rise edge)
                                  0.000000    0.000000   clock source latency
     2    0.070656    0.241235    0.175724    0.175724 ^ clk (in)
                                                         clk (net)
                      0.244234    0.000000    0.175724 ^ clkbuf_0_clk/A (sky130_fd_sc_hd__clkbuf_16)
     5    0.073546    0.072446    0.153457    0.329181 ^ clkbuf_0_clk/X (sky130_fd_sc_hd__clkbuf_16)
                                                         clknet_0_clk (net)
                      0.075949    0.012300    0.341481 ^ clkbuf_1_1__f_clk/A (sky130_fd_sc_hd__clkbuf_16)
    25    0.096576    0.086571    0.137768    0.479249 ^ clkbuf_1_1__f_clk/X (sky130_fd_sc_hd__clkbuf_16)
                                                         clknet_1_1__leaf_clk (net)
                      0.088247    0.009539    0.488788 ^ _088_/CLK (sky130_fd_sc_hd__dfrtp_1)
     1    0.004947    0.034778    0.245130    0.733918 v _088_/Q (sky130_fd_sc_hd__dfrtp_1)
                                                         net8 (net)
                      0.034778    0.000174    0.734092 v output8/A (sky130_fd_sc_hd__buf_1)
     1    0.000817    0.011661    0.050232    0.784324 v output8/X (sky130_fd_sc_hd__buf_1)
                                                         sine_out[15] (net)
                      0.011661    0.000009    0.784333 v sine_out[15] (out)
                                              0.784333   data arrival time

                                  5.000000    5.000000   clock clk (rise edge)
                                  0.000000    5.000000   clock network delay (propagated)
                                 -0.250000    4.750000   clock uncertainty
                                  0.000000    4.750000   clock reconvergence pessimism
                                 -2.500000    2.250000   output external delay
                                              2.250000   data required time
---------------------------------------------------------------------------------------------
                                              2.250000   data required time
                                             -0.784333   data arrival time
---------------------------------------------------------------------------------------------
                                              1.465667   slack (MET)




===========================================================================
report_checks --slack_max -0.01
============================================================================
======================= nom_ff_n40C_1v95 Corner ===================================

No paths found.


===========================================================================
 report_check_types -max_slew -max_cap -max_fanout -violators
============================================================================
======================= nom_ff_n40C_1v95 Corner ===================================

max fanout

Pin                                   Limit Fanout  Slack
---------------------------------------------------------
clkbuf_1_0__f_clk/X                      10     31    -21 (VIOLATED)
clkbuf_1_1__f_clk/X                      10     25    -15 (VIOLATED)
fanout20/X                               10     21    -11 (VIOLATED)
_043_/X                                  10     15     -5 (VIOLATED)
_089_/Q                                  10     11        (VIOLATED)



===========================================================================
report_parasitic_annotation -report_unannotated
============================================================================
Found 2 unannotated drivers.
 clkload0/Y
 mem_i_21/HI
Found 32 partially unannotated drivers.
 addr0[0]
  mem_i/addr0[7]
 addr0[1]
  mem_i/addr0[6]
 addr0[2]
  mem_i/addr0[5]
 addr0[3]
  mem_i/addr0[4]
 addr0[4]
  mem_i/addr0[3]
 addr0[5]
  mem_i/addr0[2]
 addr0[6]
  mem_i/addr0[1]
 addr0[7]
  mem_i/addr0[0]
 din0[0]
  mem_i/din0[15]
 din0[10]
  mem_i/din0[5]
 din0[11]
  mem_i/din0[4]
 din0[12]
  mem_i/din0[3]
 din0[13]
  mem_i/din0[2]
 din0[14]
  mem_i/din0[1]
 din0[15]
  mem_i/din0[0]
 din0[1]
  mem_i/din0[14]
 din0[2]
  mem_i/din0[13]
 din0[3]
  mem_i/din0[12]
 din0[4]
  mem_i/din0[11]
 din0[5]
  mem_i/din0[10]
 din0[6]
  mem_i/din0[9]
 din0[7]
  mem_i/din0[8]
 din0[8]
  mem_i/din0[7]
 din0[9]
  mem_i/din0[6]
 _089_/Q
  mem_i/addr1[7]
 _090_/Q
  mem_i/addr1[6]
 _091_/Q
  mem_i/addr1[5]
 _092_/Q
  mem_i/addr1[4]
 _093_/Q
  mem_i/addr1[3]
 _094_/Q
  mem_i/addr1[2]
 _095_/Q
  mem_i/addr1[1]
 _096_/Q
  mem_i/addr1[0]

===========================================================================
max slew violation count 0
max fanout violation count 5
max cap violation count 0
============================================================================

===========================================================================
check_setup -verbose -unconstrained_endpoints -multiple_clock -no_clock -no_input_delay -loops -generated_clocks
===========================================================================
Warning: There are 16 unconstrained endpoints.
  _079_/D
  _080_/D
  _081_/D
  _082_/D
  _083_/D
  _084_/D
  _085_/D
  _086_/D
  _087_/D
  _088_/D
  _097_/D
  _098_/D
  _099_/D
  _100_/D
  _101_/D
  _102_/D
