
===========================================================================
report_checks -unconstrained
===========================================================================
======================= nom_tt_025C_1v80 Corner ===================================

Startpoint: rst (input port clocked by clk)
Endpoint: _100_ (recovery check against rising-edge clock clk)
Path Group: asynchronous
Path Type: max

Fanout         Cap        Slew       Delay        Time   Description
---------------------------------------------------------------------------------------------
                                  0.000000    0.000000   clock clk (rise edge)
                                  0.000000    0.000000   clock network delay (propagated)
                                  2.500000    2.500000 v input external delay
    24    0.149543    0.329185    0.248658    2.748658 v rst (in)
                                                         rst (net)
                      0.330668    0.000000    2.748658 v _076_/A (sky130_fd_sc_hd__inv_2)
     1    0.005892    0.084015    0.132819    2.881477 ^ _076_/Y (sky130_fd_sc_hd__inv_2)
                                                         _029_ (net)
                      0.084015    0.000051    2.881528 ^ _100_/RESET_B (sky130_fd_sc_hd__dfrtp_2)
                                              2.881528   data arrival time

                                  5.000000    5.000000   clock clk (rise edge)
                                  0.000000    5.000000   clock source latency
    26    0.152158    0.681039    0.481981    5.481981 ^ clk (in)
                                                         clk (net)
                      0.681796    0.000000    5.481981 ^ _100_/CLK (sky130_fd_sc_hd__dfrtp_2)
                                 -0.250000    5.231981   clock uncertainty
                                  0.000000    5.231981   clock reconvergence pessimism
                                  0.371235    5.603216   library recovery time
                                              5.603216   data required time
---------------------------------------------------------------------------------------------
                                              5.603216   data required time
                                             -2.881528   data arrival time
---------------------------------------------------------------------------------------------
                                              2.721688   slack (MET)


Startpoint: _100_ (rising edge-triggered flip-flop clocked by clk)
Endpoint: sine_out[0] (output port clocked by clk)
Path Group: clk
Path Type: max

Fanout         Cap        Slew       Delay        Time   Description
---------------------------------------------------------------------------------------------
                                  0.000000    0.000000   clock clk (rise edge)
                                  0.000000    0.000000   clock source latency
    26    0.152158    0.681039    0.481981    0.481981 ^ clk (in)
                                                         clk (net)
                      0.681796    0.000000    0.481981 ^ _100_/CLK (sky130_fd_sc_hd__dfrtp_2)
     1    0.036206    0.118401    0.621175    1.103157 v _100_/Q (sky130_fd_sc_hd__dfrtp_2)
                                                         sine_out[0] (net)
                      0.118404    0.000642    1.103799 v sine_out[0] (out)
                                              1.103799   data arrival time

                                  5.000000    5.000000   clock clk (rise edge)
                                  0.000000    5.000000   clock network delay (propagated)
                                 -0.250000    4.750000   clock uncertainty
                                  0.000000    4.750000   clock reconvergence pessimism
                                 -2.250000    2.500000   output external delay
                                              2.500000   data required time
---------------------------------------------------------------------------------------------
                                              2.500000   data required time
                                             -1.103799   data arrival time
---------------------------------------------------------------------------------------------
                                              1.396201   slack (MET)




===========================================================================
report_checks --slack_max -0.01
============================================================================
======================= nom_tt_025C_1v80 Corner ===================================

No paths found.


===========================================================================
 report_check_types -max_slew -max_cap -max_fanout -violators
============================================================================
======================= nom_tt_025C_1v80 Corner ===================================

max slew

Pin                                        Limit        Slew       Slack
------------------------------------------------------------------------
mem_i/clk1                              0.750000    0.908714   -0.158714 (VIOLATED)
mem_i/clk0                              0.750000    0.908163   -0.158163 (VIOLATED)

max fanout

Pin                                   Limit Fanout  Slack
---------------------------------------------------------
clk                                      10     26    -16 (VIOLATED)
rst                                      10     24    -14 (VIOLATED)



===========================================================================
report_parasitic_annotation -report_unannotated
============================================================================
Found 1 unannotated drivers.
 _103_/HI
Found 0 partially unannotated drivers.

===========================================================================
max slew violation count 2
Writing metric design__max_slew_violation__count__corner:nom_tt_025C_1v80: 2
max fanout violation count 2
Writing metric design__max_fanout_violation__count__corner:nom_tt_025C_1v80: 2
max cap violation count 0
Writing metric design__max_cap_violation__count__corner:nom_tt_025C_1v80: 0
============================================================================

===========================================================================
check_setup -verbose -unconstrained_endpoints -multiple_clock -no_clock -no_input_delay -loops -generated_clocks
===========================================================================
Warning: There is 1 unconstrained endpoint.
  mem_i/csb1
