Starting…
Running 'Verilator.Lint' at 'runs/RUN_2025-03-06_16-03-51/01-verilator-lint'…
Logging subprocess to [repr.filename]'runs/RUN_2025-03-06_16-03-51/01-verilator-lint/verilator-lint.log'[/repr.filename]…
Running 'Checker.LintTimingConstructs' at 'runs/RUN_2025-03-06_16-03-51/02-checker-linttimingconstructs'…
Check for Lint Timing Errors clear.
Running 'Checker.LintErrors' at 'runs/RUN_2025-03-06_16-03-51/03-checker-linterrors'…
Check for Lint errors clear.
Running 'Checker.LintWarnings' at 'runs/RUN_2025-03-06_16-03-51/04-checker-lintwarnings'…
17 Lint warnings found.
Running 'Yosys.JsonHeader' at 'runs/RUN_2025-03-06_16-03-51/05-yosys-jsonheader'…
Logging subprocess to [repr.filename]'runs/RUN_2025-03-06_16-03-51/05-yosys-jsonheader/yosys-jsonheader.log'[/repr.filename]…
Running 'Yosys.Synthesis' at 'runs/RUN_2025-03-06_16-03-51/06-yosys-synthesis'…
Logging subprocess to [repr.filename]'runs/RUN_2025-03-06_16-03-51/06-yosys-synthesis/yosys-synthesis.log'[/repr.filename]…
Parsing synthesis checks…
Running 'Checker.YosysUnmappedCells' at 'runs/RUN_2025-03-06_16-03-51/07-checker-yosysunmappedcells'…
Check for Unmapped Yosys instances clear.
Running 'Checker.YosysSynthChecks' at 'runs/RUN_2025-03-06_16-03-51/08-checker-yosyssynthchecks'…
Check for Yosys check errors clear.
Running 'Checker.NetlistAssignStatements' at 'runs/RUN_2025-03-06_16-03-51/09-checker-netlistassignstatements'…
Running 'OpenROAD.CheckSDCFiles' at 'runs/RUN_2025-03-06_16-03-51/10-openroad-checksdcfiles'…
'PNR_SDC_FILE' is not defined. Using generic fallback SDC for OpenROAD PnR steps.
'SIGNOFF_SDC_FILE' is not defined. Using generic fallback SDC for OpenROAD PnR steps.
Running 'OpenROAD.CheckMacroInstances' at 'runs/RUN_2025-03-06_16-03-51/11-openroad-checkmacroinstances'…
Logging subprocess to [repr.filename]'runs/RUN_2025-03-06_16-03-51/11-openroad-checkmacroinstances/openroad-checkmacroinstances.log'[/repr.filename]…
Running 'OpenROAD.STAPrePNR' at 'runs/RUN_2025-03-06_16-03-51/12-openroad-staprepnr'…
Starting STA for the nom_tt_025C_1v80 timing corner…
Starting STA for the nom_ss_100C_1v60 timing corner…
Starting STA for the nom_ff_n40C_1v95 timing corner…
Skipping corner min_tt_025C_1v80 for STA (identical to nom_tt_025C_1v80 at this stage)…
Skipping corner min_ss_100C_1v60 for STA (identical to nom_ss_100C_1v60 at this stage)…
Logging subprocess to [repr.filename]'runs/RUN_2025-03-06_16-03-51/12-openroad-staprepnr/nom_tt_025C_1v80/sta.log'[/repr.filename]…
Skipping corner min_ff_n40C_1v95 for STA (identical to nom_ff_n40C_1v95 at this stage)…
Skipping corner max_tt_025C_1v80 for STA (identical to nom_tt_025C_1v80 at this stage)…
Skipping corner max_ss_100C_1v60 for STA (identical to nom_ss_100C_1v60 at this stage)…
Skipping corner max_ff_n40C_1v95 for STA (identical to nom_ff_n40C_1v95 at this stage)…
Logging subprocess to [repr.filename]'runs/RUN_2025-03-06_16-03-51/12-openroad-staprepnr/nom_ss_100C_1v60/sta.log'[/repr.filename]…
Logging subprocess to [repr.filename]'runs/RUN_2025-03-06_16-03-51/12-openroad-staprepnr/nom_ff_n40C_1v95/sta.log'[/repr.filename]…
Finished STA for the nom_tt_025C_1v80 timing corner.
Finished STA for the nom_ss_100C_1v60 timing corner.
Finished STA for the nom_ff_n40C_1v95 timing corner.
Running 'OpenROAD.Floorplan' at 'runs/RUN_2025-03-06_16-03-51/13-openroad-floorplan'…
Logging subprocess to [repr.filename]'runs/RUN_2025-03-06_16-03-51/13-openroad-floorplan/openroad-floorplan.log'[/repr.filename]…
[STA-1140] /home/thanh/NCO/ram256x16/ram256x16_TT_1p8V_25C.lib line 1, library ram256x16_TT_1p8V_25C_lib already exists.
Running 'Odb.CheckMacroAntennaProperties' at 'runs/RUN_2025-03-06_16-03-51/14-odb-checkmacroantennaproperties'…
Logging subprocess to [repr.filename]'runs/RUN_2025-03-06_16-03-51/14-odb-checkmacroantennaproperties/odb-checkmacroantennaproperties.log'[/repr.filename]…
Cell 'ram256x16' has (36) input pin(s) without antenna gate information. They might not be connected to a gate.
Cell 'ram256x16' has (16) output pin(s) without antenna diffusion information. They might not be driven.
Running 'Odb.SetPowerConnections' at 'runs/RUN_2025-03-06_16-03-51/15-odb-setpowerconnections'…
Logging subprocess to [repr.filename]'runs/RUN_2025-03-06_16-03-51/15-odb-setpowerconnections/odb-setpowerconnections.log'[/repr.filename]…
Running 'Odb.ManualMacroPlacement' at 'runs/RUN_2025-03-06_16-03-51/16-odb-manualmacroplacement'…
Logging subprocess to [repr.filename]'runs/RUN_2025-03-06_16-03-51/16-odb-manualmacroplacement/odb-manualmacroplacement.log'[/repr.filename]…
Running 'OpenROAD.CutRows' at 'runs/RUN_2025-03-06_16-03-51/17-openroad-cutrows'…
Logging subprocess to [repr.filename]'runs/RUN_2025-03-06_16-03-51/17-openroad-cutrows/openroad-cutrows.log'[/repr.filename]…
[STA-1140] /home/thanh/NCO/ram256x16/ram256x16_TT_1p8V_25C.lib line 1, library ram256x16_TT_1p8V_25C_lib already exists.
Running 'OpenROAD.TapEndcapInsertion' at 'runs/RUN_2025-03-06_16-03-51/18-openroad-tapendcapinsertion'…
Logging subprocess to [repr.filename]'runs/RUN_2025-03-06_16-03-51/18-openroad-tapendcapinsertion/openroad-tapendcapinsertion.log'[/repr.filename]…
[STA-1140] /home/thanh/NCO/ram256x16/ram256x16_TT_1p8V_25C.lib line 1, library ram256x16_TT_1p8V_25C_lib already exists.
Running 'Odb.AddPDNObstructions' at 'runs/RUN_2025-03-06_16-03-51/19-odb-addpdnobstructions'…
'PDN_OBSTRUCTIONS' is not defined. Skipping 'Odb.AddPDNObstructions'…
Running 'OpenROAD.GeneratePDN' at 'runs/RUN_2025-03-06_16-03-51/20-openroad-generatepdn'…
'FP_PDN_CFG' not explicitly set, setting it to /nix/store/ss2cw3sxbrwwx9jl0rrppbw4kgcmgi2n-python3-3.11.9-env/lib/python3.11/site-packages/openlane/scripts/openroad/common/pdn_cfg.tcl…
Logging subprocess to [repr.filename]'runs/RUN_2025-03-06_16-03-51/20-openroad-generatepdn/openroad-generatepdn.log'[/repr.filename]…
[STA-1140] /home/thanh/NCO/ram256x16/ram256x16_TT_1p8V_25C.lib line 1, library ram256x16_TT_1p8V_25C_lib already exists.
Running 'Odb.RemovePDNObstructions' at 'runs/RUN_2025-03-06_16-03-51/21-odb-removepdnobstructions'…
'PDN_OBSTRUCTIONS' is not defined. Skipping 'Odb.RemovePDNObstructions'…
Running 'Odb.AddRoutingObstructions' at 'runs/RUN_2025-03-06_16-03-51/22-odb-addroutingobstructions'…
'ROUTING_OBSTRUCTIONS' is not defined. Skipping 'Odb.AddRoutingObstructions'…
Running 'OpenROAD.GlobalPlacementSkipIO' at 'runs/RUN_2025-03-06_16-03-51/23-openroad-globalplacementskipio'…
'PL_TARGET_DENSITY_PCT' not explicitly set, using dynamically calculated target density: 74.655200…
Logging subprocess to [repr.filename]'runs/RUN_2025-03-06_16-03-51/23-openroad-globalplacementskipio/openroad-globalplacementskipio.log'[/repr.filename]…
[STA-1140] /home/thanh/NCO/ram256x16/ram256x16_TT_1p8V_25C.lib line 1, library ram256x16_TT_1p8V_25C_lib already exists.
Running 'OpenROAD.IOPlacement' at 'runs/RUN_2025-03-06_16-03-51/24-openroad-ioplacement'…
Logging subprocess to [repr.filename]'runs/RUN_2025-03-06_16-03-51/24-openroad-ioplacement/openroad-ioplacement.log'[/repr.filename]…
[STA-1140] /home/thanh/NCO/ram256x16/ram256x16_TT_1p8V_25C.lib line 1, library ram256x16_TT_1p8V_25C_lib already exists.
Running 'Odb.CustomIOPlacement' at 'runs/RUN_2025-03-06_16-03-51/25-odb-customioplacement'…
No custom floorplan file configured, skipping…
Running 'Odb.ApplyDEFTemplate' at 'runs/RUN_2025-03-06_16-03-51/26-odb-applydeftemplate'…
No DEF template provided, skipping…
Running 'OpenROAD.GlobalPlacement' at 'runs/RUN_2025-03-06_16-03-51/27-openroad-globalplacement'…
'PL_TARGET_DENSITY_PCT' not explicitly set, using dynamically calculated target density: 74.655200…
Logging subprocess to [repr.filename]'runs/RUN_2025-03-06_16-03-51/27-openroad-globalplacement/openroad-globalplacement.log'[/repr.filename]…
[STA-1140] /home/thanh/NCO/ram256x16/ram256x16_TT_1p8V_25C.lib line 1, library ram256x16_TT_1p8V_25C_lib already exists.
Running 'Odb.WriteVerilogHeader' at 'runs/RUN_2025-03-06_16-03-51/28-odb-writeverilogheader'…
Logging subprocess to [repr.filename]'runs/RUN_2025-03-06_16-03-51/28-odb-writeverilogheader/odb-writeverilogheader.log'[/repr.filename]…
Running 'Checker.PowerGridViolations' at 'runs/RUN_2025-03-06_16-03-51/29-checker-powergridviolations'…
Check for power grid violations (as reported by OpenROAD PSM- you may ignore these if LVS passes) clear.
Running 'OpenROAD.STAMidPNR' at 'runs/RUN_2025-03-06_16-03-51/30-openroad-stamidpnr'…
Logging subprocess to [repr.filename]'runs/RUN_2025-03-06_16-03-51/30-openroad-stamidpnr/openroad-stamidpnr.log'[/repr.filename]…
[STA-1140] /home/thanh/NCO/ram256x16/ram256x16_TT_1p8V_25C.lib line 1, library ram256x16_TT_1p8V_25C_lib already exists.
[GRT-0097] No global routing found for nets.
Running 'OpenROAD.RepairDesignPostGPL' at 'runs/RUN_2025-03-06_16-03-51/31-openroad-repairdesignpostgpl'…
Logging subprocess to [repr.filename]'runs/RUN_2025-03-06_16-03-51/31-openroad-repairdesignpostgpl/openroad-repairdesignpostgpl.log'[/repr.filename]…
[STA-1140] /home/thanh/NCO/ram256x16/ram256x16_TT_1p8V_25C.lib line 1, library ram256x16_TT_1p8V_25C_lib already exists.
[STA-1140] /home/thanh/NCO/ram256x16/ram256x16_TT_1p8V_25C.lib line 1, library ram256x16_TT_1p8V_25C_lib already exists.
Running 'Odb.ManualGlobalPlacement' at 'runs/RUN_2025-03-06_16-03-51/32-odb-manualglobalplacement'…
'MANUAL_GLOBAL_PLACEMENTS' not set, skipping…
Running 'OpenROAD.DetailedPlacement' at 'runs/RUN_2025-03-06_16-03-51/33-openroad-detailedplacement'…
Logging subprocess to [repr.filename]'runs/RUN_2025-03-06_16-03-51/33-openroad-detailedplacement/openroad-detailedplacement.log'[/repr.filename]…
[STA-1140] /home/thanh/NCO/ram256x16/ram256x16_TT_1p8V_25C.lib line 1, library ram256x16_TT_1p8V_25C_lib already exists.
Running 'OpenROAD.CTS' at 'runs/RUN_2025-03-06_16-03-51/34-openroad-cts'…
Logging subprocess to [repr.filename]'runs/RUN_2025-03-06_16-03-51/34-openroad-cts/openroad-cts.log'[/repr.filename]…
[STA-1140] /home/thanh/NCO/ram256x16/ram256x16_TT_1p8V_25C.lib line 1, library ram256x16_TT_1p8V_25C_lib already exists.
[STA-1140] /home/thanh/NCO/ram256x16/ram256x16_TT_1p8V_25C.lib line 1, library ram256x16_TT_1p8V_25C_lib already exists.
Running 'OpenROAD.STAMidPNR-1' at 'runs/RUN_2025-03-06_16-03-51/35-openroad-stamidpnr-1'…
Logging subprocess to [repr.filename]'runs/RUN_2025-03-06_16-03-51/35-openroad-stamidpnr-1/openroad-stamidpnr-1.log'[/repr.filename]…
[STA-1140] /home/thanh/NCO/ram256x16/ram256x16_TT_1p8V_25C.lib line 1, library ram256x16_TT_1p8V_25C_lib already exists.
[GRT-0097] No global routing found for nets.
Running 'OpenROAD.ResizerTimingPostCTS' at 'runs/RUN_2025-03-06_16-03-51/36-openroad-resizertimingpostcts'…
Logging subprocess to [repr.filename]'runs/RUN_2025-03-06_16-03-51/36-openroad-resizertimingpostcts/openroad-resizertimingpostcts.log'[/repr.filename]…
[STA-1140] /home/thanh/NCO/ram256x16/ram256x16_TT_1p8V_25C.lib line 1, library ram256x16_TT_1p8V_25C_lib already exists.
[STA-1140] /home/thanh/NCO/ram256x16/ram256x16_TT_1p8V_25C.lib line 1, library ram256x16_TT_1p8V_25C_lib already exists.
[RSZ-0062] Unable to repair all setup violations.
Running 'OpenROAD.STAMidPNR-2' at 'runs/RUN_2025-03-06_16-03-51/37-openroad-stamidpnr-2'…
Logging subprocess to [repr.filename]'runs/RUN_2025-03-06_16-03-51/37-openroad-stamidpnr-2/openroad-stamidpnr-2.log'[/repr.filename]…
[STA-1140] /home/thanh/NCO/ram256x16/ram256x16_TT_1p8V_25C.lib line 1, library ram256x16_TT_1p8V_25C_lib already exists.
[GRT-0097] No global routing found for nets.
Running 'OpenROAD.GlobalRouting' at 'runs/RUN_2025-03-06_16-03-51/38-openroad-globalrouting'…
Logging subprocess to [repr.filename]'runs/RUN_2025-03-06_16-03-51/38-openroad-globalrouting/openroad-globalrouting.log'[/repr.filename]…
[STA-1140] /home/thanh/NCO/ram256x16/ram256x16_TT_1p8V_25C.lib line 1, library ram256x16_TT_1p8V_25C_lib already exists.
Running 'OpenROAD.CheckAntennas' at 'runs/RUN_2025-03-06_16-03-51/39-openroad-checkantennas'…
Logging subprocess to [repr.filename]'runs/RUN_2025-03-06_16-03-51/39-openroad-checkantennas/openroad-checkantennas.log'[/repr.filename]…
[STA-1140] /home/thanh/NCO/ram256x16/ram256x16_TT_1p8V_25C.lib line 1, library ram256x16_TT_1p8V_25C_lib already exists.
Gating variable for step 'OpenROAD.RepairDesignPostGRT' set to 'False'- the step will be skipped.
Skipping step 'Repair Design (Post-Global Routing)'…
Running 'Odb.DiodesOnPorts' at 'runs/RUN_2025-03-06_16-03-51/40-odb-diodesonports'…
'DIODE_ON_PORTS' is set to 'none': skipping…
Running 'Odb.HeuristicDiodeInsertion' at 'runs/RUN_2025-03-06_16-03-51/41-odb-heuristicdiodeinsertion'…
Running 'Odb.FuzzyDiodePlacement' at 'runs/RUN_2025-03-06_16-03-51/41-odb-heuristicdiodeinsertion/1-odb-fuzzydiodeplacement'…
'GPL_CELL_PADDING' is set to 0. This step may cause overlap failures.
Logging subprocess to [repr.filename]'runs/RUN_2025-03-06_16-03-51/41-odb-heuristicdiodeinsertion/1-odb-fuzzydiodeplacement/odb-fuzzydiodeplacement.log'[/repr.filename]…
Running 'OpenROAD.DetailedPlacement' at 'runs/RUN_2025-03-06_16-03-51/41-odb-heuristicdiodeinsertion/2-openroad-detailedplacement'…
Logging subprocess to [repr.filename]'runs/RUN_2025-03-06_16-03-51/41-odb-heuristicdiodeinsertion/2-openroad-detailedplacement/openroad-detailedplacement.log'[/repr.filename]…
[STA-1140] /home/thanh/NCO/ram256x16/ram256x16_TT_1p8V_25C.lib line 1, library ram256x16_TT_1p8V_25C_lib already exists.
Running 'OpenROAD.GlobalRouting' at 'runs/RUN_2025-03-06_16-03-51/41-odb-heuristicdiodeinsertion/3-openroad-globalrouting'…
Logging subprocess to [repr.filename]'runs/RUN_2025-03-06_16-03-51/41-odb-heuristicdiodeinsertion/3-openroad-globalrouting/openroad-globalrouting.log'[/repr.filename]…
[STA-1140] /home/thanh/NCO/ram256x16/ram256x16_TT_1p8V_25C.lib line 1, library ram256x16_TT_1p8V_25C_lib already exists.
Running 'OpenROAD.RepairAntennas' at 'runs/RUN_2025-03-06_16-03-51/42-openroad-repairantennas'…
Running 'DiodeInsertion' at 'runs/RUN_2025-03-06_16-03-51/42-openroad-repairantennas/1-diodeinsertion'…
Logging subprocess to [repr.filename]'runs/RUN_2025-03-06_16-03-51/42-openroad-repairantennas/1-diodeinsertion/diodeinsertion.log'[/repr.filename]…
[STA-1140] /home/thanh/NCO/ram256x16/ram256x16_TT_1p8V_25C.lib line 1, library ram256x16_TT_1p8V_25C_lib already exists.
Running 'OpenROAD.CheckAntennas' at 'runs/RUN_2025-03-06_16-03-51/42-openroad-repairantennas/2-openroad-checkantennas'…
Logging subprocess to [repr.filename]'runs/RUN_2025-03-06_16-03-51/42-openroad-repairantennas/2-openroad-checkantennas/openroad-checkantennas.log'[/repr.filename]…
[STA-1140] /home/thanh/NCO/ram256x16/ram256x16_TT_1p8V_25C.lib line 1, library ram256x16_TT_1p8V_25C_lib already exists.
Gating variable for step 'OpenROAD.ResizerTimingPostGRT' set to 'False'- the step will be skipped.
Skipping step 'Resizer Timing Optimizations (Post-Global Routing)'…
Running 'OpenROAD.STAMidPNR-3' at 'runs/RUN_2025-03-06_16-03-51/43-openroad-stamidpnr-3'…
Logging subprocess to [repr.filename]'runs/RUN_2025-03-06_16-03-51/43-openroad-stamidpnr-3/openroad-stamidpnr-3.log'[/repr.filename]…
[STA-1140] /home/thanh/NCO/ram256x16/ram256x16_TT_1p8V_25C.lib line 1, library ram256x16_TT_1p8V_25C_lib already exists.
Running 'OpenROAD.DetailedRouting' at 'runs/RUN_2025-03-06_16-03-51/44-openroad-detailedrouting'…
Running TritonRoute with 12 threads…
Logging subprocess to [repr.filename]'runs/RUN_2025-03-06_16-03-51/44-openroad-detailedrouting/openroad-detailedrouting.log'[/repr.filename]…
[STA-1140] /home/thanh/NCO/ram256x16/ram256x16_TT_1p8V_25C.lib line 1, library ram256x16_TT_1p8V_25C_lib already exists.
[DRT-0349] LEF58_ENCLOSURE with no CUTCLASS is not supported. Skipping for layer mcon
[DRT-0349] LEF58_ENCLOSURE with no CUTCLASS is not supported. Skipping for layer mcon
[DRT-0349] LEF58_ENCLOSURE with no CUTCLASS is not supported. Skipping for layer via
[DRT-0349] LEF58_ENCLOSURE with no CUTCLASS is not supported. Skipping for layer via
[DRT-0349] LEF58_ENCLOSURE with no CUTCLASS is not supported. Skipping for layer via2
[DRT-0349] LEF58_ENCLOSURE with no CUTCLASS is not supported. Skipping for layer via2
[DRT-0349] LEF58_ENCLOSURE with no CUTCLASS is not supported. Skipping for layer via3
[DRT-0349] LEF58_ENCLOSURE with no CUTCLASS is not supported. Skipping for layer via3
[DRT-0349] LEF58_ENCLOSURE with no CUTCLASS is not supported. Skipping for layer via4
[DRT-0349] LEF58_ENCLOSURE with no CUTCLASS is not supported. Skipping for layer via4
[DRT-0418] Term mem_i0/addr0[3] has no pins on routing grid
[DRT-0418] Term mem_i0/addr0[4] has no pins on routing grid
[DRT-0418] Term mem_i0/addr0[7] has no pins on routing grid
[DRT-0418] Term mem_i0/clk1 has no pins on routing grid
[DRT-0418] Term mem_i0/dout1[0] has no pins on routing grid
[DRT-0418] Term mem_i0/dout1[1] has no pins on routing grid
[DRT-0418] Term mem_i0/dout1[3] has no pins on routing grid
[DRT-0418] Term mem_i0/dout1[5] has no pins on routing grid
[DRT-0418] Term mem_i0/dout1[7] has no pins on routing grid
[DRT-0418] Term mem_i0/dout1[8] has no pins on routing grid
[DRT-0418] Term mem_i0/dout1[10] has no pins on routing grid
[DRT-0418] Term mem_i0/dout1[12] has no pins on routing grid
[DRT-0418] Term mem_i0/dout1[14] has no pins on routing grid
[DRT-0418] Term mem_i0/dout1[15] has no pins on routing grid
[DRT-0418] Term mem_i1/din0[0] has no pins on routing grid
[DRT-0418] Term mem_i1/din0[2] has no pins on routing grid
[DRT-0418] Term mem_i1/din0[5] has no pins on routing grid
[DRT-0418] Term mem_i1/din0[8] has no pins on routing grid
[DRT-0418] Term mem_i1/din0[10] has no pins on routing grid
[DRT-0418] Term mem_i1/din0[11] has no pins on routing grid
[DRT-0418] Term mem_i1/din0[13] has no pins on routing grid
[DRT-0418] Term mem_i1/din0[14] has no pins on routing grid
[DRT-0418] Term mem_i1/addr0[1] has no pins on routing grid
[DRT-0418] Term mem_i1/addr0[2] has no pins on routing grid
[DRT-0418] Term mem_i1/addr0[5] has no pins on routing grid
[DRT-0418] Term mem_i1/addr0[7] has no pins on routing grid
[DRT-0418] Term mem_i1/addr1[5] has no pins on routing grid
[DRT-0418] Term mem_i1/addr1[6] has no pins on routing grid
[DRT-0418] Term mem_i1/addr1[7] has no pins on routing grid
Running 'Odb.RemoveRoutingObstructions' at 'runs/RUN_2025-03-06_16-03-51/45-odb-removeroutingobstructions'…
'ROUTING_OBSTRUCTIONS' is not defined. Skipping 'Odb.RemoveRoutingObstructions'…
Running 'OpenROAD.CheckAntennas-1' at 'runs/RUN_2025-03-06_16-03-51/46-openroad-checkantennas-1'…
Logging subprocess to [repr.filename]'runs/RUN_2025-03-06_16-03-51/46-openroad-checkantennas-1/openroad-checkantennas-1.log'[/repr.filename]…
[STA-1140] /home/thanh/NCO/ram256x16/ram256x16_TT_1p8V_25C.lib line 1, library ram256x16_TT_1p8V_25C_lib already exists.
Running 'Checker.TrDRC' at 'runs/RUN_2025-03-06_16-03-51/47-checker-trdrc'…
Check for Routing DRC errors clear.
Running 'Odb.ReportDisconnectedPins' at 'runs/RUN_2025-03-06_16-03-51/48-odb-reportdisconnectedpins'…
Logging subprocess to [repr.filename]'runs/RUN_2025-03-06_16-03-51/48-odb-reportdisconnectedpins/odb-reportdisconnectedpins.log'[/repr.filename]…
Running 'Checker.DisconnectedPins' at 'runs/RUN_2025-03-06_16-03-51/49-checker-disconnectedpins'…
Check for critical disconnected pins clear.
Running 'Odb.ReportWireLength' at 'runs/RUN_2025-03-06_16-03-51/50-odb-reportwirelength'…
Logging subprocess to [repr.filename]'runs/RUN_2025-03-06_16-03-51/50-odb-reportwirelength/odb-reportwirelength.log'[/repr.filename]…
Running 'Checker.WireLength' at 'runs/RUN_2025-03-06_16-03-51/51-checker-wirelength'…
Threshold for Threshold-surpassing long wires is not set. The checker will be skipped.
Running 'OpenROAD.FillInsertion' at 'runs/RUN_2025-03-06_16-03-51/52-openroad-fillinsertion'…
Logging subprocess to [repr.filename]'runs/RUN_2025-03-06_16-03-51/52-openroad-fillinsertion/openroad-fillinsertion.log'[/repr.filename]…
[STA-1140] /home/thanh/NCO/ram256x16/ram256x16_TT_1p8V_25C.lib line 1, library ram256x16_TT_1p8V_25C_lib already exists.
Running 'Odb.CellFrequencyTables' at 'runs/RUN_2025-03-06_16-03-51/53-odb-cellfrequencytables'…
Logging subprocess to [repr.filename]'runs/RUN_2025-03-06_16-03-51/53-odb-cellfrequencytables/buffer_list.txt'[/repr.filename]…
Logging subprocess to [repr.filename]'runs/RUN_2025-03-06_16-03-51/53-odb-cellfrequencytables/odb-cellfrequencytables.log'[/repr.filename]…
Running 'OpenROAD.RCX' at 'runs/RUN_2025-03-06_16-03-51/54-openroad-rcx'…
Running RCX for corners matching nom_* (/home/thanh/NCO/runs/RUN_2025-03-06_16-03-51/54-openroad-rcx/nom/rcx.log)…
Running RCX for corners matching min_* (/home/thanh/NCO/runs/RUN_2025-03-06_16-03-51/54-openroad-rcx/min/rcx.log)…
Running RCX for corners matching max_* (/home/thanh/NCO/runs/RUN_2025-03-06_16-03-51/54-openroad-rcx/max/rcx.log)…
Logging subprocess to [repr.filename]'runs/RUN_2025-03-06_16-03-51/54-openroad-rcx/nom/rcx.log'[/repr.filename]…
Logging subprocess to [repr.filename]'runs/RUN_2025-03-06_16-03-51/54-openroad-rcx/max/rcx.log'[/repr.filename]…
Logging subprocess to [repr.filename]'runs/RUN_2025-03-06_16-03-51/54-openroad-rcx/min/rcx.log'[/repr.filename]…
Finished RCX for corners matching nom_*.
Finished RCX for corners matching max_*.
Finished RCX for corners matching min_*.
Running 'OpenROAD.STAPostPNR' at 'runs/RUN_2025-03-06_16-03-51/55-openroad-stapostpnr'…
Starting STA for the nom_tt_025C_1v80 timing corner…
Starting STA for the nom_ss_100C_1v60 timing corner…
Starting STA for the nom_ff_n40C_1v95 timing corner…
Starting STA for the min_tt_025C_1v80 timing corner…
Starting STA for the min_ss_100C_1v60 timing corner…
Starting STA for the min_ff_n40C_1v95 timing corner…
Logging subprocess to [repr.filename]'runs/RUN_2025-03-06_16-03-51/55-openroad-stapostpnr/nom_tt_025C_1v80/sta.log'[/repr.filename]…
Starting STA for the max_tt_025C_1v80 timing corner…
Starting STA for the max_ss_100C_1v60 timing corner…
Starting STA for the max_ff_n40C_1v95 timing corner…
Logging subprocess to [repr.filename]'runs/RUN_2025-03-06_16-03-51/55-openroad-stapostpnr/nom_ss_100C_1v60/sta.log'[/repr.filename]…
Logging subprocess to [repr.filename]'runs/RUN_2025-03-06_16-03-51/55-openroad-stapostpnr/min_tt_025C_1v80/sta.log'[/repr.filename]…
Logging subprocess to [repr.filename]'runs/RUN_2025-03-06_16-03-51/55-openroad-stapostpnr/min_ss_100C_1v60/sta.log'[/repr.filename]…
Logging subprocess to [repr.filename]'runs/RUN_2025-03-06_16-03-51/55-openroad-stapostpnr/nom_ff_n40C_1v95/sta.log'[/repr.filename]…
Logging subprocess to [repr.filename]'runs/RUN_2025-03-06_16-03-51/55-openroad-stapostpnr/min_ff_n40C_1v95/sta.log'[/repr.filename]…
Logging subprocess to [repr.filename]'runs/RUN_2025-03-06_16-03-51/55-openroad-stapostpnr/max_tt_025C_1v80/sta.log'[/repr.filename]…
Logging subprocess to [repr.filename]'runs/RUN_2025-03-06_16-03-51/55-openroad-stapostpnr/max_ss_100C_1v60/sta.log'[/repr.filename]…
Logging subprocess to [repr.filename]'runs/RUN_2025-03-06_16-03-51/55-openroad-stapostpnr/max_ff_n40C_1v95/sta.log'[/repr.filename]…
Finished STA for the nom_tt_025C_1v80 timing corner.
Logging subprocess to [repr.filename]'runs/RUN_2025-03-06_16-03-51/55-openroad-stapostpnr/nom_tt_025C_1v80/filter_unannotated.log'[/repr.filename]…
Finished STA for the min_tt_025C_1v80 timing corner.
Finished STA for the nom_ff_n40C_1v95 timing corner.
Logging subprocess to [repr.filename]'runs/RUN_2025-03-06_16-03-51/55-openroad-stapostpnr/min_tt_025C_1v80/filter_unannotated.log'[/repr.filename]…
Logging subprocess to [repr.filename]'runs/RUN_2025-03-06_16-03-51/55-openroad-stapostpnr/nom_ff_n40C_1v95/filter_unannotated.log'[/repr.filename]…
Finished STA for the nom_ss_100C_1v60 timing corner.
Finished STA for the max_ff_n40C_1v95 timing corner.
Finished STA for the min_ss_100C_1v60 timing corner.
Finished STA for the max_tt_025C_1v80 timing corner.
Finished STA for the max_ss_100C_1v60 timing corner.
Logging subprocess to [repr.filename]'runs/RUN_2025-03-06_16-03-51/55-openroad-stapostpnr/nom_ss_100C_1v60/filter_unannotated.log'[/repr.filename]…
Logging subprocess to [repr.filename]'runs/RUN_2025-03-06_16-03-51/55-openroad-stapostpnr/min_ss_100C_1v60/filter_unannotated.log'[/repr.filename]…
Logging subprocess to [repr.filename]'runs/RUN_2025-03-06_16-03-51/55-openroad-stapostpnr/max_ff_n40C_1v95/filter_unannotated.log'[/repr.filename]…
Logging subprocess to [repr.filename]'runs/RUN_2025-03-06_16-03-51/55-openroad-stapostpnr/max_ss_100C_1v60/filter_unannotated.log'[/repr.filename]…
Logging subprocess to [repr.filename]'runs/RUN_2025-03-06_16-03-51/55-openroad-stapostpnr/max_tt_025C_1v80/filter_unannotated.log'[/repr.filename]…
Finished STA for the min_ff_n40C_1v95 timing corner.
Logging subprocess to [repr.filename]'runs/RUN_2025-03-06_16-03-51/55-openroad-stapostpnr/min_ff_n40C_1v95/filter_unannotated.log'[/repr.filename]…
Running 'OpenROAD.IRDropReport' at 'runs/RUN_2025-03-06_16-03-51/56-openroad-irdropreport'…
'VSRC_LOC_FILES' was not given a value, which may make the results of IR drop analysis inaccurate. If you are not integrating a top-level chip for manufacture, you may ignore this warning, otherwise, see the documentation for 'VSRC_LOC_FILES'.
Logging subprocess to [repr.filename]'runs/RUN_2025-03-06_16-03-51/56-openroad-irdropreport/openroad-irdropreport.log'[/repr.filename]…
[STA-1140] /home/thanh/NCO/ram256x16/ram256x16_TT_1p8V_25C.lib line 1, library ram256x16_TT_1p8V_25C_lib already exists.
[STA-1650] /home/thanh/NCO/runs/RUN_2025-03-06_16-03-51/54-openroad-rcx/nom/counter.nom.spef line 14716, net ANTENNA_mem_i1_addr1\[7\] not found.
[STA-1650] /home/thanh/NCO/runs/RUN_2025-03-06_16-03-51/54-openroad-rcx/nom/counter.nom.spef line 14831, net ANTENNA_mem_i1_addr0\[1\] not found.
[STA-1650] /home/thanh/NCO/runs/RUN_2025-03-06_16-03-51/54-openroad-rcx/nom/counter.nom.spef line 14832, net ANTENNA_mem_i1_din0\[0\] not found.
[STA-1648] /home/thanh/NCO/runs/RUN_2025-03-06_16-03-51/54-openroad-rcx/nom/counter.nom.spef line 24252, instance ANTENNA_mem_i0_addr0\[0\] not found.
[STA-1650] /home/thanh/NCO/runs/RUN_2025-03-06_16-03-51/54-openroad-rcx/nom/counter.nom.spef line 24258, net ANTENNA_mem_i0_addr0\[0\] not found.
[STA-1650] /home/thanh/NCO/runs/RUN_2025-03-06_16-03-51/54-openroad-rcx/nom/counter.nom.spef line 24274, net ANTENNA_mem_i0_addr0\[0\] not found.
[STA-1648] /home/thanh/NCO/runs/RUN_2025-03-06_16-03-51/54-openroad-rcx/nom/counter.nom.spef line 24279, instance ANTENNA_mem_i1_addr0\[1\] not found.
[STA-1650] /home/thanh/NCO/runs/RUN_2025-03-06_16-03-51/54-openroad-rcx/nom/counter.nom.spef line 24285, net ANTENNA_mem_i1_addr0\[1\] not found.
[STA-1650] /home/thanh/NCO/runs/RUN_2025-03-06_16-03-51/54-openroad-rcx/nom/counter.nom.spef line 24291, net ANTENNA_mem_i1_addr0\[1\] not found.
[STA-1650] /home/thanh/NCO/runs/RUN_2025-03-06_16-03-51/54-openroad-rcx/nom/counter.nom.spef line 24292, net ANTENNA_mem_i1_addr0\[1\] not found.
[STA-1650] /home/thanh/NCO/runs/RUN_2025-03-06_16-03-51/54-openroad-rcx/nom/counter.nom.spef line 24293, net ANTENNA_mem_i1_addr0\[1\] not found.
[STA-1650] /home/thanh/NCO/runs/RUN_2025-03-06_16-03-51/54-openroad-rcx/nom/counter.nom.spef line 24304, net ANTENNA_mem_i1_addr0\[1\] not found.
[STA-1650] /home/thanh/NCO/runs/RUN_2025-03-06_16-03-51/54-openroad-rcx/nom/counter.nom.spef line 24313, net ANTENNA_mem_i1_addr0\[1\] not found.
[STA-1648] /home/thanh/NCO/runs/RUN_2025-03-06_16-03-51/54-openroad-rcx/nom/counter.nom.spef line 24592, instance ANTENNA_mem_i0_addr1\[0\] not found.
[STA-1650] /home/thanh/NCO/runs/RUN_2025-03-06_16-03-51/54-openroad-rcx/nom/counter.nom.spef line 24616, net ANTENNA_mem_i0_addr1\[0\] not found.
[STA-1650] /home/thanh/NCO/runs/RUN_2025-03-06_16-03-51/54-openroad-rcx/nom/counter.nom.spef line 24650, net ANTENNA_mem_i0_addr1\[0\] not found.
[STA-1650] /home/thanh/NCO/runs/RUN_2025-03-06_16-03-51/54-openroad-rcx/nom/counter.nom.spef line 24741, net ANTENNA_mem_i0_addr1\[0\] not found.
[STA-1648] /home/thanh/NCO/runs/RUN_2025-03-06_16-03-51/54-openroad-rcx/nom/counter.nom.spef line 26285, instance ANTENNA_mem_i1_addr1\[1\] not found.
[STA-1650] /home/thanh/NCO/runs/RUN_2025-03-06_16-03-51/54-openroad-rcx/nom/counter.nom.spef line 26291, net ANTENNA_mem_i1_addr1\[1\] not found.
[STA-1650] /home/thanh/NCO/runs/RUN_2025-03-06_16-03-51/54-openroad-rcx/nom/counter.nom.spef line 26312, net ANTENNA_mem_i1_addr1\[2\] not found.
[STA-1650] /home/thanh/NCO/runs/RUN_2025-03-06_16-03-51/54-openroad-rcx/nom/counter.nom.spef line 26313, net ANTENNA_mem_i1_addr1\[3\] not found.
[STA-1650] /home/thanh/NCO/runs/RUN_2025-03-06_16-03-51/54-openroad-rcx/nom/counter.nom.spef line 26334, net ANTENNA_mem_i1_addr1\[1\] not found.
[STA-1648] /home/thanh/NCO/runs/RUN_2025-03-06_16-03-51/54-openroad-rcx/nom/counter.nom.spef line 26479, instance ANTENNA_mem_i0_addr0\[1\] not found.
[STA-1650] /home/thanh/NCO/runs/RUN_2025-03-06_16-03-51/54-openroad-rcx/nom/counter.nom.spef line 26485, net ANTENNA_mem_i0_addr0\[1\] not found.
[STA-1650] /home/thanh/NCO/runs/RUN_2025-03-06_16-03-51/54-openroad-rcx/nom/counter.nom.spef line 26501, net ANTENNA_mem_i0_addr0\[1\] not found.
[STA-1648] /home/thanh/NCO/runs/RUN_2025-03-06_16-03-51/54-openroad-rcx/nom/counter.nom.spef line 26617, instance ANTENNA_mem_i0_din0\[0\] not found.
[STA-1650] /home/thanh/NCO/runs/RUN_2025-03-06_16-03-51/54-openroad-rcx/nom/counter.nom.spef line 26623, net ANTENNA_mem_i0_din0\[0\] not found.
[STA-1650] /home/thanh/NCO/runs/RUN_2025-03-06_16-03-51/54-openroad-rcx/nom/counter.nom.spef line 26630, net ANTENNA_mem_i0_din0\[0\] not found.
[STA-1650] /home/thanh/NCO/runs/RUN_2025-03-06_16-03-51/54-openroad-rcx/nom/counter.nom.spef line 26631, net ANTENNA_mem_i0_din0\[1\] not found.
[STA-1650] /home/thanh/NCO/runs/RUN_2025-03-06_16-03-51/54-openroad-rcx/nom/counter.nom.spef line 26642, net ANTENNA_mem_i0_din0\[0\] not found.
[STA-1648] /home/thanh/NCO/runs/RUN_2025-03-06_16-03-51/54-openroad-rcx/nom/counter.nom.spef line 26727, instance ANTENNA_mem_i0_addr0\[2\] not found.
[STA-1650] /home/thanh/NCO/runs/RUN_2025-03-06_16-03-51/54-openroad-rcx/nom/counter.nom.spef line 26733, net ANTENNA_mem_i0_addr0\[2\] not found.
[STA-1650] /home/thanh/NCO/runs/RUN_2025-03-06_16-03-51/54-openroad-rcx/nom/counter.nom.spef line 26755, net ANTENNA_mem_i0_addr0\[2\] not found.
[STA-1648] /home/thanh/NCO/runs/RUN_2025-03-06_16-03-51/54-openroad-rcx/nom/counter.nom.spef line 26762, instance ANTENNA_mem_i0_din0\[1\] not found.
[STA-1650] /home/thanh/NCO/runs/RUN_2025-03-06_16-03-51/54-openroad-rcx/nom/counter.nom.spef line 26768, net ANTENNA_mem_i0_din0\[1\] not found.
[STA-1650] /home/thanh/NCO/runs/RUN_2025-03-06_16-03-51/54-openroad-rcx/nom/counter.nom.spef line 26775, net ANTENNA_mem_i0_din0\[1\] not found.
[STA-1650] /home/thanh/NCO/runs/RUN_2025-03-06_16-03-51/54-openroad-rcx/nom/counter.nom.spef line 26779, net ANTENNA_mem_i0_din0\[1\] not found.
[STA-1650] /home/thanh/NCO/runs/RUN_2025-03-06_16-03-51/54-openroad-rcx/nom/counter.nom.spef line 26788, net ANTENNA_mem_i0_din0\[1\] not found.
[STA-1648] /home/thanh/NCO/runs/RUN_2025-03-06_16-03-51/54-openroad-rcx/nom/counter.nom.spef line 26794, instance ANTENNA_mem_i0_din0\[2\] not found.
[STA-1650] /home/thanh/NCO/runs/RUN_2025-03-06_16-03-51/54-openroad-rcx/nom/counter.nom.spef line 26800, net ANTENNA_mem_i0_din0\[2\] not found.
[STA-1650] /home/thanh/NCO/runs/RUN_2025-03-06_16-03-51/54-openroad-rcx/nom/counter.nom.spef line 26810, net ANTENNA_mem_i0_din0\[0\] not found.
[STA-1650] /home/thanh/NCO/runs/RUN_2025-03-06_16-03-51/54-openroad-rcx/nom/counter.nom.spef line 26811, net ANTENNA_mem_i0_din0\[1\] not found.
[STA-1650] /home/thanh/NCO/runs/RUN_2025-03-06_16-03-51/54-openroad-rcx/nom/counter.nom.spef line 26818, net ANTENNA_mem_i0_din0\[2\] not found.
[STA-1648] /home/thanh/NCO/runs/RUN_2025-03-06_16-03-51/54-openroad-rcx/nom/counter.nom.spef line 26824, instance ANTENNA_mem_i0_din0\[3\] not found.
[STA-1650] /home/thanh/NCO/runs/RUN_2025-03-06_16-03-51/54-openroad-rcx/nom/counter.nom.spef line 26830, net ANTENNA_mem_i0_din0\[3\] not found.
[STA-1650] /home/thanh/NCO/runs/RUN_2025-03-06_16-03-51/54-openroad-rcx/nom/counter.nom.spef line 26837, net ANTENNA_mem_i0_din0\[3\] not found.
[STA-1650] /home/thanh/NCO/runs/RUN_2025-03-06_16-03-51/54-openroad-rcx/nom/counter.nom.spef line 26837, net ANTENNA_mem_i0_din0\[4\] not found.
[STA-1650] /home/thanh/NCO/runs/RUN_2025-03-06_16-03-51/54-openroad-rcx/nom/counter.nom.spef line 26838, net ANTENNA_mem_i0_din0\[3\] not found.
[STA-1650] /home/thanh/NCO/runs/RUN_2025-03-06_16-03-51/54-openroad-rcx/nom/counter.nom.spef line 26851, net ANTENNA_mem_i0_din0\[3\] not found.
[STA-1648] /home/thanh/NCO/runs/RUN_2025-03-06_16-03-51/54-openroad-rcx/nom/counter.nom.spef line 26857, instance ANTENNA_mem_i0_din0\[4\] not found.
[STA-1650] /home/thanh/NCO/runs/RUN_2025-03-06_16-03-51/54-openroad-rcx/nom/counter.nom.spef line 26863, net ANTENNA_mem_i0_din0\[4\] not found.
[STA-1650] /home/thanh/NCO/runs/RUN_2025-03-06_16-03-51/54-openroad-rcx/nom/counter.nom.spef line 26873, net ANTENNA_mem_i0_din0\[3\] not found.
[STA-1650] /home/thanh/NCO/runs/RUN_2025-03-06_16-03-51/54-openroad-rcx/nom/counter.nom.spef line 26873, net ANTENNA_mem_i0_din0\[4\] not found.
[STA-1650] /home/thanh/NCO/runs/RUN_2025-03-06_16-03-51/54-openroad-rcx/nom/counter.nom.spef line 26874, net ANTENNA_mem_i0_din0\[3\] not found.
[STA-1650] /home/thanh/NCO/runs/RUN_2025-03-06_16-03-51/54-openroad-rcx/nom/counter.nom.spef line 26883, net ANTENNA_mem_i0_din0\[4\] not found.
[STA-1648] /home/thanh/NCO/runs/RUN_2025-03-06_16-03-51/54-openroad-rcx/nom/counter.nom.spef line 26955, instance ANTENNA_mem_i1_din0\[0\] not found.
[STA-1650] /home/thanh/NCO/runs/RUN_2025-03-06_16-03-51/54-openroad-rcx/nom/counter.nom.spef line 26961, net ANTENNA_mem_i1_din0\[0\] not found.
[STA-1650] /home/thanh/NCO/runs/RUN_2025-03-06_16-03-51/54-openroad-rcx/nom/counter.nom.spef line 26968, net ANTENNA_mem_i1_din0\[0\] not found.
[STA-1650] /home/thanh/NCO/runs/RUN_2025-03-06_16-03-51/54-openroad-rcx/nom/counter.nom.spef line 26968, net ANTENNA_mem_i1_din0\[1\] not found.
[STA-1650] /home/thanh/NCO/runs/RUN_2025-03-06_16-03-51/54-openroad-rcx/nom/counter.nom.spef line 26969, net ANTENNA_mem_i1_din0\[1\] not found.
[STA-1650] /home/thanh/NCO/runs/RUN_2025-03-06_16-03-51/54-openroad-rcx/nom/counter.nom.spef line 26979, net ANTENNA_mem_i1_din0\[0\] not found.
[STA-1650] /home/thanh/NCO/runs/RUN_2025-03-06_16-03-51/54-openroad-rcx/nom/counter.nom.spef line 26988, net ANTENNA_mem_i1_din0\[0\] not found.
[STA-1648] /home/thanh/NCO/runs/RUN_2025-03-06_16-03-51/54-openroad-rcx/nom/counter.nom.spef line 26995, instance ANTENNA_mem_i0_addr0\[3\] not found.
[STA-1650] /home/thanh/NCO/runs/RUN_2025-03-06_16-03-51/54-openroad-rcx/nom/counter.nom.spef line 27001, net ANTENNA_mem_i0_addr0\[3\] not found.
[STA-1650] /home/thanh/NCO/runs/RUN_2025-03-06_16-03-51/54-openroad-rcx/nom/counter.nom.spef line 27023, net ANTENNA_mem_i0_addr0\[3\] not found.
[STA-1648] /home/thanh/NCO/runs/RUN_2025-03-06_16-03-51/54-openroad-rcx/nom/counter.nom.spef line 27030, instance ANTENNA_mem_i1_din0\[10\] not found.
[STA-1650] /home/thanh/NCO/runs/RUN_2025-03-06_16-03-51/54-openroad-rcx/nom/counter.nom.spef line 27036, net ANTENNA_mem_i1_din0\[10\] not found.
[STA-1650] /home/thanh/NCO/runs/RUN_2025-03-06_16-03-51/54-openroad-rcx/nom/counter.nom.spef line 27060, net ANTENNA_mem_i1_din0\[10\] not found.
[STA-1648] /home/thanh/NCO/runs/RUN_2025-03-06_16-03-51/54-openroad-rcx/nom/counter.nom.spef line 27067, instance ANTENNA_mem_i1_din0\[11\] not found.
[STA-1650] /home/thanh/NCO/runs/RUN_2025-03-06_16-03-51/54-openroad-rcx/nom/counter.nom.spef line 27073, net ANTENNA_mem_i1_din0\[11\] not found.
[STA-1650] /home/thanh/NCO/runs/RUN_2025-03-06_16-03-51/54-openroad-rcx/nom/counter.nom.spef line 27107, net ANTENNA_mem_i1_din0\[11\] not found.
[STA-1648] /home/thanh/NCO/runs/RUN_2025-03-06_16-03-51/54-openroad-rcx/nom/counter.nom.spef line 27114, instance ANTENNA_mem_i1_din0\[12\] not found.
[STA-1650] /home/thanh/NCO/runs/RUN_2025-03-06_16-03-51/54-openroad-rcx/nom/counter.nom.spef line 27120, net ANTENNA_mem_i1_din0\[12\] not found.
[STA-1650] /home/thanh/NCO/runs/RUN_2025-03-06_16-03-51/54-openroad-rcx/nom/counter.nom.spef line 27148, net ANTENNA_mem_i1_din0\[12\] not found.
[STA-1648] /home/thanh/NCO/runs/RUN_2025-03-06_16-03-51/54-openroad-rcx/nom/counter.nom.spef line 27154, instance ANTENNA_mem_i1_din0\[13\] not found.
[STA-1650] /home/thanh/NCO/runs/RUN_2025-03-06_16-03-51/54-openroad-rcx/nom/counter.nom.spef line 27160, net ANTENNA_mem_i1_din0\[13\] not found.
[STA-1650] /home/thanh/NCO/runs/RUN_2025-03-06_16-03-51/54-openroad-rcx/nom/counter.nom.spef line 27193, net ANTENNA_mem_i1_din0\[13\] not found.
[STA-1648] /home/thanh/NCO/runs/RUN_2025-03-06_16-03-51/54-openroad-rcx/nom/counter.nom.spef line 27199, instance ANTENNA_mem_i1_din0\[14\] not found.
[STA-1650] /home/thanh/NCO/runs/RUN_2025-03-06_16-03-51/54-openroad-rcx/nom/counter.nom.spef line 27205, net ANTENNA_mem_i1_din0\[14\] not found.
[STA-1650] /home/thanh/NCO/runs/RUN_2025-03-06_16-03-51/54-openroad-rcx/nom/counter.nom.spef line 27226, net ANTENNA_mem_i1_din0\[14\] not found.
[STA-1648] /home/thanh/NCO/runs/RUN_2025-03-06_16-03-51/54-openroad-rcx/nom/counter.nom.spef line 27232, instance ANTENNA_mem_i1_din0\[15\] not found.
[STA-1650] /home/thanh/NCO/runs/RUN_2025-03-06_16-03-51/54-openroad-rcx/nom/counter.nom.spef line 27238, net ANTENNA_mem_i1_din0\[15\] not found.
[STA-1650] /home/thanh/NCO/runs/RUN_2025-03-06_16-03-51/54-openroad-rcx/nom/counter.nom.spef line 27267, net ANTENNA_mem_i1_din0\[15\] not found.
[STA-1648] /home/thanh/NCO/runs/RUN_2025-03-06_16-03-51/54-openroad-rcx/nom/counter.nom.spef line 27273, instance ANTENNA_mem_i1_din0\[1\] not found.
[STA-1650] /home/thanh/NCO/runs/RUN_2025-03-06_16-03-51/54-openroad-rcx/nom/counter.nom.spef line 27279, net ANTENNA_mem_i1_din0\[1\] not found.
[STA-1650] /home/thanh/NCO/runs/RUN_2025-03-06_16-03-51/54-openroad-rcx/nom/counter.nom.spef line 27295, net ANTENNA_mem_i1_addr0\[1\] not found.
[STA-1650] /home/thanh/NCO/runs/RUN_2025-03-06_16-03-51/54-openroad-rcx/nom/counter.nom.spef line 27296, net ANTENNA_mem_i1_din0\[0\] not found.
[STA-1650] /home/thanh/NCO/runs/RUN_2025-03-06_16-03-51/54-openroad-rcx/nom/counter.nom.spef line 27296, net ANTENNA_mem_i1_din0\[1\] not found.
[STA-1650] /home/thanh/NCO/runs/RUN_2025-03-06_16-03-51/54-openroad-rcx/nom/counter.nom.spef line 27297, net ANTENNA_mem_i1_din0\[1\] not found.
[STA-1650] /home/thanh/NCO/runs/RUN_2025-03-06_16-03-51/54-openroad-rcx/nom/counter.nom.spef line 27308, net ANTENNA_mem_i1_din0\[1\] not found.
[STA-1648] /home/thanh/NCO/runs/RUN_2025-03-06_16-03-51/54-openroad-rcx/nom/counter.nom.spef line 27314, instance ANTENNA_mem_i1_din0\[2\] not found.
[STA-1650] /home/thanh/NCO/runs/RUN_2025-03-06_16-03-51/54-openroad-rcx/nom/counter.nom.spef line 27320, net ANTENNA_mem_i1_din0\[2\] not found.
[STA-1650] /home/thanh/NCO/runs/RUN_2025-03-06_16-03-51/54-openroad-rcx/nom/counter.nom.spef line 27348, net ANTENNA_mem_i1_din0\[2\] not found.
[STA-1648] /home/thanh/NCO/runs/RUN_2025-03-06_16-03-51/54-openroad-rcx/nom/counter.nom.spef line 27354, instance ANTENNA_mem_i1_din0\[3\] not found.
[STA-1650] /home/thanh/NCO/runs/RUN_2025-03-06_16-03-51/54-openroad-rcx/nom/counter.nom.spef line 27360, net ANTENNA_mem_i1_din0\[3\] not found.
[STA-1650] /home/thanh/NCO/runs/RUN_2025-03-06_16-03-51/54-openroad-rcx/nom/counter.nom.spef line 27367, net ANTENNA_mem_i1_din0\[3\] not found.
[STA-1650] /home/thanh/NCO/runs/RUN_2025-03-06_16-03-51/54-openroad-rcx/nom/counter.nom.spef line 27367, net ANTENNA_mem_i1_din0\[4\] not found.
[STA-1650] /home/thanh/NCO/runs/RUN_2025-03-06_16-03-51/54-openroad-rcx/nom/counter.nom.spef line 27368, net ANTENNA_mem_i1_din0\[4\] not found.
[STA-1650] /home/thanh/NCO/runs/RUN_2025-03-06_16-03-51/54-openroad-rcx/nom/counter.nom.spef line 27383, net ANTENNA_mem_i1_din0\[3\] not found.
[STA-1648] /home/thanh/NCO/runs/RUN_2025-03-06_16-03-51/54-openroad-rcx/nom/counter.nom.spef line 27388, instance ANTENNA_mem_i1_din0\[4\] not found.
[STA-1650] /home/thanh/NCO/runs/RUN_2025-03-06_16-03-51/54-openroad-rcx/nom/counter.nom.spef line 27394, net ANTENNA_mem_i1_din0\[4\] not found.
[STA-1650] /home/thanh/NCO/runs/RUN_2025-03-06_16-03-51/54-openroad-rcx/nom/counter.nom.spef line 27402, net ANTENNA_mem_i1_din0\[4\] not found.
[STA-1650] /home/thanh/NCO/runs/RUN_2025-03-06_16-03-51/54-openroad-rcx/nom/counter.nom.spef line 27412, net ANTENNA_mem_i1_addr0\[1\] not found.
[STA-1650] /home/thanh/NCO/runs/RUN_2025-03-06_16-03-51/54-openroad-rcx/nom/counter.nom.spef line 27413, net ANTENNA_mem_i1_din0\[3\] not found.
[STA-1650] /home/thanh/NCO/runs/RUN_2025-03-06_16-03-51/54-openroad-rcx/nom/counter.nom.spef line 27413, net ANTENNA_mem_i1_din0\[4\] not found.
[STA-1650] /home/thanh/NCO/runs/RUN_2025-03-06_16-03-51/54-openroad-rcx/nom/counter.nom.spef line 27417, net ANTENNA_mem_i1_din0\[4\] not found.
[STA-1650] /home/thanh/NCO/runs/RUN_2025-03-06_16-03-51/54-openroad-rcx/nom/counter.nom.spef line 27433, net ANTENNA_mem_i1_din0\[4\] not found.
[STA-1648] /home/thanh/NCO/runs/RUN_2025-03-06_16-03-51/54-openroad-rcx/nom/counter.nom.spef line 27439, instance ANTENNA_mem_i0_addr0\[4\] not found.
[STA-1650] /home/thanh/NCO/runs/RUN_2025-03-06_16-03-51/54-openroad-rcx/nom/counter.nom.spef line 27445, net ANTENNA_mem_i0_addr0\[4\] not found.
[STA-1650] /home/thanh/NCO/runs/RUN_2025-03-06_16-03-51/54-openroad-rcx/nom/counter.nom.spef line 27467, net ANTENNA_mem_i0_addr0\[4\] not found.
[STA-1648] /home/thanh/NCO/runs/RUN_2025-03-06_16-03-51/54-openroad-rcx/nom/counter.nom.spef line 27475, instance ANTENNA_mem_i1_din0\[5\] not found.
[STA-1650] /home/thanh/NCO/runs/RUN_2025-03-06_16-03-51/54-openroad-rcx/nom/counter.nom.spef line 27481, net ANTENNA_mem_i1_din0\[5\] not found.
[STA-1650] /home/thanh/NCO/runs/RUN_2025-03-06_16-03-51/54-openroad-rcx/nom/counter.nom.spef line 27510, net ANTENNA_mem_i1_din0\[5\] not found.
[STA-1648] /home/thanh/NCO/runs/RUN_2025-03-06_16-03-51/54-openroad-rcx/nom/counter.nom.spef line 27517, instance ANTENNA_mem_i1_din0\[6\] not found.
[STA-1650] /home/thanh/NCO/runs/RUN_2025-03-06_16-03-51/54-openroad-rcx/nom/counter.nom.spef line 27523, net ANTENNA_mem_i1_din0\[6\] not found.
[STA-1650] /home/thanh/NCO/runs/RUN_2025-03-06_16-03-51/54-openroad-rcx/nom/counter.nom.spef line 27529, net ANTENNA_mem_i1_din0\[6\] not found.
[STA-1650] /home/thanh/NCO/runs/RUN_2025-03-06_16-03-51/54-openroad-rcx/nom/counter.nom.spef line 27538, net ANTENNA_mem_i1_din0\[4\] not found.
[STA-1650] /home/thanh/NCO/runs/RUN_2025-03-06_16-03-51/54-openroad-rcx/nom/counter.nom.spef line 27556, net ANTENNA_mem_i1_din0\[6\] not found.
[STA-1648] /home/thanh/NCO/runs/RUN_2025-03-06_16-03-51/54-openroad-rcx/nom/counter.nom.spef line 27562, instance ANTENNA_mem_i1_din0\[7\] not found.
[STA-1650] /home/thanh/NCO/runs/RUN_2025-03-06_16-03-51/54-openroad-rcx/nom/counter.nom.spef line 27568, net ANTENNA_mem_i1_din0\[7\] not found.
[STA-1650] /home/thanh/NCO/runs/RUN_2025-03-06_16-03-51/54-openroad-rcx/nom/counter.nom.spef line 27582, net ANTENNA_mem_i1_din0\[6\] not found.
[STA-1650] /home/thanh/NCO/runs/RUN_2025-03-06_16-03-51/54-openroad-rcx/nom/counter.nom.spef line 27598, net ANTENNA_mem_i1_din0\[7\] not found.
[STA-1648] /home/thanh/NCO/runs/RUN_2025-03-06_16-03-51/54-openroad-rcx/nom/counter.nom.spef line 27604, instance ANTENNA_mem_i1_din0\[8\] not found.
[STA-1650] /home/thanh/NCO/runs/RUN_2025-03-06_16-03-51/54-openroad-rcx/nom/counter.nom.spef line 27610, net ANTENNA_mem_i1_din0\[8\] not found.
[STA-1650] /home/thanh/NCO/runs/RUN_2025-03-06_16-03-51/54-openroad-rcx/nom/counter.nom.spef line 27617, net ANTENNA_mem_i1_din0\[8\] not found.
[STA-1650] /home/thanh/NCO/runs/RUN_2025-03-06_16-03-51/54-openroad-rcx/nom/counter.nom.spef line 27617, net ANTENNA_mem_i1_din0\[9\] not found.
[STA-1650] /home/thanh/NCO/runs/RUN_2025-03-06_16-03-51/54-openroad-rcx/nom/counter.nom.spef line 27618, net ANTENNA_mem_i1_din0\[9\] not found.
[STA-1650] /home/thanh/NCO/runs/RUN_2025-03-06_16-03-51/54-openroad-rcx/nom/counter.nom.spef line 27635, net ANTENNA_mem_i1_din0\[8\] not found.
[STA-1648] /home/thanh/NCO/runs/RUN_2025-03-06_16-03-51/54-openroad-rcx/nom/counter.nom.spef line 27641, instance ANTENNA_mem_i1_din0\[9\] not found.
[STA-1650] /home/thanh/NCO/runs/RUN_2025-03-06_16-03-51/54-openroad-rcx/nom/counter.nom.spef line 27647, net ANTENNA_mem_i1_din0\[9\] not found.
[STA-1650] /home/thanh/NCO/runs/RUN_2025-03-06_16-03-51/54-openroad-rcx/nom/counter.nom.spef line 27659, net ANTENNA_mem_i1_din0\[8\] not found.
[STA-1650] /home/thanh/NCO/runs/RUN_2025-03-06_16-03-51/54-openroad-rcx/nom/counter.nom.spef line 27659, net ANTENNA_mem_i1_din0\[9\] not found.
[STA-1650] /home/thanh/NCO/runs/RUN_2025-03-06_16-03-51/54-openroad-rcx/nom/counter.nom.spef line 27660, net ANTENNA_mem_i1_din0\[9\] not found.
[STA-1650] /home/thanh/NCO/runs/RUN_2025-03-06_16-03-51/54-openroad-rcx/nom/counter.nom.spef line 27678, net ANTENNA_mem_i1_din0\[9\] not found.
[STA-1648] /home/thanh/NCO/runs/RUN_2025-03-06_16-03-51/54-openroad-rcx/nom/counter.nom.spef line 27882, instance ANTENNA_mem_i0_addr0\[5\] not found.
[STA-1650] /home/thanh/NCO/runs/RUN_2025-03-06_16-03-51/54-openroad-rcx/nom/counter.nom.spef line 27888, net ANTENNA_mem_i0_addr0\[5\] not found.
[STA-1650] /home/thanh/NCO/runs/RUN_2025-03-06_16-03-51/54-openroad-rcx/nom/counter.nom.spef line 27898, net ANTENNA_mem_i0_addr0\[5\] not found.
[STA-1650] /home/thanh/NCO/runs/RUN_2025-03-06_16-03-51/54-openroad-rcx/nom/counter.nom.spef line 27920, net ANTENNA_mem_i0_addr0\[5\] not found.
[STA-1648] /home/thanh/NCO/runs/RUN_2025-03-06_16-03-51/54-openroad-rcx/nom/counter.nom.spef line 28190, instance ANTENNA_mem_i0_addr0\[6\] not found.
[STA-1650] /home/thanh/NCO/runs/RUN_2025-03-06_16-03-51/54-openroad-rcx/nom/counter.nom.spef line 28196, net ANTENNA_mem_i0_addr0\[6\] not found.
[STA-1650] /home/thanh/NCO/runs/RUN_2025-03-06_16-03-51/54-openroad-rcx/nom/counter.nom.spef line 28203, net ANTENNA_mem_i0_addr0\[6\] not found.
[STA-1650] /home/thanh/NCO/runs/RUN_2025-03-06_16-03-51/54-openroad-rcx/nom/counter.nom.spef line 28206, net ANTENNA_mem_i0_addr0\[5\] not found.
[STA-1650] /home/thanh/NCO/runs/RUN_2025-03-06_16-03-51/54-openroad-rcx/nom/counter.nom.spef line 28220, net ANTENNA_mem_i0_addr0\[6\] not found.
[STA-1648] /home/thanh/NCO/runs/RUN_2025-03-06_16-03-51/54-openroad-rcx/nom/counter.nom.spef line 28712, instance ANTENNA_mem_i0_addr0\[7\] not found.
[STA-1650] /home/thanh/NCO/runs/RUN_2025-03-06_16-03-51/54-openroad-rcx/nom/counter.nom.spef line 28718, net ANTENNA_mem_i0_addr0\[7\] not found.
[STA-1650] /home/thanh/NCO/runs/RUN_2025-03-06_16-03-51/54-openroad-rcx/nom/counter.nom.spef line 28728, net ANTENNA_mem_i0_addr0\[6\] not found.
[STA-1650] /home/thanh/NCO/runs/RUN_2025-03-06_16-03-51/54-openroad-rcx/nom/counter.nom.spef line 28736, net ANTENNA_mem_i0_addr0\[7\] not found.
[STA-1650] /home/thanh/NCO/runs/RUN_2025-03-06_16-03-51/54-openroad-rcx/nom/counter.nom.spef line 28971, net ANTENNA_mem_i1_addr1\[4\] not found.
[STA-1648] /home/thanh/NCO/runs/RUN_2025-03-06_16-03-51/54-openroad-rcx/nom/counter.nom.spef line 29091, instance ANTENNA_mem_i1_addr0\[0\] not found.
[STA-1650] /home/thanh/NCO/runs/RUN_2025-03-06_16-03-51/54-openroad-rcx/nom/counter.nom.spef line 29097, net ANTENNA_mem_i1_addr0\[0\] not found.
[STA-1650] /home/thanh/NCO/runs/RUN_2025-03-06_16-03-51/54-openroad-rcx/nom/counter.nom.spef line 29117, net ANTENNA_mem_i1_addr0\[0\] not found.
[STA-1650] /home/thanh/NCO/runs/RUN_2025-03-06_16-03-51/54-openroad-rcx/nom/counter.nom.spef line 30388, net ANTENNA_mem_i1_addr0\[1\] not found.
[STA-1648] /home/thanh/NCO/runs/RUN_2025-03-06_16-03-51/54-openroad-rcx/nom/counter.nom.spef line 30602, instance ANTENNA_mem_i0_dout1\[13\] not found.
[STA-1650] /home/thanh/NCO/runs/RUN_2025-03-06_16-03-51/54-openroad-rcx/nom/counter.nom.spef line 30608, net ANTENNA_mem_i0_dout1\[13\] not found.
[STA-1650] /home/thanh/NCO/runs/RUN_2025-03-06_16-03-51/54-openroad-rcx/nom/counter.nom.spef line 30623, net ANTENNA_mem_i0_dout1\[13\] not found.
[STA-1648] /home/thanh/NCO/runs/RUN_2025-03-06_16-03-51/54-openroad-rcx/nom/counter.nom.spef line 30866, instance ANTENNA_mem_i1_dout1\[11\] not found.
[STA-1650] /home/thanh/NCO/runs/RUN_2025-03-06_16-03-51/54-openroad-rcx/nom/counter.nom.spef line 30872, net ANTENNA_mem_i1_dout1\[11\] not found.
[STA-1650] /home/thanh/NCO/runs/RUN_2025-03-06_16-03-51/54-openroad-rcx/nom/counter.nom.spef line 30883, net ANTENNA_mem_i1_dout1\[11\] not found.
[STA-1648] /home/thanh/NCO/runs/RUN_2025-03-06_16-03-51/54-openroad-rcx/nom/counter.nom.spef line 30904, instance ANTENNA_mem_i1_dout1\[13\] not found.
[STA-1650] /home/thanh/NCO/runs/RUN_2025-03-06_16-03-51/54-openroad-rcx/nom/counter.nom.spef line 30910, net ANTENNA_mem_i1_dout1\[13\] not found.
[STA-1650] /home/thanh/NCO/runs/RUN_2025-03-06_16-03-51/54-openroad-rcx/nom/counter.nom.spef line 30937, net ANTENNA_mem_i1_dout1\[13\] not found.
[STA-1648] /home/thanh/NCO/runs/RUN_2025-03-06_16-03-51/54-openroad-rcx/nom/counter.nom.spef line 31007, instance ANTENNA_mem_i1_dout1\[4\] not found.
[STA-1650] /home/thanh/NCO/runs/RUN_2025-03-06_16-03-51/54-openroad-rcx/nom/counter.nom.spef line 31013, net ANTENNA_mem_i1_dout1\[4\] not found.
[STA-1650] /home/thanh/NCO/runs/RUN_2025-03-06_16-03-51/54-openroad-rcx/nom/counter.nom.spef line 31034, net ANTENNA_mem_i1_dout1\[4\] not found.
[STA-1648] /home/thanh/NCO/runs/RUN_2025-03-06_16-03-51/54-openroad-rcx/nom/counter.nom.spef line 31101, instance ANTENNA_mem_i1_addr1\[0\] not found.
[STA-1650] /home/thanh/NCO/runs/RUN_2025-03-06_16-03-51/54-openroad-rcx/nom/counter.nom.spef line 31109, net ANTENNA_mem_i1_addr1\[0\] not found.
[STA-1650] /home/thanh/NCO/runs/RUN_2025-03-06_16-03-51/54-openroad-rcx/nom/counter.nom.spef line 31129, net ANTENNA_mem_i1_addr1\[4\] not found.
[STA-1650] /home/thanh/NCO/runs/RUN_2025-03-06_16-03-51/54-openroad-rcx/nom/counter.nom.spef line 31200, net ANTENNA_mem_i1_addr1\[0\] not found.
[STA-1648] /home/thanh/NCO/runs/RUN_2025-03-06_16-03-51/54-openroad-rcx/nom/counter.nom.spef line 31301, instance ANTENNA_mem_i1_addr1\[2\] not found.
[STA-1648] /home/thanh/NCO/runs/RUN_2025-03-06_16-03-51/54-openroad-rcx/nom/counter.nom.spef line 31310, instance ANTENNA_mem_i0_addr1\[2\] not found.
[STA-1650] /home/thanh/NCO/runs/RUN_2025-03-06_16-03-51/54-openroad-rcx/nom/counter.nom.spef line 31319, net ANTENNA_mem_i1_addr1\[2\] not found.
[STA-1650] /home/thanh/NCO/runs/RUN_2025-03-06_16-03-51/54-openroad-rcx/nom/counter.nom.spef line 31328, net ANTENNA_mem_i0_addr1\[2\] not found.
[STA-1650] /home/thanh/NCO/runs/RUN_2025-03-06_16-03-51/54-openroad-rcx/nom/counter.nom.spef line 31375, net ANTENNA_mem_i1_addr1\[3\] not found.
[STA-1650] /home/thanh/NCO/runs/RUN_2025-03-06_16-03-51/54-openroad-rcx/nom/counter.nom.spef line 31417, net ANTENNA_mem_i1_addr1\[2\] not found.
[STA-1650] /home/thanh/NCO/runs/RUN_2025-03-06_16-03-51/54-openroad-rcx/nom/counter.nom.spef line 31444, net ANTENNA_mem_i0_addr1\[2\] not found.
[STA-1650] /home/thanh/NCO/runs/RUN_2025-03-06_16-03-51/54-openroad-rcx/nom/counter.nom.spef line 31462, net ANTENNA_mem_i1_addr1\[2\] not found.
[STA-1648] /home/thanh/NCO/runs/RUN_2025-03-06_16-03-51/54-openroad-rcx/nom/counter.nom.spef line 31466, instance ANTENNA_mem_i1_addr1\[3\] not found.
[STA-1648] /home/thanh/NCO/runs/RUN_2025-03-06_16-03-51/54-openroad-rcx/nom/counter.nom.spef line 31468, instance ANTENNA_mem_i0_addr1\[3\] not found.
[STA-1650] /home/thanh/NCO/runs/RUN_2025-03-06_16-03-51/54-openroad-rcx/nom/counter.nom.spef line 31480, net ANTENNA_mem_i1_addr1\[3\] not found.
[STA-1650] /home/thanh/NCO/runs/RUN_2025-03-06_16-03-51/54-openroad-rcx/nom/counter.nom.spef line 31482, net ANTENNA_mem_i0_addr1\[3\] not found.
[STA-1650] /home/thanh/NCO/runs/RUN_2025-03-06_16-03-51/54-openroad-rcx/nom/counter.nom.spef line 31502, net ANTENNA_mem_i0_addr1\[3\] not found.
[STA-1650] /home/thanh/NCO/runs/RUN_2025-03-06_16-03-51/54-openroad-rcx/nom/counter.nom.spef line 31503, net ANTENNA_mem_i1_addr1\[3\] not found.
[STA-1650] /home/thanh/NCO/runs/RUN_2025-03-06_16-03-51/54-openroad-rcx/nom/counter.nom.spef line 31503, net ANTENNA_mem_i1_addr1\[4\] not found.
[STA-1650] /home/thanh/NCO/runs/RUN_2025-03-06_16-03-51/54-openroad-rcx/nom/counter.nom.spef line 31505, net ANTENNA_mem_i1_addr1\[4\] not found.
[STA-1650] /home/thanh/NCO/runs/RUN_2025-03-06_16-03-51/54-openroad-rcx/nom/counter.nom.spef line 31540, net ANTENNA_mem_i1_addr1\[3\] not found.
[STA-1650] /home/thanh/NCO/runs/RUN_2025-03-06_16-03-51/54-openroad-rcx/nom/counter.nom.spef line 31558, net ANTENNA_mem_i1_addr1\[3\] not found.
[STA-1650] /home/thanh/NCO/runs/RUN_2025-03-06_16-03-51/54-openroad-rcx/nom/counter.nom.spef line 31577, net ANTENNA_mem_i0_addr1\[3\] not found.
[STA-1650] /home/thanh/NCO/runs/RUN_2025-03-06_16-03-51/54-openroad-rcx/nom/counter.nom.spef line 31580, net ANTENNA_mem_i1_addr1\[3\] not found.
[STA-1648] /home/thanh/NCO/runs/RUN_2025-03-06_16-03-51/54-openroad-rcx/nom/counter.nom.spef line 31586, instance ANTENNA_mem_i0_addr1\[4\] not found.
[STA-1648] /home/thanh/NCO/runs/RUN_2025-03-06_16-03-51/54-openroad-rcx/nom/counter.nom.spef line 31588, instance ANTENNA_mem_i1_addr1\[4\] not found.
[STA-1650] /home/thanh/NCO/runs/RUN_2025-03-06_16-03-51/54-openroad-rcx/nom/counter.nom.spef line 31604, net ANTENNA_mem_i0_addr1\[4\] not found.
[STA-1650] /home/thanh/NCO/runs/RUN_2025-03-06_16-03-51/54-openroad-rcx/nom/counter.nom.spef line 31606, net ANTENNA_mem_i1_addr1\[4\] not found.
[STA-1650] /home/thanh/NCO/runs/RUN_2025-03-06_16-03-51/54-openroad-rcx/nom/counter.nom.spef line 31650, net ANTENNA_mem_i0_addr1\[3\] not found.
[STA-1650] /home/thanh/NCO/runs/RUN_2025-03-06_16-03-51/54-openroad-rcx/nom/counter.nom.spef line 31651, net ANTENNA_mem_i1_addr1\[3\] not found.
[STA-1650] /home/thanh/NCO/runs/RUN_2025-03-06_16-03-51/54-openroad-rcx/nom/counter.nom.spef line 31651, net ANTENNA_mem_i1_addr1\[4\] not found.
[STA-1650] /home/thanh/NCO/runs/RUN_2025-03-06_16-03-51/54-openroad-rcx/nom/counter.nom.spef line 31691, net ANTENNA_mem_i1_addr1\[4\] not found.
[STA-1650] /home/thanh/NCO/runs/RUN_2025-03-06_16-03-51/54-openroad-rcx/nom/counter.nom.spef line 31711, net ANTENNA_mem_i1_addr1\[4\] not found.
[STA-1650] /home/thanh/NCO/runs/RUN_2025-03-06_16-03-51/54-openroad-rcx/nom/counter.nom.spef line 31714, net ANTENNA_mem_i1_addr1\[4\] not found.
[STA-1650] /home/thanh/NCO/runs/RUN_2025-03-06_16-03-51/54-openroad-rcx/nom/counter.nom.spef line 31750, net ANTENNA_mem_i1_addr1\[4\] not found.
[STA-1650] /home/thanh/NCO/runs/RUN_2025-03-06_16-03-51/54-openroad-rcx/nom/counter.nom.spef line 31754, net ANTENNA_mem_i0_addr1\[4\] not found.
[STA-1648] /home/thanh/NCO/runs/RUN_2025-03-06_16-03-51/54-openroad-rcx/nom/counter.nom.spef line 31763, instance ANTENNA_mem_i0_addr1\[5\] not found.
[STA-1648] /home/thanh/NCO/runs/RUN_2025-03-06_16-03-51/54-openroad-rcx/nom/counter.nom.spef line 31768, instance ANTENNA_mem_i1_addr1\[5\] not found.
[STA-1650] /home/thanh/NCO/runs/RUN_2025-03-06_16-03-51/54-openroad-rcx/nom/counter.nom.spef line 31777, net ANTENNA_mem_i0_addr1\[5\] not found.
[STA-1650] /home/thanh/NCO/runs/RUN_2025-03-06_16-03-51/54-openroad-rcx/nom/counter.nom.spef line 31782, net ANTENNA_mem_i1_addr1\[5\] not found.
[STA-1650] /home/thanh/NCO/runs/RUN_2025-03-06_16-03-51/54-openroad-rcx/nom/counter.nom.spef line 31803, net ANTENNA_mem_i0_addr1\[5\] not found.
[STA-1650] /home/thanh/NCO/runs/RUN_2025-03-06_16-03-51/54-openroad-rcx/nom/counter.nom.spef line 31803, net ANTENNA_mem_i0_addr1\[6\] not found.
[STA-1650] /home/thanh/NCO/runs/RUN_2025-03-06_16-03-51/54-openroad-rcx/nom/counter.nom.spef line 31811, net ANTENNA_mem_i1_addr1\[7\] not found.
[STA-1650] /home/thanh/NCO/runs/RUN_2025-03-06_16-03-51/54-openroad-rcx/nom/counter.nom.spef line 31816, net ANTENNA_mem_i0_addr1\[6\] not found.
[STA-1650] /home/thanh/NCO/runs/RUN_2025-03-06_16-03-51/54-openroad-rcx/nom/counter.nom.spef line 31859, net ANTENNA_mem_i1_addr1\[5\] not found.
[STA-1650] /home/thanh/NCO/runs/RUN_2025-03-06_16-03-51/54-openroad-rcx/nom/counter.nom.spef line 31876, net ANTENNA_mem_i0_addr1\[5\] not found.
[STA-1648] /home/thanh/NCO/runs/RUN_2025-03-06_16-03-51/54-openroad-rcx/nom/counter.nom.spef line 31885, instance ANTENNA_mem_i1_addr1\[6\] not found.
[STA-1648] /home/thanh/NCO/runs/RUN_2025-03-06_16-03-51/54-openroad-rcx/nom/counter.nom.spef line 31887, instance ANTENNA_mem_i0_addr1\[6\] not found.
[STA-1650] /home/thanh/NCO/runs/RUN_2025-03-06_16-03-51/54-openroad-rcx/nom/counter.nom.spef line 31903, net ANTENNA_mem_i1_addr1\[6\] not found.
[STA-1650] /home/thanh/NCO/runs/RUN_2025-03-06_16-03-51/54-openroad-rcx/nom/counter.nom.spef line 31905, net ANTENNA_mem_i0_addr1\[6\] not found.
[STA-1650] /home/thanh/NCO/runs/RUN_2025-03-06_16-03-51/54-openroad-rcx/nom/counter.nom.spef line 31935, net ANTENNA_mem_i0_addr1\[6\] not found.
[STA-1650] /home/thanh/NCO/runs/RUN_2025-03-06_16-03-51/54-openroad-rcx/nom/counter.nom.spef line 31935, net ANTENNA_mem_i0_addr1\[7\] not found.
[STA-1650] /home/thanh/NCO/runs/RUN_2025-03-06_16-03-51/54-openroad-rcx/nom/counter.nom.spef line 31936, net ANTENNA_mem_i0_addr1\[7\] not found.
[STA-1650] /home/thanh/NCO/runs/RUN_2025-03-06_16-03-51/54-openroad-rcx/nom/counter.nom.spef line 31951, net ANTENNA_mem_i0_addr1\[5\] not found.
[STA-1650] /home/thanh/NCO/runs/RUN_2025-03-06_16-03-51/54-openroad-rcx/nom/counter.nom.spef line 31951, net ANTENNA_mem_i0_addr1\[6\] not found.
[STA-1650] /home/thanh/NCO/runs/RUN_2025-03-06_16-03-51/54-openroad-rcx/nom/counter.nom.spef line 32025, net ANTENNA_mem_i0_addr1\[6\] not found.
[STA-1650] /home/thanh/NCO/runs/RUN_2025-03-06_16-03-51/54-openroad-rcx/nom/counter.nom.spef line 32054, net ANTENNA_mem_i0_addr1\[6\] not found.
[STA-1650] /home/thanh/NCO/runs/RUN_2025-03-06_16-03-51/54-openroad-rcx/nom/counter.nom.spef line 32057, net ANTENNA_mem_i1_addr1\[6\] not found.
[STA-1648] /home/thanh/NCO/runs/RUN_2025-03-06_16-03-51/54-openroad-rcx/nom/counter.nom.spef line 32065, instance ANTENNA_mem_i0_addr1\[7\] not found.
[STA-1648] /home/thanh/NCO/runs/RUN_2025-03-06_16-03-51/54-openroad-rcx/nom/counter.nom.spef line 32069, instance ANTENNA_mem_i1_addr1\[7\] not found.
[STA-1650] /home/thanh/NCO/runs/RUN_2025-03-06_16-03-51/54-openroad-rcx/nom/counter.nom.spef line 32079, net ANTENNA_mem_i0_addr1\[7\] not found.
[STA-1650] /home/thanh/NCO/runs/RUN_2025-03-06_16-03-51/54-openroad-rcx/nom/counter.nom.spef line 32083, net ANTENNA_mem_i1_addr1\[7\] not found.
[STA-1650] /home/thanh/NCO/runs/RUN_2025-03-06_16-03-51/54-openroad-rcx/nom/counter.nom.spef line 32107, net ANTENNA_mem_i0_addr1\[0\] not found.
[STA-1650] /home/thanh/NCO/runs/RUN_2025-03-06_16-03-51/54-openroad-rcx/nom/counter.nom.spef line 32108, net ANTENNA_mem_i0_addr1\[6\] not found.
[STA-1650] /home/thanh/NCO/runs/RUN_2025-03-06_16-03-51/54-openroad-rcx/nom/counter.nom.spef line 32108, net ANTENNA_mem_i0_addr1\[7\] not found.
[STA-1650] /home/thanh/NCO/runs/RUN_2025-03-06_16-03-51/54-openroad-rcx/nom/counter.nom.spef line 32130, net ANTENNA_mem_i0_addr1\[7\] not found.
[STA-1650] /home/thanh/NCO/runs/RUN_2025-03-06_16-03-51/54-openroad-rcx/nom/counter.nom.spef line 32135, net ANTENNA_mem_i1_addr1\[7\] not found.
[STA-1650] /home/thanh/NCO/runs/RUN_2025-03-06_16-03-51/54-openroad-rcx/nom/counter.nom.spef line 32165, net ANTENNA_mem_i1_addr1\[7\] not found.
[STA-1650] /home/thanh/NCO/runs/RUN_2025-03-06_16-03-51/54-openroad-rcx/nom/counter.nom.spef line 32191, net ANTENNA_mem_i1_addr1\[7\] not found.
[STA-1650] /home/thanh/NCO/runs/RUN_2025-03-06_16-03-51/54-openroad-rcx/nom/counter.nom.spef line 32203, net ANTENNA_mem_i0_addr1\[7\] not found.
[INFO PSM-0040] All shapes on net vccd1 are connected.
########## IR report #################
Net              : vccd1
Corner           : nom_tt_025C_1v80
Supply voltage   : 1.80e+00 V
Worstcase voltage: -6.25e+06 V
Average voltage  : -4.31e+03 V
Average IR drop  : 4.31e+03 V
Worstcase IR drop: 6.25e+06 V
Percentage drop  : 347437024.00 %
######################################
[INFO PSM-0040] All shapes on net vssd1 are connected.
########## IR report #################
Net              : vssd1
Corner           : nom_tt_025C_1v80
Supply voltage   : 0.00e+00 V
Worstcase voltage: 6.08e+06 V
Average voltage  : 4.12e+03 V
Average IR drop  : 4.12e+03 V
Worstcase IR drop: 6.08e+06 V
Percentage drop  : 337774432.00 %
######################################

Running 'Magic.StreamOut' at 'runs/RUN_2025-03-06_16-03-51/57-magic-streamout'…
Logging subprocess to [repr.filename]'runs/RUN_2025-03-06_16-03-51/57-magic-streamout/ram256x16.get_bbox.log'[/repr.filename]…
Error while reading cell "sky130_fd_bd_sram__openram_dp_cell" (byte position 4767074): Unknown layer/datatype in boundary, layer=33 type=42

Error while reading cell "sky130_fd_bd_sram__openram_dp_cell" (byte position 4770850): Unknown layer/datatype in boundary, layer=33 type=43

Error while reading cell "sky130_fd_bd_sram__openram_dp_cell" (byte position 4775042): Unknown layer/datatype in boundary, layer=22 type=21

Error while reading cell "sky130_fd_bd_sram__openram_dp_cell" (byte position 4781570): Unknown layer/datatype in boundary, layer=22 type=22

Error while reading cell "sky130_fd_bd_sram__openram_dp_cell" (byte position 4785954): Unknown layer/datatype in boundary, layer=235 type=0

Error while reading cell "sky130_fd_bd_sram__openram_dp_cell_replica" (byte position 4853746): Unknown layer/datatype in boundary, layer=33 type=42

Error while reading cell "sky130_fd_bd_sram__openram_dp_cell_replica" (byte position 4857522): Unknown layer/datatype in boundary, layer=33 type=43

Error while reading cell "sky130_fd_bd_sram__openram_dp_cell_replica" (byte position 4861714): Unknown layer/datatype in boundary, layer=22 type=21

Error while reading cell "sky130_fd_bd_sram__openram_dp_cell_replica" (byte position 4868242): Unknown layer/datatype in boundary, layer=22 type=22

Error while reading cell "sky130_fd_bd_sram__openram_dp_cell_replica" (byte position 4872626): Unknown layer/datatype in boundary, layer=235 type=0

Error while reading cell "sky130_fd_bd_sram__openram_dp_cell_dummy" (byte position 4881816): Unknown layer/datatype in boundary, layer=33 type=42

Error while reading cell "sky130_fd_bd_sram__openram_dp_cell_dummy" (byte position 4885592): Unknown layer/datatype in boundary, layer=33 type=43

Error while reading cell "sky130_fd_bd_sram__openram_dp_cell_dummy" (byte position 4889784): Unknown layer/datatype in boundary, layer=22 type=21

Error while reading cell "sky130_fd_bd_sram__openram_dp_cell_dummy" (byte position 4894648): Unknown layer/datatype in boundary, layer=22 type=22

Error while reading cell "sky130_fd_bd_sram__openram_dp_cell_dummy" (byte position 4898904): Unknown layer/datatype in boundary, layer=235 type=0

Error while reading cell "sky130_fd_bd_sram__openram_dp_cell_cap_row" (byte position 5221650): Unknown layer/datatype in boundary, layer=33 type=42

Error while reading cell "sky130_fd_bd_sram__openram_dp_cell_cap_row" (byte position 5222354): Unknown layer/datatype in boundary, layer=33 type=43

Error while reading cell "sky130_fd_bd_sram__openram_dp_cell_cap_row" (byte position 5223378): Unknown layer/datatype in boundary, layer=22 type=21

Logging subprocess to [repr.filename]'runs/RUN_2025-03-06_16-03-51/57-magic-streamout/magic-streamout.log'[/repr.filename]…
Running 'KLayout.StreamOut' at 'runs/RUN_2025-03-06_16-03-51/58-klayout-streamout'…
Logging subprocess to [repr.filename]'runs/RUN_2025-03-06_16-03-51/58-klayout-streamout/klayout-streamout.log'[/repr.filename]…
Running 'Magic.WriteLEF' at 'runs/RUN_2025-03-06_16-03-51/59-magic-writelef'…
Logging subprocess to [repr.filename]'runs/RUN_2025-03-06_16-03-51/59-magic-writelef/magic-writelef.log'[/repr.filename]…
Running 'Odb.CheckDesignAntennaProperties' at 'runs/RUN_2025-03-06_16-03-51/60-odb-checkdesignantennaproperties'…
Logging subprocess to [repr.filename]'runs/RUN_2025-03-06_16-03-51/60-odb-checkdesignantennaproperties/odb-checkdesignantennaproperties.log'[/repr.filename]…
Running 'KLayout.XOR' at 'runs/RUN_2025-03-06_16-03-51/61-klayout-xor'…
Running XOR with 12 threads…
Logging subprocess to [repr.filename]'runs/RUN_2025-03-06_16-03-51/61-klayout-xor/klayout-xor.log'[/repr.filename]…
Running 'Checker.XOR' at 'runs/RUN_2025-03-06_16-03-51/62-checker-xor'…
Check for XOR differences clear.
Gating variable for step 'Magic.DRC' set to 'False'- the step will be skipped.
Skipping step 'DRC'…
Gating variable for step 'KLayout.DRC' set to 'False'- the step will be skipped.
Skipping step 'Design Rule Check (KLayout)'…
Gating variable for step 'Checker.MagicDRC' set to 'False'- the step will be skipped.
Skipping step 'Magic DRC Checker'…
Gating variable for step 'Checker.KLayoutDRC' set to 'False'- the step will be skipped.
Skipping step 'KLayout DRC Checker'…
Running 'Magic.SpiceExtraction' at 'runs/RUN_2025-03-06_16-03-51/63-magic-spiceextraction'…
Logging subprocess to [repr.filename]'runs/RUN_2025-03-06_16-03-51/63-magic-spiceextraction/magic-spiceextraction.log'[/repr.filename]…
Running 'Checker.IllegalOverlap' at 'runs/RUN_2025-03-06_16-03-51/64-checker-illegaloverlap'…
Check for Magic Illegal Overlap errors clear.
Running 'Netgen.LVS' at 'runs/RUN_2025-03-06_16-03-51/65-netgen-lvs'…
Logging subprocess to [repr.filename]'runs/RUN_2025-03-06_16-03-51/65-netgen-lvs/netgen-lvs.log'[/repr.filename]…
Running 'Checker.LVS' at 'runs/RUN_2025-03-06_16-03-51/66-checker-lvs'…
Check for LVS errors clear.
Gating variable for step 'Yosys.EQY' set to 'False'- the step will be skipped.
Skipping step 'Equivalence Check'…
Running 'Checker.SetupViolations' at 'runs/RUN_2025-03-06_16-03-51/67-checker-setupviolations'…
Setup violations found in the following corners:
* max_ss_100C_1v60
* min_ss_100C_1v60
* nom_ss_100C_1v60
No setup violations found
Running 'Checker.HoldViolations' at 'runs/RUN_2025-03-06_16-03-51/68-checker-holdviolations'…
No hold violations found
Running 'Checker.MaxSlewViolations' at 'runs/RUN_2025-03-06_16-03-51/69-checker-maxslewviolations'…
Max Slew violations found in the following corners:
* max_ff_n40C_1v95
* max_ss_100C_1v60
* max_tt_025C_1v80
* min_ff_n40C_1v95
* min_ss_100C_1v60
* min_tt_025C_1v80
* nom_ff_n40C_1v95
* nom_ss_100C_1v60
* nom_tt_025C_1v80
No max slew violations found
Running 'Checker.MaxCapViolations' at 'runs/RUN_2025-03-06_16-03-51/70-checker-maxcapviolations'…
Max Cap violations found in the following corners:
* max_ff_n40C_1v95
* max_ss_100C_1v60
* max_tt_025C_1v80
* min_ff_n40C_1v95
* min_ss_100C_1v60
* min_tt_025C_1v80
* nom_ff_n40C_1v95
* nom_ss_100C_1v60
* nom_tt_025C_1v80
No max cap violations found
Running 'Misc.ReportManufacturability' at 'runs/RUN_2025-03-06_16-03-51/71-misc-reportmanufacturability'…
klayout__drc_error__count not reported. KLayout.DRC may have been skipped.
magic__drc_error__count not reported. Magic.DRC may have been skipped.
Saving views to '/home/thanh/NCO/runs/RUN_2025-03-06_16-03-51/final'…
Flow complete.
