
===========================================================================
report_checks -unconstrained
===========================================================================
======================= max_ss_100C_1v60 Corner ===================================

Startpoint: rst (input port clocked by clk)
Endpoint: _081_ (recovery check against rising-edge clock clk)
Path Group: asynchronous
Path Type: max

Fanout         Cap        Slew       Delay        Time   Description
---------------------------------------------------------------------------------------------
                                  0.000000    0.000000   clock clk (rise edge)
                                  0.000000    0.000000   clock network delay (propagated)
                                  2.500000    2.500000 v input external delay
     2    0.003644    0.021734    0.011929    2.511929 v rst (in)
                                                         rst (net)
                      0.021735    0.000000    2.511929 v input26/A (sky130_fd_sc_hd__clkbuf_1)
     1    0.008341    0.107420    0.185751    2.697680 v input26/X (sky130_fd_sc_hd__clkbuf_1)
                                                         net26 (net)
                      0.107421    0.000603    2.698282 v fanout93/A (sky130_fd_sc_hd__clkbuf_8)
    21    0.113528    0.222072    0.393975    3.092258 v fanout93/X (sky130_fd_sc_hd__clkbuf_8)
                                                         net93 (net)
                      0.228455    0.029863    3.122121 v fanout91/A (sky130_fd_sc_hd__buf_4)
    10    0.053994    0.141616    0.412178    3.534299 v fanout91/X (sky130_fd_sc_hd__buf_4)
                                                         net91 (net)
                      0.141675    0.002732    3.537031 v _057_/A (sky130_fd_sc_hd__inv_2)
     1    0.006654    0.071225    0.117160    3.654191 ^ _057_/Y (sky130_fd_sc_hd__inv_2)
                                                         _010_ (net)
                      0.071227    0.000428    3.654619 ^ _081_/RESET_B (sky130_fd_sc_hd__dfrtp_1)
                                              3.654619   data arrival time

                                  5.000000    5.000000   clock clk (rise edge)
                                  0.000000    5.000000   clock source latency
     2    0.071702    0.517645    0.369777    5.369777 ^ clk (in)
                                                         clk (net)
                      0.519627    0.000000    5.369777 ^ clkbuf_0_clk/A (sky130_fd_sc_hd__clkbuf_16)
     5    0.073761    0.143506    0.473897    5.843673 ^ clkbuf_0_clk/X (sky130_fd_sc_hd__clkbuf_16)
                                                         clknet_0_clk (net)
                      0.143589    0.002119    5.845792 ^ clkbuf_1_0__f_clk/A (sky130_fd_sc_hd__clkbuf_16)
    31    0.125752    0.213294    0.367703    6.213496 ^ clkbuf_1_0__f_clk/X (sky130_fd_sc_hd__clkbuf_16)
                                                         clknet_1_0__leaf_clk (net)
                      0.213666    0.007470    6.220966 ^ _081_/CLK (sky130_fd_sc_hd__dfrtp_1)
                                 -0.250000    5.970966   clock uncertainty
                                  0.000000    5.970966   clock reconvergence pessimism
                                  0.509968    6.480934   library recovery time
                                              6.480934   data required time
---------------------------------------------------------------------------------------------
                                              6.480934   data required time
                                             -3.654619   data arrival time
---------------------------------------------------------------------------------------------
                                              2.826315   slack (MET)


Startpoint: _101_ (rising edge-triggered flip-flop clocked by clk)
Endpoint: sine_out[1] (output port clocked by clk)
Path Group: clk
Path Type: max

Fanout         Cap        Slew       Delay        Time   Description
---------------------------------------------------------------------------------------------
                                  0.000000    0.000000   clock clk (rise edge)
                                  0.000000    0.000000   clock source latency
     2    0.071702    0.517645    0.369777    0.369777 ^ clk (in)
                                                         clk (net)
                      0.519627    0.000000    0.369777 ^ clkbuf_0_clk/A (sky130_fd_sc_hd__clkbuf_16)
     5    0.073761    0.143506    0.473896    0.843673 ^ clkbuf_0_clk/X (sky130_fd_sc_hd__clkbuf_16)
                                                         clknet_0_clk (net)
                      0.143589    0.002119    0.845792 ^ clkbuf_1_0__f_clk/A (sky130_fd_sc_hd__clkbuf_16)
    31    0.125752    0.213294    0.367703    1.213495 ^ clkbuf_1_0__f_clk/X (sky130_fd_sc_hd__clkbuf_16)
                                                         clknet_1_0__leaf_clk (net)
                      0.214410    0.012529    1.226025 ^ _101_/CLK (sky130_fd_sc_hd__dfrtp_1)
     1    0.004777    0.093914    0.821603    2.047628 v _101_/Q (sky130_fd_sc_hd__dfrtp_1)
                                                         net34 (net)
                      0.093914    0.000348    2.047976 v output34/A (sky130_fd_sc_hd__clkbuf_1)
     1    0.002241    0.044894    0.165737    2.213713 v output34/X (sky130_fd_sc_hd__clkbuf_1)
                                                         net62 (net)
                      0.044894    0.000102    2.213815 v wire62/A (sky130_fd_sc_hd__clkbuf_1)
     1    0.000854    0.031316    0.128582    2.342396 v wire62/X (sky130_fd_sc_hd__clkbuf_1)
                                                         sine_out[1] (net)
                      0.031316    0.000020    2.342417 v sine_out[1] (out)
                                              2.342417   data arrival time

                                  5.000000    5.000000   clock clk (rise edge)
                                  0.000000    5.000000   clock network delay (propagated)
                                 -0.250000    4.750000   clock uncertainty
                                  0.000000    4.750000   clock reconvergence pessimism
                                 -2.250000    2.500000   output external delay
                                              2.500000   data required time
---------------------------------------------------------------------------------------------
                                              2.500000   data required time
                                             -2.342417   data arrival time
---------------------------------------------------------------------------------------------
                                              0.157584   slack (MET)




===========================================================================
report_checks --slack_max -0.01
============================================================================
======================= max_ss_100C_1v60 Corner ===================================

No paths found.


===========================================================================
 report_check_types -max_slew -max_cap -max_fanout -violators
============================================================================
======================= max_ss_100C_1v60 Corner ===================================

max slew

Pin                                        Limit        Slew       Slack
------------------------------------------------------------------------
clkbuf_0_clk/A                          0.040000    0.519627   -0.479627 (VIOLATED)
ANTENNA_clkbuf_0_clk_A/DIODE            0.040000    0.519594   -0.479594 (VIOLATED)
clk                                     0.040000    0.517645   -0.477645 (VIOLATED)
mem_i/addr1[5]                          0.040000    0.421029   -0.381029 (VIOLATED)
mem_i/addr1[1]                          0.040000    0.382513   -0.342513 (VIOLATED)
mem_i/addr1[6]                          0.040000    0.351620   -0.311620 (VIOLATED)
mem_i/addr0[3]                          0.040000    0.344562   -0.304562 (VIOLATED)
mem_i/addr1[7]                          0.040000    0.339358   -0.299358 (VIOLATED)
fanout91/A                              0.040000    0.326226   -0.286226 (VIOLATED)
ANTENNA_fanout91_A/DIODE                0.040000    0.326156   -0.286156 (VIOLATED)
fanout92/A                              0.040000    0.325969   -0.285969 (VIOLATED)
ANTENNA_fanout92_A/DIODE                0.040000    0.325934   -0.285934 (VIOLATED)
_068_/A                                 0.040000    0.325155   -0.285155 (VIOLATED)
ANTENNA__068__A/DIODE                   0.040000    0.325110   -0.285110 (VIOLATED)
_069_/A                                 0.040000    0.323313   -0.283313 (VIOLATED)
ANTENNA__069__A/DIODE                   0.040000    0.323300   -0.283300 (VIOLATED)
_070_/A                                 0.040000    0.322609   -0.282609 (VIOLATED)
ANTENNA__070__A/DIODE                   0.040000    0.322598   -0.282598 (VIOLATED)
_071_/A                                 0.040000    0.322145   -0.282145 (VIOLATED)
ANTENNA__071__A/DIODE                   0.040000    0.322125   -0.282125 (VIOLATED)
_072_/A                                 0.040000    0.321887   -0.281887 (VIOLATED)
ANTENNA__072__A/DIODE                   0.040000    0.321870   -0.281870 (VIOLATED)
_075_/A                                 0.040000    0.321772   -0.281772 (VIOLATED)
ANTENNA__075__A/DIODE                   0.040000    0.321769   -0.281769 (VIOLATED)
ANTENNA__074__A/DIODE                   0.040000    0.321749   -0.281749 (VIOLATED)
_074_/A                                 0.040000    0.321744   -0.281744 (VIOLATED)
_073_/A                                 0.040000    0.321729   -0.281729 (VIOLATED)
ANTENNA__073__A/DIODE                   0.040000    0.321724   -0.281724 (VIOLATED)
ANTENNA_fanout93_X/DIODE                0.040000    0.321663   -0.281663 (VIOLATED)
fanout93/X                              0.040000    0.321628   -0.281628 (VIOLATED)
mem_i/addr0[4]                          0.040000    0.318873   -0.278873 (VIOLATED)
mem_i/csb0                              0.040000    0.318545   -0.278545 (VIOLATED)
mem_i/addr1[0]                          0.040000    0.317735   -0.277735 (VIOLATED)
mem_i/addr0[5]                          0.040000    0.316648   -0.276648 (VIOLATED)
ANTENNA_mem_i_addr1[5]/DIODE            0.040000    0.315777   -0.275777 (VIOLATED)
ANTENNA_max_cap73_X/DIODE               0.040000    0.315593   -0.275593 (VIOLATED)
max_cap73/X                             0.040000    0.315590   -0.275590 (VIOLATED)
mem_i/addr0[2]                          0.040000    0.314768   -0.274768 (VIOLATED)
mem_i/addr0[7]                          0.040000    0.314606   -0.274606 (VIOLATED)
mem_i/addr0[6]                          0.040000    0.313930   -0.273930 (VIOLATED)
mem_i/addr1[4]                          0.040000    0.309232   -0.269232 (VIOLATED)
mem_i/din0[12]                          0.040000    0.296941   -0.256941 (VIOLATED)
mem_i/din0[8]                           0.040000    0.295050   -0.255050 (VIOLATED)
mem_i/clk0                              0.040000    0.294102   -0.254102 (VIOLATED)
mem_i/din0[13]                          0.040000    0.293259   -0.253259 (VIOLATED)
mem_i/din0[7]                           0.040000    0.292434   -0.252434 (VIOLATED)
mem_i/din0[2]                           0.040000    0.292063   -0.252063 (VIOLATED)
_045_/B                                 0.040000    0.291926   -0.251926 (VIOLATED)
_044_/Y                                 0.040000    0.291924   -0.251924 (VIOLATED)
mem_i/din0[1]                           0.040000    0.290311   -0.250311 (VIOLATED)
mem_i/din0[6]                           0.040000    0.290233   -0.250233 (VIOLATED)
mem_i/din0[4]                           0.040000    0.290183   -0.250183 (VIOLATED)
mem_i/din0[5]                           0.040000    0.289701   -0.249701 (VIOLATED)
mem_i/addr0[1]                          0.040000    0.289698   -0.249698 (VIOLATED)
mem_i/din0[11]                          0.040000    0.289547   -0.249547 (VIOLATED)
mem_i/din0[14]                          0.040000    0.289452   -0.249452 (VIOLATED)
mem_i/din0[15]                          0.040000    0.289227   -0.249227 (VIOLATED)
mem_i/din0[0]                           0.040000    0.289128   -0.249128 (VIOLATED)
mem_i/din0[10]                          0.040000    0.289084   -0.249084 (VIOLATED)
mem_i/din0[3]                           0.040000    0.289033   -0.249033 (VIOLATED)
mem_i/din0[9]                           0.040000    0.289029   -0.249029 (VIOLATED)
mem_i/addr0[0]                          0.040000    0.287946   -0.247946 (VIOLATED)
ANTENNA_mem_i_addr1[1]/DIODE            0.040000    0.286885   -0.246885 (VIOLATED)
ANTENNA_max_cap86_X/DIODE               0.040000    0.286847   -0.246847 (VIOLATED)
max_cap86/X                             0.040000    0.286847   -0.246847 (VIOLATED)
_062_/A                                 0.040000    0.275667   -0.235667 (VIOLATED)
_063_/A                                 0.040000    0.275666   -0.235666 (VIOLATED)
_064_/A                                 0.040000    0.275665   -0.235665 (VIOLATED)
_065_/A                                 0.040000    0.275663   -0.235663 (VIOLATED)
_066_/A                                 0.040000    0.275660   -0.235660 (VIOLATED)
_067_/A                                 0.040000    0.275659   -0.235659 (VIOLATED)
fanout92/X                              0.040000    0.275659   -0.235659 (VIOLATED)
mem_i/addr1[3]                          0.040000    0.267517   -0.227517 (VIOLATED)
ANTENNA_mem_i_addr1[6]/DIODE            0.040000    0.263718   -0.223718 (VIOLATED)
ANTENNA_max_cap71_X/DIODE               0.040000    0.263558   -0.223558 (VIOLATED)
max_cap71/X                             0.040000    0.263558   -0.223558 (VIOLATED)
mem_i/addr1[2]                          0.040000    0.262952   -0.222952 (VIOLATED)
_076_/A                                 0.040000    0.260670   -0.220670 (VIOLATED)
_077_/A                                 0.040000    0.260668   -0.220668 (VIOLATED)
_078_/A                                 0.040000    0.260664   -0.220664 (VIOLATED)
_041_/A                                 0.040000    0.260659   -0.220659 (VIOLATED)
_056_/A                                 0.040000    0.260653   -0.220653 (VIOLATED)
_057_/A                                 0.040000    0.260642   -0.220642 (VIOLATED)
_058_/A                                 0.040000    0.260637   -0.220637 (VIOLATED)
_059_/A                                 0.040000    0.260629   -0.220629 (VIOLATED)
_060_/A                                 0.040000    0.260619   -0.220619 (VIOLATED)
_061_/A                                 0.040000    0.260616   -0.220616 (VIOLATED)
fanout91/X                              0.040000    0.260612   -0.220612 (VIOLATED)
input4/X                                0.040000    0.258418   -0.218418 (VIOLATED)
ANTENNA_mem_i_addr1[7]/DIODE            0.040000    0.254516   -0.214516 (VIOLATED)
ANTENNA_max_cap70_X/DIODE               0.040000    0.254318   -0.214318 (VIOLATED)
max_cap70/X                             0.040000    0.254318   -0.214318 (VIOLATED)
_047_/B                                 0.040000    0.245624   -0.205624 (VIOLATED)
max_cap52/A                             0.040000    0.245623   -0.205623 (VIOLATED)
max_cap53/X                             0.040000    0.245622   -0.205622 (VIOLATED)
mem_i/clk1                              0.040000    0.242931   -0.202931 (VIOLATED)
input5/X                                0.040000    0.239150   -0.199150 (VIOLATED)
input9/X                                0.040000    0.238905   -0.198905 (VIOLATED)
ANTENNA_mem_i_addr1[0]/DIODE            0.040000    0.238300   -0.198300 (VIOLATED)
ANTENNA_max_cap90_X/DIODE               0.040000    0.238268   -0.198268 (VIOLATED)
max_cap90/X                             0.040000    0.238268   -0.198268 (VIOLATED)
input6/X                                0.040000    0.237482   -0.197482 (VIOLATED)
input3/X                                0.040000    0.236074   -0.196074 (VIOLATED)
input8/X                                0.040000    0.235952   -0.195952 (VIOLATED)
input7/X                                0.040000    0.235445   -0.195445 (VIOLATED)
max_cap75/X                             0.040000    0.231923   -0.191923 (VIOLATED)
input13/X                               0.040000    0.222703   -0.182703 (VIOLATED)
input24/X                               0.040000    0.221283   -0.181283 (VIOLATED)
ANTENNA_mem_i_clk0/DIODE                0.040000    0.220556   -0.180556 (VIOLATED)
input14/X                               0.040000    0.219939   -0.179939 (VIOLATED)
input23/X                               0.040000    0.219321   -0.179321 (VIOLATED)
input18/X                               0.040000    0.219043   -0.179043 (VIOLATED)
input17/X                               0.040000    0.217729   -0.177729 (VIOLATED)
input22/X                               0.040000    0.217670   -0.177670 (VIOLATED)
input20/X                               0.040000    0.217632   -0.177632 (VIOLATED)
_049_/Y                                 0.040000    0.217628   -0.177628 (VIOLATED)
_096_/D                                 0.040000    0.217628   -0.177628 (VIOLATED)
input21/X                               0.040000    0.217271   -0.177271 (VIOLATED)
input2/X                                0.040000    0.217269   -0.177269 (VIOLATED)
input12/X                               0.040000    0.217156   -0.177156 (VIOLATED)
input15/X                               0.040000    0.217084   -0.177084 (VIOLATED)
input16/X                               0.040000    0.216916   -0.176916 (VIOLATED)
input10/X                               0.040000    0.216842   -0.176842 (VIOLATED)
input11/X                               0.040000    0.216809   -0.176809 (VIOLATED)
input19/X                               0.040000    0.216770   -0.176770 (VIOLATED)
input25/X                               0.040000    0.216767   -0.176767 (VIOLATED)
input1/X                                0.040000    0.215955   -0.175955 (VIOLATED)
_100_/CLK                               0.040000    0.214589   -0.174589 (VIOLATED)
ANTENNA__100__CLK/DIODE                 0.040000    0.214455   -0.174455 (VIOLATED)
_101_/CLK                               0.040000    0.214410   -0.174410 (VIOLATED)
_102_/CLK                               0.040000    0.214284   -0.174284 (VIOLATED)
ANTENNA__101__CLK/DIODE                 0.040000    0.213931   -0.173931 (VIOLATED)
_079_/CLK                               0.040000    0.213836   -0.173836 (VIOLATED)
ANTENNA__102__CLK/DIODE                 0.040000    0.213835   -0.173835 (VIOLATED)
_080_/CLK                               0.040000    0.213732   -0.173732 (VIOLATED)
ANTENNA__079__CLK/DIODE                 0.040000    0.213669   -0.173669 (VIOLATED)
_081_/CLK                               0.040000    0.213666   -0.173666 (VIOLATED)
ANTENNA__080__CLK/DIODE                 0.040000    0.213644   -0.173644 (VIOLATED)
_082_/CLK                               0.040000    0.213573   -0.173573 (VIOLATED)
ANTENNA__089__CLK/DIODE                 0.040000    0.213569   -0.173569 (VIOLATED)
_089_/CLK                               0.040000    0.213567   -0.173567 (VIOLATED)
ANTENNA__081__CLK/DIODE                 0.040000    0.213566   -0.173566 (VIOLATED)
_088_/CLK                               0.040000    0.213563   -0.173563 (VIOLATED)
ANTENNA__088__CLK/DIODE                 0.040000    0.213562   -0.173562 (VIOLATED)
_087_/CLK                               0.040000    0.213552   -0.173552 (VIOLATED)
ANTENNA__087__CLK/DIODE                 0.040000    0.213551   -0.173551 (VIOLATED)
_086_/CLK                               0.040000    0.213538   -0.173538 (VIOLATED)
ANTENNA__086__CLK/DIODE                 0.040000    0.213536   -0.173536 (VIOLATED)
_085_/CLK                               0.040000    0.213480   -0.173480 (VIOLATED)
ANTENNA__085__CLK/DIODE                 0.040000    0.213478   -0.173478 (VIOLATED)
_084_/CLK                               0.040000    0.213421   -0.173421 (VIOLATED)
ANTENNA__084__CLK/DIODE                 0.040000    0.213398   -0.173398 (VIOLATED)
_083_/CLK                               0.040000    0.213370   -0.173370 (VIOLATED)
ANTENNA__082__CLK/DIODE                 0.040000    0.213370   -0.173370 (VIOLATED)
ANTENNA__083__CLK/DIODE                 0.040000    0.213370   -0.173370 (VIOLATED)
ANTENNA_clkbuf_1_0__f_clk_X/DIODE       0.040000    0.213366   -0.173366 (VIOLATED)
clkbuf_1_0__f_clk/X                     0.040000    0.213294   -0.173294 (VIOLATED)
max_cap78/X                             0.040000    0.200638   -0.160638 (VIOLATED)
ANTENNA_mem_i_addr1[2]/DIODE            0.040000    0.197212   -0.157212 (VIOLATED)
ANTENNA_max_cap83_X/DIODE               0.040000    0.197188   -0.157188 (VIOLATED)
max_cap83/X                             0.040000    0.197188   -0.157188 (VIOLATED)
_053_/Y                                 0.040000    0.197174   -0.157174 (VIOLATED)
_054_/B                                 0.040000    0.197174   -0.157174 (VIOLATED)
_048_/B                                 0.040000    0.196831   -0.156831 (VIOLATED)
max_cap76/A                             0.040000    0.196831   -0.156831 (VIOLATED)
max_cap77/A                             0.040000    0.196829   -0.156829 (VIOLATED)
_096_/Q                                 0.040000    0.196828   -0.156828 (VIOLATED)
_055_/X                                 0.040000    0.195835   -0.155835 (VIOLATED)
_099_/D                                 0.040000    0.195835   -0.155835 (VIOLATED)
_047_/X                                 0.040000    0.195565   -0.155565 (VIOLATED)
_095_/D                                 0.040000    0.195565   -0.155565 (VIOLATED)
_042_/A                                 0.040000    0.190011   -0.150011 (VIOLATED)
max_cap88/A                             0.040000    0.190011   -0.150011 (VIOLATED)
max_cap89/X                             0.040000    0.190011   -0.150011 (VIOLATED)
_055_/B                                 0.040000    0.188201   -0.148201 (VIOLATED)
max_cap43/X                             0.040000    0.188201   -0.148201 (VIOLATED)
_043_/A                                 0.040000    0.186563   -0.146563 (VIOLATED)
max_cap87/A                             0.040000    0.186563   -0.146563 (VIOLATED)
max_cap88/X                             0.040000    0.186563   -0.146563 (VIOLATED)
ANTENNA__092__RESET_B/DIODE             0.040000    0.185414   -0.145414 (VIOLATED)
_092_/RESET_B                           0.040000    0.185411   -0.145411 (VIOLATED)
ANTENNA__068__Y/DIODE                   0.040000    0.185331   -0.145331 (VIOLATED)
_068_/Y                                 0.040000    0.185261   -0.145261 (VIOLATED)
_043_/B                                 0.040000    0.184117   -0.144117 (VIOLATED)
max_cap84/A                             0.040000    0.184117   -0.144117 (VIOLATED)
max_cap85/X                             0.040000    0.184117   -0.144117 (VIOLATED)
_042_/X                                 0.040000    0.183863   -0.143863 (VIOLATED)
_093_/D                                 0.040000    0.183863   -0.143863 (VIOLATED)
_090_/CLK                               0.040000    0.182922   -0.142922 (VIOLATED)
ANTENNA__090__CLK/DIODE                 0.040000    0.182906   -0.142906 (VIOLATED)
_091_/CLK                               0.040000    0.182871   -0.142871 (VIOLATED)
ANTENNA__091__CLK/DIODE                 0.040000    0.182844   -0.142844 (VIOLATED)
ANTENNA_mem_i_clk1/DIODE                0.040000    0.182314   -0.142314 (VIOLATED)
_045_/Y                                 0.040000    0.182145   -0.142145 (VIOLATED)
_094_/D                                 0.040000    0.182145   -0.142145 (VIOLATED)
ANTENNA__092__CLK/DIODE                 0.040000    0.181598   -0.141598 (VIOLATED)
_092_/CLK                               0.040000    0.181594   -0.141594 (VIOLATED)
_093_/CLK                               0.040000    0.181351   -0.141351 (VIOLATED)
ANTENNA__093__CLK/DIODE                 0.040000    0.181347   -0.141347 (VIOLATED)
_099_/CLK                               0.040000    0.181171   -0.141171 (VIOLATED)
ANTENNA__099__CLK/DIODE                 0.040000    0.181168   -0.141168 (VIOLATED)
_098_/CLK                               0.040000    0.181155   -0.141155 (VIOLATED)
ANTENNA__098__CLK/DIODE                 0.040000    0.181153   -0.141153 (VIOLATED)
_097_/CLK                               0.040000    0.181146   -0.141146 (VIOLATED)
ANTENNA__097__CLK/DIODE                 0.040000    0.181138   -0.141138 (VIOLATED)
_096_/CLK                               0.040000    0.181102   -0.141102 (VIOLATED)
ANTENNA__096__CLK/DIODE                 0.040000    0.181099   -0.141099 (VIOLATED)
_095_/CLK                               0.040000    0.181057   -0.141057 (VIOLATED)
ANTENNA__095__CLK/DIODE                 0.040000    0.181052   -0.141052 (VIOLATED)
clkload0/A                              0.040000    0.180991   -0.140991 (VIOLATED)
_094_/CLK                               0.040000    0.180978   -0.140978 (VIOLATED)
ANTENNA__094__CLK/DIODE                 0.040000    0.180976   -0.140976 (VIOLATED)
ANTENNA_clkload0_A/DIODE                0.040000    0.180958   -0.140958 (VIOLATED)
ANTENNA_clkbuf_1_1__f_clk_X/DIODE       0.040000    0.180849   -0.140849 (VIOLATED)
clkbuf_1_1__f_clk/X                     0.040000    0.180798   -0.140798 (VIOLATED)
fanout93/A                              0.040000    0.178924   -0.138924 (VIOLATED)
input26/X                               0.040000    0.178863   -0.138863 (VIOLATED)
_040_/A                                 0.040000    0.176978   -0.136978 (VIOLATED)
_092_/Q                                 0.040000    0.176978   -0.136978 (VIOLATED)
max_cap89/A                             0.040000    0.176978   -0.136978 (VIOLATED)
max_cap90/A                             0.040000    0.176978   -0.136978 (VIOLATED)
_042_/B                                 0.040000    0.172776   -0.132776 (VIOLATED)
_093_/Q                                 0.040000    0.172776   -0.132776 (VIOLATED)
max_cap85/A                             0.040000    0.172776   -0.132776 (VIOLATED)
max_cap86/A                             0.040000    0.172776   -0.132776 (VIOLATED)
_047_/A                                 0.040000    0.164839   -0.124839 (VIOLATED)
max_cap81/A                             0.040000    0.164839   -0.124839 (VIOLATED)
_095_/Q                                 0.040000    0.164838   -0.124838 (VIOLATED)
_043_/C                                 0.040000    0.159864   -0.119864 (VIOLATED)
_094_/Q                                 0.040000    0.159864   -0.119864 (VIOLATED)
max_cap82/A                             0.040000    0.159864   -0.119864 (VIOLATED)
max_cap83/A                             0.040000    0.159864   -0.119864 (VIOLATED)
_054_/Y                                 0.040000    0.154711   -0.114711 (VIOLATED)
_098_/D                                 0.040000    0.154711   -0.114711 (VIOLATED)
_043_/X                                 0.040000    0.151416   -0.111416 (VIOLATED)
_045_/A                                 0.040000    0.151416   -0.111416 (VIOLATED)
max_cap53/A                             0.040000    0.151416   -0.111416 (VIOLATED)
_050_/B                                 0.040000    0.151390   -0.111390 (VIOLATED)
max_cap75/A                             0.040000    0.151390   -0.111390 (VIOLATED)
max_cap76/X                             0.040000    0.151390   -0.111390 (VIOLATED)
_052_/B                                 0.040000    0.149697   -0.109697 (VIOLATED)
max_cap48/A                             0.040000    0.149697   -0.109697 (VIOLATED)
max_cap49/X                             0.040000    0.149697   -0.109697 (VIOLATED)
_050_/A                                 0.040000    0.148154   -0.108154 (VIOLATED)
max_cap78/A                             0.040000    0.148154   -0.108154 (VIOLATED)
max_cap79/X                             0.040000    0.148154   -0.108154 (VIOLATED)
clkbuf_1_1__f_clk/A                     0.040000    0.146924   -0.106924 (VIOLATED)
ANTENNA_clkbuf_1_1__f_clk_A/DIODE       0.040000    0.146840   -0.106840 (VIOLATED)
_055_/A                                 0.040000    0.144030   -0.104030 (VIOLATED)
_099_/Q                                 0.040000    0.144030   -0.104030 (VIOLATED)
max_cap70/A                             0.040000    0.144030   -0.104030 (VIOLATED)
ANTENNA_clkbuf_0_clk_X/DIODE            0.040000    0.143600   -0.103600 (VIOLATED)
clkbuf_1_0__f_clk/A                     0.040000    0.143589   -0.103589 (VIOLATED)
ANTENNA_clkbuf_1_0__f_clk_A/DIODE       0.040000    0.143580   -0.103580 (VIOLATED)
clkbuf_0_clk/X                          0.040000    0.143506   -0.103506 (VIOLATED)
_048_/C                                 0.040000    0.133017   -0.093017 (VIOLATED)
max_cap50/A                             0.040000    0.133017   -0.093017 (VIOLATED)
max_cap51/X                             0.040000    0.133017   -0.093017 (VIOLATED)
_046_/B                                 0.040000    0.132189   -0.092189 (VIOLATED)
max_cap51/A                             0.040000    0.132189   -0.092189 (VIOLATED)
max_cap52/X                             0.040000    0.132189   -0.092189 (VIOLATED)
_046_/A                                 0.040000    0.130984   -0.090984 (VIOLATED)
max_cap80/A                             0.040000    0.130984   -0.090984 (VIOLATED)
max_cap81/X                             0.040000    0.130984   -0.090984 (VIOLATED)
_048_/A                                 0.040000    0.129730   -0.089730 (VIOLATED)
max_cap79/A                             0.040000    0.129730   -0.089730 (VIOLATED)
max_cap80/X                             0.040000    0.129730   -0.089730 (VIOLATED)
_053_/B1                                0.040000    0.127506   -0.087506 (VIOLATED)
_098_/Q                                 0.040000    0.127506   -0.087506 (VIOLATED)
max_cap72/A                             0.040000    0.127506   -0.087506 (VIOLATED)
_052_/X                                 0.040000    0.125976   -0.085976 (VIOLATED)
_054_/A                                 0.040000    0.125976   -0.085976 (VIOLATED)
max_cap43/A                             0.040000    0.125976   -0.085976 (VIOLATED)
_051_/A1_N                              0.040000    0.124724   -0.084724 (VIOLATED)
max_cap49/A                             0.040000    0.124724   -0.084724 (VIOLATED)
max_cap50/X                             0.040000    0.124724   -0.084724 (VIOLATED)
_053_/A2                                0.040000    0.121318   -0.081318 (VIOLATED)
max_cap46/A                             0.040000    0.121318   -0.081318 (VIOLATED)
max_cap47/X                             0.040000    0.121318   -0.081318 (VIOLATED)
_050_/X                                 0.040000    0.119134   -0.079134 (VIOLATED)
_051_/A2_N                              0.040000    0.119134   -0.079134 (VIOLATED)
max_cap47/A                             0.040000    0.119134   -0.079134 (VIOLATED)
_050_/C                                 0.040000    0.113752   -0.073752 (VIOLATED)
max_cap73/A                             0.040000    0.113752   -0.073752 (VIOLATED)
max_cap74/X                             0.040000    0.113752   -0.073752 (VIOLATED)
_049_/A                                 0.040000    0.113102   -0.073102 (VIOLATED)
max_cap77/X                             0.040000    0.113102   -0.073102 (VIOLATED)
_090_/Q                                 0.040000    0.112760   -0.072760 (VIOLATED)
output32/A                              0.040000    0.112760   -0.072760 (VIOLATED)
_051_/X                                 0.040000    0.110918   -0.070918 (VIOLATED)
_097_/D                                 0.040000    0.110918   -0.070918 (VIOLATED)
_051_/B2                                0.040000    0.110322   -0.070322 (VIOLATED)
_097_/Q                                 0.040000    0.110322   -0.070322 (VIOLATED)
max_cap74/A                             0.040000    0.110322   -0.070322 (VIOLATED)
_052_/A                                 0.040000    0.109320   -0.069320 (VIOLATED)
max_cap71/A                             0.040000    0.109320   -0.069320 (VIOLATED)
max_cap72/X                             0.040000    0.109320   -0.069320 (VIOLATED)
_046_/Y                                 0.040000    0.109029   -0.069029 (VIOLATED)
_049_/B                                 0.040000    0.109029   -0.069029 (VIOLATED)
_080_/Q                                 0.040000    0.106801   -0.066801 (VIOLATED)
output37/A                              0.040000    0.106801   -0.066801 (VIOLATED)
_091_/Q                                 0.040000    0.106183   -0.066183 (VIOLATED)
output33/A                              0.040000    0.106183   -0.066183 (VIOLATED)
_079_/Q                                 0.040000    0.106036   -0.066036 (VIOLATED)
output36/A                              0.040000    0.106036   -0.066036 (VIOLATED)
_081_/Q                                 0.040000    0.103924   -0.063924 (VIOLATED)
output38/A                              0.040000    0.103924   -0.063924 (VIOLATED)
_101_/Q                                 0.040000    0.103657   -0.063657 (VIOLATED)
output34/A                              0.040000    0.103657   -0.063657 (VIOLATED)
_085_/Q                                 0.040000    0.102370   -0.062370 (VIOLATED)
output42/A                              0.040000    0.102370   -0.062370 (VIOLATED)
_100_/Q                                 0.040000    0.101426   -0.061426 (VIOLATED)
output27/A                              0.040000    0.101426   -0.061426 (VIOLATED)
_083_/Q                                 0.040000    0.101414   -0.061414 (VIOLATED)
output40/A                              0.040000    0.101414   -0.061414 (VIOLATED)
_088_/Q                                 0.040000    0.101028   -0.061028 (VIOLATED)
output30/A                              0.040000    0.101028   -0.061028 (VIOLATED)
_082_/Q                                 0.040000    0.100854   -0.060854 (VIOLATED)
output39/A                              0.040000    0.100854   -0.060854 (VIOLATED)
_084_/Q                                 0.040000    0.100853   -0.060853 (VIOLATED)
output41/A                              0.040000    0.100853   -0.060853 (VIOLATED)
_087_/Q                                 0.040000    0.100626   -0.060626 (VIOLATED)
output29/A                              0.040000    0.100626   -0.060626 (VIOLATED)
_102_/Q                                 0.040000    0.100310   -0.060310 (VIOLATED)
output35/A                              0.040000    0.100310   -0.060310 (VIOLATED)
_089_/Q                                 0.040000    0.100038   -0.060038 (VIOLATED)
output31/A                              0.040000    0.100038   -0.060038 (VIOLATED)
_086_/Q                                 0.040000    0.097890   -0.057890 (VIOLATED)
output28/A                              0.040000    0.097890   -0.057890 (VIOLATED)
_099_/RESET_B                           0.040000    0.091448   -0.051448 (VIOLATED)
_075_/Y                                 0.040000    0.091447   -0.051447 (VIOLATED)
_097_/RESET_B                           0.040000    0.086850   -0.046850 (VIOLATED)
_073_/Y                                 0.040000    0.086849   -0.046849 (VIOLATED)
_044_/B1                                0.040000    0.086348   -0.046348 (VIOLATED)
max_cap82/X                             0.040000    0.086348   -0.046348 (VIOLATED)
_098_/RESET_B                           0.040000    0.085497   -0.045497 (VIOLATED)
_074_/Y                                 0.040000    0.085496   -0.045496 (VIOLATED)
wire44/A                                0.040000    0.084689   -0.044689 (VIOLATED)
_048_/X                                 0.040000    0.084689   -0.044689 (VIOLATED)
_095_/RESET_B                           0.040000    0.082341   -0.042341 (VIOLATED)
_071_/Y                                 0.040000    0.082341   -0.042341 (VIOLATED)
_096_/RESET_B                           0.040000    0.079897   -0.039897 (VIOLATED)
_072_/Y                                 0.040000    0.079896   -0.039896 (VIOLATED)
_044_/A2                                0.040000    0.077059   -0.037059 (VIOLATED)
max_cap84/X                             0.040000    0.077059   -0.037059 (VIOLATED)
_053_/A1                                0.040000    0.076627   -0.036627 (VIOLATED)
max_cap48/X                             0.040000    0.076627   -0.036627 (VIOLATED)
_070_/Y                                 0.040000    0.075419   -0.035419 (VIOLATED)
_094_/RESET_B                           0.040000    0.075419   -0.035419 (VIOLATED)
max_cap46/X                             0.040000    0.074307   -0.034307 (VIOLATED)
wire45/A                                0.040000    0.074307   -0.034307 (VIOLATED)
_101_/RESET_B                           0.040000    0.072855   -0.032855 (VIOLATED)
_077_/Y                                 0.040000    0.072853   -0.032853 (VIOLATED)
_102_/RESET_B                           0.040000    0.072537   -0.032537 (VIOLATED)
_078_/Y                                 0.040000    0.072535   -0.032535 (VIOLATED)
_044_/A1                                0.040000    0.072327   -0.032327 (VIOLATED)
max_cap87/X                             0.040000    0.072327   -0.032327 (VIOLATED)
_100_/RESET_B                           0.040000    0.071614   -0.031614 (VIOLATED)
_076_/Y                                 0.040000    0.071610   -0.031610 (VIOLATED)
_081_/RESET_B                           0.040000    0.071227   -0.031227 (VIOLATED)
_057_/Y                                 0.040000    0.071225   -0.031225 (VIOLATED)
_082_/RESET_B                           0.040000    0.069414   -0.029414 (VIOLATED)
_058_/Y                                 0.040000    0.069413   -0.029413 (VIOLATED)
_093_/RESET_B                           0.040000    0.069234   -0.029234 (VIOLATED)
_069_/Y                                 0.040000    0.069229   -0.029229 (VIOLATED)
_079_/RESET_B                           0.040000    0.068561   -0.028561 (VIOLATED)
_041_/Y                                 0.040000    0.068559   -0.028559 (VIOLATED)
output28/X                              0.040000    0.068027   -0.028027 (VIOLATED)
wire68/A                                0.040000    0.068027   -0.028027 (VIOLATED)
output39/X                              0.040000    0.067532   -0.027532 (VIOLATED)
wire57/A                                0.040000    0.067532   -0.027532 (VIOLATED)
output29/X                              0.040000    0.067530   -0.027530 (VIOLATED)
wire67/A                                0.040000    0.067530   -0.027530 (VIOLATED)
_084_/RESET_B                           0.040000    0.066621   -0.026621 (VIOLATED)
_060_/Y                                 0.040000    0.066620   -0.026620 (VIOLATED)
output32/X                              0.040000    0.066145   -0.026145 (VIOLATED)
wire64/A                                0.040000    0.066145   -0.026145 (VIOLATED)
output31/X                              0.040000    0.065760   -0.025760 (VIOLATED)
wire65/A                                0.040000    0.065760   -0.025760 (VIOLATED)
_085_/RESET_B                           0.040000    0.065710   -0.025710 (VIOLATED)
_061_/Y                                 0.040000    0.065710   -0.025710 (VIOLATED)
_086_/RESET_B                           0.040000    0.065566   -0.025566 (VIOLATED)
_062_/Y                                 0.040000    0.065566   -0.025566 (VIOLATED)
output42/X                              0.040000    0.065545   -0.025545 (VIOLATED)
wire54/A                                0.040000    0.065545   -0.025545 (VIOLATED)
output41/X                              0.040000    0.065531   -0.025531 (VIOLATED)
wire55/A                                0.040000    0.065531   -0.025531 (VIOLATED)
output33/X                              0.040000    0.065517   -0.025517 (VIOLATED)
wire63/A                                0.040000    0.065517   -0.025517 (VIOLATED)
output40/X                              0.040000    0.065473   -0.025473 (VIOLATED)
wire56/A                                0.040000    0.065473   -0.025473 (VIOLATED)
output30/X                              0.040000    0.065469   -0.025469 (VIOLATED)
wire66/A                                0.040000    0.065469   -0.025469 (VIOLATED)
output34/X                              0.040000    0.065377   -0.025377 (VIOLATED)
wire62/A                                0.040000    0.065377   -0.025377 (VIOLATED)
output27/X                              0.040000    0.065356   -0.025356 (VIOLATED)
wire69/A                                0.040000    0.065356   -0.025356 (VIOLATED)
_080_/RESET_B                           0.040000    0.064908   -0.024908 (VIOLATED)
_056_/Y                                 0.040000    0.064908   -0.024908 (VIOLATED)
output37/X                              0.040000    0.064254   -0.024254 (VIOLATED)
wire59/A                                0.040000    0.064254   -0.024254 (VIOLATED)
output36/X                              0.040000    0.063686   -0.023686 (VIOLATED)
wire60/A                                0.040000    0.063686   -0.023686 (VIOLATED)
output38/X                              0.040000    0.063666   -0.023666 (VIOLATED)
wire58/A                                0.040000    0.063666   -0.023666 (VIOLATED)
output35/X                              0.040000    0.063631   -0.023631 (VIOLATED)
wire61/A                                0.040000    0.063631   -0.023631 (VIOLATED)
_063_/Y                                 0.040000    0.062524   -0.022524 (VIOLATED)
_087_/RESET_B                           0.040000    0.062524   -0.022524 (VIOLATED)
_083_/RESET_B                           0.040000    0.062459   -0.022459 (VIOLATED)
_059_/Y                                 0.040000    0.062459   -0.022459 (VIOLATED)
_067_/Y                                 0.040000    0.060388   -0.020388 (VIOLATED)
_091_/RESET_B                           0.040000    0.060388   -0.020388 (VIOLATED)
_064_/Y                                 0.040000    0.059568   -0.019568 (VIOLATED)
_088_/RESET_B                           0.040000    0.059568   -0.019568 (VIOLATED)
_065_/Y                                 0.040000    0.058980   -0.018980 (VIOLATED)
_089_/RESET_B                           0.040000    0.058980   -0.018980 (VIOLATED)
_052_/C                                 0.040000    0.058656   -0.018656 (VIOLATED)
wire45/X                                0.040000    0.058656   -0.018656 (VIOLATED)
_051_/B1                                0.040000    0.058580   -0.018580 (VIOLATED)
wire44/X                                0.040000    0.058580   -0.018580 (VIOLATED)
_066_/Y                                 0.040000    0.058058   -0.018058 (VIOLATED)
_090_/RESET_B                           0.040000    0.058058   -0.018058 (VIOLATED)
_092_/D                                 0.040000    0.052639   -0.012639 (VIOLATED)
_040_/Y                                 0.040000    0.052639   -0.012639 (VIOLATED)
sine_out[10]                            0.040000    0.048509   -0.008509 (VIOLATED)
wire68/X                                0.040000    0.048502   -0.008502 (VIOLATED)
sine_out[6]                             0.040000    0.048014   -0.008014 (VIOLATED)
wire57/X                                0.040000    0.048014   -0.008014 (VIOLATED)
sine_out[11]                            0.040000    0.047773   -0.007773 (VIOLATED)
wire67/X                                0.040000    0.047773   -0.007773 (VIOLATED)
sine_out[13]                            0.040000    0.046772   -0.006772 (VIOLATED)
wire65/X                                0.040000    0.046772   -0.006772 (VIOLATED)
sine_out[8]                             0.040000    0.045901   -0.005901 (VIOLATED)
wire55/X                                0.040000    0.045901   -0.005901 (VIOLATED)
sine_out[9]                             0.040000    0.045748   -0.005748 (VIOLATED)
wire54/X                                0.040000    0.045748   -0.005748 (VIOLATED)
sine_out[14]                            0.040000    0.045726   -0.005726 (VIOLATED)
wire64/X                                0.040000    0.045726   -0.005726 (VIOLATED)
sine_out[12]                            0.040000    0.044348   -0.004348 (VIOLATED)
sine_out[7]                             0.040000    0.044348   -0.004348 (VIOLATED)
wire56/X                                0.040000    0.044348   -0.004348 (VIOLATED)
wire66/X                                0.040000    0.044348   -0.004348 (VIOLATED)
sine_out[15]                            0.040000    0.044131   -0.004131 (VIOLATED)
wire63/X                                0.040000    0.044131   -0.004131 (VIOLATED)
input24/A                               0.040000    0.041586   -0.001586 (VIOLATED)
ANTENNA_input24_A/DIODE                 0.040000    0.041586   -0.001586 (VIOLATED)
din0[8]                                 0.040000    0.041573   -0.001573 (VIOLATED)
input10/A                               0.040000    0.041321   -0.001321 (VIOLATED)
input11/A                               0.040000    0.041321   -0.001321 (VIOLATED)
input12/A                               0.040000    0.041321   -0.001321 (VIOLATED)
input13/A                               0.040000    0.041321   -0.001321 (VIOLATED)
input14/A                               0.040000    0.041321   -0.001321 (VIOLATED)
input17/A                               0.040000    0.041321   -0.001321 (VIOLATED)
input18/A                               0.040000    0.041321   -0.001321 (VIOLATED)
input21/A                               0.040000    0.041321   -0.001321 (VIOLATED)
input22/A                               0.040000    0.041321   -0.001321 (VIOLATED)
input23/A                               0.040000    0.041321   -0.001321 (VIOLATED)
din0[0]                                 0.040000    0.041308   -0.001308 (VIOLATED)
din0[10]                                0.040000    0.041308   -0.001308 (VIOLATED)
din0[11]                                0.040000    0.041308   -0.001308 (VIOLATED)
din0[12]                                0.040000    0.041308   -0.001308 (VIOLATED)
din0[13]                                0.040000    0.041308   -0.001308 (VIOLATED)
din0[1]                                 0.040000    0.041308   -0.001308 (VIOLATED)
din0[2]                                 0.040000    0.041308   -0.001308 (VIOLATED)
din0[5]                                 0.040000    0.041308   -0.001308 (VIOLATED)
din0[6]                                 0.040000    0.041308   -0.001308 (VIOLATED)
din0[7]                                 0.040000    0.041308   -0.001308 (VIOLATED)
ANTENNA_input10_A/DIODE                 0.040000    0.041308   -0.001308 (VIOLATED)
ANTENNA_input11_A/DIODE                 0.040000    0.041308   -0.001308 (VIOLATED)
ANTENNA_input12_A/DIODE                 0.040000    0.041308   -0.001308 (VIOLATED)
ANTENNA_input13_A/DIODE                 0.040000    0.041308   -0.001308 (VIOLATED)
ANTENNA_input14_A/DIODE                 0.040000    0.041308   -0.001308 (VIOLATED)
ANTENNA_input17_A/DIODE                 0.040000    0.041308   -0.001308 (VIOLATED)
ANTENNA_input18_A/DIODE                 0.040000    0.041308   -0.001308 (VIOLATED)
ANTENNA_input21_A/DIODE                 0.040000    0.041308   -0.001308 (VIOLATED)
ANTENNA_input22_A/DIODE                 0.040000    0.041308   -0.001308 (VIOLATED)
ANTENNA_input23_A/DIODE                 0.040000    0.041308   -0.001308 (VIOLATED)
addr0[6]                                0.040000    0.040813   -0.000813 (VIOLATED)
ANTENNA_input7_A/DIODE                  0.040000    0.040813   -0.000813 (VIOLATED)
input7/A                                0.040000    0.040813   -0.000813 (VIOLATED)
addr0[2]                                0.040000    0.040696   -0.000696 (VIOLATED)
ANTENNA_input3_A/DIODE                  0.040000    0.040696   -0.000696 (VIOLATED)
input3/A                                0.040000    0.040696   -0.000696 (VIOLATED)
addr0[4]                                0.040000    0.040656   -0.000656 (VIOLATED)
ANTENNA_input5_A/DIODE                  0.040000    0.040656   -0.000656 (VIOLATED)
input5/A                                0.040000    0.040656   -0.000656 (VIOLATED)
addr0[0]                                0.040000    0.040606   -0.000606 (VIOLATED)
addr0[1]                                0.040000    0.040606   -0.000606 (VIOLATED)
din0[15]                                0.040000    0.040606   -0.000606 (VIOLATED)
din0[4]                                 0.040000    0.040606   -0.000606 (VIOLATED)
ANTENNA_input16_A/DIODE                 0.040000    0.040606   -0.000606 (VIOLATED)
ANTENNA_input1_A/DIODE                  0.040000    0.040606   -0.000606 (VIOLATED)
ANTENNA_input20_A/DIODE                 0.040000    0.040606   -0.000606 (VIOLATED)
ANTENNA_input2_A/DIODE                  0.040000    0.040606   -0.000606 (VIOLATED)
input1/A                                0.040000    0.040606   -0.000606 (VIOLATED)
input16/A                               0.040000    0.040606   -0.000606 (VIOLATED)
input2/A                                0.040000    0.040606   -0.000606 (VIOLATED)
input20/A                               0.040000    0.040606   -0.000606 (VIOLATED)
din0[14]                                0.040000    0.040544   -0.000544 (VIOLATED)
din0[3]                                 0.040000    0.040544   -0.000544 (VIOLATED)
din0[9]                                 0.040000    0.040544   -0.000544 (VIOLATED)
ANTENNA_input15_A/DIODE                 0.040000    0.040544   -0.000544 (VIOLATED)
ANTENNA_input19_A/DIODE                 0.040000    0.040544   -0.000544 (VIOLATED)
ANTENNA_input25_A/DIODE                 0.040000    0.040544   -0.000544 (VIOLATED)
input15/A                               0.040000    0.040544   -0.000544 (VIOLATED)
input19/A                               0.040000    0.040544   -0.000544 (VIOLATED)
input25/A                               0.040000    0.040544   -0.000544 (VIOLATED)
sine_out[4]                             0.040000    0.040479   -0.000479 (VIOLATED)
wire59/X                                0.040000    0.040479   -0.000479 (VIOLATED)
sine_out[1]                             0.040000    0.040241   -0.000241 (VIOLATED)
wire62/X                                0.040000    0.040241   -0.000241 (VIOLATED)
sine_out[0]                             0.040000    0.040241   -0.000241 (VIOLATED)
wire69/X                                0.040000    0.040241   -0.000241 (VIOLATED)
sine_out[3]                             0.040000    0.040240   -0.000240 (VIOLATED)
wire60/X                                0.040000    0.040240   -0.000240 (VIOLATED)
sine_out[5]                             0.040000    0.040240   -0.000240 (VIOLATED)
wire58/X                                0.040000    0.040240   -0.000240 (VIOLATED)
sine_out[2]                             0.040000    0.040240   -0.000240 (VIOLATED)
wire61/X                                0.040000    0.040240   -0.000240 (VIOLATED)
csb0                                    0.040000    0.040214   -0.000214 (VIOLATED)
ANTENNA_input9_A/DIODE                  0.040000    0.040214   -0.000214 (VIOLATED)
input9/A                                0.040000    0.040214   -0.000214 (VIOLATED)

max fanout

Pin                                   Limit Fanout  Slack
---------------------------------------------------------
clkbuf_1_0__f_clk/X                      10     31    -21 (VIOLATED)
clkbuf_1_1__f_clk/X                      10     25    -15 (VIOLATED)
fanout93/X                               10     21    -11 (VIOLATED)



===========================================================================
report_parasitic_annotation -report_unannotated
============================================================================
Found 2 unannotated drivers.
 clkload0/Y
 mem_i_94/HI
Found 0 partially unannotated drivers.

===========================================================================
max slew violation count 523
max fanout violation count 3
max cap violation count 0
============================================================================

===========================================================================
check_setup -verbose -unconstrained_endpoints -multiple_clock -no_clock -no_input_delay -loops -generated_clocks
===========================================================================
Warning: There is 1 unconstrained endpoint.
  mem_i/csb1
