Clock: clk
Sources: clk 
Generated: no
Virtual: yes
Propagated: no
Period: 5.000000

===========================================================================
report_clock_properties
============================================================================
Clock                   Period          Waveform
----------------------------------------------------
clk                   5.000000    0.000000  2.500000

===========================================================================
report_clock_latency
============================================================================
Clock clk
rise -> rise
    min     max
0.000000 0.000000 source latency
1.213911         network latency _094_/CLK
        1.226930 network latency _100_/CLK
---------------
1.213911 1.226930 latency
        0.013019 skew

fall -> fall
    min     max
0.000000 0.000000 source latency
1.006648         network latency _083_/CLK
        1.021420 network latency _090_/CLK
---------------
1.006648 1.021420 latency
        0.014772 skew



===========================================================================
report_clock_min_period
============================================================================
clk period_min = 4.28 fmax = 233.44
