Starting…
Running 'Verilator.Lint' at 'runs/RUN_2025-03-03_15-01-06/01-verilator-lint'…
Logging subprocess to [repr.filename]'runs/RUN_2025-03-03_15-01-06/01-verilator-lint/verilator-lint.log'[/repr.filename]…
Running 'Checker.LintTimingConstructs' at 'runs/RUN_2025-03-03_15-01-06/02-checker-linttimingconstructs'…
Check for Lint Timing Errors clear.
Running 'Checker.LintErrors' at 'runs/RUN_2025-03-03_15-01-06/03-checker-linterrors'…
Check for Lint errors clear.
Running 'Checker.LintWarnings' at 'runs/RUN_2025-03-03_15-01-06/04-checker-lintwarnings'…
14 Lint warnings found.
Running 'Yosys.JsonHeader' at 'runs/RUN_2025-03-03_15-01-06/05-yosys-jsonheader'…
Logging subprocess to [repr.filename]'runs/RUN_2025-03-03_15-01-06/05-yosys-jsonheader/yosys-jsonheader.log'[/repr.filename]…
Running 'Yosys.Synthesis' at 'runs/RUN_2025-03-03_15-01-06/06-yosys-synthesis'…
Logging subprocess to [repr.filename]'runs/RUN_2025-03-03_15-01-06/06-yosys-synthesis/yosys-synthesis.log'[/repr.filename]…
Parsing synthesis checks…
Running 'Checker.YosysUnmappedCells' at 'runs/RUN_2025-03-03_15-01-06/07-checker-yosysunmappedcells'…
Check for Unmapped Yosys instances clear.
Running 'Checker.YosysSynthChecks' at 'runs/RUN_2025-03-03_15-01-06/08-checker-yosyssynthchecks'…
Check for Yosys check errors clear.
Running 'Checker.NetlistAssignStatements' at 'runs/RUN_2025-03-03_15-01-06/09-checker-netlistassignstatements'…
Running 'OpenROAD.CheckSDCFiles' at 'runs/RUN_2025-03-03_15-01-06/10-openroad-checksdcfiles'…
'PNR_SDC_FILE' is not defined. Using generic fallback SDC for OpenROAD PnR steps.
'SIGNOFF_SDC_FILE' is not defined. Using generic fallback SDC for OpenROAD PnR steps.
Running 'OpenROAD.CheckMacroInstances' at 'runs/RUN_2025-03-03_15-01-06/11-openroad-checkmacroinstances'…
No macros found, skipping instance check…
Running 'OpenROAD.STAPrePNR' at 'runs/RUN_2025-03-03_15-01-06/12-openroad-staprepnr'…
Starting STA for the nom_tt_025C_1v80 timing corner…
Starting STA for the nom_ss_100C_1v60 timing corner…
Starting STA for the nom_ff_n40C_1v95 timing corner…
Skipping corner min_tt_025C_1v80 for STA (identical to nom_tt_025C_1v80 at this stage)…
Logging subprocess to [repr.filename]'runs/RUN_2025-03-03_15-01-06/12-openroad-staprepnr/nom_tt_025C_1v80/sta.log'[/repr.filename]…
Skipping corner min_ss_100C_1v60 for STA (identical to nom_ss_100C_1v60 at this stage)…
Skipping corner min_ff_n40C_1v95 for STA (identical to nom_ff_n40C_1v95 at this stage)…
Logging subprocess to [repr.filename]'runs/RUN_2025-03-03_15-01-06/12-openroad-staprepnr/nom_ss_100C_1v60/sta.log'[/repr.filename]…
Skipping corner max_tt_025C_1v80 for STA (identical to nom_tt_025C_1v80 at this stage)…
Logging subprocess to [repr.filename]'runs/RUN_2025-03-03_15-01-06/12-openroad-staprepnr/nom_ff_n40C_1v95/sta.log'[/repr.filename]…
Skipping corner max_ss_100C_1v60 for STA (identical to nom_ss_100C_1v60 at this stage)…
Skipping corner max_ff_n40C_1v95 for STA (identical to nom_ff_n40C_1v95 at this stage)…
Finished STA for the nom_ff_n40C_1v95 timing corner.
Finished STA for the nom_ss_100C_1v60 timing corner.
Finished STA for the nom_tt_025C_1v80 timing corner.
Running 'OpenROAD.Floorplan' at 'runs/RUN_2025-03-03_15-01-06/13-openroad-floorplan'…
Logging subprocess to [repr.filename]'runs/RUN_2025-03-03_15-01-06/13-openroad-floorplan/openroad-floorplan.log'[/repr.filename]…
[STA-0198] /home/thanh/NCO/runs/RUN_2025-03-03_15-01-06/06-yosys-synthesis/counter.nl.v line 405, module ram256x16 not found. Creating black box for mem_i.
[ORD-2013] instance mem_i LEF master ram256x16 not found.
Running 'Odb.CheckMacroAntennaProperties' at 'runs/RUN_2025-03-03_15-01-06/14-odb-checkmacroantennaproperties'…
No cells provided, skipping…
Running 'Odb.SetPowerConnections' at 'runs/RUN_2025-03-03_15-01-06/15-odb-setpowerconnections'…
Logging subprocess to [repr.filename]'runs/RUN_2025-03-03_15-01-06/15-odb-setpowerconnections/odb-setpowerconnections.log'[/repr.filename]…
Could not find master for cell type 'ram256x16' in the database.
Subprocess had a non-zero exit.
Last 2 line(s):
[WARNING ORD-0039] .openroad ignored with -python
[ERROR] Could not find master for cell type 'ram256x16' in the database.

Full log file: 'runs/RUN_2025-03-03_15-01-06/15-odb-setpowerconnections/odb-setpowerconnections.log'
