Clock: clk
Sources: clk 
Generated: no
Virtual: yes
Propagated: no
Period: 5.000000

===========================================================================
report_clock_properties
============================================================================
Clock                   Period          Waveform
----------------------------------------------------
clk                   5.000000    0.000000  2.500000

===========================================================================
report_clock_latency
============================================================================
Clock clk
rise -> rise
    min     max
0.000000 0.000000 source latency
1.122041         network latency _094_/CLK
        1.134631 network latency _100_/CLK
---------------
1.122041 1.134631 latency
        0.012590 skew

fall -> fall
    min     max
0.000000 0.000000 source latency
0.946089         network latency _094_/CLK
        0.953763 network latency _100_/CLK
---------------
0.946089 0.953763 latency
        0.007675 skew



===========================================================================
report_clock_min_period
============================================================================
clk period_min = 3.37 fmax = 297.08
