Clock: clk
Sources: clk 
Generated: no
Virtual: yes
Propagated: no
Period: 5.000000

===========================================================================
report_clock_properties
============================================================================
Clock                   Period          Waveform
----------------------------------------------------
clk                   5.000000    0.000000  2.500000

===========================================================================
report_clock_latency
============================================================================
Clock clk
rise -> rise
    min     max
0.000000 0.000000 source latency
1.208508         network latency _083_/CLK
        1.223572 network latency _090_/CLK
---------------
1.208508 1.223572 latency
        0.015063 skew

fall -> fall
    min     max
0.000000 0.000000 source latency
1.000823         network latency _083_/CLK
        1.020658 network latency _090_/CLK
---------------
1.000823 1.020658 latency
        0.019834 skew



===========================================================================
report_clock_min_period
============================================================================
clk period_min = 3.42 fmax = 292.50
