Clock: clk
Sources: clk 
Generated: no
Virtual: yes
Propagated: no
Period: 5.000000

===========================================================================
report_clock_properties
============================================================================
Clock                   Period          Waveform
----------------------------------------------------
clk                   5.000000    0.000000  2.500000

===========================================================================
report_clock_latency
============================================================================
Clock clk
rise -> rise
    min     max
0.000000 0.000000 source latency
0.694499         network latency _091_/CLK
        0.702538 network latency _087_/CLK
---------------
0.694499 0.702538 latency
        0.008039 skew

fall -> fall
    min     max
0.000000 0.000000 source latency
0.553896         network latency _080_/CLK
        0.565729 network latency _087_/CLK
---------------
0.553896 0.565729 latency
        0.011833 skew



===========================================================================
report_clock_min_period
============================================================================
clk period_min = 1.72 fmax = 580.37
