Clock: clk
Sources: clk 
Generated: no
Virtual: yes
Propagated: no
Period: 5.100000

===========================================================================
report_clock_properties
============================================================================
Clock                   Period          Waveform
----------------------------------------------------
clk                   5.100000    0.000000  2.550000

===========================================================================
report_clock_latency
============================================================================
Clock clk
rise -> rise
    min     max
0.000000 0.000000 source latency
0.984766         network latency _632_/CLK
        1.044804 network latency _636_/CLK
---------------
0.984766 1.044804 latency
        0.060038 skew

fall -> fall
    min     max
0.000000 0.000000 source latency
0.806239         network latency _632_/CLK
        0.854764 network latency _636_/CLK
---------------
0.806239 0.854764 latency
        0.048525 skew



===========================================================================
report_clock_min_period
============================================================================
clk period_min = 2.60 fmax = 384.08
