
===========================================================================
report_checks -unconstrained
===========================================================================
======================= nom_tt_025C_1v80 Corner ===================================

Startpoint: rst (input port clocked by clk)
Endpoint: _100_ (recovery check against rising-edge clock clk)
Path Group: asynchronous
Path Type: max

Fanout         Cap        Slew       Delay        Time   Description
---------------------------------------------------------------------------------------------
                                  0.000000    0.000000   clock clk (rise edge)
                                  0.000000    0.000000   clock network delay (propagated)
                                  2.500000    2.500000 v input external delay
     1    0.002482    0.007898    0.003876    2.503876 v rst (in)
                                                         rst (net)
                      0.007898    0.000000    2.503876 v input26/A (sky130_fd_sc_hd__clkbuf_1)
     1    0.006517    0.046045    0.089327    2.593203 v input26/X (sky130_fd_sc_hd__clkbuf_1)
                                                         net26 (net)
                      0.046045    0.000069    2.593272 v fanout45/A (sky130_fd_sc_hd__clkbuf_8)
    10    0.071109    0.087549    0.190083    2.783355 v fanout45/X (sky130_fd_sc_hd__clkbuf_8)
                                                         net45 (net)
                      0.087848    0.004208    2.787562 v fanout43/A (sky130_fd_sc_hd__buf_4)
    10    0.049659    0.076565    0.204173    2.991736 v fanout43/X (sky130_fd_sc_hd__buf_4)
                                                         net43 (net)
                      0.076570    0.000674    2.992409 v _076_/A (sky130_fd_sc_hd__inv_2)
     1    0.005878    0.039421    0.063104    3.055514 ^ _076_/Y (sky130_fd_sc_hd__inv_2)
                                                         _029_ (net)
                      0.039421    0.000050    3.055564 ^ _100_/RESET_B (sky130_fd_sc_hd__dfrtp_1)
                                              3.055564   data arrival time

                                  5.000000    5.000000   clock clk (rise edge)
                                  0.000000    5.000000   clock source latency
     1    0.050349    0.229870    0.163596    5.163596 ^ clk (in)
                                                         clk (net)
                      0.230165    0.000000    5.163596 ^ clkbuf_0_clk/A (sky130_fd_sc_hd__clkbuf_16)
     2    0.044907    0.066227    0.206217    5.369813 ^ clkbuf_0_clk/X (sky130_fd_sc_hd__clkbuf_16)
                                                         clknet_0_clk (net)
                      0.066227    0.000065    5.369878 ^ clkbuf_1_0__f_clk/A (sky130_fd_sc_hd__clkbuf_16)
    15    0.079144    0.095878    0.177632    5.547510 ^ clkbuf_1_0__f_clk/X (sky130_fd_sc_hd__clkbuf_16)
                                                         clknet_1_0__leaf_clk (net)
                      0.095909    0.001424    5.548934 ^ _100_/CLK (sky130_fd_sc_hd__dfrtp_1)
                                 -0.250000    5.298934   clock uncertainty
                                  0.000000    5.298934   clock reconvergence pessimism
                                  0.247373    5.546307   library recovery time
                                              5.546307   data required time
---------------------------------------------------------------------------------------------
                                              5.546307   data required time
                                             -3.055564   data arrival time
---------------------------------------------------------------------------------------------
                                              2.490743   slack (MET)


Startpoint: _080_ (rising edge-triggered flip-flop clocked by clk)
Endpoint: sine_out[4] (output port clocked by clk)
Path Group: clk
Path Type: max

Fanout         Cap        Slew       Delay        Time   Description
---------------------------------------------------------------------------------------------
                                  0.000000    0.000000   clock clk (rise edge)
                                  0.000000    0.000000   clock source latency
     1    0.050349    0.229870    0.163596    0.163596 ^ clk (in)
                                                         clk (net)
                      0.230165    0.000000    0.163596 ^ clkbuf_0_clk/A (sky130_fd_sc_hd__clkbuf_16)
     2    0.044907    0.066227    0.206217    0.369813 ^ clkbuf_0_clk/X (sky130_fd_sc_hd__clkbuf_16)
                                                         clknet_0_clk (net)
                      0.066227    0.000065    0.369878 ^ clkbuf_1_0__f_clk/A (sky130_fd_sc_hd__clkbuf_16)
    15    0.079144    0.095878    0.177632    0.547510 ^ clkbuf_1_0__f_clk/X (sky130_fd_sc_hd__clkbuf_16)
                                                         clknet_1_0__leaf_clk (net)
                      0.095885    0.000721    0.548231 ^ _080_/CLK (sky130_fd_sc_hd__dfrtp_1)
     1    0.004034    0.044884    0.379298    0.927529 v _080_/Q (sky130_fd_sc_hd__dfrtp_1)
                                                         net37 (net)
                      0.044884    0.000041    0.927569 v output37/A (sky130_fd_sc_hd__clkbuf_1)
     1    0.000820    0.016517    0.075912    1.003481 v output37/X (sky130_fd_sc_hd__clkbuf_1)
                                                         sine_out[4] (net)
                      0.016517    0.000002    1.003484 v sine_out[4] (out)
                                              1.003484   data arrival time

                                  5.000000    5.000000   clock clk (rise edge)
                                  0.000000    5.000000   clock network delay (propagated)
                                 -0.250000    4.750000   clock uncertainty
                                  0.000000    4.750000   clock reconvergence pessimism
                                 -2.250000    2.500000   output external delay
                                              2.500000   data required time
---------------------------------------------------------------------------------------------
                                              2.500000   data required time
                                             -1.003484   data arrival time
---------------------------------------------------------------------------------------------
                                              1.496516   slack (MET)




===========================================================================
report_checks --slack_max -0.01
============================================================================
======================= nom_tt_025C_1v80 Corner ===================================

No paths found.


===========================================================================
 report_check_types -max_slew -max_cap -max_fanout -violators
============================================================================
======================= nom_tt_025C_1v80 Corner ===================================

max fanout

Pin                                   Limit Fanout  Slack
---------------------------------------------------------
clkbuf_1_0__f_clk/X                      10     15     -5 (VIOLATED)
clkbuf_1_1__f_clk/X                      10     12     -2 (VIOLATED)



===========================================================================
report_parasitic_annotation -report_unannotated
============================================================================
Found 2 unannotated drivers.
 clkload0/Y
 mem_i_46/HI
Found 0 partially unannotated drivers.

===========================================================================
max slew violation count 0
Writing metric design__max_slew_violation__count__corner:nom_tt_025C_1v80: 0
max fanout violation count 2
Writing metric design__max_fanout_violation__count__corner:nom_tt_025C_1v80: 2
max cap violation count 0
Writing metric design__max_cap_violation__count__corner:nom_tt_025C_1v80: 0
============================================================================

===========================================================================
check_setup -verbose -unconstrained_endpoints -multiple_clock -no_clock -no_input_delay -loops -generated_clocks
===========================================================================
Warning: There is 1 unconstrained endpoint.
  mem_i/csb1
