Clock: clk
Sources: clk 
Generated: no
Virtual: yes
Propagated: no
Period: 5.000000

===========================================================================
report_clock_properties
============================================================================
Clock                   Period          Waveform
----------------------------------------------------
clk                   5.000000    0.000000  2.500000

===========================================================================
report_clock_latency
============================================================================
Clock clk
rise -> rise
    min     max
0.000000 0.000000 source latency
0.709592         network latency _080_/CLK
        0.729789 network latency _087_/CLK
---------------
0.709592 0.729789 latency
        0.020197 skew

fall -> fall
    min     max
0.000000 0.000000 source latency
0.563934         network latency _080_/CLK
        0.587908 network latency _087_/CLK
---------------
0.563934 0.587908 latency
        0.023974 skew



===========================================================================
report_clock_min_period
============================================================================
clk period_min = 1.74 fmax = 574.88
