Reading OpenROAD database at '/home/thanh/NCO/runs/RUN_2025-03-06_16-03-51/41-odb-heuristicdiodeinsertion/1-odb-fuzzydiodeplacement/counter.odb'…
Reading library file at '/home/thanh/.volare/volare/sky130/versions/0fe599b2afb6708d281543108caf8310912f54af/sky130A/libs.ref/sky130_fd_sc_hd/lib/sky130_fd_sc_hd__tt_025C_1v80.lib'…
Reading library file at '/home/thanh/NCO/ram256x16/ram256x16_TT_1p8V_25C.lib'…
Reading macro library file at '/home/thanh/NCO/ram256x16/ram256x16_TT_1p8V_25C.lib'…
[WARNING STA-1140] /home/thanh/NCO/ram256x16/ram256x16_TT_1p8V_25C.lib line 1, library ram256x16_TT_1p8V_25C_lib already exists.
Reading design constraints file at '/home/thanh/NCO/counter.sdc'…
Placement Analysis
---------------------------------
total displacement        421.2 u
average displacement        0.1 u
max displacement            6.4 u
original HPWL           30906.8 u
legalized HPWL          31595.0 u
delta HPWL                    2 %

[INFO DPL-0020] Mirrored 425 instances
[INFO DPL-0021] HPWL before           31595.0 u
[INFO DPL-0022] HPWL after            31043.8 u
[INFO DPL-0023] HPWL delta               -1.7 %
Setting global connections for newly added cells…
[INFO] Setting global connections...
mem_i.* matched with mem_i1_115
mem_i.* matched with mem_i0
mem_i.* matched with mem_i1
mem_i.* matched with mem_i0_114
Updating metrics…
Cell type report:                       Count       Area
  Macro                                     2  247030.69
  Fill cell                               962    3610.96
  Tap cell                               1530    1914.34
  Antenna cell                            386     965.93
  Clock buffer                             15     301.54
  Timing Repair Buffer                    116     593.07
  Inverter                                 39     151.40
  Clock inverter                            2      16.27
  Sequential cell                          59    1338.78
  Multi-Input combinational cell          254    1936.86
  Total                                  3365  257859.82
Writing OpenROAD database to '/home/thanh/NCO/runs/RUN_2025-03-06_16-03-51/41-odb-heuristicdiodeinsertion/2-openroad-detailedplacement/counter.odb'…
Writing netlist to '/home/thanh/NCO/runs/RUN_2025-03-06_16-03-51/41-odb-heuristicdiodeinsertion/2-openroad-detailedplacement/counter.nl.v'…
Writing powered netlist to '/home/thanh/NCO/runs/RUN_2025-03-06_16-03-51/41-odb-heuristicdiodeinsertion/2-openroad-detailedplacement/counter.pnl.v'…
Writing layout to '/home/thanh/NCO/runs/RUN_2025-03-06_16-03-51/41-odb-heuristicdiodeinsertion/2-openroad-detailedplacement/counter.def'…
Writing timing constraints to '/home/thanh/NCO/runs/RUN_2025-03-06_16-03-51/41-odb-heuristicdiodeinsertion/2-openroad-detailedplacement/counter.sdc'…
