Reading OpenROAD database at '/home/thanh/NCO/runs/RUN_2025-03-11_17-04-58/18-openroad-tapendcapinsertion/counter.odb'…
Reading library file at '/home/thanh/.volare/volare/sky130/versions/0fe599b2afb6708d281543108caf8310912f54af/sky130A/libs.ref/sky130_fd_sc_hd/lib/sky130_fd_sc_hd__tt_025C_1v80.lib'…
Reading library file at '/home/thanh/.volare/volare/sky130/versions/0fe599b2afb6708d281543108caf8310912f54af/sky130A/libs.ref/sky130_sram_macros/lib/sky130_sram_1kbyte_1rw1r_32x256_8_TT_1p8V_25C.lib'…
Reading macro library file at '/home/thanh/.volare/volare/sky130/versions/0fe599b2afb6708d281543108caf8310912f54af/sky130A/libs.ref/sky130_sram_macros/lib/sky130_sram_1kbyte_1rw1r_32x256_8_TT_1p8V_25C.lib'…
[WARNING STA-1140] /home/thanh/.volare/volare/sky130/versions/0fe599b2afb6708d281543108caf8310912f54af/sky130A/libs.ref/sky130_sram_macros/lib/sky130_sram_1kbyte_1rw1r_32x256_8_TT_1p8V_25C.lib line 1, library sky130_sram_1kbyte_1rw1r_32x256_8_TT_1p8V_25C_lib already exists.
Reading design constraints file at '/home/thanh/NCO/counter.sdc'…
[INFO] Setting global connections...
mem_i.* matched with mem_i
[INFO PDN-0001] Inserting grid: stdcell_grid
[INFO PDN-0001] Inserting grid: macro - mem_i
Setting global connections for newly added cells…
[INFO] Setting global connections...
mem_i.* matched with mem_i
Updating metrics…
Cell type report:                       Count       Area
  Macro                                     1  190712.55
  Fill cell                               660    2477.38
  Tap cell                               1005    1257.46
  Inverter                                 39     146.39
  Sequential cell                          59    1380.07
  Multi-Input combinational cell          258    2472.37
  Total                                  2022  198446.22
Writing OpenROAD database to '/home/thanh/NCO/runs/RUN_2025-03-11_17-04-58/20-openroad-generatepdn/counter.odb'…
Writing netlist to '/home/thanh/NCO/runs/RUN_2025-03-11_17-04-58/20-openroad-generatepdn/counter.nl.v'…
Writing powered netlist to '/home/thanh/NCO/runs/RUN_2025-03-11_17-04-58/20-openroad-generatepdn/counter.pnl.v'…
Writing layout to '/home/thanh/NCO/runs/RUN_2025-03-11_17-04-58/20-openroad-generatepdn/counter.def'…
Writing timing constraints to '/home/thanh/NCO/runs/RUN_2025-03-11_17-04-58/20-openroad-generatepdn/counter.sdc'…
[INFO PSM-0040] All shapes on net vccd1 are connected.
[INFO PSM-0040] All shapes on net vssd1 are connected.
