Reading timing models for corner nom_ss_100C_1v60…
Reading timing library for the 'nom_ss_100C_1v60' corner at '/home/thanh/.volare/volare/sky130/versions/0fe599b2afb6708d281543108caf8310912f54af/sky130A/libs.ref/sky130_fd_sc_hd/lib/sky130_fd_sc_hd__ss_100C_1v60.lib'…
Reading timing library for the 'nom_ss_100C_1v60' corner at '/home/thanh/NCO/ram256x16/ram256x16_TT_1p8V_25C.lib'…
Reading OpenROAD database at '/home/thanh/NCO/runs/RUN_2025-03-04_07-10-12/595-openroad-cts/counter.odb'…
Reading design constraints file at '/home/thanh/NCO/counter.sdc'…
[INFO] Setting RC values…
[INFO RSZ-0098] No setup violations found
[INFO RSZ-0033] No hold violations found.
Placement Analysis
---------------------------------
total displacement          0.0 u
average displacement        0.0 u
max displacement            0.0 u
original HPWL            6676.5 u
legalized HPWL           6757.1 u
delta HPWL                    1 %

[INFO DPL-0020] Mirrored 47 instances
[INFO DPL-0021] HPWL before            6757.1 u
[INFO DPL-0022] HPWL after             6676.5 u
[INFO DPL-0023] HPWL delta               -1.2 %
[INFO] Setting RC values…
Setting global connections for newly added cells…
[INFO] Setting global connections...
mem_i matched with mem_i
Updating metrics…
Cell type report:                       Count       Area
  Macro                                     1  123515.34
  Fill cell                               470    1764.19
  Tap cell                                739     924.64
  Clock buffer                              3      75.07
  Timing Repair Buffer                     45     183.93
  Inverter                                 25      93.84
  Clock inverter                            1      30.03
  Sequential cell                          24     620.60
  Multi-Input combinational cell           15      96.34
  Total                                  1323  127303.98
Writing OpenROAD database to '/home/thanh/NCO/runs/RUN_2025-03-04_07-10-12/597-openroad-resizertimingpostcts/counter.odb'…
Writing netlist to '/home/thanh/NCO/runs/RUN_2025-03-04_07-10-12/597-openroad-resizertimingpostcts/counter.nl.v'…
Writing powered netlist to '/home/thanh/NCO/runs/RUN_2025-03-04_07-10-12/597-openroad-resizertimingpostcts/counter.pnl.v'…
Writing layout to '/home/thanh/NCO/runs/RUN_2025-03-04_07-10-12/597-openroad-resizertimingpostcts/counter.def'…
Writing timing constraints to '/home/thanh/NCO/runs/RUN_2025-03-04_07-10-12/597-openroad-resizertimingpostcts/counter.sdc'…
