Reading OpenROAD database at '/home/thanh/NCO/runs/RUN_2025-03-03_16-37-26/43-openroad-detailedrouting/counter.odb'…
Reading library file at '/home/thanh/.volare/volare/sky130/versions/0fe599b2afb6708d281543108caf8310912f54af/sky130A/libs.ref/sky130_fd_sc_hd/lib/sky130_fd_sc_hd__tt_025C_1v80.lib'…
Reading design constraints file at '/nix/store/ss2cw3sxbrwwx9jl0rrppbw4kgcmgi2n-python3-3.11.9-env/lib/python3.11/site-packages/openlane/scripts/base.sdc'…
[INFO] Using clock clk…
[INFO] Setting output delay to: 2
[INFO] Setting input delay to: 2
[INFO] Setting load to: 0.033442
[INFO] Setting clock uncertainty to: 0.25
[INFO] Setting clock transition to: 0.1499999999999999944488848768742172978818416595458984375
[INFO] Setting timing derate to: 5%
%OL_CREATE_REPORT /home/thanh/NCO/runs/RUN_2025-03-03_16-37-26/45-openroad-checkantennas-1/reports/antenna.rpt
Net: clknet_1_1__leaf_clk
  Pin:   _087_/CLK (sky130_fd_sc_hd__dfrtp_1)
    Layer: mcon
      Partial area ratio:    0.18
      Required ratio:    3.00 (Gate area) 
      Cumulative area ratio:    0.18
      Required ratio:    0.00 (Cumulative area) 

    Layer: met1
      Partial area ratio:   12.02
      Required ratio:    0.00 (Gate area) 
      Cumulative area ratio:   12.02
      Required ratio:    0.00 (Cumulative area) 
      Partial area ratio:   59.59
      Required ratio:  400.00 (Side area) 
      Cumulative area ratio:   59.59
      Required ratio:    0.00 (Cumulative side area) 

    Layer: via
      Partial area ratio:    0.14
      Required ratio:    6.00 (Gate area) 
      Cumulative area ratio:    0.32
      Required ratio:    0.00 (Cumulative area) 

    Layer: met2
      Partial area ratio:    8.83
      Required ratio:    0.00 (Gate area) 
      Cumulative area ratio:   20.84
      Required ratio:    0.00 (Cumulative area) 
      Partial area ratio:   43.22
      Required ratio:  400.00 (Side area) 
      Cumulative area ratio:  102.81
      Required ratio:    0.00 (Cumulative side area) 

    Layer: via2
      Partial area ratio:    0.13
      Required ratio:    6.00 (Gate area) 
      Cumulative area ratio:    0.45
      Required ratio:    0.00 (Cumulative area) 

    Layer: met3
      Partial area ratio:    7.21
      Required ratio:    0.00 (Gate area) 
      Cumulative area ratio:   28.05
      Required ratio:    0.00 (Cumulative area) 
      Partial area ratio:   38.67
      Required ratio: 3872.32 (Side area) 
      Cumulative area ratio:  141.48
      Required ratio:    0.00 (Cumulative side area) 

    Layer: via3
      Partial area ratio:    0.02
      Required ratio:  120.51 (Gate area) 
      Cumulative area ratio:    0.47
      Required ratio:    0.00 (Cumulative area) 

    Layer: met4
      Partial area ratio:    0.11
      Required ratio:    0.00 (Gate area) 
      Cumulative area ratio:   28.17
      Required ratio:    0.00 (Cumulative area) 
      Partial area ratio:    0.81
      Required ratio: 3872.32 (Side area) 
      Cumulative area ratio:  142.29
      Required ratio:    0.00 (Cumulative side area) 


  Pin:   _088_/CLK (sky130_fd_sc_hd__dfrtp_1)
    Layer: mcon
      Partial area ratio:    0.18
      Required ratio:    3.00 (Gate area) 
      Cumulative area ratio:    0.18
      Required ratio:    0.00 (Cumulative area) 

    Layer: met1
      Partial area ratio:   94.11
      Required ratio:    0.00 (Gate area) 
      Cumulative area ratio:   94.11
      Required ratio:    0.00 (Cumulative area) 
      Partial area ratio:  469.37
      Required ratio:  400.00 (Side area) (VIOLATED)
      Cumulative area ratio:  469.37
      Required ratio:    0.00 (Cumulative side area) 

    Layer: via
      Partial area ratio:    0.28
      Required ratio:    6.00 (Gate area) 
      Cumulative area ratio:    0.46
      Required ratio:    0.00 (Cumulative area) 

    Layer: met2
      Partial area ratio:    8.83
      Required ratio:    0.00 (Gate area) 
      Cumulative area ratio:  102.93
      Required ratio:    0.00 (Cumulative area) 
      Partial area ratio:   43.22
      Required ratio:  400.00 (Side area) 
      Cumulative area ratio:  512.60
      Required ratio:    0.00 (Cumulative side area) 

    Layer: via2
      Partial area ratio:    0.13
      Required ratio:    6.00 (Gate area) 
      Cumulative area ratio:    0.59
      Required ratio:    0.00 (Cumulative area) 

    Layer: met3
      Partial area ratio:    7.21
      Required ratio:    0.00 (Gate area) 
      Cumulative area ratio:  110.15
      Required ratio:    0.00 (Cumulative area) 
      Partial area ratio:   38.67
      Required ratio: 3872.32 (Side area) 
      Cumulative area ratio:  551.26
      Required ratio:    0.00 (Cumulative side area) 

    Layer: via3
      Partial area ratio:    0.02
      Required ratio:  120.51 (Gate area) 
      Cumulative area ratio:    0.61
      Required ratio:    0.00 (Cumulative area) 

    Layer: met4
      Partial area ratio:    0.11
      Required ratio:    0.00 (Gate area) 
      Cumulative area ratio:  110.26
      Required ratio:    0.00 (Cumulative area) 
      Partial area ratio:    0.81
      Required ratio: 3872.32 (Side area) 
      Cumulative area ratio:  552.08
      Required ratio:    0.00 (Cumulative side area) 


  Pin:   _089_/CLK (sky130_fd_sc_hd__dfrtp_4)
    Layer: mcon
      Partial area ratio:    0.18
      Required ratio:    3.00 (Gate area) 
      Cumulative area ratio:    0.18
      Required ratio:    0.00 (Cumulative area) 

    Layer: met1
      Partial area ratio:    0.52
      Required ratio:    0.00 (Gate area) 
      Cumulative area ratio:    0.52
      Required ratio:    0.00 (Cumulative area) 
      Partial area ratio:    2.55
      Required ratio:  400.00 (Side area) 
      Cumulative area ratio:    2.55
      Required ratio:    0.00 (Cumulative side area) 

    Layer: via
      Partial area ratio:    0.14
      Required ratio:    6.00 (Gate area) 
      Cumulative area ratio:    0.32
      Required ratio:    0.00 (Cumulative area) 

    Layer: met2
      Partial area ratio:   15.24
      Required ratio:    0.00 (Gate area) 
      Cumulative area ratio:   15.77
      Required ratio:    0.00 (Cumulative area) 
      Partial area ratio:   75.64
      Required ratio: 3872.32 (Side area) 
      Cumulative area ratio:   78.20
      Required ratio:    0.00 (Cumulative side area) 

    Layer: via2
      Partial area ratio:    0.02
      Required ratio:  120.51 (Gate area) 
      Cumulative area ratio:    0.34
      Required ratio:    0.00 (Cumulative area) 

    Layer: met3
      Partial area ratio:    7.21
      Required ratio:    0.00 (Gate area) 
      Cumulative area ratio:   22.98
      Required ratio:    0.00 (Cumulative area) 
      Partial area ratio:   38.67
      Required ratio: 3872.32 (Side area) 
      Cumulative area ratio:  116.87
      Required ratio:    0.00 (Cumulative side area) 

    Layer: via3
      Partial area ratio:    0.02
      Required ratio:  120.51 (Gate area) 
      Cumulative area ratio:    0.36
      Required ratio:    0.00 (Cumulative area) 

    Layer: met4
      Partial area ratio:    0.11
      Required ratio:    0.00 (Gate area) 
      Cumulative area ratio:   23.09
      Required ratio:    0.00 (Cumulative area) 
      Partial area ratio:    0.81
      Required ratio: 3872.32 (Side area) 
      Cumulative area ratio:  117.68
      Required ratio:    0.00 (Cumulative side area) 


  Pin:   _090_/CLK (sky130_fd_sc_hd__dfrtp_4)
    Layer: mcon
      Partial area ratio:    0.18
      Required ratio:    3.00 (Gate area) 
      Cumulative area ratio:    0.18
      Required ratio:    0.00 (Cumulative area) 

    Layer: met1
      Partial area ratio:    0.52
      Required ratio:    0.00 (Gate area) 
      Cumulative area ratio:    0.52
      Required ratio:    0.00 (Cumulative area) 
      Partial area ratio:    2.55
      Required ratio:  400.00 (Side area) 
      Cumulative area ratio:    2.55
      Required ratio:    0.00 (Cumulative side area) 

    Layer: via
      Partial area ratio:    0.14
      Required ratio:    6.00 (Gate area) 
      Cumulative area ratio:    0.32
      Required ratio:    0.00 (Cumulative area) 

    Layer: met2
      Partial area ratio:   15.24
      Required ratio:    0.00 (Gate area) 
      Cumulative area ratio:   15.77
      Required ratio:    0.00 (Cumulative area) 
      Partial area ratio:   75.64
      Required ratio: 3872.32 (Side area) 
      Cumulative area ratio:   78.20
      Required ratio:    0.00 (Cumulative side area) 

    Layer: via2
      Partial area ratio:    0.02
      Required ratio:  120.51 (Gate area) 
      Cumulative area ratio:    0.34
      Required ratio:    0.00 (Cumulative area) 

    Layer: met3
      Partial area ratio:    7.21
      Required ratio:    0.00 (Gate area) 
      Cumulative area ratio:   22.98
      Required ratio:    0.00 (Cumulative area) 
      Partial area ratio:   38.67
      Required ratio: 3872.32 (Side area) 
      Cumulative area ratio:  116.87
      Required ratio:    0.00 (Cumulative side area) 

    Layer: via3
      Partial area ratio:    0.02
      Required ratio:  120.51 (Gate area) 
      Cumulative area ratio:    0.36
      Required ratio:    0.00 (Cumulative area) 

    Layer: met4
      Partial area ratio:    0.11
      Required ratio:    0.00 (Gate area) 
      Cumulative area ratio:   23.09
      Required ratio:    0.00 (Cumulative area) 
      Partial area ratio:    0.81
      Required ratio: 3872.32 (Side area) 
      Cumulative area ratio:  117.68
      Required ratio:    0.00 (Cumulative side area) 


  Pin:   _091_/CLK (sky130_fd_sc_hd__dfrtp_1)
    Layer: mcon
      Partial area ratio:    0.18
      Required ratio:    3.00 (Gate area) 
      Cumulative area ratio:    0.18
      Required ratio:    0.00 (Cumulative area) 

    Layer: met1
      Partial area ratio:    1.98
      Required ratio:    0.00 (Gate area) 
      Cumulative area ratio:    1.98
      Required ratio:    0.00 (Cumulative area) 
      Partial area ratio:    9.16
      Required ratio:  400.00 (Side area) 
      Cumulative area ratio:    9.16
      Required ratio:    0.00 (Cumulative side area) 

    Layer: via
      Partial area ratio:    0.28
      Required ratio:    6.00 (Gate area) 
      Cumulative area ratio:    0.46
      Required ratio:    0.00 (Cumulative area) 

    Layer: met2
      Partial area ratio:   15.24
      Required ratio:    0.00 (Gate area) 
      Cumulative area ratio:   17.22
      Required ratio:    0.00 (Cumulative area) 
      Partial area ratio:   75.64
      Required ratio: 3872.32 (Side area) 
      Cumulative area ratio:   84.80
      Required ratio:    0.00 (Cumulative side area) 

    Layer: via2
      Partial area ratio:    0.02
      Required ratio:  120.51 (Gate area) 
      Cumulative area ratio:    0.48
      Required ratio:    0.00 (Cumulative area) 

    Layer: met3
      Partial area ratio:    7.21
      Required ratio:    0.00 (Gate area) 
      Cumulative area ratio:   24.44
      Required ratio:    0.00 (Cumulative area) 
      Partial area ratio:   38.67
      Required ratio: 3872.32 (Side area) 
      Cumulative area ratio:  123.47
      Required ratio:    0.00 (Cumulative side area) 

    Layer: via3
      Partial area ratio:    0.02
      Required ratio:  120.51 (Gate area) 
      Cumulative area ratio:    0.50
      Required ratio:    0.00 (Cumulative area) 

    Layer: met4
      Partial area ratio:    0.11
      Required ratio:    0.00 (Gate area) 
      Cumulative area ratio:   24.55
      Required ratio:    0.00 (Cumulative area) 
      Partial area ratio:    0.81
      Required ratio: 3872.32 (Side area) 
      Cumulative area ratio:  124.28
      Required ratio:    0.00 (Cumulative side area) 


  Pin:   _092_/CLK (sky130_fd_sc_hd__dfrtp_1)
    Layer: mcon
      Partial area ratio:    0.18
      Required ratio:    3.00 (Gate area) 
      Cumulative area ratio:    0.18
      Required ratio:    0.00 (Cumulative area) 

    Layer: met1
      Partial area ratio:    1.08
      Required ratio:    0.00 (Gate area) 
      Cumulative area ratio:    1.08
      Required ratio:    0.00 (Cumulative area) 
      Partial area ratio:    4.91
      Required ratio:  400.00 (Side area) 
      Cumulative area ratio:    4.91
      Required ratio:    0.00 (Cumulative side area) 

    Layer: via
      Partial area ratio:    0.14
      Required ratio:    6.00 (Gate area) 
      Cumulative area ratio:    0.32
      Required ratio:    0.00 (Cumulative area) 

    Layer: met2
      Partial area ratio:   15.24
      Required ratio:    0.00 (Gate area) 
      Cumulative area ratio:   16.32
      Required ratio:    0.00 (Cumulative area) 
      Partial area ratio:   75.64
      Required ratio: 3872.32 (Side area) 
      Cumulative area ratio:   80.55
      Required ratio:    0.00 (Cumulative side area) 

    Layer: via2
      Partial area ratio:    0.02
      Required ratio:  120.51 (Gate area) 
      Cumulative area ratio:    0.34
      Required ratio:    0.00 (Cumulative area) 

    Layer: met3
      Partial area ratio:    7.21
      Required ratio:    0.00 (Gate area) 
      Cumulative area ratio:   23.54
      Required ratio:    0.00 (Cumulative area) 
      Partial area ratio:   38.67
      Required ratio: 3872.32 (Side area) 
      Cumulative area ratio:  119.22
      Required ratio:    0.00 (Cumulative side area) 

    Layer: via3
      Partial area ratio:    0.02
      Required ratio:  120.51 (Gate area) 
      Cumulative area ratio:    0.36
      Required ratio:    0.00 (Cumulative area) 

    Layer: met4
      Partial area ratio:    0.11
      Required ratio:    0.00 (Gate area) 
      Cumulative area ratio:   23.65
      Required ratio:    0.00 (Cumulative area) 
      Partial area ratio:    0.81
      Required ratio: 3872.32 (Side area) 
      Cumulative area ratio:  120.03
      Required ratio:    0.00 (Cumulative side area) 


  Pin:   _093_/CLK (sky130_fd_sc_hd__dfrtp_1)
    Layer: mcon
      Partial area ratio:    0.18
      Required ratio:    3.00 (Gate area) 
      Cumulative area ratio:    0.18
      Required ratio:    0.00 (Cumulative area) 

    Layer: met1
      Partial area ratio:    1.08
      Required ratio:    0.00 (Gate area) 
      Cumulative area ratio:    1.08
      Required ratio:    0.00 (Cumulative area) 
      Partial area ratio:    4.91
      Required ratio:  400.00 (Side area) 
      Cumulative area ratio:    4.91
      Required ratio:    0.00 (Cumulative side area) 

    Layer: via
      Partial area ratio:    0.14
      Required ratio:    6.00 (Gate area) 
      Cumulative area ratio:    0.32
      Required ratio:    0.00 (Cumulative area) 

    Layer: met2
      Partial area ratio:   15.24
      Required ratio:    0.00 (Gate area) 
      Cumulative area ratio:   16.32
      Required ratio:    0.00 (Cumulative area) 
      Partial area ratio:   75.64
      Required ratio: 3872.32 (Side area) 
      Cumulative area ratio:   80.55
      Required ratio:    0.00 (Cumulative side area) 

    Layer: via2
      Partial area ratio:    0.02
      Required ratio:  120.51 (Gate area) 
      Cumulative area ratio:    0.34
      Required ratio:    0.00 (Cumulative area) 

    Layer: met3
      Partial area ratio:    7.21
      Required ratio:    0.00 (Gate area) 
      Cumulative area ratio:   23.54
      Required ratio:    0.00 (Cumulative area) 
      Partial area ratio:   38.67
      Required ratio: 3872.32 (Side area) 
      Cumulative area ratio:  119.22
      Required ratio:    0.00 (Cumulative side area) 

    Layer: via3
      Partial area ratio:    0.02
      Required ratio:  120.51 (Gate area) 
      Cumulative area ratio:    0.36
      Required ratio:    0.00 (Cumulative area) 

    Layer: met4
      Partial area ratio:    0.11
      Required ratio:    0.00 (Gate area) 
      Cumulative area ratio:   23.65
      Required ratio:    0.00 (Cumulative area) 
      Partial area ratio:    0.81
      Required ratio: 3872.32 (Side area) 
      Cumulative area ratio:  120.03
      Required ratio:    0.00 (Cumulative side area) 


  Pin:   _094_/CLK (sky130_fd_sc_hd__dfrtp_2)
    Layer: mcon
      Partial area ratio:    0.18
      Required ratio:    3.00 (Gate area) 
      Cumulative area ratio:    0.18
      Required ratio:    0.00 (Cumulative area) 

    Layer: met1
      Partial area ratio:    0.52
      Required ratio:    0.00 (Gate area) 
      Cumulative area ratio:    0.52
      Required ratio:    0.00 (Cumulative area) 
      Partial area ratio:    2.55
      Required ratio:  400.00 (Side area) 
      Cumulative area ratio:    2.55
      Required ratio:    0.00 (Cumulative side area) 

    Layer: via
      Partial area ratio:    0.14
      Required ratio:    6.00 (Gate area) 
      Cumulative area ratio:    0.32
      Required ratio:    0.00 (Cumulative area) 

    Layer: met2
      Partial area ratio:   15.24
      Required ratio:    0.00 (Gate area) 
      Cumulative area ratio:   15.77
      Required ratio:    0.00 (Cumulative area) 
      Partial area ratio:   75.64
      Required ratio: 3872.32 (Side area) 
      Cumulative area ratio:   78.20
      Required ratio:    0.00 (Cumulative side area) 

    Layer: via2
      Partial area ratio:    0.02
      Required ratio:  120.51 (Gate area) 
      Cumulative area ratio:    0.34
      Required ratio:    0.00 (Cumulative area) 

    Layer: met3
      Partial area ratio:    7.21
      Required ratio:    0.00 (Gate area) 
      Cumulative area ratio:   22.98
      Required ratio:    0.00 (Cumulative area) 
      Partial area ratio:   38.67
      Required ratio: 3872.32 (Side area) 
      Cumulative area ratio:  116.87
      Required ratio:    0.00 (Cumulative side area) 

    Layer: via3
      Partial area ratio:    0.02
      Required ratio:  120.51 (Gate area) 
      Cumulative area ratio:    0.36
      Required ratio:    0.00 (Cumulative area) 

    Layer: met4
      Partial area ratio:    0.11
      Required ratio:    0.00 (Gate area) 
      Cumulative area ratio:   23.09
      Required ratio:    0.00 (Cumulative area) 
      Partial area ratio:    0.81
      Required ratio: 3872.32 (Side area) 
      Cumulative area ratio:  117.68
      Required ratio:    0.00 (Cumulative side area) 


  Pin:   _095_/CLK (sky130_fd_sc_hd__dfrtp_1)
    Layer: mcon
      Partial area ratio:    0.18
      Required ratio:    3.00 (Gate area) 
      Cumulative area ratio:    0.18
      Required ratio:    0.00 (Cumulative area) 

    Layer: met1
      Partial area ratio:    0.52
      Required ratio:    0.00 (Gate area) 
      Cumulative area ratio:    0.52
      Required ratio:    0.00 (Cumulative area) 
      Partial area ratio:    2.55
      Required ratio:  400.00 (Side area) 
      Cumulative area ratio:    2.55
      Required ratio:    0.00 (Cumulative side area) 

    Layer: via
      Partial area ratio:    0.14
      Required ratio:    6.00 (Gate area) 
      Cumulative area ratio:    0.32
      Required ratio:    0.00 (Cumulative area) 

    Layer: met2
      Partial area ratio:   15.24
      Required ratio:    0.00 (Gate area) 
      Cumulative area ratio:   15.77
      Required ratio:    0.00 (Cumulative area) 
      Partial area ratio:   75.64
      Required ratio: 3872.32 (Side area) 
      Cumulative area ratio:   78.20
      Required ratio:    0.00 (Cumulative side area) 

    Layer: via2
      Partial area ratio:    0.02
      Required ratio:  120.51 (Gate area) 
      Cumulative area ratio:    0.34
      Required ratio:    0.00 (Cumulative area) 

    Layer: met3
      Partial area ratio:    7.21
      Required ratio:    0.00 (Gate area) 
      Cumulative area ratio:   22.98
      Required ratio:    0.00 (Cumulative area) 
      Partial area ratio:   38.67
      Required ratio: 3872.32 (Side area) 
      Cumulative area ratio:  116.87
      Required ratio:    0.00 (Cumulative side area) 

    Layer: via3
      Partial area ratio:    0.02
      Required ratio:  120.51 (Gate area) 
      Cumulative area ratio:    0.36
      Required ratio:    0.00 (Cumulative area) 

    Layer: met4
      Partial area ratio:    0.11
      Required ratio:    0.00 (Gate area) 
      Cumulative area ratio:   23.09
      Required ratio:    0.00 (Cumulative area) 
      Partial area ratio:    0.81
      Required ratio: 3872.32 (Side area) 
      Cumulative area ratio:  117.68
      Required ratio:    0.00 (Cumulative side area) 


  Pin:   _096_/CLK (sky130_fd_sc_hd__dfrtp_1)
    Layer: mcon
      Partial area ratio:    0.18
      Required ratio:    3.00 (Gate area) 
      Cumulative area ratio:    0.18
      Required ratio:    0.00 (Cumulative area) 

    Layer: met1
      Partial area ratio:    0.52
      Required ratio:    0.00 (Gate area) 
      Cumulative area ratio:    0.52
      Required ratio:    0.00 (Cumulative area) 
      Partial area ratio:    2.55
      Required ratio:  400.00 (Side area) 
      Cumulative area ratio:    2.55
      Required ratio:    0.00 (Cumulative side area) 

    Layer: via
      Partial area ratio:    0.14
      Required ratio:    6.00 (Gate area) 
      Cumulative area ratio:    0.32
      Required ratio:    0.00 (Cumulative area) 

    Layer: met2
      Partial area ratio:   15.24
      Required ratio:    0.00 (Gate area) 
      Cumulative area ratio:   15.77
      Required ratio:    0.00 (Cumulative area) 
      Partial area ratio:   75.64
      Required ratio: 3872.32 (Side area) 
      Cumulative area ratio:   78.20
      Required ratio:    0.00 (Cumulative side area) 

    Layer: via2
      Partial area ratio:    0.02
      Required ratio:  120.51 (Gate area) 
      Cumulative area ratio:    0.34
      Required ratio:    0.00 (Cumulative area) 

    Layer: met3
      Partial area ratio:    7.21
      Required ratio:    0.00 (Gate area) 
      Cumulative area ratio:   22.98
      Required ratio:    0.00 (Cumulative area) 
      Partial area ratio:   38.67
      Required ratio: 3872.32 (Side area) 
      Cumulative area ratio:  116.87
      Required ratio:    0.00 (Cumulative side area) 

    Layer: via3
      Partial area ratio:    0.02
      Required ratio:  120.51 (Gate area) 
      Cumulative area ratio:    0.36
      Required ratio:    0.00 (Cumulative area) 

    Layer: met4
      Partial area ratio:    0.11
      Required ratio:    0.00 (Gate area) 
      Cumulative area ratio:   23.09
      Required ratio:    0.00 (Cumulative area) 
      Partial area ratio:    0.81
      Required ratio: 3872.32 (Side area) 
      Cumulative area ratio:  117.68
      Required ratio:    0.00 (Cumulative side area) 


  Pin:   clkload0/A (sky130_fd_sc_hd__bufinv_16)
    Layer: mcon
      Partial area ratio:    0.04
      Required ratio:    3.00 (Gate area) 
      Cumulative area ratio:    0.04
      Required ratio:    0.00 (Cumulative area) 

    Layer: met1
      Partial area ratio:    1.62
      Required ratio:    0.00 (Gate area) 
      Cumulative area ratio:    1.62
      Required ratio:    0.00 (Cumulative area) 
      Partial area ratio:    7.99
      Required ratio:  400.00 (Side area) 
      Cumulative area ratio:    7.99
      Required ratio:    0.00 (Cumulative side area) 

    Layer: via
      Partial area ratio:    0.03
      Required ratio:    6.00 (Gate area) 
      Cumulative area ratio:    0.07
      Required ratio:    0.00 (Cumulative area) 

    Layer: met2
      Partial area ratio:   15.24
      Required ratio:    0.00 (Gate area) 
      Cumulative area ratio:   16.86
      Required ratio:    0.00 (Cumulative area) 
      Partial area ratio:   75.64
      Required ratio: 3872.32 (Side area) 
      Cumulative area ratio:   83.63
      Required ratio:    0.00 (Cumulative side area) 

    Layer: via2
      Partial area ratio:    0.02
      Required ratio:  120.51 (Gate area) 
      Cumulative area ratio:    0.09
      Required ratio:    0.00 (Cumulative area) 

    Layer: met3
      Partial area ratio:    7.21
      Required ratio:    0.00 (Gate area) 
      Cumulative area ratio:   24.08
      Required ratio:    0.00 (Cumulative area) 
      Partial area ratio:   38.67
      Required ratio: 3872.32 (Side area) 
      Cumulative area ratio:  122.30
      Required ratio:    0.00 (Cumulative side area) 

    Layer: via3
      Partial area ratio:    0.02
      Required ratio:  120.51 (Gate area) 
      Cumulative area ratio:    0.11
      Required ratio:    0.00 (Cumulative area) 

    Layer: met4
      Partial area ratio:    0.11
      Required ratio:    0.00 (Gate area) 
      Cumulative area ratio:   24.19
      Required ratio:    0.00 (Cumulative area) 
      Partial area ratio:    0.81
      Required ratio: 3872.32 (Side area) 
      Cumulative area ratio:  123.12
      Required ratio:    0.00 (Cumulative side area) 



[INFO ANT-0002] Found 1 net violations.
[INFO ANT-0001] Found 1 pin violations.
%OL_END_REPORT
