Clock: clk
Sources: clk 
Generated: no
Virtual: yes
Propagated: no
Period: 5.100000

===========================================================================
report_clock_properties
============================================================================
Clock                   Period          Waveform
----------------------------------------------------
clk                   5.100000    0.000000  2.550000

===========================================================================
report_clock_latency
============================================================================
Clock clk
rise -> rise
    min     max
0.000000 0.000000 source latency
0.233000         network latency _120_/CLK
        0.233000 network latency _120_/CLK
---------------
0.233000 0.233000 latency
        0.000000 skew

fall -> fall
    min     max
0.000000 0.000000 source latency
0.113440         network latency _120_/CLK
        0.113440 network latency _120_/CLK
---------------
0.113440 0.113440 latency
        0.000000 skew



===========================================================================
report_clock_min_period
============================================================================
clk period_min = 1.40 fmax = 715.40
