[INFO GRT-0043] No OR_DEFAULT vias defined.
Net: _013_
  Pin:   _144_/D (sky130_fd_sc_hd__dfrtp_1)
    Layer: mcon
      Partial area ratio:    0.23
      Required ratio:    3.00 (Gate area) 
      Cumulative area ratio:    0.23
      Required ratio:    0.00 (Cumulative area) 

    Layer: met1
      Partial area ratio:  102.32
      Required ratio:    0.00 (Gate area) 
      Cumulative area ratio:  102.32
      Required ratio:    0.00 (Cumulative area) 
      Partial area ratio:  509.25
      Required ratio:  400.00 (Side area) (VIOLATED)
      Cumulative area ratio:  509.25
      Required ratio:    0.00 (Cumulative side area) 

    Layer: via
      Partial area ratio:    0.54
      Required ratio:    6.00 (Gate area) 
      Cumulative area ratio:    0.77
      Required ratio:    0.00 (Cumulative area) 

    Layer: met2
      Partial area ratio:    2.52
      Required ratio:    0.00 (Gate area) 
      Cumulative area ratio:  104.84
      Required ratio:    0.00 (Cumulative area) 
      Partial area ratio:   12.32
      Required ratio: 3119.36 (Side area) 
      Cumulative area ratio:  521.57
      Required ratio:    0.00 (Cumulative side area) 


  Pin:   ANTENNA__144__D/DIODE (sky130_fd_sc_hd__diode_2)
    Layer: mcon
      Partial area ratio:    0.07
      Required ratio:   10.82 (Gate area) 
      Cumulative area ratio:    0.07
      Required ratio:    0.00 (Cumulative area) 

    Layer: met1
      Partial area ratio:    2.41
      Required ratio:    0.00 (Gate area) 
      Cumulative area ratio:    2.41
      Required ratio:    0.00 (Cumulative area) 
      Partial area ratio:   11.62
      Required ratio: 2773.88 (Side area) 
      Cumulative area ratio:   11.62
      Required ratio:    0.00 (Cumulative side area) 

    Layer: via
      Partial area ratio:    0.10
      Required ratio:   21.65 (Gate area) 
      Cumulative area ratio:    0.17
      Required ratio:    0.00 (Cumulative area) 

    Layer: met2
      Partial area ratio:    2.52
      Required ratio:    0.00 (Gate area) 
      Cumulative area ratio:    4.93
      Required ratio:    0.00 (Cumulative area) 
      Partial area ratio:   12.32
      Required ratio: 3119.36 (Side area) 
      Cumulative area ratio:   23.94
      Required ratio:    0.00 (Cumulative side area) 


  Pin:   ANTENNA__070__X/DIODE (sky130_fd_sc_hd__diode_2)
    Layer: mcon
      Partial area ratio:    0.07
      Required ratio:   10.82 (Gate area) 
      Cumulative area ratio:    0.07
      Required ratio:    0.00 (Cumulative area) 

    Layer: met1
      Partial area ratio:    5.04
      Required ratio:    0.00 (Gate area) 
      Cumulative area ratio:    5.04
      Required ratio:    0.00 (Cumulative area) 
      Partial area ratio:   24.38
      Required ratio: 2945.48 (Side area) 
      Cumulative area ratio:   24.38
      Required ratio:    0.00 (Cumulative side area) 

    Layer: via
      Partial area ratio:    0.16
      Required ratio:   37.09 (Gate area) 
      Cumulative area ratio:    0.22
      Required ratio:    0.00 (Cumulative area) 

    Layer: met2
      Partial area ratio:    2.52
      Required ratio:    0.00 (Gate area) 
      Cumulative area ratio:    7.56
      Required ratio:    0.00 (Cumulative area) 
      Partial area ratio:   12.32
      Required ratio: 3119.36 (Side area) 
      Cumulative area ratio:   36.70
      Required ratio:    0.00 (Cumulative side area) 



[INFO ANT-0002] Found 1 net violations.
[INFO ANT-0001] Found 1 pin violations.
