Reading OpenROAD database at '/home/thanh/NCO/runs/RUN_2025-03-04_07-10-12/41-odb-heuristicdiodeinsertion/1-odb-fuzzydiodeplacement/counter.odb'…
Reading library file at '/home/thanh/.volare/volare/sky130/versions/0fe599b2afb6708d281543108caf8310912f54af/sky130A/libs.ref/sky130_fd_sc_hd/lib/sky130_fd_sc_hd__tt_025C_1v80.lib'…
Reading design constraints file at '/home/thanh/NCO/counter.sdc'…
Placement Analysis
---------------------------------
total displacement         83.1 u
average displacement        0.1 u
max displacement            5.9 u
original HPWL            6837.1 u
legalized HPWL           6887.1 u
delta HPWL                    1 %

[INFO DPL-0020] Mirrored 72 instances
[INFO DPL-0021] HPWL before            6887.1 u
[INFO DPL-0022] HPWL after             6823.5 u
[INFO DPL-0023] HPWL delta               -0.9 %
Setting global connections for newly added cells…
[INFO] Setting global connections...
mem_i matched with mem_i
Updating metrics…
Cell type report:                       Count       Area
  Macro                                     1  123515.34
  Fill cell                               470    1764.19
  Tap cell                                739     924.64
  Antenna cell                            106     265.25
  Clock buffer                              3      75.07
  Timing Repair Buffer                     24     150.14
  Inverter                                 25      93.84
  Clock inverter                            1      30.03
  Sequential cell                          24     609.33
  Multi-Input combinational cell           15      96.34
  Total                                  1408  127524.19
Writing OpenROAD database to '/home/thanh/NCO/runs/RUN_2025-03-04_07-10-12/41-odb-heuristicdiodeinsertion/2-openroad-detailedplacement/counter.odb'…
Writing netlist to '/home/thanh/NCO/runs/RUN_2025-03-04_07-10-12/41-odb-heuristicdiodeinsertion/2-openroad-detailedplacement/counter.nl.v'…
Writing powered netlist to '/home/thanh/NCO/runs/RUN_2025-03-04_07-10-12/41-odb-heuristicdiodeinsertion/2-openroad-detailedplacement/counter.pnl.v'…
Writing layout to '/home/thanh/NCO/runs/RUN_2025-03-04_07-10-12/41-odb-heuristicdiodeinsertion/2-openroad-detailedplacement/counter.def'…
Writing timing constraints to '/home/thanh/NCO/runs/RUN_2025-03-04_07-10-12/41-odb-heuristicdiodeinsertion/2-openroad-detailedplacement/counter.sdc'…
