[WARNING ORD-0039] .openroad ignored with -python
                                Cells by Master                                 
┏━━━━━━━━━━━━━━━━━━━━━━━━━━━━━━━━━━━━━━━━━━━━━━━━━━━━━━━━━━━━━━━━┳━━━━━━━━━━━━━┓
┃ Cell                                                           ┃ Count       ┃
┡━━━━━━━━━━━━━━━━━━━━━━━━━━━━━━━━━━━━━━━━━━━━━━━━━━━━━━━━━━━━━━━━╇━━━━━━━━━━━━━┩
│ ram256x16                                                      │ 2           │
│ sky130_ef_sc_hd__decap_12                                      │ 2835        │
│ sky130_fd_sc_hd__a21oi_1                                       │ 2           │
│ sky130_fd_sc_hd__a41o_1                                        │ 1           │
│ sky130_fd_sc_hd__and2_1                                        │ 1           │
│ sky130_fd_sc_hd__and2b_1                                       │ 1           │
│ sky130_fd_sc_hd__and3_1                                        │ 2           │
│ sky130_fd_sc_hd__and4_2                                        │ 2           │
│ sky130_fd_sc_hd__buf_1                                         │ 1           │
│ sky130_fd_sc_hd__buf_2                                         │ 18          │
│ sky130_fd_sc_hd__buf_4                                         │ 3           │
│ sky130_fd_sc_hd__buf_6                                         │ 1           │
│ sky130_fd_sc_hd__bufinv_16                                     │ 1           │
│ sky130_fd_sc_hd__clkbuf_1                                      │ 32          │
│ sky130_fd_sc_hd__clkbuf_16                                     │ 5           │
│ sky130_fd_sc_hd__clkbuf_2                                      │ 32          │
│ sky130_fd_sc_hd__clkbuf_8                                      │ 1           │
│ sky130_fd_sc_hd__clkinvlp_4                                    │ 1           │
│ sky130_fd_sc_hd__conb_1                                        │ 2           │
│ sky130_fd_sc_hd__decap_3                                       │ 1116        │
│ sky130_fd_sc_hd__decap_4                                       │ 132         │
│ sky130_fd_sc_hd__decap_6                                       │ 317         │
│ sky130_fd_sc_hd__decap_8                                       │ 272         │
│ sky130_fd_sc_hd__dfrtp_1                                       │ 17          │
│ sky130_fd_sc_hd__dfrtp_4                                       │ 8           │
│ sky130_fd_sc_hd__diode_2                                       │ 302         │
│ sky130_fd_sc_hd__dlymetal6s2s_1                                │ 1           │
│ sky130_fd_sc_hd__fill_1                                        │ 564         │
│ sky130_fd_sc_hd__fill_2                                        │ 232         │
│ sky130_fd_sc_hd__inv_2                                         │ 26          │
│ sky130_fd_sc_hd__mux2_1                                        │ 16          │
│ sky130_fd_sc_hd__nor2_1                                        │ 4           │
│ sky130_fd_sc_hd__tapvpwrvgnd_1                                 │ 772         │
│ sky130_fd_sc_hd__xor2_1                                        │ 4           │
└────────────────────────────────────────────────────────────────┴─────────────┘
                               Cells by Function                                
┏━━━━━━━━━━━━━━━━━━━━━━━━━━━━━━━━━━━━━━━━━━━━━━━━━━━━━━━━━━━━━━━┳━━━━━━━━━━━━━━┓
┃ Cell Function                                                 ┃ Count        ┃
┡━━━━━━━━━━━━━━━━━━━━━━━━━━━━━━━━━━━━━━━━━━━━━━━━━━━━━━━━━━━━━━━╇━━━━━━━━━━━━━━┩
│ sky130_ef_sc_hd__decap                                        │ 2835         │
│ sky130_fd_sc_hd__a21oi                                        │ 2            │
│ sky130_fd_sc_hd__a41o                                         │ 1            │
│ sky130_fd_sc_hd__and2                                         │ 1            │
│ sky130_fd_sc_hd__and2b                                        │ 1            │
│ sky130_fd_sc_hd__and3                                         │ 2            │
│ sky130_fd_sc_hd__and4                                         │ 2            │
│ sky130_fd_sc_hd__buf                                          │ 23           │
│ sky130_fd_sc_hd__bufinv                                       │ 1            │
│ sky130_fd_sc_hd__clkbuf                                       │ 70           │
│ sky130_fd_sc_hd__clkinvlp                                     │ 1            │
│ sky130_fd_sc_hd__conb                                         │ 2            │
│ sky130_fd_sc_hd__decap                                        │ 1837         │
│ sky130_fd_sc_hd__dfrtp                                        │ 25           │
│ sky130_fd_sc_hd__diode                                        │ 302          │
│ sky130_fd_sc_hd__dlymetal6s2s                                 │ 1            │
│ sky130_fd_sc_hd__fill                                         │ 796          │
│ sky130_fd_sc_hd__inv                                          │ 26           │
│ sky130_fd_sc_hd__mux2                                         │ 16           │
│ sky130_fd_sc_hd__nor2                                         │ 4            │
│ sky130_fd_sc_hd__tapvpwrvgnd                                  │ 772          │
│ sky130_fd_sc_hd__xor2                                         │ 4            │
└───────────────────────────────────────────────────────────────┴──────────────┘
                                  Cells by SCL                                  
┏━━━━━━━━━━━━━━━━━━━━━━━━━━━━━━━━━━━━━━━━━━━━━━━━━━━━━━━┳━━━━━━━━━━━━━━━━━━━━━━┓
┃ SCL                                                   ┃ Count                ┃
┡━━━━━━━━━━━━━━━━━━━━━━━━━━━━━━━━━━━━━━━━━━━━━━━━━━━━━━━╇━━━━━━━━━━━━━━━━━━━━━━┩
│ sky130_ef_sc_hd                                       │ 2835                 │
│ sky130_fd_sc_hd                                       │ 3889                 │
└───────────────────────────────────────────────────────┴──────────────────────┘
                             Buffers by Cell Master                             
┏━━━━━━━━━━━━━━━━━━━━━━━━━━━━━━━━━━━━━━━━━━━━━━━━━━━━━━━━━━━━━━━━┳━━━━━━━━━━━━━┓
┃ Buffer                                                         ┃ Count       ┃
┡━━━━━━━━━━━━━━━━━━━━━━━━━━━━━━━━━━━━━━━━━━━━━━━━━━━━━━━━━━━━━━━━╇━━━━━━━━━━━━━┩
│ sky130_fd_sc_hd__buf_1                                         │ 1           │
│ sky130_fd_sc_hd__buf_2                                         │ 18          │
│ sky130_fd_sc_hd__buf_4                                         │ 3           │
│ sky130_fd_sc_hd__buf_6                                         │ 1           │
│ sky130_fd_sc_hd__clkbuf_1                                      │ 32          │
│ sky130_fd_sc_hd__clkbuf_16                                     │ 5           │
│ sky130_fd_sc_hd__clkbuf_2                                      │ 32          │
│ sky130_fd_sc_hd__clkbuf_8                                      │ 1           │
│ sky130_fd_sc_hd__dlymetal6s2s_1                                │ 1           │
└────────────────────────────────────────────────────────────────┴─────────────┘
