%Warning-PINMISSING: /home/thanh/NCO/counter.v:43:36: Cell has missing pin: 'vccd1'
   43 |  sky130_sram_1kbyte_1rw1r_32x256_8 mem_i (
      |                                    ^~~~~
                     ... For warning description see https://verilator.org/warn/PINMISSING?v=5.018
                     ... Use "/* verilator lint_off PINMISSING */" and lint_on around source to disable this message.
%Warning-PINMISSING: /home/thanh/NCO/counter.v:43:36: Cell has missing pin: 'vssd1'
   43 |  sky130_sram_1kbyte_1rw1r_32x256_8 mem_i (
      |                                    ^~~~~
%Warning-PINMISSING: /home/thanh/NCO/counter.v:43:36: Cell has missing pin: 'dout0'
   43 |  sky130_sram_1kbyte_1rw1r_32x256_8 mem_i (
      |                                    ^~~~~
%Warning-WIDTHEXPAND: /home/thanh/NCO/counter.v:28:27: Operator DIV expects 32 or 9 bits on the RHS, but RHS's VARREF 'num' generates 4 bits.
                                                     : ... note: In instance 'counter'
   28 |  assign maxcnt = 256*denum/num;  
      |                           ^
%Warning-UNUSEDSIGNAL: /home/thanh/NCO/counter.v:5:8: Signal is not used: 'csb01'
                                                    : ... note: In instance 'counter'
    5 |  input csb01,
      |        ^~~~~
%Warning-UNUSEDSIGNAL: /home/thanh/NCO/counter.v:9:14: Signal is not used: 'addr01'
                                                     : ... note: In instance 'counter'
    9 |  input [7:0] addr01,
      |              ^~~~~~
%Warning-UNUSEDSIGNAL: /home/thanh/NCO/sky130_sram_1kbyte_1rw1r_32x256_8.v:30:10: Signal is not used: 'clk0'
                                                                                : ... note: In instance 'counter.mem_i'
   30 |   input  clk0;  
      |          ^~~~
%Warning-UNUSEDSIGNAL: /home/thanh/NCO/sky130_sram_1kbyte_1rw1r_32x256_8.v:31:11: Signal is not used: 'csb0'
                                                                                : ... note: In instance 'counter.mem_i'
   31 |   input   csb0;  
      |           ^~~~
%Warning-UNUSEDSIGNAL: /home/thanh/NCO/sky130_sram_1kbyte_1rw1r_32x256_8.v:32:10: Signal is not used: 'web0'
                                                                                : ... note: In instance 'counter.mem_i'
   32 |   input  web0;  
      |          ^~~~
%Warning-UNUSEDSIGNAL: /home/thanh/NCO/sky130_sram_1kbyte_1rw1r_32x256_8.v:33:28: Signal is not used: 'wmask0'
                                                                                : ... note: In instance 'counter.mem_i'
   33 |   input [NUM_WMASKS-1:0]   wmask0;  
      |                            ^~~~~~
%Warning-UNUSEDSIGNAL: /home/thanh/NCO/sky130_sram_1kbyte_1rw1r_32x256_8.v:34:27: Signal is not used: 'addr0'
                                                                                : ... note: In instance 'counter.mem_i'
   34 |   input [ADDR_WIDTH-1:0]  addr0;
      |                           ^~~~~
%Warning-UNUSEDSIGNAL: /home/thanh/NCO/sky130_sram_1kbyte_1rw1r_32x256_8.v:35:27: Signal is not used: 'din0'
                                                                                : ... note: In instance 'counter.mem_i'
   35 |   input [DATA_WIDTH-1:0]  din0;
      |                           ^~~~
%Warning-UNDRIVEN: /home/thanh/NCO/sky130_sram_1kbyte_1rw1r_32x256_8.v:36:27: Signal is not driven: 'dout0'
                                                                            : ... note: In instance 'counter.mem_i'
   36 |   output [DATA_WIDTH-1:0] dout0;
      |                           ^~~~~
%Warning-UNUSEDSIGNAL: /home/thanh/NCO/sky130_sram_1kbyte_1rw1r_32x256_8.v:37:10: Signal is not used: 'clk1'
                                                                                : ... note: In instance 'counter.mem_i'
   37 |   input  clk1;  
      |          ^~~~
%Warning-UNUSEDSIGNAL: /home/thanh/NCO/sky130_sram_1kbyte_1rw1r_32x256_8.v:38:11: Signal is not used: 'csb1'
                                                                                : ... note: In instance 'counter.mem_i'
   38 |   input   csb1;  
      |           ^~~~
%Warning-UNUSEDSIGNAL: /home/thanh/NCO/sky130_sram_1kbyte_1rw1r_32x256_8.v:39:27: Signal is not used: 'addr1'
                                                                                : ... note: In instance 'counter.mem_i'
   39 |   input [ADDR_WIDTH-1:0]  addr1;
      |                           ^~~~~
%Warning-UNDRIVEN: /home/thanh/NCO/sky130_sram_1kbyte_1rw1r_32x256_8.v:40:27: Signal is not driven: 'dout1'
                                                                            : ... note: In instance 'counter.mem_i'
   40 |   output [DATA_WIDTH-1:0] dout1;
      |                           ^~~~~
%Warning-UNUSEDPARAM: /home/thanh/NCO/sky130_sram_1kbyte_1rw1r_32x256_8.v:20:13: Parameter is not used: 'RAM_DEPTH'
                                                                               : ... note: In instance 'counter.mem_i'
   20 |   parameter RAM_DEPTH = 1 << ADDR_WIDTH;
      |             ^~~~~~~~~
%Warning-UNUSEDPARAM: /home/thanh/NCO/sky130_sram_1kbyte_1rw1r_32x256_8.v:22:13: Parameter is not used: 'DELAY'
                                                                               : ... note: In instance 'counter.mem_i'
   22 |   parameter DELAY = 3 ;
      |             ^~~~~
%Warning-UNUSEDPARAM: /home/thanh/NCO/sky130_sram_1kbyte_1rw1r_32x256_8.v:23:13: Parameter is not used: 'VERBOSE'
                                                                               : ... note: In instance 'counter.mem_i'
   23 |   parameter VERBOSE = 1 ;  
      |             ^~~~~~~
%Warning-UNUSEDPARAM: /home/thanh/NCO/sky130_sram_1kbyte_1rw1r_32x256_8.v:24:13: Parameter is not used: 'T_HOLD'
                                                                               : ... note: In instance 'counter.mem_i'
   24 |   parameter T_HOLD = 1 ;  
      |             ^~~~~~
