Reading OpenROAD database at '/home/thanh/NCO/runs/RUN_2025-03-04_07-10-12/647-openroad-repairdesignpostgpl/counter.odb'…
Reading library file at '/home/thanh/.volare/volare/sky130/versions/0fe599b2afb6708d281543108caf8310912f54af/sky130A/libs.ref/sky130_fd_sc_hd/lib/sky130_fd_sc_hd__tt_025C_1v80.lib'…
Reading library file at '/home/thanh/NCO/ram256x16/ram256x16_TT_1p8V_25C.lib'…
Reading macro library file at '/home/thanh/NCO/ram256x16/ram256x16_TT_1p8V_25C.lib'…
[WARNING STA-1140] /home/thanh/NCO/ram256x16/ram256x16_TT_1p8V_25C.lib line 1, library ram256x16_TT_1p8V_25C_lib already exists.
Reading design constraints file at '/home/thanh/NCO/counter.sdc'…
Placement Analysis
---------------------------------
total displacement          0.0 u
average displacement        0.0 u
max displacement            0.0 u
original HPWL            5598.0 u
legalized HPWL           5676.7 u
delta HPWL                    1 %

[INFO DPL-0020] Mirrored 52 instances
[INFO DPL-0021] HPWL before            5676.7 u
[INFO DPL-0022] HPWL after             5598.0 u
[INFO DPL-0023] HPWL delta               -1.4 %
Setting global connections for newly added cells…
[INFO] Setting global connections...
mem_i matched with mem_i
Updating metrics…
Cell type report:                       Count       Area
  Macro                                     1  123515.34
  Fill cell                               470    1764.19
  Tap cell                                739     924.64
  Timing Repair Buffer                     45     203.95
  Inverter                                 25      93.84
  Sequential cell                          24     620.60
  Multi-Input combinational cell           15      96.34
  Total                                  1319  127218.90
Writing OpenROAD database to '/home/thanh/NCO/runs/RUN_2025-03-04_07-10-12/649-openroad-detailedplacement/counter.odb'…
Writing netlist to '/home/thanh/NCO/runs/RUN_2025-03-04_07-10-12/649-openroad-detailedplacement/counter.nl.v'…
Writing powered netlist to '/home/thanh/NCO/runs/RUN_2025-03-04_07-10-12/649-openroad-detailedplacement/counter.pnl.v'…
Writing layout to '/home/thanh/NCO/runs/RUN_2025-03-04_07-10-12/649-openroad-detailedplacement/counter.def'…
Writing timing constraints to '/home/thanh/NCO/runs/RUN_2025-03-04_07-10-12/649-openroad-detailedplacement/counter.sdc'…
