counter
----------------------------------------
All nwells must contain metal-connected N+ taps (nwell.4)
----------------------------------------
 5.330um 311.385um 39.750um 314.215um
 5.330um 305.945um 39.750um 308.775um
 5.330um 300.505um 39.750um 303.335um
 5.330um 295.065um 39.750um 297.895um
 5.330um 289.625um 39.750um 292.455um
 5.330um 284.185um 39.750um 287.015um
 5.330um 278.745um 39.750um 281.575um
 5.330um 273.305um 39.750um 276.135um
 5.330um 267.865um 39.750um 270.695um
 5.330um 262.425um 39.750um 265.255um
 5.330um 256.985um 39.750um 259.815um
 5.330um 251.545um 39.750um 254.375um
 5.330um 246.105um 39.750um 248.935um
 5.330um 240.665um 39.750um 243.495um
 5.330um 235.225um 39.750um 238.055um
 5.330um 229.785um 39.750um 232.615um
 5.330um 224.345um 39.750um 227.175um
 5.330um 218.905um 39.750um 221.735um
 5.330um 213.465um 39.750um 216.295um
 5.330um 208.025um 39.750um 210.855um
 5.330um 202.585um 39.750um 205.415um
 5.330um 197.145um 39.750um 199.975um
 5.330um 191.705um 39.750um 194.535um
 5.330um 186.265um 39.750um 189.095um
 5.330um 180.825um 39.750um 183.655um
 5.330um 175.385um 39.750um 178.215um
 5.330um 169.945um 39.750um 172.775um
 5.330um 164.505um 39.750um 167.335um
 5.330um 159.065um 39.750um 161.895um
 5.330um 153.625um 39.750um 156.455um
 5.330um 148.185um 39.750um 151.015um
 5.330um 142.745um 39.750um 145.575um
 5.330um 137.305um 39.750um 140.135um
 5.330um 131.865um 39.750um 134.695um
 5.330um 126.425um 39.750um 129.255um
 5.330um 120.985um 39.750um 123.815um
 5.330um 115.545um 39.750um 118.375um
 5.330um 110.105um 39.750um 112.935um
 5.330um 104.665um 39.750um 107.495um
 5.330um 99.225um 39.750um 102.055um
 5.330um 93.785um 39.750um 96.615um
 5.330um 88.345um 39.750um 91.175um
 5.330um 82.905um 39.750um 85.735um
 5.330um 77.465um 39.750um 80.295um
 5.330um 72.025um 39.750um 74.855um
 5.330um 66.585um 39.750um 69.415um
 5.330um 61.145um 39.750um 63.975um
 5.330um 55.705um 39.750um 58.535um
 5.330um 50.265um 39.750um 53.095um
 5.330um 44.825um 39.750um 47.655um
 5.330um 39.385um 39.750um 42.215um
 5.330um 33.945um 314.560um 36.775um
 5.330um 28.505um 314.560um 31.335um
 5.330um 23.065um 314.560um 25.895um
 5.330um 17.625um 314.560um 20.455um
 5.330um 12.185um 314.560um 15.015um
 5.330um 354.905um 314.560um 357.735um
 5.330um 349.465um 314.560um 352.295um
 5.330um 344.025um 314.560um 346.855um
 5.330um 338.585um 314.560um 341.415um
 5.330um 333.145um 314.560um 335.975um
 5.330um 328.930um 314.560um 330.535um
 5.330um 327.705um 39.750um 328.930um
 5.330um 322.265um 39.750um 325.095um
 5.330um 316.825um 39.750um 319.655um
 520.070um 311.385um 554.490um 314.215um
 520.070um 305.945um 554.490um 308.775um
 520.070um 300.505um 554.490um 303.335um
 520.070um 295.065um 554.490um 297.895um
 520.070um 289.625um 554.490um 292.455um
 520.070um 284.185um 554.490um 287.015um
 520.070um 278.745um 554.490um 281.575um
 520.070um 273.305um 554.490um 276.135um
 520.070um 267.865um 554.490um 270.695um
 520.070um 262.425um 554.490um 265.255um
 520.070um 256.985um 554.490um 259.815um
 520.070um 251.545um 554.490um 254.375um
 520.070um 246.105um 554.490um 248.935um
 520.070um 240.665um 554.490um 243.495um
 520.070um 235.225um 554.490um 238.055um
 520.070um 229.785um 554.490um 232.615um
 520.070um 224.345um 554.490um 227.175um
 520.070um 218.905um 554.490um 221.735um
 520.070um 213.465um 554.490um 216.295um
 520.070um 208.025um 554.490um 210.855um
 520.070um 202.585um 554.490um 205.415um
 520.070um 197.145um 554.490um 199.975um
 520.070um 191.705um 554.490um 194.535um
 520.070um 186.265um 554.490um 189.095um
 520.070um 180.825um 554.490um 183.655um
 520.070um 175.385um 554.490um 178.215um
 520.070um 169.945um 554.490um 172.775um
 520.070um 164.505um 554.490um 167.335um
 520.070um 159.065um 554.490um 161.895um
 520.070um 153.625um 554.490um 156.455um
 520.070um 148.185um 554.490um 151.015um
 520.070um 142.745um 554.490um 145.575um
 520.070um 137.305um 554.490um 140.135um
 520.070um 131.865um 554.490um 134.695um
 520.070um 126.425um 554.490um 129.255um
 520.070um 120.985um 554.490um 123.815um
 520.070um 115.545um 554.490um 118.375um
 520.070um 110.105um 554.490um 112.935um
 520.070um 104.665um 554.490um 107.495um
 520.070um 99.225um 554.490um 102.055um
 520.070um 93.785um 554.490um 96.615um
 520.070um 88.345um 554.490um 91.175um
 520.070um 82.905um 554.490um 85.735um
 520.070um 77.465um 554.490um 80.295um
 520.070um 72.025um 554.490um 74.855um
 520.070um 66.585um 554.490um 69.415um
 520.070um 61.145um 554.490um 63.975um
 520.070um 55.705um 554.490um 58.535um
 520.070um 50.265um 554.490um 53.095um
 520.070um 44.825um 554.490um 47.655um
 520.070um 39.385um 554.490um 42.215um
 314.560um 33.945um 554.490um 36.775um
 314.560um 28.505um 554.490um 31.335um
 314.560um 23.065um 554.490um 25.895um
 314.560um 17.625um 554.490um 20.455um
 314.560um 12.185um 554.490um 15.015um
 314.560um 354.905um 554.490um 357.735um
 314.560um 349.465um 554.490um 352.295um
 314.560um 344.025um 554.490um 346.855um
 314.560um 338.585um 554.490um 341.415um
 314.560um 333.145um 554.490um 335.975um
 314.560um 328.930um 554.490um 330.535um
 520.070um 327.705um 554.490um 328.930um
 520.070um 322.265um 554.490um 325.095um
 520.070um 316.825um 554.490um 319.655um
----------------------------------------
[INFO] COUNT: 130
[INFO] Should be divided by 3 or 4

