
===========================================================================
Violator List
============================================================================
[setup reg-reg] mem_i1/dout1[8] -> _120_/D : -0.246656
[setup reg-out] _144_/Q -> sine_out[7] : -0.227591
[setup reg-out] _123_/Q -> sine_out[11] : -0.208459
[setup reg-out] _142_/Q -> sine_out[5] : -0.207960
[setup reg-out] _141_/Q -> sine_out[4] : -0.200728
[setup reg-out] _143_/Q -> sine_out[6] : -0.192953
[setup reg-out] _124_/Q -> sine_out[12] : -0.191101
[setup reg-reg] mem_i1/dout1[7] -> _144_/D : -0.173132
[setup reg-out] _125_/Q -> sine_out[13] : -0.169561
[setup reg-out] _121_/Q -> sine_out[9] : -0.159340
[setup reg-out] _139_/Q -> sine_out[2] : -0.156261
[setup reg-reg] mem_i1/dout1[10] -> _122_/D : -0.154082
[setup reg-out] _126_/Q -> sine_out[14] : -0.150861
[setup reg-out] _138_/Q -> sine_out[1] : -0.148534
[setup reg-out] _137_/Q -> sine_out[0] : -0.142277
[setup reg-reg] mem_i1/dout1[9] -> _121_/D : -0.141119
[setup reg-out] _140_/Q -> sine_out[3] : -0.134197
[setup reg-out] _122_/Q -> sine_out[10] : -0.091311
[setup reg-reg] mem_i1/dout1[3] -> _140_/D : -0.084142
[setup reg-out] _120_/Q -> sine_out[8] : -0.072238
[setup reg-reg] mem_i1/dout1[11] -> _123_/D : -0.054915
[setup reg-reg] mem_i1/dout1[4] -> _141_/D : -0.051101
[setup reg-out] _127_/Q -> sine_out[15] : -0.022473
[setup reg-reg] mem_i1/dout1[12] -> _124_/D : -0.009906
[setup reg-reg] mem_i1/dout1[13] -> _125_/D : -0.005174
