Reading technology LEF file at '/home/thanh/.volare/volare/sky130/versions/0fe599b2afb6708d281543108caf8310912f54af/sky130A/libs.ref/sky130_fd_sc_hd/techlef/sky130_fd_sc_hd__max.tlef'…
[INFO ODB-0227] LEF file: /home/thanh/.volare/volare/sky130/versions/0fe599b2afb6708d281543108caf8310912f54af/sky130A/libs.ref/sky130_fd_sc_hd/techlef/sky130_fd_sc_hd__max.tlef, created 14 layers, 25 vias
Reading cell LEF file at '/home/thanh/.volare/volare/sky130/versions/0fe599b2afb6708d281543108caf8310912f54af/sky130A/libs.ref/sky130_fd_sc_hd/lef/sky130_fd_sc_hd.lef'…
[WARNING ODB-0220] WARNING (LEFPARS-2008): NOWIREEXTENSIONATPIN statement is obsolete in version 5.6 or later.
The NOWIREEXTENSIONATPIN statement will be ignored. See file /home/thanh/.volare/volare/sky130/versions/0fe599b2afb6708d281543108caf8310912f54af/sky130A/libs.ref/sky130_fd_sc_hd/lef/sky130_fd_sc_hd.lef at line 2.

[INFO ODB-0227] LEF file: /home/thanh/.volare/volare/sky130/versions/0fe599b2afb6708d281543108caf8310912f54af/sky130A/libs.ref/sky130_fd_sc_hd/lef/sky130_fd_sc_hd.lef, created 437 library cells
Reading cell LEF file at '/home/thanh/.volare/volare/sky130/versions/0fe599b2afb6708d281543108caf8310912f54af/sky130A/libs.ref/sky130_fd_sc_hd/lef/sky130_ef_sc_hd.lef'…
[WARNING ODB-0220] WARNING (LEFPARS-2008): NOWIREEXTENSIONATPIN statement is obsolete in version 5.6 or later.
The NOWIREEXTENSIONATPIN statement will be ignored. See file /home/thanh/.volare/volare/sky130/versions/0fe599b2afb6708d281543108caf8310912f54af/sky130A/libs.ref/sky130_fd_sc_hd/lef/sky130_ef_sc_hd.lef at line 2.

[INFO ODB-0227] LEF file: /home/thanh/.volare/volare/sky130/versions/0fe599b2afb6708d281543108caf8310912f54af/sky130A/libs.ref/sky130_fd_sc_hd/lef/sky130_ef_sc_hd.lef, created 4 library cells
Reading macro LEF file at '/home/thanh/.volare/volare/sky130/versions/0fe599b2afb6708d281543108caf8310912f54af/sky130A/libs.ref/sky130_sram_macros/lef/sky130_sram_1kbyte_1rw1r_32x256_8.lef'…
[INFO ODB-0227] LEF file: /home/thanh/.volare/volare/sky130/versions/0fe599b2afb6708d281543108caf8310912f54af/sky130A/libs.ref/sky130_sram_macros/lef/sky130_sram_1kbyte_1rw1r_32x256_8.lef, created 1 library cells
[INFO ODB-0127] Reading DEF file: /home/thanh/NCO/runs/RUN_2025-03-11_16-47-37/53-odb-cellfrequencytables/counter.def
[INFO ODB-0128] Design: counter
[INFO ODB-0130]     Created 78 pins.
[INFO ODB-0131]     Created 7938 components and 31502 component-terminals.
[INFO ODB-0132]     Created 2 special nets and 29740 connections.
[INFO ODB-0133]     Created 570 nets and 1717 connections.
[INFO ODB-0134] Finished DEF file: /home/thanh/NCO/runs/RUN_2025-03-11_16-47-37/53-odb-cellfrequencytables/counter.def
Using RCX ruleset '/home/thanh/.volare/volare/sky130/versions/0fe599b2afb6708d281543108caf8310912f54af/sky130A/libs.tech/openlane/rules.openrcx.sky130A.max.calibre'…
[INFO RCX-0431] Defined process_corner CURRENT_CORNER with ext_model_index 0
[INFO RCX-0029] Defined extraction corner CURRENT_CORNER
[INFO RCX-0435] Reading extraction model file /home/thanh/.volare/volare/sky130/versions/0fe599b2afb6708d281543108caf8310912f54af/sky130A/libs.tech/openlane/rules.openrcx.sky130A.max.calibre ...
[INFO RCX-0436] RC segment generation counter (max_merge_res 50.0) ...
[INFO RCX-0040] Final 2475 rc segments
[INFO RCX-0439] Coupling Cap extraction counter ...
[INFO RCX-0440] Coupling threshhold is 0.1000 fF, coupling capacitance less than 0.1000 fF will be grounded.
[INFO RCX-0442] 61% of 4537 wires extracted
[INFO RCX-0442] 100% of 4537 wires extracted
[INFO RCX-0045] Extract 570 nets, 3036 rsegs, 3036 caps, 3206 ccs
Setting global connections for newly added cells…
[INFO] Setting global connections...
mem_i.* matched with mem_i
mem_i.* matched with mem_i_113
mem_i.* matched with mem_i_114
mem_i.* matched with mem_i_115
mem_i.* matched with mem_i_116
mem_i.* matched with mem_i_117
mem_i.* matched with mem_i_118
Updating metrics…
Cell type report:                       Count       Area
  Macro                                     1  190712.55
  Fill cell                              6315   63474.63
  Tap cell                               1005    1257.46
  Antenna cell                            132     330.32
  Standard cell                           485    4204.03
  Total                                  7938  259978.98
Writing extracted parasitics to '/home/thanh/NCO/runs/RUN_2025-03-11_16-47-37/54-openroad-rcx/max/counter.max.spef'…
[INFO RCX-0443] 570 nets finished
