Reading timing models for corner min_ss_100C_1v60…
Reading timing library for the 'min_ss_100C_1v60' corner at '/home/thanh/.volare/volare/sky130/versions/0fe599b2afb6708d281543108caf8310912f54af/sky130A/libs.ref/sky130_fd_sc_hd/lib/sky130_fd_sc_hd__ss_100C_1v60.lib'…
Reading timing library for the 'min_ss_100C_1v60' corner at '/home/thanh/NCO/ram256x16/ram256x16_TT_1p8V_25C.lib'…
Reading OpenROAD database at '/home/thanh/NCO/runs/RUN_2025-03-05_00-47-38/27-openroad-globalplacement/counter.odb'…
Reading design constraints file at '/home/thanh/NCO/counter.sdc'…
[WARNING STA-0366] port 'addr0[0]' not found.
[WARNING STA-0366] port 'addr0[1]' not found.
[WARNING STA-0366] port 'addr0[2]' not found.
[WARNING STA-0366] port 'addr0[3]' not found.
[WARNING STA-0366] port 'addr0[4]' not found.
[WARNING STA-0366] port 'addr0[5]' not found.
[WARNING STA-0366] port 'addr0[6]' not found.
[WARNING STA-0366] port 'addr0[7]' not found.
[WARNING STA-0366] port 'csb0' not found.
[WARNING STA-0366] port 'din0[0]' not found.
[WARNING STA-0366] port 'din0[10]' not found.
[WARNING STA-0366] port 'din0[11]' not found.
[WARNING STA-0366] port 'din0[12]' not found.
[WARNING STA-0366] port 'din0[13]' not found.
[WARNING STA-0366] port 'din0[14]' not found.
[WARNING STA-0366] port 'din0[15]' not found.
[WARNING STA-0366] port 'din0[1]' not found.
[WARNING STA-0366] port 'din0[2]' not found.
[WARNING STA-0366] port 'din0[3]' not found.
[WARNING STA-0366] port 'din0[4]' not found.
[WARNING STA-0366] port 'din0[5]' not found.
[WARNING STA-0366] port 'din0[6]' not found.
[WARNING STA-0366] port 'din0[7]' not found.
[WARNING STA-0366] port 'din0[8]' not found.
[WARNING STA-0366] port 'din0[9]' not found.
[WARNING STA-0366] port 'csb0' not found.
[WARNING STA-0366] port 'addr0[7]' not found.
[WARNING STA-0366] port 'addr0[6]' not found.
[WARNING STA-0366] port 'addr0[5]' not found.
[WARNING STA-0366] port 'addr0[4]' not found.
[WARNING STA-0366] port 'addr0[3]' not found.
[WARNING STA-0366] port 'addr0[2]' not found.
[WARNING STA-0366] port 'addr0[1]' not found.
[WARNING STA-0366] port 'addr0[0]' not found.
[WARNING STA-0366] port 'din0[15]' not found.
[WARNING STA-0366] port 'din0[14]' not found.
[WARNING STA-0366] port 'din0[13]' not found.
[WARNING STA-0366] port 'din0[12]' not found.
[WARNING STA-0366] port 'din0[11]' not found.
[WARNING STA-0366] port 'din0[10]' not found.
[WARNING STA-0366] port 'din0[9]' not found.
[WARNING STA-0366] port 'din0[8]' not found.
[WARNING STA-0366] port 'din0[7]' not found.
[WARNING STA-0366] port 'din0[6]' not found.
[WARNING STA-0366] port 'din0[5]' not found.
[WARNING STA-0366] port 'din0[4]' not found.
[WARNING STA-0366] port 'din0[3]' not found.
[WARNING STA-0366] port 'din0[2]' not found.
[WARNING STA-0366] port 'din0[1]' not found.
[WARNING STA-0366] port 'din0[0]' not found.
[INFO] Setting RC values…
[INFO RSZ-0027] Inserted 51 input buffers.
[INFO RSZ-0028] Inserted 16 output buffers.
[INFO RSZ-0058] Using max wire length 6352um.
Iteration | Resized | Buffers | Nets repaired | Remaining
---------------------------------------------------------
        0 |       0 |       0 |             0 |       239
       10 |       8 |       0 |             0 |       229
       20 |      15 |       0 |             0 |       219
       30 |      15 |       0 |             0 |       209
       40 |      20 |       0 |             0 |       199
       50 |      30 |       0 |             0 |       189
       60 |      31 |       9 |             9 |       179
       70 |      31 |      16 |            16 |       169
       80 |      31 |      16 |            16 |       159
       90 |      38 |      16 |            16 |       149
      100 |      50 |      18 |            20 |       139
      110 |      58 |      18 |            20 |       129
      120 |      58 |      18 |            20 |       119
      130 |      58 |      18 |            20 |       109
      140 |      67 |      21 |            21 |        99
      150 |      77 |      21 |            21 |        89
      160 |      87 |      21 |            21 |        79
      170 |      97 |      21 |            21 |        69
      180 |     107 |      21 |            21 |        59
      190 |     111 |      21 |            21 |        49
      200 |     111 |      21 |            21 |        39
      210 |     111 |      21 |            21 |        29
      220 |     111 |      21 |            21 |        19
      230 |     111 |      21 |            21 |         9
    final |     111 |      21 |            21 |         0
---------------------------------------------------------
[INFO RSZ-0034] Found 3 slew violations.
[INFO RSZ-0035] Found 2 fanout violations.
[INFO RSZ-0036] Found 16 capacitance violations.
[INFO RSZ-0038] Inserted 21 buffers in 21 nets.
[INFO RSZ-0039] Resized 111 instances.
[INFO RSZ-0042] Inserted 2 tie sky130_fd_sc_hd__conb_1 instances.
Placement Analysis
---------------------------------
total displacement       2199.9 u
average displacement        1.2 u
max displacement          103.1 u
original HPWL           20816.7 u
legalized HPWL          21527.5 u
delta HPWL                    3 %

[INFO DPL-0020] Mirrored 80 instances
[INFO DPL-0021] HPWL before           21527.5 u
[INFO DPL-0022] HPWL after            21295.8 u
[INFO DPL-0023] HPWL delta               -1.1 %
[INFO] Setting RC values…
Setting global connections for newly added cells…
[INFO] Setting global connections...
mem_i.* matched with mem_i1_90
mem_i.* matched with mem_i0
mem_i.* matched with mem_i1
mem_i.* matched with mem_i0_89
Updating metrics…
Cell type report:                       Count       Area
  Macro                                     2  247030.69
  Fill cell                               888    3333.20
  Tap cell                                772     965.93
  Timing Repair Buffer                     88     420.40
  Inverter                                 26      97.59
  Sequential cell                          25     655.63
  Multi-Input combinational cell           35     304.04
  Total                                  1836  252807.48
Writing OpenROAD database to '/home/thanh/NCO/runs/RUN_2025-03-05_00-47-38/31-openroad-repairdesignpostgpl/counter.odb'…
Writing netlist to '/home/thanh/NCO/runs/RUN_2025-03-05_00-47-38/31-openroad-repairdesignpostgpl/counter.nl.v'…
Writing powered netlist to '/home/thanh/NCO/runs/RUN_2025-03-05_00-47-38/31-openroad-repairdesignpostgpl/counter.pnl.v'…
Writing layout to '/home/thanh/NCO/runs/RUN_2025-03-05_00-47-38/31-openroad-repairdesignpostgpl/counter.def'…
Writing timing constraints to '/home/thanh/NCO/runs/RUN_2025-03-05_00-47-38/31-openroad-repairdesignpostgpl/counter.sdc'…
