                                                                        Cells by Master                                                                         
┏━━━━━━━━━━━━━━━━━━━━━━━━━━━━━━━━━━━━━━━━━━━━━━━━━━━━━━━━━━━━━━━━━━━━━━━━━━━━━━━━━━━━━━━━━━━━━━━━━━━━━━━━━━━━━━━━━━━━━━━━━━━━━━━━━┳━━━━━━━━━━━━━━━━━━━━━━━━━━━━┓
┃ Cell                                                                                                                            ┃ Count                      ┃
┡━━━━━━━━━━━━━━━━━━━━━━━━━━━━━━━━━━━━━━━━━━━━━━━━━━━━━━━━━━━━━━━━━━━━━━━━━━━━━━━━━━━━━━━━━━━━━━━━━━━━━━━━━━━━━━━━━━━━━━━━━━━━━━━━━╇━━━━━━━━━━━━━━━━━━━━━━━━━━━━┩
│ ram256x16                                                                                                                       │ 1                          │
│ sky130_ef_sc_hd__decap_12                                                                                                       │ 6039                       │
│ sky130_fd_sc_hd__a21oi_1                                                                                                        │ 2                          │
│ sky130_fd_sc_hd__and3_1                                                                                                         │ 3                          │
│ sky130_fd_sc_hd__and3_2                                                                                                         │ 1                          │
│ sky130_fd_sc_hd__buf_2                                                                                                          │ 16                         │
│ sky130_fd_sc_hd__buf_4                                                                                                          │ 2                          │
│ sky130_fd_sc_hd__clkbuf_1                                                                                                       │ 1                          │
│ sky130_fd_sc_hd__clkbuf_16                                                                                                      │ 3                          │
│ sky130_fd_sc_hd__clkbuf_8                                                                                                       │ 2                          │
│ sky130_fd_sc_hd__conb_1                                                                                                         │ 1                          │
│ sky130_fd_sc_hd__decap_3                                                                                                        │ 757                        │
│ sky130_fd_sc_hd__decap_4                                                                                                        │ 101                        │
│ sky130_fd_sc_hd__decap_6                                                                                                        │ 1345                       │
│ sky130_fd_sc_hd__decap_8                                                                                                        │ 68                         │
│ sky130_fd_sc_hd__dfrtp_1                                                                                                        │ 17                         │
│ sky130_fd_sc_hd__dfrtp_2                                                                                                        │ 6                          │
│ sky130_fd_sc_hd__dfrtp_4                                                                                                        │ 1                          │
│ sky130_fd_sc_hd__diode_2                                                                                                        │ 17                         │
│ sky130_fd_sc_hd__dlygate4sd3_1                                                                                                  │ 5                          │
│ sky130_fd_sc_hd__fill_1                                                                                                         │ 1522                       │
│ sky130_fd_sc_hd__fill_2                                                                                                         │ 26                         │
│ sky130_fd_sc_hd__inv_2                                                                                                          │ 25                         │
│ sky130_fd_sc_hd__nand2_1                                                                                                        │ 1                          │
│ sky130_fd_sc_hd__nor2_1                                                                                                         │ 2                          │
│ sky130_fd_sc_hd__o2bb2a_1                                                                                                       │ 1                          │
│ sky130_fd_sc_hd__tapvpwrvgnd_1                                                                                                  │ 1501                       │
│ sky130_fd_sc_hd__xnor2_1                                                                                                        │ 1                          │
│ sky130_fd_sc_hd__xor2_1                                                                                                         │ 3                          │
└─────────────────────────────────────────────────────────────────────────────────────────────────────────────────────────────────┴────────────────────────────┘
