Clock: clk
Sources: clk 
Generated: no
Virtual: yes
Propagated: no
Period: 10.000000

===========================================================================
report_clock_properties
============================================================================
Clock                   Period          Waveform
----------------------------------------------------
clk                  10.000000    0.000000  5.000000

===========================================================================
report_clock_latency
============================================================================
Clock clk
rise -> rise
    min     max
0.000000 0.000000 source latency
1.231501         network latency _080_/CLK
        1.245372 network latency _087_/CLK
---------------
1.231501 1.245372 latency
        0.013871 skew

fall -> fall
    min     max
0.000000 0.000000 source latency
1.016047         network latency _080_/CLK
        1.035565 network latency _087_/CLK
---------------
1.016047 1.035565 latency
        0.019519 skew



===========================================================================
report_clock_min_period
============================================================================
clk period_min = 3.41 fmax = 292.95
