Clock: clk
Sources: clk 
Generated: no
Virtual: yes
Propagated: no
Period: 10.000000

===========================================================================
report_clock_properties
============================================================================
Clock                   Period          Waveform
----------------------------------------------------
clk                  10.000000    0.000000  5.000000

===========================================================================
report_clock_latency
============================================================================
Clock clk
rise -> rise
    min     max
0.000000 0.000000 source latency
0.268566         network latency _795_/CLK
        0.269583 network latency _794_/CLK
---------------
0.268566 0.269583 latency
        0.001017 skew

fall -> fall
    min     max
0.000000 0.000000 source latency
0.278045         network latency _795_/CLK
        0.278904 network latency _794_/CLK
---------------
0.278045 0.278904 latency
        0.000859 skew



===========================================================================
report_clock_min_period
============================================================================
clk period_min = 2.04 fmax = 490.34
