Clock: clk
Sources: clk 
Generated: no
Virtual: yes
Propagated: no
Period: 10.000000

===========================================================================
report_clock_properties
============================================================================
Clock                   Period          Waveform
----------------------------------------------------
clk                  10.000000    0.000000  5.000000

===========================================================================
report_clock_latency
============================================================================
Clock clk
rise -> rise
    min     max
0.000000 0.000000 source latency
1.194730         network latency _091_/CLK
        1.208610 network latency _097_/CLK
---------------
1.194730 1.208610 latency
        0.013880 skew

fall -> fall
    min     max
0.000000 0.000000 source latency
0.995410         network latency _091_/CLK
        1.003351 network latency _087_/CLK
---------------
0.995410 1.003351 latency
        0.007941 skew



===========================================================================
report_clock_min_period
============================================================================
clk period_min = 3.39 fmax = 295.32
