Reading OpenROAD database at '/home/thanh/NCO/runs/RUN_2025-03-11_17-04-58/23-openroad-globalplacementskipio/counter.odb'…
Reading library file at '/home/thanh/.volare/volare/sky130/versions/0fe599b2afb6708d281543108caf8310912f54af/sky130A/libs.ref/sky130_fd_sc_hd/lib/sky130_fd_sc_hd__tt_025C_1v80.lib'…
Reading library file at '/home/thanh/.volare/volare/sky130/versions/0fe599b2afb6708d281543108caf8310912f54af/sky130A/libs.ref/sky130_sram_macros/lib/sky130_sram_1kbyte_1rw1r_32x256_8_TT_1p8V_25C.lib'…
Reading macro library file at '/home/thanh/.volare/volare/sky130/versions/0fe599b2afb6708d281543108caf8310912f54af/sky130A/libs.ref/sky130_sram_macros/lib/sky130_sram_1kbyte_1rw1r_32x256_8_TT_1p8V_25C.lib'…
[WARNING STA-1140] /home/thanh/.volare/volare/sky130/versions/0fe599b2afb6708d281543108caf8310912f54af/sky130A/libs.ref/sky130_sram_macros/lib/sky130_sram_1kbyte_1rw1r_32x256_8_TT_1p8V_25C.lib line 1, library sky130_sram_1kbyte_1rw1r_32x256_8_TT_1p8V_25C_lib already exists.
Reading design constraints file at '/home/thanh/NCO/counter.sdc'…
[INFO] place_pins args: -min_distance 3
Found 1 macro blocks.
[INFO PPL-0010] Tentative 0 to set up sections.
[INFO PPL-0001] Number of slots           668
[INFO PPL-0002] Number of I/O             76
[INFO PPL-0003] Number of I/O w/sink      67
[INFO PPL-0004] Number of I/O w/o sink    9
[INFO PPL-0005] Slots per section         200
[INFO PPL-0006] Slots increase factor     0.01
[INFO PPL-0008] Successfully assigned pins to sections.
[INFO PPL-0012] I/O nets HPWL: 4472.96 um.
Setting global connections for newly added cells…
[INFO] Setting global connections...
mem_i.* matched with mem_i
Updating metrics…
Cell type report:                       Count       Area
  Macro                                     1  190712.55
  Fill cell                               660    2477.38
  Tap cell                               1005    1257.46
  Inverter                                 39     146.39
  Sequential cell                          59    1380.07
  Multi-Input combinational cell          258    2472.37
  Total                                  2022  198446.22
Writing OpenROAD database to '/home/thanh/NCO/runs/RUN_2025-03-11_17-04-58/24-openroad-ioplacement/counter.odb'…
Writing netlist to '/home/thanh/NCO/runs/RUN_2025-03-11_17-04-58/24-openroad-ioplacement/counter.nl.v'…
Writing powered netlist to '/home/thanh/NCO/runs/RUN_2025-03-11_17-04-58/24-openroad-ioplacement/counter.pnl.v'…
Writing layout to '/home/thanh/NCO/runs/RUN_2025-03-11_17-04-58/24-openroad-ioplacement/counter.def'…
Writing timing constraints to '/home/thanh/NCO/runs/RUN_2025-03-11_17-04-58/24-openroad-ioplacement/counter.sdc'…
