Reading OpenROAD database at '/home/thanh/NCO/runs/RUN_2025-03-04_07-10-12/400-openroad-cutrows/counter.odb'…
Reading library file at '/home/thanh/.volare/volare/sky130/versions/0fe599b2afb6708d281543108caf8310912f54af/sky130A/libs.ref/sky130_fd_sc_hd/lib/sky130_fd_sc_hd__tt_025C_1v80.lib'…
Reading library file at '/home/thanh/NCO/ram256x16/ram256x16_TT_1p8V_25C.lib'…
Reading macro library file at '/home/thanh/NCO/ram256x16/ram256x16_TT_1p8V_25C.lib'…
[WARNING STA-1140] /home/thanh/NCO/ram256x16/ram256x16_TT_1p8V_25C.lib line 1, library ram256x16_TT_1p8V_25C_lib already exists.
Reading design constraints file at '/home/thanh/NCO/counter.sdc'…
[INFO ODB-0303] The initial 235 rows (40889 sites) were cut with 1 shapes for a total of 235 rows (40889 sites).
[INFO TAP-0004] Inserted 256 endcaps.
[INFO TAP-0005] Inserted 739 tapcells.
Setting global connections for newly added cells…
[INFO] Setting global connections...
mem_i matched with mem_i
Updating metrics…
Cell type report:                       Count       Area
  Macro                                     1  123515.34
  Fill cell                               470    1764.19
  Tap cell                                739     924.64
  Inverter                                 25      93.84
  Sequential cell                          24     630.60
  Multi-Input combinational cell           15     146.39
  Total                                  1274  127075.01
Writing OpenROAD database to '/home/thanh/NCO/runs/RUN_2025-03-04_07-10-12/401-openroad-tapendcapinsertion/counter.odb'…
Writing netlist to '/home/thanh/NCO/runs/RUN_2025-03-04_07-10-12/401-openroad-tapendcapinsertion/counter.nl.v'…
Writing powered netlist to '/home/thanh/NCO/runs/RUN_2025-03-04_07-10-12/401-openroad-tapendcapinsertion/counter.pnl.v'…
Writing layout to '/home/thanh/NCO/runs/RUN_2025-03-04_07-10-12/401-openroad-tapendcapinsertion/counter.def'…
Writing timing constraints to '/home/thanh/NCO/runs/RUN_2025-03-04_07-10-12/401-openroad-tapendcapinsertion/counter.sdc'…
