[WARNING ORD-0039] .openroad ignored with -python
Unannotated report:
['report_parasitic_annotation -report_unannotated\n',
 '============================================================================\n',
 'Found 54 unannotated drivers.\n',
 ' addr01[0]\n',
 ' addr01[1]\n',
 ' addr01[2]\n',
 ' addr01[3]\n',
 ' addr01[4]\n',
 ' addr01[5]\n',
 ' addr01[6]\n',
 ' addr01[7]\n',
 ' csb01\n',
 ' clkload0/X\n',
 ' clkload1/Y\n',
 ' clkload2/X\n',
 ' clkload3/Y\n',
 ' clkload4/Y\n',
 ' clkload5/Y\n',
 ' clkload6/Y\n',
 ' mem_i/dout0[0]\n',
 ' mem_i/dout0[10]\n',
 ' mem_i/dout0[11]\n',
 ' mem_i/dout0[12]\n',
 ' mem_i/dout0[13]\n',
 ' mem_i/dout0[14]\n',
 ' mem_i/dout0[15]\n',
 ' mem_i/dout0[16]\n',
 ' mem_i/dout0[17]\n',
 ' mem_i/dout0[18]\n',
 ' mem_i/dout0[19]\n',
 ' mem_i/dout0[1]\n',
 ' mem_i/dout0[20]\n',
 ' mem_i/dout0[21]\n',
 ' mem_i/dout0[22]\n',
 ' mem_i/dout0[23]\n',
 ' mem_i/dout0[24]\n',
 ' mem_i/dout0[25]\n',
 ' mem_i/dout0[26]\n',
 ' mem_i/dout0[27]\n',
 ' mem_i/dout0[28]\n',
 ' mem_i/dout0[29]\n',
 ' mem_i/dout0[2]\n',
 ' mem_i/dout0[30]\n',
 ' mem_i/dout0[31]\n',
 ' mem_i/dout0[3]\n',
 ' mem_i/dout0[4]\n',
 ' mem_i/dout0[5]\n',
 ' mem_i/dout0[6]\n',
 ' mem_i/dout0[7]\n',
 ' mem_i/dout0[8]\n',
 ' mem_i/dout0[9]\n',
 ' mem_i_113/HI\n',
 ' mem_i_114/HI\n',
 ' mem_i_115/LO\n',
 ' mem_i_116/LO\n',
 ' mem_i_117/LO\n',
 ' mem_i_118/LO\n',
 'Found 0 partially unannotated drivers.\n',
 '\n']
Reported nets:
['addr01[0]',
 'addr01[1]',
 'addr01[2]',
 'addr01[3]',
 'addr01[4]',
 'addr01[5]',
 'addr01[6]',
 'addr01[7]',
 'csb01',
 'clkload0/X',
 'clkload1/Y',
 'clkload2/X',
 'clkload3/Y',
 'clkload4/Y',
 'clkload5/Y',
 'clkload6/Y',
 'mem_i/dout0[0]',
 'mem_i/dout0[10]',
 'mem_i/dout0[11]',
 'mem_i/dout0[12]',
 'mem_i/dout0[13]',
 'mem_i/dout0[14]',
 'mem_i/dout0[15]',
 'mem_i/dout0[16]',
 'mem_i/dout0[17]',
 'mem_i/dout0[18]',
 'mem_i/dout0[19]',
 'mem_i/dout0[1]',
 'mem_i/dout0[20]',
 'mem_i/dout0[21]',
 'mem_i/dout0[22]',
 'mem_i/dout0[23]',
 'mem_i/dout0[24]',
 'mem_i/dout0[25]',
 'mem_i/dout0[26]',
 'mem_i/dout0[27]',
 'mem_i/dout0[28]',
 'mem_i/dout0[29]',
 'mem_i/dout0[2]',
 'mem_i/dout0[30]',
 'mem_i/dout0[31]',
 'mem_i/dout0[3]',
 'mem_i/dout0[4]',
 'mem_i/dout0[5]',
 'mem_i/dout0[6]',
 'mem_i/dout0[7]',
 'mem_i/dout0[8]',
 'mem_i/dout0[9]',
 'mem_i_113/HI',
 'mem_i_114/HI',
 'mem_i_115/LO',
 'mem_i_116/LO',
 'mem_i_117/LO',
 'mem_i_118/LO']
Filtered nets:
[]
done
