Reading OpenROAD database at '/home/thanh/NCO/runs/RUN_2025-03-06_16-06-07/16-odb-manualmacroplacement/counter.odb'…
Reading library file at '/home/thanh/.volare/volare/sky130/versions/0fe599b2afb6708d281543108caf8310912f54af/sky130A/libs.ref/sky130_fd_sc_hd/lib/sky130_fd_sc_hd__tt_025C_1v80.lib'…
Reading library file at '/home/thanh/NCO/ram256x16/ram256x16_TT_1p8V_25C.lib'…
Reading macro library file at '/home/thanh/NCO/ram256x16/ram256x16_TT_1p8V_25C.lib'…
[WARNING STA-1140] /home/thanh/NCO/ram256x16/ram256x16_TT_1p8V_25C.lib line 1, library ram256x16_TT_1p8V_25C_lib already exists.
Reading design constraints file at '/home/thanh/NCO/counter.sdc'…
[INFO ODB-0303] The initial 267 rows (312657 sites) were cut with 2 shapes for a total of 481 rows (89027 sites).
Setting global connections for newly added cells…
[INFO] Setting global connections...
mem_i.* matched with mem_i0
mem_i.* matched with mem_i1
Updating metrics…
Cell type report:                       Count       Area
  Macro                                     2  247030.69
  Inverter                                 39     146.39
  Sequential cell                          59    1380.07
  Multi-Input combinational cell          254    2457.36
  Total                                   354  251014.51
Writing OpenROAD database to '/home/thanh/NCO/runs/RUN_2025-03-06_16-06-07/17-openroad-cutrows/counter.odb'…
Writing layout to '/home/thanh/NCO/runs/RUN_2025-03-06_16-06-07/17-openroad-cutrows/counter.def'…
