
===========================================================================
report_checks -path_delay min (Hold)
============================================================================
======================= nom_ff_n40C_1v95 Corner ===================================

Startpoint: _096_ (rising edge-triggered flip-flop clocked by clk)
Endpoint: _096_ (rising edge-triggered flip-flop clocked by clk)
Path Group: clk
Path Type: min

Fanout         Cap        Slew       Delay        Time   Description
---------------------------------------------------------------------------------------------
                      0.150000    0.000000    0.000000   clock clk (rise edge)
                                  0.000000    0.000000   clock network delay (ideal)
                      0.150000    0.000000    0.000000 ^ _096_/CLK (sky130_fd_sc_hd__dfrtp_2)
     2    0.009349    0.048006    0.255722    0.255722 ^ _096_/Q (sky130_fd_sc_hd__dfrtp_2)
                                                         tcout[7] (net)
                      0.048006    0.000000    0.255722 ^ _055_/A (sky130_fd_sc_hd__xor2_2)
     1    0.002059    0.020034    0.035789    0.291511 v _055_/X (sky130_fd_sc_hd__xor2_2)
                                                         _007_ (net)
                      0.020034    0.000000    0.291511 v _096_/D (sky130_fd_sc_hd__dfrtp_2)
                                              0.291511   data arrival time

                      0.150000    0.000000    0.000000   clock clk (rise edge)
                                  0.000000    0.000000   clock network delay (ideal)
                                  0.250000    0.250000   clock uncertainty
                                  0.000000    0.250000   clock reconvergence pessimism
                                              0.250000 ^ _096_/CLK (sky130_fd_sc_hd__dfrtp_2)
                                 -0.013952    0.236048   library hold time
                                              0.236048   data required time
---------------------------------------------------------------------------------------------
                                              0.236048   data required time
                                             -0.291511   data arrival time
---------------------------------------------------------------------------------------------
                                              0.055463   slack (MET)


Startpoint: _089_ (rising edge-triggered flip-flop clocked by clk)
Endpoint: _089_ (rising edge-triggered flip-flop clocked by clk)
Path Group: clk
Path Type: min

Fanout         Cap        Slew       Delay        Time   Description
---------------------------------------------------------------------------------------------
                      0.150000    0.000000    0.000000   clock clk (rise edge)
                                  0.000000    0.000000   clock network delay (ideal)
                      0.150000    0.000000    0.000000 ^ _089_/CLK (sky130_fd_sc_hd__dfrtp_2)
     5    0.020180    0.083575    0.284759    0.284759 ^ _089_/Q (sky130_fd_sc_hd__dfrtp_2)
                                                         tcout[0] (net)
                      0.083575    0.000000    0.284759 ^ _040_/A (sky130_fd_sc_hd__inv_2)
     1    0.002059    0.017933    0.012113    0.296872 v _040_/Y (sky130_fd_sc_hd__inv_2)
                                                         _000_ (net)
                      0.017933    0.000000    0.296872 v _089_/D (sky130_fd_sc_hd__dfrtp_2)
                                              0.296872   data arrival time

                      0.150000    0.000000    0.000000   clock clk (rise edge)
                                  0.000000    0.000000   clock network delay (ideal)
                                  0.250000    0.250000   clock uncertainty
                                  0.000000    0.250000   clock reconvergence pessimism
                                              0.250000 ^ _089_/CLK (sky130_fd_sc_hd__dfrtp_2)
                                 -0.013278    0.236722   library hold time
                                              0.236722   data required time
---------------------------------------------------------------------------------------------
                                              0.236722   data required time
                                             -0.296872   data arrival time
---------------------------------------------------------------------------------------------
                                              0.060150   slack (MET)


Startpoint: _093_ (rising edge-triggered flip-flop clocked by clk)
Endpoint: _093_ (rising edge-triggered flip-flop clocked by clk)
Path Group: clk
Path Type: min

Fanout         Cap        Slew       Delay        Time   Description
---------------------------------------------------------------------------------------------
                      0.150000    0.000000    0.000000   clock clk (rise edge)
                                  0.000000    0.000000   clock network delay (ideal)
                      0.150000    0.000000    0.000000 ^ _093_/CLK (sky130_fd_sc_hd__dfrtp_2)
     4    0.012217    0.057168    0.264052    0.264052 ^ _093_/Q (sky130_fd_sc_hd__dfrtp_2)
                                                         tcout[4] (net)
                      0.057168    0.000000    0.264052 ^ _049_/A (sky130_fd_sc_hd__xnor2_2)
     1    0.002059    0.017722    0.036482    0.300534 v _049_/Y (sky130_fd_sc_hd__xnor2_2)
                                                         _004_ (net)
                      0.017722    0.000000    0.300534 v _093_/D (sky130_fd_sc_hd__dfrtp_2)
                                              0.300534   data arrival time

                      0.150000    0.000000    0.000000   clock clk (rise edge)
                                  0.000000    0.000000   clock network delay (ideal)
                                  0.250000    0.250000   clock uncertainty
                                  0.000000    0.250000   clock reconvergence pessimism
                                              0.250000 ^ _093_/CLK (sky130_fd_sc_hd__dfrtp_2)
                                 -0.013210    0.236790   library hold time
                                              0.236790   data required time
---------------------------------------------------------------------------------------------
                                              0.236790   data required time
                                             -0.300534   data arrival time
---------------------------------------------------------------------------------------------
                                              0.063744   slack (MET)


Startpoint: _090_ (rising edge-triggered flip-flop clocked by clk)
Endpoint: _090_ (rising edge-triggered flip-flop clocked by clk)
Path Group: clk
Path Type: min

Fanout         Cap        Slew       Delay        Time   Description
---------------------------------------------------------------------------------------------
                      0.150000    0.000000    0.000000   clock clk (rise edge)
                                  0.000000    0.000000   clock network delay (ideal)
                      0.150000    0.000000    0.000000 ^ _090_/CLK (sky130_fd_sc_hd__dfrtp_2)
     4    0.015091    0.066437    0.272182    0.272182 ^ _090_/Q (sky130_fd_sc_hd__dfrtp_2)
                                                         tcout[1] (net)
                      0.066437    0.000000    0.272182 ^ _042_/B (sky130_fd_sc_hd__xor2_2)
     1    0.002059    0.020020    0.033105    0.305287 v _042_/X (sky130_fd_sc_hd__xor2_2)
                                                         _001_ (net)
                      0.020020    0.000000    0.305287 v _090_/D (sky130_fd_sc_hd__dfrtp_2)
                                              0.305287   data arrival time

                      0.150000    0.000000    0.000000   clock clk (rise edge)
                                  0.000000    0.000000   clock network delay (ideal)
                                  0.250000    0.250000   clock uncertainty
                                  0.000000    0.250000   clock reconvergence pessimism
                                              0.250000 ^ _090_/CLK (sky130_fd_sc_hd__dfrtp_2)
                                 -0.013947    0.236053   library hold time
                                              0.236053   data required time
---------------------------------------------------------------------------------------------
                                              0.236053   data required time
                                             -0.305287   data arrival time
---------------------------------------------------------------------------------------------
                                              0.069234   slack (MET)


Startpoint: _095_ (rising edge-triggered flip-flop clocked by clk)
Endpoint: _095_ (rising edge-triggered flip-flop clocked by clk)
Path Group: clk
Path Type: min

Fanout         Cap        Slew       Delay        Time   Description
---------------------------------------------------------------------------------------------
                      0.150000    0.000000    0.000000   clock clk (rise edge)
                                  0.000000    0.000000   clock network delay (ideal)
                      0.150000    0.000000    0.000000 ^ _095_/CLK (sky130_fd_sc_hd__dfrtp_2)
     3    0.006315    0.038313    0.246910    0.246910 ^ _095_/Q (sky130_fd_sc_hd__dfrtp_2)
                                                         tcout[6] (net)
                      0.038313    0.000000    0.246910 ^ _053_/B1 (sky130_fd_sc_hd__a21oi_2)
     1    0.004145    0.015517    0.019059    0.265969 v _053_/Y (sky130_fd_sc_hd__a21oi_2)
                                                         _038_ (net)
                      0.015517    0.000000    0.265969 v _054_/B (sky130_fd_sc_hd__nor2_2)
     1    0.002087    0.038766    0.037444    0.303413 ^ _054_/Y (sky130_fd_sc_hd__nor2_2)
                                                         _006_ (net)
                      0.038766    0.000000    0.303413 ^ _095_/D (sky130_fd_sc_hd__dfrtp_2)
                                              0.303413   data arrival time

                      0.150000    0.000000    0.000000   clock clk (rise edge)
                                  0.000000    0.000000   clock network delay (ideal)
                                  0.250000    0.250000   clock uncertainty
                                  0.000000    0.250000   clock reconvergence pessimism
                                              0.250000 ^ _095_/CLK (sky130_fd_sc_hd__dfrtp_2)
                                 -0.017165    0.232835   library hold time
                                              0.232835   data required time
---------------------------------------------------------------------------------------------
                                              0.232835   data required time
                                             -0.303413   data arrival time
---------------------------------------------------------------------------------------------
                                              0.070578   slack (MET)


Startpoint: _091_ (rising edge-triggered flip-flop clocked by clk)
Endpoint: _091_ (rising edge-triggered flip-flop clocked by clk)
Path Group: clk
Path Type: min

Fanout         Cap        Slew       Delay        Time   Description
---------------------------------------------------------------------------------------------
                      0.150000    0.000000    0.000000   clock clk (rise edge)
                                  0.000000    0.000000   clock network delay (ideal)
                      0.150000    0.000000    0.000000 ^ _091_/CLK (sky130_fd_sc_hd__dfrtp_2)
     3    0.006457    0.038767    0.247323    0.247323 ^ _091_/Q (sky130_fd_sc_hd__dfrtp_2)
                                                         tcout[2] (net)
                      0.038767    0.000000    0.247323 ^ _044_/B1 (sky130_fd_sc_hd__a21oi_2)
     1    0.004145    0.015618    0.019104    0.266426 v _044_/Y (sky130_fd_sc_hd__a21oi_2)
                                                         _033_ (net)
                      0.015618    0.000000    0.266426 v _045_/B (sky130_fd_sc_hd__nor2_2)
     1    0.002087    0.038763    0.037471    0.303898 ^ _045_/Y (sky130_fd_sc_hd__nor2_2)
                                                         _002_ (net)
                      0.038763    0.000000    0.303898 ^ _091_/D (sky130_fd_sc_hd__dfrtp_2)
                                              0.303898   data arrival time

                      0.150000    0.000000    0.000000   clock clk (rise edge)
                                  0.000000    0.000000   clock network delay (ideal)
                                  0.250000    0.250000   clock uncertainty
                                  0.000000    0.250000   clock reconvergence pessimism
                                              0.250000 ^ _091_/CLK (sky130_fd_sc_hd__dfrtp_2)
                                 -0.017165    0.232835   library hold time
                                              0.232835   data required time
---------------------------------------------------------------------------------------------
                                              0.232835   data required time
                                             -0.303898   data arrival time
---------------------------------------------------------------------------------------------
                                              0.071062   slack (MET)


Startpoint: _092_ (rising edge-triggered flip-flop clocked by clk)
Endpoint: _092_ (rising edge-triggered flip-flop clocked by clk)
Path Group: clk
Path Type: min

Fanout         Cap        Slew       Delay        Time   Description
---------------------------------------------------------------------------------------------
                      0.150000    0.000000    0.000000   clock clk (rise edge)
                                  0.000000    0.000000   clock network delay (ideal)
                      0.150000    0.000000    0.000000 ^ _092_/CLK (sky130_fd_sc_hd__dfrtp_2)
     5    0.017032    0.072974    0.276979    0.276979 ^ _092_/Q (sky130_fd_sc_hd__dfrtp_2)
                                                         tcout[3] (net)
                      0.072974    0.000000    0.276979 ^ _047_/A (sky130_fd_sc_hd__xor2_2)
     1    0.002059    0.020002    0.038858    0.315837 v _047_/X (sky130_fd_sc_hd__xor2_2)
                                                         _003_ (net)
                      0.020002    0.000000    0.315837 v _092_/D (sky130_fd_sc_hd__dfrtp_2)
                                              0.315837   data arrival time

                      0.150000    0.000000    0.000000   clock clk (rise edge)
                                  0.000000    0.000000   clock network delay (ideal)
                                  0.250000    0.250000   clock uncertainty
                                  0.000000    0.250000   clock reconvergence pessimism
                                              0.250000 ^ _092_/CLK (sky130_fd_sc_hd__dfrtp_2)
                                 -0.013941    0.236059   library hold time
                                              0.236059   data required time
---------------------------------------------------------------------------------------------
                                              0.236059   data required time
                                             -0.315837   data arrival time
---------------------------------------------------------------------------------------------
                                              0.079779   slack (MET)


Startpoint: _094_ (rising edge-triggered flip-flop clocked by clk)
Endpoint: _094_ (rising edge-triggered flip-flop clocked by clk)
Path Group: clk
Path Type: min

Fanout         Cap        Slew       Delay        Time   Description
---------------------------------------------------------------------------------------------
                      0.150000    0.000000    0.000000   clock clk (rise edge)
                                  0.000000    0.000000   clock network delay (ideal)
                      0.150000    0.000000    0.000000 ^ _094_/CLK (sky130_fd_sc_hd__dfrtp_2)
     3    0.003764    0.029920    0.238565    0.238565 ^ _094_/Q (sky130_fd_sc_hd__dfrtp_2)
                                                         tcout[5] (net)
                      0.029920    0.000000    0.238565 ^ _051_/B2 (sky130_fd_sc_hd__o2bb2a_2)
     1    0.002087    0.021698    0.083474    0.322039 ^ _051_/X (sky130_fd_sc_hd__o2bb2a_2)
                                                         _005_ (net)
                      0.021698    0.000000    0.322039 ^ _094_/D (sky130_fd_sc_hd__dfrtp_2)
                                              0.322039   data arrival time

                      0.150000    0.000000    0.000000   clock clk (rise edge)
                                  0.000000    0.000000   clock network delay (ideal)
                                  0.250000    0.250000   clock uncertainty
                                  0.000000    0.250000   clock reconvergence pessimism
                                              0.250000 ^ _094_/CLK (sky130_fd_sc_hd__dfrtp_2)
                                 -0.015935    0.234065   library hold time
                                              0.234065   data required time
---------------------------------------------------------------------------------------------
                                              0.234065   data required time
                                             -0.322039   data arrival time
---------------------------------------------------------------------------------------------
                                              0.087974   slack (MET)


Startpoint: rst (input port clocked by clk)
Endpoint: _079_ (removal check against rising-edge clock clk)
Path Group: asynchronous
Path Type: min

Fanout         Cap        Slew       Delay        Time   Description
---------------------------------------------------------------------------------------------
                      0.150000    0.000000    0.000000   clock clk (rise edge)
                                  0.000000    0.000000   clock network delay (ideal)
                                  2.000000    2.000000 v input external delay
    24    0.102840    0.153165    0.114094    2.114094 v rst (in)
                                                         rst (net)
                      0.153165    0.000000    2.114094 v _041_/A (sky130_fd_sc_hd__inv_2)
     1    0.003617    0.040463    0.062805    2.176899 ^ _041_/Y (sky130_fd_sc_hd__inv_2)
                                                         _008_ (net)
                      0.040463    0.000000    2.176899 ^ _079_/RESET_B (sky130_fd_sc_hd__dfrtp_2)
                                              2.176899   data arrival time

                      0.150000    0.000000    0.000000   clock clk (rise edge)
                                  0.000000    0.000000   clock network delay (ideal)
                                  0.250000    0.250000   clock uncertainty
                                  0.000000    0.250000   clock reconvergence pessimism
                                              0.250000 ^ _079_/CLK (sky130_fd_sc_hd__dfrtp_2)
                                  0.215988    0.465988   library removal time
                                              0.465988   data required time
---------------------------------------------------------------------------------------------
                                              0.465988   data required time
                                             -2.176899   data arrival time
---------------------------------------------------------------------------------------------
                                              1.710911   slack (MET)


Startpoint: rst (input port clocked by clk)
Endpoint: _080_ (removal check against rising-edge clock clk)
Path Group: asynchronous
Path Type: min

Fanout         Cap        Slew       Delay        Time   Description
---------------------------------------------------------------------------------------------
                      0.150000    0.000000    0.000000   clock clk (rise edge)
                                  0.000000    0.000000   clock network delay (ideal)
                                  2.000000    2.000000 v input external delay
    24    0.102840    0.153165    0.114094    2.114094 v rst (in)
                                                         rst (net)
                      0.153165    0.000000    2.114094 v _056_/A (sky130_fd_sc_hd__inv_2)
     1    0.003617    0.040463    0.062805    2.176899 ^ _056_/Y (sky130_fd_sc_hd__inv_2)
                                                         _009_ (net)
                      0.040463    0.000000    2.176899 ^ _080_/RESET_B (sky130_fd_sc_hd__dfrtp_2)
                                              2.176899   data arrival time

                      0.150000    0.000000    0.000000   clock clk (rise edge)
                                  0.000000    0.000000   clock network delay (ideal)
                                  0.250000    0.250000   clock uncertainty
                                  0.000000    0.250000   clock reconvergence pessimism
                                              0.250000 ^ _080_/CLK (sky130_fd_sc_hd__dfrtp_2)
                                  0.215988    0.465988   library removal time
                                              0.465988   data required time
---------------------------------------------------------------------------------------------
                                              0.465988   data required time
                                             -2.176899   data arrival time
---------------------------------------------------------------------------------------------
                                              1.710911   slack (MET)


Startpoint: rst (input port clocked by clk)
Endpoint: _081_ (removal check against rising-edge clock clk)
Path Group: asynchronous
Path Type: min

Fanout         Cap        Slew       Delay        Time   Description
---------------------------------------------------------------------------------------------
                      0.150000    0.000000    0.000000   clock clk (rise edge)
                                  0.000000    0.000000   clock network delay (ideal)
                                  2.000000    2.000000 v input external delay
    24    0.102840    0.153165    0.114094    2.114094 v rst (in)
                                                         rst (net)
                      0.153165    0.000000    2.114094 v _057_/A (sky130_fd_sc_hd__inv_2)
     1    0.003617    0.040463    0.062805    2.176899 ^ _057_/Y (sky130_fd_sc_hd__inv_2)
                                                         _010_ (net)
                      0.040463    0.000000    2.176899 ^ _081_/RESET_B (sky130_fd_sc_hd__dfrtp_2)
                                              2.176899   data arrival time

                      0.150000    0.000000    0.000000   clock clk (rise edge)
                                  0.000000    0.000000   clock network delay (ideal)
                                  0.250000    0.250000   clock uncertainty
                                  0.000000    0.250000   clock reconvergence pessimism
                                              0.250000 ^ _081_/CLK (sky130_fd_sc_hd__dfrtp_2)
                                  0.215988    0.465988   library removal time
                                              0.465988   data required time
---------------------------------------------------------------------------------------------
                                              0.465988   data required time
                                             -2.176899   data arrival time
---------------------------------------------------------------------------------------------
                                              1.710911   slack (MET)


Startpoint: rst (input port clocked by clk)
Endpoint: _082_ (removal check against rising-edge clock clk)
Path Group: asynchronous
Path Type: min

Fanout         Cap        Slew       Delay        Time   Description
---------------------------------------------------------------------------------------------
                      0.150000    0.000000    0.000000   clock clk (rise edge)
                                  0.000000    0.000000   clock network delay (ideal)
                                  2.000000    2.000000 v input external delay
    24    0.102840    0.153165    0.114094    2.114094 v rst (in)
                                                         rst (net)
                      0.153165    0.000000    2.114094 v _058_/A (sky130_fd_sc_hd__inv_2)
     1    0.003617    0.040463    0.062805    2.176899 ^ _058_/Y (sky130_fd_sc_hd__inv_2)
                                                         _011_ (net)
                      0.040463    0.000000    2.176899 ^ _082_/RESET_B (sky130_fd_sc_hd__dfrtp_2)
                                              2.176899   data arrival time

                      0.150000    0.000000    0.000000   clock clk (rise edge)
                                  0.000000    0.000000   clock network delay (ideal)
                                  0.250000    0.250000   clock uncertainty
                                  0.000000    0.250000   clock reconvergence pessimism
                                              0.250000 ^ _082_/CLK (sky130_fd_sc_hd__dfrtp_2)
                                  0.215988    0.465988   library removal time
                                              0.465988   data required time
---------------------------------------------------------------------------------------------
                                              0.465988   data required time
                                             -2.176899   data arrival time
---------------------------------------------------------------------------------------------
                                              1.710911   slack (MET)


Startpoint: rst (input port clocked by clk)
Endpoint: _083_ (removal check against rising-edge clock clk)
Path Group: asynchronous
Path Type: min

Fanout         Cap        Slew       Delay        Time   Description
---------------------------------------------------------------------------------------------
                      0.150000    0.000000    0.000000   clock clk (rise edge)
                                  0.000000    0.000000   clock network delay (ideal)
                                  2.000000    2.000000 v input external delay
    24    0.102840    0.153165    0.114094    2.114094 v rst (in)
                                                         rst (net)
                      0.153165    0.000000    2.114094 v _059_/A (sky130_fd_sc_hd__inv_2)
     1    0.003617    0.040463    0.062805    2.176899 ^ _059_/Y (sky130_fd_sc_hd__inv_2)
                                                         _012_ (net)
                      0.040463    0.000000    2.176899 ^ _083_/RESET_B (sky130_fd_sc_hd__dfrtp_2)
                                              2.176899   data arrival time

                      0.150000    0.000000    0.000000   clock clk (rise edge)
                                  0.000000    0.000000   clock network delay (ideal)
                                  0.250000    0.250000   clock uncertainty
                                  0.000000    0.250000   clock reconvergence pessimism
                                              0.250000 ^ _083_/CLK (sky130_fd_sc_hd__dfrtp_2)
                                  0.215988    0.465988   library removal time
                                              0.465988   data required time
---------------------------------------------------------------------------------------------
                                              0.465988   data required time
                                             -2.176899   data arrival time
---------------------------------------------------------------------------------------------
                                              1.710911   slack (MET)


Startpoint: rst (input port clocked by clk)
Endpoint: _084_ (removal check against rising-edge clock clk)
Path Group: asynchronous
Path Type: min

Fanout         Cap        Slew       Delay        Time   Description
---------------------------------------------------------------------------------------------
                      0.150000    0.000000    0.000000   clock clk (rise edge)
                                  0.000000    0.000000   clock network delay (ideal)
                                  2.000000    2.000000 v input external delay
    24    0.102840    0.153165    0.114094    2.114094 v rst (in)
                                                         rst (net)
                      0.153165    0.000000    2.114094 v _060_/A (sky130_fd_sc_hd__inv_2)
     1    0.003617    0.040463    0.062805    2.176899 ^ _060_/Y (sky130_fd_sc_hd__inv_2)
                                                         _013_ (net)
                      0.040463    0.000000    2.176899 ^ _084_/RESET_B (sky130_fd_sc_hd__dfrtp_2)
                                              2.176899   data arrival time

                      0.150000    0.000000    0.000000   clock clk (rise edge)
                                  0.000000    0.000000   clock network delay (ideal)
                                  0.250000    0.250000   clock uncertainty
                                  0.000000    0.250000   clock reconvergence pessimism
                                              0.250000 ^ _084_/CLK (sky130_fd_sc_hd__dfrtp_2)
                                  0.215988    0.465988   library removal time
                                              0.465988   data required time
---------------------------------------------------------------------------------------------
                                              0.465988   data required time
                                             -2.176899   data arrival time
---------------------------------------------------------------------------------------------
                                              1.710911   slack (MET)


Startpoint: rst (input port clocked by clk)
Endpoint: _085_ (removal check against rising-edge clock clk)
Path Group: asynchronous
Path Type: min

Fanout         Cap        Slew       Delay        Time   Description
---------------------------------------------------------------------------------------------
                      0.150000    0.000000    0.000000   clock clk (rise edge)
                                  0.000000    0.000000   clock network delay (ideal)
                                  2.000000    2.000000 v input external delay
    24    0.102840    0.153165    0.114094    2.114094 v rst (in)
                                                         rst (net)
                      0.153165    0.000000    2.114094 v _061_/A (sky130_fd_sc_hd__inv_2)
     1    0.003617    0.040463    0.062805    2.176899 ^ _061_/Y (sky130_fd_sc_hd__inv_2)
                                                         _014_ (net)
                      0.040463    0.000000    2.176899 ^ _085_/RESET_B (sky130_fd_sc_hd__dfrtp_2)
                                              2.176899   data arrival time

                      0.150000    0.000000    0.000000   clock clk (rise edge)
                                  0.000000    0.000000   clock network delay (ideal)
                                  0.250000    0.250000   clock uncertainty
                                  0.000000    0.250000   clock reconvergence pessimism
                                              0.250000 ^ _085_/CLK (sky130_fd_sc_hd__dfrtp_2)
                                  0.215988    0.465988   library removal time
                                              0.465988   data required time
---------------------------------------------------------------------------------------------
                                              0.465988   data required time
                                             -2.176899   data arrival time
---------------------------------------------------------------------------------------------
                                              1.710911   slack (MET)


Startpoint: rst (input port clocked by clk)
Endpoint: _086_ (removal check against rising-edge clock clk)
Path Group: asynchronous
Path Type: min

Fanout         Cap        Slew       Delay        Time   Description
---------------------------------------------------------------------------------------------
                      0.150000    0.000000    0.000000   clock clk (rise edge)
                                  0.000000    0.000000   clock network delay (ideal)
                                  2.000000    2.000000 v input external delay
    24    0.102840    0.153165    0.114094    2.114094 v rst (in)
                                                         rst (net)
                      0.153165    0.000000    2.114094 v _062_/A (sky130_fd_sc_hd__inv_2)
     1    0.003617    0.040463    0.062805    2.176899 ^ _062_/Y (sky130_fd_sc_hd__inv_2)
                                                         _015_ (net)
                      0.040463    0.000000    2.176899 ^ _086_/RESET_B (sky130_fd_sc_hd__dfrtp_2)
                                              2.176899   data arrival time

                      0.150000    0.000000    0.000000   clock clk (rise edge)
                                  0.000000    0.000000   clock network delay (ideal)
                                  0.250000    0.250000   clock uncertainty
                                  0.000000    0.250000   clock reconvergence pessimism
                                              0.250000 ^ _086_/CLK (sky130_fd_sc_hd__dfrtp_2)
                                  0.215988    0.465988   library removal time
                                              0.465988   data required time
---------------------------------------------------------------------------------------------
                                              0.465988   data required time
                                             -2.176899   data arrival time
---------------------------------------------------------------------------------------------
                                              1.710911   slack (MET)


Startpoint: rst (input port clocked by clk)
Endpoint: _087_ (removal check against rising-edge clock clk)
Path Group: asynchronous
Path Type: min

Fanout         Cap        Slew       Delay        Time   Description
---------------------------------------------------------------------------------------------
                      0.150000    0.000000    0.000000   clock clk (rise edge)
                                  0.000000    0.000000   clock network delay (ideal)
                                  2.000000    2.000000 v input external delay
    24    0.102840    0.153165    0.114094    2.114094 v rst (in)
                                                         rst (net)
                      0.153165    0.000000    2.114094 v _063_/A (sky130_fd_sc_hd__inv_2)
     1    0.003617    0.040463    0.062805    2.176899 ^ _063_/Y (sky130_fd_sc_hd__inv_2)
                                                         _016_ (net)
                      0.040463    0.000000    2.176899 ^ _087_/RESET_B (sky130_fd_sc_hd__dfrtp_2)
                                              2.176899   data arrival time

                      0.150000    0.000000    0.000000   clock clk (rise edge)
                                  0.000000    0.000000   clock network delay (ideal)
                                  0.250000    0.250000   clock uncertainty
                                  0.000000    0.250000   clock reconvergence pessimism
                                              0.250000 ^ _087_/CLK (sky130_fd_sc_hd__dfrtp_2)
                                  0.215988    0.465988   library removal time
                                              0.465988   data required time
---------------------------------------------------------------------------------------------
                                              0.465988   data required time
                                             -2.176899   data arrival time
---------------------------------------------------------------------------------------------
                                              1.710911   slack (MET)


Startpoint: rst (input port clocked by clk)
Endpoint: _088_ (removal check against rising-edge clock clk)
Path Group: asynchronous
Path Type: min

Fanout         Cap        Slew       Delay        Time   Description
---------------------------------------------------------------------------------------------
                      0.150000    0.000000    0.000000   clock clk (rise edge)
                                  0.000000    0.000000   clock network delay (ideal)
                                  2.000000    2.000000 v input external delay
    24    0.102840    0.153165    0.114094    2.114094 v rst (in)
                                                         rst (net)
                      0.153165    0.000000    2.114094 v _064_/A (sky130_fd_sc_hd__inv_2)
     1    0.003617    0.040463    0.062805    2.176899 ^ _064_/Y (sky130_fd_sc_hd__inv_2)
                                                         _017_ (net)
                      0.040463    0.000000    2.176899 ^ _088_/RESET_B (sky130_fd_sc_hd__dfrtp_2)
                                              2.176899   data arrival time

                      0.150000    0.000000    0.000000   clock clk (rise edge)
                                  0.000000    0.000000   clock network delay (ideal)
                                  0.250000    0.250000   clock uncertainty
                                  0.000000    0.250000   clock reconvergence pessimism
                                              0.250000 ^ _088_/CLK (sky130_fd_sc_hd__dfrtp_2)
                                  0.215988    0.465988   library removal time
                                              0.465988   data required time
---------------------------------------------------------------------------------------------
                                              0.465988   data required time
                                             -2.176899   data arrival time
---------------------------------------------------------------------------------------------
                                              1.710911   slack (MET)


Startpoint: rst (input port clocked by clk)
Endpoint: _089_ (removal check against rising-edge clock clk)
Path Group: asynchronous
Path Type: min

Fanout         Cap        Slew       Delay        Time   Description
---------------------------------------------------------------------------------------------
                      0.150000    0.000000    0.000000   clock clk (rise edge)
                                  0.000000    0.000000   clock network delay (ideal)
                                  2.000000    2.000000 v input external delay
    24    0.102840    0.153165    0.114094    2.114094 v rst (in)
                                                         rst (net)
                      0.153165    0.000000    2.114094 v _065_/A (sky130_fd_sc_hd__inv_2)
     1    0.003617    0.040463    0.062805    2.176899 ^ _065_/Y (sky130_fd_sc_hd__inv_2)
                                                         _018_ (net)
                      0.040463    0.000000    2.176899 ^ _089_/RESET_B (sky130_fd_sc_hd__dfrtp_2)
                                              2.176899   data arrival time

                      0.150000    0.000000    0.000000   clock clk (rise edge)
                                  0.000000    0.000000   clock network delay (ideal)
                                  0.250000    0.250000   clock uncertainty
                                  0.000000    0.250000   clock reconvergence pessimism
                                              0.250000 ^ _089_/CLK (sky130_fd_sc_hd__dfrtp_2)
                                  0.215988    0.465988   library removal time
                                              0.465988   data required time
---------------------------------------------------------------------------------------------
                                              0.465988   data required time
                                             -2.176899   data arrival time
---------------------------------------------------------------------------------------------
                                              1.710911   slack (MET)


Startpoint: rst (input port clocked by clk)
Endpoint: _090_ (removal check against rising-edge clock clk)
Path Group: asynchronous
Path Type: min

Fanout         Cap        Slew       Delay        Time   Description
---------------------------------------------------------------------------------------------
                      0.150000    0.000000    0.000000   clock clk (rise edge)
                                  0.000000    0.000000   clock network delay (ideal)
                                  2.000000    2.000000 v input external delay
    24    0.102840    0.153165    0.114094    2.114094 v rst (in)
                                                         rst (net)
                      0.153165    0.000000    2.114094 v _066_/A (sky130_fd_sc_hd__inv_2)
     1    0.003617    0.040463    0.062805    2.176899 ^ _066_/Y (sky130_fd_sc_hd__inv_2)
                                                         _019_ (net)
                      0.040463    0.000000    2.176899 ^ _090_/RESET_B (sky130_fd_sc_hd__dfrtp_2)
                                              2.176899   data arrival time

                      0.150000    0.000000    0.000000   clock clk (rise edge)
                                  0.000000    0.000000   clock network delay (ideal)
                                  0.250000    0.250000   clock uncertainty
                                  0.000000    0.250000   clock reconvergence pessimism
                                              0.250000 ^ _090_/CLK (sky130_fd_sc_hd__dfrtp_2)
                                  0.215988    0.465988   library removal time
                                              0.465988   data required time
---------------------------------------------------------------------------------------------
                                              0.465988   data required time
                                             -2.176899   data arrival time
---------------------------------------------------------------------------------------------
                                              1.710911   slack (MET)


Startpoint: rst (input port clocked by clk)
Endpoint: _091_ (removal check against rising-edge clock clk)
Path Group: asynchronous
Path Type: min

Fanout         Cap        Slew       Delay        Time   Description
---------------------------------------------------------------------------------------------
                      0.150000    0.000000    0.000000   clock clk (rise edge)
                                  0.000000    0.000000   clock network delay (ideal)
                                  2.000000    2.000000 v input external delay
    24    0.102840    0.153165    0.114094    2.114094 v rst (in)
                                                         rst (net)
                      0.153165    0.000000    2.114094 v _067_/A (sky130_fd_sc_hd__inv_2)
     1    0.003617    0.040463    0.062805    2.176899 ^ _067_/Y (sky130_fd_sc_hd__inv_2)
                                                         _020_ (net)
                      0.040463    0.000000    2.176899 ^ _091_/RESET_B (sky130_fd_sc_hd__dfrtp_2)
                                              2.176899   data arrival time

                      0.150000    0.000000    0.000000   clock clk (rise edge)
                                  0.000000    0.000000   clock network delay (ideal)
                                  0.250000    0.250000   clock uncertainty
                                  0.000000    0.250000   clock reconvergence pessimism
                                              0.250000 ^ _091_/CLK (sky130_fd_sc_hd__dfrtp_2)
                                  0.215988    0.465988   library removal time
                                              0.465988   data required time
---------------------------------------------------------------------------------------------
                                              0.465988   data required time
                                             -2.176899   data arrival time
---------------------------------------------------------------------------------------------
                                              1.710911   slack (MET)


Startpoint: rst (input port clocked by clk)
Endpoint: _092_ (removal check against rising-edge clock clk)
Path Group: asynchronous
Path Type: min

Fanout         Cap        Slew       Delay        Time   Description
---------------------------------------------------------------------------------------------
                      0.150000    0.000000    0.000000   clock clk (rise edge)
                                  0.000000    0.000000   clock network delay (ideal)
                                  2.000000    2.000000 v input external delay
    24    0.102840    0.153165    0.114094    2.114094 v rst (in)
                                                         rst (net)
                      0.153165    0.000000    2.114094 v _068_/A (sky130_fd_sc_hd__inv_2)
     1    0.003617    0.040463    0.062805    2.176899 ^ _068_/Y (sky130_fd_sc_hd__inv_2)
                                                         _021_ (net)
                      0.040463    0.000000    2.176899 ^ _092_/RESET_B (sky130_fd_sc_hd__dfrtp_2)
                                              2.176899   data arrival time

                      0.150000    0.000000    0.000000   clock clk (rise edge)
                                  0.000000    0.000000   clock network delay (ideal)
                                  0.250000    0.250000   clock uncertainty
                                  0.000000    0.250000   clock reconvergence pessimism
                                              0.250000 ^ _092_/CLK (sky130_fd_sc_hd__dfrtp_2)
                                  0.215988    0.465988   library removal time
                                              0.465988   data required time
---------------------------------------------------------------------------------------------
                                              0.465988   data required time
                                             -2.176899   data arrival time
---------------------------------------------------------------------------------------------
                                              1.710911   slack (MET)


Startpoint: rst (input port clocked by clk)
Endpoint: _093_ (removal check against rising-edge clock clk)
Path Group: asynchronous
Path Type: min

Fanout         Cap        Slew       Delay        Time   Description
---------------------------------------------------------------------------------------------
                      0.150000    0.000000    0.000000   clock clk (rise edge)
                                  0.000000    0.000000   clock network delay (ideal)
                                  2.000000    2.000000 v input external delay
    24    0.102840    0.153165    0.114094    2.114094 v rst (in)
                                                         rst (net)
                      0.153165    0.000000    2.114094 v _069_/A (sky130_fd_sc_hd__inv_2)
     1    0.003617    0.040463    0.062805    2.176899 ^ _069_/Y (sky130_fd_sc_hd__inv_2)
                                                         _022_ (net)
                      0.040463    0.000000    2.176899 ^ _093_/RESET_B (sky130_fd_sc_hd__dfrtp_2)
                                              2.176899   data arrival time

                      0.150000    0.000000    0.000000   clock clk (rise edge)
                                  0.000000    0.000000   clock network delay (ideal)
                                  0.250000    0.250000   clock uncertainty
                                  0.000000    0.250000   clock reconvergence pessimism
                                              0.250000 ^ _093_/CLK (sky130_fd_sc_hd__dfrtp_2)
                                  0.215988    0.465988   library removal time
                                              0.465988   data required time
---------------------------------------------------------------------------------------------
                                              0.465988   data required time
                                             -2.176899   data arrival time
---------------------------------------------------------------------------------------------
                                              1.710911   slack (MET)


Startpoint: rst (input port clocked by clk)
Endpoint: _094_ (removal check against rising-edge clock clk)
Path Group: asynchronous
Path Type: min

Fanout         Cap        Slew       Delay        Time   Description
---------------------------------------------------------------------------------------------
                      0.150000    0.000000    0.000000   clock clk (rise edge)
                                  0.000000    0.000000   clock network delay (ideal)
                                  2.000000    2.000000 v input external delay
    24    0.102840    0.153165    0.114094    2.114094 v rst (in)
                                                         rst (net)
                      0.153165    0.000000    2.114094 v _070_/A (sky130_fd_sc_hd__inv_2)
     1    0.003617    0.040463    0.062805    2.176899 ^ _070_/Y (sky130_fd_sc_hd__inv_2)
                                                         _023_ (net)
                      0.040463    0.000000    2.176899 ^ _094_/RESET_B (sky130_fd_sc_hd__dfrtp_2)
                                              2.176899   data arrival time

                      0.150000    0.000000    0.000000   clock clk (rise edge)
                                  0.000000    0.000000   clock network delay (ideal)
                                  0.250000    0.250000   clock uncertainty
                                  0.000000    0.250000   clock reconvergence pessimism
                                              0.250000 ^ _094_/CLK (sky130_fd_sc_hd__dfrtp_2)
                                  0.215988    0.465988   library removal time
                                              0.465988   data required time
---------------------------------------------------------------------------------------------
                                              0.465988   data required time
                                             -2.176899   data arrival time
---------------------------------------------------------------------------------------------
                                              1.710911   slack (MET)


Startpoint: rst (input port clocked by clk)
Endpoint: _095_ (removal check against rising-edge clock clk)
Path Group: asynchronous
Path Type: min

Fanout         Cap        Slew       Delay        Time   Description
---------------------------------------------------------------------------------------------
                      0.150000    0.000000    0.000000   clock clk (rise edge)
                                  0.000000    0.000000   clock network delay (ideal)
                                  2.000000    2.000000 v input external delay
    24    0.102840    0.153165    0.114094    2.114094 v rst (in)
                                                         rst (net)
                      0.153165    0.000000    2.114094 v _071_/A (sky130_fd_sc_hd__inv_2)
     1    0.003617    0.040463    0.062805    2.176899 ^ _071_/Y (sky130_fd_sc_hd__inv_2)
                                                         _024_ (net)
                      0.040463    0.000000    2.176899 ^ _095_/RESET_B (sky130_fd_sc_hd__dfrtp_2)
                                              2.176899   data arrival time

                      0.150000    0.000000    0.000000   clock clk (rise edge)
                                  0.000000    0.000000   clock network delay (ideal)
                                  0.250000    0.250000   clock uncertainty
                                  0.000000    0.250000   clock reconvergence pessimism
                                              0.250000 ^ _095_/CLK (sky130_fd_sc_hd__dfrtp_2)
                                  0.215988    0.465988   library removal time
                                              0.465988   data required time
---------------------------------------------------------------------------------------------
                                              0.465988   data required time
                                             -2.176899   data arrival time
---------------------------------------------------------------------------------------------
                                              1.710911   slack (MET)


Startpoint: rst (input port clocked by clk)
Endpoint: _096_ (removal check against rising-edge clock clk)
Path Group: asynchronous
Path Type: min

Fanout         Cap        Slew       Delay        Time   Description
---------------------------------------------------------------------------------------------
                      0.150000    0.000000    0.000000   clock clk (rise edge)
                                  0.000000    0.000000   clock network delay (ideal)
                                  2.000000    2.000000 v input external delay
    24    0.102840    0.153165    0.114094    2.114094 v rst (in)
                                                         rst (net)
                      0.153165    0.000000    2.114094 v _072_/A (sky130_fd_sc_hd__inv_2)
     1    0.003617    0.040463    0.062805    2.176899 ^ _072_/Y (sky130_fd_sc_hd__inv_2)
                                                         _025_ (net)
                      0.040463    0.000000    2.176899 ^ _096_/RESET_B (sky130_fd_sc_hd__dfrtp_2)
                                              2.176899   data arrival time

                      0.150000    0.000000    0.000000   clock clk (rise edge)
                                  0.000000    0.000000   clock network delay (ideal)
                                  0.250000    0.250000   clock uncertainty
                                  0.000000    0.250000   clock reconvergence pessimism
                                              0.250000 ^ _096_/CLK (sky130_fd_sc_hd__dfrtp_2)
                                  0.215988    0.465988   library removal time
                                              0.465988   data required time
---------------------------------------------------------------------------------------------
                                              0.465988   data required time
                                             -2.176899   data arrival time
---------------------------------------------------------------------------------------------
                                              1.710911   slack (MET)


Startpoint: rst (input port clocked by clk)
Endpoint: _097_ (removal check against rising-edge clock clk)
Path Group: asynchronous
Path Type: min

Fanout         Cap        Slew       Delay        Time   Description
---------------------------------------------------------------------------------------------
                      0.150000    0.000000    0.000000   clock clk (rise edge)
                                  0.000000    0.000000   clock network delay (ideal)
                                  2.000000    2.000000 v input external delay
    24    0.102840    0.153165    0.114094    2.114094 v rst (in)
                                                         rst (net)
                      0.153165    0.000000    2.114094 v _073_/A (sky130_fd_sc_hd__inv_2)
     1    0.003617    0.040463    0.062805    2.176899 ^ _073_/Y (sky130_fd_sc_hd__inv_2)
                                                         _026_ (net)
                      0.040463    0.000000    2.176899 ^ _097_/RESET_B (sky130_fd_sc_hd__dfrtp_2)
                                              2.176899   data arrival time

                      0.150000    0.000000    0.000000   clock clk (rise edge)
                                  0.000000    0.000000   clock network delay (ideal)
                                  0.250000    0.250000   clock uncertainty
                                  0.000000    0.250000   clock reconvergence pessimism
                                              0.250000 ^ _097_/CLK (sky130_fd_sc_hd__dfrtp_2)
                                  0.215988    0.465988   library removal time
                                              0.465988   data required time
---------------------------------------------------------------------------------------------
                                              0.465988   data required time
                                             -2.176899   data arrival time
---------------------------------------------------------------------------------------------
                                              1.710911   slack (MET)


Startpoint: rst (input port clocked by clk)
Endpoint: _098_ (removal check against rising-edge clock clk)
Path Group: asynchronous
Path Type: min

Fanout         Cap        Slew       Delay        Time   Description
---------------------------------------------------------------------------------------------
                      0.150000    0.000000    0.000000   clock clk (rise edge)
                                  0.000000    0.000000   clock network delay (ideal)
                                  2.000000    2.000000 v input external delay
    24    0.102840    0.153165    0.114094    2.114094 v rst (in)
                                                         rst (net)
                      0.153165    0.000000    2.114094 v _074_/A (sky130_fd_sc_hd__inv_2)
     1    0.003617    0.040463    0.062805    2.176899 ^ _074_/Y (sky130_fd_sc_hd__inv_2)
                                                         _027_ (net)
                      0.040463    0.000000    2.176899 ^ _098_/RESET_B (sky130_fd_sc_hd__dfrtp_2)
                                              2.176899   data arrival time

                      0.150000    0.000000    0.000000   clock clk (rise edge)
                                  0.000000    0.000000   clock network delay (ideal)
                                  0.250000    0.250000   clock uncertainty
                                  0.000000    0.250000   clock reconvergence pessimism
                                              0.250000 ^ _098_/CLK (sky130_fd_sc_hd__dfrtp_2)
                                  0.215988    0.465988   library removal time
                                              0.465988   data required time
---------------------------------------------------------------------------------------------
                                              0.465988   data required time
                                             -2.176899   data arrival time
---------------------------------------------------------------------------------------------
                                              1.710911   slack (MET)


Startpoint: rst (input port clocked by clk)
Endpoint: _099_ (removal check against rising-edge clock clk)
Path Group: asynchronous
Path Type: min

Fanout         Cap        Slew       Delay        Time   Description
---------------------------------------------------------------------------------------------
                      0.150000    0.000000    0.000000   clock clk (rise edge)
                                  0.000000    0.000000   clock network delay (ideal)
                                  2.000000    2.000000 v input external delay
    24    0.102840    0.153165    0.114094    2.114094 v rst (in)
                                                         rst (net)
                      0.153165    0.000000    2.114094 v _075_/A (sky130_fd_sc_hd__inv_2)
     1    0.003617    0.040463    0.062805    2.176899 ^ _075_/Y (sky130_fd_sc_hd__inv_2)
                                                         _028_ (net)
                      0.040463    0.000000    2.176899 ^ _099_/RESET_B (sky130_fd_sc_hd__dfrtp_2)
                                              2.176899   data arrival time

                      0.150000    0.000000    0.000000   clock clk (rise edge)
                                  0.000000    0.000000   clock network delay (ideal)
                                  0.250000    0.250000   clock uncertainty
                                  0.000000    0.250000   clock reconvergence pessimism
                                              0.250000 ^ _099_/CLK (sky130_fd_sc_hd__dfrtp_2)
                                  0.215988    0.465988   library removal time
                                              0.465988   data required time
---------------------------------------------------------------------------------------------
                                              0.465988   data required time
                                             -2.176899   data arrival time
---------------------------------------------------------------------------------------------
                                              1.710911   slack (MET)


Startpoint: rst (input port clocked by clk)
Endpoint: _100_ (removal check against rising-edge clock clk)
Path Group: asynchronous
Path Type: min

Fanout         Cap        Slew       Delay        Time   Description
---------------------------------------------------------------------------------------------
                      0.150000    0.000000    0.000000   clock clk (rise edge)
                                  0.000000    0.000000   clock network delay (ideal)
                                  2.000000    2.000000 v input external delay
    24    0.102840    0.153165    0.114094    2.114094 v rst (in)
                                                         rst (net)
                      0.153165    0.000000    2.114094 v _076_/A (sky130_fd_sc_hd__inv_2)
     1    0.003617    0.040463    0.062805    2.176899 ^ _076_/Y (sky130_fd_sc_hd__inv_2)
                                                         _029_ (net)
                      0.040463    0.000000    2.176899 ^ _100_/RESET_B (sky130_fd_sc_hd__dfrtp_2)
                                              2.176899   data arrival time

                      0.150000    0.000000    0.000000   clock clk (rise edge)
                                  0.000000    0.000000   clock network delay (ideal)
                                  0.250000    0.250000   clock uncertainty
                                  0.000000    0.250000   clock reconvergence pessimism
                                              0.250000 ^ _100_/CLK (sky130_fd_sc_hd__dfrtp_2)
                                  0.215988    0.465988   library removal time
                                              0.465988   data required time
---------------------------------------------------------------------------------------------
                                              0.465988   data required time
                                             -2.176899   data arrival time
---------------------------------------------------------------------------------------------
                                              1.710911   slack (MET)


Startpoint: rst (input port clocked by clk)
Endpoint: _101_ (removal check against rising-edge clock clk)
Path Group: asynchronous
Path Type: min

Fanout         Cap        Slew       Delay        Time   Description
---------------------------------------------------------------------------------------------
                      0.150000    0.000000    0.000000   clock clk (rise edge)
                                  0.000000    0.000000   clock network delay (ideal)
                                  2.000000    2.000000 v input external delay
    24    0.102840    0.153165    0.114094    2.114094 v rst (in)
                                                         rst (net)
                      0.153165    0.000000    2.114094 v _077_/A (sky130_fd_sc_hd__inv_2)
     1    0.003617    0.040463    0.062805    2.176899 ^ _077_/Y (sky130_fd_sc_hd__inv_2)
                                                         _030_ (net)
                      0.040463    0.000000    2.176899 ^ _101_/RESET_B (sky130_fd_sc_hd__dfrtp_2)
                                              2.176899   data arrival time

                      0.150000    0.000000    0.000000   clock clk (rise edge)
                                  0.000000    0.000000   clock network delay (ideal)
                                  0.250000    0.250000   clock uncertainty
                                  0.000000    0.250000   clock reconvergence pessimism
                                              0.250000 ^ _101_/CLK (sky130_fd_sc_hd__dfrtp_2)
                                  0.215988    0.465988   library removal time
                                              0.465988   data required time
---------------------------------------------------------------------------------------------
                                              0.465988   data required time
                                             -2.176899   data arrival time
---------------------------------------------------------------------------------------------
                                              1.710911   slack (MET)


Startpoint: rst (input port clocked by clk)
Endpoint: _102_ (removal check against rising-edge clock clk)
Path Group: asynchronous
Path Type: min

Fanout         Cap        Slew       Delay        Time   Description
---------------------------------------------------------------------------------------------
                      0.150000    0.000000    0.000000   clock clk (rise edge)
                                  0.000000    0.000000   clock network delay (ideal)
                                  2.000000    2.000000 v input external delay
    24    0.102840    0.153165    0.114094    2.114094 v rst (in)
                                                         rst (net)
                      0.153165    0.000000    2.114094 v _078_/A (sky130_fd_sc_hd__inv_2)
     1    0.003617    0.040463    0.062805    2.176899 ^ _078_/Y (sky130_fd_sc_hd__inv_2)
                                                         _031_ (net)
                      0.040463    0.000000    2.176899 ^ _102_/RESET_B (sky130_fd_sc_hd__dfrtp_2)
                                              2.176899   data arrival time

                      0.150000    0.000000    0.000000   clock clk (rise edge)
                                  0.000000    0.000000   clock network delay (ideal)
                                  0.250000    0.250000   clock uncertainty
                                  0.000000    0.250000   clock reconvergence pessimism
                                              0.250000 ^ _102_/CLK (sky130_fd_sc_hd__dfrtp_2)
                                  0.215988    0.465988   library removal time
                                              0.465988   data required time
---------------------------------------------------------------------------------------------
                                              0.465988   data required time
                                             -2.176899   data arrival time
---------------------------------------------------------------------------------------------
                                              1.710911   slack (MET)


Startpoint: _097_ (rising edge-triggered flip-flop clocked by clk)
Endpoint: sine_out[0] (output port clocked by clk)
Path Group: clk
Path Type: min

Fanout         Cap        Slew       Delay        Time   Description
---------------------------------------------------------------------------------------------
                      0.150000    0.000000    0.000000   clock clk (rise edge)
                                  0.000000    0.000000   clock network delay (ideal)
                      0.150000    0.000000    0.000000 ^ _097_/CLK (sky130_fd_sc_hd__dfrtp_2)
     1    0.033442    0.128239    0.317535    0.317535 ^ _097_/Q (sky130_fd_sc_hd__dfrtp_2)
                                                         sine_out[0] (net)
                      0.128239    0.000000    0.317535 ^ sine_out[0] (out)
                                              0.317535   data arrival time

                      0.150000    0.000000    0.000000   clock clk (rise edge)
                                  0.000000    0.000000   clock network delay (ideal)
                                  0.250000    0.250000   clock uncertainty
                                  0.000000    0.250000   clock reconvergence pessimism
                                 -2.000000   -1.750000   output external delay
                                             -1.750000   data required time
---------------------------------------------------------------------------------------------
                                             -1.750000   data required time
                                             -0.317535   data arrival time
---------------------------------------------------------------------------------------------
                                              2.067535   slack (MET)


Startpoint: _083_ (rising edge-triggered flip-flop clocked by clk)
Endpoint: sine_out[10] (output port clocked by clk)
Path Group: clk
Path Type: min

Fanout         Cap        Slew       Delay        Time   Description
---------------------------------------------------------------------------------------------
                      0.150000    0.000000    0.000000   clock clk (rise edge)
                                  0.000000    0.000000   clock network delay (ideal)
                      0.150000    0.000000    0.000000 ^ _083_/CLK (sky130_fd_sc_hd__dfrtp_2)
     1    0.033442    0.128239    0.317535    0.317535 ^ _083_/Q (sky130_fd_sc_hd__dfrtp_2)
                                                         sine_out[10] (net)
                      0.128239    0.000000    0.317535 ^ sine_out[10] (out)
                                              0.317535   data arrival time

                      0.150000    0.000000    0.000000   clock clk (rise edge)
                                  0.000000    0.000000   clock network delay (ideal)
                                  0.250000    0.250000   clock uncertainty
                                  0.000000    0.250000   clock reconvergence pessimism
                                 -2.000000   -1.750000   output external delay
                                             -1.750000   data required time
---------------------------------------------------------------------------------------------
                                             -1.750000   data required time
                                             -0.317535   data arrival time
---------------------------------------------------------------------------------------------
                                              2.067535   slack (MET)


Startpoint: _084_ (rising edge-triggered flip-flop clocked by clk)
Endpoint: sine_out[11] (output port clocked by clk)
Path Group: clk
Path Type: min

Fanout         Cap        Slew       Delay        Time   Description
---------------------------------------------------------------------------------------------
                      0.150000    0.000000    0.000000   clock clk (rise edge)
                                  0.000000    0.000000   clock network delay (ideal)
                      0.150000    0.000000    0.000000 ^ _084_/CLK (sky130_fd_sc_hd__dfrtp_2)
     1    0.033442    0.128239    0.317535    0.317535 ^ _084_/Q (sky130_fd_sc_hd__dfrtp_2)
                                                         sine_out[11] (net)
                      0.128239    0.000000    0.317535 ^ sine_out[11] (out)
                                              0.317535   data arrival time

                      0.150000    0.000000    0.000000   clock clk (rise edge)
                                  0.000000    0.000000   clock network delay (ideal)
                                  0.250000    0.250000   clock uncertainty
                                  0.000000    0.250000   clock reconvergence pessimism
                                 -2.000000   -1.750000   output external delay
                                             -1.750000   data required time
---------------------------------------------------------------------------------------------
                                             -1.750000   data required time
                                             -0.317535   data arrival time
---------------------------------------------------------------------------------------------
                                              2.067535   slack (MET)


Startpoint: _085_ (rising edge-triggered flip-flop clocked by clk)
Endpoint: sine_out[12] (output port clocked by clk)
Path Group: clk
Path Type: min

Fanout         Cap        Slew       Delay        Time   Description
---------------------------------------------------------------------------------------------
                      0.150000    0.000000    0.000000   clock clk (rise edge)
                                  0.000000    0.000000   clock network delay (ideal)
                      0.150000    0.000000    0.000000 ^ _085_/CLK (sky130_fd_sc_hd__dfrtp_2)
     1    0.033442    0.128239    0.317535    0.317535 ^ _085_/Q (sky130_fd_sc_hd__dfrtp_2)
                                                         sine_out[12] (net)
                      0.128239    0.000000    0.317535 ^ sine_out[12] (out)
                                              0.317535   data arrival time

                      0.150000    0.000000    0.000000   clock clk (rise edge)
                                  0.000000    0.000000   clock network delay (ideal)
                                  0.250000    0.250000   clock uncertainty
                                  0.000000    0.250000   clock reconvergence pessimism
                                 -2.000000   -1.750000   output external delay
                                             -1.750000   data required time
---------------------------------------------------------------------------------------------
                                             -1.750000   data required time
                                             -0.317535   data arrival time
---------------------------------------------------------------------------------------------
                                              2.067535   slack (MET)


Startpoint: _086_ (rising edge-triggered flip-flop clocked by clk)
Endpoint: sine_out[13] (output port clocked by clk)
Path Group: clk
Path Type: min

Fanout         Cap        Slew       Delay        Time   Description
---------------------------------------------------------------------------------------------
                      0.150000    0.000000    0.000000   clock clk (rise edge)
                                  0.000000    0.000000   clock network delay (ideal)
                      0.150000    0.000000    0.000000 ^ _086_/CLK (sky130_fd_sc_hd__dfrtp_2)
     1    0.033442    0.128239    0.317535    0.317535 ^ _086_/Q (sky130_fd_sc_hd__dfrtp_2)
                                                         sine_out[13] (net)
                      0.128239    0.000000    0.317535 ^ sine_out[13] (out)
                                              0.317535   data arrival time

                      0.150000    0.000000    0.000000   clock clk (rise edge)
                                  0.000000    0.000000   clock network delay (ideal)
                                  0.250000    0.250000   clock uncertainty
                                  0.000000    0.250000   clock reconvergence pessimism
                                 -2.000000   -1.750000   output external delay
                                             -1.750000   data required time
---------------------------------------------------------------------------------------------
                                             -1.750000   data required time
                                             -0.317535   data arrival time
---------------------------------------------------------------------------------------------
                                              2.067535   slack (MET)


Startpoint: _087_ (rising edge-triggered flip-flop clocked by clk)
Endpoint: sine_out[14] (output port clocked by clk)
Path Group: clk
Path Type: min

Fanout         Cap        Slew       Delay        Time   Description
---------------------------------------------------------------------------------------------
                      0.150000    0.000000    0.000000   clock clk (rise edge)
                                  0.000000    0.000000   clock network delay (ideal)
                      0.150000    0.000000    0.000000 ^ _087_/CLK (sky130_fd_sc_hd__dfrtp_2)
     1    0.033442    0.128239    0.317535    0.317535 ^ _087_/Q (sky130_fd_sc_hd__dfrtp_2)
                                                         sine_out[14] (net)
                      0.128239    0.000000    0.317535 ^ sine_out[14] (out)
                                              0.317535   data arrival time

                      0.150000    0.000000    0.000000   clock clk (rise edge)
                                  0.000000    0.000000   clock network delay (ideal)
                                  0.250000    0.250000   clock uncertainty
                                  0.000000    0.250000   clock reconvergence pessimism
                                 -2.000000   -1.750000   output external delay
                                             -1.750000   data required time
---------------------------------------------------------------------------------------------
                                             -1.750000   data required time
                                             -0.317535   data arrival time
---------------------------------------------------------------------------------------------
                                              2.067535   slack (MET)


Startpoint: _088_ (rising edge-triggered flip-flop clocked by clk)
Endpoint: sine_out[15] (output port clocked by clk)
Path Group: clk
Path Type: min

Fanout         Cap        Slew       Delay        Time   Description
---------------------------------------------------------------------------------------------
                      0.150000    0.000000    0.000000   clock clk (rise edge)
                                  0.000000    0.000000   clock network delay (ideal)
                      0.150000    0.000000    0.000000 ^ _088_/CLK (sky130_fd_sc_hd__dfrtp_2)
     1    0.033442    0.128239    0.317535    0.317535 ^ _088_/Q (sky130_fd_sc_hd__dfrtp_2)
                                                         sine_out[15] (net)
                      0.128239    0.000000    0.317535 ^ sine_out[15] (out)
                                              0.317535   data arrival time

                      0.150000    0.000000    0.000000   clock clk (rise edge)
                                  0.000000    0.000000   clock network delay (ideal)
                                  0.250000    0.250000   clock uncertainty
                                  0.000000    0.250000   clock reconvergence pessimism
                                 -2.000000   -1.750000   output external delay
                                             -1.750000   data required time
---------------------------------------------------------------------------------------------
                                             -1.750000   data required time
                                             -0.317535   data arrival time
---------------------------------------------------------------------------------------------
                                              2.067535   slack (MET)


Startpoint: _098_ (rising edge-triggered flip-flop clocked by clk)
Endpoint: sine_out[1] (output port clocked by clk)
Path Group: clk
Path Type: min

Fanout         Cap        Slew       Delay        Time   Description
---------------------------------------------------------------------------------------------
                      0.150000    0.000000    0.000000   clock clk (rise edge)
                                  0.000000    0.000000   clock network delay (ideal)
                      0.150000    0.000000    0.000000 ^ _098_/CLK (sky130_fd_sc_hd__dfrtp_2)
     1    0.033442    0.128239    0.317535    0.317535 ^ _098_/Q (sky130_fd_sc_hd__dfrtp_2)
                                                         sine_out[1] (net)
                      0.128239    0.000000    0.317535 ^ sine_out[1] (out)
                                              0.317535   data arrival time

                      0.150000    0.000000    0.000000   clock clk (rise edge)
                                  0.000000    0.000000   clock network delay (ideal)
                                  0.250000    0.250000   clock uncertainty
                                  0.000000    0.250000   clock reconvergence pessimism
                                 -2.000000   -1.750000   output external delay
                                             -1.750000   data required time
---------------------------------------------------------------------------------------------
                                             -1.750000   data required time
                                             -0.317535   data arrival time
---------------------------------------------------------------------------------------------
                                              2.067535   slack (MET)


Startpoint: _099_ (rising edge-triggered flip-flop clocked by clk)
Endpoint: sine_out[2] (output port clocked by clk)
Path Group: clk
Path Type: min

Fanout         Cap        Slew       Delay        Time   Description
---------------------------------------------------------------------------------------------
                      0.150000    0.000000    0.000000   clock clk (rise edge)
                                  0.000000    0.000000   clock network delay (ideal)
                      0.150000    0.000000    0.000000 ^ _099_/CLK (sky130_fd_sc_hd__dfrtp_2)
     1    0.033442    0.128239    0.317535    0.317535 ^ _099_/Q (sky130_fd_sc_hd__dfrtp_2)
                                                         sine_out[2] (net)
                      0.128239    0.000000    0.317535 ^ sine_out[2] (out)
                                              0.317535   data arrival time

                      0.150000    0.000000    0.000000   clock clk (rise edge)
                                  0.000000    0.000000   clock network delay (ideal)
                                  0.250000    0.250000   clock uncertainty
                                  0.000000    0.250000   clock reconvergence pessimism
                                 -2.000000   -1.750000   output external delay
                                             -1.750000   data required time
---------------------------------------------------------------------------------------------
                                             -1.750000   data required time
                                             -0.317535   data arrival time
---------------------------------------------------------------------------------------------
                                              2.067535   slack (MET)


Startpoint: _100_ (rising edge-triggered flip-flop clocked by clk)
Endpoint: sine_out[3] (output port clocked by clk)
Path Group: clk
Path Type: min

Fanout         Cap        Slew       Delay        Time   Description
---------------------------------------------------------------------------------------------
                      0.150000    0.000000    0.000000   clock clk (rise edge)
                                  0.000000    0.000000   clock network delay (ideal)
                      0.150000    0.000000    0.000000 ^ _100_/CLK (sky130_fd_sc_hd__dfrtp_2)
     1    0.033442    0.128239    0.317535    0.317535 ^ _100_/Q (sky130_fd_sc_hd__dfrtp_2)
                                                         sine_out[3] (net)
                      0.128239    0.000000    0.317535 ^ sine_out[3] (out)
                                              0.317535   data arrival time

                      0.150000    0.000000    0.000000   clock clk (rise edge)
                                  0.000000    0.000000   clock network delay (ideal)
                                  0.250000    0.250000   clock uncertainty
                                  0.000000    0.250000   clock reconvergence pessimism
                                 -2.000000   -1.750000   output external delay
                                             -1.750000   data required time
---------------------------------------------------------------------------------------------
                                             -1.750000   data required time
                                             -0.317535   data arrival time
---------------------------------------------------------------------------------------------
                                              2.067535   slack (MET)


Startpoint: _101_ (rising edge-triggered flip-flop clocked by clk)
Endpoint: sine_out[4] (output port clocked by clk)
Path Group: clk
Path Type: min

Fanout         Cap        Slew       Delay        Time   Description
---------------------------------------------------------------------------------------------
                      0.150000    0.000000    0.000000   clock clk (rise edge)
                                  0.000000    0.000000   clock network delay (ideal)
                      0.150000    0.000000    0.000000 ^ _101_/CLK (sky130_fd_sc_hd__dfrtp_2)
     1    0.033442    0.128239    0.317535    0.317535 ^ _101_/Q (sky130_fd_sc_hd__dfrtp_2)
                                                         sine_out[4] (net)
                      0.128239    0.000000    0.317535 ^ sine_out[4] (out)
                                              0.317535   data arrival time

                      0.150000    0.000000    0.000000   clock clk (rise edge)
                                  0.000000    0.000000   clock network delay (ideal)
                                  0.250000    0.250000   clock uncertainty
                                  0.000000    0.250000   clock reconvergence pessimism
                                 -2.000000   -1.750000   output external delay
                                             -1.750000   data required time
---------------------------------------------------------------------------------------------
                                             -1.750000   data required time
                                             -0.317535   data arrival time
---------------------------------------------------------------------------------------------
                                              2.067535   slack (MET)


Startpoint: _102_ (rising edge-triggered flip-flop clocked by clk)
Endpoint: sine_out[5] (output port clocked by clk)
Path Group: clk
Path Type: min

Fanout         Cap        Slew       Delay        Time   Description
---------------------------------------------------------------------------------------------
                      0.150000    0.000000    0.000000   clock clk (rise edge)
                                  0.000000    0.000000   clock network delay (ideal)
                      0.150000    0.000000    0.000000 ^ _102_/CLK (sky130_fd_sc_hd__dfrtp_2)
     1    0.033442    0.128239    0.317535    0.317535 ^ _102_/Q (sky130_fd_sc_hd__dfrtp_2)
                                                         sine_out[5] (net)
                      0.128239    0.000000    0.317535 ^ sine_out[5] (out)
                                              0.317535   data arrival time

                      0.150000    0.000000    0.000000   clock clk (rise edge)
                                  0.000000    0.000000   clock network delay (ideal)
                                  0.250000    0.250000   clock uncertainty
                                  0.000000    0.250000   clock reconvergence pessimism
                                 -2.000000   -1.750000   output external delay
                                             -1.750000   data required time
---------------------------------------------------------------------------------------------
                                             -1.750000   data required time
                                             -0.317535   data arrival time
---------------------------------------------------------------------------------------------
                                              2.067535   slack (MET)


Startpoint: _079_ (rising edge-triggered flip-flop clocked by clk)
Endpoint: sine_out[6] (output port clocked by clk)
Path Group: clk
Path Type: min

Fanout         Cap        Slew       Delay        Time   Description
---------------------------------------------------------------------------------------------
                      0.150000    0.000000    0.000000   clock clk (rise edge)
                                  0.000000    0.000000   clock network delay (ideal)
                      0.150000    0.000000    0.000000 ^ _079_/CLK (sky130_fd_sc_hd__dfrtp_2)
     1    0.033442    0.128239    0.317535    0.317535 ^ _079_/Q (sky130_fd_sc_hd__dfrtp_2)
                                                         sine_out[6] (net)
                      0.128239    0.000000    0.317535 ^ sine_out[6] (out)
                                              0.317535   data arrival time

                      0.150000    0.000000    0.000000   clock clk (rise edge)
                                  0.000000    0.000000   clock network delay (ideal)
                                  0.250000    0.250000   clock uncertainty
                                  0.000000    0.250000   clock reconvergence pessimism
                                 -2.000000   -1.750000   output external delay
                                             -1.750000   data required time
---------------------------------------------------------------------------------------------
                                             -1.750000   data required time
                                             -0.317535   data arrival time
---------------------------------------------------------------------------------------------
                                              2.067535   slack (MET)


Startpoint: _080_ (rising edge-triggered flip-flop clocked by clk)
Endpoint: sine_out[7] (output port clocked by clk)
Path Group: clk
Path Type: min

Fanout         Cap        Slew       Delay        Time   Description
---------------------------------------------------------------------------------------------
                      0.150000    0.000000    0.000000   clock clk (rise edge)
                                  0.000000    0.000000   clock network delay (ideal)
                      0.150000    0.000000    0.000000 ^ _080_/CLK (sky130_fd_sc_hd__dfrtp_2)
     1    0.033442    0.128239    0.317535    0.317535 ^ _080_/Q (sky130_fd_sc_hd__dfrtp_2)
                                                         sine_out[7] (net)
                      0.128239    0.000000    0.317535 ^ sine_out[7] (out)
                                              0.317535   data arrival time

                      0.150000    0.000000    0.000000   clock clk (rise edge)
                                  0.000000    0.000000   clock network delay (ideal)
                                  0.250000    0.250000   clock uncertainty
                                  0.000000    0.250000   clock reconvergence pessimism
                                 -2.000000   -1.750000   output external delay
                                             -1.750000   data required time
---------------------------------------------------------------------------------------------
                                             -1.750000   data required time
                                             -0.317535   data arrival time
---------------------------------------------------------------------------------------------
                                              2.067535   slack (MET)


Startpoint: _081_ (rising edge-triggered flip-flop clocked by clk)
Endpoint: sine_out[8] (output port clocked by clk)
Path Group: clk
Path Type: min

Fanout         Cap        Slew       Delay        Time   Description
---------------------------------------------------------------------------------------------
                      0.150000    0.000000    0.000000   clock clk (rise edge)
                                  0.000000    0.000000   clock network delay (ideal)
                      0.150000    0.000000    0.000000 ^ _081_/CLK (sky130_fd_sc_hd__dfrtp_2)
     1    0.033442    0.128239    0.317535    0.317535 ^ _081_/Q (sky130_fd_sc_hd__dfrtp_2)
                                                         sine_out[8] (net)
                      0.128239    0.000000    0.317535 ^ sine_out[8] (out)
                                              0.317535   data arrival time

                      0.150000    0.000000    0.000000   clock clk (rise edge)
                                  0.000000    0.000000   clock network delay (ideal)
                                  0.250000    0.250000   clock uncertainty
                                  0.000000    0.250000   clock reconvergence pessimism
                                 -2.000000   -1.750000   output external delay
                                             -1.750000   data required time
---------------------------------------------------------------------------------------------
                                             -1.750000   data required time
                                             -0.317535   data arrival time
---------------------------------------------------------------------------------------------
                                              2.067535   slack (MET)


Startpoint: _082_ (rising edge-triggered flip-flop clocked by clk)
Endpoint: sine_out[9] (output port clocked by clk)
Path Group: clk
Path Type: min

Fanout         Cap        Slew       Delay        Time   Description
---------------------------------------------------------------------------------------------
                      0.150000    0.000000    0.000000   clock clk (rise edge)
                                  0.000000    0.000000   clock network delay (ideal)
                      0.150000    0.000000    0.000000 ^ _082_/CLK (sky130_fd_sc_hd__dfrtp_2)
     1    0.033442    0.128239    0.317535    0.317535 ^ _082_/Q (sky130_fd_sc_hd__dfrtp_2)
                                                         sine_out[9] (net)
                      0.128239    0.000000    0.317535 ^ sine_out[9] (out)
                                              0.317535   data arrival time

                      0.150000    0.000000    0.000000   clock clk (rise edge)
                                  0.000000    0.000000   clock network delay (ideal)
                                  0.250000    0.250000   clock uncertainty
                                  0.000000    0.250000   clock reconvergence pessimism
                                 -2.000000   -1.750000   output external delay
                                             -1.750000   data required time
---------------------------------------------------------------------------------------------
                                             -1.750000   data required time
                                             -0.317535   data arrival time
---------------------------------------------------------------------------------------------
                                              2.067535   slack (MET)



