Error while reading cell "sky130_fd_bd_sram__openram_dp_cell" (byte position 4767074): Unknown layer/datatype in boundary, layer=33 type=42

Error while reading cell "sky130_fd_bd_sram__openram_dp_cell" (byte position 4770850): Unknown layer/datatype in boundary, layer=33 type=43

Error while reading cell "sky130_fd_bd_sram__openram_dp_cell" (byte position 4775042): Unknown layer/datatype in boundary, layer=22 type=21

Error while reading cell "sky130_fd_bd_sram__openram_dp_cell" (byte position 4781570): Unknown layer/datatype in boundary, layer=22 type=22

Error while reading cell "sky130_fd_bd_sram__openram_dp_cell" (byte position 4785954): Unknown layer/datatype in boundary, layer=235 type=0

Error while reading cell "sky130_fd_bd_sram__openram_dp_cell_replica" (byte position 4853746): Unknown layer/datatype in boundary, layer=33 type=42

Error while reading cell "sky130_fd_bd_sram__openram_dp_cell_replica" (byte position 4857522): Unknown layer/datatype in boundary, layer=33 type=43

Error while reading cell "sky130_fd_bd_sram__openram_dp_cell_replica" (byte position 4861714): Unknown layer/datatype in boundary, layer=22 type=21

Error while reading cell "sky130_fd_bd_sram__openram_dp_cell_replica" (byte position 4868242): Unknown layer/datatype in boundary, layer=22 type=22

Error while reading cell "sky130_fd_bd_sram__openram_dp_cell_replica" (byte position 4872626): Unknown layer/datatype in boundary, layer=235 type=0

Error while reading cell "sky130_fd_bd_sram__openram_dp_cell_dummy" (byte position 4881816): Unknown layer/datatype in boundary, layer=33 type=42

Error while reading cell "sky130_fd_bd_sram__openram_dp_cell_dummy" (byte position 4885592): Unknown layer/datatype in boundary, layer=33 type=43

Error while reading cell "sky130_fd_bd_sram__openram_dp_cell_dummy" (byte position 4889784): Unknown layer/datatype in boundary, layer=22 type=21

Error while reading cell "sky130_fd_bd_sram__openram_dp_cell_dummy" (byte position 4894648): Unknown layer/datatype in boundary, layer=22 type=22

Error while reading cell "sky130_fd_bd_sram__openram_dp_cell_dummy" (byte position 4898904): Unknown layer/datatype in boundary, layer=235 type=0

Error while reading cell "sky130_fd_bd_sram__openram_dp_cell_cap_row" (byte position 5221650): Unknown layer/datatype in boundary, layer=33 type=42

Error while reading cell "sky130_fd_bd_sram__openram_dp_cell_cap_row" (byte position 5222354): Unknown layer/datatype in boundary, layer=33 type=43

Error while reading cell "sky130_fd_bd_sram__openram_dp_cell_cap_row" (byte position 5223378): Unknown layer/datatype in boundary, layer=22 type=21

Error while reading cell "FD_sky130_fd_bd_sram__openram_dp_cell" (byte position 4806354): Unknown layer/datatype in boundary, layer=33 type=42

Error while reading cell "FD_sky130_fd_bd_sram__openram_dp_cell" (byte position 4810130): Unknown layer/datatype in boundary, layer=33 type=43

Error while reading cell "FD_sky130_fd_bd_sram__openram_dp_cell" (byte position 4814322): Unknown layer/datatype in boundary, layer=22 type=21

Error while reading cell "FD_sky130_fd_bd_sram__openram_dp_cell" (byte position 4820850): Unknown layer/datatype in boundary, layer=22 type=22

Error while reading cell "FD_sky130_fd_bd_sram__openram_dp_cell" (byte position 4825234): Unknown layer/datatype in boundary, layer=235 type=0

Error while reading cell "FD_sky130_fd_bd_sram__openram_dp_cell_replica" (byte position 4893298): Unknown layer/datatype in boundary, layer=33 type=42

Error while reading cell "FD_sky130_fd_bd_sram__openram_dp_cell_replica" (byte position 4897074): Unknown layer/datatype in boundary, layer=33 type=43

Error while reading cell "FD_sky130_fd_bd_sram__openram_dp_cell_replica" (byte position 4901266): Unknown layer/datatype in boundary, layer=22 type=21

Error while reading cell "FD_sky130_fd_bd_sram__openram_dp_cell_replica" (byte position 4907794): Unknown layer/datatype in boundary, layer=22 type=22

Error while reading cell "FD_sky130_fd_bd_sram__openram_dp_cell_replica" (byte position 4912178): Unknown layer/datatype in boundary, layer=235 type=0

Error while reading cell "FD_sky130_fd_bd_sram__openram_dp_cell_dummy" (byte position 4921372): Unknown layer/datatype in boundary, layer=33 type=42

Error while reading cell "FD_sky130_fd_bd_sram__openram_dp_cell_dummy" (byte position 4925148): Unknown layer/datatype in boundary, layer=33 type=43

Error while reading cell "FD_sky130_fd_bd_sram__openram_dp_cell_dummy" (byte position 4929340): Unknown layer/datatype in boundary, layer=22 type=21

Error while reading cell "FD_sky130_fd_bd_sram__openram_dp_cell_dummy" (byte position 4934204): Unknown layer/datatype in boundary, layer=22 type=22

Error while reading cell "FD_sky130_fd_bd_sram__openram_dp_cell_dummy" (byte position 4938460): Unknown layer/datatype in boundary, layer=235 type=0

Error while reading cell "FD_sky130_fd_bd_sram__openram_dp_cell_cap_row" (byte position 5262538): Unknown layer/datatype in boundary, layer=33 type=42

Error while reading cell "FD_sky130_fd_bd_sram__openram_dp_cell_cap_row" (byte position 5263242): Unknown layer/datatype in boundary, layer=33 type=43

Error while reading cell "FD_sky130_fd_bd_sram__openram_dp_cell_cap_row" (byte position 5264266): Unknown layer/datatype in boundary, layer=22 type=21

