Starting…
Running 'Verilator.Lint' at 'runs/RUN_2025-03-03_15-44-42/01-verilator-lint'…
Logging subprocess to [repr.filename]'runs/RUN_2025-03-03_15-44-42/01-verilator-lint/verilator-lint.log'[/repr.filename]…
Running 'Checker.LintTimingConstructs' at 'runs/RUN_2025-03-03_15-44-42/02-checker-linttimingconstructs'…
Check for Lint Timing Errors clear.
Running 'Checker.LintErrors' at 'runs/RUN_2025-03-03_15-44-42/03-checker-linterrors'…
Check for Lint errors clear.
Running 'Checker.LintWarnings' at 'runs/RUN_2025-03-03_15-44-42/04-checker-lintwarnings'…
14 Lint warnings found.
Running 'Yosys.JsonHeader' at 'runs/RUN_2025-03-03_15-44-42/05-yosys-jsonheader'…
Logging subprocess to [repr.filename]'runs/RUN_2025-03-03_15-44-42/05-yosys-jsonheader/yosys-jsonheader.log'[/repr.filename]…
Running 'Yosys.Synthesis' at 'runs/RUN_2025-03-03_15-44-42/06-yosys-synthesis'…
Logging subprocess to [repr.filename]'runs/RUN_2025-03-03_15-44-42/06-yosys-synthesis/yosys-synthesis.log'[/repr.filename]…
Parsing synthesis checks…
Running 'Checker.YosysUnmappedCells' at 'runs/RUN_2025-03-03_15-44-42/07-checker-yosysunmappedcells'…
Check for Unmapped Yosys instances clear.
Running 'Checker.YosysSynthChecks' at 'runs/RUN_2025-03-03_15-44-42/08-checker-yosyssynthchecks'…
Check for Yosys check errors clear.
Running 'Checker.NetlistAssignStatements' at 'runs/RUN_2025-03-03_15-44-42/09-checker-netlistassignstatements'…
Running 'OpenROAD.CheckSDCFiles' at 'runs/RUN_2025-03-03_15-44-42/10-openroad-checksdcfiles'…
'PNR_SDC_FILE' is not defined. Using generic fallback SDC for OpenROAD PnR steps.
'SIGNOFF_SDC_FILE' is not defined. Using generic fallback SDC for OpenROAD PnR steps.
Running 'OpenROAD.CheckMacroInstances' at 'runs/RUN_2025-03-03_15-44-42/11-openroad-checkmacroinstances'…
No libs found for macro ram256x16 at corner nom_tt_025C_1v80. The module will be black-boxed.
Logging subprocess to [repr.filename]'runs/RUN_2025-03-03_15-44-42/11-openroad-checkmacroinstances/openroad-checkmacroinstances.log'[/repr.filename]…
Running 'OpenROAD.STAPrePNR' at 'runs/RUN_2025-03-03_15-44-42/12-openroad-staprepnr'…
No libs found for macro ram256x16 at corner nom_tt_025C_1v80. The module will be black-boxed.
Starting STA for the nom_tt_025C_1v80 timing corner…
No libs found for macro ram256x16 at corner nom_ss_100C_1v60. The module will be black-boxed.
Starting STA for the nom_ss_100C_1v60 timing corner…
No libs found for macro ram256x16 at corner nom_ff_n40C_1v95. The module will be black-boxed.
Logging subprocess to [repr.filename]'runs/RUN_2025-03-03_15-44-42/12-openroad-staprepnr/nom_tt_025C_1v80/sta.log'[/repr.filename]…
Starting STA for the nom_ff_n40C_1v95 timing corner…
No libs found for macro ram256x16 at corner min_tt_025C_1v80. The module will be black-boxed.
Skipping corner min_tt_025C_1v80 for STA (identical to nom_tt_025C_1v80 at this stage)…
Logging subprocess to [repr.filename]'runs/RUN_2025-03-03_15-44-42/12-openroad-staprepnr/nom_ss_100C_1v60/sta.log'[/repr.filename]…
No libs found for macro ram256x16 at corner min_ss_100C_1v60. The module will be black-boxed.
Skipping corner min_ss_100C_1v60 for STA (identical to nom_ss_100C_1v60 at this stage)…
No libs found for macro ram256x16 at corner min_ff_n40C_1v95. The module will be black-boxed.
Skipping corner min_ff_n40C_1v95 for STA (identical to nom_ff_n40C_1v95 at this stage)…
No libs found for macro ram256x16 at corner max_tt_025C_1v80. The module will be black-boxed.
Skipping corner max_tt_025C_1v80 for STA (identical to nom_tt_025C_1v80 at this stage)…
No libs found for macro ram256x16 at corner max_ss_100C_1v60. The module will be black-boxed.
Skipping corner max_ss_100C_1v60 for STA (identical to nom_ss_100C_1v60 at this stage)…
Logging subprocess to [repr.filename]'runs/RUN_2025-03-03_15-44-42/12-openroad-staprepnr/nom_ff_n40C_1v95/sta.log'[/repr.filename]…
No libs found for macro ram256x16 at corner max_ff_n40C_1v95. The module will be black-boxed.
Skipping corner max_ff_n40C_1v95 for STA (identical to nom_ff_n40C_1v95 at this stage)…
Finished STA for the nom_tt_025C_1v80 timing corner.
Finished STA for the nom_ss_100C_1v60 timing corner.
Finished STA for the nom_ff_n40C_1v95 timing corner.
Running 'OpenROAD.Floorplan' at 'runs/RUN_2025-03-03_15-44-42/13-openroad-floorplan'…
Logging subprocess to [repr.filename]'runs/RUN_2025-03-03_15-44-42/13-openroad-floorplan/openroad-floorplan.log'[/repr.filename]…
[ORD-2011] LEF master ram256x16 has no liberty cell.
Running 'Odb.CheckMacroAntennaProperties' at 'runs/RUN_2025-03-03_15-44-42/14-odb-checkmacroantennaproperties'…
Logging subprocess to [repr.filename]'runs/RUN_2025-03-03_15-44-42/14-odb-checkmacroantennaproperties/odb-checkmacroantennaproperties.log'[/repr.filename]…
Cell 'ram256x16' has (36) input pin(s) without antenna gate information. They might not be connected to a gate.
Cell 'ram256x16' has (16) output pin(s) without antenna diffusion information. They might not be driven.
Running 'Odb.SetPowerConnections' at 'runs/RUN_2025-03-03_15-44-42/15-odb-setpowerconnections'…
Logging subprocess to [repr.filename]'runs/RUN_2025-03-03_15-44-42/15-odb-setpowerconnections/odb-setpowerconnections.log'[/repr.filename]…
Running 'Odb.ManualMacroPlacement' at 'runs/RUN_2025-03-03_15-44-42/16-odb-manualmacroplacement'…
Logging subprocess to [repr.filename]'runs/RUN_2025-03-03_15-44-42/16-odb-manualmacroplacement/odb-manualmacroplacement.log'[/repr.filename]…
Running 'OpenROAD.CutRows' at 'runs/RUN_2025-03-03_15-44-42/17-openroad-cutrows'…
Logging subprocess to [repr.filename]'runs/RUN_2025-03-03_15-44-42/17-openroad-cutrows/openroad-cutrows.log'[/repr.filename]…
Running 'OpenROAD.TapEndcapInsertion' at 'runs/RUN_2025-03-03_15-44-42/18-openroad-tapendcapinsertion'…
Logging subprocess to [repr.filename]'runs/RUN_2025-03-03_15-44-42/18-openroad-tapendcapinsertion/openroad-tapendcapinsertion.log'[/repr.filename]…
Running 'Odb.AddPDNObstructions' at 'runs/RUN_2025-03-03_15-44-42/19-odb-addpdnobstructions'…
'PDN_OBSTRUCTIONS' is not defined. Skipping 'Odb.AddPDNObstructions'…
Running 'OpenROAD.GeneratePDN' at 'runs/RUN_2025-03-03_15-44-42/20-openroad-generatepdn'…
'FP_PDN_CFG' not explicitly set, setting it to /nix/store/ss2cw3sxbrwwx9jl0rrppbw4kgcmgi2n-python3-3.11.9-env/lib/python3.11/site-packages/openlane/scripts/openroad/common/pdn_cfg.tcl…
Logging subprocess to [repr.filename]'runs/RUN_2025-03-03_15-44-42/20-openroad-generatepdn/openroad-generatepdn.log'[/repr.filename]…
[PDN-0110] No via inserted between met4 and met5 at (6.5000, 26.7300) - (7.3000, 28.3300) on vccd1
[PDN-0110] No via inserted between met4 and met5 at (6.5000, 179.9100) - (7.3000, 181.5100) on vccd1
[PDN-0110] No via inserted between met4 and met5 at (8.3400, 30.0300) - (9.1400, 31.6300) on vssd1
[PDN-0110] No via inserted between met4 and met5 at (8.3400, 183.2100) - (9.1400, 184.8100) on vssd1
Running 'Odb.RemovePDNObstructions' at 'runs/RUN_2025-03-03_15-44-42/21-odb-removepdnobstructions'…
'PDN_OBSTRUCTIONS' is not defined. Skipping 'Odb.RemovePDNObstructions'…
Running 'Odb.AddRoutingObstructions' at 'runs/RUN_2025-03-03_15-44-42/22-odb-addroutingobstructions'…
'ROUTING_OBSTRUCTIONS' is not defined. Skipping 'Odb.AddRoutingObstructions'…
Running 'OpenROAD.GlobalPlacementSkipIO' at 'runs/RUN_2025-03-03_15-44-42/23-openroad-globalplacementskipio'…
'PL_TARGET_DENSITY_PCT' not explicitly set, using dynamically calculated target density: 60.871300…
Logging subprocess to [repr.filename]'runs/RUN_2025-03-03_15-44-42/23-openroad-globalplacementskipio/openroad-globalplacementskipio.log'[/repr.filename]…
Running 'OpenROAD.IOPlacement' at 'runs/RUN_2025-03-03_15-44-42/24-openroad-ioplacement'…
Logging subprocess to [repr.filename]'runs/RUN_2025-03-03_15-44-42/24-openroad-ioplacement/openroad-ioplacement.log'[/repr.filename]…
Running 'Odb.CustomIOPlacement' at 'runs/RUN_2025-03-03_15-44-42/25-odb-customioplacement'…
No custom floorplan file configured, skipping…
Running 'Odb.ApplyDEFTemplate' at 'runs/RUN_2025-03-03_15-44-42/26-odb-applydeftemplate'…
No DEF template provided, skipping…
Running 'OpenROAD.GlobalPlacement' at 'runs/RUN_2025-03-03_15-44-42/27-openroad-globalplacement'…
'PL_TARGET_DENSITY_PCT' not explicitly set, using dynamically calculated target density: 60.871300…
Logging subprocess to [repr.filename]'runs/RUN_2025-03-03_15-44-42/27-openroad-globalplacement/openroad-globalplacement.log'[/repr.filename]…
Running 'Odb.WriteVerilogHeader' at 'runs/RUN_2025-03-03_15-44-42/28-odb-writeverilogheader'…
Logging subprocess to [repr.filename]'runs/RUN_2025-03-03_15-44-42/28-odb-writeverilogheader/odb-writeverilogheader.log'[/repr.filename]…
Running 'Checker.PowerGridViolations' at 'runs/RUN_2025-03-03_15-44-42/29-checker-powergridviolations'…
Check for power grid violations (as reported by OpenROAD PSM- you may ignore these if LVS passes) clear.
Running 'OpenROAD.STAMidPNR' at 'runs/RUN_2025-03-03_15-44-42/30-openroad-stamidpnr'…
Logging subprocess to [repr.filename]'runs/RUN_2025-03-03_15-44-42/30-openroad-stamidpnr/openroad-stamidpnr.log'[/repr.filename]…
[GRT-0097] No global routing found for nets.
Running 'OpenROAD.RepairDesignPostGPL' at 'runs/RUN_2025-03-03_15-44-42/31-openroad-repairdesignpostgpl'…
No libs found for macro ram256x16 at corner nom_tt_025C_1v80. The module will be black-boxed.
No libs found for macro ram256x16 at corner nom_ss_100C_1v60. The module will be black-boxed.
No libs found for macro ram256x16 at corner nom_ff_n40C_1v95. The module will be black-boxed.
No libs found for macro ram256x16 at corner min_tt_025C_1v80. The module will be black-boxed.
No libs found for macro ram256x16 at corner min_ss_100C_1v60. The module will be black-boxed.
No libs found for macro ram256x16 at corner min_ff_n40C_1v95. The module will be black-boxed.
No libs found for macro ram256x16 at corner max_tt_025C_1v80. The module will be black-boxed.
No libs found for macro ram256x16 at corner max_ss_100C_1v60. The module will be black-boxed.
No libs found for macro ram256x16 at corner max_ff_n40C_1v95. The module will be black-boxed.
Logging subprocess to [repr.filename]'runs/RUN_2025-03-03_15-44-42/31-openroad-repairdesignpostgpl/openroad-repairdesignpostgpl.log'[/repr.filename]…
Running 'Odb.ManualGlobalPlacement' at 'runs/RUN_2025-03-03_15-44-42/32-odb-manualglobalplacement'…
'MANUAL_GLOBAL_PLACEMENTS' not set, skipping…
Running 'OpenROAD.DetailedPlacement' at 'runs/RUN_2025-03-03_15-44-42/33-openroad-detailedplacement'…
Logging subprocess to [repr.filename]'runs/RUN_2025-03-03_15-44-42/33-openroad-detailedplacement/openroad-detailedplacement.log'[/repr.filename]…
Running 'OpenROAD.CTS' at 'runs/RUN_2025-03-03_15-44-42/34-openroad-cts'…
No libs found for macro ram256x16 at corner nom_tt_025C_1v80. The module will be black-boxed.
No libs found for macro ram256x16 at corner nom_ss_100C_1v60. The module will be black-boxed.
No libs found for macro ram256x16 at corner nom_ff_n40C_1v95. The module will be black-boxed.
No libs found for macro ram256x16 at corner min_tt_025C_1v80. The module will be black-boxed.
No libs found for macro ram256x16 at corner min_ss_100C_1v60. The module will be black-boxed.
No libs found for macro ram256x16 at corner min_ff_n40C_1v95. The module will be black-boxed.
No libs found for macro ram256x16 at corner max_tt_025C_1v80. The module will be black-boxed.
No libs found for macro ram256x16 at corner max_ss_100C_1v60. The module will be black-boxed.
No libs found for macro ram256x16 at corner max_ff_n40C_1v95. The module will be black-boxed.
Logging subprocess to [repr.filename]'runs/RUN_2025-03-03_15-44-42/34-openroad-cts/openroad-cts.log'[/repr.filename]…
Running 'OpenROAD.STAMidPNR-1' at 'runs/RUN_2025-03-03_15-44-42/35-openroad-stamidpnr-1'…
Logging subprocess to [repr.filename]'runs/RUN_2025-03-03_15-44-42/35-openroad-stamidpnr-1/openroad-stamidpnr-1.log'[/repr.filename]…
[GRT-0097] No global routing found for nets.
Running 'OpenROAD.ResizerTimingPostCTS' at 'runs/RUN_2025-03-03_15-44-42/36-openroad-resizertimingpostcts'…
No libs found for macro ram256x16 at corner nom_tt_025C_1v80. The module will be black-boxed.
No libs found for macro ram256x16 at corner nom_ss_100C_1v60. The module will be black-boxed.
No libs found for macro ram256x16 at corner nom_ff_n40C_1v95. The module will be black-boxed.
No libs found for macro ram256x16 at corner min_tt_025C_1v80. The module will be black-boxed.
No libs found for macro ram256x16 at corner min_ss_100C_1v60. The module will be black-boxed.
No libs found for macro ram256x16 at corner min_ff_n40C_1v95. The module will be black-boxed.
No libs found for macro ram256x16 at corner max_tt_025C_1v80. The module will be black-boxed.
No libs found for macro ram256x16 at corner max_ss_100C_1v60. The module will be black-boxed.
No libs found for macro ram256x16 at corner max_ff_n40C_1v95. The module will be black-boxed.
Logging subprocess to [repr.filename]'runs/RUN_2025-03-03_15-44-42/36-openroad-resizertimingpostcts/openroad-resizertimingpostcts.log'[/repr.filename]…
Running 'OpenROAD.STAMidPNR-2' at 'runs/RUN_2025-03-03_15-44-42/37-openroad-stamidpnr-2'…
Logging subprocess to [repr.filename]'runs/RUN_2025-03-03_15-44-42/37-openroad-stamidpnr-2/openroad-stamidpnr-2.log'[/repr.filename]…
[GRT-0097] No global routing found for nets.
Running 'OpenROAD.GlobalRouting' at 'runs/RUN_2025-03-03_15-44-42/38-openroad-globalrouting'…
Logging subprocess to [repr.filename]'runs/RUN_2025-03-03_15-44-42/38-openroad-globalrouting/openroad-globalrouting.log'[/repr.filename]…
Running 'OpenROAD.CheckAntennas' at 'runs/RUN_2025-03-03_15-44-42/39-openroad-checkantennas'…
Logging subprocess to [repr.filename]'runs/RUN_2025-03-03_15-44-42/39-openroad-checkantennas/openroad-checkantennas.log'[/repr.filename]…
Gating variable for step 'OpenROAD.RepairDesignPostGRT' set to 'False'- the step will be skipped.
Skipping step 'Repair Design (Post-Global Routing)'…
Running 'Odb.DiodesOnPorts' at 'runs/RUN_2025-03-03_15-44-42/40-odb-diodesonports'…
'DIODE_ON_PORTS' is set to 'none': skipping…
Gating variable for step 'Odb.HeuristicDiodeInsertion' set to 'False'- the step will be skipped.
Skipping step 'Heuristic Diode Insertion'…
Running 'OpenROAD.RepairAntennas' at 'runs/RUN_2025-03-03_15-44-42/41-openroad-repairantennas'…
Running 'DiodeInsertion' at 'runs/RUN_2025-03-03_15-44-42/41-openroad-repairantennas/1-diodeinsertion'…
Logging subprocess to [repr.filename]'runs/RUN_2025-03-03_15-44-42/41-openroad-repairantennas/1-diodeinsertion/diodeinsertion.log'[/repr.filename]…
Running 'OpenROAD.CheckAntennas' at 'runs/RUN_2025-03-03_15-44-42/41-openroad-repairantennas/2-openroad-checkantennas'…
Logging subprocess to [repr.filename]'runs/RUN_2025-03-03_15-44-42/41-openroad-repairantennas/2-openroad-checkantennas/openroad-checkantennas.log'[/repr.filename]…
Gating variable for step 'OpenROAD.ResizerTimingPostGRT' set to 'False'- the step will be skipped.
Skipping step 'Resizer Timing Optimizations (Post-Global Routing)'…
Running 'OpenROAD.STAMidPNR-3' at 'runs/RUN_2025-03-03_15-44-42/42-openroad-stamidpnr-3'…
Logging subprocess to [repr.filename]'runs/RUN_2025-03-03_15-44-42/42-openroad-stamidpnr-3/openroad-stamidpnr-3.log'[/repr.filename]…
Running 'OpenROAD.DetailedRouting' at 'runs/RUN_2025-03-03_15-44-42/43-openroad-detailedrouting'…
Running TritonRoute with 12 threads…
Logging subprocess to [repr.filename]'runs/RUN_2025-03-03_15-44-42/43-openroad-detailedrouting/openroad-detailedrouting.log'[/repr.filename]…
[DRT-0349] LEF58_ENCLOSURE with no CUTCLASS is not supported. Skipping for layer mcon
[DRT-0349] LEF58_ENCLOSURE with no CUTCLASS is not supported. Skipping for layer mcon
[DRT-0349] LEF58_ENCLOSURE with no CUTCLASS is not supported. Skipping for layer via
[DRT-0349] LEF58_ENCLOSURE with no CUTCLASS is not supported. Skipping for layer via
[DRT-0349] LEF58_ENCLOSURE with no CUTCLASS is not supported. Skipping for layer via2
[DRT-0349] LEF58_ENCLOSURE with no CUTCLASS is not supported. Skipping for layer via2
[DRT-0349] LEF58_ENCLOSURE with no CUTCLASS is not supported. Skipping for layer via3
[DRT-0349] LEF58_ENCLOSURE with no CUTCLASS is not supported. Skipping for layer via3
[DRT-0349] LEF58_ENCLOSURE with no CUTCLASS is not supported. Skipping for layer via4
[DRT-0349] LEF58_ENCLOSURE with no CUTCLASS is not supported. Skipping for layer via4
[DRT-0418] Term mem_i/din0[1] has no pins on routing grid
[DRT-0418] Term mem_i/din0[4] has no pins on routing grid
[DRT-0418] Term mem_i/din0[6] has no pins on routing grid
[DRT-0418] Term mem_i/din0[7] has no pins on routing grid
[DRT-0418] Term mem_i/din0[9] has no pins on routing grid
[DRT-0418] Term mem_i/din0[10] has no pins on routing grid
[DRT-0418] Term mem_i/din0[12] has no pins on routing grid
[DRT-0418] Term mem_i/din0[13] has no pins on routing grid
[DRT-0418] Term mem_i/din0[15] has no pins on routing grid
[DRT-0418] Term mem_i/addr0[0] has no pins on routing grid
[DRT-0418] Term mem_i/addr1[7] has no pins on routing grid
[DRT-0418] Term mem_i/clk0 has no pins on routing grid
Running 'Odb.RemoveRoutingObstructions' at 'runs/RUN_2025-03-03_15-44-42/44-odb-removeroutingobstructions'…
'ROUTING_OBSTRUCTIONS' is not defined. Skipping 'Odb.RemoveRoutingObstructions'…
Running 'OpenROAD.CheckAntennas-1' at 'runs/RUN_2025-03-03_15-44-42/45-openroad-checkantennas-1'…
Logging subprocess to [repr.filename]'runs/RUN_2025-03-03_15-44-42/45-openroad-checkantennas-1/openroad-checkantennas-1.log'[/repr.filename]…
Running 'Checker.TrDRC' at 'runs/RUN_2025-03-03_15-44-42/46-checker-trdrc'…
Check for Routing DRC errors clear.
Running 'Odb.ReportDisconnectedPins' at 'runs/RUN_2025-03-03_15-44-42/47-odb-reportdisconnectedpins'…
Logging subprocess to [repr.filename]'runs/RUN_2025-03-03_15-44-42/47-odb-reportdisconnectedpins/odb-reportdisconnectedpins.log'[/repr.filename]…
Running 'Checker.DisconnectedPins' at 'runs/RUN_2025-03-03_15-44-42/48-checker-disconnectedpins'…
Check for critical disconnected pins clear.
Running 'Odb.ReportWireLength' at 'runs/RUN_2025-03-03_15-44-42/49-odb-reportwirelength'…
Logging subprocess to [repr.filename]'runs/RUN_2025-03-03_15-44-42/49-odb-reportwirelength/odb-reportwirelength.log'[/repr.filename]…
Running 'Checker.WireLength' at 'runs/RUN_2025-03-03_15-44-42/50-checker-wirelength'…
Threshold for Threshold-surpassing long wires is not set. The checker will be skipped.
Running 'OpenROAD.FillInsertion' at 'runs/RUN_2025-03-03_15-44-42/51-openroad-fillinsertion'…
Logging subprocess to [repr.filename]'runs/RUN_2025-03-03_15-44-42/51-openroad-fillinsertion/openroad-fillinsertion.log'[/repr.filename]…
Running 'Odb.CellFrequencyTables' at 'runs/RUN_2025-03-03_15-44-42/52-odb-cellfrequencytables'…
Logging subprocess to [repr.filename]'runs/RUN_2025-03-03_15-44-42/52-odb-cellfrequencytables/buffer_list.txt'[/repr.filename]…
Logging subprocess to [repr.filename]'runs/RUN_2025-03-03_15-44-42/52-odb-cellfrequencytables/odb-cellfrequencytables.log'[/repr.filename]…
Running 'OpenROAD.RCX' at 'runs/RUN_2025-03-03_15-44-42/53-openroad-rcx'…
Running RCX for corners matching nom_* (/home/thanh/NCO/runs/RUN_2025-03-03_15-44-42/53-openroad-rcx/nom/rcx.log)…
Running RCX for corners matching min_* (/home/thanh/NCO/runs/RUN_2025-03-03_15-44-42/53-openroad-rcx/min/rcx.log)…
Running RCX for corners matching max_* (/home/thanh/NCO/runs/RUN_2025-03-03_15-44-42/53-openroad-rcx/max/rcx.log)…
Logging subprocess to [repr.filename]'runs/RUN_2025-03-03_15-44-42/53-openroad-rcx/nom/rcx.log'[/repr.filename]…
Logging subprocess to [repr.filename]'runs/RUN_2025-03-03_15-44-42/53-openroad-rcx/min/rcx.log'[/repr.filename]…
Logging subprocess to [repr.filename]'runs/RUN_2025-03-03_15-44-42/53-openroad-rcx/max/rcx.log'[/repr.filename]…
Finished RCX for corners matching nom_*.
Finished RCX for corners matching min_*.
Finished RCX for corners matching max_*.
Running 'OpenROAD.STAPostPNR' at 'runs/RUN_2025-03-03_15-44-42/54-openroad-stapostpnr'…
No libs found for macro ram256x16 at corner nom_tt_025C_1v80. The module will be black-boxed.
Starting STA for the nom_tt_025C_1v80 timing corner…
No libs found for macro ram256x16 at corner nom_ss_100C_1v60. The module will be black-boxed.
Starting STA for the nom_ss_100C_1v60 timing corner…
No libs found for macro ram256x16 at corner nom_ff_n40C_1v95. The module will be black-boxed.
Logging subprocess to [repr.filename]'runs/RUN_2025-03-03_15-44-42/54-openroad-stapostpnr/nom_tt_025C_1v80/sta.log'[/repr.filename]…
Starting STA for the nom_ff_n40C_1v95 timing corner…
No libs found for macro ram256x16 at corner min_tt_025C_1v80. The module will be black-boxed.
Logging subprocess to [repr.filename]'runs/RUN_2025-03-03_15-44-42/54-openroad-stapostpnr/nom_ss_100C_1v60/sta.log'[/repr.filename]…
Starting STA for the min_tt_025C_1v80 timing corner…
No libs found for macro ram256x16 at corner min_ss_100C_1v60. The module will be black-boxed.
Logging subprocess to [repr.filename]'runs/RUN_2025-03-03_15-44-42/54-openroad-stapostpnr/nom_ff_n40C_1v95/sta.log'[/repr.filename]…
Starting STA for the min_ss_100C_1v60 timing corner…
No libs found for macro ram256x16 at corner min_ff_n40C_1v95. The module will be black-boxed.
Logging subprocess to [repr.filename]'runs/RUN_2025-03-03_15-44-42/54-openroad-stapostpnr/min_tt_025C_1v80/sta.log'[/repr.filename]…
Starting STA for the min_ff_n40C_1v95 timing corner…
No libs found for macro ram256x16 at corner max_tt_025C_1v80. The module will be black-boxed.
Starting STA for the max_tt_025C_1v80 timing corner…
Logging subprocess to [repr.filename]'runs/RUN_2025-03-03_15-44-42/54-openroad-stapostpnr/min_ss_100C_1v60/sta.log'[/repr.filename]…
No libs found for macro ram256x16 at corner max_ss_100C_1v60. The module will be black-boxed.
Starting STA for the max_ss_100C_1v60 timing corner…
Logging subprocess to [repr.filename]'runs/RUN_2025-03-03_15-44-42/54-openroad-stapostpnr/min_ff_n40C_1v95/sta.log'[/repr.filename]…
No libs found for macro ram256x16 at corner max_ff_n40C_1v95. The module will be black-boxed.
Logging subprocess to [repr.filename]'runs/RUN_2025-03-03_15-44-42/54-openroad-stapostpnr/max_tt_025C_1v80/sta.log'[/repr.filename]…
Starting STA for the max_ff_n40C_1v95 timing corner…
Logging subprocess to [repr.filename]'runs/RUN_2025-03-03_15-44-42/54-openroad-stapostpnr/max_ss_100C_1v60/sta.log'[/repr.filename]…
Logging subprocess to [repr.filename]'runs/RUN_2025-03-03_15-44-42/54-openroad-stapostpnr/max_ff_n40C_1v95/sta.log'[/repr.filename]…
Finished STA for the nom_tt_025C_1v80 timing corner.
Logging subprocess to [repr.filename]'runs/RUN_2025-03-03_15-44-42/54-openroad-stapostpnr/nom_tt_025C_1v80/filter_unannotated.log'[/repr.filename]…
Finished STA for the nom_ss_100C_1v60 timing corner.
Logging subprocess to [repr.filename]'runs/RUN_2025-03-03_15-44-42/54-openroad-stapostpnr/nom_ss_100C_1v60/filter_unannotated.log'[/repr.filename]…
Finished STA for the nom_ff_n40C_1v95 timing corner.
Logging subprocess to [repr.filename]'runs/RUN_2025-03-03_15-44-42/54-openroad-stapostpnr/nom_ff_n40C_1v95/filter_unannotated.log'[/repr.filename]…
Finished STA for the min_tt_025C_1v80 timing corner.
Logging subprocess to [repr.filename]'runs/RUN_2025-03-03_15-44-42/54-openroad-stapostpnr/min_tt_025C_1v80/filter_unannotated.log'[/repr.filename]…
Finished STA for the min_ss_100C_1v60 timing corner.
Logging subprocess to [repr.filename]'runs/RUN_2025-03-03_15-44-42/54-openroad-stapostpnr/min_ss_100C_1v60/filter_unannotated.log'[/repr.filename]…
Finished STA for the min_ff_n40C_1v95 timing corner.
Logging subprocess to [repr.filename]'runs/RUN_2025-03-03_15-44-42/54-openroad-stapostpnr/min_ff_n40C_1v95/filter_unannotated.log'[/repr.filename]…
Finished STA for the max_ff_n40C_1v95 timing corner.
Finished STA for the max_ss_100C_1v60 timing corner.
Finished STA for the max_tt_025C_1v80 timing corner.
Logging subprocess to [repr.filename]'runs/RUN_2025-03-03_15-44-42/54-openroad-stapostpnr/max_ss_100C_1v60/filter_unannotated.log'[/repr.filename]…
Logging subprocess to [repr.filename]'runs/RUN_2025-03-03_15-44-42/54-openroad-stapostpnr/max_ff_n40C_1v95/filter_unannotated.log'[/repr.filename]…
Logging subprocess to [repr.filename]'runs/RUN_2025-03-03_15-44-42/54-openroad-stapostpnr/max_tt_025C_1v80/filter_unannotated.log'[/repr.filename]…
Running 'OpenROAD.IRDropReport' at 'runs/RUN_2025-03-03_15-44-42/55-openroad-irdropreport'…
'VSRC_LOC_FILES' was not given a value, which may make the results of IR drop analysis inaccurate. If you are not integrating a top-level chip for manufacture, you may ignore this warning, otherwise, see the documentation for 'VSRC_LOC_FILES'.
Logging subprocess to [repr.filename]'runs/RUN_2025-03-03_15-44-42/55-openroad-irdropreport/openroad-irdropreport.log'[/repr.filename]…
[INFO PSM-0040] All shapes on net vccd1 are connected.
########## IR report #################
Net              : vccd1
Corner           : nom_tt_025C_1v80
Supply voltage   : 1.80e+00 V
Worstcase voltage: 1.80e+00 V
Average voltage  : 1.80e+00 V
Average IR drop  : 4.82e-06 V
Worstcase IR drop: 5.05e-04 V
Percentage drop  : 0.03 %
######################################
[INFO PSM-0040] All shapes on net vssd1 are connected.
########## IR report #################
Net              : vssd1
Corner           : nom_tt_025C_1v80
Supply voltage   : 0.00e+00 V
Worstcase voltage: 4.42e-04 V
Average voltage  : 4.37e-06 V
Average IR drop  : 4.37e-06 V
Worstcase IR drop: 4.42e-04 V
Percentage drop  : 0.02 %
######################################

Running 'Magic.StreamOut' at 'runs/RUN_2025-03-03_15-44-42/56-magic-streamout'…
Logging subprocess to [repr.filename]'runs/RUN_2025-03-03_15-44-42/56-magic-streamout/ram256x16.get_bbox.log'[/repr.filename]…
Error while reading cell "sky130_fd_bd_sram__openram_dp_cell" (byte position 4767074): Unknown layer/datatype in boundary, layer=33 type=42

Error while reading cell "sky130_fd_bd_sram__openram_dp_cell" (byte position 4770850): Unknown layer/datatype in boundary, layer=33 type=43

Error while reading cell "sky130_fd_bd_sram__openram_dp_cell" (byte position 4775042): Unknown layer/datatype in boundary, layer=22 type=21

Error while reading cell "sky130_fd_bd_sram__openram_dp_cell" (byte position 4781570): Unknown layer/datatype in boundary, layer=22 type=22

Error while reading cell "sky130_fd_bd_sram__openram_dp_cell" (byte position 4785954): Unknown layer/datatype in boundary, layer=235 type=0

Error while reading cell "sky130_fd_bd_sram__openram_dp_cell_replica" (byte position 4853746): Unknown layer/datatype in boundary, layer=33 type=42

Error while reading cell "sky130_fd_bd_sram__openram_dp_cell_replica" (byte position 4857522): Unknown layer/datatype in boundary, layer=33 type=43

Error while reading cell "sky130_fd_bd_sram__openram_dp_cell_replica" (byte position 4861714): Unknown layer/datatype in boundary, layer=22 type=21

Error while reading cell "sky130_fd_bd_sram__openram_dp_cell_replica" (byte position 4868242): Unknown layer/datatype in boundary, layer=22 type=22

Error while reading cell "sky130_fd_bd_sram__openram_dp_cell_replica" (byte position 4872626): Unknown layer/datatype in boundary, layer=235 type=0

Error while reading cell "sky130_fd_bd_sram__openram_dp_cell_dummy" (byte position 4881816): Unknown layer/datatype in boundary, layer=33 type=42

Error while reading cell "sky130_fd_bd_sram__openram_dp_cell_dummy" (byte position 4885592): Unknown layer/datatype in boundary, layer=33 type=43

Error while reading cell "sky130_fd_bd_sram__openram_dp_cell_dummy" (byte position 4889784): Unknown layer/datatype in boundary, layer=22 type=21

Error while reading cell "sky130_fd_bd_sram__openram_dp_cell_dummy" (byte position 4894648): Unknown layer/datatype in boundary, layer=22 type=22

Error while reading cell "sky130_fd_bd_sram__openram_dp_cell_dummy" (byte position 4898904): Unknown layer/datatype in boundary, layer=235 type=0

Error while reading cell "sky130_fd_bd_sram__openram_dp_cell_cap_row" (byte position 5221650): Unknown layer/datatype in boundary, layer=33 type=42

Error while reading cell "sky130_fd_bd_sram__openram_dp_cell_cap_row" (byte position 5222354): Unknown layer/datatype in boundary, layer=33 type=43

Error while reading cell "sky130_fd_bd_sram__openram_dp_cell_cap_row" (byte position 5223378): Unknown layer/datatype in boundary, layer=22 type=21

Logging subprocess to [repr.filename]'runs/RUN_2025-03-03_15-44-42/56-magic-streamout/magic-streamout.log'[/repr.filename]…
Running 'KLayout.StreamOut' at 'runs/RUN_2025-03-03_15-44-42/57-klayout-streamout'…
Logging subprocess to [repr.filename]'runs/RUN_2025-03-03_15-44-42/57-klayout-streamout/klayout-streamout.log'[/repr.filename]…
Running 'Magic.WriteLEF' at 'runs/RUN_2025-03-03_15-44-42/58-magic-writelef'…
Logging subprocess to [repr.filename]'runs/RUN_2025-03-03_15-44-42/58-magic-writelef/magic-writelef.log'[/repr.filename]…
Running 'Odb.CheckDesignAntennaProperties' at 'runs/RUN_2025-03-03_15-44-42/59-odb-checkdesignantennaproperties'…
Logging subprocess to [repr.filename]'runs/RUN_2025-03-03_15-44-42/59-odb-checkdesignantennaproperties/odb-checkdesignantennaproperties.log'[/repr.filename]…
Running 'KLayout.XOR' at 'runs/RUN_2025-03-03_15-44-42/60-klayout-xor'…
Running XOR with 12 threads…
Logging subprocess to [repr.filename]'runs/RUN_2025-03-03_15-44-42/60-klayout-xor/klayout-xor.log'[/repr.filename]…
Running 'Checker.XOR' at 'runs/RUN_2025-03-03_15-44-42/61-checker-xor'…
Check for XOR differences clear.
Running 'Magic.DRC' at 'runs/RUN_2025-03-03_15-44-42/62-magic-drc'…
Logging subprocess to [repr.filename]'runs/RUN_2025-03-03_15-44-42/62-magic-drc/magic-drc.log'[/repr.filename]…
Error while reading cell "FD_sky130_fd_bd_sram__openram_dp_cell" (byte position 4806354): Unknown layer/datatype in boundary, layer=33 type=42

Error while reading cell "FD_sky130_fd_bd_sram__openram_dp_cell" (byte position 4810130): Unknown layer/datatype in boundary, layer=33 type=43

Error while reading cell "FD_sky130_fd_bd_sram__openram_dp_cell" (byte position 4814322): Unknown layer/datatype in boundary, layer=22 type=21

Error while reading cell "FD_sky130_fd_bd_sram__openram_dp_cell" (byte position 4820850): Unknown layer/datatype in boundary, layer=22 type=22

Error while reading cell "FD_sky130_fd_bd_sram__openram_dp_cell" (byte position 4825234): Unknown layer/datatype in boundary, layer=235 type=0

Error while reading cell "FD_sky130_fd_bd_sram__openram_dp_cell_replica" (byte position 4893298): Unknown layer/datatype in boundary, layer=33 type=42

Error while reading cell "FD_sky130_fd_bd_sram__openram_dp_cell_replica" (byte position 4897074): Unknown layer/datatype in boundary, layer=33 type=43

Error while reading cell "FD_sky130_fd_bd_sram__openram_dp_cell_replica" (byte position 4901266): Unknown layer/datatype in boundary, layer=22 type=21

Error while reading cell "FD_sky130_fd_bd_sram__openram_dp_cell_replica" (byte position 4907794): Unknown layer/datatype in boundary, layer=22 type=22

Error while reading cell "FD_sky130_fd_bd_sram__openram_dp_cell_replica" (byte position 4912178): Unknown layer/datatype in boundary, layer=235 type=0

Error while reading cell "FD_sky130_fd_bd_sram__openram_dp_cell_dummy" (byte position 4921372): Unknown layer/datatype in boundary, layer=33 type=42

Error while reading cell "FD_sky130_fd_bd_sram__openram_dp_cell_dummy" (byte position 4925148): Unknown layer/datatype in boundary, layer=33 type=43

Error while reading cell "FD_sky130_fd_bd_sram__openram_dp_cell_dummy" (byte position 4929340): Unknown layer/datatype in boundary, layer=22 type=21

Error while reading cell "FD_sky130_fd_bd_sram__openram_dp_cell_dummy" (byte position 4934204): Unknown layer/datatype in boundary, layer=22 type=22

Error while reading cell "FD_sky130_fd_bd_sram__openram_dp_cell_dummy" (byte position 4938460): Unknown layer/datatype in boundary, layer=235 type=0

Error while reading cell "FD_sky130_fd_bd_sram__openram_dp_cell_cap_row" (byte position 5262538): Unknown layer/datatype in boundary, layer=33 type=42

Error while reading cell "FD_sky130_fd_bd_sram__openram_dp_cell_cap_row" (byte position 5263242): Unknown layer/datatype in boundary, layer=33 type=43

Error while reading cell "FD_sky130_fd_bd_sram__openram_dp_cell_cap_row" (byte position 5264266): Unknown layer/datatype in boundary, layer=22 type=21

