Clock: clk
Sources: clk 
Generated: no
Virtual: yes
Propagated: no
Period: 5.000000

===========================================================================
report_clock_properties
============================================================================
Clock                   Period          Waveform
----------------------------------------------------
clk                   5.000000    0.000000  2.500000

===========================================================================
report_clock_latency
============================================================================
Clock clk
rise -> rise
    min     max
0.000000 0.000000 source latency
1.383301         network latency _136_/CLK
        1.437850 network latency _138_/CLK
---------------
1.383301 1.437850 latency
        0.054550 skew

fall -> fall
    min     max
0.000000 0.000000 source latency
1.113227         network latency _136_/CLK
        1.155048 network latency _138_/CLK
---------------
1.113227 1.155048 latency
        0.041821 skew



===========================================================================
report_clock_min_period
============================================================================
clk period_min = 3.97 fmax = 251.97
