
===========================================================================
Violator List
============================================================================
[setup reg-out] _142_/Q -> sine_out[5] : -0.396950
[setup reg-out] _123_/Q -> sine_out[11] : -0.368028
[setup reg-out] _143_/Q -> sine_out[6] : -0.359700
[setup reg-out] _138_/Q -> sine_out[1] : -0.321134
[setup reg-out] _120_/Q -> sine_out[8] : -0.293822
[setup reg-out] _141_/Q -> sine_out[4] : -0.291141
[setup reg-out] _140_/Q -> sine_out[3] : -0.273487
[setup reg-out] _139_/Q -> sine_out[2] : -0.268204
[setup reg-out] _121_/Q -> sine_out[9] : -0.258864
[setup reg-out] _137_/Q -> sine_out[0] : -0.251346
[setup reg-out] _125_/Q -> sine_out[13] : -0.234456
[setup reg-out] _144_/Q -> sine_out[7] : -0.219380
[setup reg-out] _124_/Q -> sine_out[12] : -0.203583
[setup reg-out] _126_/Q -> sine_out[14] : -0.179322
[setup reg-out] _122_/Q -> sine_out[10] : -0.178059
[setup reg-out] _127_/Q -> sine_out[15] : -0.176115
[setup reg-reg] mem_i1/dout1[12] -> _124_/D : -0.134539
[setup reg-reg] mem_i1/dout1[8] -> _120_/D : -0.086137
[setup reg-reg] mem_i1/dout1[4] -> _141_/D : -0.030138
