Clock: clk
Sources: clk 
Generated: no
Virtual: yes
Propagated: no
Period: 5.000000

===========================================================================
report_clock_properties
============================================================================
Clock                   Period          Waveform
----------------------------------------------------
clk                   5.000000    0.000000  2.500000

===========================================================================
report_clock_latency
============================================================================
Clock clk
rise -> rise
    min     max
0.000000 0.000000 source latency
1.259155         network latency _134_/CLK
        1.461652 network latency mem_i1/clk1
---------------
1.259155 1.461652 latency
        0.202496 skew

fall -> fall
    min     max
0.000000 0.000000 source latency
1.027914         network latency _134_/CLK
        1.176358 network latency mem_i1/clk1
---------------
1.027914 1.176358 latency
        0.148444 skew



===========================================================================
report_clock_min_period
============================================================================
clk period_min = 4.04 fmax = 247.42
