
===========================================================================
report_checks -unconstrained
===========================================================================
======================= min_tt_025C_1v80 Corner ===================================

Startpoint: rst (input port clocked by clk)
Endpoint: _099_ (recovery check against rising-edge clock clk)
Path Group: asynchronous
Path Type: max

Fanout         Cap        Slew       Delay        Time   Description
---------------------------------------------------------------------------------------------
                                  0.000000    0.000000   clock clk (rise edge)
                                  0.000000    0.000000   clock network delay (propagated)
                                  2.000000    2.000000 v input external delay
     1    0.002630    0.008238    0.004130    2.004130 v rst (in)
                                                         rst (net)
                      0.008238    0.000000    2.004130 v input1/A (sky130_fd_sc_hd__buf_1)
     1    0.006532    0.046135    0.089572    2.093702 v input1/X (sky130_fd_sc_hd__buf_1)
                                                         net1 (net)
                      0.046135    0.000143    2.093844 v fanout20/A (sky130_fd_sc_hd__clkbuf_8)
    10    0.095087    0.107247    0.205431    2.299275 v fanout20/X (sky130_fd_sc_hd__clkbuf_8)
                                                         net20 (net)
                      0.109224    0.011533    2.310808 v fanout18/A (sky130_fd_sc_hd__buf_4)
    10    0.053241    0.080096    0.217174    2.527982 v fanout18/X (sky130_fd_sc_hd__buf_4)
                                                         net18 (net)
                      0.080132    0.001585    2.529567 v _075_/A (sky130_fd_sc_hd__inv_2)
     1    0.006824    0.043572    0.067666    2.597233 ^ _075_/Y (sky130_fd_sc_hd__inv_2)
                                                         _028_ (net)
                      0.043572    0.000125    2.597358 ^ _099_/RESET_B (sky130_fd_sc_hd__dfrtp_1)
                                              2.597358   data arrival time

                                 10.000000   10.000000   clock clk (rise edge)
                                  0.000000   10.000000   clock source latency
     1    0.065149    0.297555    0.212621   10.212622 ^ clk (in)
                                                         clk (net)
                      0.298790    0.000000   10.212622 ^ clkbuf_0_clk/A (sky130_fd_sc_hd__clkbuf_16)
     2    0.064605    0.085429    0.237612   10.450233 ^ clkbuf_0_clk/X (sky130_fd_sc_hd__clkbuf_16)
                                                         clknet_0_clk (net)
                      0.085432    0.000431   10.450664 ^ clkbuf_1_0__f_clk/A (sky130_fd_sc_hd__clkbuf_16)
    15    0.092403    0.109049    0.192154   10.642817 ^ clkbuf_1_0__f_clk/X (sky130_fd_sc_hd__clkbuf_16)
                                                         clknet_1_0__leaf_clk (net)
                      0.109252    0.003872   10.646690 ^ _099_/CLK (sky130_fd_sc_hd__dfrtp_1)
                                 -0.250000   10.396690   clock uncertainty
                                  0.000000   10.396690   clock reconvergence pessimism
                                  0.250397   10.647087   library recovery time
                                             10.647087   data required time
---------------------------------------------------------------------------------------------
                                             10.647087   data required time
                                             -2.597358   data arrival time
---------------------------------------------------------------------------------------------
                                              8.049729   slack (MET)


Startpoint: _101_ (rising edge-triggered flip-flop clocked by clk)
Endpoint: sine_out[4] (output port clocked by clk)
Path Group: clk
Path Type: max

Fanout         Cap        Slew       Delay        Time   Description
---------------------------------------------------------------------------------------------
                                  0.000000    0.000000   clock clk (rise edge)
                                  0.000000    0.000000   clock source latency
     1    0.065149    0.297555    0.212621    0.212621 ^ clk (in)
                                                         clk (net)
                      0.298790    0.000000    0.212621 ^ clkbuf_0_clk/A (sky130_fd_sc_hd__clkbuf_16)
     2    0.064605    0.085429    0.237611    0.450232 ^ clkbuf_0_clk/X (sky130_fd_sc_hd__clkbuf_16)
                                                         clknet_0_clk (net)
                      0.085432    0.000431    0.450663 ^ clkbuf_1_0__f_clk/A (sky130_fd_sc_hd__clkbuf_16)
    15    0.092403    0.109049    0.192154    0.642817 ^ clkbuf_1_0__f_clk/X (sky130_fd_sc_hd__clkbuf_16)
                                                         clknet_1_0__leaf_clk (net)
                      0.109164    0.002955    0.645772 ^ _101_/CLK (sky130_fd_sc_hd__dfrtp_1)
     1    0.004024    0.044784    0.384131    1.029903 v _101_/Q (sky130_fd_sc_hd__dfrtp_1)
                                                         net12 (net)
                      0.044784    0.000074    1.029977 v output12/A (sky130_fd_sc_hd__buf_2)
     1    0.034321    0.089494    0.180348    1.210325 v output12/X (sky130_fd_sc_hd__buf_2)
                                                         sine_out[4] (net)
                      0.089494    0.000357    1.210682 v sine_out[4] (out)
                                              1.210682   data arrival time

                                 10.000000   10.000000   clock clk (rise edge)
                                  0.000000   10.000000   clock network delay (propagated)
                                 -0.250000    9.750000   clock uncertainty
                                  0.000000    9.750000   clock reconvergence pessimism
                                 -2.000000    7.750000   output external delay
                                              7.750000   data required time
---------------------------------------------------------------------------------------------
                                              7.750000   data required time
                                             -1.210682   data arrival time
---------------------------------------------------------------------------------------------
                                              6.539318   slack (MET)




===========================================================================
report_checks --slack_max -0.01
============================================================================
======================= min_tt_025C_1v80 Corner ===================================

No paths found.


===========================================================================
 report_check_types -max_slew -max_cap -max_fanout -violators
============================================================================
======================= min_tt_025C_1v80 Corner ===================================

max fanout

Pin                                   Limit Fanout  Slack
---------------------------------------------------------
clkbuf_1_0__f_clk/X                      10     15     -5 (VIOLATED)
clkbuf_1_1__f_clk/X                      10     12     -2 (VIOLATED)



===========================================================================
report_parasitic_annotation -report_unannotated
============================================================================
Found 2 unannotated drivers.
 clkload0/Y
 mem_i_21/HI
Found 32 partially unannotated drivers.
 addr0[0]
  mem_i/addr0[7]
 addr0[1]
  mem_i/addr0[6]
 addr0[2]
  mem_i/addr0[5]
 addr0[3]
  mem_i/addr0[4]
 addr0[4]
  mem_i/addr0[3]
 addr0[5]
  mem_i/addr0[2]
 addr0[6]
  mem_i/addr0[1]
 addr0[7]
  mem_i/addr0[0]
 din0[0]
  mem_i/din0[15]
 din0[10]
  mem_i/din0[5]
 din0[11]
  mem_i/din0[4]
 din0[12]
  mem_i/din0[3]
 din0[13]
  mem_i/din0[2]
 din0[14]
  mem_i/din0[1]
 din0[15]
  mem_i/din0[0]
 din0[1]
  mem_i/din0[14]
 din0[2]
  mem_i/din0[13]
 din0[3]
  mem_i/din0[12]
 din0[4]
  mem_i/din0[11]
 din0[5]
  mem_i/din0[10]
 din0[6]
  mem_i/din0[9]
 din0[7]
  mem_i/din0[8]
 din0[8]
  mem_i/din0[7]
 din0[9]
  mem_i/din0[6]
 _089_/Q
  mem_i/addr1[7]
 _090_/Q
  mem_i/addr1[6]
 _091_/Q
  mem_i/addr1[5]
 _092_/Q
  mem_i/addr1[4]
 _093_/Q
  mem_i/addr1[3]
 _094_/Q
  mem_i/addr1[2]
 _095_/Q
  mem_i/addr1[1]
 _096_/Q
  mem_i/addr1[0]

===========================================================================
max slew violation count 0
max fanout violation count 2
max cap violation count 0
============================================================================

===========================================================================
check_setup -verbose -unconstrained_endpoints -multiple_clock -no_clock -no_input_delay -loops -generated_clocks
===========================================================================
Warning: There are 16 unconstrained endpoints.
  _079_/D
  _080_/D
  _081_/D
  _082_/D
  _083_/D
  _084_/D
  _085_/D
  _086_/D
  _087_/D
  _088_/D
  _097_/D
  _098_/D
  _099_/D
  _100_/D
  _101_/D
  _102_/D
