Clock: clk
Sources: clk 
Generated: no
Virtual: yes
Propagated: no
Period: 5.100000

===========================================================================
report_clock_properties
============================================================================
Clock                   Period          Waveform
----------------------------------------------------
clk                   5.100000    0.000000  2.550000

===========================================================================
report_clock_latency
============================================================================
Clock clk
rise -> rise
    min     max
0.000000 0.000000 source latency
0.621093         network latency _632_/CLK
        0.657224 network latency _636_/CLK
---------------
0.621093 0.657224 latency
        0.036131 skew

fall -> fall
    min     max
0.000000 0.000000 source latency
0.514725         network latency _632_/CLK
        0.543436 network latency _636_/CLK
---------------
0.514725 0.543436 latency
        0.028711 skew



===========================================================================
report_clock_min_period
============================================================================
clk period_min = 1.51 fmax = 660.14
