Clock: clk
Sources: clk 
Generated: no
Virtual: yes
Propagated: no
Period: 10.000000

===========================================================================
report_clock_properties
============================================================================
Clock                   Period          Waveform
----------------------------------------------------
clk                  10.000000    0.000000  5.000000

===========================================================================
report_clock_latency
============================================================================
Clock clk
rise -> rise
    min     max
0.000000 0.000000 source latency
0.700553         network latency _080_/CLK
        0.709697 network latency _087_/CLK
---------------
0.700553 0.709697 latency
        0.009144 skew

fall -> fall
    min     max
0.000000 0.000000 source latency
0.557976         network latency _080_/CLK
        0.573003 network latency _087_/CLK
---------------
0.557976 0.573003 latency
        0.015027 skew



===========================================================================
report_clock_min_period
============================================================================
clk period_min = 1.66 fmax = 600.79
