Reading timing models for corner nom_tt_025C_1v80…
Reading timing library for the 'nom_tt_025C_1v80' corner at '/home/thanh/.volare/volare/sky130/versions/0fe599b2afb6708d281543108caf8310912f54af/sky130A/libs.ref/sky130_fd_sc_hd/lib/sky130_fd_sc_hd__tt_025C_1v80.lib'…
Reading timing models for corner nom_ff_n40C_1v95…
Reading timing library for the 'nom_ff_n40C_1v95' corner at '/home/thanh/.volare/volare/sky130/versions/0fe599b2afb6708d281543108caf8310912f54af/sky130A/libs.ref/sky130_fd_sc_hd/lib/sky130_fd_sc_hd__ff_n40C_1v95.lib'…
Reading timing models for corner nom_ss_100C_1v60…
Reading timing library for the 'nom_ss_100C_1v60' corner at '/home/thanh/.volare/volare/sky130/versions/0fe599b2afb6708d281543108caf8310912f54af/sky130A/libs.ref/sky130_fd_sc_hd/lib/sky130_fd_sc_hd__ss_100C_1v60.lib'…
Reading OpenROAD database at '/home/thanh/NCO/runs/RUN_2025-03-02_13-13-21/33-openroad-detailedplacement/counter.odb'…
Reading design constraints file at '/nix/store/ss2cw3sxbrwwx9jl0rrppbw4kgcmgi2n-python3-3.11.9-env/lib/python3.11/site-packages/openlane/scripts/base.sdc'…
[INFO] Using clock clk…
[INFO] Setting output delay to: 2
[INFO] Setting input delay to: 2
[INFO] Setting load to: 0.033442
[INFO] Setting clock uncertainty to: 0.25
[INFO] Setting clock transition to: 0.1499999999999999944488848768742172978818416595458984375
[INFO] Setting timing derate to: 5%
[INFO] Setting RC values…
[INFO] Configuring cts characterization…
[INFO] Performing clock tree synthesis…
[INFO] Looking for the following net(s): clk
[INFO] Running Clock Tree Synthesis…
[INFO CTS-0050] Root buffer is sky130_fd_sc_hd__clkbuf_16.
[INFO CTS-0051] Sink buffer is sky130_fd_sc_hd__clkbuf_8.
[INFO CTS-0052] The following clock buffers will be used for CTS:
                    sky130_fd_sc_hd__clkbuf_2
                    sky130_fd_sc_hd__clkbuf_4
                    sky130_fd_sc_hd__clkbuf_8
[INFO CTS-0049] Characterization buffer is sky130_fd_sc_hd__clkbuf_8.
[INFO CTS-0007] Net "clk" found for clock "clk".
[INFO CTS-0010]  Clock net "clk" has 8 sinks.
[INFO CTS-0008] TritonCTS found 1 clock nets.
[INFO CTS-0097] Characterization used 3 buffer(s) types.
[INFO CTS-0200] 0 placement blockages have been identified.
[INFO CTS-0201] 0 placed hard macros will be treated like blockages.
[INFO CTS-0027] Generating H-Tree topology for net clk.
[INFO CTS-0028]  Total number of sinks: 8.
[INFO CTS-0029]  Sinks will be clustered in groups of up to 25 and with maximum cluster diameter of 50.0 um.
[INFO CTS-0030]  Number of static layers: 0.
[INFO CTS-0020]  Wire segment unit: 13600  dbu (13 um).
[INFO CTS-0023]  Original sink region: [(70645, 55700), (82145, 91180)].
[INFO CTS-0024]  Normalized sink region: [(5.19449, 4.09559), (6.04007, 6.70441)].
[INFO CTS-0025]     Width:  0.8456.
[INFO CTS-0026]     Height: 2.6088.
 Level 1
    Direction: Vertical
    Sinks per sub-region: 4
    Sub-region size: 0.8456 X 1.3044
[INFO CTS-0034]     Segment length (rounded): 1.
[INFO CTS-0032]  Stop criterion found. Max number of sinks is 15.
[INFO CTS-0035]  Number of sinks covered: 8.
[INFO CTS-0018]     Created 3 clock buffers.
[INFO CTS-0012]     Minimum number of buffers in the clock path: 2.
[INFO CTS-0013]     Maximum number of buffers in the clock path: 2.
[INFO CTS-0015]     Created 3 clock nets.
[INFO CTS-0016]     Fanout distribution for the current clock = 4:2..
[INFO CTS-0017]     Max level of the clock tree: 1.
[INFO CTS-0098] Clock net "clk"
[INFO CTS-0099]  Sinks 8
[INFO CTS-0100]  Leaf buffers 0
[INFO CTS-0101]  Average sink wire length 51.04 um
[INFO CTS-0102]  Path depth 2 - 2
[INFO CTS-0207]  Leaf load cells 0
[INFO] Repairing long wires on clock nets…
[INFO RSZ-0058] Using max wire length 6335um.
Setting global connections for newly added cells…
[INFO] Setting global connections...
Updating metrics…
Cell type report:                       Count       Area
  Fill cell                                62     232.72
  Tap cell                                 99     123.87
  Clock buffer                              3      75.07
  Timing Repair Buffer                     79     501.73
  Inverter                                 16      60.06
  Sequential cell                           8     200.19
  Multi-Input combinational cell          387    2951.58
  Total                                   654    4145.23
Writing OpenROAD database to '/home/thanh/NCO/runs/RUN_2025-03-02_13-13-21/34-openroad-cts/counter.odb'…
Writing netlist to '/home/thanh/NCO/runs/RUN_2025-03-02_13-13-21/34-openroad-cts/counter.nl.v'…
Writing powered netlist to '/home/thanh/NCO/runs/RUN_2025-03-02_13-13-21/34-openroad-cts/counter.pnl.v'…
Writing layout to '/home/thanh/NCO/runs/RUN_2025-03-02_13-13-21/34-openroad-cts/counter.def'…
Writing timing constraints to '/home/thanh/NCO/runs/RUN_2025-03-02_13-13-21/34-openroad-cts/counter.sdc'…
[INFO] Legalizing…
Placement Analysis
---------------------------------
total displacement         56.4 u
average displacement        0.1 u
max displacement            6.9 u
original HPWL           12881.7 u
legalized HPWL          13188.0 u
delta HPWL                    2 %

[INFO DPL-0020] Mirrored 209 instances
[INFO DPL-0021] HPWL before           13188.0 u
[INFO DPL-0022] HPWL after            12902.2 u
[INFO DPL-0023] HPWL delta               -2.2 %
Setting global connections for newly added cells…
[INFO] Setting global connections...
Updating metrics…
Cell type report:                       Count       Area
  Fill cell                                62     232.72
  Tap cell                                 99     123.87
  Clock buffer                              3      75.07
  Timing Repair Buffer                     79     501.73
  Inverter                                 16      60.06
  Sequential cell                           8     200.19
  Multi-Input combinational cell          387    2951.58
  Total                                   654    4145.23
Writing OpenROAD database to '/home/thanh/NCO/runs/RUN_2025-03-02_13-13-21/34-openroad-cts/counter.odb'…
Writing netlist to '/home/thanh/NCO/runs/RUN_2025-03-02_13-13-21/34-openroad-cts/counter.nl.v'…
Writing powered netlist to '/home/thanh/NCO/runs/RUN_2025-03-02_13-13-21/34-openroad-cts/counter.pnl.v'…
Writing layout to '/home/thanh/NCO/runs/RUN_2025-03-02_13-13-21/34-openroad-cts/counter.def'…
Writing timing constraints to '/home/thanh/NCO/runs/RUN_2025-03-02_13-13-21/34-openroad-cts/counter.sdc'…
%OL_CREATE_REPORT cts.rpt
[INFO CTS-0003] Total number of Clock Roots: 1.
[INFO CTS-0004] Total number of Buffers Inserted: 3.
[INFO CTS-0005] Total number of Clock Subnets: 3.
[INFO CTS-0006] Total number of Sinks: 8.
%OL_END_REPORT
