Clock: clk
Sources: clk 
Generated: no
Virtual: yes
Propagated: no
Period: 5.100000

===========================================================================
report_clock_properties
============================================================================
Clock                   Period          Waveform
----------------------------------------------------
clk                   5.100000    0.000000  2.550000

===========================================================================
report_clock_latency
============================================================================
Clock clk
rise -> rise
    min     max
0.000000 0.000000 source latency
0.485392         network latency mem_i0/clk1
        0.510309 network latency mem_i1/clk1
---------------
0.485392 0.510309 latency
        0.024918 skew

fall -> fall
    min     max
0.000000 0.000000 source latency
0.389409         network latency mem_i0/clk1
        0.408726 network latency mem_i1/clk1
---------------
0.389409 0.408726 latency
        0.019316 skew



===========================================================================
report_clock_min_period
============================================================================
clk period_min = 1.04 fmax = 965.59
