
===========================================================================
report_checks -unconstrained
===========================================================================
======================= nom_tt_025C_1v80 Corner ===================================

Startpoint: rst (input port clocked by clk)
Endpoint: _100_ (recovery check against rising-edge clock clk)
Path Group: asynchronous
Path Type: max

Fanout         Cap        Slew       Delay        Time   Description
---------------------------------------------------------------------------------------------
                                  0.000000    0.000000   clock clk (rise edge)
                                  0.000000    0.000000   clock network delay (propagated)
                                  2.500000    2.500000 v input external delay
     1    0.002482    0.007898    0.003876    2.503876 v rst (in)
                                                         rst (net)
                      0.007898    0.000000    2.503876 v input26/A (sky130_fd_sc_hd__clkbuf_1)
     1    0.006517    0.046045    0.089327    2.593203 v input26/X (sky130_fd_sc_hd__clkbuf_1)
                                                         net26 (net)
                      0.046045    0.000069    2.593272 v fanout93/A (sky130_fd_sc_hd__clkbuf_8)
    10    0.071268    0.087705    0.190215    2.783487 v fanout93/X (sky130_fd_sc_hd__clkbuf_8)
                                                         net93 (net)
                      0.088005    0.004217    2.787704 v fanout91/A (sky130_fd_sc_hd__buf_4)
    10    0.049659    0.076565    0.204244    2.991948 v fanout91/X (sky130_fd_sc_hd__buf_4)
                                                         net91 (net)
                      0.076571    0.000674    2.992622 v _076_/A (sky130_fd_sc_hd__inv_2)
     1    0.005878    0.039422    0.063104    3.055726 ^ _076_/Y (sky130_fd_sc_hd__inv_2)
                                                         _029_ (net)
                      0.039422    0.000050    3.055776 ^ _100_/RESET_B (sky130_fd_sc_hd__dfrtp_1)
                                              3.055776   data arrival time

                                  5.000000    5.000000   clock clk (rise edge)
                                  0.000000    5.000000   clock source latency
     1    0.050349    0.229870    0.163596    5.163596 ^ clk (in)
                                                         clk (net)
                      0.230165    0.000000    5.163596 ^ clkbuf_0_clk/A (sky130_fd_sc_hd__clkbuf_16)
     2    0.045325    0.066591    0.206508    5.370104 ^ clkbuf_0_clk/X (sky130_fd_sc_hd__clkbuf_16)
                                                         clknet_0_clk (net)
                      0.066591    0.000065    5.370169 ^ clkbuf_1_0__f_clk/A (sky130_fd_sc_hd__clkbuf_16)
    15    0.079144    0.095878    0.177764    5.547934 ^ clkbuf_1_0__f_clk/X (sky130_fd_sc_hd__clkbuf_16)
                                                         clknet_1_0__leaf_clk (net)
                      0.095909    0.001424    5.549357 ^ _100_/CLK (sky130_fd_sc_hd__dfrtp_1)
                                 -0.250000    5.299357   clock uncertainty
                                  0.000000    5.299357   clock reconvergence pessimism
                                  0.247373    5.546731   library recovery time
                                              5.546731   data required time
---------------------------------------------------------------------------------------------
                                              5.546731   data required time
                                             -3.055776   data arrival time
---------------------------------------------------------------------------------------------
                                              2.490955   slack (MET)


Startpoint: _080_ (rising edge-triggered flip-flop clocked by clk)
Endpoint: sine_out[4] (output port clocked by clk)
Path Group: clk
Path Type: max

Fanout         Cap        Slew       Delay        Time   Description
---------------------------------------------------------------------------------------------
                                  0.000000    0.000000   clock clk (rise edge)
                                  0.000000    0.000000   clock source latency
     1    0.050349    0.229870    0.163596    0.163596 ^ clk (in)
                                                         clk (net)
                      0.230165    0.000000    0.163596 ^ clkbuf_0_clk/A (sky130_fd_sc_hd__clkbuf_16)
     2    0.045325    0.066591    0.206508    0.370104 ^ clkbuf_0_clk/X (sky130_fd_sc_hd__clkbuf_16)
                                                         clknet_0_clk (net)
                      0.066591    0.000065    0.370169 ^ clkbuf_1_0__f_clk/A (sky130_fd_sc_hd__clkbuf_16)
    15    0.079144    0.095878    0.177765    0.547933 ^ clkbuf_1_0__f_clk/X (sky130_fd_sc_hd__clkbuf_16)
                                                         clknet_1_0__leaf_clk (net)
                      0.095885    0.000721    0.548654 ^ _080_/CLK (sky130_fd_sc_hd__dfrtp_1)
     1    0.004153    0.045372    0.379939    0.928593 v _080_/Q (sky130_fd_sc_hd__dfrtp_1)
                                                         net37 (net)
                      0.045372    0.000043    0.928636 v output37/A (sky130_fd_sc_hd__clkbuf_1)
     1    0.002055    0.023556    0.083437    1.012073 v output37/X (sky130_fd_sc_hd__clkbuf_1)
                                                         net59 (net)
                      0.023556    0.000000    1.012074 v wire59/A (sky130_fd_sc_hd__clkbuf_1)
     1    0.000820    0.016542    0.066495    1.078569 v wire59/X (sky130_fd_sc_hd__clkbuf_1)
                                                         sine_out[4] (net)
                      0.016542    0.000002    1.078571 v sine_out[4] (out)
                                              1.078571   data arrival time

                                  5.000000    5.000000   clock clk (rise edge)
                                  0.000000    5.000000   clock network delay (propagated)
                                 -0.250000    4.750000   clock uncertainty
                                  0.000000    4.750000   clock reconvergence pessimism
                                 -2.250000    2.500000   output external delay
                                              2.500000   data required time
---------------------------------------------------------------------------------------------
                                              2.500000   data required time
                                             -1.078571   data arrival time
---------------------------------------------------------------------------------------------
                                              1.421429   slack (MET)




===========================================================================
report_checks --slack_max -0.01
============================================================================
======================= nom_tt_025C_1v80 Corner ===================================

No paths found.


===========================================================================
 report_check_types -max_slew -max_cap -max_fanout -violators
============================================================================
======================= nom_tt_025C_1v80 Corner ===================================

max slew

Pin                                        Limit        Slew       Slack
------------------------------------------------------------------------
clkbuf_0_clk/A                          0.040000    0.230165   -0.190165 (VIOLATED)
clk                                     0.040000    0.229870   -0.189870 (VIOLATED)
mem_i/addr0[2]                          0.040000    0.177736   -0.137736 (VIOLATED)
mem_i/csb0                              0.040000    0.177642   -0.137642 (VIOLATED)
mem_i/addr0[4]                          0.040000    0.177175   -0.137175 (VIOLATED)
mem_i/addr0[6]                          0.040000    0.176857   -0.136857 (VIOLATED)
mem_i/addr0[7]                          0.040000    0.176150   -0.136150 (VIOLATED)
mem_i/addr0[5]                          0.040000    0.174437   -0.134437 (VIOLATED)
mem_i/addr0[3]                          0.040000    0.174290   -0.134290 (VIOLATED)
mem_i/din0[8]                           0.040000    0.166106   -0.126106 (VIOLATED)
mem_i/din0[13]                          0.040000    0.165820   -0.125820 (VIOLATED)
mem_i/din0[2]                           0.040000    0.165611   -0.125611 (VIOLATED)
mem_i/din0[7]                           0.040000    0.165325   -0.125325 (VIOLATED)
mem_i/din0[12]                          0.040000    0.165038   -0.125038 (VIOLATED)
mem_i/din0[1]                           0.040000    0.164830   -0.124830 (VIOLATED)
mem_i/din0[6]                           0.040000    0.164543   -0.124543 (VIOLATED)
mem_i/addr0[1]                          0.040000    0.164539   -0.124539 (VIOLATED)
mem_i/din0[15]                          0.040000    0.164461   -0.124461 (VIOLATED)
mem_i/din0[11]                          0.040000    0.164257   -0.124257 (VIOLATED)
mem_i/din0[4]                           0.040000    0.164253   -0.124253 (VIOLATED)
mem_i/din0[0]                           0.040000    0.164048   -0.124048 (VIOLATED)
mem_i/din0[9]                           0.040000    0.163966   -0.123966 (VIOLATED)
mem_i/din0[5]                           0.040000    0.163762   -0.123762 (VIOLATED)
mem_i/addr0[0]                          0.040000    0.163758   -0.123758 (VIOLATED)
mem_i/din0[14]                          0.040000    0.163679   -0.123679 (VIOLATED)
mem_i/din0[3]                           0.040000    0.163502   -0.123502 (VIOLATED)
mem_i/din0[10]                          0.040000    0.163499   -0.123499 (VIOLATED)
mem_i/addr1[4]                          0.040000    0.161552   -0.121552 (VIOLATED)
_062_/A                                 0.040000    0.160590   -0.120590 (VIOLATED)
_063_/A                                 0.040000    0.160590   -0.120590 (VIOLATED)
_064_/A                                 0.040000    0.160590   -0.120590 (VIOLATED)
_065_/A                                 0.040000    0.160590   -0.120590 (VIOLATED)
_066_/A                                 0.040000    0.160590   -0.120590 (VIOLATED)
_067_/A                                 0.040000    0.160590   -0.120590 (VIOLATED)
fanout92/X                              0.040000    0.160590   -0.120590 (VIOLATED)
_076_/A                                 0.040000    0.151929   -0.111929 (VIOLATED)
_077_/A                                 0.040000    0.151929   -0.111929 (VIOLATED)
_078_/A                                 0.040000    0.151929   -0.111929 (VIOLATED)
_041_/A                                 0.040000    0.151929   -0.111929 (VIOLATED)
_056_/A                                 0.040000    0.151928   -0.111928 (VIOLATED)
_057_/A                                 0.040000    0.151928   -0.111928 (VIOLATED)
_058_/A                                 0.040000    0.151928   -0.111928 (VIOLATED)
_059_/A                                 0.040000    0.151928   -0.111928 (VIOLATED)
_060_/A                                 0.040000    0.151928   -0.111928 (VIOLATED)
_061_/A                                 0.040000    0.151928   -0.111928 (VIOLATED)
fanout91/X                              0.040000    0.151928   -0.111928 (VIOLATED)
mem_i/addr1[3]                          0.040000    0.147869   -0.107869 (VIOLATED)
mem_i/addr1[5]                          0.040000    0.147029   -0.107029 (VIOLATED)
mem_i/addr1[6]                          0.040000    0.140800   -0.100800 (VIOLATED)
mem_i/addr1[1]                          0.040000    0.140592   -0.100592 (VIOLATED)
fanout91/A                              0.040000    0.135844   -0.095844 (VIOLATED)
fanout92/A                              0.040000    0.135834   -0.095834 (VIOLATED)
_068_/A                                 0.040000    0.135798   -0.095798 (VIOLATED)
_069_/A                                 0.040000    0.135701   -0.095701 (VIOLATED)
_070_/A                                 0.040000    0.135652   -0.095652 (VIOLATED)
_071_/A                                 0.040000    0.135632   -0.095632 (VIOLATED)
_072_/A                                 0.040000    0.135630   -0.095630 (VIOLATED)
_075_/A                                 0.040000    0.135627   -0.095627 (VIOLATED)
_073_/A                                 0.040000    0.135627   -0.095627 (VIOLATED)
_074_/A                                 0.040000    0.135627   -0.095627 (VIOLATED)
fanout93/X                              0.040000    0.135627   -0.095627 (VIOLATED)
_044_/Y                                 0.040000    0.133541   -0.093541 (VIOLATED)
_045_/B                                 0.040000    0.133541   -0.093541 (VIOLATED)
input3/X                                0.040000    0.133302   -0.093302 (VIOLATED)
input9/X                                0.040000    0.133232   -0.093232 (VIOLATED)
input5/X                                0.040000    0.132881   -0.092881 (VIOLATED)
input7/X                                0.040000    0.132642   -0.092642 (VIOLATED)
input8/X                                0.040000    0.132112   -0.092112 (VIOLATED)
_047_/B                                 0.040000    0.131464   -0.091464 (VIOLATED)
max_cap52/A                             0.040000    0.131464   -0.091464 (VIOLATED)
max_cap53/X                             0.040000    0.131424   -0.091423 (VIOLATED)
input6/X                                0.040000    0.130827   -0.090827 (VIOLATED)
input4/X                                0.040000    0.130717   -0.090717 (VIOLATED)
mem_i/addr1[0]                          0.040000    0.129840   -0.089840 (VIOLATED)
mem_i/addr1[7]                          0.040000    0.128785   -0.088785 (VIOLATED)
mem_i/clk0                              0.040000    0.128659   -0.088659 (VIOLATED)
input24/X                               0.040000    0.124579   -0.084579 (VIOLATED)
input14/X                               0.040000    0.124365   -0.084365 (VIOLATED)
input18/X                               0.040000    0.124208   -0.084208 (VIOLATED)
input23/X                               0.040000    0.123993   -0.083993 (VIOLATED)
input13/X                               0.040000    0.123778   -0.083778 (VIOLATED)
input17/X                               0.040000    0.123622   -0.083622 (VIOLATED)
input22/X                               0.040000    0.123407   -0.083407 (VIOLATED)
input2/X                                0.040000    0.123404   -0.083404 (VIOLATED)
input16/X                               0.040000    0.123345   -0.083345 (VIOLATED)
input12/X                               0.040000    0.123192   -0.083192 (VIOLATED)
input20/X                               0.040000    0.123189   -0.083189 (VIOLATED)
input10/X                               0.040000    0.123036   -0.083036 (VIOLATED)
input25/X                               0.040000    0.122974   -0.082974 (VIOLATED)
input21/X                               0.040000    0.122821   -0.082821 (VIOLATED)
input1/X                                0.040000    0.122818   -0.082818 (VIOLATED)
input15/X                               0.040000    0.122759   -0.082759 (VIOLATED)
input19/X                               0.040000    0.122626   -0.082626 (VIOLATED)
input11/X                               0.040000    0.122624   -0.082624 (VIOLATED)
_049_/Y                                 0.040000    0.122098   -0.082098 (VIOLATED)
_096_/D                                 0.040000    0.122098   -0.082098 (VIOLATED)
max_cap75/X                             0.040000    0.121164   -0.081164 (VIOLATED)
_055_/X                                 0.040000    0.118702   -0.078702 (VIOLATED)
_099_/D                                 0.040000    0.118702   -0.078702 (VIOLATED)
_047_/X                                 0.040000    0.117189   -0.077189 (VIOLATED)
_095_/D                                 0.040000    0.117189   -0.077189 (VIOLATED)
mem_i/clk1                              0.040000    0.112829   -0.072829 (VIOLATED)
mem_i/addr1[2]                          0.040000    0.112244   -0.072244 (VIOLATED)
max_cap78/X                             0.040000    0.110902   -0.070902 (VIOLATED)
_042_/X                                 0.040000    0.110715   -0.070715 (VIOLATED)
_093_/D                                 0.040000    0.110715   -0.070715 (VIOLATED)
_053_/Y                                 0.040000    0.110407   -0.070407 (VIOLATED)
_054_/B                                 0.040000    0.110407   -0.070407 (VIOLATED)
max_cap73/X                             0.040000    0.110217   -0.070217 (VIOLATED)
max_cap71/X                             0.040000    0.105597   -0.065597 (VIOLATED)
max_cap86/X                             0.040000    0.105442   -0.065442 (VIOLATED)
_042_/A                                 0.040000    0.102728   -0.062728 (VIOLATED)
max_cap88/A                             0.040000    0.102728   -0.062728 (VIOLATED)
max_cap89/X                             0.040000    0.102728   -0.062728 (VIOLATED)
_040_/A                                 0.040000    0.102273   -0.062273 (VIOLATED)
_092_/Q                                 0.040000    0.102273   -0.062273 (VIOLATED)
max_cap89/A                             0.040000    0.102273   -0.062273 (VIOLATED)
max_cap90/A                             0.040000    0.102273   -0.062273 (VIOLATED)
_042_/B                                 0.040000    0.101262   -0.061262 (VIOLATED)
_093_/Q                                 0.040000    0.101262   -0.061262 (VIOLATED)
max_cap85/A                             0.040000    0.101262   -0.061262 (VIOLATED)
max_cap86/A                             0.040000    0.101262   -0.061262 (VIOLATED)
max_cap90/X                             0.040000    0.097379   -0.057379 (VIOLATED)
max_cap70/X                             0.040000    0.096588   -0.056588 (VIOLATED)
_100_/CLK                               0.040000    0.095909   -0.055909 (VIOLATED)
_101_/CLK                               0.040000    0.095902   -0.055902 (VIOLATED)
_102_/CLK                               0.040000    0.095896   -0.055896 (VIOLATED)
_079_/CLK                               0.040000    0.095890   -0.055890 (VIOLATED)
_080_/CLK                               0.040000    0.095885   -0.055885 (VIOLATED)
_081_/CLK                               0.040000    0.095882   -0.055882 (VIOLATED)
_089_/CLK                               0.040000    0.095881   -0.055881 (VIOLATED)
_088_/CLK                               0.040000    0.095881   -0.055881 (VIOLATED)
_087_/CLK                               0.040000    0.095880   -0.055880 (VIOLATED)
_086_/CLK                               0.040000    0.095880   -0.055880 (VIOLATED)
_085_/CLK                               0.040000    0.095880   -0.055880 (VIOLATED)
_082_/CLK                               0.040000    0.095879   -0.055879 (VIOLATED)
_084_/CLK                               0.040000    0.095879   -0.055879 (VIOLATED)
_083_/CLK                               0.040000    0.095879   -0.055879 (VIOLATED)
clkbuf_1_0__f_clk/X                     0.040000    0.095878   -0.055878 (VIOLATED)
_043_/B                                 0.040000    0.093191   -0.053191 (VIOLATED)
max_cap84/A                             0.040000    0.093191   -0.053191 (VIOLATED)
max_cap85/X                             0.040000    0.093191   -0.053191 (VIOLATED)
_043_/A                                 0.040000    0.092038   -0.052038 (VIOLATED)
max_cap87/A                             0.040000    0.092038   -0.052038 (VIOLATED)
max_cap88/X                             0.040000    0.092038   -0.052038 (VIOLATED)
fanout93/A                              0.040000    0.090795   -0.050795 (VIOLATED)
input26/X                               0.040000    0.090795   -0.050795 (VIOLATED)
_048_/B                                 0.040000    0.089959   -0.049959 (VIOLATED)
_096_/Q                                 0.040000    0.089959   -0.049959 (VIOLATED)
max_cap76/A                             0.040000    0.089959   -0.049959 (VIOLATED)
max_cap77/A                             0.040000    0.089959   -0.049959 (VIOLATED)
_047_/A                                 0.040000    0.088204   -0.048204 (VIOLATED)
_095_/Q                                 0.040000    0.088204   -0.048204 (VIOLATED)
max_cap81/A                             0.040000    0.088204   -0.048204 (VIOLATED)
_055_/B                                 0.040000    0.087292   -0.047292 (VIOLATED)
max_cap43/X                             0.040000    0.087292   -0.047292 (VIOLATED)
_043_/C                                 0.040000    0.085904   -0.045904 (VIOLATED)
_094_/Q                                 0.040000    0.085904   -0.045904 (VIOLATED)
max_cap82/A                             0.040000    0.085904   -0.045904 (VIOLATED)
max_cap83/A                             0.040000    0.085904   -0.045904 (VIOLATED)
_054_/Y                                 0.040000    0.085026   -0.045026 (VIOLATED)
_098_/D                                 0.040000    0.085026   -0.045026 (VIOLATED)
_090_/CLK                               0.040000    0.084671   -0.044671 (VIOLATED)
_091_/CLK                               0.040000    0.084670   -0.044670 (VIOLATED)
_092_/CLK                               0.040000    0.084552   -0.044552 (VIOLATED)
_093_/CLK                               0.040000    0.084540   -0.044540 (VIOLATED)
_099_/CLK                               0.040000    0.084518   -0.044518 (VIOLATED)
_098_/CLK                               0.040000    0.084517   -0.044517 (VIOLATED)
_097_/CLK                               0.040000    0.084516   -0.044516 (VIOLATED)
_096_/CLK                               0.040000    0.084514   -0.044514 (VIOLATED)
_095_/CLK                               0.040000    0.084513   -0.044513 (VIOLATED)
_094_/CLK                               0.040000    0.084511   -0.044511 (VIOLATED)
clkbuf_1_1__f_clk/X                     0.040000    0.084511   -0.044511 (VIOLATED)
clkload0/A                              0.040000    0.084511   -0.044511 (VIOLATED)
max_cap83/X                             0.040000    0.084182   -0.044182 (VIOLATED)
_055_/A                                 0.040000    0.083732   -0.043732 (VIOLATED)
_099_/Q                                 0.040000    0.083732   -0.043732 (VIOLATED)
max_cap70/A                             0.040000    0.083732   -0.043732 (VIOLATED)
_045_/Y                                 0.040000    0.083494   -0.043494 (VIOLATED)
_094_/D                                 0.040000    0.083494   -0.043494 (VIOLATED)
_043_/X                                 0.040000    0.078518   -0.038518 (VIOLATED)
_045_/A                                 0.040000    0.078518   -0.038518 (VIOLATED)
max_cap53/A                             0.040000    0.078518   -0.038518 (VIOLATED)
_046_/B                                 0.040000    0.075467   -0.035467 (VIOLATED)
max_cap51/A                             0.040000    0.075467   -0.035467 (VIOLATED)
max_cap52/X                             0.040000    0.075467   -0.035467 (VIOLATED)
_046_/A                                 0.040000    0.074525   -0.034525 (VIOLATED)
max_cap80/A                             0.040000    0.074525   -0.034525 (VIOLATED)
max_cap81/X                             0.040000    0.074525   -0.034525 (VIOLATED)
_050_/B                                 0.040000    0.073380   -0.033380 (VIOLATED)
max_cap75/A                             0.040000    0.073380   -0.033380 (VIOLATED)
max_cap76/X                             0.040000    0.073380   -0.033380 (VIOLATED)
_053_/A2                                0.040000    0.072379   -0.032379 (VIOLATED)
max_cap46/A                             0.040000    0.072379   -0.032379 (VIOLATED)
max_cap47/X                             0.040000    0.072379   -0.032379 (VIOLATED)
_052_/B                                 0.040000    0.072365   -0.032365 (VIOLATED)
max_cap48/A                             0.040000    0.072365   -0.032365 (VIOLATED)
max_cap49/X                             0.040000    0.072365   -0.032365 (VIOLATED)
_052_/X                                 0.040000    0.071753   -0.031753 (VIOLATED)
_054_/A                                 0.040000    0.071753   -0.031753 (VIOLATED)
max_cap43/A                             0.040000    0.071753   -0.031753 (VIOLATED)
_050_/A                                 0.040000    0.070406   -0.030406 (VIOLATED)
max_cap78/A                             0.040000    0.070406   -0.030406 (VIOLATED)
max_cap79/X                             0.040000    0.070406   -0.030406 (VIOLATED)
_049_/A                                 0.040000    0.069342   -0.029342 (VIOLATED)
max_cap77/X                             0.040000    0.069342   -0.029342 (VIOLATED)
_048_/C                                 0.040000    0.068884   -0.028884 (VIOLATED)
max_cap50/A                             0.040000    0.068884   -0.028884 (VIOLATED)
max_cap51/X                             0.040000    0.068884   -0.028884 (VIOLATED)
_053_/B1                                0.040000    0.067900   -0.027900 (VIOLATED)
_098_/Q                                 0.040000    0.067900   -0.027900 (VIOLATED)
max_cap72/A                             0.040000    0.067900   -0.027900 (VIOLATED)
_050_/C                                 0.040000    0.067307   -0.027307 (VIOLATED)
max_cap73/A                             0.040000    0.067307   -0.027307 (VIOLATED)
max_cap74/X                             0.040000    0.067307   -0.027307 (VIOLATED)
clkbuf_1_1__f_clk/A                     0.040000    0.066824   -0.026824 (VIOLATED)
clkbuf_0_clk/X                          0.040000    0.066591   -0.026591 (VIOLATED)
clkbuf_1_0__f_clk/A                     0.040000    0.066591   -0.026591 (VIOLATED)
_051_/A1_N                              0.040000    0.066425   -0.026425 (VIOLATED)
max_cap49/A                             0.040000    0.066425   -0.026425 (VIOLATED)
max_cap50/X                             0.040000    0.066425   -0.026425 (VIOLATED)
_050_/X                                 0.040000    0.066084   -0.026084 (VIOLATED)
_051_/A2_N                              0.040000    0.066084   -0.026084 (VIOLATED)
max_cap47/A                             0.040000    0.066084   -0.026084 (VIOLATED)
_092_/RESET_B                           0.040000    0.066060   -0.026060 (VIOLATED)
_068_/Y                                 0.040000    0.066031   -0.026031 (VIOLATED)
_048_/A                                 0.040000    0.066029   -0.026029 (VIOLATED)
max_cap79/A                             0.040000    0.066029   -0.026029 (VIOLATED)
max_cap80/X                             0.040000    0.066029   -0.026029 (VIOLATED)
_046_/Y                                 0.040000    0.064377   -0.024377 (VIOLATED)
_049_/B                                 0.040000    0.064377   -0.024377 (VIOLATED)
_052_/A                                 0.040000    0.063064   -0.023064 (VIOLATED)
max_cap71/A                             0.040000    0.063064   -0.023064 (VIOLATED)
max_cap72/X                             0.040000    0.063064   -0.023064 (VIOLATED)
_051_/B2                                0.040000    0.061745   -0.021745 (VIOLATED)
_097_/Q                                 0.040000    0.061745   -0.021745 (VIOLATED)
max_cap74/A                             0.040000    0.061745   -0.021745 (VIOLATED)
_091_/Q                                 0.040000    0.057311   -0.017311 (VIOLATED)
output33/A                              0.040000    0.057311   -0.017311 (VIOLATED)
_090_/Q                                 0.040000    0.057010   -0.017010 (VIOLATED)
output32/A                              0.040000    0.057010   -0.017010 (VIOLATED)
_080_/Q                                 0.040000    0.056664   -0.016664 (VIOLATED)
output37/A                              0.040000    0.056664   -0.016664 (VIOLATED)
_085_/Q                                 0.040000    0.055241   -0.015241 (VIOLATED)
output42/A                              0.040000    0.055241   -0.015241 (VIOLATED)
_079_/Q                                 0.040000    0.055194   -0.015194 (VIOLATED)
_081_/Q                                 0.040000    0.055194   -0.015194 (VIOLATED)
output36/A                              0.040000    0.055194   -0.015194 (VIOLATED)
output38/A                              0.040000    0.055194   -0.015194 (VIOLATED)
_101_/Q                                 0.040000    0.054600   -0.014600 (VIOLATED)
output34/A                              0.040000    0.054600   -0.014600 (VIOLATED)
_087_/Q                                 0.040000    0.054359   -0.014359 (VIOLATED)
output29/A                              0.040000    0.054359   -0.014359 (VIOLATED)
_083_/Q                                 0.040000    0.054042   -0.014042 (VIOLATED)
_088_/Q                                 0.040000    0.054042   -0.014042 (VIOLATED)
output30/A                              0.040000    0.054042   -0.014042 (VIOLATED)
output40/A                              0.040000    0.054042   -0.014042 (VIOLATED)
_051_/X                                 0.040000    0.053777   -0.013777 (VIOLATED)
_097_/D                                 0.040000    0.053777   -0.013777 (VIOLATED)
_082_/Q                                 0.040000    0.053776   -0.013776 (VIOLATED)
output39/A                              0.040000    0.053776   -0.013776 (VIOLATED)
_084_/Q                                 0.040000    0.053750   -0.013750 (VIOLATED)
_089_/Q                                 0.040000    0.053750   -0.013750 (VIOLATED)
output31/A                              0.040000    0.053750   -0.013750 (VIOLATED)
output41/A                              0.040000    0.053750   -0.013750 (VIOLATED)
_100_/Q                                 0.040000    0.053725   -0.013725 (VIOLATED)
_102_/Q                                 0.040000    0.053725   -0.013725 (VIOLATED)
output27/A                              0.040000    0.053725   -0.013725 (VIOLATED)
output35/A                              0.040000    0.053725   -0.013725 (VIOLATED)
_086_/Q                                 0.040000    0.053195   -0.013195 (VIOLATED)
output28/A                              0.040000    0.053195   -0.013195 (VIOLATED)
_048_/X                                 0.040000    0.047924   -0.007924 (VIOLATED)
wire44/A                                0.040000    0.047924   -0.007924 (VIOLATED)
_044_/B1                                0.040000    0.047749   -0.007749 (VIOLATED)
max_cap82/X                             0.040000    0.047749   -0.007749 (VIOLATED)
_053_/A1                                0.040000    0.044219   -0.004219 (VIOLATED)
max_cap48/X                             0.040000    0.044219   -0.004219 (VIOLATED)
_044_/A2                                0.040000    0.044063   -0.004063 (VIOLATED)
max_cap84/X                             0.040000    0.044063   -0.004063 (VIOLATED)
_044_/A1                                0.040000    0.043499   -0.003499 (VIOLATED)
max_cap87/X                             0.040000    0.043499   -0.003499 (VIOLATED)
max_cap46/X                             0.040000    0.043447   -0.003447 (VIOLATED)
wire45/A                                0.040000    0.043447   -0.003447 (VIOLATED)
output29/X                              0.040000    0.041024   -0.001024 (VIOLATED)
wire67/A                                0.040000    0.041024   -0.001024 (VIOLATED)
output39/X                              0.040000    0.041016   -0.001016 (VIOLATED)
wire57/A                                0.040000    0.041016   -0.001016 (VIOLATED)
output28/X                              0.040000    0.041008   -0.001008 (VIOLATED)
wire68/A                                0.040000    0.041008   -0.001008 (VIOLATED)
_099_/RESET_B                           0.040000    0.040467   -0.000467 (VIOLATED)
_075_/Y                                 0.040000    0.040467   -0.000467 (VIOLATED)
output34/X                              0.040000    0.040219   -0.000219 (VIOLATED)
wire62/A                                0.040000    0.040219   -0.000219 (VIOLATED)
output27/X                              0.040000    0.040207   -0.000207 (VIOLATED)
wire69/A                                0.040000    0.040207   -0.000207 (VIOLATED)
output33/X                              0.040000    0.040180   -0.000180 (VIOLATED)
wire63/A                                0.040000    0.040180   -0.000180 (VIOLATED)
output32/X                              0.040000    0.040176   -0.000176 (VIOLATED)
wire64/A                                0.040000    0.040176   -0.000176 (VIOLATED)
output42/X                              0.040000    0.040152   -0.000152 (VIOLATED)
wire54/A                                0.040000    0.040152   -0.000152 (VIOLATED)
output30/X                              0.040000    0.040136   -0.000136 (VIOLATED)
output40/X                              0.040000    0.040136   -0.000136 (VIOLATED)
wire56/A                                0.040000    0.040136   -0.000136 (VIOLATED)
wire66/A                                0.040000    0.040136   -0.000136 (VIOLATED)
output31/X                              0.040000    0.040132   -0.000132 (VIOLATED)
output41/X                              0.040000    0.040132   -0.000132 (VIOLATED)
wire55/A                                0.040000    0.040132   -0.000132 (VIOLATED)
wire65/A                                0.040000    0.040132   -0.000132 (VIOLATED)

max fanout

Pin                                   Limit Fanout  Slack
---------------------------------------------------------
clkbuf_1_0__f_clk/X                      10     15     -5 (VIOLATED)
clkbuf_1_1__f_clk/X                      10     12     -2 (VIOLATED)



===========================================================================
report_parasitic_annotation -report_unannotated
============================================================================
Found 2 unannotated drivers.
 clkload0/Y
 mem_i_94/HI
Found 0 partially unannotated drivers.

===========================================================================
max slew violation count 309
Writing metric design__max_slew_violation__count__corner:nom_tt_025C_1v80: 309
max fanout violation count 2
Writing metric design__max_fanout_violation__count__corner:nom_tt_025C_1v80: 2
max cap violation count 0
Writing metric design__max_cap_violation__count__corner:nom_tt_025C_1v80: 0
============================================================================

===========================================================================
check_setup -verbose -unconstrained_endpoints -multiple_clock -no_clock -no_input_delay -loops -generated_clocks
===========================================================================
Warning: There is 1 unconstrained endpoint.
  mem_i/csb1
