Reading timing models for corner min_ss_100C_1v60…
Reading timing library for the 'min_ss_100C_1v60' corner at '/home/thanh/.volare/volare/sky130/versions/0fe599b2afb6708d281543108caf8310912f54af/sky130A/libs.ref/sky130_fd_sc_hd/lib/sky130_fd_sc_hd__ss_100C_1v60.lib'…
Reading timing library for the 'min_ss_100C_1v60' corner at '/home/thanh/.volare/volare/sky130/versions/0fe599b2afb6708d281543108caf8310912f54af/sky130A/libs.ref/sky130_sram_macros/lib/sky130_sram_1kbyte_1rw1r_32x256_8_TT_1p8V_25C.lib'…
Reading OpenROAD database at '/home/thanh/NCO/runs/RUN_2025-03-11_16-47-37/34-openroad-cts/counter.odb'…
Reading design constraints file at '/home/thanh/NCO/counter.sdc'…
[INFO] Setting RC values…
[INFO RSZ-0094] Found 9 endpoints with setup violations.
[INFO RSZ-0099] Repairing 9 out of 9 (100.00%) violating endpoints...
   Iter   | Removed | Resized | Inserted | Cloned |  Pin  |    WNS   |   TNS      |  Viol  | Worst
          | Buffers |  Gates  | Buffers  |  Gates | Swaps |          |            | Endpts | Endpt
---------------------------------------------------------------------------------------------------
        0 |       0 |       0 |        0 |      0 |     0 |   -0.509 |       -4.4 |      9 | _604_/D
       10 |       2 |       2 |        3 |      1 |     3 |    0.203 |        0.0 |      8 | _604_/D
       10 |       2 |       2 |        3 |      1 |     3 |    0.203 |        0.0 |      7 | _604_/D
       11 |       2 |       2 |        3 |      1 |     3 |    0.203 |        0.0 |      6 | _604_/D
       12 |       2 |       2 |        3 |      1 |     3 |    0.203 |        0.0 |      5 | _604_/D
       13 |       2 |       2 |        3 |      1 |     3 |    0.203 |        0.0 |      4 | _604_/D
       14 |       2 |       2 |        3 |      1 |     3 |    0.203 |        0.0 |      3 | _604_/D
       15 |       2 |       2 |        3 |      1 |     3 |    0.203 |        0.0 |      2 | _604_/D
       16 |       2 |       2 |        3 |      1 |     3 |    0.203 |        0.0 |      1 | _604_/D
       17 |       2 |       2 |        3 |      1 |     3 |    0.203 |        0.0 |      0 | _604_/D
       18 |       2 |       2 |        3 |      1 |     3 |    0.203 |        0.0 |      0 | _604_/D
    final |       2 |       2 |        3 |      1 |     3 |    0.203 |        0.0 |      0 | _604_/D
---------------------------------------------------------------------------------------------------
[INFO RSZ-0059] Removed 2 buffers.
[INFO RSZ-0040] Inserted 2 buffers.
[INFO RSZ-0041] Resized 2 instances.
[INFO RSZ-0043] Swapped pins on 3 instances.
[INFO RSZ-0049] Cloned 1 instances.
[INFO RSZ-0033] No hold violations found.
Placement Analysis
---------------------------------
total displacement         21.1 u
average displacement        0.0 u
max displacement            4.1 u
original HPWL           14311.3 u
legalized HPWL          14915.5 u
delta HPWL                    4 %

[INFO DPL-0020] Mirrored 249 instances
[INFO DPL-0021] HPWL before           14915.5 u
[INFO DPL-0022] HPWL after            14305.7 u
[INFO DPL-0023] HPWL delta               -4.1 %
[INFO] Setting RC values…
Setting global connections for newly added cells…
[INFO] Setting global connections...
mem_i.* matched with mem_i_116
mem_i.* matched with mem_i_117
mem_i.* matched with mem_i_118
mem_i.* matched with mem_i_114
mem_i.* matched with mem_i_115
mem_i.* matched with mem_i
mem_i.* matched with mem_i_113
Updating metrics…
Cell type report:                       Count       Area
  Macro                                     1  190712.55
  Fill cell                               660    2477.38
  Tap cell                               1005    1257.46
  Clock buffer                             11     246.49
  Timing Repair Buffer                    112     500.48
  Inverter                                 39     151.40
  Clock inverter                            5      30.03
  Sequential cell                          59    1312.51
  Multi-Input combinational cell          259    1963.13
  Total                                  2151  198651.41
Writing OpenROAD database to '/home/thanh/NCO/runs/RUN_2025-03-11_16-47-37/36-openroad-resizertimingpostcts/counter.odb'…
Writing netlist to '/home/thanh/NCO/runs/RUN_2025-03-11_16-47-37/36-openroad-resizertimingpostcts/counter.nl.v'…
Writing powered netlist to '/home/thanh/NCO/runs/RUN_2025-03-11_16-47-37/36-openroad-resizertimingpostcts/counter.pnl.v'…
Writing layout to '/home/thanh/NCO/runs/RUN_2025-03-11_16-47-37/36-openroad-resizertimingpostcts/counter.def'…
Writing timing constraints to '/home/thanh/NCO/runs/RUN_2025-03-11_16-47-37/36-openroad-resizertimingpostcts/counter.sdc'…
