Clock: clk
Sources: clk 
Generated: no
Virtual: yes
Propagated: no
Period: 5.000000

===========================================================================
report_clock_properties
============================================================================
Clock                   Period          Waveform
----------------------------------------------------
clk                   5.000000    0.000000  2.500000

===========================================================================
report_clock_latency
============================================================================
Clock clk
rise -> rise
    min     max
0.000000 0.000000 source latency
0.487685         network latency _080_/CLK
        0.511229 network latency _087_/CLK
---------------
0.487685 0.511229 latency
        0.023544 skew

fall -> fall
    min     max
0.000000 0.000000 source latency
0.386456         network latency _080_/CLK
        0.413872 network latency _087_/CLK
---------------
0.386456 0.413872 latency
        0.027415 skew



===========================================================================
report_clock_min_period
============================================================================
clk period_min = 1.20 fmax = 835.02
