Starting…
Running 'Verilator.Lint' at 'runs/RUN_2025-03-05_08-05-37/01-verilator-lint'…
Logging subprocess to [repr.filename]'runs/RUN_2025-03-05_08-05-37/01-verilator-lint/verilator-lint.log'[/repr.filename]…
Running 'Checker.LintTimingConstructs' at 'runs/RUN_2025-03-05_08-05-37/02-checker-linttimingconstructs'…
Check for Lint Timing Errors clear.
Running 'Checker.LintErrors' at 'runs/RUN_2025-03-05_08-05-37/03-checker-linterrors'…
Check for Lint errors clear.
Running 'Checker.LintWarnings' at 'runs/RUN_2025-03-05_08-05-37/04-checker-lintwarnings'…
16 Lint warnings found.
Running 'Yosys.JsonHeader' at 'runs/RUN_2025-03-05_08-05-37/05-yosys-jsonheader'…
Logging subprocess to [repr.filename]'runs/RUN_2025-03-05_08-05-37/05-yosys-jsonheader/yosys-jsonheader.log'[/repr.filename]…
Running 'Yosys.Synthesis' at 'runs/RUN_2025-03-05_08-05-37/06-yosys-synthesis'…
Logging subprocess to [repr.filename]'runs/RUN_2025-03-05_08-05-37/06-yosys-synthesis/yosys-synthesis.log'[/repr.filename]…
Parsing synthesis checks…
Running 'Checker.YosysUnmappedCells' at 'runs/RUN_2025-03-05_08-05-37/07-checker-yosysunmappedcells'…
Check for Unmapped Yosys instances clear.
Running 'Checker.YosysSynthChecks' at 'runs/RUN_2025-03-05_08-05-37/08-checker-yosyssynthchecks'…
Check for Yosys check errors clear.
Running 'Checker.NetlistAssignStatements' at 'runs/RUN_2025-03-05_08-05-37/09-checker-netlistassignstatements'…
Running 'OpenROAD.CheckSDCFiles' at 'runs/RUN_2025-03-05_08-05-37/10-openroad-checksdcfiles'…
'PNR_SDC_FILE' is not defined. Using generic fallback SDC for OpenROAD PnR steps.
'SIGNOFF_SDC_FILE' is not defined. Using generic fallback SDC for OpenROAD PnR steps.
Running 'OpenROAD.CheckMacroInstances' at 'runs/RUN_2025-03-05_08-05-37/11-openroad-checkmacroinstances'…
Logging subprocess to [repr.filename]'runs/RUN_2025-03-05_08-05-37/11-openroad-checkmacroinstances/openroad-checkmacroinstances.log'[/repr.filename]…
Running 'OpenROAD.STAPrePNR' at 'runs/RUN_2025-03-05_08-05-37/12-openroad-staprepnr'…
Starting STA for the nom_tt_025C_1v80 timing corner…
Starting STA for the nom_ss_100C_1v60 timing corner…
Starting STA for the nom_ff_n40C_1v95 timing corner…
Skipping corner min_tt_025C_1v80 for STA (identical to nom_tt_025C_1v80 at this stage)…
Skipping corner min_ss_100C_1v60 for STA (identical to nom_ss_100C_1v60 at this stage)…
Skipping corner min_ff_n40C_1v95 for STA (identical to nom_ff_n40C_1v95 at this stage)…
Skipping corner max_tt_025C_1v80 for STA (identical to nom_tt_025C_1v80 at this stage)…
Skipping corner max_ss_100C_1v60 for STA (identical to nom_ss_100C_1v60 at this stage)…
Skipping corner max_ff_n40C_1v95 for STA (identical to nom_ff_n40C_1v95 at this stage)…
Logging subprocess to [repr.filename]'runs/RUN_2025-03-05_08-05-37/12-openroad-staprepnr/nom_ss_100C_1v60/sta.log'[/repr.filename]…
Logging subprocess to [repr.filename]'runs/RUN_2025-03-05_08-05-37/12-openroad-staprepnr/nom_tt_025C_1v80/sta.log'[/repr.filename]…
Logging subprocess to [repr.filename]'runs/RUN_2025-03-05_08-05-37/12-openroad-staprepnr/nom_ff_n40C_1v95/sta.log'[/repr.filename]…
Finished STA for the nom_tt_025C_1v80 timing corner.
Finished STA for the nom_ff_n40C_1v95 timing corner.
Finished STA for the nom_ss_100C_1v60 timing corner.
Running 'OpenROAD.Floorplan' at 'runs/RUN_2025-03-05_08-05-37/13-openroad-floorplan'…
Logging subprocess to [repr.filename]'runs/RUN_2025-03-05_08-05-37/13-openroad-floorplan/openroad-floorplan.log'[/repr.filename]…
[STA-1140] /home/thanh/NCO/ram256x16/ram256x16_TT_1p8V_25C.lib line 1, library ram256x16_TT_1p8V_25C_lib already exists.
Running 'Odb.CheckMacroAntennaProperties' at 'runs/RUN_2025-03-05_08-05-37/14-odb-checkmacroantennaproperties'…
Logging subprocess to [repr.filename]'runs/RUN_2025-03-05_08-05-37/14-odb-checkmacroantennaproperties/odb-checkmacroantennaproperties.log'[/repr.filename]…
Cell 'ram256x16' has (36) input pin(s) without antenna gate information. They might not be connected to a gate.
Cell 'ram256x16' has (16) output pin(s) without antenna diffusion information. They might not be driven.
Running 'Odb.SetPowerConnections' at 'runs/RUN_2025-03-05_08-05-37/15-odb-setpowerconnections'…
Logging subprocess to [repr.filename]'runs/RUN_2025-03-05_08-05-37/15-odb-setpowerconnections/odb-setpowerconnections.log'[/repr.filename]…
Running 'Odb.ManualMacroPlacement' at 'runs/RUN_2025-03-05_08-05-37/16-odb-manualmacroplacement'…
Logging subprocess to [repr.filename]'runs/RUN_2025-03-05_08-05-37/16-odb-manualmacroplacement/odb-manualmacroplacement.log'[/repr.filename]…
Running 'OpenROAD.CutRows' at 'runs/RUN_2025-03-05_08-05-37/17-openroad-cutrows'…
Logging subprocess to [repr.filename]'runs/RUN_2025-03-05_08-05-37/17-openroad-cutrows/openroad-cutrows.log'[/repr.filename]…
[STA-1140] /home/thanh/NCO/ram256x16/ram256x16_TT_1p8V_25C.lib line 1, library ram256x16_TT_1p8V_25C_lib already exists.
Running 'OpenROAD.TapEndcapInsertion' at 'runs/RUN_2025-03-05_08-05-37/18-openroad-tapendcapinsertion'…
Logging subprocess to [repr.filename]'runs/RUN_2025-03-05_08-05-37/18-openroad-tapendcapinsertion/openroad-tapendcapinsertion.log'[/repr.filename]…
[STA-1140] /home/thanh/NCO/ram256x16/ram256x16_TT_1p8V_25C.lib line 1, library ram256x16_TT_1p8V_25C_lib already exists.
Running 'Odb.AddPDNObstructions' at 'runs/RUN_2025-03-05_08-05-37/19-odb-addpdnobstructions'…
'PDN_OBSTRUCTIONS' is not defined. Skipping 'Odb.AddPDNObstructions'…
Running 'OpenROAD.GeneratePDN' at 'runs/RUN_2025-03-05_08-05-37/20-openroad-generatepdn'…
'FP_PDN_CFG' not explicitly set, setting it to /nix/store/ss2cw3sxbrwwx9jl0rrppbw4kgcmgi2n-python3-3.11.9-env/lib/python3.11/site-packages/openlane/scripts/openroad/common/pdn_cfg.tcl…
Logging subprocess to [repr.filename]'runs/RUN_2025-03-05_08-05-37/20-openroad-generatepdn/openroad-generatepdn.log'[/repr.filename]…
[STA-1140] /home/thanh/NCO/ram256x16/ram256x16_TT_1p8V_25C.lib line 1, library ram256x16_TT_1p8V_25C_lib already exists.
Running 'Odb.RemovePDNObstructions' at 'runs/RUN_2025-03-05_08-05-37/21-odb-removepdnobstructions'…
'PDN_OBSTRUCTIONS' is not defined. Skipping 'Odb.RemovePDNObstructions'…
Running 'Odb.AddRoutingObstructions' at 'runs/RUN_2025-03-05_08-05-37/22-odb-addroutingobstructions'…
'ROUTING_OBSTRUCTIONS' is not defined. Skipping 'Odb.AddRoutingObstructions'…
Running 'OpenROAD.GlobalPlacementSkipIO' at 'runs/RUN_2025-03-05_08-05-37/23-openroad-globalplacementskipio'…
'PL_TARGET_DENSITY_PCT' not explicitly set, using dynamically calculated target density: 73.921200…
Logging subprocess to [repr.filename]'runs/RUN_2025-03-05_08-05-37/23-openroad-globalplacementskipio/openroad-globalplacementskipio.log'[/repr.filename]…
[STA-1140] /home/thanh/NCO/ram256x16/ram256x16_TT_1p8V_25C.lib line 1, library ram256x16_TT_1p8V_25C_lib already exists.
Running 'OpenROAD.IOPlacement' at 'runs/RUN_2025-03-05_08-05-37/24-openroad-ioplacement'…
Logging subprocess to [repr.filename]'runs/RUN_2025-03-05_08-05-37/24-openroad-ioplacement/openroad-ioplacement.log'[/repr.filename]…
[STA-1140] /home/thanh/NCO/ram256x16/ram256x16_TT_1p8V_25C.lib line 1, library ram256x16_TT_1p8V_25C_lib already exists.
Running 'Odb.CustomIOPlacement' at 'runs/RUN_2025-03-05_08-05-37/25-odb-customioplacement'…
No custom floorplan file configured, skipping…
Running 'Odb.ApplyDEFTemplate' at 'runs/RUN_2025-03-05_08-05-37/26-odb-applydeftemplate'…
No DEF template provided, skipping…
Running 'OpenROAD.GlobalPlacement' at 'runs/RUN_2025-03-05_08-05-37/27-openroad-globalplacement'…
'PL_TARGET_DENSITY_PCT' not explicitly set, using dynamically calculated target density: 73.921200…
Logging subprocess to [repr.filename]'runs/RUN_2025-03-05_08-05-37/27-openroad-globalplacement/openroad-globalplacement.log'[/repr.filename]…
[STA-1140] /home/thanh/NCO/ram256x16/ram256x16_TT_1p8V_25C.lib line 1, library ram256x16_TT_1p8V_25C_lib already exists.
Running 'Odb.WriteVerilogHeader' at 'runs/RUN_2025-03-05_08-05-37/28-odb-writeverilogheader'…
Logging subprocess to [repr.filename]'runs/RUN_2025-03-05_08-05-37/28-odb-writeverilogheader/odb-writeverilogheader.log'[/repr.filename]…
Running 'Checker.PowerGridViolations' at 'runs/RUN_2025-03-05_08-05-37/29-checker-powergridviolations'…
Check for power grid violations (as reported by OpenROAD PSM- you may ignore these if LVS passes) clear.
Running 'OpenROAD.STAMidPNR' at 'runs/RUN_2025-03-05_08-05-37/30-openroad-stamidpnr'…
Logging subprocess to [repr.filename]'runs/RUN_2025-03-05_08-05-37/30-openroad-stamidpnr/openroad-stamidpnr.log'[/repr.filename]…
[STA-1140] /home/thanh/NCO/ram256x16/ram256x16_TT_1p8V_25C.lib line 1, library ram256x16_TT_1p8V_25C_lib already exists.
[GRT-0097] No global routing found for nets.
Running 'OpenROAD.RepairDesignPostGPL' at 'runs/RUN_2025-03-05_08-05-37/31-openroad-repairdesignpostgpl'…
Logging subprocess to [repr.filename]'runs/RUN_2025-03-05_08-05-37/31-openroad-repairdesignpostgpl/openroad-repairdesignpostgpl.log'[/repr.filename]…
[STA-1140] /home/thanh/NCO/ram256x16/ram256x16_TT_1p8V_25C.lib line 1, library ram256x16_TT_1p8V_25C_lib already exists.
[STA-1140] /home/thanh/NCO/ram256x16/ram256x16_TT_1p8V_25C.lib line 1, library ram256x16_TT_1p8V_25C_lib already exists.
Running 'Odb.ManualGlobalPlacement' at 'runs/RUN_2025-03-05_08-05-37/32-odb-manualglobalplacement'…
'MANUAL_GLOBAL_PLACEMENTS' not set, skipping…
Running 'OpenROAD.DetailedPlacement' at 'runs/RUN_2025-03-05_08-05-37/33-openroad-detailedplacement'…
Logging subprocess to [repr.filename]'runs/RUN_2025-03-05_08-05-37/33-openroad-detailedplacement/openroad-detailedplacement.log'[/repr.filename]…
[STA-1140] /home/thanh/NCO/ram256x16/ram256x16_TT_1p8V_25C.lib line 1, library ram256x16_TT_1p8V_25C_lib already exists.
Running 'OpenROAD.CTS' at 'runs/RUN_2025-03-05_08-05-37/34-openroad-cts'…
Logging subprocess to [repr.filename]'runs/RUN_2025-03-05_08-05-37/34-openroad-cts/openroad-cts.log'[/repr.filename]…
[STA-1140] /home/thanh/NCO/ram256x16/ram256x16_TT_1p8V_25C.lib line 1, library ram256x16_TT_1p8V_25C_lib already exists.
[STA-1140] /home/thanh/NCO/ram256x16/ram256x16_TT_1p8V_25C.lib line 1, library ram256x16_TT_1p8V_25C_lib already exists.
Running 'OpenROAD.STAMidPNR-1' at 'runs/RUN_2025-03-05_08-05-37/35-openroad-stamidpnr-1'…
Logging subprocess to [repr.filename]'runs/RUN_2025-03-05_08-05-37/35-openroad-stamidpnr-1/openroad-stamidpnr-1.log'[/repr.filename]…
[STA-1140] /home/thanh/NCO/ram256x16/ram256x16_TT_1p8V_25C.lib line 1, library ram256x16_TT_1p8V_25C_lib already exists.
[GRT-0097] No global routing found for nets.
Running 'OpenROAD.ResizerTimingPostCTS' at 'runs/RUN_2025-03-05_08-05-37/36-openroad-resizertimingpostcts'…
Logging subprocess to [repr.filename]'runs/RUN_2025-03-05_08-05-37/36-openroad-resizertimingpostcts/openroad-resizertimingpostcts.log'[/repr.filename]…
[STA-1140] /home/thanh/NCO/ram256x16/ram256x16_TT_1p8V_25C.lib line 1, library ram256x16_TT_1p8V_25C_lib already exists.
[STA-1140] /home/thanh/NCO/ram256x16/ram256x16_TT_1p8V_25C.lib line 1, library ram256x16_TT_1p8V_25C_lib already exists.
Running 'OpenROAD.STAMidPNR-2' at 'runs/RUN_2025-03-05_08-05-37/37-openroad-stamidpnr-2'…
Logging subprocess to [repr.filename]'runs/RUN_2025-03-05_08-05-37/37-openroad-stamidpnr-2/openroad-stamidpnr-2.log'[/repr.filename]…
[STA-1140] /home/thanh/NCO/ram256x16/ram256x16_TT_1p8V_25C.lib line 1, library ram256x16_TT_1p8V_25C_lib already exists.
[GRT-0097] No global routing found for nets.
Running 'OpenROAD.GlobalRouting' at 'runs/RUN_2025-03-05_08-05-37/38-openroad-globalrouting'…
Logging subprocess to [repr.filename]'runs/RUN_2025-03-05_08-05-37/38-openroad-globalrouting/openroad-globalrouting.log'[/repr.filename]…
[STA-1140] /home/thanh/NCO/ram256x16/ram256x16_TT_1p8V_25C.lib line 1, library ram256x16_TT_1p8V_25C_lib already exists.
Running 'OpenROAD.CheckAntennas' at 'runs/RUN_2025-03-05_08-05-37/39-openroad-checkantennas'…
Logging subprocess to [repr.filename]'runs/RUN_2025-03-05_08-05-37/39-openroad-checkantennas/openroad-checkantennas.log'[/repr.filename]…
[STA-1140] /home/thanh/NCO/ram256x16/ram256x16_TT_1p8V_25C.lib line 1, library ram256x16_TT_1p8V_25C_lib already exists.
Gating variable for step 'OpenROAD.RepairDesignPostGRT' set to 'False'- the step will be skipped.
Skipping step 'Repair Design (Post-Global Routing)'…
Running 'Odb.DiodesOnPorts' at 'runs/RUN_2025-03-05_08-05-37/40-odb-diodesonports'…
'DIODE_ON_PORTS' is set to 'none': skipping…
Running 'Odb.HeuristicDiodeInsertion' at 'runs/RUN_2025-03-05_08-05-37/41-odb-heuristicdiodeinsertion'…
Running 'Odb.FuzzyDiodePlacement' at 'runs/RUN_2025-03-05_08-05-37/41-odb-heuristicdiodeinsertion/1-odb-fuzzydiodeplacement'…
'GPL_CELL_PADDING' is set to 0. This step may cause overlap failures.
Logging subprocess to [repr.filename]'runs/RUN_2025-03-05_08-05-37/41-odb-heuristicdiodeinsertion/1-odb-fuzzydiodeplacement/odb-fuzzydiodeplacement.log'[/repr.filename]…
Running 'OpenROAD.DetailedPlacement' at 'runs/RUN_2025-03-05_08-05-37/41-odb-heuristicdiodeinsertion/2-openroad-detailedplacement'…
Logging subprocess to [repr.filename]'runs/RUN_2025-03-05_08-05-37/41-odb-heuristicdiodeinsertion/2-openroad-detailedplacement/openroad-detailedplacement.log'[/repr.filename]…
[STA-1140] /home/thanh/NCO/ram256x16/ram256x16_TT_1p8V_25C.lib line 1, library ram256x16_TT_1p8V_25C_lib already exists.
Running 'OpenROAD.GlobalRouting' at 'runs/RUN_2025-03-05_08-05-37/41-odb-heuristicdiodeinsertion/3-openroad-globalrouting'…
Logging subprocess to [repr.filename]'runs/RUN_2025-03-05_08-05-37/41-odb-heuristicdiodeinsertion/3-openroad-globalrouting/openroad-globalrouting.log'[/repr.filename]…
[STA-1140] /home/thanh/NCO/ram256x16/ram256x16_TT_1p8V_25C.lib line 1, library ram256x16_TT_1p8V_25C_lib already exists.
Running 'OpenROAD.RepairAntennas' at 'runs/RUN_2025-03-05_08-05-37/42-openroad-repairantennas'…
Running 'DiodeInsertion' at 'runs/RUN_2025-03-05_08-05-37/42-openroad-repairantennas/1-diodeinsertion'…
Logging subprocess to [repr.filename]'runs/RUN_2025-03-05_08-05-37/42-openroad-repairantennas/1-diodeinsertion/diodeinsertion.log'[/repr.filename]…
[STA-1140] /home/thanh/NCO/ram256x16/ram256x16_TT_1p8V_25C.lib line 1, library ram256x16_TT_1p8V_25C_lib already exists.
Running 'OpenROAD.CheckAntennas' at 'runs/RUN_2025-03-05_08-05-37/42-openroad-repairantennas/2-openroad-checkantennas'…
Logging subprocess to [repr.filename]'runs/RUN_2025-03-05_08-05-37/42-openroad-repairantennas/2-openroad-checkantennas/openroad-checkantennas.log'[/repr.filename]…
[STA-1140] /home/thanh/NCO/ram256x16/ram256x16_TT_1p8V_25C.lib line 1, library ram256x16_TT_1p8V_25C_lib already exists.
Gating variable for step 'OpenROAD.ResizerTimingPostGRT' set to 'False'- the step will be skipped.
Skipping step 'Resizer Timing Optimizations (Post-Global Routing)'…
Running 'OpenROAD.STAMidPNR-3' at 'runs/RUN_2025-03-05_08-05-37/43-openroad-stamidpnr-3'…
Logging subprocess to [repr.filename]'runs/RUN_2025-03-05_08-05-37/43-openroad-stamidpnr-3/openroad-stamidpnr-3.log'[/repr.filename]…
[STA-1140] /home/thanh/NCO/ram256x16/ram256x16_TT_1p8V_25C.lib line 1, library ram256x16_TT_1p8V_25C_lib already exists.
Running 'OpenROAD.DetailedRouting' at 'runs/RUN_2025-03-05_08-05-37/44-openroad-detailedrouting'…
Running TritonRoute with 12 threads…
Logging subprocess to [repr.filename]'runs/RUN_2025-03-05_08-05-37/44-openroad-detailedrouting/openroad-detailedrouting.log'[/repr.filename]…
[STA-1140] /home/thanh/NCO/ram256x16/ram256x16_TT_1p8V_25C.lib line 1, library ram256x16_TT_1p8V_25C_lib already exists.
[DRT-0349] LEF58_ENCLOSURE with no CUTCLASS is not supported. Skipping for layer mcon
[DRT-0349] LEF58_ENCLOSURE with no CUTCLASS is not supported. Skipping for layer mcon
[DRT-0349] LEF58_ENCLOSURE with no CUTCLASS is not supported. Skipping for layer via
[DRT-0349] LEF58_ENCLOSURE with no CUTCLASS is not supported. Skipping for layer via
[DRT-0349] LEF58_ENCLOSURE with no CUTCLASS is not supported. Skipping for layer via2
[DRT-0349] LEF58_ENCLOSURE with no CUTCLASS is not supported. Skipping for layer via2
[DRT-0349] LEF58_ENCLOSURE with no CUTCLASS is not supported. Skipping for layer via3
[DRT-0349] LEF58_ENCLOSURE with no CUTCLASS is not supported. Skipping for layer via3
[DRT-0349] LEF58_ENCLOSURE with no CUTCLASS is not supported. Skipping for layer via4
[DRT-0349] LEF58_ENCLOSURE with no CUTCLASS is not supported. Skipping for layer via4
[DRT-0418] Term mem_i0/addr0[3] has no pins on routing grid
[DRT-0418] Term mem_i0/addr0[4] has no pins on routing grid
[DRT-0418] Term mem_i0/addr0[7] has no pins on routing grid
[DRT-0418] Term mem_i0/clk1 has no pins on routing grid
[DRT-0418] Term mem_i0/dout1[0] has no pins on routing grid
[DRT-0418] Term mem_i0/dout1[1] has no pins on routing grid
[DRT-0418] Term mem_i0/dout1[3] has no pins on routing grid
[DRT-0418] Term mem_i0/dout1[5] has no pins on routing grid
[DRT-0418] Term mem_i0/dout1[7] has no pins on routing grid
[DRT-0418] Term mem_i0/dout1[8] has no pins on routing grid
[DRT-0418] Term mem_i0/dout1[10] has no pins on routing grid
[DRT-0418] Term mem_i0/dout1[12] has no pins on routing grid
[DRT-0418] Term mem_i0/dout1[14] has no pins on routing grid
[DRT-0418] Term mem_i0/dout1[15] has no pins on routing grid
[DRT-0418] Term mem_i1/din0[0] has no pins on routing grid
[DRT-0418] Term mem_i1/din0[2] has no pins on routing grid
[DRT-0418] Term mem_i1/din0[5] has no pins on routing grid
[DRT-0418] Term mem_i1/din0[8] has no pins on routing grid
[DRT-0418] Term mem_i1/din0[10] has no pins on routing grid
[DRT-0418] Term mem_i1/din0[11] has no pins on routing grid
[DRT-0418] Term mem_i1/din0[13] has no pins on routing grid
[DRT-0418] Term mem_i1/din0[14] has no pins on routing grid
[DRT-0418] Term mem_i1/addr0[1] has no pins on routing grid
[DRT-0418] Term mem_i1/addr0[2] has no pins on routing grid
[DRT-0418] Term mem_i1/addr0[5] has no pins on routing grid
[DRT-0418] Term mem_i1/addr0[7] has no pins on routing grid
[DRT-0418] Term mem_i1/addr1[5] has no pins on routing grid
[DRT-0418] Term mem_i1/addr1[6] has no pins on routing grid
[DRT-0418] Term mem_i1/addr1[7] has no pins on routing grid
Running 'Odb.RemoveRoutingObstructions' at 'runs/RUN_2025-03-05_08-05-37/45-odb-removeroutingobstructions'…
'ROUTING_OBSTRUCTIONS' is not defined. Skipping 'Odb.RemoveRoutingObstructions'…
Running 'OpenROAD.CheckAntennas-1' at 'runs/RUN_2025-03-05_08-05-37/46-openroad-checkantennas-1'…
Logging subprocess to [repr.filename]'runs/RUN_2025-03-05_08-05-37/46-openroad-checkantennas-1/openroad-checkantennas-1.log'[/repr.filename]…
[STA-1140] /home/thanh/NCO/ram256x16/ram256x16_TT_1p8V_25C.lib line 1, library ram256x16_TT_1p8V_25C_lib already exists.
Running 'Checker.TrDRC' at 'runs/RUN_2025-03-05_08-05-37/47-checker-trdrc'…
Check for Routing DRC errors clear.
Running 'Odb.ReportDisconnectedPins' at 'runs/RUN_2025-03-05_08-05-37/48-odb-reportdisconnectedpins'…
Logging subprocess to [repr.filename]'runs/RUN_2025-03-05_08-05-37/48-odb-reportdisconnectedpins/odb-reportdisconnectedpins.log'[/repr.filename]…
Running 'Checker.DisconnectedPins' at 'runs/RUN_2025-03-05_08-05-37/49-checker-disconnectedpins'…
Check for critical disconnected pins clear.
Running 'Odb.ReportWireLength' at 'runs/RUN_2025-03-05_08-05-37/50-odb-reportwirelength'…
Logging subprocess to [repr.filename]'runs/RUN_2025-03-05_08-05-37/50-odb-reportwirelength/odb-reportwirelength.log'[/repr.filename]…
Running 'Checker.WireLength' at 'runs/RUN_2025-03-05_08-05-37/51-checker-wirelength'…
Threshold for Threshold-surpassing long wires is not set. The checker will be skipped.
Running 'OpenROAD.FillInsertion' at 'runs/RUN_2025-03-05_08-05-37/52-openroad-fillinsertion'…
Logging subprocess to [repr.filename]'runs/RUN_2025-03-05_08-05-37/52-openroad-fillinsertion/openroad-fillinsertion.log'[/repr.filename]…
[STA-1140] /home/thanh/NCO/ram256x16/ram256x16_TT_1p8V_25C.lib line 1, library ram256x16_TT_1p8V_25C_lib already exists.
Running 'Odb.CellFrequencyTables' at 'runs/RUN_2025-03-05_08-05-37/53-odb-cellfrequencytables'…
Logging subprocess to [repr.filename]'runs/RUN_2025-03-05_08-05-37/53-odb-cellfrequencytables/buffer_list.txt'[/repr.filename]…
Logging subprocess to [repr.filename]'runs/RUN_2025-03-05_08-05-37/53-odb-cellfrequencytables/odb-cellfrequencytables.log'[/repr.filename]…
Running 'OpenROAD.RCX' at 'runs/RUN_2025-03-05_08-05-37/54-openroad-rcx'…
Running RCX for corners matching nom_* (/home/thanh/NCO/runs/RUN_2025-03-05_08-05-37/54-openroad-rcx/nom/rcx.log)…
Running RCX for corners matching min_* (/home/thanh/NCO/runs/RUN_2025-03-05_08-05-37/54-openroad-rcx/min/rcx.log)…
Running RCX for corners matching max_* (/home/thanh/NCO/runs/RUN_2025-03-05_08-05-37/54-openroad-rcx/max/rcx.log)…
Logging subprocess to [repr.filename]'runs/RUN_2025-03-05_08-05-37/54-openroad-rcx/nom/rcx.log'[/repr.filename]…
Logging subprocess to [repr.filename]'runs/RUN_2025-03-05_08-05-37/54-openroad-rcx/min/rcx.log'[/repr.filename]…
Logging subprocess to [repr.filename]'runs/RUN_2025-03-05_08-05-37/54-openroad-rcx/max/rcx.log'[/repr.filename]…
Finished RCX for corners matching nom_*.
Finished RCX for corners matching max_*.
Finished RCX for corners matching min_*.
Running 'OpenROAD.STAPostPNR' at 'runs/RUN_2025-03-05_08-05-37/55-openroad-stapostpnr'…
Starting STA for the nom_tt_025C_1v80 timing corner…
Starting STA for the nom_ss_100C_1v60 timing corner…
Starting STA for the nom_ff_n40C_1v95 timing corner…
Starting STA for the min_tt_025C_1v80 timing corner…
Starting STA for the min_ss_100C_1v60 timing corner…
Starting STA for the min_ff_n40C_1v95 timing corner…
Starting STA for the max_tt_025C_1v80 timing corner…
Logging subprocess to [repr.filename]'runs/RUN_2025-03-05_08-05-37/55-openroad-stapostpnr/nom_tt_025C_1v80/sta.log'[/repr.filename]…
Starting STA for the max_ss_100C_1v60 timing corner…
Logging subprocess to [repr.filename]'runs/RUN_2025-03-05_08-05-37/55-openroad-stapostpnr/nom_ff_n40C_1v95/sta.log'[/repr.filename]…
Logging subprocess to [repr.filename]'runs/RUN_2025-03-05_08-05-37/55-openroad-stapostpnr/nom_ss_100C_1v60/sta.log'[/repr.filename]…
Starting STA for the max_ff_n40C_1v95 timing corner…
Logging subprocess to [repr.filename]'runs/RUN_2025-03-05_08-05-37/55-openroad-stapostpnr/min_tt_025C_1v80/sta.log'[/repr.filename]…
Logging subprocess to [repr.filename]'runs/RUN_2025-03-05_08-05-37/55-openroad-stapostpnr/min_ss_100C_1v60/sta.log'[/repr.filename]…
Logging subprocess to [repr.filename]'runs/RUN_2025-03-05_08-05-37/55-openroad-stapostpnr/max_tt_025C_1v80/sta.log'[/repr.filename]…
Logging subprocess to [repr.filename]'runs/RUN_2025-03-05_08-05-37/55-openroad-stapostpnr/min_ff_n40C_1v95/sta.log'[/repr.filename]…
Logging subprocess to [repr.filename]'runs/RUN_2025-03-05_08-05-37/55-openroad-stapostpnr/max_ss_100C_1v60/sta.log'[/repr.filename]…
Logging subprocess to [repr.filename]'runs/RUN_2025-03-05_08-05-37/55-openroad-stapostpnr/max_ff_n40C_1v95/sta.log'[/repr.filename]…
Finished STA for the nom_tt_025C_1v80 timing corner.
Logging subprocess to [repr.filename]'runs/RUN_2025-03-05_08-05-37/55-openroad-stapostpnr/nom_tt_025C_1v80/filter_unannotated.log'[/repr.filename]…
Finished STA for the min_ss_100C_1v60 timing corner.
Logging subprocess to [repr.filename]'runs/RUN_2025-03-05_08-05-37/55-openroad-stapostpnr/min_ss_100C_1v60/filter_unannotated.log'[/repr.filename]…
Finished STA for the nom_ff_n40C_1v95 timing corner.
Logging subprocess to [repr.filename]'runs/RUN_2025-03-05_08-05-37/55-openroad-stapostpnr/nom_ff_n40C_1v95/filter_unannotated.log'[/repr.filename]…
Finished STA for the nom_ss_100C_1v60 timing corner.
Finished STA for the min_tt_025C_1v80 timing corner.
Logging subprocess to [repr.filename]'runs/RUN_2025-03-05_08-05-37/55-openroad-stapostpnr/nom_ss_100C_1v60/filter_unannotated.log'[/repr.filename]…
Logging subprocess to [repr.filename]'runs/RUN_2025-03-05_08-05-37/55-openroad-stapostpnr/min_tt_025C_1v80/filter_unannotated.log'[/repr.filename]…
Finished STA for the min_ff_n40C_1v95 timing corner.
Finished STA for the max_tt_025C_1v80 timing corner.
Finished STA for the max_ff_n40C_1v95 timing corner.
Finished STA for the max_ss_100C_1v60 timing corner.
Logging subprocess to [repr.filename]'runs/RUN_2025-03-05_08-05-37/55-openroad-stapostpnr/min_ff_n40C_1v95/filter_unannotated.log'[/repr.filename]…
Logging subprocess to [repr.filename]'runs/RUN_2025-03-05_08-05-37/55-openroad-stapostpnr/max_tt_025C_1v80/filter_unannotated.log'[/repr.filename]…
Logging subprocess to [repr.filename]'runs/RUN_2025-03-05_08-05-37/55-openroad-stapostpnr/max_ff_n40C_1v95/filter_unannotated.log'[/repr.filename]…
Logging subprocess to [repr.filename]'runs/RUN_2025-03-05_08-05-37/55-openroad-stapostpnr/max_ss_100C_1v60/filter_unannotated.log'[/repr.filename]…
Running 'OpenROAD.IRDropReport' at 'runs/RUN_2025-03-05_08-05-37/56-openroad-irdropreport'…
'VSRC_LOC_FILES' was not given a value, which may make the results of IR drop analysis inaccurate. If you are not integrating a top-level chip for manufacture, you may ignore this warning, otherwise, see the documentation for 'VSRC_LOC_FILES'.
Logging subprocess to [repr.filename]'runs/RUN_2025-03-05_08-05-37/56-openroad-irdropreport/openroad-irdropreport.log'[/repr.filename]…
[STA-1140] /home/thanh/NCO/ram256x16/ram256x16_TT_1p8V_25C.lib line 1, library ram256x16_TT_1p8V_25C_lib already exists.
[STA-1650] /home/thanh/NCO/runs/RUN_2025-03-05_08-05-37/54-openroad-rcx/nom/counter.nom.spef line 13833, net ANTENNA_mem_i1_din0\[4\] not found.
[STA-1650] /home/thanh/NCO/runs/RUN_2025-03-05_08-05-37/54-openroad-rcx/nom/counter.nom.spef line 14129, net ANTENNA_mem_i1_din0\[7\] not found.
[STA-1650] /home/thanh/NCO/runs/RUN_2025-03-05_08-05-37/54-openroad-rcx/nom/counter.nom.spef line 14141, net ANTENNA_mem_i1_din0\[5\] not found.
[STA-1650] /home/thanh/NCO/runs/RUN_2025-03-05_08-05-37/54-openroad-rcx/nom/counter.nom.spef line 14142, net ANTENNA_mem_i1_din0\[6\] not found.
[STA-1650] /home/thanh/NCO/runs/RUN_2025-03-05_08-05-37/54-openroad-rcx/nom/counter.nom.spef line 14177, net ANTENNA_mem_i1_din0\[12\] not found.
[STA-1650] /home/thanh/NCO/runs/RUN_2025-03-05_08-05-37/54-openroad-rcx/nom/counter.nom.spef line 14208, net ANTENNA_mem_i1_din0\[12\] not found.
[STA-1650] /home/thanh/NCO/runs/RUN_2025-03-05_08-05-37/54-openroad-rcx/nom/counter.nom.spef line 14209, net ANTENNA_mem_i1_din0\[13\] not found.
[STA-1650] /home/thanh/NCO/runs/RUN_2025-03-05_08-05-37/54-openroad-rcx/nom/counter.nom.spef line 14210, net ANTENNA_mem_i1_din0\[9\] not found.
[STA-1650] /home/thanh/NCO/runs/RUN_2025-03-05_08-05-37/54-openroad-rcx/nom/counter.nom.spef line 14840, net ANTENNA_mem_i1_din0\[0\] not found.
[STA-1650] /home/thanh/NCO/runs/RUN_2025-03-05_08-05-37/54-openroad-rcx/nom/counter.nom.spef line 14841, net ANTENNA_mem_i1_din0\[1\] not found.
[STA-1650] /home/thanh/NCO/runs/RUN_2025-03-05_08-05-37/54-openroad-rcx/nom/counter.nom.spef line 14878, net ANTENNA_mem_i1_addr0\[0\] not found.
[STA-1650] /home/thanh/NCO/runs/RUN_2025-03-05_08-05-37/54-openroad-rcx/nom/counter.nom.spef line 15182, net ANTENNA_mem_i0_addr1\[1\] not found.
[STA-1650] /home/thanh/NCO/runs/RUN_2025-03-05_08-05-37/54-openroad-rcx/nom/counter.nom.spef line 15206, net ANTENNA_mem_i0_addr1\[0\] not found.
[STA-1650] /home/thanh/NCO/runs/RUN_2025-03-05_08-05-37/54-openroad-rcx/nom/counter.nom.spef line 15388, net ANTENNA_mem_i1_addr1\[2\] not found.
[STA-1650] /home/thanh/NCO/runs/RUN_2025-03-05_08-05-37/54-openroad-rcx/nom/counter.nom.spef line 15389, net ANTENNA_mem_i1_addr1\[3\] not found.
[STA-1650] /home/thanh/NCO/runs/RUN_2025-03-05_08-05-37/54-openroad-rcx/nom/counter.nom.spef line 15407, net ANTENNA_mem_i1_addr1\[6\] not found.
[STA-1650] /home/thanh/NCO/runs/RUN_2025-03-05_08-05-37/54-openroad-rcx/nom/counter.nom.spef line 15608, net ANTENNA_mem_i1_addr1\[6\] not found.
[STA-1650] /home/thanh/NCO/runs/RUN_2025-03-05_08-05-37/54-openroad-rcx/nom/counter.nom.spef line 15851, net ANTENNA_mem_i1_din0\[1\] not found.
[STA-1648] /home/thanh/NCO/runs/RUN_2025-03-05_08-05-37/54-openroad-rcx/nom/counter.nom.spef line 15914, instance ANTENNA_mem_i0_addr0\[0\] not found.
[STA-1650] /home/thanh/NCO/runs/RUN_2025-03-05_08-05-37/54-openroad-rcx/nom/counter.nom.spef line 15920, net ANTENNA_mem_i0_addr0\[0\] not found.
[STA-1650] /home/thanh/NCO/runs/RUN_2025-03-05_08-05-37/54-openroad-rcx/nom/counter.nom.spef line 15936, net ANTENNA_mem_i0_addr0\[0\] not found.
[STA-1648] /home/thanh/NCO/runs/RUN_2025-03-05_08-05-37/54-openroad-rcx/nom/counter.nom.spef line 15941, instance ANTENNA_mem_i1_addr0\[1\] not found.
[STA-1650] /home/thanh/NCO/runs/RUN_2025-03-05_08-05-37/54-openroad-rcx/nom/counter.nom.spef line 15947, net ANTENNA_mem_i1_addr0\[1\] not found.
[STA-1650] /home/thanh/NCO/runs/RUN_2025-03-05_08-05-37/54-openroad-rcx/nom/counter.nom.spef line 15953, net ANTENNA_mem_i1_addr0\[1\] not found.
[STA-1650] /home/thanh/NCO/runs/RUN_2025-03-05_08-05-37/54-openroad-rcx/nom/counter.nom.spef line 15953, net ANTENNA_mem_i1_addr0\[0\] not found.
[STA-1650] /home/thanh/NCO/runs/RUN_2025-03-05_08-05-37/54-openroad-rcx/nom/counter.nom.spef line 15954, net ANTENNA_mem_i1_addr0\[1\] not found.
[STA-1650] /home/thanh/NCO/runs/RUN_2025-03-05_08-05-37/54-openroad-rcx/nom/counter.nom.spef line 15955, net ANTENNA_mem_i1_addr0\[1\] not found.
[STA-1650] /home/thanh/NCO/runs/RUN_2025-03-05_08-05-37/54-openroad-rcx/nom/counter.nom.spef line 15972, net ANTENNA_mem_i1_addr0\[1\] not found.
[STA-1648] /home/thanh/NCO/runs/RUN_2025-03-05_08-05-37/54-openroad-rcx/nom/counter.nom.spef line 16111, instance ANTENNA_mem_i0_din0\[0\] not found.
[STA-1650] /home/thanh/NCO/runs/RUN_2025-03-05_08-05-37/54-openroad-rcx/nom/counter.nom.spef line 16117, net ANTENNA_mem_i0_din0\[0\] not found.
[STA-1650] /home/thanh/NCO/runs/RUN_2025-03-05_08-05-37/54-openroad-rcx/nom/counter.nom.spef line 16124, net ANTENNA_mem_i0_din0\[0\] not found.
[STA-1650] /home/thanh/NCO/runs/RUN_2025-03-05_08-05-37/54-openroad-rcx/nom/counter.nom.spef line 16125, net ANTENNA_mem_i0_din0\[1\] not found.
[STA-1650] /home/thanh/NCO/runs/RUN_2025-03-05_08-05-37/54-openroad-rcx/nom/counter.nom.spef line 16136, net ANTENNA_mem_i0_din0\[0\] not found.
[STA-1648] /home/thanh/NCO/runs/RUN_2025-03-05_08-05-37/54-openroad-rcx/nom/counter.nom.spef line 16142, instance ANTENNA_mem_i0_addr0\[1\] not found.
[STA-1650] /home/thanh/NCO/runs/RUN_2025-03-05_08-05-37/54-openroad-rcx/nom/counter.nom.spef line 16148, net ANTENNA_mem_i0_addr0\[1\] not found.
[STA-1650] /home/thanh/NCO/runs/RUN_2025-03-05_08-05-37/54-openroad-rcx/nom/counter.nom.spef line 16165, net ANTENNA_mem_i0_addr0\[1\] not found.
[STA-1648] /home/thanh/NCO/runs/RUN_2025-03-05_08-05-37/54-openroad-rcx/nom/counter.nom.spef line 16249, instance ANTENNA_mem_i0_din0\[1\] not found.
[STA-1650] /home/thanh/NCO/runs/RUN_2025-03-05_08-05-37/54-openroad-rcx/nom/counter.nom.spef line 16255, net ANTENNA_mem_i0_din0\[1\] not found.
[STA-1650] /home/thanh/NCO/runs/RUN_2025-03-05_08-05-37/54-openroad-rcx/nom/counter.nom.spef line 16262, net ANTENNA_mem_i0_din0\[1\] not found.
[STA-1650] /home/thanh/NCO/runs/RUN_2025-03-05_08-05-37/54-openroad-rcx/nom/counter.nom.spef line 16266, net ANTENNA_mem_i0_din0\[1\] not found.
[STA-1650] /home/thanh/NCO/runs/RUN_2025-03-05_08-05-37/54-openroad-rcx/nom/counter.nom.spef line 16275, net ANTENNA_mem_i0_din0\[1\] not found.
[STA-1648] /home/thanh/NCO/runs/RUN_2025-03-05_08-05-37/54-openroad-rcx/nom/counter.nom.spef line 16281, instance ANTENNA_mem_i0_din0\[2\] not found.
[STA-1650] /home/thanh/NCO/runs/RUN_2025-03-05_08-05-37/54-openroad-rcx/nom/counter.nom.spef line 16287, net ANTENNA_mem_i0_din0\[2\] not found.
[STA-1650] /home/thanh/NCO/runs/RUN_2025-03-05_08-05-37/54-openroad-rcx/nom/counter.nom.spef line 16297, net ANTENNA_mem_i0_din0\[0\] not found.
[STA-1650] /home/thanh/NCO/runs/RUN_2025-03-05_08-05-37/54-openroad-rcx/nom/counter.nom.spef line 16298, net ANTENNA_mem_i0_din0\[1\] not found.
[STA-1650] /home/thanh/NCO/runs/RUN_2025-03-05_08-05-37/54-openroad-rcx/nom/counter.nom.spef line 16305, net ANTENNA_mem_i0_din0\[2\] not found.
[STA-1648] /home/thanh/NCO/runs/RUN_2025-03-05_08-05-37/54-openroad-rcx/nom/counter.nom.spef line 16311, instance ANTENNA_mem_i0_din0\[3\] not found.
[STA-1650] /home/thanh/NCO/runs/RUN_2025-03-05_08-05-37/54-openroad-rcx/nom/counter.nom.spef line 16317, net ANTENNA_mem_i0_din0\[3\] not found.
[STA-1650] /home/thanh/NCO/runs/RUN_2025-03-05_08-05-37/54-openroad-rcx/nom/counter.nom.spef line 16324, net ANTENNA_mem_i0_din0\[3\] not found.
[STA-1650] /home/thanh/NCO/runs/RUN_2025-03-05_08-05-37/54-openroad-rcx/nom/counter.nom.spef line 16324, net ANTENNA_mem_i0_din0\[4\] not found.
[STA-1650] /home/thanh/NCO/runs/RUN_2025-03-05_08-05-37/54-openroad-rcx/nom/counter.nom.spef line 16325, net ANTENNA_mem_i0_din0\[3\] not found.
[STA-1650] /home/thanh/NCO/runs/RUN_2025-03-05_08-05-37/54-openroad-rcx/nom/counter.nom.spef line 16337, net ANTENNA_mem_i0_din0\[3\] not found.
[STA-1648] /home/thanh/NCO/runs/RUN_2025-03-05_08-05-37/54-openroad-rcx/nom/counter.nom.spef line 16343, instance ANTENNA_mem_i0_din0\[4\] not found.
[STA-1650] /home/thanh/NCO/runs/RUN_2025-03-05_08-05-37/54-openroad-rcx/nom/counter.nom.spef line 16349, net ANTENNA_mem_i0_din0\[4\] not found.
[STA-1650] /home/thanh/NCO/runs/RUN_2025-03-05_08-05-37/54-openroad-rcx/nom/counter.nom.spef line 16359, net ANTENNA_mem_i0_din0\[3\] not found.
[STA-1650] /home/thanh/NCO/runs/RUN_2025-03-05_08-05-37/54-openroad-rcx/nom/counter.nom.spef line 16359, net ANTENNA_mem_i0_din0\[4\] not found.
[STA-1650] /home/thanh/NCO/runs/RUN_2025-03-05_08-05-37/54-openroad-rcx/nom/counter.nom.spef line 16360, net ANTENNA_mem_i0_din0\[3\] not found.
[STA-1650] /home/thanh/NCO/runs/RUN_2025-03-05_08-05-37/54-openroad-rcx/nom/counter.nom.spef line 16370, net ANTENNA_mem_i0_din0\[4\] not found.
[STA-1648] /home/thanh/NCO/runs/RUN_2025-03-05_08-05-37/54-openroad-rcx/nom/counter.nom.spef line 16377, instance ANTENNA_mem_i0_addr0\[2\] not found.
[STA-1650] /home/thanh/NCO/runs/RUN_2025-03-05_08-05-37/54-openroad-rcx/nom/counter.nom.spef line 16383, net ANTENNA_mem_i0_addr0\[2\] not found.
[STA-1650] /home/thanh/NCO/runs/RUN_2025-03-05_08-05-37/54-openroad-rcx/nom/counter.nom.spef line 16406, net ANTENNA_mem_i0_addr0\[2\] not found.
[STA-1648] /home/thanh/NCO/runs/RUN_2025-03-05_08-05-37/54-openroad-rcx/nom/counter.nom.spef line 16478, instance ANTENNA_mem_i1_din0\[0\] not found.
[STA-1650] /home/thanh/NCO/runs/RUN_2025-03-05_08-05-37/54-openroad-rcx/nom/counter.nom.spef line 16484, net ANTENNA_mem_i1_din0\[0\] not found.
[STA-1650] /home/thanh/NCO/runs/RUN_2025-03-05_08-05-37/54-openroad-rcx/nom/counter.nom.spef line 16490, net ANTENNA_mem_i1_din0\[0\] not found.
[STA-1650] /home/thanh/NCO/runs/RUN_2025-03-05_08-05-37/54-openroad-rcx/nom/counter.nom.spef line 16490, net ANTENNA_mem_i1_din0\[1\] not found.
[STA-1650] /home/thanh/NCO/runs/RUN_2025-03-05_08-05-37/54-openroad-rcx/nom/counter.nom.spef line 16491, net ANTENNA_mem_i1_din0\[0\] not found.
[STA-1650] /home/thanh/NCO/runs/RUN_2025-03-05_08-05-37/54-openroad-rcx/nom/counter.nom.spef line 16492, net ANTENNA_mem_i1_din0\[0\] not found.
[STA-1650] /home/thanh/NCO/runs/RUN_2025-03-05_08-05-37/54-openroad-rcx/nom/counter.nom.spef line 16493, net ANTENNA_mem_i1_din0\[0\] not found.
[STA-1650] /home/thanh/NCO/runs/RUN_2025-03-05_08-05-37/54-openroad-rcx/nom/counter.nom.spef line 16494, net ANTENNA_mem_i1_din0\[0\] not found.
[STA-1650] /home/thanh/NCO/runs/RUN_2025-03-05_08-05-37/54-openroad-rcx/nom/counter.nom.spef line 16495, net ANTENNA_mem_i1_din0\[0\] not found.
[STA-1650] /home/thanh/NCO/runs/RUN_2025-03-05_08-05-37/54-openroad-rcx/nom/counter.nom.spef line 16496, net ANTENNA_mem_i1_din0\[0\] not found.
[STA-1650] /home/thanh/NCO/runs/RUN_2025-03-05_08-05-37/54-openroad-rcx/nom/counter.nom.spef line 16505, net ANTENNA_mem_i1_addr0\[1\] not found.
[STA-1650] /home/thanh/NCO/runs/RUN_2025-03-05_08-05-37/54-openroad-rcx/nom/counter.nom.spef line 16507, net ANTENNA_mem_i1_din0\[0\] not found.
[STA-1650] /home/thanh/NCO/runs/RUN_2025-03-05_08-05-37/54-openroad-rcx/nom/counter.nom.spef line 16514, net ANTENNA_mem_i1_din0\[0\] not found.
[STA-1648] /home/thanh/NCO/runs/RUN_2025-03-05_08-05-37/54-openroad-rcx/nom/counter.nom.spef line 16519, instance ANTENNA_mem_i1_din0\[10\] not found.
[STA-1650] /home/thanh/NCO/runs/RUN_2025-03-05_08-05-37/54-openroad-rcx/nom/counter.nom.spef line 16525, net ANTENNA_mem_i1_din0\[10\] not found.
[STA-1650] /home/thanh/NCO/runs/RUN_2025-03-05_08-05-37/54-openroad-rcx/nom/counter.nom.spef line 16532, net ANTENNA_mem_i1_din0\[10\] not found.
[STA-1650] /home/thanh/NCO/runs/RUN_2025-03-05_08-05-37/54-openroad-rcx/nom/counter.nom.spef line 16532, net ANTENNA_mem_i1_din0\[9\] not found.
[STA-1650] /home/thanh/NCO/runs/RUN_2025-03-05_08-05-37/54-openroad-rcx/nom/counter.nom.spef line 16533, net ANTENNA_mem_i1_din0\[10\] not found.
[STA-1650] /home/thanh/NCO/runs/RUN_2025-03-05_08-05-37/54-openroad-rcx/nom/counter.nom.spef line 16534, net ANTENNA_mem_i1_din0\[10\] not found.
[STA-1650] /home/thanh/NCO/runs/RUN_2025-03-05_08-05-37/54-openroad-rcx/nom/counter.nom.spef line 16535, net ANTENNA_mem_i1_din0\[9\] not found.
[STA-1650] /home/thanh/NCO/runs/RUN_2025-03-05_08-05-37/54-openroad-rcx/nom/counter.nom.spef line 16546, net ANTENNA_mem_i1_din0\[0\] not found.
[STA-1650] /home/thanh/NCO/runs/RUN_2025-03-05_08-05-37/54-openroad-rcx/nom/counter.nom.spef line 16556, net ANTENNA_mem_i1_din0\[10\] not found.
[STA-1648] /home/thanh/NCO/runs/RUN_2025-03-05_08-05-37/54-openroad-rcx/nom/counter.nom.spef line 16563, instance ANTENNA_mem_i1_din0\[11\] not found.
[STA-1650] /home/thanh/NCO/runs/RUN_2025-03-05_08-05-37/54-openroad-rcx/nom/counter.nom.spef line 16569, net ANTENNA_mem_i1_din0\[11\] not found.
[STA-1650] /home/thanh/NCO/runs/RUN_2025-03-05_08-05-37/54-openroad-rcx/nom/counter.nom.spef line 16576, net ANTENNA_mem_i1_din0\[11\] not found.
[STA-1650] /home/thanh/NCO/runs/RUN_2025-03-05_08-05-37/54-openroad-rcx/nom/counter.nom.spef line 16602, net ANTENNA_mem_i1_din0\[11\] not found.
[STA-1648] /home/thanh/NCO/runs/RUN_2025-03-05_08-05-37/54-openroad-rcx/nom/counter.nom.spef line 16609, instance ANTENNA_mem_i1_din0\[12\] not found.
[STA-1650] /home/thanh/NCO/runs/RUN_2025-03-05_08-05-37/54-openroad-rcx/nom/counter.nom.spef line 16615, net ANTENNA_mem_i1_din0\[12\] not found.
[STA-1650] /home/thanh/NCO/runs/RUN_2025-03-05_08-05-37/54-openroad-rcx/nom/counter.nom.spef line 16623, net ANTENNA_mem_i1_din0\[12\] not found.
[STA-1650] /home/thanh/NCO/runs/RUN_2025-03-05_08-05-37/54-openroad-rcx/nom/counter.nom.spef line 16632, net ANTENNA_mem_i1_din0\[12\] not found.
[STA-1650] /home/thanh/NCO/runs/RUN_2025-03-05_08-05-37/54-openroad-rcx/nom/counter.nom.spef line 16633, net ANTENNA_mem_i1_din0\[12\] not found.
[STA-1650] /home/thanh/NCO/runs/RUN_2025-03-05_08-05-37/54-openroad-rcx/nom/counter.nom.spef line 16646, net ANTENNA_mem_i1_din0\[12\] not found.
[STA-1648] /home/thanh/NCO/runs/RUN_2025-03-05_08-05-37/54-openroad-rcx/nom/counter.nom.spef line 16652, instance ANTENNA_mem_i1_din0\[13\] not found.
[STA-1650] /home/thanh/NCO/runs/RUN_2025-03-05_08-05-37/54-openroad-rcx/nom/counter.nom.spef line 16658, net ANTENNA_mem_i1_din0\[13\] not found.
[STA-1650] /home/thanh/NCO/runs/RUN_2025-03-05_08-05-37/54-openroad-rcx/nom/counter.nom.spef line 16666, net ANTENNA_mem_i1_din0\[13\] not found.
[STA-1650] /home/thanh/NCO/runs/RUN_2025-03-05_08-05-37/54-openroad-rcx/nom/counter.nom.spef line 16666, net ANTENNA_mem_i1_din0\[14\] not found.
[STA-1650] /home/thanh/NCO/runs/RUN_2025-03-05_08-05-37/54-openroad-rcx/nom/counter.nom.spef line 16667, net ANTENNA_mem_i1_din0\[13\] not found.
[STA-1650] /home/thanh/NCO/runs/RUN_2025-03-05_08-05-37/54-openroad-rcx/nom/counter.nom.spef line 16668, net ANTENNA_mem_i1_din0\[13\] not found.
[STA-1650] /home/thanh/NCO/runs/RUN_2025-03-05_08-05-37/54-openroad-rcx/nom/counter.nom.spef line 16669, net ANTENNA_mem_i1_din0\[13\] not found.
[STA-1650] /home/thanh/NCO/runs/RUN_2025-03-05_08-05-37/54-openroad-rcx/nom/counter.nom.spef line 16679, net ANTENNA_mem_i1_din0\[13\] not found.
[STA-1650] /home/thanh/NCO/runs/RUN_2025-03-05_08-05-37/54-openroad-rcx/nom/counter.nom.spef line 16694, net ANTENNA_mem_i1_din0\[13\] not found.
[STA-1648] /home/thanh/NCO/runs/RUN_2025-03-05_08-05-37/54-openroad-rcx/nom/counter.nom.spef line 16701, instance ANTENNA_mem_i0_addr0\[3\] not found.
[STA-1650] /home/thanh/NCO/runs/RUN_2025-03-05_08-05-37/54-openroad-rcx/nom/counter.nom.spef line 16707, net ANTENNA_mem_i0_addr0\[3\] not found.
[STA-1650] /home/thanh/NCO/runs/RUN_2025-03-05_08-05-37/54-openroad-rcx/nom/counter.nom.spef line 16730, net ANTENNA_mem_i0_addr0\[3\] not found.
[STA-1648] /home/thanh/NCO/runs/RUN_2025-03-05_08-05-37/54-openroad-rcx/nom/counter.nom.spef line 16737, instance ANTENNA_mem_i1_din0\[14\] not found.
[STA-1650] /home/thanh/NCO/runs/RUN_2025-03-05_08-05-37/54-openroad-rcx/nom/counter.nom.spef line 16743, net ANTENNA_mem_i1_din0\[14\] not found.
[STA-1650] /home/thanh/NCO/runs/RUN_2025-03-05_08-05-37/54-openroad-rcx/nom/counter.nom.spef line 16750, net ANTENNA_mem_i1_din0\[14\] not found.
[STA-1650] /home/thanh/NCO/runs/RUN_2025-03-05_08-05-37/54-openroad-rcx/nom/counter.nom.spef line 16751, net ANTENNA_mem_i1_din0\[14\] not found.
[STA-1650] /home/thanh/NCO/runs/RUN_2025-03-05_08-05-37/54-openroad-rcx/nom/counter.nom.spef line 16753, net ANTENNA_mem_i1_addr0\[0\] not found.
[STA-1650] /home/thanh/NCO/runs/RUN_2025-03-05_08-05-37/54-openroad-rcx/nom/counter.nom.spef line 16758, net ANTENNA_mem_i1_din0\[13\] not found.
[STA-1650] /home/thanh/NCO/runs/RUN_2025-03-05_08-05-37/54-openroad-rcx/nom/counter.nom.spef line 16758, net ANTENNA_mem_i1_din0\[14\] not found.
[STA-1650] /home/thanh/NCO/runs/RUN_2025-03-05_08-05-37/54-openroad-rcx/nom/counter.nom.spef line 16759, net ANTENNA_mem_i1_din0\[13\] not found.
[STA-1650] /home/thanh/NCO/runs/RUN_2025-03-05_08-05-37/54-openroad-rcx/nom/counter.nom.spef line 16768, net ANTENNA_mem_i1_din0\[14\] not found.
[STA-1648] /home/thanh/NCO/runs/RUN_2025-03-05_08-05-37/54-openroad-rcx/nom/counter.nom.spef line 16773, instance ANTENNA_mem_i1_din0\[15\] not found.
[STA-1650] /home/thanh/NCO/runs/RUN_2025-03-05_08-05-37/54-openroad-rcx/nom/counter.nom.spef line 16779, net ANTENNA_mem_i1_din0\[15\] not found.
[STA-1650] /home/thanh/NCO/runs/RUN_2025-03-05_08-05-37/54-openroad-rcx/nom/counter.nom.spef line 16810, net ANTENNA_mem_i1_din0\[15\] not found.
[STA-1648] /home/thanh/NCO/runs/RUN_2025-03-05_08-05-37/54-openroad-rcx/nom/counter.nom.spef line 16814, instance ANTENNA_mem_i1_din0\[1\] not found.
[STA-1650] /home/thanh/NCO/runs/RUN_2025-03-05_08-05-37/54-openroad-rcx/nom/counter.nom.spef line 16820, net ANTENNA_mem_i1_din0\[1\] not found.
[STA-1650] /home/thanh/NCO/runs/RUN_2025-03-05_08-05-37/54-openroad-rcx/nom/counter.nom.spef line 16827, net ANTENNA_mem_i1_din0\[1\] not found.
[STA-1650] /home/thanh/NCO/runs/RUN_2025-03-05_08-05-37/54-openroad-rcx/nom/counter.nom.spef line 16831, net ANTENNA_mem_i1_addr0\[0\] not found.
[STA-1650] /home/thanh/NCO/runs/RUN_2025-03-05_08-05-37/54-openroad-rcx/nom/counter.nom.spef line 16839, net ANTENNA_mem_i1_addr0\[1\] not found.
[STA-1650] /home/thanh/NCO/runs/RUN_2025-03-05_08-05-37/54-openroad-rcx/nom/counter.nom.spef line 16840, net ANTENNA_mem_i1_din0\[0\] not found.
[STA-1650] /home/thanh/NCO/runs/RUN_2025-03-05_08-05-37/54-openroad-rcx/nom/counter.nom.spef line 16840, net ANTENNA_mem_i1_din0\[1\] not found.
[STA-1650] /home/thanh/NCO/runs/RUN_2025-03-05_08-05-37/54-openroad-rcx/nom/counter.nom.spef line 16841, net ANTENNA_mem_i1_din0\[0\] not found.
[STA-1650] /home/thanh/NCO/runs/RUN_2025-03-05_08-05-37/54-openroad-rcx/nom/counter.nom.spef line 16842, net ANTENNA_mem_i1_din0\[1\] not found.
[STA-1650] /home/thanh/NCO/runs/RUN_2025-03-05_08-05-37/54-openroad-rcx/nom/counter.nom.spef line 16844, net ANTENNA_mem_i1_din0\[1\] not found.
[STA-1650] /home/thanh/NCO/runs/RUN_2025-03-05_08-05-37/54-openroad-rcx/nom/counter.nom.spef line 16853, net ANTENNA_mem_i1_din0\[1\] not found.
[STA-1648] /home/thanh/NCO/runs/RUN_2025-03-05_08-05-37/54-openroad-rcx/nom/counter.nom.spef line 16858, instance ANTENNA_mem_i1_din0\[2\] not found.
[STA-1650] /home/thanh/NCO/runs/RUN_2025-03-05_08-05-37/54-openroad-rcx/nom/counter.nom.spef line 16864, net ANTENNA_mem_i1_din0\[2\] not found.
[STA-1650] /home/thanh/NCO/runs/RUN_2025-03-05_08-05-37/54-openroad-rcx/nom/counter.nom.spef line 16886, net ANTENNA_mem_i1_din0\[2\] not found.
[STA-1648] /home/thanh/NCO/runs/RUN_2025-03-05_08-05-37/54-openroad-rcx/nom/counter.nom.spef line 16892, instance ANTENNA_mem_i1_din0\[3\] not found.
[STA-1650] /home/thanh/NCO/runs/RUN_2025-03-05_08-05-37/54-openroad-rcx/nom/counter.nom.spef line 16898, net ANTENNA_mem_i1_din0\[3\] not found.
[STA-1650] /home/thanh/NCO/runs/RUN_2025-03-05_08-05-37/54-openroad-rcx/nom/counter.nom.spef line 16905, net ANTENNA_mem_i1_din0\[3\] not found.
[STA-1650] /home/thanh/NCO/runs/RUN_2025-03-05_08-05-37/54-openroad-rcx/nom/counter.nom.spef line 16905, net ANTENNA_mem_i1_din0\[4\] not found.
[STA-1650] /home/thanh/NCO/runs/RUN_2025-03-05_08-05-37/54-openroad-rcx/nom/counter.nom.spef line 16906, net ANTENNA_mem_i1_din0\[4\] not found.
[STA-1650] /home/thanh/NCO/runs/RUN_2025-03-05_08-05-37/54-openroad-rcx/nom/counter.nom.spef line 16925, net ANTENNA_mem_i1_din0\[3\] not found.
[STA-1648] /home/thanh/NCO/runs/RUN_2025-03-05_08-05-37/54-openroad-rcx/nom/counter.nom.spef line 16930, instance ANTENNA_mem_i1_din0\[4\] not found.
[STA-1650] /home/thanh/NCO/runs/RUN_2025-03-05_08-05-37/54-openroad-rcx/nom/counter.nom.spef line 16936, net ANTENNA_mem_i1_din0\[4\] not found.
[STA-1650] /home/thanh/NCO/runs/RUN_2025-03-05_08-05-37/54-openroad-rcx/nom/counter.nom.spef line 16944, net ANTENNA_mem_i1_din0\[4\] not found.
[STA-1650] /home/thanh/NCO/runs/RUN_2025-03-05_08-05-37/54-openroad-rcx/nom/counter.nom.spef line 16957, net ANTENNA_mem_i1_din0\[0\] not found.
[STA-1650] /home/thanh/NCO/runs/RUN_2025-03-05_08-05-37/54-openroad-rcx/nom/counter.nom.spef line 16958, net ANTENNA_mem_i1_din0\[3\] not found.
[STA-1650] /home/thanh/NCO/runs/RUN_2025-03-05_08-05-37/54-openroad-rcx/nom/counter.nom.spef line 16958, net ANTENNA_mem_i1_din0\[4\] not found.
[STA-1650] /home/thanh/NCO/runs/RUN_2025-03-05_08-05-37/54-openroad-rcx/nom/counter.nom.spef line 16959, net ANTENNA_mem_i1_din0\[4\] not found.
[STA-1650] /home/thanh/NCO/runs/RUN_2025-03-05_08-05-37/54-openroad-rcx/nom/counter.nom.spef line 16962, net ANTENNA_mem_i1_din0\[4\] not found.
[STA-1650] /home/thanh/NCO/runs/RUN_2025-03-05_08-05-37/54-openroad-rcx/nom/counter.nom.spef line 16973, net ANTENNA_mem_i1_din0\[4\] not found.
[STA-1648] /home/thanh/NCO/runs/RUN_2025-03-05_08-05-37/54-openroad-rcx/nom/counter.nom.spef line 16977, instance ANTENNA_mem_i1_din0\[5\] not found.
[STA-1650] /home/thanh/NCO/runs/RUN_2025-03-05_08-05-37/54-openroad-rcx/nom/counter.nom.spef line 16983, net ANTENNA_mem_i1_din0\[5\] not found.
[STA-1650] /home/thanh/NCO/runs/RUN_2025-03-05_08-05-37/54-openroad-rcx/nom/counter.nom.spef line 16990, net ANTENNA_mem_i1_din0\[5\] not found.
[STA-1650] /home/thanh/NCO/runs/RUN_2025-03-05_08-05-37/54-openroad-rcx/nom/counter.nom.spef line 16990, net ANTENNA_mem_i1_din0\[6\] not found.
[STA-1650] /home/thanh/NCO/runs/RUN_2025-03-05_08-05-37/54-openroad-rcx/nom/counter.nom.spef line 16991, net ANTENNA_mem_i1_din0\[5\] not found.
[STA-1650] /home/thanh/NCO/runs/RUN_2025-03-05_08-05-37/54-openroad-rcx/nom/counter.nom.spef line 16992, net ANTENNA_mem_i1_din0\[5\] not found.
[STA-1650] /home/thanh/NCO/runs/RUN_2025-03-05_08-05-37/54-openroad-rcx/nom/counter.nom.spef line 16993, net ANTENNA_mem_i1_din0\[5\] not found.
[STA-1650] /home/thanh/NCO/runs/RUN_2025-03-05_08-05-37/54-openroad-rcx/nom/counter.nom.spef line 16994, net ANTENNA_mem_i1_din0\[5\] not found.
[STA-1650] /home/thanh/NCO/runs/RUN_2025-03-05_08-05-37/54-openroad-rcx/nom/counter.nom.spef line 16995, net ANTENNA_mem_i1_din0\[5\] not found.
[STA-1650] /home/thanh/NCO/runs/RUN_2025-03-05_08-05-37/54-openroad-rcx/nom/counter.nom.spef line 17003, net ANTENNA_mem_i1_din0\[4\] not found.
[STA-1650] /home/thanh/NCO/runs/RUN_2025-03-05_08-05-37/54-openroad-rcx/nom/counter.nom.spef line 17005, net ANTENNA_mem_i1_din0\[5\] not found.
[STA-1650] /home/thanh/NCO/runs/RUN_2025-03-05_08-05-37/54-openroad-rcx/nom/counter.nom.spef line 17018, net ANTENNA_mem_i1_din0\[5\] not found.
[STA-1648] /home/thanh/NCO/runs/RUN_2025-03-05_08-05-37/54-openroad-rcx/nom/counter.nom.spef line 17024, instance ANTENNA_mem_i1_din0\[6\] not found.
[STA-1650] /home/thanh/NCO/runs/RUN_2025-03-05_08-05-37/54-openroad-rcx/nom/counter.nom.spef line 17030, net ANTENNA_mem_i1_din0\[6\] not found.
[STA-1650] /home/thanh/NCO/runs/RUN_2025-03-05_08-05-37/54-openroad-rcx/nom/counter.nom.spef line 17038, net ANTENNA_mem_i1_din0\[6\] not found.
[STA-1650] /home/thanh/NCO/runs/RUN_2025-03-05_08-05-37/54-openroad-rcx/nom/counter.nom.spef line 17039, net ANTENNA_mem_i1_din0\[6\] not found.
[STA-1650] /home/thanh/NCO/runs/RUN_2025-03-05_08-05-37/54-openroad-rcx/nom/counter.nom.spef line 17040, net ANTENNA_mem_i1_din0\[6\] not found.
[STA-1650] /home/thanh/NCO/runs/RUN_2025-03-05_08-05-37/54-openroad-rcx/nom/counter.nom.spef line 17046, net ANTENNA_mem_i1_din0\[0\] not found.
[STA-1650] /home/thanh/NCO/runs/RUN_2025-03-05_08-05-37/54-openroad-rcx/nom/counter.nom.spef line 17047, net ANTENNA_mem_i1_din0\[5\] not found.
[STA-1650] /home/thanh/NCO/runs/RUN_2025-03-05_08-05-37/54-openroad-rcx/nom/counter.nom.spef line 17047, net ANTENNA_mem_i1_din0\[6\] not found.
[STA-1650] /home/thanh/NCO/runs/RUN_2025-03-05_08-05-37/54-openroad-rcx/nom/counter.nom.spef line 17052, net ANTENNA_mem_i1_din0\[6\] not found.
[STA-1650] /home/thanh/NCO/runs/RUN_2025-03-05_08-05-37/54-openroad-rcx/nom/counter.nom.spef line 17066, net ANTENNA_mem_i1_din0\[6\] not found.
[STA-1648] /home/thanh/NCO/runs/RUN_2025-03-05_08-05-37/54-openroad-rcx/nom/counter.nom.spef line 17073, instance ANTENNA_mem_i1_din0\[7\] not found.
[STA-1650] /home/thanh/NCO/runs/RUN_2025-03-05_08-05-37/54-openroad-rcx/nom/counter.nom.spef line 17079, net ANTENNA_mem_i1_din0\[7\] not found.
[STA-1650] /home/thanh/NCO/runs/RUN_2025-03-05_08-05-37/54-openroad-rcx/nom/counter.nom.spef line 17087, net ANTENNA_mem_i1_din0\[7\] not found.
[STA-1650] /home/thanh/NCO/runs/RUN_2025-03-05_08-05-37/54-openroad-rcx/nom/counter.nom.spef line 17087, net ANTENNA_mem_i1_din0\[8\] not found.
[STA-1650] /home/thanh/NCO/runs/RUN_2025-03-05_08-05-37/54-openroad-rcx/nom/counter.nom.spef line 17088, net ANTENNA_mem_i1_din0\[7\] not found.
[STA-1650] /home/thanh/NCO/runs/RUN_2025-03-05_08-05-37/54-openroad-rcx/nom/counter.nom.spef line 17089, net ANTENNA_mem_i1_din0\[8\] not found.
[STA-1650] /home/thanh/NCO/runs/RUN_2025-03-05_08-05-37/54-openroad-rcx/nom/counter.nom.spef line 17101, net ANTENNA_mem_i1_din0\[5\] not found.
[STA-1650] /home/thanh/NCO/runs/RUN_2025-03-05_08-05-37/54-openroad-rcx/nom/counter.nom.spef line 17102, net ANTENNA_mem_i1_din0\[6\] not found.
[STA-1650] /home/thanh/NCO/runs/RUN_2025-03-05_08-05-37/54-openroad-rcx/nom/counter.nom.spef line 17107, net ANTENNA_mem_i1_din0\[7\] not found.
[STA-1650] /home/thanh/NCO/runs/RUN_2025-03-05_08-05-37/54-openroad-rcx/nom/counter.nom.spef line 17116, net ANTENNA_mem_i1_din0\[7\] not found.
[STA-1648] /home/thanh/NCO/runs/RUN_2025-03-05_08-05-37/54-openroad-rcx/nom/counter.nom.spef line 17123, instance ANTENNA_mem_i1_din0\[8\] not found.
[STA-1650] /home/thanh/NCO/runs/RUN_2025-03-05_08-05-37/54-openroad-rcx/nom/counter.nom.spef line 17129, net ANTENNA_mem_i1_din0\[8\] not found.
[STA-1650] /home/thanh/NCO/runs/RUN_2025-03-05_08-05-37/54-openroad-rcx/nom/counter.nom.spef line 17136, net ANTENNA_mem_i1_din0\[8\] not found.
[STA-1650] /home/thanh/NCO/runs/RUN_2025-03-05_08-05-37/54-openroad-rcx/nom/counter.nom.spef line 17137, net ANTENNA_mem_i1_din0\[8\] not found.
[STA-1650] /home/thanh/NCO/runs/RUN_2025-03-05_08-05-37/54-openroad-rcx/nom/counter.nom.spef line 17138, net ANTENNA_mem_i1_din0\[8\] not found.
[STA-1650] /home/thanh/NCO/runs/RUN_2025-03-05_08-05-37/54-openroad-rcx/nom/counter.nom.spef line 17144, net ANTENNA_mem_i1_din0\[0\] not found.
[STA-1650] /home/thanh/NCO/runs/RUN_2025-03-05_08-05-37/54-openroad-rcx/nom/counter.nom.spef line 17145, net ANTENNA_mem_i1_din0\[7\] not found.
[STA-1650] /home/thanh/NCO/runs/RUN_2025-03-05_08-05-37/54-openroad-rcx/nom/counter.nom.spef line 17145, net ANTENNA_mem_i1_din0\[8\] not found.
[STA-1650] /home/thanh/NCO/runs/RUN_2025-03-05_08-05-37/54-openroad-rcx/nom/counter.nom.spef line 17146, net ANTENNA_mem_i1_din0\[8\] not found.
[STA-1650] /home/thanh/NCO/runs/RUN_2025-03-05_08-05-37/54-openroad-rcx/nom/counter.nom.spef line 17163, net ANTENNA_mem_i1_din0\[8\] not found.
[STA-1648] /home/thanh/NCO/runs/RUN_2025-03-05_08-05-37/54-openroad-rcx/nom/counter.nom.spef line 17171, instance ANTENNA_mem_i0_addr0\[4\] not found.
[STA-1650] /home/thanh/NCO/runs/RUN_2025-03-05_08-05-37/54-openroad-rcx/nom/counter.nom.spef line 17177, net ANTENNA_mem_i0_addr0\[4\] not found.
[STA-1650] /home/thanh/NCO/runs/RUN_2025-03-05_08-05-37/54-openroad-rcx/nom/counter.nom.spef line 17199, net ANTENNA_mem_i0_addr0\[4\] not found.
[STA-1648] /home/thanh/NCO/runs/RUN_2025-03-05_08-05-37/54-openroad-rcx/nom/counter.nom.spef line 17206, instance ANTENNA_mem_i1_din0\[9\] not found.
[STA-1650] /home/thanh/NCO/runs/RUN_2025-03-05_08-05-37/54-openroad-rcx/nom/counter.nom.spef line 17212, net ANTENNA_mem_i1_din0\[9\] not found.
[STA-1650] /home/thanh/NCO/runs/RUN_2025-03-05_08-05-37/54-openroad-rcx/nom/counter.nom.spef line 17220, net ANTENNA_mem_i1_din0\[9\] not found.
[STA-1650] /home/thanh/NCO/runs/RUN_2025-03-05_08-05-37/54-openroad-rcx/nom/counter.nom.spef line 17224, net ANTENNA_mem_i1_din0\[10\] not found.
[STA-1650] /home/thanh/NCO/runs/RUN_2025-03-05_08-05-37/54-openroad-rcx/nom/counter.nom.spef line 17224, net ANTENNA_mem_i1_din0\[9\] not found.
[STA-1650] /home/thanh/NCO/runs/RUN_2025-03-05_08-05-37/54-openroad-rcx/nom/counter.nom.spef line 17226, net ANTENNA_mem_i1_din0\[9\] not found.
[STA-1650] /home/thanh/NCO/runs/RUN_2025-03-05_08-05-37/54-openroad-rcx/nom/counter.nom.spef line 17228, net ANTENNA_mem_i1_din0\[9\] not found.
[STA-1650] /home/thanh/NCO/runs/RUN_2025-03-05_08-05-37/54-openroad-rcx/nom/counter.nom.spef line 17241, net ANTENNA_mem_i1_din0\[9\] not found.
[STA-1650] /home/thanh/NCO/runs/RUN_2025-03-05_08-05-37/54-openroad-rcx/nom/counter.nom.spef line 17394, net ANTENNA_mem_i1_addr1\[6\] not found.
[STA-1650] /home/thanh/NCO/runs/RUN_2025-03-05_08-05-37/54-openroad-rcx/nom/counter.nom.spef line 17396, net ANTENNA_mem_i1_addr1\[6\] not found.
[STA-1650] /home/thanh/NCO/runs/RUN_2025-03-05_08-05-37/54-openroad-rcx/nom/counter.nom.spef line 17430, net ANTENNA_mem_i1_addr1\[7\] not found.
[STA-1648] /home/thanh/NCO/runs/RUN_2025-03-05_08-05-37/54-openroad-rcx/nom/counter.nom.spef line 17526, instance ANTENNA_mem_i0_addr0\[5\] not found.
[STA-1650] /home/thanh/NCO/runs/RUN_2025-03-05_08-05-37/54-openroad-rcx/nom/counter.nom.spef line 17532, net ANTENNA_mem_i0_addr0\[5\] not found.
[STA-1650] /home/thanh/NCO/runs/RUN_2025-03-05_08-05-37/54-openroad-rcx/nom/counter.nom.spef line 17540, net ANTENNA_mem_i0_addr0\[5\] not found.
[STA-1650] /home/thanh/NCO/runs/RUN_2025-03-05_08-05-37/54-openroad-rcx/nom/counter.nom.spef line 17559, net ANTENNA_mem_i0_addr0\[5\] not found.
[STA-1650] /home/thanh/NCO/runs/RUN_2025-03-05_08-05-37/54-openroad-rcx/nom/counter.nom.spef line 17845, net ANTENNA_mem_i1_addr1\[6\] not found.
[STA-1648] /home/thanh/NCO/runs/RUN_2025-03-05_08-05-37/54-openroad-rcx/nom/counter.nom.spef line 17937, instance ANTENNA_mem_i0_addr0\[6\] not found.
[STA-1650] /home/thanh/NCO/runs/RUN_2025-03-05_08-05-37/54-openroad-rcx/nom/counter.nom.spef line 17943, net ANTENNA_mem_i0_addr0\[6\] not found.
[STA-1650] /home/thanh/NCO/runs/RUN_2025-03-05_08-05-37/54-openroad-rcx/nom/counter.nom.spef line 17950, net ANTENNA_mem_i0_addr0\[6\] not found.
[STA-1650] /home/thanh/NCO/runs/RUN_2025-03-05_08-05-37/54-openroad-rcx/nom/counter.nom.spef line 17953, net ANTENNA_mem_i0_addr0\[5\] not found.
[STA-1650] /home/thanh/NCO/runs/RUN_2025-03-05_08-05-37/54-openroad-rcx/nom/counter.nom.spef line 17967, net ANTENNA_mem_i0_addr0\[6\] not found.
[STA-1650] /home/thanh/NCO/runs/RUN_2025-03-05_08-05-37/54-openroad-rcx/nom/counter.nom.spef line 18175, net ANTENNA_mem_i1_din0\[13\] not found.
[STA-1650] /home/thanh/NCO/runs/RUN_2025-03-05_08-05-37/54-openroad-rcx/nom/counter.nom.spef line 18226, net ANTENNA_mem_i1_din0\[10\] not found.
[STA-1650] /home/thanh/NCO/runs/RUN_2025-03-05_08-05-37/54-openroad-rcx/nom/counter.nom.spef line 18227, net ANTENNA_mem_i1_din0\[11\] not found.
[STA-1650] /home/thanh/NCO/runs/RUN_2025-03-05_08-05-37/54-openroad-rcx/nom/counter.nom.spef line 18271, net ANTENNA_mem_i1_din0\[8\] not found.
[STA-1650] /home/thanh/NCO/runs/RUN_2025-03-05_08-05-37/54-openroad-rcx/nom/counter.nom.spef line 18319, net ANTENNA_mem_i1_addr0\[0\] not found.
[STA-1650] /home/thanh/NCO/runs/RUN_2025-03-05_08-05-37/54-openroad-rcx/nom/counter.nom.spef line 18321, net ANTENNA_mem_i1_din0\[0\] not found.
[STA-1650] /home/thanh/NCO/runs/RUN_2025-03-05_08-05-37/54-openroad-rcx/nom/counter.nom.spef line 18322, net ANTENNA_mem_i1_din0\[1\] not found.
[STA-1650] /home/thanh/NCO/runs/RUN_2025-03-05_08-05-37/54-openroad-rcx/nom/counter.nom.spef line 18323, net ANTENNA_mem_i1_din0\[6\] not found.
[STA-1650] /home/thanh/NCO/runs/RUN_2025-03-05_08-05-37/54-openroad-rcx/nom/counter.nom.spef line 18495, net ANTENNA_mem_i1_addr1\[2\] not found.
[STA-1648] /home/thanh/NCO/runs/RUN_2025-03-05_08-05-37/54-openroad-rcx/nom/counter.nom.spef line 18524, instance ANTENNA_mem_i0_addr0\[7\] not found.
[STA-1650] /home/thanh/NCO/runs/RUN_2025-03-05_08-05-37/54-openroad-rcx/nom/counter.nom.spef line 18530, net ANTENNA_mem_i0_addr0\[7\] not found.
[STA-1650] /home/thanh/NCO/runs/RUN_2025-03-05_08-05-37/54-openroad-rcx/nom/counter.nom.spef line 18540, net ANTENNA_mem_i0_addr0\[6\] not found.
[STA-1650] /home/thanh/NCO/runs/RUN_2025-03-05_08-05-37/54-openroad-rcx/nom/counter.nom.spef line 18548, net ANTENNA_mem_i0_addr0\[7\] not found.
[STA-1650] /home/thanh/NCO/runs/RUN_2025-03-05_08-05-37/54-openroad-rcx/nom/counter.nom.spef line 18617, net ANTENNA_mem_i1_addr1\[4\] not found.
[STA-1650] /home/thanh/NCO/runs/RUN_2025-03-05_08-05-37/54-openroad-rcx/nom/counter.nom.spef line 18619, net ANTENNA_mem_i1_addr1\[6\] not found.
[STA-1650] /home/thanh/NCO/runs/RUN_2025-03-05_08-05-37/54-openroad-rcx/nom/counter.nom.spef line 19012, net ANTENNA_mem_i1_din0\[12\] not found.
[STA-1650] /home/thanh/NCO/runs/RUN_2025-03-05_08-05-37/54-openroad-rcx/nom/counter.nom.spef line 19013, net ANTENNA_mem_i1_din0\[5\] not found.
[STA-1650] /home/thanh/NCO/runs/RUN_2025-03-05_08-05-37/54-openroad-rcx/nom/counter.nom.spef line 19014, net ANTENNA_mem_i1_din0\[5\] not found.
[STA-1650] /home/thanh/NCO/runs/RUN_2025-03-05_08-05-37/54-openroad-rcx/nom/counter.nom.spef line 19015, net ANTENNA_mem_i1_din0\[6\] not found.
[STA-1650] /home/thanh/NCO/runs/RUN_2025-03-05_08-05-37/54-openroad-rcx/nom/counter.nom.spef line 19016, net ANTENNA_mem_i1_din0\[7\] not found.
[STA-1650] /home/thanh/NCO/runs/RUN_2025-03-05_08-05-37/54-openroad-rcx/nom/counter.nom.spef line 19017, net ANTENNA_mem_i1_din0\[8\] not found.
[STA-1650] /home/thanh/NCO/runs/RUN_2025-03-05_08-05-37/54-openroad-rcx/nom/counter.nom.spef line 19234, net ANTENNA_mem_i1_addr1\[7\] not found.
[STA-1648] /home/thanh/NCO/runs/RUN_2025-03-05_08-05-37/54-openroad-rcx/nom/counter.nom.spef line 19494, instance ANTENNA_mem_i1_addr0\[0\] not found.
[STA-1650] /home/thanh/NCO/runs/RUN_2025-03-05_08-05-37/54-openroad-rcx/nom/counter.nom.spef line 19500, net ANTENNA_mem_i1_addr0\[0\] not found.
[STA-1650] /home/thanh/NCO/runs/RUN_2025-03-05_08-05-37/54-openroad-rcx/nom/counter.nom.spef line 19508, net ANTENNA_mem_i1_addr0\[0\] not found.
[STA-1650] /home/thanh/NCO/runs/RUN_2025-03-05_08-05-37/54-openroad-rcx/nom/counter.nom.spef line 19511, net ANTENNA_mem_i1_addr0\[1\] not found.
[STA-1650] /home/thanh/NCO/runs/RUN_2025-03-05_08-05-37/54-openroad-rcx/nom/counter.nom.spef line 19511, net ANTENNA_mem_i1_addr0\[0\] not found.
[STA-1650] /home/thanh/NCO/runs/RUN_2025-03-05_08-05-37/54-openroad-rcx/nom/counter.nom.spef line 19512, net ANTENNA_mem_i1_addr0\[0\] not found.
[STA-1650] /home/thanh/NCO/runs/RUN_2025-03-05_08-05-37/54-openroad-rcx/nom/counter.nom.spef line 19515, net ANTENNA_mem_i1_addr0\[0\] not found.
[STA-1650] /home/thanh/NCO/runs/RUN_2025-03-05_08-05-37/54-openroad-rcx/nom/counter.nom.spef line 19517, net ANTENNA_mem_i1_addr0\[0\] not found.
[STA-1650] /home/thanh/NCO/runs/RUN_2025-03-05_08-05-37/54-openroad-rcx/nom/counter.nom.spef line 19525, net ANTENNA_mem_i1_addr0\[0\] not found.
[STA-1650] /home/thanh/NCO/runs/RUN_2025-03-05_08-05-37/54-openroad-rcx/nom/counter.nom.spef line 19534, net ANTENNA_mem_i1_addr0\[0\] not found.
[STA-1648] /home/thanh/NCO/runs/RUN_2025-03-05_08-05-37/54-openroad-rcx/nom/counter.nom.spef line 19540, instance ANTENNA_mem_i0_dout1\[0\] not found.
[STA-1650] /home/thanh/NCO/runs/RUN_2025-03-05_08-05-37/54-openroad-rcx/nom/counter.nom.spef line 19546, net ANTENNA_mem_i0_dout1\[0\] not found.
[STA-1650] /home/thanh/NCO/runs/RUN_2025-03-05_08-05-37/54-openroad-rcx/nom/counter.nom.spef line 19552, net ANTENNA_mem_i1_din0\[5\] not found.
[STA-1650] /home/thanh/NCO/runs/RUN_2025-03-05_08-05-37/54-openroad-rcx/nom/counter.nom.spef line 19553, net ANTENNA_mem_i1_din0\[5\] not found.
[STA-1650] /home/thanh/NCO/runs/RUN_2025-03-05_08-05-37/54-openroad-rcx/nom/counter.nom.spef line 19554, net ANTENNA_mem_i1_din0\[9\] not found.
[STA-1650] /home/thanh/NCO/runs/RUN_2025-03-05_08-05-37/54-openroad-rcx/nom/counter.nom.spef line 19563, net ANTENNA_mem_i0_dout1\[0\] not found.
[STA-1648] /home/thanh/NCO/runs/RUN_2025-03-05_08-05-37/54-openroad-rcx/nom/counter.nom.spef line 19573, instance ANTENNA_mem_i0_dout1\[10\] not found.
[STA-1650] /home/thanh/NCO/runs/RUN_2025-03-05_08-05-37/54-openroad-rcx/nom/counter.nom.spef line 19579, net ANTENNA_mem_i0_dout1\[10\] not found.
[STA-1650] /home/thanh/NCO/runs/RUN_2025-03-05_08-05-37/54-openroad-rcx/nom/counter.nom.spef line 19589, net ANTENNA_mem_i0_dout1\[10\] not found.
[STA-1648] /home/thanh/NCO/runs/RUN_2025-03-05_08-05-37/54-openroad-rcx/nom/counter.nom.spef line 19599, instance ANTENNA_mem_i0_dout1\[11\] not found.
[STA-1650] /home/thanh/NCO/runs/RUN_2025-03-05_08-05-37/54-openroad-rcx/nom/counter.nom.spef line 19605, net ANTENNA_mem_i0_dout1\[11\] not found.
[STA-1650] /home/thanh/NCO/runs/RUN_2025-03-05_08-05-37/54-openroad-rcx/nom/counter.nom.spef line 19626, net ANTENNA_mem_i0_dout1\[11\] not found.
[STA-1648] /home/thanh/NCO/runs/RUN_2025-03-05_08-05-37/54-openroad-rcx/nom/counter.nom.spef line 19636, instance ANTENNA_mem_i0_dout1\[12\] not found.
[STA-1650] /home/thanh/NCO/runs/RUN_2025-03-05_08-05-37/54-openroad-rcx/nom/counter.nom.spef line 19642, net ANTENNA_mem_i0_dout1\[12\] not found.
[STA-1650] /home/thanh/NCO/runs/RUN_2025-03-05_08-05-37/54-openroad-rcx/nom/counter.nom.spef line 19664, net ANTENNA_mem_i0_dout1\[12\] not found.
[STA-1648] /home/thanh/NCO/runs/RUN_2025-03-05_08-05-37/54-openroad-rcx/nom/counter.nom.spef line 19674, instance ANTENNA_mem_i0_dout1\[13\] not found.
[STA-1650] /home/thanh/NCO/runs/RUN_2025-03-05_08-05-37/54-openroad-rcx/nom/counter.nom.spef line 19680, net ANTENNA_mem_i0_dout1\[13\] not found.
[STA-1650] /home/thanh/NCO/runs/RUN_2025-03-05_08-05-37/54-openroad-rcx/nom/counter.nom.spef line 19694, net ANTENNA_mem_i0_dout1\[13\] not found.
[STA-1648] /home/thanh/NCO/runs/RUN_2025-03-05_08-05-37/54-openroad-rcx/nom/counter.nom.spef line 19704, instance ANTENNA_mem_i0_dout1\[14\] not found.
[STA-1650] /home/thanh/NCO/runs/RUN_2025-03-05_08-05-37/54-openroad-rcx/nom/counter.nom.spef line 19710, net ANTENNA_mem_i0_dout1\[14\] not found.
[STA-1650] /home/thanh/NCO/runs/RUN_2025-03-05_08-05-37/54-openroad-rcx/nom/counter.nom.spef line 19739, net ANTENNA_mem_i0_dout1\[14\] not found.
[STA-1648] /home/thanh/NCO/runs/RUN_2025-03-05_08-05-37/54-openroad-rcx/nom/counter.nom.spef line 19750, instance ANTENNA_mem_i0_dout1\[15\] not found.
[STA-1650] /home/thanh/NCO/runs/RUN_2025-03-05_08-05-37/54-openroad-rcx/nom/counter.nom.spef line 19756, net ANTENNA_mem_i0_dout1\[15\] not found.
[STA-1650] /home/thanh/NCO/runs/RUN_2025-03-05_08-05-37/54-openroad-rcx/nom/counter.nom.spef line 19784, net ANTENNA_mem_i0_dout1\[15\] not found.
[STA-1648] /home/thanh/NCO/runs/RUN_2025-03-05_08-05-37/54-openroad-rcx/nom/counter.nom.spef line 19793, instance ANTENNA_mem_i0_dout1\[1\] not found.
[STA-1650] /home/thanh/NCO/runs/RUN_2025-03-05_08-05-37/54-openroad-rcx/nom/counter.nom.spef line 19799, net ANTENNA_mem_i0_dout1\[1\] not found.
[STA-1650] /home/thanh/NCO/runs/RUN_2025-03-05_08-05-37/54-openroad-rcx/nom/counter.nom.spef line 19825, net ANTENNA_mem_i0_dout1\[1\] not found.
[STA-1648] /home/thanh/NCO/runs/RUN_2025-03-05_08-05-37/54-openroad-rcx/nom/counter.nom.spef line 19831, instance ANTENNA_mem_i0_dout1\[2\] not found.
[STA-1650] /home/thanh/NCO/runs/RUN_2025-03-05_08-05-37/54-openroad-rcx/nom/counter.nom.spef line 19837, net ANTENNA_mem_i0_dout1\[2\] not found.
[STA-1650] /home/thanh/NCO/runs/RUN_2025-03-05_08-05-37/54-openroad-rcx/nom/counter.nom.spef line 19844, net ANTENNA_mem_i1_din0\[13\] not found.
[STA-1650] /home/thanh/NCO/runs/RUN_2025-03-05_08-05-37/54-openroad-rcx/nom/counter.nom.spef line 19845, net ANTENNA_mem_i1_din0\[8\] not found.
[STA-1650] /home/thanh/NCO/runs/RUN_2025-03-05_08-05-37/54-openroad-rcx/nom/counter.nom.spef line 19853, net ANTENNA_mem_i0_dout1\[2\] not found.
[STA-1648] /home/thanh/NCO/runs/RUN_2025-03-05_08-05-37/54-openroad-rcx/nom/counter.nom.spef line 19863, instance ANTENNA_mem_i0_dout1\[3\] not found.
[STA-1650] /home/thanh/NCO/runs/RUN_2025-03-05_08-05-37/54-openroad-rcx/nom/counter.nom.spef line 19869, net ANTENNA_mem_i0_dout1\[3\] not found.
[STA-1650] /home/thanh/NCO/runs/RUN_2025-03-05_08-05-37/54-openroad-rcx/nom/counter.nom.spef line 19877, net ANTENNA_mem_i1_din0\[10\] not found.
[STA-1650] /home/thanh/NCO/runs/RUN_2025-03-05_08-05-37/54-openroad-rcx/nom/counter.nom.spef line 19878, net ANTENNA_mem_i1_din0\[14\] not found.
[STA-1650] /home/thanh/NCO/runs/RUN_2025-03-05_08-05-37/54-openroad-rcx/nom/counter.nom.spef line 19894, net ANTENNA_mem_i0_dout1\[3\] not found.
[STA-1648] /home/thanh/NCO/runs/RUN_2025-03-05_08-05-37/54-openroad-rcx/nom/counter.nom.spef line 19904, instance ANTENNA_mem_i0_dout1\[4\] not found.
[STA-1650] /home/thanh/NCO/runs/RUN_2025-03-05_08-05-37/54-openroad-rcx/nom/counter.nom.spef line 19910, net ANTENNA_mem_i0_dout1\[4\] not found.
[STA-1650] /home/thanh/NCO/runs/RUN_2025-03-05_08-05-37/54-openroad-rcx/nom/counter.nom.spef line 19915, net ANTENNA_mem_i1_din0\[14\] not found.
[STA-1650] /home/thanh/NCO/runs/RUN_2025-03-05_08-05-37/54-openroad-rcx/nom/counter.nom.spef line 19927, net ANTENNA_mem_i0_dout1\[4\] not found.
[STA-1648] /home/thanh/NCO/runs/RUN_2025-03-05_08-05-37/54-openroad-rcx/nom/counter.nom.spef line 19937, instance ANTENNA_mem_i0_dout1\[5\] not found.
[STA-1650] /home/thanh/NCO/runs/RUN_2025-03-05_08-05-37/54-openroad-rcx/nom/counter.nom.spef line 19943, net ANTENNA_mem_i0_dout1\[5\] not found.
[STA-1650] /home/thanh/NCO/runs/RUN_2025-03-05_08-05-37/54-openroad-rcx/nom/counter.nom.spef line 19957, net ANTENNA_mem_i0_dout1\[5\] not found.
[STA-1648] /home/thanh/NCO/runs/RUN_2025-03-05_08-05-37/54-openroad-rcx/nom/counter.nom.spef line 19967, instance ANTENNA_mem_i0_dout1\[6\] not found.
[STA-1650] /home/thanh/NCO/runs/RUN_2025-03-05_08-05-37/54-openroad-rcx/nom/counter.nom.spef line 19973, net ANTENNA_mem_i0_dout1\[6\] not found.
[STA-1650] /home/thanh/NCO/runs/RUN_2025-03-05_08-05-37/54-openroad-rcx/nom/counter.nom.spef line 19986, net ANTENNA_mem_i0_dout1\[6\] not found.
[STA-1648] /home/thanh/NCO/runs/RUN_2025-03-05_08-05-37/54-openroad-rcx/nom/counter.nom.spef line 19996, instance ANTENNA_mem_i0_dout1\[7\] not found.
[STA-1650] /home/thanh/NCO/runs/RUN_2025-03-05_08-05-37/54-openroad-rcx/nom/counter.nom.spef line 20002, net ANTENNA_mem_i0_dout1\[7\] not found.
[STA-1650] /home/thanh/NCO/runs/RUN_2025-03-05_08-05-37/54-openroad-rcx/nom/counter.nom.spef line 20019, net ANTENNA_mem_i0_dout1\[7\] not found.
[STA-1648] /home/thanh/NCO/runs/RUN_2025-03-05_08-05-37/54-openroad-rcx/nom/counter.nom.spef line 20029, instance ANTENNA_mem_i0_dout1\[8\] not found.
[STA-1650] /home/thanh/NCO/runs/RUN_2025-03-05_08-05-37/54-openroad-rcx/nom/counter.nom.spef line 20035, net ANTENNA_mem_i0_dout1\[8\] not found.
[STA-1650] /home/thanh/NCO/runs/RUN_2025-03-05_08-05-37/54-openroad-rcx/nom/counter.nom.spef line 20055, net ANTENNA_mem_i0_dout1\[8\] not found.
[STA-1648] /home/thanh/NCO/runs/RUN_2025-03-05_08-05-37/54-openroad-rcx/nom/counter.nom.spef line 20065, instance ANTENNA_mem_i0_dout1\[9\] not found.
[STA-1650] /home/thanh/NCO/runs/RUN_2025-03-05_08-05-37/54-openroad-rcx/nom/counter.nom.spef line 20071, net ANTENNA_mem_i0_dout1\[9\] not found.
[STA-1650] /home/thanh/NCO/runs/RUN_2025-03-05_08-05-37/54-openroad-rcx/nom/counter.nom.spef line 20090, net ANTENNA_mem_i0_dout1\[9\] not found.
[STA-1648] /home/thanh/NCO/runs/RUN_2025-03-05_08-05-37/54-openroad-rcx/nom/counter.nom.spef line 20099, instance ANTENNA_mem_i1_dout1\[0\] not found.
[STA-1650] /home/thanh/NCO/runs/RUN_2025-03-05_08-05-37/54-openroad-rcx/nom/counter.nom.spef line 20105, net ANTENNA_mem_i1_dout1\[0\] not found.
[STA-1650] /home/thanh/NCO/runs/RUN_2025-03-05_08-05-37/54-openroad-rcx/nom/counter.nom.spef line 20119, net ANTENNA_mem_i1_addr0\[0\] not found.
[STA-1650] /home/thanh/NCO/runs/RUN_2025-03-05_08-05-37/54-openroad-rcx/nom/counter.nom.spef line 20158, net ANTENNA_mem_i1_dout1\[0\] not found.
[STA-1648] /home/thanh/NCO/runs/RUN_2025-03-05_08-05-37/54-openroad-rcx/nom/counter.nom.spef line 20345, instance ANTENNA_mem_i1_addr1\[0\] not found.
[STA-1648] /home/thanh/NCO/runs/RUN_2025-03-05_08-05-37/54-openroad-rcx/nom/counter.nom.spef line 20349, instance ANTENNA_mem_i0_addr1\[0\] not found.
[STA-1650] /home/thanh/NCO/runs/RUN_2025-03-05_08-05-37/54-openroad-rcx/nom/counter.nom.spef line 20363, net ANTENNA_mem_i1_addr1\[0\] not found.
[STA-1650] /home/thanh/NCO/runs/RUN_2025-03-05_08-05-37/54-openroad-rcx/nom/counter.nom.spef line 20367, net ANTENNA_mem_i0_addr1\[0\] not found.
[STA-1650] /home/thanh/NCO/runs/RUN_2025-03-05_08-05-37/54-openroad-rcx/nom/counter.nom.spef line 20428, net ANTENNA_mem_i1_addr1\[7\] not found.
[STA-1650] /home/thanh/NCO/runs/RUN_2025-03-05_08-05-37/54-openroad-rcx/nom/counter.nom.spef line 20439, net ANTENNA_mem_i0_addr1\[0\] not found.
[STA-1650] /home/thanh/NCO/runs/RUN_2025-03-05_08-05-37/54-openroad-rcx/nom/counter.nom.spef line 20494, net ANTENNA_mem_i0_addr1\[0\] not found.
[STA-1650] /home/thanh/NCO/runs/RUN_2025-03-05_08-05-37/54-openroad-rcx/nom/counter.nom.spef line 20504, net ANTENNA_mem_i1_addr1\[0\] not found.
[STA-1648] /home/thanh/NCO/runs/RUN_2025-03-05_08-05-37/54-openroad-rcx/nom/counter.nom.spef line 20513, instance ANTENNA_mem_i1_addr1\[1\] not found.
[STA-1648] /home/thanh/NCO/runs/RUN_2025-03-05_08-05-37/54-openroad-rcx/nom/counter.nom.spef line 20523, instance ANTENNA_mem_i0_addr1\[1\] not found.
[STA-1650] /home/thanh/NCO/runs/RUN_2025-03-05_08-05-37/54-openroad-rcx/nom/counter.nom.spef line 20529, net ANTENNA_mem_i1_addr1\[1\] not found.
[STA-1650] /home/thanh/NCO/runs/RUN_2025-03-05_08-05-37/54-openroad-rcx/nom/counter.nom.spef line 20539, net ANTENNA_mem_i0_addr1\[1\] not found.
[STA-1650] /home/thanh/NCO/runs/RUN_2025-03-05_08-05-37/54-openroad-rcx/nom/counter.nom.spef line 20591, net ANTENNA_mem_i0_addr1\[1\] not found.
[STA-1650] /home/thanh/NCO/runs/RUN_2025-03-05_08-05-37/54-openroad-rcx/nom/counter.nom.spef line 20626, net ANTENNA_mem_i0_addr1\[1\] not found.
[STA-1650] /home/thanh/NCO/runs/RUN_2025-03-05_08-05-37/54-openroad-rcx/nom/counter.nom.spef line 20652, net ANTENNA_mem_i1_addr1\[1\] not found.
[STA-1648] /home/thanh/NCO/runs/RUN_2025-03-05_08-05-37/54-openroad-rcx/nom/counter.nom.spef line 20657, instance ANTENNA_mem_i1_addr1\[2\] not found.
[STA-1648] /home/thanh/NCO/runs/RUN_2025-03-05_08-05-37/54-openroad-rcx/nom/counter.nom.spef line 20659, instance ANTENNA_mem_i0_addr1\[2\] not found.
[STA-1650] /home/thanh/NCO/runs/RUN_2025-03-05_08-05-37/54-openroad-rcx/nom/counter.nom.spef line 20671, net ANTENNA_mem_i1_addr1\[2\] not found.
[STA-1650] /home/thanh/NCO/runs/RUN_2025-03-05_08-05-37/54-openroad-rcx/nom/counter.nom.spef line 20673, net ANTENNA_mem_i0_addr1\[2\] not found.
[STA-1650] /home/thanh/NCO/runs/RUN_2025-03-05_08-05-37/54-openroad-rcx/nom/counter.nom.spef line 20697, net ANTENNA_mem_i0_addr1\[2\] not found.
[STA-1650] /home/thanh/NCO/runs/RUN_2025-03-05_08-05-37/54-openroad-rcx/nom/counter.nom.spef line 20702, net ANTENNA_mem_i1_addr1\[3\] not found.
[STA-1650] /home/thanh/NCO/runs/RUN_2025-03-05_08-05-37/54-openroad-rcx/nom/counter.nom.spef line 20717, net ANTENNA_mem_i1_addr1\[2\] not found.
[STA-1650] /home/thanh/NCO/runs/RUN_2025-03-05_08-05-37/54-openroad-rcx/nom/counter.nom.spef line 20721, net ANTENNA_mem_i1_addr1\[2\] not found.
[STA-1650] /home/thanh/NCO/runs/RUN_2025-03-05_08-05-37/54-openroad-rcx/nom/counter.nom.spef line 20755, net ANTENNA_mem_i0_addr1\[2\] not found.
[STA-1650] /home/thanh/NCO/runs/RUN_2025-03-05_08-05-37/54-openroad-rcx/nom/counter.nom.spef line 20759, net ANTENNA_mem_i1_addr1\[2\] not found.
[STA-1648] /home/thanh/NCO/runs/RUN_2025-03-05_08-05-37/54-openroad-rcx/nom/counter.nom.spef line 20763, instance ANTENNA_mem_i1_addr1\[3\] not found.
[STA-1648] /home/thanh/NCO/runs/RUN_2025-03-05_08-05-37/54-openroad-rcx/nom/counter.nom.spef line 20765, instance ANTENNA_mem_i0_addr1\[3\] not found.
[STA-1650] /home/thanh/NCO/runs/RUN_2025-03-05_08-05-37/54-openroad-rcx/nom/counter.nom.spef line 20775, net ANTENNA_mem_i1_addr1\[3\] not found.
[STA-1650] /home/thanh/NCO/runs/RUN_2025-03-05_08-05-37/54-openroad-rcx/nom/counter.nom.spef line 20777, net ANTENNA_mem_i0_addr1\[3\] not found.
[STA-1650] /home/thanh/NCO/runs/RUN_2025-03-05_08-05-37/54-openroad-rcx/nom/counter.nom.spef line 20802, net ANTENNA_mem_i0_addr1\[2\] not found.
[STA-1650] /home/thanh/NCO/runs/RUN_2025-03-05_08-05-37/54-openroad-rcx/nom/counter.nom.spef line 20807, net ANTENNA_mem_i1_addr1\[3\] not found.
[STA-1650] /home/thanh/NCO/runs/RUN_2025-03-05_08-05-37/54-openroad-rcx/nom/counter.nom.spef line 20818, net ANTENNA_mem_i1_addr1\[3\] not found.
[STA-1650] /home/thanh/NCO/runs/RUN_2025-03-05_08-05-37/54-openroad-rcx/nom/counter.nom.spef line 20836, net ANTENNA_mem_i0_addr1\[3\] not found.
[STA-1650] /home/thanh/NCO/runs/RUN_2025-03-05_08-05-37/54-openroad-rcx/nom/counter.nom.spef line 20839, net ANTENNA_mem_i1_addr1\[3\] not found.
[STA-1648] /home/thanh/NCO/runs/RUN_2025-03-05_08-05-37/54-openroad-rcx/nom/counter.nom.spef line 20846, instance ANTENNA_mem_i1_addr1\[4\] not found.
[STA-1648] /home/thanh/NCO/runs/RUN_2025-03-05_08-05-37/54-openroad-rcx/nom/counter.nom.spef line 20848, instance ANTENNA_mem_i0_addr1\[4\] not found.
[STA-1650] /home/thanh/NCO/runs/RUN_2025-03-05_08-05-37/54-openroad-rcx/nom/counter.nom.spef line 20864, net ANTENNA_mem_i1_addr1\[4\] not found.
[STA-1650] /home/thanh/NCO/runs/RUN_2025-03-05_08-05-37/54-openroad-rcx/nom/counter.nom.spef line 20866, net ANTENNA_mem_i0_addr1\[4\] not found.
[STA-1650] /home/thanh/NCO/runs/RUN_2025-03-05_08-05-37/54-openroad-rcx/nom/counter.nom.spef line 20946, net ANTENNA_mem_i1_addr1\[4\] not found.
[STA-1650] /home/thanh/NCO/runs/RUN_2025-03-05_08-05-37/54-openroad-rcx/nom/counter.nom.spef line 20977, net ANTENNA_mem_i0_addr1\[4\] not found.
[STA-1650] /home/thanh/NCO/runs/RUN_2025-03-05_08-05-37/54-openroad-rcx/nom/counter.nom.spef line 20980, net ANTENNA_mem_i1_addr1\[4\] not found.
[STA-1648] /home/thanh/NCO/runs/RUN_2025-03-05_08-05-37/54-openroad-rcx/nom/counter.nom.spef line 20991, instance ANTENNA_mem_i0_addr1\[5\] not found.
[STA-1648] /home/thanh/NCO/runs/RUN_2025-03-05_08-05-37/54-openroad-rcx/nom/counter.nom.spef line 20996, instance ANTENNA_mem_i1_addr1\[5\] not found.
[STA-1650] /home/thanh/NCO/runs/RUN_2025-03-05_08-05-37/54-openroad-rcx/nom/counter.nom.spef line 21007, net ANTENNA_mem_i0_addr1\[5\] not found.
[STA-1650] /home/thanh/NCO/runs/RUN_2025-03-05_08-05-37/54-openroad-rcx/nom/counter.nom.spef line 21012, net ANTENNA_mem_i1_addr1\[5\] not found.
[STA-1650] /home/thanh/NCO/runs/RUN_2025-03-05_08-05-37/54-openroad-rcx/nom/counter.nom.spef line 21038, net ANTENNA_mem_i0_addr1\[5\] not found.
[STA-1650] /home/thanh/NCO/runs/RUN_2025-03-05_08-05-37/54-openroad-rcx/nom/counter.nom.spef line 21038, net ANTENNA_mem_i0_addr1\[6\] not found.
[STA-1650] /home/thanh/NCO/runs/RUN_2025-03-05_08-05-37/54-openroad-rcx/nom/counter.nom.spef line 21072, net ANTENNA_mem_i0_addr1\[6\] not found.
[STA-1650] /home/thanh/NCO/runs/RUN_2025-03-05_08-05-37/54-openroad-rcx/nom/counter.nom.spef line 21133, net ANTENNA_mem_i1_addr1\[5\] not found.
[STA-1650] /home/thanh/NCO/runs/RUN_2025-03-05_08-05-37/54-openroad-rcx/nom/counter.nom.spef line 21149, net ANTENNA_mem_i0_addr1\[5\] not found.
[STA-1648] /home/thanh/NCO/runs/RUN_2025-03-05_08-05-37/54-openroad-rcx/nom/counter.nom.spef line 21157, instance ANTENNA_mem_i1_addr1\[6\] not found.
[STA-1648] /home/thanh/NCO/runs/RUN_2025-03-05_08-05-37/54-openroad-rcx/nom/counter.nom.spef line 21164, instance ANTENNA_mem_i0_addr1\[6\] not found.
[STA-1650] /home/thanh/NCO/runs/RUN_2025-03-05_08-05-37/54-openroad-rcx/nom/counter.nom.spef line 21171, net ANTENNA_mem_i1_addr1\[6\] not found.
[STA-1650] /home/thanh/NCO/runs/RUN_2025-03-05_08-05-37/54-openroad-rcx/nom/counter.nom.spef line 21178, net ANTENNA_mem_i0_addr1\[6\] not found.
[STA-1650] /home/thanh/NCO/runs/RUN_2025-03-05_08-05-37/54-openroad-rcx/nom/counter.nom.spef line 21200, net ANTENNA_mem_i0_addr1\[6\] not found.
[STA-1650] /home/thanh/NCO/runs/RUN_2025-03-05_08-05-37/54-openroad-rcx/nom/counter.nom.spef line 21200, net ANTENNA_mem_i0_addr1\[7\] not found.
[STA-1650] /home/thanh/NCO/runs/RUN_2025-03-05_08-05-37/54-openroad-rcx/nom/counter.nom.spef line 21201, net ANTENNA_mem_i0_addr1\[6\] not found.
[STA-1650] /home/thanh/NCO/runs/RUN_2025-03-05_08-05-37/54-openroad-rcx/nom/counter.nom.spef line 21214, net ANTENNA_mem_i0_addr1\[5\] not found.
[STA-1650] /home/thanh/NCO/runs/RUN_2025-03-05_08-05-37/54-openroad-rcx/nom/counter.nom.spef line 21214, net ANTENNA_mem_i0_addr1\[6\] not found.
[STA-1650] /home/thanh/NCO/runs/RUN_2025-03-05_08-05-37/54-openroad-rcx/nom/counter.nom.spef line 21246, net ANTENNA_mem_i1_addr1\[6\] not found.
[STA-1650] /home/thanh/NCO/runs/RUN_2025-03-05_08-05-37/54-openroad-rcx/nom/counter.nom.spef line 21247, net ANTENNA_mem_i1_addr1\[6\] not found.
[STA-1650] /home/thanh/NCO/runs/RUN_2025-03-05_08-05-37/54-openroad-rcx/nom/counter.nom.spef line 21248, net ANTENNA_mem_i1_addr1\[6\] not found.
[STA-1650] /home/thanh/NCO/runs/RUN_2025-03-05_08-05-37/54-openroad-rcx/nom/counter.nom.spef line 21249, net ANTENNA_mem_i1_addr1\[6\] not found.
[STA-1650] /home/thanh/NCO/runs/RUN_2025-03-05_08-05-37/54-openroad-rcx/nom/counter.nom.spef line 21250, net ANTENNA_mem_i1_addr1\[6\] not found.
[STA-1650] /home/thanh/NCO/runs/RUN_2025-03-05_08-05-37/54-openroad-rcx/nom/counter.nom.spef line 21252, net ANTENNA_mem_i1_addr1\[6\] not found.
[STA-1650] /home/thanh/NCO/runs/RUN_2025-03-05_08-05-37/54-openroad-rcx/nom/counter.nom.spef line 21277, net ANTENNA_mem_i0_addr1\[6\] not found.
[STA-1650] /home/thanh/NCO/runs/RUN_2025-03-05_08-05-37/54-openroad-rcx/nom/counter.nom.spef line 21295, net ANTENNA_mem_i0_addr1\[6\] not found.
[STA-1650] /home/thanh/NCO/runs/RUN_2025-03-05_08-05-37/54-openroad-rcx/nom/counter.nom.spef line 21305, net ANTENNA_mem_i1_addr1\[6\] not found.
[STA-1648] /home/thanh/NCO/runs/RUN_2025-03-05_08-05-37/54-openroad-rcx/nom/counter.nom.spef line 21311, instance ANTENNA_mem_i0_addr1\[7\] not found.
[STA-1648] /home/thanh/NCO/runs/RUN_2025-03-05_08-05-37/54-openroad-rcx/nom/counter.nom.spef line 21312, instance ANTENNA_mem_i1_addr1\[7\] not found.
[STA-1650] /home/thanh/NCO/runs/RUN_2025-03-05_08-05-37/54-openroad-rcx/nom/counter.nom.spef line 21323, net ANTENNA_mem_i0_addr1\[7\] not found.
[STA-1650] /home/thanh/NCO/runs/RUN_2025-03-05_08-05-37/54-openroad-rcx/nom/counter.nom.spef line 21324, net ANTENNA_mem_i1_addr1\[7\] not found.
[STA-1650] /home/thanh/NCO/runs/RUN_2025-03-05_08-05-37/54-openroad-rcx/nom/counter.nom.spef line 21350, net ANTENNA_mem_i0_addr1\[6\] not found.
[STA-1650] /home/thanh/NCO/runs/RUN_2025-03-05_08-05-37/54-openroad-rcx/nom/counter.nom.spef line 21350, net ANTENNA_mem_i0_addr1\[7\] not found.
[STA-1650] /home/thanh/NCO/runs/RUN_2025-03-05_08-05-37/54-openroad-rcx/nom/counter.nom.spef line 21351, net ANTENNA_mem_i0_addr1\[6\] not found.
[STA-1650] /home/thanh/NCO/runs/RUN_2025-03-05_08-05-37/54-openroad-rcx/nom/counter.nom.spef line 21386, net ANTENNA_mem_i1_addr1\[7\] not found.
[STA-1650] /home/thanh/NCO/runs/RUN_2025-03-05_08-05-37/54-openroad-rcx/nom/counter.nom.spef line 21390, net ANTENNA_mem_i1_addr1\[7\] not found.
[STA-1650] /home/thanh/NCO/runs/RUN_2025-03-05_08-05-37/54-openroad-rcx/nom/counter.nom.spef line 21396, net ANTENNA_mem_i1_addr1\[7\] not found.
[STA-1650] /home/thanh/NCO/runs/RUN_2025-03-05_08-05-37/54-openroad-rcx/nom/counter.nom.spef line 21437, net ANTENNA_mem_i1_addr1\[7\] not found.
[STA-1650] /home/thanh/NCO/runs/RUN_2025-03-05_08-05-37/54-openroad-rcx/nom/counter.nom.spef line 21444, net ANTENNA_mem_i0_addr1\[7\] not found.
[INFO PSM-0040] All shapes on net vccd1 are connected.
########## IR report #################
Net              : vccd1
Corner           : nom_tt_025C_1v80
Supply voltage   : 1.80e+00 V
Worstcase voltage: -6.25e+06 V
Average voltage  : -4.28e+03 V
Average IR drop  : 4.28e+03 V
Worstcase IR drop: 6.25e+06 V
Percentage drop  : 347437024.00 %
######################################
[INFO PSM-0040] All shapes on net vssd1 are connected.
########## IR report #################
Net              : vssd1
Corner           : nom_tt_025C_1v80
Supply voltage   : 0.00e+00 V
Worstcase voltage: 6.08e+06 V
Average voltage  : 4.10e+03 V
Average IR drop  : 4.10e+03 V
Worstcase IR drop: 6.08e+06 V
Percentage drop  : 337774432.00 %
######################################

Running 'Magic.StreamOut' at 'runs/RUN_2025-03-05_08-05-37/57-magic-streamout'…
Logging subprocess to [repr.filename]'runs/RUN_2025-03-05_08-05-37/57-magic-streamout/ram256x16.get_bbox.log'[/repr.filename]…
Error while reading cell "sky130_fd_bd_sram__openram_dp_cell" (byte position 4767074): Unknown layer/datatype in boundary, layer=33 type=42

Error while reading cell "sky130_fd_bd_sram__openram_dp_cell" (byte position 4770850): Unknown layer/datatype in boundary, layer=33 type=43

Error while reading cell "sky130_fd_bd_sram__openram_dp_cell" (byte position 4775042): Unknown layer/datatype in boundary, layer=22 type=21

Error while reading cell "sky130_fd_bd_sram__openram_dp_cell" (byte position 4781570): Unknown layer/datatype in boundary, layer=22 type=22

Error while reading cell "sky130_fd_bd_sram__openram_dp_cell" (byte position 4785954): Unknown layer/datatype in boundary, layer=235 type=0

Error while reading cell "sky130_fd_bd_sram__openram_dp_cell_replica" (byte position 4853746): Unknown layer/datatype in boundary, layer=33 type=42

Error while reading cell "sky130_fd_bd_sram__openram_dp_cell_replica" (byte position 4857522): Unknown layer/datatype in boundary, layer=33 type=43

Error while reading cell "sky130_fd_bd_sram__openram_dp_cell_replica" (byte position 4861714): Unknown layer/datatype in boundary, layer=22 type=21

Error while reading cell "sky130_fd_bd_sram__openram_dp_cell_replica" (byte position 4868242): Unknown layer/datatype in boundary, layer=22 type=22

Error while reading cell "sky130_fd_bd_sram__openram_dp_cell_replica" (byte position 4872626): Unknown layer/datatype in boundary, layer=235 type=0

Error while reading cell "sky130_fd_bd_sram__openram_dp_cell_dummy" (byte position 4881816): Unknown layer/datatype in boundary, layer=33 type=42

Error while reading cell "sky130_fd_bd_sram__openram_dp_cell_dummy" (byte position 4885592): Unknown layer/datatype in boundary, layer=33 type=43

Error while reading cell "sky130_fd_bd_sram__openram_dp_cell_dummy" (byte position 4889784): Unknown layer/datatype in boundary, layer=22 type=21

Error while reading cell "sky130_fd_bd_sram__openram_dp_cell_dummy" (byte position 4894648): Unknown layer/datatype in boundary, layer=22 type=22

Error while reading cell "sky130_fd_bd_sram__openram_dp_cell_dummy" (byte position 4898904): Unknown layer/datatype in boundary, layer=235 type=0

Error while reading cell "sky130_fd_bd_sram__openram_dp_cell_cap_row" (byte position 5221650): Unknown layer/datatype in boundary, layer=33 type=42

Error while reading cell "sky130_fd_bd_sram__openram_dp_cell_cap_row" (byte position 5222354): Unknown layer/datatype in boundary, layer=33 type=43

Error while reading cell "sky130_fd_bd_sram__openram_dp_cell_cap_row" (byte position 5223378): Unknown layer/datatype in boundary, layer=22 type=21

Logging subprocess to [repr.filename]'runs/RUN_2025-03-05_08-05-37/57-magic-streamout/magic-streamout.log'[/repr.filename]…
Running 'KLayout.StreamOut' at 'runs/RUN_2025-03-05_08-05-37/58-klayout-streamout'…
Logging subprocess to [repr.filename]'runs/RUN_2025-03-05_08-05-37/58-klayout-streamout/klayout-streamout.log'[/repr.filename]…
Running 'Magic.WriteLEF' at 'runs/RUN_2025-03-05_08-05-37/59-magic-writelef'…
Logging subprocess to [repr.filename]'runs/RUN_2025-03-05_08-05-37/59-magic-writelef/magic-writelef.log'[/repr.filename]…
Running 'Odb.CheckDesignAntennaProperties' at 'runs/RUN_2025-03-05_08-05-37/60-odb-checkdesignantennaproperties'…
Logging subprocess to [repr.filename]'runs/RUN_2025-03-05_08-05-37/60-odb-checkdesignantennaproperties/odb-checkdesignantennaproperties.log'[/repr.filename]…
Running 'KLayout.XOR' at 'runs/RUN_2025-03-05_08-05-37/61-klayout-xor'…
Running XOR with 12 threads…
Logging subprocess to [repr.filename]'runs/RUN_2025-03-05_08-05-37/61-klayout-xor/klayout-xor.log'[/repr.filename]…
Running 'Checker.XOR' at 'runs/RUN_2025-03-05_08-05-37/62-checker-xor'…
Check for XOR differences clear.
Gating variable for step 'Magic.DRC' set to 'False'- the step will be skipped.
Skipping step 'DRC'…
Gating variable for step 'KLayout.DRC' set to 'False'- the step will be skipped.
Skipping step 'Design Rule Check (KLayout)'…
Gating variable for step 'Checker.MagicDRC' set to 'False'- the step will be skipped.
Skipping step 'Magic DRC Checker'…
Gating variable for step 'Checker.KLayoutDRC' set to 'False'- the step will be skipped.
Skipping step 'KLayout DRC Checker'…
Running 'Magic.SpiceExtraction' at 'runs/RUN_2025-03-05_08-05-37/63-magic-spiceextraction'…
Logging subprocess to [repr.filename]'runs/RUN_2025-03-05_08-05-37/63-magic-spiceextraction/magic-spiceextraction.log'[/repr.filename]…
Running 'Checker.IllegalOverlap' at 'runs/RUN_2025-03-05_08-05-37/64-checker-illegaloverlap'…
Check for Magic Illegal Overlap errors clear.
Running 'Netgen.LVS' at 'runs/RUN_2025-03-05_08-05-37/65-netgen-lvs'…
Logging subprocess to [repr.filename]'runs/RUN_2025-03-05_08-05-37/65-netgen-lvs/netgen-lvs.log'[/repr.filename]…
Running 'Checker.LVS' at 'runs/RUN_2025-03-05_08-05-37/66-checker-lvs'…
Check for LVS errors clear.
Gating variable for step 'Yosys.EQY' set to 'False'- the step will be skipped.
Skipping step 'Equivalence Check'…
Running 'Checker.SetupViolations' at 'runs/RUN_2025-03-05_08-05-37/67-checker-setupviolations'…
Setup violations found in the following corners:
* max_ss_100C_1v60
No setup violations found
Running 'Checker.HoldViolations' at 'runs/RUN_2025-03-05_08-05-37/68-checker-holdviolations'…
No hold violations found
Running 'Checker.MaxSlewViolations' at 'runs/RUN_2025-03-05_08-05-37/69-checker-maxslewviolations'…
Max Slew violations found in the following corners:
* max_ff_n40C_1v95
* max_ss_100C_1v60
* max_tt_025C_1v80
* min_ff_n40C_1v95
* min_ss_100C_1v60
* min_tt_025C_1v80
* nom_ff_n40C_1v95
* nom_ss_100C_1v60
* nom_tt_025C_1v80
No max slew violations found
Running 'Checker.MaxCapViolations' at 'runs/RUN_2025-03-05_08-05-37/70-checker-maxcapviolations'…
Max Cap violations found in the following corners:
* max_ff_n40C_1v95
* max_ss_100C_1v60
* max_tt_025C_1v80
* min_ff_n40C_1v95
* min_ss_100C_1v60
* min_tt_025C_1v80
* nom_ff_n40C_1v95
* nom_ss_100C_1v60
* nom_tt_025C_1v80
No max cap violations found
Running 'Misc.ReportManufacturability' at 'runs/RUN_2025-03-05_08-05-37/71-misc-reportmanufacturability'…
klayout__drc_error__count not reported. KLayout.DRC may have been skipped.
magic__drc_error__count not reported. Magic.DRC may have been skipped.
Saving views to '/home/thanh/NCO/runs/RUN_2025-03-05_08-05-37/final'…
Flow complete.
