Clock: clk
Sources: clk 
Generated: no
Virtual: yes
Propagated: no
Period: 5.100000

===========================================================================
report_clock_properties
============================================================================
Clock                   Period          Waveform
----------------------------------------------------
clk                   5.100000    0.000000  2.550000

===========================================================================
report_clock_latency
============================================================================
Clock clk
rise -> rise
    min     max
0.000000 0.000000 source latency
0.577899         network latency mem_i0/clk1
        0.592719 network latency _138_/CLK
---------------
0.577899 0.592719 latency
        0.014819 skew

fall -> fall
    min     max
0.000000 0.000000 source latency
0.476070         network latency mem_i0/clk1
        0.487773 network latency _138_/CLK
---------------
0.476070 0.487773 latency
        0.011703 skew



===========================================================================
report_clock_min_period
============================================================================
clk period_min = 1.42 fmax = 702.06
