Reading timing models for corner nom_tt_025C_1v80…
Reading timing library for the 'nom_tt_025C_1v80' corner at '/home/thanh/.volare/volare/sky130/versions/0fe599b2afb6708d281543108caf8310912f54af/sky130A/libs.ref/sky130_fd_sc_hd/lib/sky130_fd_sc_hd__tt_025C_1v80.lib'…
Reading timing models for corner nom_ff_n40C_1v95…
Reading timing library for the 'nom_ff_n40C_1v95' corner at '/home/thanh/.volare/volare/sky130/versions/0fe599b2afb6708d281543108caf8310912f54af/sky130A/libs.ref/sky130_fd_sc_hd/lib/sky130_fd_sc_hd__ff_n40C_1v95.lib'…
Reading timing models for corner nom_ss_100C_1v60…
Reading timing library for the 'nom_ss_100C_1v60' corner at '/home/thanh/.volare/volare/sky130/versions/0fe599b2afb6708d281543108caf8310912f54af/sky130A/libs.ref/sky130_fd_sc_hd/lib/sky130_fd_sc_hd__ss_100C_1v60.lib'…
Reading OpenROAD database at '/home/thanh/NCO/runs/RUN_2025-03-02_13-13-21/27-openroad-globalplacement/counter.odb'…
Reading design constraints file at '/nix/store/ss2cw3sxbrwwx9jl0rrppbw4kgcmgi2n-python3-3.11.9-env/lib/python3.11/site-packages/openlane/scripts/base.sdc'…
[INFO] Using clock clk…
[INFO] Setting output delay to: 2
[INFO] Setting input delay to: 2
[INFO] Setting load to: 0.033442
[INFO] Setting clock uncertainty to: 0.25
[INFO] Setting clock transition to: 0.1499999999999999944488848768742172978818416595458984375
[INFO] Setting timing derate to: 5%
[INFO] Setting RC values…
[INFO RSZ-0027] Inserted 1 input buffers.
[INFO RSZ-0028] Inserted 16 output buffers.
[INFO RSZ-0058] Using max wire length 6335um.
Iteration | Resized | Buffers | Nets repaired | Remaining
---------------------------------------------------------
        0 |       0 |       0 |             0 |       430
       10 |       9 |       0 |             0 |       420
       20 |      16 |       0 |             0 |       410
       30 |      23 |       0 |             0 |       400
       40 |      33 |       0 |             0 |       390
       50 |      42 |       0 |             0 |       380
       60 |      52 |       0 |             0 |       370
       70 |      62 |       0 |             0 |       360
       80 |      71 |       0 |             0 |       350
       90 |      81 |       0 |             0 |       340
      100 |      91 |       0 |             0 |       330
      110 |     101 |       0 |             0 |       320
      120 |     111 |       0 |             0 |       310
      130 |     121 |       0 |             0 |       300
      140 |     131 |       0 |             0 |       290
      150 |     141 |       0 |             0 |       280
      160 |     151 |       0 |             0 |       270
      170 |     161 |       0 |             0 |       260
      180 |     171 |       0 |             0 |       250
      190 |     181 |       0 |             0 |       240
      200 |     191 |       0 |             0 |       230
      210 |     201 |       0 |             0 |       220
      220 |     211 |       0 |             0 |       210
      230 |     220 |       0 |             0 |       200
      240 |     230 |       0 |             0 |       190
      250 |     239 |       0 |             0 |       180
      260 |     249 |       0 |             0 |       170
      270 |     259 |       0 |             0 |       160
      280 |     268 |       0 |             0 |       150
      290 |     277 |       0 |             0 |       140
      300 |     286 |       0 |             0 |       130
      310 |     295 |       0 |             0 |       120
      320 |     305 |       0 |             0 |       110
      330 |     315 |       0 |             0 |       100
      340 |     325 |       1 |             1 |        90
      350 |     334 |       2 |             2 |        80
      360 |     337 |       2 |             2 |        70
      370 |     342 |       3 |             3 |        60
      380 |     351 |       4 |             5 |        50
      390 |     358 |       6 |             7 |        40
      400 |     363 |       7 |             8 |        30
      410 |     373 |      16 |            12 |        20
      420 |     424 |      62 |            21 |        10
      430 |     425 |      62 |            21 |         0
    final |     425 |      62 |            21 |         0
---------------------------------------------------------
[INFO RSZ-0034] Found 2 slew violations.
[INFO RSZ-0035] Found 19 fanout violations.
[INFO RSZ-0038] Inserted 62 buffers in 21 nets.
[INFO RSZ-0039] Resized 425 instances.
Placement Analysis
---------------------------------
total displacement       1143.2 u
average displacement        1.8 u
max displacement            9.6 u
original HPWL           12290.9 u
legalized HPWL          13101.3 u
delta HPWL                    7 %

[INFO DPL-0020] Mirrored 207 instances
[INFO DPL-0021] HPWL before           13101.3 u
[INFO DPL-0022] HPWL after            12829.9 u
[INFO DPL-0023] HPWL delta               -2.1 %
[INFO] Setting RC values…
Setting global connections for newly added cells…
[INFO] Setting global connections...
Updating metrics…
Cell type report:                       Count       Area
  Fill cell                                62     232.72
  Tap cell                                 99     123.87
  Timing Repair Buffer                     79     501.73
  Inverter                                 16      60.06
  Sequential cell                           8     200.19
  Multi-Input combinational cell          387    2951.58
  Total                                   651    4070.15
Writing OpenROAD database to '/home/thanh/NCO/runs/RUN_2025-03-02_13-13-21/31-openroad-repairdesignpostgpl/counter.odb'…
Writing netlist to '/home/thanh/NCO/runs/RUN_2025-03-02_13-13-21/31-openroad-repairdesignpostgpl/counter.nl.v'…
Writing powered netlist to '/home/thanh/NCO/runs/RUN_2025-03-02_13-13-21/31-openroad-repairdesignpostgpl/counter.pnl.v'…
Writing layout to '/home/thanh/NCO/runs/RUN_2025-03-02_13-13-21/31-openroad-repairdesignpostgpl/counter.def'…
Writing timing constraints to '/home/thanh/NCO/runs/RUN_2025-03-02_13-13-21/31-openroad-repairdesignpostgpl/counter.sdc'…
