Clock: clk
Sources: clk 
Generated: no
Virtual: yes
Propagated: no
Period: 5.000000

===========================================================================
report_clock_properties
============================================================================
Clock                   Period          Waveform
----------------------------------------------------
clk                   5.000000    0.000000  2.500000

===========================================================================
report_clock_latency
============================================================================
Clock clk
rise -> rise
    min     max
0.000000 0.000000 source latency
1.325271         network latency mem_i0/clk1
        1.387369 network latency _128_/CLK
---------------
1.325271 1.387369 latency
        0.062097 skew

fall -> fall
    min     max
0.000000 0.000000 source latency
1.083520         network latency mem_i0/clk1
        1.131880 network latency _128_/CLK
---------------
1.083520 1.131880 latency
        0.048360 skew



===========================================================================
report_clock_min_period
============================================================================
clk period_min = 3.55 fmax = 281.60
