
===========================================================================
Violator List
============================================================================
[setup reg-reg] mem_i1/dout1[8] -> _120_/D : -0.148855
[setup reg-out] _144_/Q -> sine_out[7] : -0.135944
[setup reg-out] _123_/Q -> sine_out[11] : -0.116478
[setup reg-out] _142_/Q -> sine_out[5] : -0.112397
[setup reg-out] _124_/Q -> sine_out[12] : -0.099468
[setup reg-out] _141_/Q -> sine_out[4] : -0.099090
[setup reg-out] _143_/Q -> sine_out[6] : -0.092112
[setup reg-reg] mem_i1/dout1[7] -> _144_/D : -0.077702
[setup reg-out] _125_/Q -> sine_out[13] : -0.075330
[setup reg-out] _121_/Q -> sine_out[9] : -0.067943
[setup reg-out] _139_/Q -> sine_out[2] : -0.063462
[setup reg-reg] mem_i1/dout1[10] -> _122_/D : -0.059192
[setup reg-out] _126_/Q -> sine_out[14] : -0.057998
[setup reg-out] _138_/Q -> sine_out[1] : -0.056760
[setup reg-out] _137_/Q -> sine_out[0] : -0.048327
[setup reg-out] _140_/Q -> sine_out[3] : -0.035878
[setup reg-reg] mem_i1/dout1[9] -> _121_/D : -0.025488
