Clock: clk
Sources: clk 
Generated: no
Virtual: yes
Propagated: no
Period: 10.000000

===========================================================================
report_clock_properties
============================================================================
Clock                   Period          Waveform
----------------------------------------------------
clk                  10.000000    0.000000  5.000000

===========================================================================
report_clock_latency
============================================================================
Clock clk
rise -> rise
    min     max
0.000000 0.000000 source latency
1.208667         network latency _092_/CLK
        1.220772 network latency _097_/CLK
---------------
1.208667 1.220772 latency
        0.012105 skew

fall -> fall
    min     max
0.000000 0.000000 source latency
1.005590         network latency _080_/CLK
        1.013493 network latency _087_/CLK
---------------
1.005590 1.013493 latency
        0.007903 skew



===========================================================================
report_clock_min_period
============================================================================
clk period_min = 3.28 fmax = 305.22
