Clock: clk
Sources: clk 
Generated: no
Virtual: yes
Propagated: no
Period: 5.000000

===========================================================================
report_clock_properties
============================================================================
Clock                   Period          Waveform
----------------------------------------------------
clk                   5.000000    0.000000  2.500000

===========================================================================
report_clock_latency
============================================================================
Clock clk
rise -> rise
    min     max
0.000000 0.000000 source latency
0.189626         network latency _079_/CLK
        0.189626 network latency _079_/CLK
---------------
0.189626 0.189626 latency
        0.000000 skew

fall -> fall
    min     max
0.000000 0.000000 source latency
0.088505         network latency _079_/CLK
        0.088505 network latency _079_/CLK
---------------
0.088505 0.088505 latency
        0.000000 skew



===========================================================================
report_clock_min_period
============================================================================
clk period_min = 1.71 fmax = 586.15
