Clock: clk
Sources: clk 
Generated: no
Virtual: yes
Propagated: no
Period: 10.000000

===========================================================================
report_clock_properties
============================================================================
Clock                   Period          Waveform
----------------------------------------------------
clk                  10.000000    0.000000  5.000000

===========================================================================
report_clock_latency
============================================================================
Clock clk
rise -> rise
    min     max
0.000000 0.000000 source latency
0.111006         network latency _079_/CLK
        0.111006 network latency _079_/CLK
---------------
0.111006 0.111006 latency
        0.000000 skew

fall -> fall
    min     max
0.000000 0.000000 source latency
0.046777         network latency _079_/CLK
        0.046777 network latency _079_/CLK
---------------
0.046777 0.046777 latency
        0.000000 skew



===========================================================================
report_clock_min_period
============================================================================
clk period_min = 1.05 fmax = 950.42
