Reading timing models for corner nom_ss_100C_1v60…
Reading timing library for the 'nom_ss_100C_1v60' corner at '/home/thanh/.volare/volare/sky130/versions/0fe599b2afb6708d281543108caf8310912f54af/sky130A/libs.ref/sky130_fd_sc_hd/lib/sky130_fd_sc_hd__ss_100C_1v60.lib'…
Reading timing library for the 'nom_ss_100C_1v60' corner at '/home/thanh/NCO/ram256x16/ram256x16_TT_1p8V_25C.lib'…
Reading OpenROAD database at '/home/thanh/NCO/runs/RUN_2025-03-04_07-10-12/410-openroad-globalplacement/counter.odb'…
Reading design constraints file at '/home/thanh/NCO/counter.sdc'…
[INFO] Setting RC values…
[INFO RSZ-0027] Inserted 26 input buffers.
[INFO RSZ-0028] Inserted 16 output buffers.
[INFO RSZ-0058] Using max wire length 6352um.
Iteration | Resized | Buffers | Nets repaired | Remaining
---------------------------------------------------------
        0 |       0 |       0 |             0 |       150
       10 |       9 |       2 |             9 |       140
       20 |      18 |      15 |            19 |       130
       30 |      28 |      25 |            29 |       120
       40 |      30 |      27 |            31 |       110
       50 |      32 |      27 |            33 |       100
       60 |      46 |      48 |            43 |        90
       70 |      56 |      48 |            53 |        80
       80 |      58 |      48 |            63 |        70
       90 |      58 |      48 |            73 |        60
      100 |      62 |      48 |            83 |        50
      110 |      75 |      51 |            93 |        40
      120 |      85 |      51 |           103 |        30
      130 |      87 |      51 |           112 |        20
      140 |      87 |      51 |           121 |        10
      150 |      87 |      51 |           123 |         0
    final |      87 |      51 |           123 |         0
---------------------------------------------------------
[INFO RSZ-0034] Found 123 slew violations.
[INFO RSZ-0035] Found 1 fanout violations.
[INFO RSZ-0038] Inserted 51 buffers in 123 nets.
[INFO RSZ-0039] Resized 87 instances.
[INFO RSZ-0042] Inserted 1 tie sky130_fd_sc_hd__conb_1 instances.
Placement Analysis
---------------------------------
total displacement       1026.1 u
average displacement        0.8 u
max displacement           53.8 u
original HPWL            5680.8 u
legalized HPWL           5812.2 u
delta HPWL                    2 %

[INFO DPL-0020] Mirrored 61 instances
[INFO DPL-0021] HPWL before            5812.2 u
[INFO DPL-0022] HPWL after             5732.9 u
[INFO DPL-0023] HPWL delta               -1.4 %
[INFO] Setting RC values…
Setting global connections for newly added cells…
[INFO] Setting global connections...
mem_i matched with mem_i
Updating metrics…
Cell type report:                       Count       Area
  Macro                                     1  123515.34
  Fill cell                               470    1764.19
  Tap cell                                739     924.64
  Timing Repair Buffer                     93     371.61
  Inverter                                 25      93.84
  Sequential cell                          24     600.58
  Multi-Input combinational cell           15      95.09
  Total                                  1367  127365.29
Writing OpenROAD database to '/home/thanh/NCO/runs/RUN_2025-03-04_07-10-12/414-openroad-repairdesignpostgpl/counter.odb'…
Writing netlist to '/home/thanh/NCO/runs/RUN_2025-03-04_07-10-12/414-openroad-repairdesignpostgpl/counter.nl.v'…
Writing powered netlist to '/home/thanh/NCO/runs/RUN_2025-03-04_07-10-12/414-openroad-repairdesignpostgpl/counter.pnl.v'…
Writing layout to '/home/thanh/NCO/runs/RUN_2025-03-04_07-10-12/414-openroad-repairdesignpostgpl/counter.def'…
Writing timing constraints to '/home/thanh/NCO/runs/RUN_2025-03-04_07-10-12/414-openroad-repairdesignpostgpl/counter.sdc'…
