Clock: clk
Sources: clk 
Generated: no
Virtual: yes
Propagated: no
Period: 10.000000

===========================================================================
report_clock_properties
============================================================================
Clock                   Period          Waveform
----------------------------------------------------
clk                  10.000000    0.000000  5.000000

===========================================================================
report_clock_latency
============================================================================
Clock clk
rise -> rise
    min     max
0.000000 0.000000 source latency
0.507423         network latency _086_/CLK
        0.536368 network latency _098_/CLK
---------------
0.507423 0.536368 latency
        0.028946 skew

fall -> fall
    min     max
0.000000 0.000000 source latency
0.426915         network latency _086_/CLK
        0.448546 network latency _098_/CLK
---------------
0.426915 0.448546 latency
        0.021631 skew



===========================================================================
report_clock_min_period
============================================================================
clk period_min = 1.62 fmax = 616.74
