
===========================================================================
report_checks -unconstrained
===========================================================================
======================= nom_tt_025C_1v80 Corner ===================================

Startpoint: rst (input port clocked by clk)
Endpoint: _094_ (recovery check against rising-edge clock clk)
Path Group: asynchronous
Path Type: max

Fanout         Cap        Slew       Delay        Time   Description
---------------------------------------------------------------------------------------------
                                  0.000000    0.000000   clock clk (rise edge)
                                  0.000000    0.000000   clock network delay (propagated)
                                  2.000000    2.000000 v input external delay
     1    0.002654    0.008287    0.004189    2.004189 v rst (in)
                                                         rst (net)
                      0.008287    0.000000    2.004189 v input1/A (sky130_fd_sc_hd__clkbuf_1)
     1    0.003171    0.028365    0.074101    2.078289 v input1/X (sky130_fd_sc_hd__clkbuf_1)
                                                         net1 (net)
                      0.028365    0.000070    2.078359 v fanout20/A (sky130_fd_sc_hd__buf_4)
     6    0.088740    0.118953    0.200611    2.278970 v fanout20/X (sky130_fd_sc_hd__buf_4)
                                                         net20 (net)
                      0.118974    0.001404    2.280374 v fanout19/A (sky130_fd_sc_hd__clkbuf_8)
    10    0.089025    0.102347    0.232337    2.512712 v fanout19/X (sky130_fd_sc_hd__clkbuf_8)
                                                         net19 (net)
                      0.102488    0.003239    2.515950 v _070_/A (sky130_fd_sc_hd__inv_2)
     1    0.007504    0.049929    0.078892    2.594842 ^ _070_/Y (sky130_fd_sc_hd__inv_2)
                                                         _023_ (net)
                      0.049929    0.000272    2.595115 ^ _094_/RESET_B (sky130_fd_sc_hd__dfrtp_2)
                                              2.595115   data arrival time

                                 10.000000   10.000000   clock clk (rise edge)
                                  0.000000   10.000000   clock source latency
     1    0.073716    0.336330    0.240897   10.240897 ^ clk (in)
                                                         clk (net)
                      0.338387    0.000000   10.240897 ^ clkbuf_0_clk/A (sky130_fd_sc_hd__clkbuf_16)
     2    0.031534    0.057495    0.222408   10.463305 ^ clkbuf_0_clk/X (sky130_fd_sc_hd__clkbuf_16)
                                                         clknet_0_clk (net)
                      0.057516    0.001486   10.464791 ^ clkbuf_1_1__f_clk/A (sky130_fd_sc_hd__clkbuf_16)
    14    0.065811    0.083761    0.161959   10.626750 ^ clkbuf_1_1__f_clk/X (sky130_fd_sc_hd__clkbuf_16)
                                                         clknet_1_1__leaf_clk (net)
                      0.085717    0.010055   10.636806 ^ _094_/CLK (sky130_fd_sc_hd__dfrtp_2)
                                 -0.250000   10.386806   clock uncertainty
                                  0.000000   10.386806   clock reconvergence pessimism
                                  0.230221   10.617026   library recovery time
                                             10.617026   data required time
---------------------------------------------------------------------------------------------
                                             10.617026   data required time
                                             -2.595115   data arrival time
---------------------------------------------------------------------------------------------
                                              8.021913   slack (MET)


Startpoint: _098_ (rising edge-triggered flip-flop clocked by clk)
Endpoint: sine_out[1] (output port clocked by clk)
Path Group: clk
Path Type: max

Fanout         Cap        Slew       Delay        Time   Description
---------------------------------------------------------------------------------------------
                                  0.000000    0.000000   clock clk (rise edge)
                                  0.000000    0.000000   clock source latency
     1    0.073716    0.336330    0.240897    0.240897 ^ clk (in)
                                                         clk (net)
                      0.338387    0.000000    0.240897 ^ clkbuf_0_clk/A (sky130_fd_sc_hd__clkbuf_16)
     2    0.031534    0.057495    0.222408    0.463305 ^ clkbuf_0_clk/X (sky130_fd_sc_hd__clkbuf_16)
                                                         clknet_0_clk (net)
                      0.057495    0.000644    0.463949 ^ clkbuf_1_0__f_clk/A (sky130_fd_sc_hd__clkbuf_16)
    14    0.104676    0.120448    0.189250    0.653199 ^ clkbuf_1_0__f_clk/X (sky130_fd_sc_hd__clkbuf_16)
                                                         clknet_1_0__leaf_clk (net)
                      0.121406    0.008630    0.661830 ^ _098_/CLK (sky130_fd_sc_hd__dfrtp_1)
     2    0.016766    0.155862    0.432193    1.094023 ^ _098_/Q (sky130_fd_sc_hd__dfrtp_1)
                                                         net9 (net)
                      0.155869    0.001243    1.095265 ^ output9/A (sky130_fd_sc_hd__buf_2)
     1    0.034048    0.169611    0.234953    1.330218 ^ output9/X (sky130_fd_sc_hd__buf_2)
                                                         sine_out[1] (net)
                      0.169611    0.000635    1.330853 ^ sine_out[1] (out)
                                              1.330853   data arrival time

                                 10.000000   10.000000   clock clk (rise edge)
                                  0.000000   10.000000   clock network delay (propagated)
                                 -0.250000    9.750000   clock uncertainty
                                  0.000000    9.750000   clock reconvergence pessimism
                                 -2.000000    7.750000   output external delay
                                              7.750000   data required time
---------------------------------------------------------------------------------------------
                                              7.750000   data required time
                                             -1.330853   data arrival time
---------------------------------------------------------------------------------------------
                                              6.419147   slack (MET)




===========================================================================
report_checks --slack_max -0.01
============================================================================
======================= nom_tt_025C_1v80 Corner ===================================

No paths found.


===========================================================================
 report_check_types -max_slew -max_cap -max_fanout -violators
============================================================================
======================= nom_tt_025C_1v80 Corner ===================================

max fanout

Pin                                   Limit Fanout  Slack
---------------------------------------------------------
clkbuf_1_0__f_clk/X                      10     14     -4 (VIOLATED)
clkbuf_1_1__f_clk/X                      10     14     -4 (VIOLATED)



===========================================================================
report_parasitic_annotation -report_unannotated
============================================================================
Found 2 unannotated drivers.
 clkload0/X
 mem_i_21/HI
Found 32 partially unannotated drivers.
 addr0[0]
  mem_i/addr0[7]
 addr0[1]
  mem_i/addr0[6]
 addr0[2]
  mem_i/addr0[5]
 addr0[3]
  mem_i/addr0[4]
 addr0[4]
  mem_i/addr0[3]
 addr0[5]
  mem_i/addr0[2]
 addr0[6]
  mem_i/addr0[1]
 addr0[7]
  mem_i/addr0[0]
 din0[0]
  mem_i/din0[15]
 din0[10]
  mem_i/din0[5]
 din0[11]
  mem_i/din0[4]
 din0[12]
  mem_i/din0[3]
 din0[13]
  mem_i/din0[2]
 din0[14]
  mem_i/din0[1]
 din0[15]
  mem_i/din0[0]
 din0[1]
  mem_i/din0[14]
 din0[2]
  mem_i/din0[13]
 din0[3]
  mem_i/din0[12]
 din0[4]
  mem_i/din0[11]
 din0[5]
  mem_i/din0[10]
 din0[6]
  mem_i/din0[9]
 din0[7]
  mem_i/din0[8]
 din0[8]
  mem_i/din0[7]
 din0[9]
  mem_i/din0[6]
 _089_/Q
  mem_i/addr1[7]
 _090_/Q
  mem_i/addr1[6]
 _091_/Q
  mem_i/addr1[5]
 _092_/Q
  mem_i/addr1[4]
 _093_/Q
  mem_i/addr1[3]
 _094_/Q
  mem_i/addr1[2]
 _095_/Q
  mem_i/addr1[1]
 _096_/Q
  mem_i/addr1[0]

===========================================================================
max slew violation count 0
max fanout violation count 2
max cap violation count 0
============================================================================

===========================================================================
check_setup -verbose -unconstrained_endpoints -multiple_clock -no_clock -no_input_delay -loops -generated_clocks
===========================================================================
Warning: There are 16 unconstrained endpoints.
  _079_/D
  _080_/D
  _081_/D
  _082_/D
  _083_/D
  _084_/D
  _085_/D
  _086_/D
  _087_/D
  _088_/D
  _097_/D
  _098_/D
  _099_/D
  _100_/D
  _101_/D
  _102_/D
