Clock: clk
Sources: clk 
Generated: no
Virtual: yes
Propagated: no
Period: 10.000000

===========================================================================
report_clock_properties
============================================================================
Clock                   Period          Waveform
----------------------------------------------------
clk                  10.000000    0.000000  5.000000

===========================================================================
report_clock_latency
============================================================================
Clock clk
rise -> rise
    min     max
0.000000 0.000000 source latency
0.465490         network latency _080_/CLK
        0.471021 network latency _087_/CLK
---------------
0.465490 0.471021 latency
        0.005531 skew

fall -> fall
    min     max
0.000000 0.000000 source latency
0.371854         network latency _080_/CLK
        0.382180 network latency _087_/CLK
---------------
0.371854 0.382180 latency
        0.010326 skew



===========================================================================
report_clock_min_period
============================================================================
clk period_min = 1.14 fmax = 878.39
