Reading timing models for corner min_ss_100C_1v60…
Reading timing library for the 'min_ss_100C_1v60' corner at '/home/thanh/.volare/volare/sky130/versions/0fe599b2afb6708d281543108caf8310912f54af/sky130A/libs.ref/sky130_fd_sc_hd/lib/sky130_fd_sc_hd__ss_100C_1v60.lib'…
Reading timing library for the 'min_ss_100C_1v60' corner at '/home/thanh/.volare/volare/sky130/versions/0fe599b2afb6708d281543108caf8310912f54af/sky130A/libs.ref/sky130_sram_macros/lib/sky130_sram_1kbyte_1rw1r_32x256_8_TT_1p8V_25C.lib'…
Reading OpenROAD database at '/home/thanh/NCO/runs/RUN_2025-03-11_16-47-37/27-openroad-globalplacement/counter.odb'…
Reading design constraints file at '/home/thanh/NCO/counter.sdc'…
[INFO] Setting RC values…
[INFO RSZ-0027] Inserted 50 input buffers.
[INFO RSZ-0028] Inserted 16 output buffers.
[INFO RSZ-0058] Using max wire length 6352um.
Iteration | Resized | Buffers | Nets repaired | Remaining
---------------------------------------------------------
        0 |       0 |       0 |             0 |       552
      100 |      87 |       3 |             7 |       452
      200 |     170 |       9 |            18 |       352
      300 |     226 |       9 |            18 |       252
      400 |     292 |      35 |            27 |       152
      500 |     356 |      46 |            40 |        52
    final |     356 |      46 |            40 |         0
---------------------------------------------------------
[INFO RSZ-0034] Found 33 slew violations.
[INFO RSZ-0035] Found 7 fanout violations.
[INFO RSZ-0038] Inserted 46 buffers in 40 nets.
[INFO RSZ-0039] Resized 356 instances.
[INFO RSZ-0042] Inserted 2 tie sky130_fd_sc_hd__conb_1 instances.
[INFO RSZ-0042] Inserted 4 tie sky130_fd_sc_hd__conb_1 instances.
Placement Analysis
---------------------------------
total displacement       1045.7 u
average displacement        0.5 u
max displacement           26.7 u
original HPWL           13153.0 u
legalized HPWL          13699.8 u
delta HPWL                    4 %

[INFO DPL-0020] Mirrored 239 instances
[INFO DPL-0021] HPWL before           13699.8 u
[INFO DPL-0022] HPWL after            13131.2 u
[INFO DPL-0023] HPWL delta               -4.2 %
[INFO] Setting RC values…
Setting global connections for newly added cells…
[INFO] Setting global connections...
mem_i.* matched with mem_i_116
mem_i.* matched with mem_i_117
mem_i.* matched with mem_i_118
mem_i.* matched with mem_i_114
mem_i.* matched with mem_i_115
mem_i.* matched with mem_i
mem_i.* matched with mem_i_113
Updating metrics…
Cell type report:                       Count       Area
  Macro                                     1  190712.55
  Fill cell                               660    2477.38
  Tap cell                               1005    1257.46
  Timing Repair Buffer                    112     486.72
  Inverter                                 39     151.40
  Sequential cell                          59    1312.51
  Multi-Input combinational cell          258    1948.12
  Total                                  2134  198346.12
Writing OpenROAD database to '/home/thanh/NCO/runs/RUN_2025-03-11_16-47-37/31-openroad-repairdesignpostgpl/counter.odb'…
Writing netlist to '/home/thanh/NCO/runs/RUN_2025-03-11_16-47-37/31-openroad-repairdesignpostgpl/counter.nl.v'…
Writing powered netlist to '/home/thanh/NCO/runs/RUN_2025-03-11_16-47-37/31-openroad-repairdesignpostgpl/counter.pnl.v'…
Writing layout to '/home/thanh/NCO/runs/RUN_2025-03-11_16-47-37/31-openroad-repairdesignpostgpl/counter.def'…
Writing timing constraints to '/home/thanh/NCO/runs/RUN_2025-03-11_16-47-37/31-openroad-repairdesignpostgpl/counter.sdc'…
