Clock: clk
Sources: clk 
Generated: no
Virtual: yes
Propagated: no
Period: 10.000000

===========================================================================
report_clock_properties
============================================================================
Clock                   Period          Waveform
----------------------------------------------------
clk                  10.000000    0.000000  5.000000

===========================================================================
report_clock_latency
============================================================================
Clock clk
rise -> rise
    min     max
0.000000 0.000000 source latency
0.469530         network latency _096_/CLK
        0.487583 network latency _097_/CLK
---------------
0.469530 0.487583 latency
        0.018053 skew

fall -> fall
    min     max
0.000000 0.000000 source latency
0.235528         network latency _096_/CLK
        0.252854 network latency _097_/CLK
---------------
0.235528 0.252854 latency
        0.017327 skew



===========================================================================
report_clock_min_period
============================================================================
clk period_min = 1.63 fmax = 614.66
