Clock: clk
Sources: clk 
Generated: no
Virtual: yes
Propagated: no
Period: 5.000000

===========================================================================
report_clock_properties
============================================================================
Clock                   Period          Waveform
----------------------------------------------------
clk                   5.000000    0.000000  2.500000

===========================================================================
report_clock_latency
============================================================================
Clock clk
rise -> rise
    min     max
0.000000 0.000000 source latency
1.135827         network latency _091_/CLK
        1.150671 network latency _097_/CLK
---------------
1.135827 1.150671 latency
        0.014845 skew

fall -> fall
    min     max
0.000000 0.000000 source latency
0.955261         network latency _091_/CLK
        0.964388 network latency _097_/CLK
---------------
0.955261 0.964388 latency
        0.009126 skew



===========================================================================
report_clock_min_period
============================================================================
clk period_min = 3.36 fmax = 297.87
