[INFO PSM-0040] All shapes on net vccd1 are connected.
########## IR report #################
Net              : vccd1
Corner           : nom_tt_025C_1v80
Supply voltage   : 1.80e+00 V
Worstcase voltage: 1.80e+00 V
Average voltage  : 1.80e+00 V
Average IR drop  : 6.89e-06 V
Worstcase IR drop: 3.90e-04 V
Percentage drop  : 0.02 %
######################################
[INFO PSM-0040] All shapes on net vssd1 are connected.
########## IR report #################
Net              : vssd1
Corner           : nom_tt_025C_1v80
Supply voltage   : 0.00e+00 V
Worstcase voltage: 4.38e-04 V
Average voltage  : 7.50e-06 V
Average IR drop  : 7.50e-06 V
Worstcase IR drop: 4.38e-04 V
Percentage drop  : 0.02 %
######################################
