Reading OpenROAD database at '/home/thanh/NCO/runs/RUN_2025-03-03_15-44-42/43-openroad-detailedrouting/counter.odb'…
Reading library file at '/home/thanh/.volare/volare/sky130/versions/0fe599b2afb6708d281543108caf8310912f54af/sky130A/libs.ref/sky130_fd_sc_hd/lib/sky130_fd_sc_hd__tt_025C_1v80.lib'…
Reading design constraints file at '/nix/store/ss2cw3sxbrwwx9jl0rrppbw4kgcmgi2n-python3-3.11.9-env/lib/python3.11/site-packages/openlane/scripts/base.sdc'…
[INFO] Using clock clk…
[INFO] Setting output delay to: 2
[INFO] Setting input delay to: 2
[INFO] Setting load to: 0.033442
[INFO] Setting clock uncertainty to: 0.25
[INFO] Setting clock transition to: 0.1499999999999999944488848768742172978818416595458984375
[INFO] Setting timing derate to: 5%
%OL_CREATE_REPORT /home/thanh/NCO/runs/RUN_2025-03-03_15-44-42/45-openroad-checkantennas-1/reports/antenna.rpt
Net: net2
  Pin:   output2/A (sky130_fd_sc_hd__buf_2)
    Layer: mcon
      Partial area ratio:    0.18
      Required ratio:    3.00 (Gate area) 
      Cumulative area ratio:    0.18
      Required ratio:    0.00 (Cumulative area) 

    Layer: met1
      Partial area ratio:   86.14
      Required ratio:    0.00 (Gate area) 
      Cumulative area ratio:   86.14
      Required ratio:    0.00 (Cumulative area) 
      Partial area ratio:  430.19
      Required ratio:  400.00 (Side area) (VIOLATED)
      Cumulative area ratio:  430.19
      Required ratio:    0.00 (Cumulative side area) 

    Layer: via
      Partial area ratio:    0.14
      Required ratio:    6.00 (Gate area) 
      Cumulative area ratio:    0.32
      Required ratio:    0.00 (Cumulative area) 

    Layer: met2
      Partial area ratio:    2.56
      Required ratio:    0.00 (Gate area) 
      Cumulative area ratio:   88.70
      Required ratio:    0.00 (Cumulative area) 
      Partial area ratio:   12.06
      Required ratio: 2771.60 (Side area) 
      Cumulative area ratio:  442.25
      Required ratio:    0.00 (Cumulative side area) 



[INFO ANT-0002] Found 1 net violations.
[INFO ANT-0001] Found 1 pin violations.
%OL_END_REPORT
