
===========================================================================
report_checks -unconstrained
===========================================================================
======================= nom_tt_025C_1v80 Corner ===================================

Startpoint: rst (input port clocked by clk)
Endpoint: _134_ (recovery check against rising-edge clock clk)
Path Group: asynchronous
Path Type: max

Fanout         Cap        Slew       Delay        Time   Description
---------------------------------------------------------------------------------------------
                                  0.000000    0.000000   clock clk (rise edge)
                                  0.000000    0.000000   clock network delay (propagated)
                                  2.550000    2.550000 v input external delay
     1    0.002597    0.008163    0.004070    2.554070 v rst (in)
                                                         rst (net)
                      0.008163    0.000000    2.554070 v input51/A (sky130_fd_sc_hd__clkbuf_1)
     1    0.010772    0.068738    0.107894    2.661964 v input51/X (sky130_fd_sc_hd__clkbuf_1)
                                                         net51 (net)
                      0.068738    0.000236    2.662200 v fanout87/A (sky130_fd_sc_hd__buf_4)
     8    0.062261    0.087513    0.205527    2.867728 v fanout87/X (sky130_fd_sc_hd__buf_4)
                                                         net87 (net)
                      0.087513    0.000002    2.867729 v fanout86/A (sky130_fd_sc_hd__buf_4)
     9    0.045201    0.071628    0.198731    3.066460 v fanout86/X (sky130_fd_sc_hd__buf_4)
                                                         net86 (net)
                      0.071628    0.000004    3.066464 v fanout85/A (sky130_fd_sc_hd__buf_4)
    10    0.049876    0.076702    0.197232    3.263696 v fanout85/X (sky130_fd_sc_hd__buf_4)
                                                         net85 (net)
                      0.076702    0.000208    3.263905 v _109_/A (sky130_fd_sc_hd__inv_2)
     1    0.005157    0.036858    0.060735    3.324640 ^ _109_/Y (sky130_fd_sc_hd__inv_2)
                                                         _039_ (net)
                      0.036858    0.000032    3.324672 ^ _134_/RESET_B (sky130_fd_sc_hd__dfrtp_4)
                                              3.324672   data arrival time

                                  5.100000    5.100000   clock clk (rise edge)
                                  0.000000    5.100000   clock source latency
     1    0.052611    0.239890    0.171142    5.271142 ^ clk (in)
                                                         clk (net)
                      0.240267    0.000000    5.271142 ^ clkbuf_0_clk/A (sky130_fd_sc_hd__clkbuf_16)
     4    0.087713    0.105352    0.241034    5.512177 ^ clkbuf_0_clk/X (sky130_fd_sc_hd__clkbuf_16)
                                                         clknet_0_clk (net)
                      0.105427    0.002641    5.514817 ^ clkbuf_2_1__f_clk/A (sky130_fd_sc_hd__clkbuf_16)
     9    0.036335    0.056590    0.161367    5.676185 ^ clkbuf_2_1__f_clk/X (sky130_fd_sc_hd__clkbuf_16)
                                                         clknet_2_1__leaf_clk (net)
                      0.056596    0.000308    5.676492 ^ _134_/CLK (sky130_fd_sc_hd__dfrtp_4)
                                 -0.005100    5.671392   clock uncertainty
                                  0.000000    5.671392   clock reconvergence pessimism
                                  0.223388    5.894780   library recovery time
                                              5.894780   data required time
---------------------------------------------------------------------------------------------
                                              5.894780   data required time
                                             -3.324672   data arrival time
---------------------------------------------------------------------------------------------
                                              2.570108   slack (MET)


Startpoint: _144_ (rising edge-triggered flip-flop clocked by clk)
Endpoint: sine_out[7] (output port clocked by clk)
Path Group: clk
Path Type: max

Fanout         Cap        Slew       Delay        Time   Description
---------------------------------------------------------------------------------------------
                                  0.000000    0.000000   clock clk (rise edge)
                                  0.000000    0.000000   clock source latency
     1    0.052611    0.239890    0.171142    0.171142 ^ clk (in)
                                                         clk (net)
                      0.240267    0.000000    0.171142 ^ clkbuf_0_clk/A (sky130_fd_sc_hd__clkbuf_16)
     4    0.087713    0.105352    0.241034    0.412176 ^ clkbuf_0_clk/X (sky130_fd_sc_hd__clkbuf_16)
                                                         clknet_0_clk (net)
                      0.105588    0.003422    0.415598 ^ clkbuf_2_0__f_clk/A (sky130_fd_sc_hd__clkbuf_16)
    10    0.060239    0.078191    0.178643    0.594241 ^ clkbuf_2_0__f_clk/X (sky130_fd_sc_hd__clkbuf_16)
                                                         clknet_2_0__leaf_clk (net)
                      0.078314    0.001792    0.596034 ^ _144_/CLK (sky130_fd_sc_hd__dfrtp_1)
     1    0.012743    0.122718    0.392173    0.988207 ^ _144_/Q (sky130_fd_sc_hd__dfrtp_1)
                                                         net65 (net)
                      0.122718    0.000345    0.988552 ^ output65/A (sky130_fd_sc_hd__buf_2)
     1    0.033920    0.171458    0.226012    1.214564 ^ output65/X (sky130_fd_sc_hd__buf_2)
                                                         sine_out[7] (net)
                      0.171458    0.000074    1.214638 ^ sine_out[7] (out)
                                              1.214638   data arrival time

                                  5.100000    5.100000   clock clk (rise edge)
                                  0.000000    5.100000   clock network delay (propagated)
                                 -0.005100    5.094900   clock uncertainty
                                  0.000000    5.094900   clock reconvergence pessimism
                                 -2.295000    2.799900   output external delay
                                              2.799900   data required time
---------------------------------------------------------------------------------------------
                                              2.799900   data required time
                                             -1.214638   data arrival time
---------------------------------------------------------------------------------------------
                                              1.585262   slack (MET)




===========================================================================
report_checks --slack_max -0.01
============================================================================
======================= nom_tt_025C_1v80 Corner ===================================

No paths found.


===========================================================================
 report_check_types -max_slew -max_cap -max_fanout -violators
============================================================================
======================= nom_tt_025C_1v80 Corner ===================================



===========================================================================
report_parasitic_annotation -report_unannotated
============================================================================
Found 5 unannotated drivers.
 clkload0/X
 clkload1/X
 clkload2/Y
 mem_i0_88/HI
 mem_i1_89/HI
Found 0 partially unannotated drivers.

===========================================================================
max slew violation count 0
Writing metric design__max_slew_violation__count__corner:nom_tt_025C_1v80: 0
max fanout violation count 0
Writing metric design__max_fanout_violation__count__corner:nom_tt_025C_1v80: 0
max cap violation count 0
Writing metric design__max_cap_violation__count__corner:nom_tt_025C_1v80: 0
============================================================================

===========================================================================
check_setup -verbose -unconstrained_endpoints -multiple_clock -no_clock -no_input_delay -loops -generated_clocks
===========================================================================
Warning: There are 2 unconstrained endpoints.
  mem_i0/csb1
  mem_i1/csb1
