
===========================================================================
report_checks -path_delay max (Setup)
============================================================================
======================= nom_ff_n40C_1v95 Corner ===================================

Startpoint: _097_ (rising edge-triggered flip-flop clocked by clk)
Endpoint: sine_out[0] (output port clocked by clk)
Path Group: clk
Path Type: max

Fanout         Cap        Slew       Delay        Time   Description
---------------------------------------------------------------------------------------------
                      0.150000    0.000000    0.000000   clock clk (rise edge)
                                  0.000000    0.000000   clock network delay (ideal)
                      0.150000    0.000000    0.000000 ^ _097_/CLK (sky130_fd_sc_hd__dfrtp_2)
     1    0.033442    0.078319    0.325229    0.325229 v _097_/Q (sky130_fd_sc_hd__dfrtp_2)
                                                         sine_out[0] (net)
                      0.078319    0.000000    0.325229 v sine_out[0] (out)
                                              0.325229   data arrival time

                      0.150000   10.000000   10.000000   clock clk (rise edge)
                                  0.000000   10.000000   clock network delay (ideal)
                                 -0.250000    9.750000   clock uncertainty
                                  0.000000    9.750000   clock reconvergence pessimism
                                 -2.000000    7.750000   output external delay
                                              7.750000   data required time
---------------------------------------------------------------------------------------------
                                              7.750000   data required time
                                             -0.325229   data arrival time
---------------------------------------------------------------------------------------------
                                              7.424771   slack (MET)


Startpoint: _083_ (rising edge-triggered flip-flop clocked by clk)
Endpoint: sine_out[10] (output port clocked by clk)
Path Group: clk
Path Type: max

Fanout         Cap        Slew       Delay        Time   Description
---------------------------------------------------------------------------------------------
                      0.150000    0.000000    0.000000   clock clk (rise edge)
                                  0.000000    0.000000   clock network delay (ideal)
                      0.150000    0.000000    0.000000 ^ _083_/CLK (sky130_fd_sc_hd__dfrtp_2)
     1    0.033442    0.078319    0.325229    0.325229 v _083_/Q (sky130_fd_sc_hd__dfrtp_2)
                                                         sine_out[10] (net)
                      0.078319    0.000000    0.325229 v sine_out[10] (out)
                                              0.325229   data arrival time

                      0.150000   10.000000   10.000000   clock clk (rise edge)
                                  0.000000   10.000000   clock network delay (ideal)
                                 -0.250000    9.750000   clock uncertainty
                                  0.000000    9.750000   clock reconvergence pessimism
                                 -2.000000    7.750000   output external delay
                                              7.750000   data required time
---------------------------------------------------------------------------------------------
                                              7.750000   data required time
                                             -0.325229   data arrival time
---------------------------------------------------------------------------------------------
                                              7.424771   slack (MET)


Startpoint: _084_ (rising edge-triggered flip-flop clocked by clk)
Endpoint: sine_out[11] (output port clocked by clk)
Path Group: clk
Path Type: max

Fanout         Cap        Slew       Delay        Time   Description
---------------------------------------------------------------------------------------------
                      0.150000    0.000000    0.000000   clock clk (rise edge)
                                  0.000000    0.000000   clock network delay (ideal)
                      0.150000    0.000000    0.000000 ^ _084_/CLK (sky130_fd_sc_hd__dfrtp_2)
     1    0.033442    0.078319    0.325229    0.325229 v _084_/Q (sky130_fd_sc_hd__dfrtp_2)
                                                         sine_out[11] (net)
                      0.078319    0.000000    0.325229 v sine_out[11] (out)
                                              0.325229   data arrival time

                      0.150000   10.000000   10.000000   clock clk (rise edge)
                                  0.000000   10.000000   clock network delay (ideal)
                                 -0.250000    9.750000   clock uncertainty
                                  0.000000    9.750000   clock reconvergence pessimism
                                 -2.000000    7.750000   output external delay
                                              7.750000   data required time
---------------------------------------------------------------------------------------------
                                              7.750000   data required time
                                             -0.325229   data arrival time
---------------------------------------------------------------------------------------------
                                              7.424771   slack (MET)


Startpoint: _085_ (rising edge-triggered flip-flop clocked by clk)
Endpoint: sine_out[12] (output port clocked by clk)
Path Group: clk
Path Type: max

Fanout         Cap        Slew       Delay        Time   Description
---------------------------------------------------------------------------------------------
                      0.150000    0.000000    0.000000   clock clk (rise edge)
                                  0.000000    0.000000   clock network delay (ideal)
                      0.150000    0.000000    0.000000 ^ _085_/CLK (sky130_fd_sc_hd__dfrtp_2)
     1    0.033442    0.078319    0.325229    0.325229 v _085_/Q (sky130_fd_sc_hd__dfrtp_2)
                                                         sine_out[12] (net)
                      0.078319    0.000000    0.325229 v sine_out[12] (out)
                                              0.325229   data arrival time

                      0.150000   10.000000   10.000000   clock clk (rise edge)
                                  0.000000   10.000000   clock network delay (ideal)
                                 -0.250000    9.750000   clock uncertainty
                                  0.000000    9.750000   clock reconvergence pessimism
                                 -2.000000    7.750000   output external delay
                                              7.750000   data required time
---------------------------------------------------------------------------------------------
                                              7.750000   data required time
                                             -0.325229   data arrival time
---------------------------------------------------------------------------------------------
                                              7.424771   slack (MET)


Startpoint: _086_ (rising edge-triggered flip-flop clocked by clk)
Endpoint: sine_out[13] (output port clocked by clk)
Path Group: clk
Path Type: max

Fanout         Cap        Slew       Delay        Time   Description
---------------------------------------------------------------------------------------------
                      0.150000    0.000000    0.000000   clock clk (rise edge)
                                  0.000000    0.000000   clock network delay (ideal)
                      0.150000    0.000000    0.000000 ^ _086_/CLK (sky130_fd_sc_hd__dfrtp_2)
     1    0.033442    0.078319    0.325229    0.325229 v _086_/Q (sky130_fd_sc_hd__dfrtp_2)
                                                         sine_out[13] (net)
                      0.078319    0.000000    0.325229 v sine_out[13] (out)
                                              0.325229   data arrival time

                      0.150000   10.000000   10.000000   clock clk (rise edge)
                                  0.000000   10.000000   clock network delay (ideal)
                                 -0.250000    9.750000   clock uncertainty
                                  0.000000    9.750000   clock reconvergence pessimism
                                 -2.000000    7.750000   output external delay
                                              7.750000   data required time
---------------------------------------------------------------------------------------------
                                              7.750000   data required time
                                             -0.325229   data arrival time
---------------------------------------------------------------------------------------------
                                              7.424771   slack (MET)


Startpoint: _087_ (rising edge-triggered flip-flop clocked by clk)
Endpoint: sine_out[14] (output port clocked by clk)
Path Group: clk
Path Type: max

Fanout         Cap        Slew       Delay        Time   Description
---------------------------------------------------------------------------------------------
                      0.150000    0.000000    0.000000   clock clk (rise edge)
                                  0.000000    0.000000   clock network delay (ideal)
                      0.150000    0.000000    0.000000 ^ _087_/CLK (sky130_fd_sc_hd__dfrtp_2)
     1    0.033442    0.078319    0.325229    0.325229 v _087_/Q (sky130_fd_sc_hd__dfrtp_2)
                                                         sine_out[14] (net)
                      0.078319    0.000000    0.325229 v sine_out[14] (out)
                                              0.325229   data arrival time

                      0.150000   10.000000   10.000000   clock clk (rise edge)
                                  0.000000   10.000000   clock network delay (ideal)
                                 -0.250000    9.750000   clock uncertainty
                                  0.000000    9.750000   clock reconvergence pessimism
                                 -2.000000    7.750000   output external delay
                                              7.750000   data required time
---------------------------------------------------------------------------------------------
                                              7.750000   data required time
                                             -0.325229   data arrival time
---------------------------------------------------------------------------------------------
                                              7.424771   slack (MET)


Startpoint: _088_ (rising edge-triggered flip-flop clocked by clk)
Endpoint: sine_out[15] (output port clocked by clk)
Path Group: clk
Path Type: max

Fanout         Cap        Slew       Delay        Time   Description
---------------------------------------------------------------------------------------------
                      0.150000    0.000000    0.000000   clock clk (rise edge)
                                  0.000000    0.000000   clock network delay (ideal)
                      0.150000    0.000000    0.000000 ^ _088_/CLK (sky130_fd_sc_hd__dfrtp_2)
     1    0.033442    0.078319    0.325229    0.325229 v _088_/Q (sky130_fd_sc_hd__dfrtp_2)
                                                         sine_out[15] (net)
                      0.078319    0.000000    0.325229 v sine_out[15] (out)
                                              0.325229   data arrival time

                      0.150000   10.000000   10.000000   clock clk (rise edge)
                                  0.000000   10.000000   clock network delay (ideal)
                                 -0.250000    9.750000   clock uncertainty
                                  0.000000    9.750000   clock reconvergence pessimism
                                 -2.000000    7.750000   output external delay
                                              7.750000   data required time
---------------------------------------------------------------------------------------------
                                              7.750000   data required time
                                             -0.325229   data arrival time
---------------------------------------------------------------------------------------------
                                              7.424771   slack (MET)


Startpoint: _098_ (rising edge-triggered flip-flop clocked by clk)
Endpoint: sine_out[1] (output port clocked by clk)
Path Group: clk
Path Type: max

Fanout         Cap        Slew       Delay        Time   Description
---------------------------------------------------------------------------------------------
                      0.150000    0.000000    0.000000   clock clk (rise edge)
                                  0.000000    0.000000   clock network delay (ideal)
                      0.150000    0.000000    0.000000 ^ _098_/CLK (sky130_fd_sc_hd__dfrtp_2)
     1    0.033442    0.078319    0.325229    0.325229 v _098_/Q (sky130_fd_sc_hd__dfrtp_2)
                                                         sine_out[1] (net)
                      0.078319    0.000000    0.325229 v sine_out[1] (out)
                                              0.325229   data arrival time

                      0.150000   10.000000   10.000000   clock clk (rise edge)
                                  0.000000   10.000000   clock network delay (ideal)
                                 -0.250000    9.750000   clock uncertainty
                                  0.000000    9.750000   clock reconvergence pessimism
                                 -2.000000    7.750000   output external delay
                                              7.750000   data required time
---------------------------------------------------------------------------------------------
                                              7.750000   data required time
                                             -0.325229   data arrival time
---------------------------------------------------------------------------------------------
                                              7.424771   slack (MET)


Startpoint: _099_ (rising edge-triggered flip-flop clocked by clk)
Endpoint: sine_out[2] (output port clocked by clk)
Path Group: clk
Path Type: max

Fanout         Cap        Slew       Delay        Time   Description
---------------------------------------------------------------------------------------------
                      0.150000    0.000000    0.000000   clock clk (rise edge)
                                  0.000000    0.000000   clock network delay (ideal)
                      0.150000    0.000000    0.000000 ^ _099_/CLK (sky130_fd_sc_hd__dfrtp_2)
     1    0.033442    0.078319    0.325229    0.325229 v _099_/Q (sky130_fd_sc_hd__dfrtp_2)
                                                         sine_out[2] (net)
                      0.078319    0.000000    0.325229 v sine_out[2] (out)
                                              0.325229   data arrival time

                      0.150000   10.000000   10.000000   clock clk (rise edge)
                                  0.000000   10.000000   clock network delay (ideal)
                                 -0.250000    9.750000   clock uncertainty
                                  0.000000    9.750000   clock reconvergence pessimism
                                 -2.000000    7.750000   output external delay
                                              7.750000   data required time
---------------------------------------------------------------------------------------------
                                              7.750000   data required time
                                             -0.325229   data arrival time
---------------------------------------------------------------------------------------------
                                              7.424771   slack (MET)


Startpoint: _100_ (rising edge-triggered flip-flop clocked by clk)
Endpoint: sine_out[3] (output port clocked by clk)
Path Group: clk
Path Type: max

Fanout         Cap        Slew       Delay        Time   Description
---------------------------------------------------------------------------------------------
                      0.150000    0.000000    0.000000   clock clk (rise edge)
                                  0.000000    0.000000   clock network delay (ideal)
                      0.150000    0.000000    0.000000 ^ _100_/CLK (sky130_fd_sc_hd__dfrtp_2)
     1    0.033442    0.078319    0.325229    0.325229 v _100_/Q (sky130_fd_sc_hd__dfrtp_2)
                                                         sine_out[3] (net)
                      0.078319    0.000000    0.325229 v sine_out[3] (out)
                                              0.325229   data arrival time

                      0.150000   10.000000   10.000000   clock clk (rise edge)
                                  0.000000   10.000000   clock network delay (ideal)
                                 -0.250000    9.750000   clock uncertainty
                                  0.000000    9.750000   clock reconvergence pessimism
                                 -2.000000    7.750000   output external delay
                                              7.750000   data required time
---------------------------------------------------------------------------------------------
                                              7.750000   data required time
                                             -0.325229   data arrival time
---------------------------------------------------------------------------------------------
                                              7.424771   slack (MET)


Startpoint: _101_ (rising edge-triggered flip-flop clocked by clk)
Endpoint: sine_out[4] (output port clocked by clk)
Path Group: clk
Path Type: max

Fanout         Cap        Slew       Delay        Time   Description
---------------------------------------------------------------------------------------------
                      0.150000    0.000000    0.000000   clock clk (rise edge)
                                  0.000000    0.000000   clock network delay (ideal)
                      0.150000    0.000000    0.000000 ^ _101_/CLK (sky130_fd_sc_hd__dfrtp_2)
     1    0.033442    0.078319    0.325229    0.325229 v _101_/Q (sky130_fd_sc_hd__dfrtp_2)
                                                         sine_out[4] (net)
                      0.078319    0.000000    0.325229 v sine_out[4] (out)
                                              0.325229   data arrival time

                      0.150000   10.000000   10.000000   clock clk (rise edge)
                                  0.000000   10.000000   clock network delay (ideal)
                                 -0.250000    9.750000   clock uncertainty
                                  0.000000    9.750000   clock reconvergence pessimism
                                 -2.000000    7.750000   output external delay
                                              7.750000   data required time
---------------------------------------------------------------------------------------------
                                              7.750000   data required time
                                             -0.325229   data arrival time
---------------------------------------------------------------------------------------------
                                              7.424771   slack (MET)


Startpoint: _102_ (rising edge-triggered flip-flop clocked by clk)
Endpoint: sine_out[5] (output port clocked by clk)
Path Group: clk
Path Type: max

Fanout         Cap        Slew       Delay        Time   Description
---------------------------------------------------------------------------------------------
                      0.150000    0.000000    0.000000   clock clk (rise edge)
                                  0.000000    0.000000   clock network delay (ideal)
                      0.150000    0.000000    0.000000 ^ _102_/CLK (sky130_fd_sc_hd__dfrtp_2)
     1    0.033442    0.078319    0.325229    0.325229 v _102_/Q (sky130_fd_sc_hd__dfrtp_2)
                                                         sine_out[5] (net)
                      0.078319    0.000000    0.325229 v sine_out[5] (out)
                                              0.325229   data arrival time

                      0.150000   10.000000   10.000000   clock clk (rise edge)
                                  0.000000   10.000000   clock network delay (ideal)
                                 -0.250000    9.750000   clock uncertainty
                                  0.000000    9.750000   clock reconvergence pessimism
                                 -2.000000    7.750000   output external delay
                                              7.750000   data required time
---------------------------------------------------------------------------------------------
                                              7.750000   data required time
                                             -0.325229   data arrival time
---------------------------------------------------------------------------------------------
                                              7.424771   slack (MET)


Startpoint: _079_ (rising edge-triggered flip-flop clocked by clk)
Endpoint: sine_out[6] (output port clocked by clk)
Path Group: clk
Path Type: max

Fanout         Cap        Slew       Delay        Time   Description
---------------------------------------------------------------------------------------------
                      0.150000    0.000000    0.000000   clock clk (rise edge)
                                  0.000000    0.000000   clock network delay (ideal)
                      0.150000    0.000000    0.000000 ^ _079_/CLK (sky130_fd_sc_hd__dfrtp_2)
     1    0.033442    0.078319    0.325229    0.325229 v _079_/Q (sky130_fd_sc_hd__dfrtp_2)
                                                         sine_out[6] (net)
                      0.078319    0.000000    0.325229 v sine_out[6] (out)
                                              0.325229   data arrival time

                      0.150000   10.000000   10.000000   clock clk (rise edge)
                                  0.000000   10.000000   clock network delay (ideal)
                                 -0.250000    9.750000   clock uncertainty
                                  0.000000    9.750000   clock reconvergence pessimism
                                 -2.000000    7.750000   output external delay
                                              7.750000   data required time
---------------------------------------------------------------------------------------------
                                              7.750000   data required time
                                             -0.325229   data arrival time
---------------------------------------------------------------------------------------------
                                              7.424771   slack (MET)


Startpoint: _080_ (rising edge-triggered flip-flop clocked by clk)
Endpoint: sine_out[7] (output port clocked by clk)
Path Group: clk
Path Type: max

Fanout         Cap        Slew       Delay        Time   Description
---------------------------------------------------------------------------------------------
                      0.150000    0.000000    0.000000   clock clk (rise edge)
                                  0.000000    0.000000   clock network delay (ideal)
                      0.150000    0.000000    0.000000 ^ _080_/CLK (sky130_fd_sc_hd__dfrtp_2)
     1    0.033442    0.078319    0.325229    0.325229 v _080_/Q (sky130_fd_sc_hd__dfrtp_2)
                                                         sine_out[7] (net)
                      0.078319    0.000000    0.325229 v sine_out[7] (out)
                                              0.325229   data arrival time

                      0.150000   10.000000   10.000000   clock clk (rise edge)
                                  0.000000   10.000000   clock network delay (ideal)
                                 -0.250000    9.750000   clock uncertainty
                                  0.000000    9.750000   clock reconvergence pessimism
                                 -2.000000    7.750000   output external delay
                                              7.750000   data required time
---------------------------------------------------------------------------------------------
                                              7.750000   data required time
                                             -0.325229   data arrival time
---------------------------------------------------------------------------------------------
                                              7.424771   slack (MET)


Startpoint: _081_ (rising edge-triggered flip-flop clocked by clk)
Endpoint: sine_out[8] (output port clocked by clk)
Path Group: clk
Path Type: max

Fanout         Cap        Slew       Delay        Time   Description
---------------------------------------------------------------------------------------------
                      0.150000    0.000000    0.000000   clock clk (rise edge)
                                  0.000000    0.000000   clock network delay (ideal)
                      0.150000    0.000000    0.000000 ^ _081_/CLK (sky130_fd_sc_hd__dfrtp_2)
     1    0.033442    0.078319    0.325229    0.325229 v _081_/Q (sky130_fd_sc_hd__dfrtp_2)
                                                         sine_out[8] (net)
                      0.078319    0.000000    0.325229 v sine_out[8] (out)
                                              0.325229   data arrival time

                      0.150000   10.000000   10.000000   clock clk (rise edge)
                                  0.000000   10.000000   clock network delay (ideal)
                                 -0.250000    9.750000   clock uncertainty
                                  0.000000    9.750000   clock reconvergence pessimism
                                 -2.000000    7.750000   output external delay
                                              7.750000   data required time
---------------------------------------------------------------------------------------------
                                              7.750000   data required time
                                             -0.325229   data arrival time
---------------------------------------------------------------------------------------------
                                              7.424771   slack (MET)


Startpoint: _082_ (rising edge-triggered flip-flop clocked by clk)
Endpoint: sine_out[9] (output port clocked by clk)
Path Group: clk
Path Type: max

Fanout         Cap        Slew       Delay        Time   Description
---------------------------------------------------------------------------------------------
                      0.150000    0.000000    0.000000   clock clk (rise edge)
                                  0.000000    0.000000   clock network delay (ideal)
                      0.150000    0.000000    0.000000 ^ _082_/CLK (sky130_fd_sc_hd__dfrtp_2)
     1    0.033442    0.078319    0.325229    0.325229 v _082_/Q (sky130_fd_sc_hd__dfrtp_2)
                                                         sine_out[9] (net)
                      0.078319    0.000000    0.325229 v sine_out[9] (out)
                                              0.325229   data arrival time

                      0.150000   10.000000   10.000000   clock clk (rise edge)
                                  0.000000   10.000000   clock network delay (ideal)
                                 -0.250000    9.750000   clock uncertainty
                                  0.000000    9.750000   clock reconvergence pessimism
                                 -2.000000    7.750000   output external delay
                                              7.750000   data required time
---------------------------------------------------------------------------------------------
                                              7.750000   data required time
                                             -0.325229   data arrival time
---------------------------------------------------------------------------------------------
                                              7.424771   slack (MET)


Startpoint: rst (input port clocked by clk)
Endpoint: _079_ (recovery check against rising-edge clock clk)
Path Group: asynchronous
Path Type: max

Fanout         Cap        Slew       Delay        Time   Description
---------------------------------------------------------------------------------------------
                      0.150000    0.000000    0.000000   clock clk (rise edge)
                                  0.000000    0.000000   clock network delay (ideal)
                                  2.000000    2.000000 v input external delay
    24    0.102840    0.153165    0.114094    2.114094 v rst (in)
                                                         rst (net)
                      0.153165    0.000000    2.114094 v _041_/A (sky130_fd_sc_hd__inv_2)
     1    0.003617    0.040463    0.062805    2.176899 ^ _041_/Y (sky130_fd_sc_hd__inv_2)
                                                         _008_ (net)
                      0.040463    0.000000    2.176899 ^ _079_/RESET_B (sky130_fd_sc_hd__dfrtp_2)
                                              2.176899   data arrival time

                      0.150000   10.000000   10.000000   clock clk (rise edge)
                                  0.000000   10.000000   clock network delay (ideal)
                                 -0.250000    9.750000   clock uncertainty
                                  0.000000    9.750000   clock reconvergence pessimism
                                              9.750000 ^ _079_/CLK (sky130_fd_sc_hd__dfrtp_2)
                                  0.149401    9.899401   library recovery time
                                              9.899401   data required time
---------------------------------------------------------------------------------------------
                                              9.899401   data required time
                                             -2.176899   data arrival time
---------------------------------------------------------------------------------------------
                                              7.722502   slack (MET)


Startpoint: rst (input port clocked by clk)
Endpoint: _080_ (recovery check against rising-edge clock clk)
Path Group: asynchronous
Path Type: max

Fanout         Cap        Slew       Delay        Time   Description
---------------------------------------------------------------------------------------------
                      0.150000    0.000000    0.000000   clock clk (rise edge)
                                  0.000000    0.000000   clock network delay (ideal)
                                  2.000000    2.000000 v input external delay
    24    0.102840    0.153165    0.114094    2.114094 v rst (in)
                                                         rst (net)
                      0.153165    0.000000    2.114094 v _056_/A (sky130_fd_sc_hd__inv_2)
     1    0.003617    0.040463    0.062805    2.176899 ^ _056_/Y (sky130_fd_sc_hd__inv_2)
                                                         _009_ (net)
                      0.040463    0.000000    2.176899 ^ _080_/RESET_B (sky130_fd_sc_hd__dfrtp_2)
                                              2.176899   data arrival time

                      0.150000   10.000000   10.000000   clock clk (rise edge)
                                  0.000000   10.000000   clock network delay (ideal)
                                 -0.250000    9.750000   clock uncertainty
                                  0.000000    9.750000   clock reconvergence pessimism
                                              9.750000 ^ _080_/CLK (sky130_fd_sc_hd__dfrtp_2)
                                  0.149401    9.899401   library recovery time
                                              9.899401   data required time
---------------------------------------------------------------------------------------------
                                              9.899401   data required time
                                             -2.176899   data arrival time
---------------------------------------------------------------------------------------------
                                              7.722502   slack (MET)


Startpoint: rst (input port clocked by clk)
Endpoint: _081_ (recovery check against rising-edge clock clk)
Path Group: asynchronous
Path Type: max

Fanout         Cap        Slew       Delay        Time   Description
---------------------------------------------------------------------------------------------
                      0.150000    0.000000    0.000000   clock clk (rise edge)
                                  0.000000    0.000000   clock network delay (ideal)
                                  2.000000    2.000000 v input external delay
    24    0.102840    0.153165    0.114094    2.114094 v rst (in)
                                                         rst (net)
                      0.153165    0.000000    2.114094 v _057_/A (sky130_fd_sc_hd__inv_2)
     1    0.003617    0.040463    0.062805    2.176899 ^ _057_/Y (sky130_fd_sc_hd__inv_2)
                                                         _010_ (net)
                      0.040463    0.000000    2.176899 ^ _081_/RESET_B (sky130_fd_sc_hd__dfrtp_2)
                                              2.176899   data arrival time

                      0.150000   10.000000   10.000000   clock clk (rise edge)
                                  0.000000   10.000000   clock network delay (ideal)
                                 -0.250000    9.750000   clock uncertainty
                                  0.000000    9.750000   clock reconvergence pessimism
                                              9.750000 ^ _081_/CLK (sky130_fd_sc_hd__dfrtp_2)
                                  0.149401    9.899401   library recovery time
                                              9.899401   data required time
---------------------------------------------------------------------------------------------
                                              9.899401   data required time
                                             -2.176899   data arrival time
---------------------------------------------------------------------------------------------
                                              7.722502   slack (MET)


Startpoint: rst (input port clocked by clk)
Endpoint: _082_ (recovery check against rising-edge clock clk)
Path Group: asynchronous
Path Type: max

Fanout         Cap        Slew       Delay        Time   Description
---------------------------------------------------------------------------------------------
                      0.150000    0.000000    0.000000   clock clk (rise edge)
                                  0.000000    0.000000   clock network delay (ideal)
                                  2.000000    2.000000 v input external delay
    24    0.102840    0.153165    0.114094    2.114094 v rst (in)
                                                         rst (net)
                      0.153165    0.000000    2.114094 v _058_/A (sky130_fd_sc_hd__inv_2)
     1    0.003617    0.040463    0.062805    2.176899 ^ _058_/Y (sky130_fd_sc_hd__inv_2)
                                                         _011_ (net)
                      0.040463    0.000000    2.176899 ^ _082_/RESET_B (sky130_fd_sc_hd__dfrtp_2)
                                              2.176899   data arrival time

                      0.150000   10.000000   10.000000   clock clk (rise edge)
                                  0.000000   10.000000   clock network delay (ideal)
                                 -0.250000    9.750000   clock uncertainty
                                  0.000000    9.750000   clock reconvergence pessimism
                                              9.750000 ^ _082_/CLK (sky130_fd_sc_hd__dfrtp_2)
                                  0.149401    9.899401   library recovery time
                                              9.899401   data required time
---------------------------------------------------------------------------------------------
                                              9.899401   data required time
                                             -2.176899   data arrival time
---------------------------------------------------------------------------------------------
                                              7.722502   slack (MET)


Startpoint: rst (input port clocked by clk)
Endpoint: _083_ (recovery check against rising-edge clock clk)
Path Group: asynchronous
Path Type: max

Fanout         Cap        Slew       Delay        Time   Description
---------------------------------------------------------------------------------------------
                      0.150000    0.000000    0.000000   clock clk (rise edge)
                                  0.000000    0.000000   clock network delay (ideal)
                                  2.000000    2.000000 v input external delay
    24    0.102840    0.153165    0.114094    2.114094 v rst (in)
                                                         rst (net)
                      0.153165    0.000000    2.114094 v _059_/A (sky130_fd_sc_hd__inv_2)
     1    0.003617    0.040463    0.062805    2.176899 ^ _059_/Y (sky130_fd_sc_hd__inv_2)
                                                         _012_ (net)
                      0.040463    0.000000    2.176899 ^ _083_/RESET_B (sky130_fd_sc_hd__dfrtp_2)
                                              2.176899   data arrival time

                      0.150000   10.000000   10.000000   clock clk (rise edge)
                                  0.000000   10.000000   clock network delay (ideal)
                                 -0.250000    9.750000   clock uncertainty
                                  0.000000    9.750000   clock reconvergence pessimism
                                              9.750000 ^ _083_/CLK (sky130_fd_sc_hd__dfrtp_2)
                                  0.149401    9.899401   library recovery time
                                              9.899401   data required time
---------------------------------------------------------------------------------------------
                                              9.899401   data required time
                                             -2.176899   data arrival time
---------------------------------------------------------------------------------------------
                                              7.722502   slack (MET)


Startpoint: rst (input port clocked by clk)
Endpoint: _084_ (recovery check against rising-edge clock clk)
Path Group: asynchronous
Path Type: max

Fanout         Cap        Slew       Delay        Time   Description
---------------------------------------------------------------------------------------------
                      0.150000    0.000000    0.000000   clock clk (rise edge)
                                  0.000000    0.000000   clock network delay (ideal)
                                  2.000000    2.000000 v input external delay
    24    0.102840    0.153165    0.114094    2.114094 v rst (in)
                                                         rst (net)
                      0.153165    0.000000    2.114094 v _060_/A (sky130_fd_sc_hd__inv_2)
     1    0.003617    0.040463    0.062805    2.176899 ^ _060_/Y (sky130_fd_sc_hd__inv_2)
                                                         _013_ (net)
                      0.040463    0.000000    2.176899 ^ _084_/RESET_B (sky130_fd_sc_hd__dfrtp_2)
                                              2.176899   data arrival time

                      0.150000   10.000000   10.000000   clock clk (rise edge)
                                  0.000000   10.000000   clock network delay (ideal)
                                 -0.250000    9.750000   clock uncertainty
                                  0.000000    9.750000   clock reconvergence pessimism
                                              9.750000 ^ _084_/CLK (sky130_fd_sc_hd__dfrtp_2)
                                  0.149401    9.899401   library recovery time
                                              9.899401   data required time
---------------------------------------------------------------------------------------------
                                              9.899401   data required time
                                             -2.176899   data arrival time
---------------------------------------------------------------------------------------------
                                              7.722502   slack (MET)


Startpoint: rst (input port clocked by clk)
Endpoint: _085_ (recovery check against rising-edge clock clk)
Path Group: asynchronous
Path Type: max

Fanout         Cap        Slew       Delay        Time   Description
---------------------------------------------------------------------------------------------
                      0.150000    0.000000    0.000000   clock clk (rise edge)
                                  0.000000    0.000000   clock network delay (ideal)
                                  2.000000    2.000000 v input external delay
    24    0.102840    0.153165    0.114094    2.114094 v rst (in)
                                                         rst (net)
                      0.153165    0.000000    2.114094 v _061_/A (sky130_fd_sc_hd__inv_2)
     1    0.003617    0.040463    0.062805    2.176899 ^ _061_/Y (sky130_fd_sc_hd__inv_2)
                                                         _014_ (net)
                      0.040463    0.000000    2.176899 ^ _085_/RESET_B (sky130_fd_sc_hd__dfrtp_2)
                                              2.176899   data arrival time

                      0.150000   10.000000   10.000000   clock clk (rise edge)
                                  0.000000   10.000000   clock network delay (ideal)
                                 -0.250000    9.750000   clock uncertainty
                                  0.000000    9.750000   clock reconvergence pessimism
                                              9.750000 ^ _085_/CLK (sky130_fd_sc_hd__dfrtp_2)
                                  0.149401    9.899401   library recovery time
                                              9.899401   data required time
---------------------------------------------------------------------------------------------
                                              9.899401   data required time
                                             -2.176899   data arrival time
---------------------------------------------------------------------------------------------
                                              7.722502   slack (MET)


Startpoint: rst (input port clocked by clk)
Endpoint: _086_ (recovery check against rising-edge clock clk)
Path Group: asynchronous
Path Type: max

Fanout         Cap        Slew       Delay        Time   Description
---------------------------------------------------------------------------------------------
                      0.150000    0.000000    0.000000   clock clk (rise edge)
                                  0.000000    0.000000   clock network delay (ideal)
                                  2.000000    2.000000 v input external delay
    24    0.102840    0.153165    0.114094    2.114094 v rst (in)
                                                         rst (net)
                      0.153165    0.000000    2.114094 v _062_/A (sky130_fd_sc_hd__inv_2)
     1    0.003617    0.040463    0.062805    2.176899 ^ _062_/Y (sky130_fd_sc_hd__inv_2)
                                                         _015_ (net)
                      0.040463    0.000000    2.176899 ^ _086_/RESET_B (sky130_fd_sc_hd__dfrtp_2)
                                              2.176899   data arrival time

                      0.150000   10.000000   10.000000   clock clk (rise edge)
                                  0.000000   10.000000   clock network delay (ideal)
                                 -0.250000    9.750000   clock uncertainty
                                  0.000000    9.750000   clock reconvergence pessimism
                                              9.750000 ^ _086_/CLK (sky130_fd_sc_hd__dfrtp_2)
                                  0.149401    9.899401   library recovery time
                                              9.899401   data required time
---------------------------------------------------------------------------------------------
                                              9.899401   data required time
                                             -2.176899   data arrival time
---------------------------------------------------------------------------------------------
                                              7.722502   slack (MET)


Startpoint: rst (input port clocked by clk)
Endpoint: _087_ (recovery check against rising-edge clock clk)
Path Group: asynchronous
Path Type: max

Fanout         Cap        Slew       Delay        Time   Description
---------------------------------------------------------------------------------------------
                      0.150000    0.000000    0.000000   clock clk (rise edge)
                                  0.000000    0.000000   clock network delay (ideal)
                                  2.000000    2.000000 v input external delay
    24    0.102840    0.153165    0.114094    2.114094 v rst (in)
                                                         rst (net)
                      0.153165    0.000000    2.114094 v _063_/A (sky130_fd_sc_hd__inv_2)
     1    0.003617    0.040463    0.062805    2.176899 ^ _063_/Y (sky130_fd_sc_hd__inv_2)
                                                         _016_ (net)
                      0.040463    0.000000    2.176899 ^ _087_/RESET_B (sky130_fd_sc_hd__dfrtp_2)
                                              2.176899   data arrival time

                      0.150000   10.000000   10.000000   clock clk (rise edge)
                                  0.000000   10.000000   clock network delay (ideal)
                                 -0.250000    9.750000   clock uncertainty
                                  0.000000    9.750000   clock reconvergence pessimism
                                              9.750000 ^ _087_/CLK (sky130_fd_sc_hd__dfrtp_2)
                                  0.149401    9.899401   library recovery time
                                              9.899401   data required time
---------------------------------------------------------------------------------------------
                                              9.899401   data required time
                                             -2.176899   data arrival time
---------------------------------------------------------------------------------------------
                                              7.722502   slack (MET)


Startpoint: rst (input port clocked by clk)
Endpoint: _088_ (recovery check against rising-edge clock clk)
Path Group: asynchronous
Path Type: max

Fanout         Cap        Slew       Delay        Time   Description
---------------------------------------------------------------------------------------------
                      0.150000    0.000000    0.000000   clock clk (rise edge)
                                  0.000000    0.000000   clock network delay (ideal)
                                  2.000000    2.000000 v input external delay
    24    0.102840    0.153165    0.114094    2.114094 v rst (in)
                                                         rst (net)
                      0.153165    0.000000    2.114094 v _064_/A (sky130_fd_sc_hd__inv_2)
     1    0.003617    0.040463    0.062805    2.176899 ^ _064_/Y (sky130_fd_sc_hd__inv_2)
                                                         _017_ (net)
                      0.040463    0.000000    2.176899 ^ _088_/RESET_B (sky130_fd_sc_hd__dfrtp_2)
                                              2.176899   data arrival time

                      0.150000   10.000000   10.000000   clock clk (rise edge)
                                  0.000000   10.000000   clock network delay (ideal)
                                 -0.250000    9.750000   clock uncertainty
                                  0.000000    9.750000   clock reconvergence pessimism
                                              9.750000 ^ _088_/CLK (sky130_fd_sc_hd__dfrtp_2)
                                  0.149401    9.899401   library recovery time
                                              9.899401   data required time
---------------------------------------------------------------------------------------------
                                              9.899401   data required time
                                             -2.176899   data arrival time
---------------------------------------------------------------------------------------------
                                              7.722502   slack (MET)


Startpoint: rst (input port clocked by clk)
Endpoint: _089_ (recovery check against rising-edge clock clk)
Path Group: asynchronous
Path Type: max

Fanout         Cap        Slew       Delay        Time   Description
---------------------------------------------------------------------------------------------
                      0.150000    0.000000    0.000000   clock clk (rise edge)
                                  0.000000    0.000000   clock network delay (ideal)
                                  2.000000    2.000000 v input external delay
    24    0.102840    0.153165    0.114094    2.114094 v rst (in)
                                                         rst (net)
                      0.153165    0.000000    2.114094 v _065_/A (sky130_fd_sc_hd__inv_2)
     1    0.003617    0.040463    0.062805    2.176899 ^ _065_/Y (sky130_fd_sc_hd__inv_2)
                                                         _018_ (net)
                      0.040463    0.000000    2.176899 ^ _089_/RESET_B (sky130_fd_sc_hd__dfrtp_2)
                                              2.176899   data arrival time

                      0.150000   10.000000   10.000000   clock clk (rise edge)
                                  0.000000   10.000000   clock network delay (ideal)
                                 -0.250000    9.750000   clock uncertainty
                                  0.000000    9.750000   clock reconvergence pessimism
                                              9.750000 ^ _089_/CLK (sky130_fd_sc_hd__dfrtp_2)
                                  0.149401    9.899401   library recovery time
                                              9.899401   data required time
---------------------------------------------------------------------------------------------
                                              9.899401   data required time
                                             -2.176899   data arrival time
---------------------------------------------------------------------------------------------
                                              7.722502   slack (MET)


Startpoint: rst (input port clocked by clk)
Endpoint: _090_ (recovery check against rising-edge clock clk)
Path Group: asynchronous
Path Type: max

Fanout         Cap        Slew       Delay        Time   Description
---------------------------------------------------------------------------------------------
                      0.150000    0.000000    0.000000   clock clk (rise edge)
                                  0.000000    0.000000   clock network delay (ideal)
                                  2.000000    2.000000 v input external delay
    24    0.102840    0.153165    0.114094    2.114094 v rst (in)
                                                         rst (net)
                      0.153165    0.000000    2.114094 v _066_/A (sky130_fd_sc_hd__inv_2)
     1    0.003617    0.040463    0.062805    2.176899 ^ _066_/Y (sky130_fd_sc_hd__inv_2)
                                                         _019_ (net)
                      0.040463    0.000000    2.176899 ^ _090_/RESET_B (sky130_fd_sc_hd__dfrtp_2)
                                              2.176899   data arrival time

                      0.150000   10.000000   10.000000   clock clk (rise edge)
                                  0.000000   10.000000   clock network delay (ideal)
                                 -0.250000    9.750000   clock uncertainty
                                  0.000000    9.750000   clock reconvergence pessimism
                                              9.750000 ^ _090_/CLK (sky130_fd_sc_hd__dfrtp_2)
                                  0.149401    9.899401   library recovery time
                                              9.899401   data required time
---------------------------------------------------------------------------------------------
                                              9.899401   data required time
                                             -2.176899   data arrival time
---------------------------------------------------------------------------------------------
                                              7.722502   slack (MET)


Startpoint: rst (input port clocked by clk)
Endpoint: _091_ (recovery check against rising-edge clock clk)
Path Group: asynchronous
Path Type: max

Fanout         Cap        Slew       Delay        Time   Description
---------------------------------------------------------------------------------------------
                      0.150000    0.000000    0.000000   clock clk (rise edge)
                                  0.000000    0.000000   clock network delay (ideal)
                                  2.000000    2.000000 v input external delay
    24    0.102840    0.153165    0.114094    2.114094 v rst (in)
                                                         rst (net)
                      0.153165    0.000000    2.114094 v _067_/A (sky130_fd_sc_hd__inv_2)
     1    0.003617    0.040463    0.062805    2.176899 ^ _067_/Y (sky130_fd_sc_hd__inv_2)
                                                         _020_ (net)
                      0.040463    0.000000    2.176899 ^ _091_/RESET_B (sky130_fd_sc_hd__dfrtp_2)
                                              2.176899   data arrival time

                      0.150000   10.000000   10.000000   clock clk (rise edge)
                                  0.000000   10.000000   clock network delay (ideal)
                                 -0.250000    9.750000   clock uncertainty
                                  0.000000    9.750000   clock reconvergence pessimism
                                              9.750000 ^ _091_/CLK (sky130_fd_sc_hd__dfrtp_2)
                                  0.149401    9.899401   library recovery time
                                              9.899401   data required time
---------------------------------------------------------------------------------------------
                                              9.899401   data required time
                                             -2.176899   data arrival time
---------------------------------------------------------------------------------------------
                                              7.722502   slack (MET)


Startpoint: rst (input port clocked by clk)
Endpoint: _092_ (recovery check against rising-edge clock clk)
Path Group: asynchronous
Path Type: max

Fanout         Cap        Slew       Delay        Time   Description
---------------------------------------------------------------------------------------------
                      0.150000    0.000000    0.000000   clock clk (rise edge)
                                  0.000000    0.000000   clock network delay (ideal)
                                  2.000000    2.000000 v input external delay
    24    0.102840    0.153165    0.114094    2.114094 v rst (in)
                                                         rst (net)
                      0.153165    0.000000    2.114094 v _068_/A (sky130_fd_sc_hd__inv_2)
     1    0.003617    0.040463    0.062805    2.176899 ^ _068_/Y (sky130_fd_sc_hd__inv_2)
                                                         _021_ (net)
                      0.040463    0.000000    2.176899 ^ _092_/RESET_B (sky130_fd_sc_hd__dfrtp_2)
                                              2.176899   data arrival time

                      0.150000   10.000000   10.000000   clock clk (rise edge)
                                  0.000000   10.000000   clock network delay (ideal)
                                 -0.250000    9.750000   clock uncertainty
                                  0.000000    9.750000   clock reconvergence pessimism
                                              9.750000 ^ _092_/CLK (sky130_fd_sc_hd__dfrtp_2)
                                  0.149401    9.899401   library recovery time
                                              9.899401   data required time
---------------------------------------------------------------------------------------------
                                              9.899401   data required time
                                             -2.176899   data arrival time
---------------------------------------------------------------------------------------------
                                              7.722502   slack (MET)


Startpoint: rst (input port clocked by clk)
Endpoint: _093_ (recovery check against rising-edge clock clk)
Path Group: asynchronous
Path Type: max

Fanout         Cap        Slew       Delay        Time   Description
---------------------------------------------------------------------------------------------
                      0.150000    0.000000    0.000000   clock clk (rise edge)
                                  0.000000    0.000000   clock network delay (ideal)
                                  2.000000    2.000000 v input external delay
    24    0.102840    0.153165    0.114094    2.114094 v rst (in)
                                                         rst (net)
                      0.153165    0.000000    2.114094 v _069_/A (sky130_fd_sc_hd__inv_2)
     1    0.003617    0.040463    0.062805    2.176899 ^ _069_/Y (sky130_fd_sc_hd__inv_2)
                                                         _022_ (net)
                      0.040463    0.000000    2.176899 ^ _093_/RESET_B (sky130_fd_sc_hd__dfrtp_2)
                                              2.176899   data arrival time

                      0.150000   10.000000   10.000000   clock clk (rise edge)
                                  0.000000   10.000000   clock network delay (ideal)
                                 -0.250000    9.750000   clock uncertainty
                                  0.000000    9.750000   clock reconvergence pessimism
                                              9.750000 ^ _093_/CLK (sky130_fd_sc_hd__dfrtp_2)
                                  0.149401    9.899401   library recovery time
                                              9.899401   data required time
---------------------------------------------------------------------------------------------
                                              9.899401   data required time
                                             -2.176899   data arrival time
---------------------------------------------------------------------------------------------
                                              7.722502   slack (MET)


Startpoint: rst (input port clocked by clk)
Endpoint: _094_ (recovery check against rising-edge clock clk)
Path Group: asynchronous
Path Type: max

Fanout         Cap        Slew       Delay        Time   Description
---------------------------------------------------------------------------------------------
                      0.150000    0.000000    0.000000   clock clk (rise edge)
                                  0.000000    0.000000   clock network delay (ideal)
                                  2.000000    2.000000 v input external delay
    24    0.102840    0.153165    0.114094    2.114094 v rst (in)
                                                         rst (net)
                      0.153165    0.000000    2.114094 v _070_/A (sky130_fd_sc_hd__inv_2)
     1    0.003617    0.040463    0.062805    2.176899 ^ _070_/Y (sky130_fd_sc_hd__inv_2)
                                                         _023_ (net)
                      0.040463    0.000000    2.176899 ^ _094_/RESET_B (sky130_fd_sc_hd__dfrtp_2)
                                              2.176899   data arrival time

                      0.150000   10.000000   10.000000   clock clk (rise edge)
                                  0.000000   10.000000   clock network delay (ideal)
                                 -0.250000    9.750000   clock uncertainty
                                  0.000000    9.750000   clock reconvergence pessimism
                                              9.750000 ^ _094_/CLK (sky130_fd_sc_hd__dfrtp_2)
                                  0.149401    9.899401   library recovery time
                                              9.899401   data required time
---------------------------------------------------------------------------------------------
                                              9.899401   data required time
                                             -2.176899   data arrival time
---------------------------------------------------------------------------------------------
                                              7.722502   slack (MET)


Startpoint: rst (input port clocked by clk)
Endpoint: _095_ (recovery check against rising-edge clock clk)
Path Group: asynchronous
Path Type: max

Fanout         Cap        Slew       Delay        Time   Description
---------------------------------------------------------------------------------------------
                      0.150000    0.000000    0.000000   clock clk (rise edge)
                                  0.000000    0.000000   clock network delay (ideal)
                                  2.000000    2.000000 v input external delay
    24    0.102840    0.153165    0.114094    2.114094 v rst (in)
                                                         rst (net)
                      0.153165    0.000000    2.114094 v _071_/A (sky130_fd_sc_hd__inv_2)
     1    0.003617    0.040463    0.062805    2.176899 ^ _071_/Y (sky130_fd_sc_hd__inv_2)
                                                         _024_ (net)
                      0.040463    0.000000    2.176899 ^ _095_/RESET_B (sky130_fd_sc_hd__dfrtp_2)
                                              2.176899   data arrival time

                      0.150000   10.000000   10.000000   clock clk (rise edge)
                                  0.000000   10.000000   clock network delay (ideal)
                                 -0.250000    9.750000   clock uncertainty
                                  0.000000    9.750000   clock reconvergence pessimism
                                              9.750000 ^ _095_/CLK (sky130_fd_sc_hd__dfrtp_2)
                                  0.149401    9.899401   library recovery time
                                              9.899401   data required time
---------------------------------------------------------------------------------------------
                                              9.899401   data required time
                                             -2.176899   data arrival time
---------------------------------------------------------------------------------------------
                                              7.722502   slack (MET)


Startpoint: rst (input port clocked by clk)
Endpoint: _096_ (recovery check against rising-edge clock clk)
Path Group: asynchronous
Path Type: max

Fanout         Cap        Slew       Delay        Time   Description
---------------------------------------------------------------------------------------------
                      0.150000    0.000000    0.000000   clock clk (rise edge)
                                  0.000000    0.000000   clock network delay (ideal)
                                  2.000000    2.000000 v input external delay
    24    0.102840    0.153165    0.114094    2.114094 v rst (in)
                                                         rst (net)
                      0.153165    0.000000    2.114094 v _072_/A (sky130_fd_sc_hd__inv_2)
     1    0.003617    0.040463    0.062805    2.176899 ^ _072_/Y (sky130_fd_sc_hd__inv_2)
                                                         _025_ (net)
                      0.040463    0.000000    2.176899 ^ _096_/RESET_B (sky130_fd_sc_hd__dfrtp_2)
                                              2.176899   data arrival time

                      0.150000   10.000000   10.000000   clock clk (rise edge)
                                  0.000000   10.000000   clock network delay (ideal)
                                 -0.250000    9.750000   clock uncertainty
                                  0.000000    9.750000   clock reconvergence pessimism
                                              9.750000 ^ _096_/CLK (sky130_fd_sc_hd__dfrtp_2)
                                  0.149401    9.899401   library recovery time
                                              9.899401   data required time
---------------------------------------------------------------------------------------------
                                              9.899401   data required time
                                             -2.176899   data arrival time
---------------------------------------------------------------------------------------------
                                              7.722502   slack (MET)


Startpoint: rst (input port clocked by clk)
Endpoint: _097_ (recovery check against rising-edge clock clk)
Path Group: asynchronous
Path Type: max

Fanout         Cap        Slew       Delay        Time   Description
---------------------------------------------------------------------------------------------
                      0.150000    0.000000    0.000000   clock clk (rise edge)
                                  0.000000    0.000000   clock network delay (ideal)
                                  2.000000    2.000000 v input external delay
    24    0.102840    0.153165    0.114094    2.114094 v rst (in)
                                                         rst (net)
                      0.153165    0.000000    2.114094 v _073_/A (sky130_fd_sc_hd__inv_2)
     1    0.003617    0.040463    0.062805    2.176899 ^ _073_/Y (sky130_fd_sc_hd__inv_2)
                                                         _026_ (net)
                      0.040463    0.000000    2.176899 ^ _097_/RESET_B (sky130_fd_sc_hd__dfrtp_2)
                                              2.176899   data arrival time

                      0.150000   10.000000   10.000000   clock clk (rise edge)
                                  0.000000   10.000000   clock network delay (ideal)
                                 -0.250000    9.750000   clock uncertainty
                                  0.000000    9.750000   clock reconvergence pessimism
                                              9.750000 ^ _097_/CLK (sky130_fd_sc_hd__dfrtp_2)
                                  0.149401    9.899401   library recovery time
                                              9.899401   data required time
---------------------------------------------------------------------------------------------
                                              9.899401   data required time
                                             -2.176899   data arrival time
---------------------------------------------------------------------------------------------
                                              7.722502   slack (MET)


Startpoint: rst (input port clocked by clk)
Endpoint: _098_ (recovery check against rising-edge clock clk)
Path Group: asynchronous
Path Type: max

Fanout         Cap        Slew       Delay        Time   Description
---------------------------------------------------------------------------------------------
                      0.150000    0.000000    0.000000   clock clk (rise edge)
                                  0.000000    0.000000   clock network delay (ideal)
                                  2.000000    2.000000 v input external delay
    24    0.102840    0.153165    0.114094    2.114094 v rst (in)
                                                         rst (net)
                      0.153165    0.000000    2.114094 v _074_/A (sky130_fd_sc_hd__inv_2)
     1    0.003617    0.040463    0.062805    2.176899 ^ _074_/Y (sky130_fd_sc_hd__inv_2)
                                                         _027_ (net)
                      0.040463    0.000000    2.176899 ^ _098_/RESET_B (sky130_fd_sc_hd__dfrtp_2)
                                              2.176899   data arrival time

                      0.150000   10.000000   10.000000   clock clk (rise edge)
                                  0.000000   10.000000   clock network delay (ideal)
                                 -0.250000    9.750000   clock uncertainty
                                  0.000000    9.750000   clock reconvergence pessimism
                                              9.750000 ^ _098_/CLK (sky130_fd_sc_hd__dfrtp_2)
                                  0.149401    9.899401   library recovery time
                                              9.899401   data required time
---------------------------------------------------------------------------------------------
                                              9.899401   data required time
                                             -2.176899   data arrival time
---------------------------------------------------------------------------------------------
                                              7.722502   slack (MET)


Startpoint: rst (input port clocked by clk)
Endpoint: _099_ (recovery check against rising-edge clock clk)
Path Group: asynchronous
Path Type: max

Fanout         Cap        Slew       Delay        Time   Description
---------------------------------------------------------------------------------------------
                      0.150000    0.000000    0.000000   clock clk (rise edge)
                                  0.000000    0.000000   clock network delay (ideal)
                                  2.000000    2.000000 v input external delay
    24    0.102840    0.153165    0.114094    2.114094 v rst (in)
                                                         rst (net)
                      0.153165    0.000000    2.114094 v _075_/A (sky130_fd_sc_hd__inv_2)
     1    0.003617    0.040463    0.062805    2.176899 ^ _075_/Y (sky130_fd_sc_hd__inv_2)
                                                         _028_ (net)
                      0.040463    0.000000    2.176899 ^ _099_/RESET_B (sky130_fd_sc_hd__dfrtp_2)
                                              2.176899   data arrival time

                      0.150000   10.000000   10.000000   clock clk (rise edge)
                                  0.000000   10.000000   clock network delay (ideal)
                                 -0.250000    9.750000   clock uncertainty
                                  0.000000    9.750000   clock reconvergence pessimism
                                              9.750000 ^ _099_/CLK (sky130_fd_sc_hd__dfrtp_2)
                                  0.149401    9.899401   library recovery time
                                              9.899401   data required time
---------------------------------------------------------------------------------------------
                                              9.899401   data required time
                                             -2.176899   data arrival time
---------------------------------------------------------------------------------------------
                                              7.722502   slack (MET)


Startpoint: rst (input port clocked by clk)
Endpoint: _100_ (recovery check against rising-edge clock clk)
Path Group: asynchronous
Path Type: max

Fanout         Cap        Slew       Delay        Time   Description
---------------------------------------------------------------------------------------------
                      0.150000    0.000000    0.000000   clock clk (rise edge)
                                  0.000000    0.000000   clock network delay (ideal)
                                  2.000000    2.000000 v input external delay
    24    0.102840    0.153165    0.114094    2.114094 v rst (in)
                                                         rst (net)
                      0.153165    0.000000    2.114094 v _076_/A (sky130_fd_sc_hd__inv_2)
     1    0.003617    0.040463    0.062805    2.176899 ^ _076_/Y (sky130_fd_sc_hd__inv_2)
                                                         _029_ (net)
                      0.040463    0.000000    2.176899 ^ _100_/RESET_B (sky130_fd_sc_hd__dfrtp_2)
                                              2.176899   data arrival time

                      0.150000   10.000000   10.000000   clock clk (rise edge)
                                  0.000000   10.000000   clock network delay (ideal)
                                 -0.250000    9.750000   clock uncertainty
                                  0.000000    9.750000   clock reconvergence pessimism
                                              9.750000 ^ _100_/CLK (sky130_fd_sc_hd__dfrtp_2)
                                  0.149401    9.899401   library recovery time
                                              9.899401   data required time
---------------------------------------------------------------------------------------------
                                              9.899401   data required time
                                             -2.176899   data arrival time
---------------------------------------------------------------------------------------------
                                              7.722502   slack (MET)


Startpoint: rst (input port clocked by clk)
Endpoint: _101_ (recovery check against rising-edge clock clk)
Path Group: asynchronous
Path Type: max

Fanout         Cap        Slew       Delay        Time   Description
---------------------------------------------------------------------------------------------
                      0.150000    0.000000    0.000000   clock clk (rise edge)
                                  0.000000    0.000000   clock network delay (ideal)
                                  2.000000    2.000000 v input external delay
    24    0.102840    0.153165    0.114094    2.114094 v rst (in)
                                                         rst (net)
                      0.153165    0.000000    2.114094 v _077_/A (sky130_fd_sc_hd__inv_2)
     1    0.003617    0.040463    0.062805    2.176899 ^ _077_/Y (sky130_fd_sc_hd__inv_2)
                                                         _030_ (net)
                      0.040463    0.000000    2.176899 ^ _101_/RESET_B (sky130_fd_sc_hd__dfrtp_2)
                                              2.176899   data arrival time

                      0.150000   10.000000   10.000000   clock clk (rise edge)
                                  0.000000   10.000000   clock network delay (ideal)
                                 -0.250000    9.750000   clock uncertainty
                                  0.000000    9.750000   clock reconvergence pessimism
                                              9.750000 ^ _101_/CLK (sky130_fd_sc_hd__dfrtp_2)
                                  0.149401    9.899401   library recovery time
                                              9.899401   data required time
---------------------------------------------------------------------------------------------
                                              9.899401   data required time
                                             -2.176899   data arrival time
---------------------------------------------------------------------------------------------
                                              7.722502   slack (MET)


Startpoint: rst (input port clocked by clk)
Endpoint: _102_ (recovery check against rising-edge clock clk)
Path Group: asynchronous
Path Type: max

Fanout         Cap        Slew       Delay        Time   Description
---------------------------------------------------------------------------------------------
                      0.150000    0.000000    0.000000   clock clk (rise edge)
                                  0.000000    0.000000   clock network delay (ideal)
                                  2.000000    2.000000 v input external delay
    24    0.102840    0.153165    0.114094    2.114094 v rst (in)
                                                         rst (net)
                      0.153165    0.000000    2.114094 v _078_/A (sky130_fd_sc_hd__inv_2)
     1    0.003617    0.040463    0.062805    2.176899 ^ _078_/Y (sky130_fd_sc_hd__inv_2)
                                                         _031_ (net)
                      0.040463    0.000000    2.176899 ^ _102_/RESET_B (sky130_fd_sc_hd__dfrtp_2)
                                              2.176899   data arrival time

                      0.150000   10.000000   10.000000   clock clk (rise edge)
                                  0.000000   10.000000   clock network delay (ideal)
                                 -0.250000    9.750000   clock uncertainty
                                  0.000000    9.750000   clock reconvergence pessimism
                                              9.750000 ^ _102_/CLK (sky130_fd_sc_hd__dfrtp_2)
                                  0.149401    9.899401   library recovery time
                                              9.899401   data required time
---------------------------------------------------------------------------------------------
                                              9.899401   data required time
                                             -2.176899   data arrival time
---------------------------------------------------------------------------------------------
                                              7.722502   slack (MET)


Startpoint: _090_ (rising edge-triggered flip-flop clocked by clk)
Endpoint: _094_ (rising edge-triggered flip-flop clocked by clk)
Path Group: clk
Path Type: max

Fanout         Cap        Slew       Delay        Time   Description
---------------------------------------------------------------------------------------------
                      0.150000    0.000000    0.000000   clock clk (rise edge)
                                  0.000000    0.000000   clock network delay (ideal)
                      0.150000    0.000000    0.000000 ^ _090_/CLK (sky130_fd_sc_hd__dfrtp_2)
     4    0.013878    0.049323    0.292776    0.292776 v _090_/Q (sky130_fd_sc_hd__dfrtp_2)
                                                         tcout[1] (net)
                      0.049323    0.000000    0.292776 v _043_/B (sky130_fd_sc_hd__and3_2)
     7    0.025134    0.063651    0.168096    0.460871 v _043_/X (sky130_fd_sc_hd__and3_2)
                                                         _032_ (net)
                      0.063651    0.000000    0.460871 v _048_/C (sky130_fd_sc_hd__and3_2)
     1    0.001694    0.025422    0.134284    0.595155 v _048_/X (sky130_fd_sc_hd__and3_2)
                                                         _035_ (net)
                      0.025422    0.000000    0.595155 v _051_/B1 (sky130_fd_sc_hd__o2bb2a_2)
     1    0.002059    0.029390    0.145215    0.740370 v _051_/X (sky130_fd_sc_hd__o2bb2a_2)
                                                         _005_ (net)
                      0.029390    0.000000    0.740370 v _094_/D (sky130_fd_sc_hd__dfrtp_2)
                                              0.740370   data arrival time

                      0.150000   10.000000   10.000000   clock clk (rise edge)
                                  0.000000   10.000000   clock network delay (ideal)
                                 -0.250000    9.750000   clock uncertainty
                                  0.000000    9.750000   clock reconvergence pessimism
                                              9.750000 ^ _094_/CLK (sky130_fd_sc_hd__dfrtp_2)
                                 -0.061383    9.688618   library setup time
                                              9.688618   data required time
---------------------------------------------------------------------------------------------
                                              9.688618   data required time
                                             -0.740370   data arrival time
---------------------------------------------------------------------------------------------
                                              8.948248   slack (MET)


Startpoint: _090_ (rising edge-triggered flip-flop clocked by clk)
Endpoint: _096_ (rising edge-triggered flip-flop clocked by clk)
Path Group: clk
Path Type: max

Fanout         Cap        Slew       Delay        Time   Description
---------------------------------------------------------------------------------------------
                      0.150000    0.000000    0.000000   clock clk (rise edge)
                                  0.000000    0.000000   clock network delay (ideal)
                      0.150000    0.000000    0.000000 ^ _090_/CLK (sky130_fd_sc_hd__dfrtp_2)
     4    0.013878    0.049323    0.292776    0.292776 v _090_/Q (sky130_fd_sc_hd__dfrtp_2)
                                                         tcout[1] (net)
                      0.049323    0.000000    0.292776 v _043_/B (sky130_fd_sc_hd__and3_2)
     7    0.025134    0.063651    0.168096    0.460871 v _043_/X (sky130_fd_sc_hd__and3_2)
                                                         _032_ (net)
                      0.063651    0.000000    0.460871 v _052_/B (sky130_fd_sc_hd__and3_2)
     2    0.011909    0.044635    0.151838    0.612710 v _052_/X (sky130_fd_sc_hd__and3_2)
                                                         _037_ (net)
                      0.044635    0.000000    0.612710 v _055_/B (sky130_fd_sc_hd__xor2_2)
     1    0.002059    0.028649    0.086754    0.699464 v _055_/X (sky130_fd_sc_hd__xor2_2)
                                                         _007_ (net)
                      0.028649    0.000000    0.699464 v _096_/D (sky130_fd_sc_hd__dfrtp_2)
                                              0.699464   data arrival time

                      0.150000   10.000000   10.000000   clock clk (rise edge)
                                  0.000000   10.000000   clock network delay (ideal)
                                 -0.250000    9.750000   clock uncertainty
                                  0.000000    9.750000   clock reconvergence pessimism
                                              9.750000 ^ _096_/CLK (sky130_fd_sc_hd__dfrtp_2)
                                 -0.061119    9.688881   library setup time
                                              9.688881   data required time
---------------------------------------------------------------------------------------------
                                              9.688881   data required time
                                             -0.699464   data arrival time
---------------------------------------------------------------------------------------------
                                              8.989417   slack (MET)


Startpoint: _090_ (rising edge-triggered flip-flop clocked by clk)
Endpoint: _095_ (rising edge-triggered flip-flop clocked by clk)
Path Group: clk
Path Type: max

Fanout         Cap        Slew       Delay        Time   Description
---------------------------------------------------------------------------------------------
                      0.150000    0.000000    0.000000   clock clk (rise edge)
                                  0.000000    0.000000   clock network delay (ideal)
                      0.150000    0.000000    0.000000 ^ _090_/CLK (sky130_fd_sc_hd__dfrtp_2)
     4    0.013878    0.049323    0.292776    0.292776 v _090_/Q (sky130_fd_sc_hd__dfrtp_2)
                                                         tcout[1] (net)
                      0.049323    0.000000    0.292776 v _043_/B (sky130_fd_sc_hd__and3_2)
     7    0.025134    0.063651    0.168096    0.460871 v _043_/X (sky130_fd_sc_hd__and3_2)
                                                         _032_ (net)
                      0.063651    0.000000    0.460871 v _052_/B (sky130_fd_sc_hd__and3_2)
     2    0.011909    0.044635    0.151838    0.612710 v _052_/X (sky130_fd_sc_hd__and3_2)
                                                         _037_ (net)
                      0.044635    0.000000    0.612710 v _054_/A (sky130_fd_sc_hd__nor2_2)
     1    0.002087    0.039440    0.063493    0.676203 ^ _054_/Y (sky130_fd_sc_hd__nor2_2)
                                                         _006_ (net)
                      0.039440    0.000000    0.676203 ^ _095_/D (sky130_fd_sc_hd__dfrtp_2)
                                              0.676203   data arrival time

                      0.150000   10.000000   10.000000   clock clk (rise edge)
                                  0.000000   10.000000   clock network delay (ideal)
                                 -0.250000    9.750000   clock uncertainty
                                  0.000000    9.750000   clock reconvergence pessimism
                                              9.750000 ^ _095_/CLK (sky130_fd_sc_hd__dfrtp_2)
                                 -0.032717    9.717283   library setup time
                                              9.717283   data required time
---------------------------------------------------------------------------------------------
                                              9.717283   data required time
                                             -0.676203   data arrival time
---------------------------------------------------------------------------------------------
                                              9.041080   slack (MET)


Startpoint: _089_ (rising edge-triggered flip-flop clocked by clk)
Endpoint: _093_ (rising edge-triggered flip-flop clocked by clk)
Path Group: clk
Path Type: max

Fanout         Cap        Slew       Delay        Time   Description
---------------------------------------------------------------------------------------------
                      0.150000    0.000000    0.000000   clock clk (rise edge)
                                  0.000000    0.000000   clock network delay (ideal)
                      0.150000    0.000000    0.000000 ^ _089_/CLK (sky130_fd_sc_hd__dfrtp_2)
     5    0.020180    0.083575    0.284759    0.284759 ^ _089_/Q (sky130_fd_sc_hd__dfrtp_2)
                                                         tcout[0] (net)
                      0.083575    0.000000    0.284759 ^ _043_/A (sky130_fd_sc_hd__and3_2)
     7    0.027338    0.113041    0.172960    0.457719 ^ _043_/X (sky130_fd_sc_hd__and3_2)
                                                         _032_ (net)
                      0.113041    0.000000    0.457719 ^ _046_/B (sky130_fd_sc_hd__nand2_2)
     1    0.008002    0.040372    0.045571    0.503290 v _046_/Y (sky130_fd_sc_hd__nand2_2)
                                                         _034_ (net)
                      0.040372    0.000000    0.503290 v _049_/B (sky130_fd_sc_hd__xnor2_2)
     1    0.002059    0.027993    0.077762    0.581052 v _049_/Y (sky130_fd_sc_hd__xnor2_2)
                                                         _004_ (net)
                      0.027993    0.000000    0.581052 v _093_/D (sky130_fd_sc_hd__dfrtp_2)
                                              0.581052   data arrival time

                      0.150000   10.000000   10.000000   clock clk (rise edge)
                                  0.000000   10.000000   clock network delay (ideal)
                                 -0.250000    9.750000   clock uncertainty
                                  0.000000    9.750000   clock reconvergence pessimism
                                              9.750000 ^ _093_/CLK (sky130_fd_sc_hd__dfrtp_2)
                                 -0.060886    9.689114   library setup time
                                              9.689114   data required time
---------------------------------------------------------------------------------------------
                                              9.689114   data required time
                                             -0.581052   data arrival time
---------------------------------------------------------------------------------------------
                                              9.108062   slack (MET)


Startpoint: _090_ (rising edge-triggered flip-flop clocked by clk)
Endpoint: _092_ (rising edge-triggered flip-flop clocked by clk)
Path Group: clk
Path Type: max

Fanout         Cap        Slew       Delay        Time   Description
---------------------------------------------------------------------------------------------
                      0.150000    0.000000    0.000000   clock clk (rise edge)
                                  0.000000    0.000000   clock network delay (ideal)
                      0.150000    0.000000    0.000000 ^ _090_/CLK (sky130_fd_sc_hd__dfrtp_2)
     4    0.013878    0.049323    0.292776    0.292776 v _090_/Q (sky130_fd_sc_hd__dfrtp_2)
                                                         tcout[1] (net)
                      0.049323    0.000000    0.292776 v _043_/B (sky130_fd_sc_hd__and3_2)
     7    0.025134    0.063651    0.168096    0.460871 v _043_/X (sky130_fd_sc_hd__and3_2)
                                                         _032_ (net)
                      0.063651    0.000000    0.460871 v _047_/B (sky130_fd_sc_hd__xor2_2)
     1    0.002059    0.036575    0.093987    0.554858 v _047_/X (sky130_fd_sc_hd__xor2_2)
                                                         _003_ (net)
                      0.036575    0.000000    0.554858 v _092_/D (sky130_fd_sc_hd__dfrtp_2)
                                              0.554858   data arrival time

                      0.150000   10.000000   10.000000   clock clk (rise edge)
                                  0.000000   10.000000   clock network delay (ideal)
                                 -0.250000    9.750000   clock uncertainty
                                  0.000000    9.750000   clock reconvergence pessimism
                                              9.750000 ^ _092_/CLK (sky130_fd_sc_hd__dfrtp_2)
                                 -0.063936    9.686065   library setup time
                                              9.686065   data required time
---------------------------------------------------------------------------------------------
                                              9.686065   data required time
                                             -0.554858   data arrival time
---------------------------------------------------------------------------------------------
                                              9.131207   slack (MET)


Startpoint: _090_ (rising edge-triggered flip-flop clocked by clk)
Endpoint: _091_ (rising edge-triggered flip-flop clocked by clk)
Path Group: clk
Path Type: max

Fanout         Cap        Slew       Delay        Time   Description
---------------------------------------------------------------------------------------------
                      0.150000    0.000000    0.000000   clock clk (rise edge)
                                  0.000000    0.000000   clock network delay (ideal)
                      0.150000    0.000000    0.000000 ^ _090_/CLK (sky130_fd_sc_hd__dfrtp_2)
     4    0.013878    0.049323    0.292776    0.292776 v _090_/Q (sky130_fd_sc_hd__dfrtp_2)
                                                         tcout[1] (net)
                      0.049323    0.000000    0.292776 v _043_/B (sky130_fd_sc_hd__and3_2)
     7    0.025134    0.063651    0.168096    0.460871 v _043_/X (sky130_fd_sc_hd__and3_2)
                                                         _032_ (net)
                      0.063651    0.000000    0.460871 v _045_/A (sky130_fd_sc_hd__nor2_2)
     1    0.002087    0.040603    0.070241    0.531113 ^ _045_/Y (sky130_fd_sc_hd__nor2_2)
                                                         _002_ (net)
                      0.040603    0.000000    0.531113 ^ _091_/D (sky130_fd_sc_hd__dfrtp_2)
                                              0.531113   data arrival time

                      0.150000   10.000000   10.000000   clock clk (rise edge)
                                  0.000000   10.000000   clock network delay (ideal)
                                 -0.250000    9.750000   clock uncertainty
                                  0.000000    9.750000   clock reconvergence pessimism
                                              9.750000 ^ _091_/CLK (sky130_fd_sc_hd__dfrtp_2)
                                 -0.032828    9.717173   library setup time
                                              9.717173   data required time
---------------------------------------------------------------------------------------------
                                              9.717173   data required time
                                             -0.531113   data arrival time
---------------------------------------------------------------------------------------------
                                              9.186059   slack (MET)


Startpoint: _089_ (rising edge-triggered flip-flop clocked by clk)
Endpoint: _090_ (rising edge-triggered flip-flop clocked by clk)
Path Group: clk
Path Type: max

Fanout         Cap        Slew       Delay        Time   Description
---------------------------------------------------------------------------------------------
                      0.150000    0.000000    0.000000   clock clk (rise edge)
                                  0.000000    0.000000   clock network delay (ideal)
                      0.150000    0.000000    0.000000 ^ _089_/CLK (sky130_fd_sc_hd__dfrtp_2)
     5    0.018624    0.056542    0.301102    0.301102 v _089_/Q (sky130_fd_sc_hd__dfrtp_2)
                                                         tcout[0] (net)
                      0.056542    0.000000    0.301102 v _042_/A (sky130_fd_sc_hd__xor2_2)
     1    0.002059    0.029776    0.110525    0.411627 v _042_/X (sky130_fd_sc_hd__xor2_2)
                                                         _001_ (net)
                      0.029776    0.000000    0.411627 v _090_/D (sky130_fd_sc_hd__dfrtp_2)
                                              0.411627   data arrival time

                      0.150000   10.000000   10.000000   clock clk (rise edge)
                                  0.000000   10.000000   clock network delay (ideal)
                                 -0.250000    9.750000   clock uncertainty
                                  0.000000    9.750000   clock reconvergence pessimism
                                              9.750000 ^ _090_/CLK (sky130_fd_sc_hd__dfrtp_2)
                                 -0.061520    9.688480   library setup time
                                              9.688480   data required time
---------------------------------------------------------------------------------------------
                                              9.688480   data required time
                                             -0.411627   data arrival time
---------------------------------------------------------------------------------------------
                                              9.276854   slack (MET)


Startpoint: _089_ (rising edge-triggered flip-flop clocked by clk)
Endpoint: _089_ (rising edge-triggered flip-flop clocked by clk)
Path Group: clk
Path Type: max

Fanout         Cap        Slew       Delay        Time   Description
---------------------------------------------------------------------------------------------
                      0.150000    0.000000    0.000000   clock clk (rise edge)
                                  0.000000    0.000000   clock network delay (ideal)
                      0.150000    0.000000    0.000000 ^ _089_/CLK (sky130_fd_sc_hd__dfrtp_2)
     5    0.018624    0.056542    0.301102    0.301102 v _089_/Q (sky130_fd_sc_hd__dfrtp_2)
                                                         tcout[0] (net)
                      0.056542    0.000000    0.301102 v _040_/A (sky130_fd_sc_hd__inv_2)
     1    0.002087    0.020775    0.033611    0.334713 ^ _040_/Y (sky130_fd_sc_hd__inv_2)
                                                         _000_ (net)
                      0.020775    0.000000    0.334713 ^ _089_/D (sky130_fd_sc_hd__dfrtp_2)
                                              0.334713   data arrival time

                      0.150000   10.000000   10.000000   clock clk (rise edge)
                                  0.000000   10.000000   clock network delay (ideal)
                                 -0.250000    9.750000   clock uncertainty
                                  0.000000    9.750000   clock reconvergence pessimism
                                              9.750000 ^ _089_/CLK (sky130_fd_sc_hd__dfrtp_2)
                                 -0.030934    9.719067   library setup time
                                              9.719067   data required time
---------------------------------------------------------------------------------------------
                                              9.719067   data required time
                                             -0.334713   data arrival time
---------------------------------------------------------------------------------------------
                                              9.384353   slack (MET)



