
===========================================================================
report_checks -unconstrained
===========================================================================
======================= nom_ff_n40C_1v95 Corner ===================================

Startpoint: rst (input port clocked by clk)
Endpoint: _134_ (recovery check against rising-edge clock clk)
Path Group: asynchronous
Path Type: max

Fanout         Cap        Slew       Delay        Time   Description
---------------------------------------------------------------------------------------------
                                  0.000000    0.000000   clock clk (rise edge)
                                  0.000000    0.000000   clock network delay (propagated)
                                  2.550000    2.550000 v input external delay
     2    0.003650    0.005968    0.003022    2.553022 v rst (in)
                                                         rst (net)
                      0.005969    0.000000    2.553022 v input51/A (sky130_fd_sc_hd__buf_1)
     3    0.019081    0.077788    0.095238    2.648260 v input51/X (sky130_fd_sc_hd__buf_1)
                                                         net51 (net)
                      0.077842    0.001334    2.649594 v fanout87/A (sky130_fd_sc_hd__buf_4)
    17    0.092004    0.087301    0.160626    2.810220 v fanout87/X (sky130_fd_sc_hd__buf_4)
                                                         net87 (net)
                      0.087307    0.000896    2.811116 v fanout86/A (sky130_fd_sc_hd__buf_4)
    19    0.066639    0.066378    0.156443    2.967559 v fanout86/X (sky130_fd_sc_hd__buf_4)
                                                         net86 (net)
                      0.066393    0.000865    2.968424 v fanout85/A (sky130_fd_sc_hd__buf_4)
    10    0.053893    0.058914    0.139956    3.108380 v fanout85/X (sky130_fd_sc_hd__buf_4)
                                                         net85 (net)
                      0.058971    0.001652    3.110031 v _109_/A (sky130_fd_sc_hd__inv_2)
     1    0.006024    0.030526    0.046355    3.156386 ^ _109_/Y (sky130_fd_sc_hd__inv_2)
                                                         _039_ (net)
                      0.030526    0.000164    3.156550 ^ _134_/RESET_B (sky130_fd_sc_hd__dfrtp_4)
                                              3.156550   data arrival time

                                  5.100000    5.100000   clock clk (rise edge)
                                  0.000000    5.100000   clock source latency
     2    0.076310    0.260185    0.191582    5.291582 ^ clk (in)
                                                         clk (net)
                      0.264280    0.000000    5.291582 ^ clkbuf_0_clk/A (sky130_fd_sc_hd__clkbuf_16)
     9    0.115702    0.103674    0.178800    5.470382 ^ clkbuf_0_clk/X (sky130_fd_sc_hd__clkbuf_16)
                                                         clknet_0_clk (net)
                      0.105086    0.009612    5.479993 ^ clkbuf_2_1__f_clk/A (sky130_fd_sc_hd__clkbuf_16)
    21    0.064334    0.063150    0.129095    5.609088 ^ clkbuf_2_1__f_clk/X (sky130_fd_sc_hd__clkbuf_16)
                                                         clknet_2_1__leaf_clk (net)
                      0.063485    0.003577    5.612666 ^ _134_/CLK (sky130_fd_sc_hd__dfrtp_4)
                                 -0.005100    5.607566   clock uncertainty
                                  0.000000    5.607566   clock reconvergence pessimism
                                  0.136321    5.743886   library recovery time
                                              5.743886   data required time
---------------------------------------------------------------------------------------------
                                              5.743886   data required time
                                             -3.156550   data arrival time
---------------------------------------------------------------------------------------------
                                              2.587336   slack (MET)


Startpoint: mem_i1 (falling edge-triggered flip-flop clocked by clk)
Endpoint: _120_ (rising edge-triggered flip-flop clocked by clk)
Path Group: clk
Path Type: max

Fanout         Cap        Slew       Delay        Time   Description
---------------------------------------------------------------------------------------------
                                  2.550000    2.550000   clock clk (fall edge)
                                  0.000000    2.550000   clock source latency
     2    0.075314    0.118688    0.092181    2.642181 v clk (in)
                                                         clk (net)
                      0.127322    0.000000    2.642181 v clkbuf_0_clk/A (sky130_fd_sc_hd__clkbuf_16)
     9    0.111685    0.067483    0.173133    2.815314 v clkbuf_0_clk/X (sky130_fd_sc_hd__clkbuf_16)
                                                         clknet_0_clk (net)
                      0.070500    0.011209    2.826523 v clkbuf_2_0__f_clk/A (sky130_fd_sc_hd__clkbuf_16)
    19    0.099807    0.062067    0.144243    2.970766 v clkbuf_2_0__f_clk/X (sky130_fd_sc_hd__clkbuf_16)
                                                         clknet_2_0__leaf_clk (net)
                      0.085901    0.009500    2.980266 v mem_i1/clk1 (ram256x16)
     1    0.004368    0.003536    0.307846    3.288112 v mem_i1/dout1[8] (ram256x16)
                                                         sine_out_temp1[8] (net)
                      0.002652    0.000103    3.288215 v wire69/A (sky130_fd_sc_hd__clkbuf_2)
     3    0.142724    0.370428    0.276775    3.564991 v wire69/X (sky130_fd_sc_hd__clkbuf_2)
                                                         net69 (net)
                      0.383315    0.054627    3.619617 v _071_/A1 (sky130_fd_sc_hd__mux2_1)
     3    0.017372    0.093186    0.335002    3.954619 v _071_/X (sky130_fd_sc_hd__mux2_1)
                                                         _014_ (net)
                      0.093201    0.001204    3.955823 v _120_/D (sky130_fd_sc_hd__dfrtp_1)
                                              3.955823   data arrival time

                                  5.100000    5.100000   clock clk (rise edge)
                                  0.000000    5.100000   clock source latency
     2    0.076310    0.260185    0.191582    5.291582 ^ clk (in)
                                                         clk (net)
                      0.264280    0.000000    5.291582 ^ clkbuf_0_clk/A (sky130_fd_sc_hd__clkbuf_16)
     9    0.115702    0.103674    0.178800    5.470382 ^ clkbuf_0_clk/X (sky130_fd_sc_hd__clkbuf_16)
                                                         clknet_0_clk (net)
                      0.105086    0.009612    5.479993 ^ clkbuf_2_1__f_clk/A (sky130_fd_sc_hd__clkbuf_16)
    21    0.064334    0.063150    0.129095    5.609088 ^ clkbuf_2_1__f_clk/X (sky130_fd_sc_hd__clkbuf_16)
                                                         clknet_2_1__leaf_clk (net)
                      0.063730    0.004742    5.613831 ^ _120_/CLK (sky130_fd_sc_hd__dfrtp_1)
                                 -0.005100    5.608731   clock uncertainty
                                  0.000000    5.608731   clock reconvergence pessimism
                                 -0.091219    5.517512   library setup time
                                              5.517512   data required time
---------------------------------------------------------------------------------------------
                                              5.517512   data required time
                                             -3.955823   data arrival time
---------------------------------------------------------------------------------------------
                                              1.561689   slack (MET)




===========================================================================
report_checks --slack_max -0.01
============================================================================
======================= nom_ff_n40C_1v95 Corner ===================================

No paths found.


===========================================================================
 report_check_types -max_slew -max_cap -max_fanout -violators
============================================================================
======================= nom_ff_n40C_1v95 Corner ===================================

max slew

Pin                                        Limit        Slew       Slack
------------------------------------------------------------------------
_071_/A1                                0.500000    0.596469   -0.096469 (VIOLATED)
ANTENNA__071__A1/DIODE                  0.500000    0.596462   -0.096462 (VIOLATED)
ANTENNA_wire69_X/DIODE                  0.500000    0.588296   -0.088296 (VIOLATED)
wire69/X                                0.500000    0.588291   -0.088291 (VIOLATED)
_073_/A1                                0.500000    0.538701   -0.038701 (VIOLATED)
ANTENNA__073__A1/DIODE                  0.500000    0.538699   -0.038699 (VIOLATED)
_070_/A1                                0.500000    0.538595   -0.038595 (VIOLATED)
ANTENNA__070__A1/DIODE                  0.500000    0.538593   -0.038593 (VIOLATED)
_075_/A1                                0.500000    0.537457   -0.037457 (VIOLATED)
ANTENNA__075__A1/DIODE                  0.500000    0.537456   -0.037456 (VIOLATED)
ANTENNA_wire70_X/DIODE                  0.500000    0.531979   -0.031979 (VIOLATED)
wire70/X                                0.500000    0.531974   -0.031974 (VIOLATED)
ANTENNA_wire82_X/DIODE                  0.500000    0.531179   -0.031179 (VIOLATED)
wire82/X                                0.500000    0.531174   -0.031174 (VIOLATED)
ANTENNA_wire80_X/DIODE                  0.500000    0.531151   -0.031151 (VIOLATED)
wire80/X                                0.500000    0.531146   -0.031146 (VIOLATED)
_067_/A1                                0.500000    0.523436   -0.023436 (VIOLATED)
ANTENNA__067__A1/DIODE                  0.500000    0.523435   -0.023435 (VIOLATED)
ANTENNA_wire73_X/DIODE                  0.500000    0.517727   -0.017727 (VIOLATED)
wire73/X                                0.500000    0.517723   -0.017723 (VIOLATED)
_072_/A1                                0.500000    0.515223   -0.015223 (VIOLATED)
ANTENNA__072__A1/DIODE                  0.500000    0.515223   -0.015223 (VIOLATED)
_074_/A1                                0.500000    0.511957   -0.011957 (VIOLATED)
ANTENNA__074__A1/DIODE                  0.500000    0.511955   -0.011955 (VIOLATED)
ANTENNA_wire68_X/DIODE                  0.500000    0.508989   -0.008989 (VIOLATED)
wire68/X                                0.500000    0.508984   -0.008984 (VIOLATED)
ANTENNA_wire81_X/DIODE                  0.500000    0.506127   -0.006127 (VIOLATED)
wire81/X                                0.500000    0.506123   -0.006123 (VIOLATED)

max fanout

Pin                                   Limit Fanout  Slack
---------------------------------------------------------
clkbuf_2_1__f_clk/X                      10     21    -11 (VIOLATED)
fanout83/X                               10     21    -11 (VIOLATED)
clkbuf_2_0__f_clk/X                      10     19     -9 (VIOLATED)
fanout86/X                               10     19     -9 (VIOLATED)
fanout84/X                               10     17     -7 (VIOLATED)
fanout87/X                               10     17     -7 (VIOLATED)
_128_/Q                                  10     15     -5 (VIOLATED)
_132_/Q                                  10     15     -5 (VIOLATED)
clkbuf_2_3__f_clk/X                      10     15     -5 (VIOLATED)
_129_/Q                                  10     13     -3 (VIOLATED)
_133_/Q                                  10     13     -3 (VIOLATED)
clkbuf_2_2__f_clk/X                      10     13     -3 (VIOLATED)
_130_/Q                                  10     11        (VIOLATED)
_134_/Q                                  10     11        (VIOLATED)

max capacitance

Pin                                        Limit         Cap       Slack
------------------------------------------------------------------------
mem_i1/dout1[0]                         0.027560    0.077941   -0.050381 (VIOLATED)



===========================================================================
report_parasitic_annotation -report_unannotated
============================================================================
Found 5 unannotated drivers.
 clkload0/X
 clkload1/Y
 clkload2/Y
 mem_i0_88/HI
 mem_i1_89/HI
Found 0 partially unannotated drivers.

===========================================================================
max slew violation count 28
max fanout violation count 14
max cap violation count 1
============================================================================

===========================================================================
check_setup -verbose -unconstrained_endpoints -multiple_clock -no_clock -no_input_delay -loops -generated_clocks
===========================================================================
Warning: There are 2 unconstrained endpoints.
  mem_i0/csb1
  mem_i1/csb1
