Clock: clk
Sources: clk 
Generated: no
Virtual: yes
Propagated: no
Period: 5.100000

===========================================================================
report_clock_properties
============================================================================
Clock                   Period          Waveform
----------------------------------------------------
clk                   5.100000    0.000000  2.550000

===========================================================================
report_clock_latency
============================================================================
Clock clk
rise -> rise
    min     max
0.000000 0.000000 source latency
0.510088         network latency mem_i0/clk1
        0.538529 network latency mem_i1/clk1
---------------
0.510088 0.538529 latency
        0.028441 skew

fall -> fall
    min     max
0.000000 0.000000 source latency
0.408005         network latency mem_i0/clk1
        0.430266 network latency mem_i1/clk1
---------------
0.408005 0.430266 latency
        0.022261 skew



===========================================================================
report_clock_min_period
============================================================================
clk period_min = 1.06 fmax = 943.28
