Clock: clk
Sources: clk 
Generated: no
Virtual: yes
Propagated: no
Period: 10.000000

===========================================================================
report_clock_properties
============================================================================
Clock                   Period          Waveform
----------------------------------------------------
clk                  10.000000    0.000000  5.000000

===========================================================================
report_clock_latency
============================================================================
Clock clk
rise -> rise
    min     max
0.000000 0.000000 source latency
0.446599         network latency _084_/CLK
        0.474008 network latency _097_/CLK
---------------
0.446599 0.474008 latency
        0.027410 skew

fall -> fall
    min     max
0.000000 0.000000 source latency
0.357908         network latency _084_/CLK
        0.377930 network latency _097_/CLK
---------------
0.357908 0.377930 latency
        0.020022 skew



===========================================================================
report_clock_min_period
============================================================================
clk period_min = 1.16 fmax = 863.13
