Clock: clk
Sources: clk 
Generated: no
Virtual: yes
Propagated: no
Period: 10.000000

===========================================================================
report_clock_properties
============================================================================
Clock                   Period          Waveform
----------------------------------------------------
clk                  10.000000    0.000000  5.000000

===========================================================================
report_clock_latency
============================================================================
Clock clk
rise -> rise
    min     max
0.000000 0.000000 source latency
0.277789         network latency _797_/CLK
        0.280589 network latency _794_/CLK
---------------
0.277789 0.280589 latency
        0.002800 skew

fall -> fall
    min     max
0.000000 0.000000 source latency
0.285136         network latency _797_/CLK
        0.287535 network latency _794_/CLK
---------------
0.285136 0.287535 latency
        0.002399 skew



===========================================================================
report_clock_min_period
============================================================================
clk period_min = 2.34 fmax = 427.19
