Reading timing models for corner nom_tt_025C_1v80…
Reading timing library for the 'nom_tt_025C_1v80' corner at '/home/thanh/.volare/volare/sky130/versions/0fe599b2afb6708d281543108caf8310912f54af/sky130A/libs.ref/sky130_fd_sc_hd/lib/sky130_fd_sc_hd__tt_025C_1v80.lib'…
Reading timing library for the 'nom_tt_025C_1v80' corner at '/home/thanh/NCO/ram256x16/ram256x16_TT_1p8V_25C.lib'…
Reading timing models for corner nom_ff_n40C_1v95…
Reading timing library for the 'nom_ff_n40C_1v95' corner at '/home/thanh/.volare/volare/sky130/versions/0fe599b2afb6708d281543108caf8310912f54af/sky130A/libs.ref/sky130_fd_sc_hd/lib/sky130_fd_sc_hd__ff_n40C_1v95.lib'…
Reading timing library for the 'nom_ff_n40C_1v95' corner at '/home/thanh/NCO/ram256x16/ram256x16_TT_1p8V_25C.lib'…
[WARNING STA-1140] /home/thanh/NCO/ram256x16/ram256x16_TT_1p8V_25C.lib line 1, library ram256x16_TT_1p8V_25C_lib already exists.
Reading timing models for corner nom_ss_100C_1v60…
Reading timing library for the 'nom_ss_100C_1v60' corner at '/home/thanh/.volare/volare/sky130/versions/0fe599b2afb6708d281543108caf8310912f54af/sky130A/libs.ref/sky130_fd_sc_hd/lib/sky130_fd_sc_hd__ss_100C_1v60.lib'…
Reading timing library for the 'nom_ss_100C_1v60' corner at '/home/thanh/NCO/ram256x16/ram256x16_TT_1p8V_25C.lib'…
[WARNING STA-1140] /home/thanh/NCO/ram256x16/ram256x16_TT_1p8V_25C.lib line 1, library ram256x16_TT_1p8V_25C_lib already exists.
Reading OpenROAD database at '/home/thanh/NCO/runs/RUN_2025-03-06_16-03-51/27-openroad-globalplacement/counter.odb'…
Reading design constraints file at '/home/thanh/NCO/counter.sdc'…
[INFO] Setting RC values…
[INFO RSZ-0027] Inserted 59 input buffers.
[INFO RSZ-0028] Inserted 16 output buffers.
[INFO RSZ-0058] Using max wire length 6335um.
Iteration | Resized | Buffers | Nets repaired | Remaining
---------------------------------------------------------
        0 |       0 |       0 |             0 |       521
      100 |      87 |       3 |             7 |       421
      200 |     168 |      11 |            18 |       321
      300 |     224 |      24 |            31 |       221
      400 |     288 |      27 |            37 |       121
      500 |     332 |      38 |            42 |        21
    final |     332 |      38 |            42 |         0
---------------------------------------------------------
[INFO RSZ-0034] Found 21 slew violations.
[INFO RSZ-0035] Found 8 fanout violations.
[INFO RSZ-0036] Found 13 capacitance violations.
[INFO RSZ-0038] Inserted 38 buffers in 42 nets.
[INFO RSZ-0039] Resized 332 instances.
[INFO RSZ-0042] Inserted 2 tie sky130_fd_sc_hd__conb_1 instances.
Placement Analysis
---------------------------------
total displacement       2122.9 u
average displacement        0.7 u
max displacement          113.1 u
original HPWL           27285.0 u
legalized HPWL          28634.1 u
delta HPWL                    5 %

[INFO DPL-0020] Mirrored 224 instances
[INFO DPL-0021] HPWL before           28634.1 u
[INFO DPL-0022] HPWL after            28087.1 u
[INFO DPL-0023] HPWL delta               -1.9 %
[INFO] Setting RC values…
Setting global connections for newly added cells…
[INFO] Setting global connections...
mem_i.* matched with mem_i1_115
mem_i.* matched with mem_i0
mem_i.* matched with mem_i1
mem_i.* matched with mem_i0_114
Updating metrics…
Cell type report:                       Count       Area
  Macro                                     2  247030.69
  Fill cell                               962    3610.96
  Tap cell                               1530    1914.34
  Timing Repair Buffer                    113     566.79
  Inverter                                 39     151.40
  Sequential cell                          59    1338.78
  Multi-Input combinational cell          254    1936.86
  Total                                  2959  256549.82
Writing OpenROAD database to '/home/thanh/NCO/runs/RUN_2025-03-06_16-03-51/31-openroad-repairdesignpostgpl/counter.odb'…
Writing netlist to '/home/thanh/NCO/runs/RUN_2025-03-06_16-03-51/31-openroad-repairdesignpostgpl/counter.nl.v'…
Writing powered netlist to '/home/thanh/NCO/runs/RUN_2025-03-06_16-03-51/31-openroad-repairdesignpostgpl/counter.pnl.v'…
Writing layout to '/home/thanh/NCO/runs/RUN_2025-03-06_16-03-51/31-openroad-repairdesignpostgpl/counter.def'…
Writing timing constraints to '/home/thanh/NCO/runs/RUN_2025-03-06_16-03-51/31-openroad-repairdesignpostgpl/counter.sdc'…
