[INFO PSM-0040] All shapes on net vccd1 are connected.
########## IR report #################
Net              : vccd1
Corner           : nom_tt_025C_1v80
Supply voltage   : 1.80e+00 V
Worstcase voltage: 1.80e+00 V
Average voltage  : 1.80e+00 V
Average IR drop  : 1.44e-05 V
Worstcase IR drop: 8.56e-04 V
Percentage drop  : 0.05 %
######################################
[INFO PSM-0040] All shapes on net vssd1 are connected.
########## IR report #################
Net              : vssd1
Corner           : nom_tt_025C_1v80
Supply voltage   : 0.00e+00 V
Worstcase voltage: 9.54e-04 V
Average voltage  : 1.64e-05 V
Average IR drop  : 1.64e-05 V
Worstcase IR drop: 9.54e-04 V
Percentage drop  : 0.05 %
######################################
