Reading OpenROAD database at '/home/thanh/NCO/runs/RUN_2025-03-04_07-10-12/234-odb-cellfrequencytables/counter.odb'…
Reading library file at '/home/thanh/.volare/volare/sky130/versions/0fe599b2afb6708d281543108caf8310912f54af/sky130A/libs.ref/sky130_fd_sc_hd/lib/sky130_fd_sc_hd__tt_025C_1v80.lib'…
Reading design constraints file at '/home/thanh/NCO/counter.sdc'…
[INFO] Setting RC values…
[WARNING STA-1648] /home/thanh/NCO/runs/RUN_2025-03-04_07-10-12/235-openroad-rcx/nom/counter.nom.spef line 5856, instance ANTENNA_mem_i_addr0\[0\] not found.
[WARNING STA-1650] /home/thanh/NCO/runs/RUN_2025-03-04_07-10-12/235-openroad-rcx/nom/counter.nom.spef line 5861, net ANTENNA_mem_i_addr0\[0\] not found.
[WARNING STA-1650] /home/thanh/NCO/runs/RUN_2025-03-04_07-10-12/235-openroad-rcx/nom/counter.nom.spef line 5868, net ANTENNA_mem_i_addr0\[0\] not found.
[WARNING STA-1648] /home/thanh/NCO/runs/RUN_2025-03-04_07-10-12/235-openroad-rcx/nom/counter.nom.spef line 5874, instance ANTENNA_mem_i_addr0\[1\] not found.
[WARNING STA-1650] /home/thanh/NCO/runs/RUN_2025-03-04_07-10-12/235-openroad-rcx/nom/counter.nom.spef line 5879, net ANTENNA_mem_i_addr0\[1\] not found.
[WARNING STA-1650] /home/thanh/NCO/runs/RUN_2025-03-04_07-10-12/235-openroad-rcx/nom/counter.nom.spef line 5885, net ANTENNA_mem_i_addr0\[1\] not found.
[WARNING STA-1648] /home/thanh/NCO/runs/RUN_2025-03-04_07-10-12/235-openroad-rcx/nom/counter.nom.spef line 5892, instance ANTENNA_mem_i_addr0\[2\] not found.
[WARNING STA-1650] /home/thanh/NCO/runs/RUN_2025-03-04_07-10-12/235-openroad-rcx/nom/counter.nom.spef line 5897, net ANTENNA_mem_i_addr0\[2\] not found.
[WARNING STA-1650] /home/thanh/NCO/runs/RUN_2025-03-04_07-10-12/235-openroad-rcx/nom/counter.nom.spef line 5902, net ANTENNA_mem_i_addr0\[2\] not found.
[WARNING STA-1648] /home/thanh/NCO/runs/RUN_2025-03-04_07-10-12/235-openroad-rcx/nom/counter.nom.spef line 5909, instance ANTENNA_mem_i_addr0\[3\] not found.
[WARNING STA-1650] /home/thanh/NCO/runs/RUN_2025-03-04_07-10-12/235-openroad-rcx/nom/counter.nom.spef line 5914, net ANTENNA_mem_i_addr0\[3\] not found.
[WARNING STA-1650] /home/thanh/NCO/runs/RUN_2025-03-04_07-10-12/235-openroad-rcx/nom/counter.nom.spef line 5920, net ANTENNA_mem_i_addr0\[3\] not found.
[WARNING STA-1648] /home/thanh/NCO/runs/RUN_2025-03-04_07-10-12/235-openroad-rcx/nom/counter.nom.spef line 5927, instance ANTENNA_mem_i_addr0\[4\] not found.
[WARNING STA-1650] /home/thanh/NCO/runs/RUN_2025-03-04_07-10-12/235-openroad-rcx/nom/counter.nom.spef line 5932, net ANTENNA_mem_i_addr0\[4\] not found.
[WARNING STA-1650] /home/thanh/NCO/runs/RUN_2025-03-04_07-10-12/235-openroad-rcx/nom/counter.nom.spef line 5938, net ANTENNA_mem_i_addr0\[4\] not found.
[WARNING STA-1648] /home/thanh/NCO/runs/RUN_2025-03-04_07-10-12/235-openroad-rcx/nom/counter.nom.spef line 5945, instance ANTENNA_mem_i_addr0\[5\] not found.
[WARNING STA-1650] /home/thanh/NCO/runs/RUN_2025-03-04_07-10-12/235-openroad-rcx/nom/counter.nom.spef line 5950, net ANTENNA_mem_i_addr0\[5\] not found.
[WARNING STA-1650] /home/thanh/NCO/runs/RUN_2025-03-04_07-10-12/235-openroad-rcx/nom/counter.nom.spef line 5952, net ANTENNA_mem_i_addr0\[5\] not found.
[WARNING STA-1650] /home/thanh/NCO/runs/RUN_2025-03-04_07-10-12/235-openroad-rcx/nom/counter.nom.spef line 5958, net ANTENNA_mem_i_addr0\[5\] not found.
[WARNING STA-1648] /home/thanh/NCO/runs/RUN_2025-03-04_07-10-12/235-openroad-rcx/nom/counter.nom.spef line 5965, instance ANTENNA_mem_i_addr0\[6\] not found.
[WARNING STA-1650] /home/thanh/NCO/runs/RUN_2025-03-04_07-10-12/235-openroad-rcx/nom/counter.nom.spef line 5970, net ANTENNA_mem_i_addr0\[6\] not found.
[WARNING STA-1650] /home/thanh/NCO/runs/RUN_2025-03-04_07-10-12/235-openroad-rcx/nom/counter.nom.spef line 5972, net ANTENNA_mem_i_addr0\[6\] not found.
[WARNING STA-1650] /home/thanh/NCO/runs/RUN_2025-03-04_07-10-12/235-openroad-rcx/nom/counter.nom.spef line 5977, net ANTENNA_mem_i_addr0\[6\] not found.
[WARNING STA-1648] /home/thanh/NCO/runs/RUN_2025-03-04_07-10-12/235-openroad-rcx/nom/counter.nom.spef line 5984, instance ANTENNA_mem_i_addr0\[7\] not found.
[WARNING STA-1650] /home/thanh/NCO/runs/RUN_2025-03-04_07-10-12/235-openroad-rcx/nom/counter.nom.spef line 5989, net ANTENNA_mem_i_addr0\[7\] not found.
[WARNING STA-1650] /home/thanh/NCO/runs/RUN_2025-03-04_07-10-12/235-openroad-rcx/nom/counter.nom.spef line 5991, net ANTENNA_mem_i_addr0\[7\] not found.
[WARNING STA-1650] /home/thanh/NCO/runs/RUN_2025-03-04_07-10-12/235-openroad-rcx/nom/counter.nom.spef line 5994, net ANTENNA_mem_i_addr0\[7\] not found.
[WARNING STA-1648] /home/thanh/NCO/runs/RUN_2025-03-04_07-10-12/235-openroad-rcx/nom/counter.nom.spef line 6075, instance ANTENNA_mem_i_din0\[0\] not found.
[WARNING STA-1650] /home/thanh/NCO/runs/RUN_2025-03-04_07-10-12/235-openroad-rcx/nom/counter.nom.spef line 6080, net ANTENNA_mem_i_din0\[0\] not found.
[WARNING STA-1650] /home/thanh/NCO/runs/RUN_2025-03-04_07-10-12/235-openroad-rcx/nom/counter.nom.spef line 6086, net ANTENNA_mem_i_din0\[0\] not found.
[WARNING STA-1648] /home/thanh/NCO/runs/RUN_2025-03-04_07-10-12/235-openroad-rcx/nom/counter.nom.spef line 6093, instance ANTENNA_mem_i_din0\[10\] not found.
[WARNING STA-1650] /home/thanh/NCO/runs/RUN_2025-03-04_07-10-12/235-openroad-rcx/nom/counter.nom.spef line 6098, net ANTENNA_mem_i_din0\[10\] not found.
[WARNING STA-1650] /home/thanh/NCO/runs/RUN_2025-03-04_07-10-12/235-openroad-rcx/nom/counter.nom.spef line 6104, net ANTENNA_mem_i_din0\[10\] not found.
[WARNING STA-1648] /home/thanh/NCO/runs/RUN_2025-03-04_07-10-12/235-openroad-rcx/nom/counter.nom.spef line 6111, instance ANTENNA_mem_i_din0\[11\] not found.
[WARNING STA-1650] /home/thanh/NCO/runs/RUN_2025-03-04_07-10-12/235-openroad-rcx/nom/counter.nom.spef line 6116, net ANTENNA_mem_i_din0\[11\] not found.
[WARNING STA-1650] /home/thanh/NCO/runs/RUN_2025-03-04_07-10-12/235-openroad-rcx/nom/counter.nom.spef line 6122, net ANTENNA_mem_i_din0\[11\] not found.
[WARNING STA-1648] /home/thanh/NCO/runs/RUN_2025-03-04_07-10-12/235-openroad-rcx/nom/counter.nom.spef line 6129, instance ANTENNA_mem_i_din0\[12\] not found.
[WARNING STA-1650] /home/thanh/NCO/runs/RUN_2025-03-04_07-10-12/235-openroad-rcx/nom/counter.nom.spef line 6134, net ANTENNA_mem_i_din0\[12\] not found.
[WARNING STA-1650] /home/thanh/NCO/runs/RUN_2025-03-04_07-10-12/235-openroad-rcx/nom/counter.nom.spef line 6140, net ANTENNA_mem_i_din0\[12\] not found.
[WARNING STA-1648] /home/thanh/NCO/runs/RUN_2025-03-04_07-10-12/235-openroad-rcx/nom/counter.nom.spef line 6147, instance ANTENNA_mem_i_din0\[13\] not found.
[WARNING STA-1650] /home/thanh/NCO/runs/RUN_2025-03-04_07-10-12/235-openroad-rcx/nom/counter.nom.spef line 6152, net ANTENNA_mem_i_din0\[13\] not found.
[WARNING STA-1650] /home/thanh/NCO/runs/RUN_2025-03-04_07-10-12/235-openroad-rcx/nom/counter.nom.spef line 6159, net ANTENNA_mem_i_din0\[13\] not found.
[WARNING STA-1648] /home/thanh/NCO/runs/RUN_2025-03-04_07-10-12/235-openroad-rcx/nom/counter.nom.spef line 6165, instance ANTENNA_mem_i_din0\[14\] not found.
[WARNING STA-1650] /home/thanh/NCO/runs/RUN_2025-03-04_07-10-12/235-openroad-rcx/nom/counter.nom.spef line 6170, net ANTENNA_mem_i_din0\[14\] not found.
[WARNING STA-1650] /home/thanh/NCO/runs/RUN_2025-03-04_07-10-12/235-openroad-rcx/nom/counter.nom.spef line 6179, net ANTENNA_mem_i_din0\[14\] not found.
[WARNING STA-1648] /home/thanh/NCO/runs/RUN_2025-03-04_07-10-12/235-openroad-rcx/nom/counter.nom.spef line 6185, instance ANTENNA_mem_i_din0\[15\] not found.
[WARNING STA-1650] /home/thanh/NCO/runs/RUN_2025-03-04_07-10-12/235-openroad-rcx/nom/counter.nom.spef line 6190, net ANTENNA_mem_i_din0\[15\] not found.
[WARNING STA-1650] /home/thanh/NCO/runs/RUN_2025-03-04_07-10-12/235-openroad-rcx/nom/counter.nom.spef line 6195, net ANTENNA_mem_i_din0\[15\] not found.
[WARNING STA-1648] /home/thanh/NCO/runs/RUN_2025-03-04_07-10-12/235-openroad-rcx/nom/counter.nom.spef line 6202, instance ANTENNA_mem_i_din0\[1\] not found.
[WARNING STA-1650] /home/thanh/NCO/runs/RUN_2025-03-04_07-10-12/235-openroad-rcx/nom/counter.nom.spef line 6207, net ANTENNA_mem_i_din0\[1\] not found.
[WARNING STA-1650] /home/thanh/NCO/runs/RUN_2025-03-04_07-10-12/235-openroad-rcx/nom/counter.nom.spef line 6213, net ANTENNA_mem_i_din0\[1\] not found.
[WARNING STA-1648] /home/thanh/NCO/runs/RUN_2025-03-04_07-10-12/235-openroad-rcx/nom/counter.nom.spef line 6220, instance ANTENNA_mem_i_din0\[2\] not found.
[WARNING STA-1650] /home/thanh/NCO/runs/RUN_2025-03-04_07-10-12/235-openroad-rcx/nom/counter.nom.spef line 6225, net ANTENNA_mem_i_din0\[2\] not found.
[WARNING STA-1650] /home/thanh/NCO/runs/RUN_2025-03-04_07-10-12/235-openroad-rcx/nom/counter.nom.spef line 6232, net ANTENNA_mem_i_din0\[2\] not found.
[WARNING STA-1648] /home/thanh/NCO/runs/RUN_2025-03-04_07-10-12/235-openroad-rcx/nom/counter.nom.spef line 6239, instance ANTENNA_mem_i_din0\[3\] not found.
[WARNING STA-1650] /home/thanh/NCO/runs/RUN_2025-03-04_07-10-12/235-openroad-rcx/nom/counter.nom.spef line 6244, net ANTENNA_mem_i_din0\[3\] not found.
[WARNING STA-1650] /home/thanh/NCO/runs/RUN_2025-03-04_07-10-12/235-openroad-rcx/nom/counter.nom.spef line 6251, net ANTENNA_mem_i_din0\[3\] not found.
[WARNING STA-1648] /home/thanh/NCO/runs/RUN_2025-03-04_07-10-12/235-openroad-rcx/nom/counter.nom.spef line 6258, instance ANTENNA_mem_i_din0\[4\] not found.
[WARNING STA-1650] /home/thanh/NCO/runs/RUN_2025-03-04_07-10-12/235-openroad-rcx/nom/counter.nom.spef line 6263, net ANTENNA_mem_i_din0\[4\] not found.
[WARNING STA-1650] /home/thanh/NCO/runs/RUN_2025-03-04_07-10-12/235-openroad-rcx/nom/counter.nom.spef line 6269, net ANTENNA_mem_i_din0\[4\] not found.
[WARNING STA-1648] /home/thanh/NCO/runs/RUN_2025-03-04_07-10-12/235-openroad-rcx/nom/counter.nom.spef line 6276, instance ANTENNA_mem_i_din0\[5\] not found.
[WARNING STA-1650] /home/thanh/NCO/runs/RUN_2025-03-04_07-10-12/235-openroad-rcx/nom/counter.nom.spef line 6281, net ANTENNA_mem_i_din0\[5\] not found.
[WARNING STA-1650] /home/thanh/NCO/runs/RUN_2025-03-04_07-10-12/235-openroad-rcx/nom/counter.nom.spef line 6287, net ANTENNA_mem_i_din0\[5\] not found.
[WARNING STA-1648] /home/thanh/NCO/runs/RUN_2025-03-04_07-10-12/235-openroad-rcx/nom/counter.nom.spef line 6294, instance ANTENNA_mem_i_din0\[6\] not found.
[WARNING STA-1650] /home/thanh/NCO/runs/RUN_2025-03-04_07-10-12/235-openroad-rcx/nom/counter.nom.spef line 6299, net ANTENNA_mem_i_din0\[6\] not found.
[WARNING STA-1650] /home/thanh/NCO/runs/RUN_2025-03-04_07-10-12/235-openroad-rcx/nom/counter.nom.spef line 6305, net ANTENNA_mem_i_din0\[6\] not found.
[WARNING STA-1648] /home/thanh/NCO/runs/RUN_2025-03-04_07-10-12/235-openroad-rcx/nom/counter.nom.spef line 6312, instance ANTENNA_mem_i_din0\[7\] not found.
[WARNING STA-1650] /home/thanh/NCO/runs/RUN_2025-03-04_07-10-12/235-openroad-rcx/nom/counter.nom.spef line 6317, net ANTENNA_mem_i_din0\[7\] not found.
[WARNING STA-1650] /home/thanh/NCO/runs/RUN_2025-03-04_07-10-12/235-openroad-rcx/nom/counter.nom.spef line 6323, net ANTENNA_mem_i_din0\[7\] not found.
[WARNING STA-1648] /home/thanh/NCO/runs/RUN_2025-03-04_07-10-12/235-openroad-rcx/nom/counter.nom.spef line 6330, instance ANTENNA_mem_i_din0\[8\] not found.
[WARNING STA-1650] /home/thanh/NCO/runs/RUN_2025-03-04_07-10-12/235-openroad-rcx/nom/counter.nom.spef line 6335, net ANTENNA_mem_i_din0\[8\] not found.
[WARNING STA-1650] /home/thanh/NCO/runs/RUN_2025-03-04_07-10-12/235-openroad-rcx/nom/counter.nom.spef line 6342, net ANTENNA_mem_i_din0\[8\] not found.
[WARNING STA-1648] /home/thanh/NCO/runs/RUN_2025-03-04_07-10-12/235-openroad-rcx/nom/counter.nom.spef line 6348, instance ANTENNA_mem_i_din0\[9\] not found.
[WARNING STA-1650] /home/thanh/NCO/runs/RUN_2025-03-04_07-10-12/235-openroad-rcx/nom/counter.nom.spef line 6353, net ANTENNA_mem_i_din0\[9\] not found.
[WARNING STA-1650] /home/thanh/NCO/runs/RUN_2025-03-04_07-10-12/235-openroad-rcx/nom/counter.nom.spef line 6362, net ANTENNA_mem_i_din0\[9\] not found.
[WARNING STA-1650] /home/thanh/NCO/runs/RUN_2025-03-04_07-10-12/235-openroad-rcx/nom/counter.nom.spef line 7535, net ANTENNA_mem_i_addr0\[5\] not found.
[WARNING STA-1650] /home/thanh/NCO/runs/RUN_2025-03-04_07-10-12/235-openroad-rcx/nom/counter.nom.spef line 7536, net ANTENNA_mem_i_addr0\[6\] not found.
[WARNING STA-1650] /home/thanh/NCO/runs/RUN_2025-03-04_07-10-12/235-openroad-rcx/nom/counter.nom.spef line 7537, net ANTENNA_mem_i_addr0\[7\] not found.
[WARNING STA-1648] /home/thanh/NCO/runs/RUN_2025-03-04_07-10-12/235-openroad-rcx/nom/counter.nom.spef line 8676, instance ANTENNA_mem_i_addr1\[0\] not found.
[WARNING STA-1650] /home/thanh/NCO/runs/RUN_2025-03-04_07-10-12/235-openroad-rcx/nom/counter.nom.spef line 8690, net ANTENNA_mem_i_addr1\[0\] not found.
[WARNING STA-1650] /home/thanh/NCO/runs/RUN_2025-03-04_07-10-12/235-openroad-rcx/nom/counter.nom.spef line 8762, net ANTENNA_mem_i_addr1\[0\] not found.
[WARNING STA-1648] /home/thanh/NCO/runs/RUN_2025-03-04_07-10-12/235-openroad-rcx/nom/counter.nom.spef line 8768, instance ANTENNA_mem_i_addr1\[1\] not found.
[WARNING STA-1650] /home/thanh/NCO/runs/RUN_2025-03-04_07-10-12/235-openroad-rcx/nom/counter.nom.spef line 8780, net ANTENNA_mem_i_addr1\[1\] not found.
[WARNING STA-1650] /home/thanh/NCO/runs/RUN_2025-03-04_07-10-12/235-openroad-rcx/nom/counter.nom.spef line 8842, net ANTENNA_mem_i_addr1\[1\] not found.
[WARNING STA-1648] /home/thanh/NCO/runs/RUN_2025-03-04_07-10-12/235-openroad-rcx/nom/counter.nom.spef line 8853, instance ANTENNA_mem_i_addr1\[2\] not found.
[WARNING STA-1650] /home/thanh/NCO/runs/RUN_2025-03-04_07-10-12/235-openroad-rcx/nom/counter.nom.spef line 8863, net ANTENNA_mem_i_addr1\[2\] not found.
[WARNING STA-1650] /home/thanh/NCO/runs/RUN_2025-03-04_07-10-12/235-openroad-rcx/nom/counter.nom.spef line 8872, net ANTENNA_mem_i_addr1\[2\] not found.
[WARNING STA-1650] /home/thanh/NCO/runs/RUN_2025-03-04_07-10-12/235-openroad-rcx/nom/counter.nom.spef line 8909, net ANTENNA_mem_i_addr1\[2\] not found.
[WARNING STA-1648] /home/thanh/NCO/runs/RUN_2025-03-04_07-10-12/235-openroad-rcx/nom/counter.nom.spef line 9042, instance ANTENNA_mem_i_addr1\[5\] not found.
[WARNING STA-1650] /home/thanh/NCO/runs/RUN_2025-03-04_07-10-12/235-openroad-rcx/nom/counter.nom.spef line 9052, net ANTENNA_mem_i_addr1\[5\] not found.
[WARNING STA-1650] /home/thanh/NCO/runs/RUN_2025-03-04_07-10-12/235-openroad-rcx/nom/counter.nom.spef line 9065, net ANTENNA_mem_i_addr1\[5\] not found.
[WARNING STA-1650] /home/thanh/NCO/runs/RUN_2025-03-04_07-10-12/235-openroad-rcx/nom/counter.nom.spef line 9065, net ANTENNA_mem_i_addr1\[6\] not found.
[WARNING STA-1650] /home/thanh/NCO/runs/RUN_2025-03-04_07-10-12/235-openroad-rcx/nom/counter.nom.spef line 9066, net ANTENNA_mem_i_addr1\[5\] not found.
[WARNING STA-1650] /home/thanh/NCO/runs/RUN_2025-03-04_07-10-12/235-openroad-rcx/nom/counter.nom.spef line 9066, net ANTENNA_mem_i_addr1\[7\] not found.
[WARNING STA-1650] /home/thanh/NCO/runs/RUN_2025-03-04_07-10-12/235-openroad-rcx/nom/counter.nom.spef line 9067, net ANTENNA_mem_i_addr1\[5\] not found.
[WARNING STA-1650] /home/thanh/NCO/runs/RUN_2025-03-04_07-10-12/235-openroad-rcx/nom/counter.nom.spef line 9078, net ANTENNA_mem_i_addr1\[2\] not found.
[WARNING STA-1650] /home/thanh/NCO/runs/RUN_2025-03-04_07-10-12/235-openroad-rcx/nom/counter.nom.spef line 9109, net ANTENNA_mem_i_addr1\[5\] not found.
[WARNING STA-1648] /home/thanh/NCO/runs/RUN_2025-03-04_07-10-12/235-openroad-rcx/nom/counter.nom.spef line 9123, instance ANTENNA_mem_i_addr1\[6\] not found.
[WARNING STA-1650] /home/thanh/NCO/runs/RUN_2025-03-04_07-10-12/235-openroad-rcx/nom/counter.nom.spef line 9133, net ANTENNA_mem_i_addr1\[6\] not found.
[WARNING STA-1650] /home/thanh/NCO/runs/RUN_2025-03-04_07-10-12/235-openroad-rcx/nom/counter.nom.spef line 9145, net ANTENNA_mem_i_addr1\[6\] not found.
[WARNING STA-1650] /home/thanh/NCO/runs/RUN_2025-03-04_07-10-12/235-openroad-rcx/nom/counter.nom.spef line 9145, net ANTENNA_mem_i_addr1\[7\] not found.
[WARNING STA-1650] /home/thanh/NCO/runs/RUN_2025-03-04_07-10-12/235-openroad-rcx/nom/counter.nom.spef line 9146, net ANTENNA_mem_i_addr1\[7\] not found.
[WARNING STA-1650] /home/thanh/NCO/runs/RUN_2025-03-04_07-10-12/235-openroad-rcx/nom/counter.nom.spef line 9151, net ANTENNA_mem_i_addr1\[5\] not found.
[WARNING STA-1650] /home/thanh/NCO/runs/RUN_2025-03-04_07-10-12/235-openroad-rcx/nom/counter.nom.spef line 9151, net ANTENNA_mem_i_addr1\[6\] not found.
[WARNING STA-1650] /home/thanh/NCO/runs/RUN_2025-03-04_07-10-12/235-openroad-rcx/nom/counter.nom.spef line 9152, net ANTENNA_mem_i_addr1\[5\] not found.
[WARNING STA-1650] /home/thanh/NCO/runs/RUN_2025-03-04_07-10-12/235-openroad-rcx/nom/counter.nom.spef line 9180, net ANTENNA_mem_i_addr1\[6\] not found.
[WARNING STA-1648] /home/thanh/NCO/runs/RUN_2025-03-04_07-10-12/235-openroad-rcx/nom/counter.nom.spef line 9192, instance ANTENNA_mem_i_addr1\[7\] not found.
[WARNING STA-1650] /home/thanh/NCO/runs/RUN_2025-03-04_07-10-12/235-openroad-rcx/nom/counter.nom.spef line 9200, net ANTENNA_mem_i_addr1\[7\] not found.
[WARNING STA-1650] /home/thanh/NCO/runs/RUN_2025-03-04_07-10-12/235-openroad-rcx/nom/counter.nom.spef line 9208, net ANTENNA_mem_i_addr1\[5\] not found.
[WARNING STA-1650] /home/thanh/NCO/runs/RUN_2025-03-04_07-10-12/235-openroad-rcx/nom/counter.nom.spef line 9208, net ANTENNA_mem_i_addr1\[7\] not found.
[WARNING STA-1650] /home/thanh/NCO/runs/RUN_2025-03-04_07-10-12/235-openroad-rcx/nom/counter.nom.spef line 9209, net ANTENNA_mem_i_addr1\[6\] not found.
[WARNING STA-1650] /home/thanh/NCO/runs/RUN_2025-03-04_07-10-12/235-openroad-rcx/nom/counter.nom.spef line 9209, net ANTENNA_mem_i_addr1\[7\] not found.
[WARNING STA-1650] /home/thanh/NCO/runs/RUN_2025-03-04_07-10-12/235-openroad-rcx/nom/counter.nom.spef line 9214, net ANTENNA_mem_i_addr1\[7\] not found.
[WARNING STA-1650] /home/thanh/NCO/runs/RUN_2025-03-04_07-10-12/235-openroad-rcx/nom/counter.nom.spef line 9227, net ANTENNA_mem_i_addr1\[7\] not found.
[INFO] Using voltage extracted from lib (1.8000000000V) for power nets and 0V for ground nets…
%OL_CREATE_REPORT irdrop.rpt
[INFO PSM-0040] All shapes on net vccd1 are connected.
########## IR report #################
Net              : vccd1
Corner           : nom_tt_025C_1v80
Supply voltage   : 1.80e+00 V
Worstcase voltage: 1.80e+00 V
Average voltage  : 1.80e+00 V
Average IR drop  : 1.44e-05 V
Worstcase IR drop: 8.56e-04 V
Percentage drop  : 0.05 %
######################################
[INFO PSM-0040] All shapes on net vssd1 are connected.
########## IR report #################
Net              : vssd1
Corner           : nom_tt_025C_1v80
Supply voltage   : 0.00e+00 V
Worstcase voltage: 9.54e-04 V
Average voltage  : 1.64e-05 V
Average IR drop  : 1.64e-05 V
Worstcase IR drop: 9.54e-04 V
Percentage drop  : 0.05 %
######################################
%OL_END_REPORT
