Clock: clk
Sources: clk 
Generated: no
Virtual: yes
Propagated: no
Period: 5.000000

===========================================================================
report_clock_properties
============================================================================
Clock                   Period          Waveform
----------------------------------------------------
clk                   5.000000    0.000000  2.500000

===========================================================================
report_clock_latency
============================================================================
Clock clk
rise -> rise
    min     max
0.000000 0.000000 source latency
1.317416         network latency mem_i0/clk1
        1.378929 network latency _128_/CLK
---------------
1.317416 1.378929 latency
        0.061513 skew

fall -> fall
    min     max
0.000000 0.000000 source latency
1.080451         network latency mem_i0/clk1
        1.128204 network latency _128_/CLK
---------------
1.080451 1.128204 latency
        0.047752 skew



===========================================================================
report_clock_min_period
============================================================================
clk period_min = 3.52 fmax = 283.94
