Reading OpenROAD database at '/home/thanh/NCO/runs/RUN_2025-03-04_07-10-12/462-openroad-ioplacement/counter.odb'…
Reading library file at '/home/thanh/.volare/volare/sky130/versions/0fe599b2afb6708d281543108caf8310912f54af/sky130A/libs.ref/sky130_fd_sc_hd/lib/sky130_fd_sc_hd__tt_025C_1v80.lib'…
Reading design constraints file at '/home/thanh/NCO/counter.sdc'…
[INFO] Setting RC values…
[INFO] Setting signal min routing layer to: met1 and clock min routing layer to met1. 
[INFO] Setting signal max routing layer to: met5 and clock max routing layer to met5. 
+ global_placement -density 0.75586 -timing_driven -routability_driven -pad_right 0 -pad_left 0 -init_wirelength_coef 0.25
[INFO GPL-0002] DBU: 1000
[INFO GPL-0003] SiteSize: (  0.460  2.720 ) um
[INFO GPL-0004] CoreBBox: (  5.520 10.880 ) ( 554.300 359.040 ) um
[INFO GPL-0006] NumInstances:              1481
[INFO GPL-0007] NumPlaceInstances:           64
[INFO GPL-0008] NumFixedInstances:         1210
[INFO GPL-0009] NumDummyInstances:          207
[INFO GPL-0010] NumNets:                    107
[INFO GPL-0011] NumPins:                    292
[INFO GPL-0012] DieBBox:  (  0.000  0.000 ) ( 560.000 370.000 ) um
[INFO GPL-0013] CoreBBox: (  5.520 10.880 ) ( 554.300 359.040 ) um
[INFO GPL-0016] CoreArea:            191063.245 um^2
[INFO GPL-0017] NonPlaceInstsArea:   142591.757 um^2
[INFO GPL-0018] PlaceInstsArea:         870.835 um^2
[INFO GPL-0019] Util:                     1.797 %
[INFO GPL-0020] StdInstsArea:           870.835 um^2
[INFO GPL-0021] MacroInstsArea:           0.000 um^2
[InitialPlace]  Iter: 1 CG residual: 0.00000006 HPWL: 41166106
[InitialPlace]  Iter: 2 CG residual: 0.00000008 HPWL: 41237346
[InitialPlace]  Iter: 3 CG residual: 0.00000012 HPWL: 40597905
[InitialPlace]  Iter: 4 CG residual: 0.00000008 HPWL: 40651366
[InitialPlace]  Iter: 5 CG residual: 0.00000006 HPWL: 40662635
[INFO GPL-0031] FillerInit:NumGCells:      2766
[INFO GPL-0032] FillerInit:NumGNets:        107
[INFO GPL-0033] FillerInit:NumGPins:        292
[INFO GPL-0023] TargetDensity:            0.756
[INFO GPL-0024] AvrgPlaceInstArea:       13.607 um^2
[INFO GPL-0025] IdealBinArea:            18.002 um^2
[INFO GPL-0026] IdealBinCnt:              10613
[INFO GPL-0027] TotalBinArea:        191063.245 um^2
[INFO GPL-0028] BinCnt:        64     64
[INFO GPL-0029] BinSize: (  8.575  5.440 )
[INFO GPL-0030] NumBins: 4096
[NesterovSolve] Iter:    1 overflow: 0.517 HPWL: 4979094
[NesterovSolve] Snapshot saved at iter = 0
[NesterovSolve] Iter:   10 overflow: 0.485 HPWL: 5347995
[NesterovSolve] Iter:   20 overflow: 0.480 HPWL: 5377138
[NesterovSolve] Iter:   30 overflow: 0.483 HPWL: 5365621
[NesterovSolve] Iter:   40 overflow: 0.481 HPWL: 5372672
[NesterovSolve] Iter:   50 overflow: 0.482 HPWL: 5369526
[NesterovSolve] Iter:   60 overflow: 0.482 HPWL: 5370306
[NesterovSolve] Iter:   70 overflow: 0.482 HPWL: 5370130
[NesterovSolve] Iter:   80 overflow: 0.482 HPWL: 5369095
[NesterovSolve] Iter:   90 overflow: 0.482 HPWL: 5368551
[NesterovSolve] Iter:  100 overflow: 0.482 HPWL: 5367467
[NesterovSolve] Iter:  110 overflow: 0.482 HPWL: 5366325
[NesterovSolve] Iter:  120 overflow: 0.482 HPWL: 5365115
[NesterovSolve] Iter:  130 overflow: 0.482 HPWL: 5364107
[NesterovSolve] Iter:  140 overflow: 0.481 HPWL: 5377669
[NesterovSolve] Iter:  150 overflow: 0.481 HPWL: 5402019
[NesterovSolve] Iter:  160 overflow: 0.481 HPWL: 5444504
[NesterovSolve] Iter:  170 overflow: 0.481 HPWL: 5504100
[NesterovSolve] Iter:  180 overflow: 0.481 HPWL: 5564448
[NesterovSolve] Iter:  190 overflow: 0.481 HPWL: 5601286
[NesterovSolve] Iter:  200 overflow: 0.481 HPWL: 5597821
[NesterovSolve] Iter:  210 overflow: 0.481 HPWL: 5578365
[NesterovSolve] Iter:  220 overflow: 0.483 HPWL: 5572518
[NesterovSolve] Iter:  230 overflow: 0.481 HPWL: 5510730
[NesterovSolve] Iter:  240 overflow: 0.481 HPWL: 5451532
[NesterovSolve] Iter:  250 overflow: 0.482 HPWL: 5397985
[NesterovSolve] Iter:  260 overflow: 0.481 HPWL: 5342540
[NesterovSolve] Iter:  270 overflow: 0.480 HPWL: 5312708
[NesterovSolve] Iter:  280 overflow: 0.480 HPWL: 5293577
[NesterovSolve] Iter:  290 overflow: 0.477 HPWL: 5294599
[NesterovSolve] Iter:  300 overflow: 0.475 HPWL: 5337241
[NesterovSolve] Iter:  310 overflow: 0.362 HPWL: 5422291
[INFO GPL-0075] Routability numCall: 1 inflationIterCnt: 1 bloatIterCnt: 0
[INFO GPL-0036] TileBBox: (    0    0 ) ( 6900 6900 ) DBU
[INFO GPL-0038] TileCnt:      81   53
[INFO GPL-0040] NumTiles: 4293
[INFO GPL-0081] TotalRouteOverflow: 4.8558961153030396
[INFO GPL-0082] OverflowTileCnt: 2357
[INFO GPL-0083] 0.5%RC: 1.0257590142163364
[INFO GPL-0084] 1.0%RC: 1.020277974217437
[INFO GPL-0085] 2.0%RC: 1.0153740408808687
[INFO GPL-0086] 5.0%RC: 1.0107579114825227
[INFO GPL-0087] FinalRC: 1.0230185
[INFO GPL-0078] FinalRC lower than minRC (1e+30), min RC updated.
[INFO GPL-0045] InflatedAreaDelta:       23.374 um^2
[INFO GPL-0046] TargetDensity:            0.756
[INFO GPL-0049] WhiteSpaceArea:       48471.488 um^2
[INFO GPL-0050] NesterovInstsArea:      870.835 um^2
[INFO GPL-0051] TotalFillerArea:      35766.820 um^2
[INFO GPL-0052] TotalGCellsArea:      36637.655 um^2
[INFO GPL-0053] ExpectedGCellsArea:   36661.030 um^2
[INFO GPL-0054] NewTargetDensity:         0.756
[INFO GPL-0055] NewWhiteSpaceArea:    48471.488 um^2
[INFO GPL-0056] MovableArea:          36661.031 um^2
[INFO GPL-0057] NewNesterovInstArea:    894.210 um^2
[INFO GPL-0058] NewTotalFillerArea:   35766.821 um^2
[INFO GPL-0059] NewTotalGCellsArea:   36661.031 um^2
[NesterovSolve] Revert back to snapshot coordi
[NesterovSolve] Iter:  320 overflow: 0.508 HPWL: 5327511
[NesterovSolve] Iter:  330 overflow: 0.494 HPWL: 5377085
[NesterovSolve] Iter:  340 overflow: 0.495 HPWL: 5368632
[NesterovSolve] Iter:  350 overflow: 0.496 HPWL: 5368213
[NesterovSolve] Iter:  360 overflow: 0.495 HPWL: 5372358
[NesterovSolve] Iter:  370 overflow: 0.496 HPWL: 5369473
[NesterovSolve] Iter:  380 overflow: 0.495 HPWL: 5371129
[NesterovSolve] Iter:  390 overflow: 0.495 HPWL: 5369930
[NesterovSolve] Iter:  400 overflow: 0.495 HPWL: 5369887
[NesterovSolve] Iter:  410 overflow: 0.495 HPWL: 5369443
[NesterovSolve] Iter:  420 overflow: 0.495 HPWL: 5368630
[NesterovSolve] Iter:  430 overflow: 0.495 HPWL: 5367998
[NesterovSolve] Iter:  440 overflow: 0.495 HPWL: 5367094
[NesterovSolve] Iter:  450 overflow: 0.495 HPWL: 5366283
[NesterovSolve] Iter:  460 overflow: 0.495 HPWL: 5365584
[NesterovSolve] Iter:  470 overflow: 0.495 HPWL: 5364796
[NesterovSolve] Iter:  480 overflow: 0.495 HPWL: 5368764
[NesterovSolve] Iter:  490 overflow: 0.495 HPWL: 5381809
[NesterovSolve] Iter:  500 overflow: 0.495 HPWL: 5400658
[NesterovSolve] Iter:  510 overflow: 0.495 HPWL: 5428653
[NesterovSolve] Iter:  520 overflow: 0.495 HPWL: 5467457
[NesterovSolve] Iter:  530 overflow: 0.495 HPWL: 5502948
[NesterovSolve] Iter:  540 overflow: 0.495 HPWL: 5528163
[NesterovSolve] Iter:  550 overflow: 0.495 HPWL: 5536620
[NesterovSolve] Iter:  560 overflow: 0.495 HPWL: 5524030
[NesterovSolve] Iter:  570 overflow: 0.495 HPWL: 5509917
[NesterovSolve] Iter:  580 overflow: 0.496 HPWL: 5510258
[NesterovSolve] Iter:  590 overflow: 0.495 HPWL: 5483744
[NesterovSolve] Iter:  600 overflow: 0.495 HPWL: 5451084
[NesterovSolve] Iter:  610 overflow: 0.495 HPWL: 5389925
[NesterovSolve] Iter:  620 overflow: 0.495 HPWL: 5373512
[NesterovSolve] Iter:  630 overflow: 0.493 HPWL: 5352736
[NesterovSolve] Iter:  640 overflow: 0.485 HPWL: 5328233
[NesterovSolve] Iter:  650 overflow: 0.478 HPWL: 5311156
[NesterovSolve] Iter:  660 overflow: 0.469 HPWL: 5294462
[NesterovSolve] Iter:  670 overflow: 0.462 HPWL: 5288363
[NesterovSolve] Iter:  680 overflow: 0.453 HPWL: 5294266
[NesterovSolve] Iter:  690 overflow: 0.445 HPWL: 5331167
[NesterovSolve] Iter:  700 overflow: 0.370 HPWL: 5415826
[NesterovSolve] Iter:  710 overflow: 0.320 HPWL: 5465995
[INFO GPL-0075] Routability numCall: 2 inflationIterCnt: 2 bloatIterCnt: 0
[INFO GPL-0036] TileBBox: (    0    0 ) ( 6900 6900 ) DBU
[INFO GPL-0038] TileCnt:      81   53
[INFO GPL-0040] NumTiles: 4293
[INFO GPL-0081] TotalRouteOverflow: 4.823466777801514
[INFO GPL-0082] OverflowTileCnt: 2357
[INFO GPL-0083] 0.5%RC: 1.024506319652904
[INFO GPL-0084] 1.0%RC: 1.0195267505423968
[INFO GPL-0085] 2.0%RC: 1.0148677035819653
[INFO GPL-0086] 5.0%RC: 1.0105721484783083
[INFO GPL-0087] FinalRC: 1.0220165
[INFO GPL-0078] FinalRC lower than minRC (1.0230185), min RC updated.
[INFO GPL-0045] InflatedAreaDelta:       23.357 um^2
[INFO GPL-0046] TargetDensity:            0.756
[INFO GPL-0049] WhiteSpaceArea:       48471.488 um^2
[INFO GPL-0050] NesterovInstsArea:      894.210 um^2
[INFO GPL-0051] TotalFillerArea:      35766.821 um^2
[INFO GPL-0052] TotalGCellsArea:      36661.031 um^2
[INFO GPL-0053] ExpectedGCellsArea:   36684.388 um^2
[INFO GPL-0054] NewTargetDensity:         0.757
[INFO GPL-0055] NewWhiteSpaceArea:    48471.488 um^2
[INFO GPL-0056] MovableArea:          36684.386 um^2
[INFO GPL-0057] NewNesterovInstArea:    917.567 um^2
[INFO GPL-0058] NewTotalFillerArea:   35766.819 um^2
[INFO GPL-0059] NewTotalGCellsArea:   36684.386 um^2
[NesterovSolve] Revert back to snapshot coordi
[NesterovSolve] Iter:  720 overflow: 0.459 HPWL: 5357530
[NesterovSolve] Iter:  730 overflow: 0.447 HPWL: 5382914
[NesterovSolve] Iter:  740 overflow: 0.443 HPWL: 5366275
[NesterovSolve] Iter:  750 overflow: 0.436 HPWL: 5373248
[NesterovSolve] Iter:  760 overflow: 0.431 HPWL: 5370588
[NesterovSolve] Iter:  770 overflow: 0.425 HPWL: 5371091
[NesterovSolve] Iter:  780 overflow: 0.420 HPWL: 5371534
[NesterovSolve] Iter:  790 overflow: 0.414 HPWL: 5371111
[NesterovSolve] Iter:  800 overflow: 0.409 HPWL: 5371923
[NesterovSolve] Iter:  810 overflow: 0.404 HPWL: 5372210
[NesterovSolve] Iter:  820 overflow: 0.399 HPWL: 5373115
[NesterovSolve] Iter:  830 overflow: 0.394 HPWL: 5374223
[NesterovSolve] Iter:  840 overflow: 0.390 HPWL: 5375950
[NesterovSolve] Iter:  850 overflow: 0.385 HPWL: 5378490
[NesterovSolve] Iter:  860 overflow: 0.381 HPWL: 5382487
[NesterovSolve] Iter:  870 overflow: 0.376 HPWL: 5388533
[NesterovSolve] Iter:  880 overflow: 0.372 HPWL: 5396970
[NesterovSolve] Iter:  890 overflow: 0.367 HPWL: 5412973
[NesterovSolve] Iter:  900 overflow: 0.363 HPWL: 5436207
[NesterovSolve] Iter:  910 overflow: 0.359 HPWL: 5461170
[NesterovSolve] Iter:  920 overflow: 0.355 HPWL: 5493547
[NesterovSolve] Iter:  930 overflow: 0.351 HPWL: 5519527
[NesterovSolve] Iter:  940 overflow: 0.348 HPWL: 5533319
[NesterovSolve] Iter:  950 overflow: 0.344 HPWL: 5529029
[NesterovSolve] Iter:  960 overflow: 0.340 HPWL: 5518660
[NesterovSolve] Iter:  970 overflow: 0.337 HPWL: 5507639
[NesterovSolve] Iter:  980 overflow: 0.334 HPWL: 5501950
[NesterovSolve] Iter:  990 overflow: 0.330 HPWL: 5460446
[NesterovSolve] Iter: 1000 overflow: 0.327 HPWL: 5441436
[NesterovSolve] Iter: 1010 overflow: 0.324 HPWL: 5415919
[NesterovSolve] Iter: 1020 overflow: 0.320 HPWL: 5376232
[NesterovSolve] Iter: 1030 overflow: 0.317 HPWL: 5359904
[NesterovSolve] Iter: 1040 overflow: 0.314 HPWL: 5340003
[NesterovSolve] Iter: 1050 overflow: 0.310 HPWL: 5318204
[NesterovSolve] Iter: 1060 overflow: 0.306 HPWL: 5285628
[NesterovSolve] Iter: 1070 overflow: 0.303 HPWL: 5283050
[NesterovSolve] Iter: 1080 overflow: 0.300 HPWL: 5311890
[INFO GPL-0075] Routability numCall: 3 inflationIterCnt: 3 bloatIterCnt: 0
[INFO GPL-0036] TileBBox: (    0    0 ) ( 6900 6900 ) DBU
[INFO GPL-0038] TileCnt:      81   53
[INFO GPL-0040] NumTiles: 4293
[INFO GPL-0081] TotalRouteOverflow: 6.203226089477539
[INFO GPL-0082] OverflowTileCnt: 2357
[INFO GPL-0083] 0.5%RC: 1.0429357019337742
[INFO GPL-0084] 1.0%RC: 1.0359794123228205
[INFO GPL-0085] 2.0%RC: 1.027532387611478
[INFO GPL-0086] 5.0%RC: 1.0172232938367267
[INFO GPL-0087] FinalRC: 1.0394576
[INFO GPL-0079] MinRC (1.0220165) violation occurred, total count: 1.
[INFO GPL-0045] InflatedAreaDelta:       84.828 um^2
[INFO GPL-0046] TargetDensity:            0.757
[INFO GPL-0049] WhiteSpaceArea:       48471.488 um^2
[INFO GPL-0050] NesterovInstsArea:      917.567 um^2
[INFO GPL-0051] TotalFillerArea:      35766.819 um^2
[INFO GPL-0052] TotalGCellsArea:      36684.386 um^2
[INFO GPL-0053] ExpectedGCellsArea:   36769.215 um^2
[INFO GPL-0054] NewTargetDensity:         0.759
[INFO GPL-0055] NewWhiteSpaceArea:    48471.488 um^2
[INFO GPL-0056] MovableArea:          36769.214 um^2
[INFO GPL-0057] NewNesterovInstArea:   1002.395 um^2
[INFO GPL-0058] NewTotalFillerArea:   35766.819 um^2
[INFO GPL-0059] NewTotalGCellsArea:   36769.214 um^2
[NesterovSolve] Revert back to snapshot coordi
[NesterovSolve] Iter: 1090 overflow: 0.356 HPWL: 5374191
[NesterovSolve] Iter: 1100 overflow: 0.351 HPWL: 5380007
[NesterovSolve] Iter: 1110 overflow: 0.349 HPWL: 5366471
[NesterovSolve] Iter: 1120 overflow: 0.345 HPWL: 5373272
[NesterovSolve] Iter: 1130 overflow: 0.342 HPWL: 5369954
[NesterovSolve] Iter: 1140 overflow: 0.339 HPWL: 5371482
[NesterovSolve] Iter: 1150 overflow: 0.336 HPWL: 5371332
[NesterovSolve] Iter: 1160 overflow: 0.333 HPWL: 5371286
[NesterovSolve] Iter: 1170 overflow: 0.331 HPWL: 5371973
[NesterovSolve] Iter: 1180 overflow: 0.328 HPWL: 5372310
[NesterovSolve] Iter: 1190 overflow: 0.325 HPWL: 5373280
[NesterovSolve] Iter: 1200 overflow: 0.322 HPWL: 5374487
[NesterovSolve] Iter: 1210 overflow: 0.320 HPWL: 5376360
[NesterovSolve] Iter: 1220 overflow: 0.317 HPWL: 5379062
[NesterovSolve] Iter: 1230 overflow: 0.314 HPWL: 5383497
[NesterovSolve] Iter: 1240 overflow: 0.312 HPWL: 5390006
[NesterovSolve] Iter: 1250 overflow: 0.309 HPWL: 5399187
[NesterovSolve] Iter: 1260 overflow: 0.307 HPWL: 5417593
[NesterovSolve] Iter: 1270 overflow: 0.304 HPWL: 5441356
[NesterovSolve] Iter: 1280 overflow: 0.302 HPWL: 5467009
[INFO GPL-0075] Routability numCall: 4 inflationIterCnt: 4 bloatIterCnt: 0
[INFO GPL-0036] TileBBox: (    0    0 ) ( 6900 6900 ) DBU
[INFO GPL-0038] TileCnt:      81   53
[INFO GPL-0040] NumTiles: 4293
[INFO GPL-0081] TotalRouteOverflow: 6.786103248596191
[INFO GPL-0082] OverflowTileCnt: 2357
[INFO GPL-0083] 0.5%RC: 1.0505043268203735
[INFO GPL-0084] 1.0%RC: 1.0410324335098267
[INFO GPL-0085] 2.0%RC: 1.030074414818786
[INFO GPL-0086] 5.0%RC: 1.019167408832284
[INFO GPL-0087] FinalRC: 1.0457684
[INFO GPL-0079] MinRC (1.0220165) violation occurred, total count: 2.
[INFO GPL-0045] InflatedAreaDelta:      110.711 um^2
[INFO GPL-0046] TargetDensity:            0.759
[INFO GPL-0049] WhiteSpaceArea:       48471.488 um^2
[INFO GPL-0050] NesterovInstsArea:     1002.395 um^2
[INFO GPL-0051] TotalFillerArea:      35766.819 um^2
[INFO GPL-0052] TotalGCellsArea:      36769.214 um^2
[INFO GPL-0053] ExpectedGCellsArea:   36879.925 um^2
[INFO GPL-0054] NewTargetDensity:         0.761
[INFO GPL-0055] NewWhiteSpaceArea:    48471.488 um^2
[INFO GPL-0056] MovableArea:          36879.925 um^2
[INFO GPL-0057] NewNesterovInstArea:   1113.106 um^2
[INFO GPL-0058] NewTotalFillerArea:   35766.819 um^2
[INFO GPL-0059] NewTotalGCellsArea:   36879.925 um^2
[NesterovSolve] Revert back to snapshot coordi
[NesterovSolve] Iter: 1290 overflow: 0.376 HPWL: 5424600
[NesterovSolve] Iter: 1300 overflow: 0.357 HPWL: 5384186
[NesterovSolve] Iter: 1310 overflow: 0.354 HPWL: 5375748
[NesterovSolve] Iter: 1320 overflow: 0.352 HPWL: 5369226
[NesterovSolve] Iter: 1330 overflow: 0.349 HPWL: 5372936
[NesterovSolve] Iter: 1340 overflow: 0.347 HPWL: 5369654
[NesterovSolve] Iter: 1350 overflow: 0.344 HPWL: 5371635
[NesterovSolve] Iter: 1360 overflow: 0.342 HPWL: 5371093
[NesterovSolve] Iter: 1370 overflow: 0.339 HPWL: 5371518
[NesterovSolve] Iter: 1380 overflow: 0.337 HPWL: 5372090
[NesterovSolve] Iter: 1390 overflow: 0.334 HPWL: 5372420
[NesterovSolve] Iter: 1400 overflow: 0.332 HPWL: 5373566
[NesterovSolve] Iter: 1410 overflow: 0.329 HPWL: 5374903
[NesterovSolve] Iter: 1420 overflow: 0.327 HPWL: 5377065
[NesterovSolve] Iter: 1430 overflow: 0.325 HPWL: 5380107
[NesterovSolve] Iter: 1440 overflow: 0.322 HPWL: 5385130
[NesterovSolve] Iter: 1450 overflow: 0.320 HPWL: 5392285
[NesterovSolve] Iter: 1460 overflow: 0.318 HPWL: 5402570
[NesterovSolve] Iter: 1470 overflow: 0.316 HPWL: 5423528
[NesterovSolve] Iter: 1480 overflow: 0.313 HPWL: 5448174
[NesterovSolve] Iter: 1490 overflow: 0.311 HPWL: 5476142
[NesterovSolve] Iter: 1500 overflow: 0.309 HPWL: 5507671
[NesterovSolve] Iter: 1510 overflow: 0.307 HPWL: 5529760
[NesterovSolve] Iter: 1520 overflow: 0.305 HPWL: 5537204
[NesterovSolve] Iter: 1530 overflow: 0.303 HPWL: 5525243
[NesterovSolve] Iter: 1540 overflow: 0.301 HPWL: 5513512
[INFO GPL-0075] Routability numCall: 5 inflationIterCnt: 0 bloatIterCnt: 1
[INFO GPL-0036] TileBBox: (    0    0 ) ( 6900 6900 ) DBU
[INFO GPL-0038] TileCnt:      81   53
[INFO GPL-0040] NumTiles: 4293
[INFO GPL-0081] TotalRouteOverflow: 6.816304564476013
[INFO GPL-0082] OverflowTileCnt: 2357
[INFO GPL-0083] 0.5%RC: 1.0502982356331565
[INFO GPL-0084] 1.0%RC: 1.0411683653676234
[INFO GPL-0085] 2.0%RC: 1.0304524150005607
[INFO GPL-0086] 5.0%RC: 1.0192895783934481
[INFO GPL-0087] FinalRC: 1.0457333
[INFO GPL-0079] MinRC (1.0220165) violation occurred, total count: 3.
[INFO GPL-0045] InflatedAreaDelta:      149.425 um^2
[INFO GPL-0046] TargetDensity:            0.761
Revert Routability Procedure. Target density higher than max, or minRC max violations.
[INFO GPL-0080] minRcViolatedCnt: 3
[INFO GPL-0047] SavedMinRC: 1.0220
[INFO GPL-0048] SavedTargetDensity: 0.7563
[NesterovSolve] Revert back to snapshot coordi
[NesterovSolve] Iter: 1550 overflow: 0.214 HPWL: 5424600
[NesterovSolve] Iter: 1560 overflow: 0.199 HPWL: 5384151
[NesterovSolve] Iter: 1570 overflow: 0.198 HPWL: 5375795
[NesterovSolve] Iter: 1580 overflow: 0.197 HPWL: 5369240
[NesterovSolve] Iter: 1590 overflow: 0.195 HPWL: 5372900
[NesterovSolve] Iter: 1600 overflow: 0.194 HPWL: 5369639
[NesterovSolve] Iter: 1610 overflow: 0.193 HPWL: 5371648
[NesterovSolve] Iter: 1620 overflow: 0.192 HPWL: 5371088
[NesterovSolve] Iter: 1630 overflow: 0.191 HPWL: 5371495
[NesterovSolve] Iter: 1640 overflow: 0.190 HPWL: 5372167
[NesterovSolve] Iter: 1650 overflow: 0.188 HPWL: 5372514
[NesterovSolve] Iter: 1660 overflow: 0.187 HPWL: 5373788
[NesterovSolve] Iter: 1670 overflow: 0.186 HPWL: 5375206
[NesterovSolve] Iter: 1680 overflow: 0.185 HPWL: 5377568
[NesterovSolve] Iter: 1690 overflow: 0.184 HPWL: 5380927
[NesterovSolve] Iter: 1700 overflow: 0.183 HPWL: 5386203
[NesterovSolve] Iter: 1710 overflow: 0.182 HPWL: 5393754
[NesterovSolve] Iter: 1720 overflow: 0.181 HPWL: 5404828
[NesterovSolve] Iter: 1730 overflow: 0.179 HPWL: 5424972
[NesterovSolve] Iter: 1740 overflow: 0.178 HPWL: 5450455
[NesterovSolve] Iter: 1750 overflow: 0.177 HPWL: 5478792
[NesterovSolve] Iter: 1760 overflow: 0.176 HPWL: 5511945
[NesterovSolve] Iter: 1770 overflow: 0.175 HPWL: 5540464
[NesterovSolve] Iter: 1780 overflow: 0.174 HPWL: 5551971
[NesterovSolve] Iter: 1790 overflow: 0.173 HPWL: 5538609
[NesterovSolve] Iter: 1800 overflow: 0.172 HPWL: 5526687
[NesterovSolve] Iter: 1810 overflow: 0.172 HPWL: 5521979
[NesterovSolve] Iter: 1820 overflow: 0.171 HPWL: 5495297
[NesterovSolve] Iter: 1830 overflow: 0.170 HPWL: 5464385
[NesterovSolve] Iter: 1840 overflow: 0.169 HPWL: 5418916
[NesterovSolve] Iter: 1850 overflow: 0.168 HPWL: 5404977
[NesterovSolve] Iter: 1860 overflow: 0.167 HPWL: 5375032
[NesterovSolve] Iter: 1870 overflow: 0.166 HPWL: 5352170
[NesterovSolve] Iter: 1880 overflow: 0.165 HPWL: 5333014
[NesterovSolve] Iter: 1890 overflow: 0.164 HPWL: 5312813
[NesterovSolve] Iter: 1900 overflow: 0.162 HPWL: 5279704
[NesterovSolve] Iter: 1910 overflow: 0.161 HPWL: 5290188
[NesterovSolve] Iter: 1920 overflow: 0.160 HPWL: 5324479
[NesterovSolve] Iter: 1930 overflow: 0.139 HPWL: 5407679
[NesterovSolve] Iter: 1940 overflow: 0.122 HPWL: 5454416
[NesterovSolve] Finished with Overflow: 0.096449
[INFO] Setting RC values…
Setting global connections for newly added cells…
[INFO] Setting global connections...
mem_i matched with mem_i
Updating metrics…
Cell type report:                       Count       Area
  Macro                                     1  123515.34
  Fill cell                               470    1764.19
  Tap cell                                739     924.64
  Inverter                                 25      93.84
  Sequential cell                          24     630.60
  Multi-Input combinational cell           15     146.39
  Total                                  1274  127075.01
Writing OpenROAD database to '/home/thanh/NCO/runs/RUN_2025-03-04_07-10-12/465-openroad-globalplacement/counter.odb'…
Writing netlist to '/home/thanh/NCO/runs/RUN_2025-03-04_07-10-12/465-openroad-globalplacement/counter.nl.v'…
Writing powered netlist to '/home/thanh/NCO/runs/RUN_2025-03-04_07-10-12/465-openroad-globalplacement/counter.pnl.v'…
Writing layout to '/home/thanh/NCO/runs/RUN_2025-03-04_07-10-12/465-openroad-globalplacement/counter.def'…
Writing timing constraints to '/home/thanh/NCO/runs/RUN_2025-03-04_07-10-12/465-openroad-globalplacement/counter.sdc'…
