
===========================================================================
report_checks -unconstrained
===========================================================================
======================= max_ff_n40C_1v95 Corner ===================================

Startpoint: rst (input port clocked by clk)
Endpoint: _603_ (recovery check against rising-edge clock clk)
Path Group: asynchronous
Path Type: max

Fanout         Cap        Slew       Delay        Time   Description
---------------------------------------------------------------------------------------------
                                  0.000000    0.000000   clock clk (rise edge)
                                  0.000000    0.000000   clock network delay (propagated)
                                  2.550000    2.550000 v input external delay
     2    0.003672    0.005994    0.003088    2.553088 v rst (in)
                                                         rst (net)
                      0.006002    0.000000    2.553088 v input59/A (sky130_fd_sc_hd__buf_1)
     3    0.022409    0.090667    0.103408    2.656496 v input59/X (sky130_fd_sc_hd__buf_1)
                                                         net59 (net)
                      0.090843    0.003328    2.659823 v fanout105/A (sky130_fd_sc_hd__clkbuf_8)
    17    0.102470    0.081106    0.155947    2.815770 v fanout105/X (sky130_fd_sc_hd__clkbuf_8)
                                                         net105 (net)
                      0.081216    0.002523    2.818293 v fanout104/A (sky130_fd_sc_hd__buf_4)
    19    0.065792    0.066248    0.151780    2.970072 v fanout104/X (sky130_fd_sc_hd__buf_4)
                                                         net104 (net)
                      0.066300    0.001571    2.971643 v fanout103/A (sky130_fd_sc_hd__buf_4)
    21    0.075419    0.073968    0.150881    3.122525 v fanout103/X (sky130_fd_sc_hd__buf_4)
                                                         net103 (net)
                      0.074712    0.005964    3.128489 v _578_/A (sky130_fd_sc_hd__inv_2)
     1    0.005764    0.032964    0.050621    3.179110 ^ _578_/Y (sky130_fd_sc_hd__inv_2)
                                                         _044_ (net)
                      0.032964    0.000178    3.179288 ^ _603_/RESET_B (sky130_fd_sc_hd__dfrtp_4)
                                              3.179288   data arrival time

                                  5.100000    5.100000   clock clk (rise edge)
                                  0.000000    5.100000   clock source latency
     2    0.099148    0.337951    0.249297    5.349297 ^ clk (in)
                                                         clk (net)
                      0.346593    0.000000    5.349297 ^ clkbuf_0_clk/A (sky130_fd_sc_hd__clkbuf_16)
     9    0.114103    0.104284    0.181248    5.530545 ^ clkbuf_0_clk/X (sky130_fd_sc_hd__clkbuf_16)
                                                         clknet_0_clk (net)
                      0.105192    0.007820    5.538364 ^ clkbuf_2_0_0_clk/A (sky130_fd_sc_hd__clkbuf_8)
     5    0.030378    0.050196    0.117303    5.655667 ^ clkbuf_2_0_0_clk/X (sky130_fd_sc_hd__clkbuf_8)
                                                         clknet_2_0_0_clk (net)
                      0.050449    0.002504    5.658172 ^ clkbuf_3_1__f_clk/A (sky130_fd_sc_hd__clkbuf_16)
    27    0.073744    0.069582    0.118880    5.777051 ^ clkbuf_3_1__f_clk/X (sky130_fd_sc_hd__clkbuf_16)
                                                         clknet_3_1__leaf_clk (net)
                      0.070268    0.005451    5.782503 ^ _603_/CLK (sky130_fd_sc_hd__dfrtp_4)
                                 -0.005100    5.777403   clock uncertainty
                                  0.000000    5.777403   clock reconvergence pessimism
                                  0.136585    5.913988   library recovery time
                                              5.913988   data required time
---------------------------------------------------------------------------------------------
                                              5.913988   data required time
                                             -3.179288   data arrival time
---------------------------------------------------------------------------------------------
                                              2.734700   slack (MET)


Startpoint: _594_ (rising edge-triggered flip-flop clocked by clk)
Endpoint: sine_out[10] (output port clocked by clk)
Path Group: clk
Path Type: max

Fanout         Cap        Slew       Delay        Time   Description
---------------------------------------------------------------------------------------------
                                  0.000000    0.000000   clock clk (rise edge)
                                  0.000000    0.000000   clock source latency
     2    0.099148    0.337951    0.249297    0.249297 ^ clk (in)
                                                         clk (net)
                      0.346593    0.000000    0.249297 ^ clkbuf_0_clk/A (sky130_fd_sc_hd__clkbuf_16)
     9    0.114103    0.104284    0.181248    0.430545 ^ clkbuf_0_clk/X (sky130_fd_sc_hd__clkbuf_16)
                                                         clknet_0_clk (net)
                      0.107692    0.014850    0.445395 ^ clkbuf_2_1_0_clk/A (sky130_fd_sc_hd__clkbuf_8)
     5    0.045082    0.068084    0.130492    0.575887 ^ clkbuf_2_1_0_clk/X (sky130_fd_sc_hd__clkbuf_8)
                                                         clknet_2_1_0_clk (net)
                      0.068598    0.004688    0.580575 ^ clkbuf_3_2__f_clk/A (sky130_fd_sc_hd__clkbuf_16)
    21    0.054491    0.055633    0.113970    0.694545 ^ clkbuf_3_2__f_clk/X (sky130_fd_sc_hd__clkbuf_16)
                                                         clknet_3_2__leaf_clk (net)
                      0.056163    0.004228    0.698773 ^ _594_/CLK (sky130_fd_sc_hd__dfrtp_1)
     3    0.022680    0.154457    0.296014    0.994787 ^ _594_/Q (sky130_fd_sc_hd__dfrtp_1)
                                                         net61 (net)
                      0.154506    0.002623    0.997410 ^ output61/A (sky130_fd_sc_hd__buf_2)
     1    0.033982    0.126984    0.161860    1.159270 ^ output61/X (sky130_fd_sc_hd__buf_2)
                                                         sine_out[10] (net)
                      0.127054    0.001594    1.160864 ^ sine_out[10] (out)
                                              1.160864   data arrival time

                                  5.100000    5.100000   clock clk (rise edge)
                                  0.000000    5.100000   clock network delay (propagated)
                                 -0.005100    5.094900   clock uncertainty
                                  0.000000    5.094900   clock reconvergence pessimism
                                 -2.295000    2.799900   output external delay
                                              2.799900   data required time
---------------------------------------------------------------------------------------------
                                              2.799900   data required time
                                             -1.160864   data arrival time
---------------------------------------------------------------------------------------------
                                              1.639036   slack (MET)




===========================================================================
report_checks --slack_max -0.01
============================================================================
======================= max_ff_n40C_1v95 Corner ===================================

No paths found.


===========================================================================
 report_check_types -max_slew -max_cap -max_fanout -violators
============================================================================
======================= max_ff_n40C_1v95 Corner ===================================

max slew

Pin                                        Limit        Slew       Slack
------------------------------------------------------------------------
mem_i1/addr1[1]                         0.500000    0.716124   -0.216124 (VIOLATED)
_632_/D                                 0.500000    0.634640   -0.134640 (VIOLATED)
ANTENNA__632__D/DIODE                   0.500000    0.634637   -0.134637 (VIOLATED)
ANTENNA_wire89_X/DIODE                  0.500000    0.621010   -0.121010 (VIOLATED)
wire89/X                                0.500000    0.620982   -0.120982 (VIOLATED)
_633_/D                                 0.500000    0.606141   -0.106141 (VIOLATED)
ANTENNA__633__D/DIODE                   0.500000    0.606135   -0.106135 (VIOLATED)
ANTENNA_wire88_X/DIODE                  0.500000    0.593170   -0.093170 (VIOLATED)
wire88/X                                0.500000    0.593143   -0.093143 (VIOLATED)
_635_/D                                 0.500000    0.563626   -0.063626 (VIOLATED)
ANTENNA__635__D/DIODE                   0.500000    0.563621   -0.063621 (VIOLATED)
ANTENNA_wire98_X/DIODE                  0.500000    0.552281   -0.052281 (VIOLATED)
wire98/X                                0.500000    0.552255   -0.052255 (VIOLATED)
ANTENNA_mem_i1_addr1[1]/DIODE           0.500000    0.537071   -0.037071 (VIOLATED)
_634_/D                                 0.500000    0.535882   -0.035882 (VIOLATED)
ANTENNA__634__D/DIODE                   0.500000    0.535878   -0.035878 (VIOLATED)
ANTENNA_rebuffer3_X/DIODE               0.500000    0.534909   -0.034909 (VIOLATED)
rebuffer3/X                             0.500000    0.534884   -0.034884 (VIOLATED)
ANTENNA_wire87_X/DIODE                  0.500000    0.525327   -0.025327 (VIOLATED)
wire87/X                                0.500000    0.525302   -0.025302 (VIOLATED)

max fanout

Pin                                   Limit Fanout  Slack
---------------------------------------------------------
clkbuf_3_1__f_clk/X                      10     27    -17 (VIOLATED)
clkbuf_3_0__f_clk/X                      10     21    -11 (VIOLATED)
clkbuf_3_2__f_clk/X                      10     21    -11 (VIOLATED)
clkbuf_3_6__f_clk/X                      10     21    -11 (VIOLATED)
fanout100/X                              10     21    -11 (VIOLATED)
fanout102/X                              10     21    -11 (VIOLATED)
fanout103/X                              10     21    -11 (VIOLATED)
fanout104/X                              10     19     -9 (VIOLATED)
fanout105/X                              10     17     -7 (VIOLATED)
_602_/Q                                  10     15     -5 (VIOLATED)
_604_/Q                                  10     15     -5 (VIOLATED)
_606_/Q                                  10     15     -5 (VIOLATED)
clkbuf_3_3__f_clk/X                      10     15     -5 (VIOLATED)
clkbuf_3_4__f_clk/X                      10     13     -3 (VIOLATED)
clkbuf_3_7__f_clk/X                      10     13     -3 (VIOLATED)
fanout101/X                              10     13     -3 (VIOLATED)
_603_/Q                                  10     11        (VIOLATED)
_605_/Q                                  10     11        (VIOLATED)
_607_/Q                                  10     11        (VIOLATED)
clkbuf_3_5__f_clk/X                      10     11        (VIOLATED)

max capacitance

Pin                                        Limit         Cap       Slack
------------------------------------------------------------------------
mem_i1/dout1[13]                        0.027560    0.041100   -0.013540 (VIOLATED)
mem_i1/dout1[4]                         0.027560    0.033725   -0.006165 (VIOLATED)



===========================================================================
report_parasitic_annotation -report_unannotated
============================================================================
Found 6 unannotated drivers.
 clkload0/Y
 clkload1/X
 clkload2/X
 clkload3/Y
 mem_i0_114/HI
 mem_i1_115/HI
Found 0 partially unannotated drivers.

===========================================================================
max slew violation count 20
max fanout violation count 20
max cap violation count 2
============================================================================

===========================================================================
check_setup -verbose -unconstrained_endpoints -multiple_clock -no_clock -no_input_delay -loops -generated_clocks
===========================================================================
Warning: There are 8 input ports missing set_input_delay.
  denum[0]
  denum[1]
  denum[2]
  denum[3]
  num[0]
  num[1]
  num[2]
  num[3]
Warning: There are 2 unconstrained endpoints.
  mem_i0/csb1
  mem_i1/csb1
