Clock: clk
Sources: clk 
Generated: no
Virtual: yes
Propagated: no
Period: 5.100000

===========================================================================
report_clock_properties
============================================================================
Clock                   Period          Waveform
----------------------------------------------------
clk                   5.100000    0.000000  2.550000

===========================================================================
report_clock_latency
============================================================================
Clock clk
rise -> rise
    min     max
0.000000 0.000000 source latency
0.674421         network latency _632_/CLK
        0.721739 network latency _636_/CLK
---------------
0.674421 0.721739 latency
        0.047318 skew

fall -> fall
    min     max
0.000000 0.000000 source latency
0.558269         network latency _632_/CLK
        0.596712 network latency _636_/CLK
---------------
0.558269 0.596712 latency
        0.038443 skew



===========================================================================
report_clock_min_period
============================================================================
clk period_min = 1.55 fmax = 645.65
