[WARNING ORD-0039] .openroad ignored with -python
Unannotated report:
['report_parasitic_annotation -report_unannotated\n',
 '============================================================================\n',
 'Found 6 unannotated drivers.\n',
 ' clkload0/Y\n',
 ' clkload1/X\n',
 ' clkload2/X\n',
 ' clkload3/Y\n',
 ' mem_i0_114/HI\n',
 ' mem_i1_115/HI\n',
 'Found 0 partially unannotated drivers.\n',
 '\n']
Reported nets:
['clkload0/Y',
 'clkload1/X',
 'clkload2/X',
 'clkload3/Y',
 'mem_i0_114/HI',
 'mem_i1_115/HI']
Filtered nets:
[]
done
