Reading OpenROAD database at '/home/thanh/NCO/runs/RUN_2025-03-05_07-28-23/42-openroad-repairantennas/1-diodeinsertion/counter.odb'…
Reading library file at '/home/thanh/.volare/volare/sky130/versions/0fe599b2afb6708d281543108caf8310912f54af/sky130A/libs.ref/sky130_fd_sc_hd/lib/sky130_fd_sc_hd__tt_025C_1v80.lib'…
Reading library file at '/home/thanh/NCO/ram256x16/ram256x16_TT_1p8V_25C.lib'…
Reading macro library file at '/home/thanh/NCO/ram256x16/ram256x16_TT_1p8V_25C.lib'…
[WARNING STA-1140] /home/thanh/NCO/ram256x16/ram256x16_TT_1p8V_25C.lib line 1, library ram256x16_TT_1p8V_25C_lib already exists.
Reading design constraints file at '/home/thanh/NCO/counter.sdc'…
[WARNING STA-0366] port 'addr0[0]' not found.
[WARNING STA-0366] port 'addr0[1]' not found.
[WARNING STA-0366] port 'addr0[2]' not found.
[WARNING STA-0366] port 'addr0[3]' not found.
[WARNING STA-0366] port 'addr0[4]' not found.
[WARNING STA-0366] port 'addr0[5]' not found.
[WARNING STA-0366] port 'addr0[6]' not found.
[WARNING STA-0366] port 'addr0[7]' not found.
[WARNING STA-0366] port 'csb0' not found.
[WARNING STA-0366] port 'din0[0]' not found.
[WARNING STA-0366] port 'din0[10]' not found.
[WARNING STA-0366] port 'din0[11]' not found.
[WARNING STA-0366] port 'din0[12]' not found.
[WARNING STA-0366] port 'din0[13]' not found.
[WARNING STA-0366] port 'din0[14]' not found.
[WARNING STA-0366] port 'din0[15]' not found.
[WARNING STA-0366] port 'din0[1]' not found.
[WARNING STA-0366] port 'din0[2]' not found.
[WARNING STA-0366] port 'din0[3]' not found.
[WARNING STA-0366] port 'din0[4]' not found.
[WARNING STA-0366] port 'din0[5]' not found.
[WARNING STA-0366] port 'din0[6]' not found.
[WARNING STA-0366] port 'din0[7]' not found.
[WARNING STA-0366] port 'din0[8]' not found.
[WARNING STA-0366] port 'din0[9]' not found.
[WARNING STA-0366] port 'csb0' not found.
[WARNING STA-0366] port 'addr0[7]' not found.
[WARNING STA-0366] port 'addr0[6]' not found.
[WARNING STA-0366] port 'addr0[5]' not found.
[WARNING STA-0366] port 'addr0[4]' not found.
[WARNING STA-0366] port 'addr0[3]' not found.
[WARNING STA-0366] port 'addr0[2]' not found.
[WARNING STA-0366] port 'addr0[1]' not found.
[WARNING STA-0366] port 'addr0[0]' not found.
[WARNING STA-0366] port 'din0[15]' not found.
[WARNING STA-0366] port 'din0[14]' not found.
[WARNING STA-0366] port 'din0[13]' not found.
[WARNING STA-0366] port 'din0[12]' not found.
[WARNING STA-0366] port 'din0[11]' not found.
[WARNING STA-0366] port 'din0[10]' not found.
[WARNING STA-0366] port 'din0[9]' not found.
[WARNING STA-0366] port 'din0[8]' not found.
[WARNING STA-0366] port 'din0[7]' not found.
[WARNING STA-0366] port 'din0[6]' not found.
[WARNING STA-0366] port 'din0[5]' not found.
[WARNING STA-0366] port 'din0[4]' not found.
[WARNING STA-0366] port 'din0[3]' not found.
[WARNING STA-0366] port 'din0[2]' not found.
[WARNING STA-0366] port 'din0[1]' not found.
[WARNING STA-0366] port 'din0[0]' not found.
[INFO ORD-0030] Using 12 thread(s).
[INFO DRT-0149] Reading tech and libs.
[WARNING DRT-0349] LEF58_ENCLOSURE with no CUTCLASS is not supported. Skipping for layer mcon
[WARNING DRT-0349] LEF58_ENCLOSURE with no CUTCLASS is not supported. Skipping for layer mcon
[WARNING DRT-0349] LEF58_ENCLOSURE with no CUTCLASS is not supported. Skipping for layer via
[WARNING DRT-0349] LEF58_ENCLOSURE with no CUTCLASS is not supported. Skipping for layer via
[WARNING DRT-0349] LEF58_ENCLOSURE with no CUTCLASS is not supported. Skipping for layer via2
[WARNING DRT-0349] LEF58_ENCLOSURE with no CUTCLASS is not supported. Skipping for layer via2
[WARNING DRT-0349] LEF58_ENCLOSURE with no CUTCLASS is not supported. Skipping for layer via3
[WARNING DRT-0349] LEF58_ENCLOSURE with no CUTCLASS is not supported. Skipping for layer via3
[WARNING DRT-0349] LEF58_ENCLOSURE with no CUTCLASS is not supported. Skipping for layer via4
[WARNING DRT-0349] LEF58_ENCLOSURE with no CUTCLASS is not supported. Skipping for layer via4

Units:                1000
Number of layers:     13
Number of macros:     442
Number of vias:       30
Number of viarulegen: 25

[INFO DRT-0150] Reading design.

Design:                   counter
Die area:                 ( 0 0 ) ( 550000 750000 )
Number of track patterns: 12
Number of DEF vias:       0
Number of components:     3015
Number of terminals:      70
Number of snets:          2
Number of nets:           267

[WARNING DRT-0418] Term mem_i0/addr0[3] has no pins on routing grid
[WARNING DRT-0418] Term mem_i0/addr0[4] has no pins on routing grid
[WARNING DRT-0418] Term mem_i0/addr0[7] has no pins on routing grid
[WARNING DRT-0418] Term mem_i0/clk1 has no pins on routing grid
[WARNING DRT-0418] Term mem_i0/dout1[0] has no pins on routing grid
[WARNING DRT-0418] Term mem_i0/dout1[1] has no pins on routing grid
[WARNING DRT-0418] Term mem_i0/dout1[3] has no pins on routing grid
[WARNING DRT-0418] Term mem_i0/dout1[5] has no pins on routing grid
[WARNING DRT-0418] Term mem_i0/dout1[7] has no pins on routing grid
[WARNING DRT-0418] Term mem_i0/dout1[8] has no pins on routing grid
[WARNING DRT-0418] Term mem_i0/dout1[10] has no pins on routing grid
[WARNING DRT-0418] Term mem_i0/dout1[12] has no pins on routing grid
[WARNING DRT-0418] Term mem_i0/dout1[14] has no pins on routing grid
[WARNING DRT-0418] Term mem_i0/dout1[15] has no pins on routing grid
[WARNING DRT-0418] Term mem_i1/din0[0] has no pins on routing grid
[WARNING DRT-0418] Term mem_i1/din0[2] has no pins on routing grid
[WARNING DRT-0418] Term mem_i1/din0[5] has no pins on routing grid
[WARNING DRT-0418] Term mem_i1/din0[8] has no pins on routing grid
[WARNING DRT-0418] Term mem_i1/din0[10] has no pins on routing grid
[WARNING DRT-0418] Term mem_i1/din0[11] has no pins on routing grid
[WARNING DRT-0418] Term mem_i1/din0[13] has no pins on routing grid
[WARNING DRT-0418] Term mem_i1/din0[14] has no pins on routing grid
[WARNING DRT-0418] Term mem_i1/addr0[1] has no pins on routing grid
[WARNING DRT-0418] Term mem_i1/addr0[2] has no pins on routing grid
[WARNING DRT-0418] Term mem_i1/addr0[5] has no pins on routing grid
[WARNING DRT-0418] Term mem_i1/addr0[7] has no pins on routing grid
[WARNING DRT-0418] Term mem_i1/addr1[5] has no pins on routing grid
[WARNING DRT-0418] Term mem_i1/addr1[6] has no pins on routing grid
[WARNING DRT-0418] Term mem_i1/addr1[7] has no pins on routing grid
[INFO DRT-0167] List of default vias:
  Layer via
    default via: M1M2_PR
  Layer via2
    default via: M2M3_PR
  Layer via3
    default via: M3M4_PR
  Layer via4
    default via: M4M5_PR
[INFO DRT-0162] Library cell analysis.
[INFO DRT-0163] Instance analysis.
[INFO DRT-0164] Number of unique instances = 60.
[INFO DRT-0168] Init region query.
[INFO DRT-0024]   Complete FR_MASTERSLICE.
[INFO DRT-0024]   Complete licon.
[INFO DRT-0024]   Complete li1.
[INFO DRT-0024]   Complete mcon.
[INFO DRT-0024]   Complete met1.
[INFO DRT-0024]   Complete via.
[INFO DRT-0024]   Complete met2.
[INFO DRT-0024]   Complete via2.
[INFO DRT-0024]   Complete met3.
[INFO DRT-0024]   Complete via3.
[INFO DRT-0024]   Complete met4.
[INFO DRT-0024]   Complete via4.
[INFO DRT-0024]   Complete met5.
[INFO DRT-0033] FR_MASTERSLICE shape region query size = 0.
[INFO DRT-0033] licon shape region query size = 0.
[INFO DRT-0033] li1 shape region query size = 18220.
[INFO DRT-0033] mcon shape region query size = 0.
[INFO DRT-0033] met1 shape region query size = 7514.
[INFO DRT-0033] via shape region query size = 3280.
[INFO DRT-0033] met2 shape region query size = 1982.
[INFO DRT-0033] via2 shape region query size = 2624.
[INFO DRT-0033] met3 shape region query size = 2104.
[INFO DRT-0033] via3 shape region query size = 2624.
[INFO DRT-0033] met4 shape region query size = 952.
[INFO DRT-0033] via4 shape region query size = 48.
[INFO DRT-0033] met5 shape region query size = 72.
[INFO DRT-0165] Start pin access.
[INFO DRT-0078]   Complete 245 pins.
[INFO DRT-0081]   Complete 52 unique inst patterns.
[INFO DRT-0084]   Complete 247 groups.
#scanned instances     = 3015
#unique  instances     = 60
#stdCellGenAp          = 1317
#stdCellValidPlanarAp  = 32
#stdCellValidViaAp     = 866
#stdCellPinNoAp        = 0
#stdCellPinCnt         = 477
#instTermValidViaApCnt = 0
#macroGenAp            = 230
#macroValidPlanarAp    = 198
#macroValidViaAp       = 0
#macroNoAp             = 0
[INFO DRT-0166] Complete pin access.
[INFO DRT-0267] cpu time = 00:00:10, elapsed time = 00:00:01, memory = 146.23 (MB), peak = 146.23 (MB)

[INFO DRT-0157] Number of guides:     2289

[INFO DRT-0169] Post process guides.
[INFO DRT-0176] GCELLGRID X 0 DO 79 STEP 6900 ;
[INFO DRT-0177] GCELLGRID Y 0 DO 108 STEP 6900 ;
[INFO DRT-0028]   Complete FR_MASTERSLICE.
[INFO DRT-0028]   Complete licon.
[INFO DRT-0028]   Complete li1.
[INFO DRT-0028]   Complete mcon.
[INFO DRT-0028]   Complete met1.
[INFO DRT-0028]   Complete via.
[INFO DRT-0028]   Complete met2.
[INFO DRT-0028]   Complete via2.
[INFO DRT-0028]   Complete met3.
[INFO DRT-0028]   Complete via3.
[INFO DRT-0028]   Complete met4.
[INFO DRT-0028]   Complete via4.
[INFO DRT-0028]   Complete met5.
[INFO DRT-0178] Init guide query.
[INFO DRT-0035]   Complete FR_MASTERSLICE (guide).
[INFO DRT-0035]   Complete licon (guide).
[INFO DRT-0035]   Complete li1 (guide).
[INFO DRT-0035]   Complete mcon (guide).
[INFO DRT-0035]   Complete met1 (guide).
[INFO DRT-0035]   Complete via (guide).
[INFO DRT-0035]   Complete met2 (guide).
[INFO DRT-0035]   Complete via2 (guide).
[INFO DRT-0035]   Complete met3 (guide).
[INFO DRT-0035]   Complete via3 (guide).
[INFO DRT-0035]   Complete met4 (guide).
[INFO DRT-0035]   Complete via4 (guide).
[INFO DRT-0035]   Complete met5 (guide).
[INFO DRT-0036] FR_MASTERSLICE guide region query size = 0.
[INFO DRT-0036] licon guide region query size = 0.
[INFO DRT-0036] li1 guide region query size = 555.
[INFO DRT-0036] mcon guide region query size = 0.
[INFO DRT-0036] met1 guide region query size = 555.
[INFO DRT-0036] via guide region query size = 0.
[INFO DRT-0036] met2 guide region query size = 349.
[INFO DRT-0036] via2 guide region query size = 0.
[INFO DRT-0036] met3 guide region query size = 173.
[INFO DRT-0036] via3 guide region query size = 0.
[INFO DRT-0036] met4 guide region query size = 82.
[INFO DRT-0036] via4 guide region query size = 0.
[INFO DRT-0036] met5 guide region query size = 0.
[INFO DRT-0179] Init gr pin query.
[INFO DRT-0245] skipped writing guide updates to database.
[INFO DRT-0185] Post process initialize RPin region query.
[INFO DRT-0181] Start track assignment.
[INFO DRT-0184] Done with 986 vertical wires in 2 frboxes and 728 horizontal wires in 3 frboxes.
[INFO DRT-0186] Done with 23 vertical wires in 2 frboxes and 119 horizontal wires in 3 frboxes.
[INFO DRT-0182] Complete track assignment.
[INFO DRT-0267] cpu time = 00:00:02, elapsed time = 00:00:00, memory = 167.10 (MB), peak = 171.06 (MB)
[INFO DRT-0187] Start routing data preparation.
[INFO DRT-0267] cpu time = 00:00:00, elapsed time = 00:00:00, memory = 167.10 (MB), peak = 171.06 (MB)
[INFO DRT-0194] Start detail routing.
[INFO DRT-0195] Start 0th optimization iteration.
    Completing 10% with 0 violations.
    elapsed time = 00:00:00, memory = 213.40 (MB).
    Completing 20% with 0 violations.
    elapsed time = 00:00:00, memory = 219.50 (MB).
    Completing 30% with 8 violations.
    elapsed time = 00:00:00, memory = 226.73 (MB).
    Completing 40% with 8 violations.
    elapsed time = 00:00:00, memory = 242.25 (MB).
    Completing 50% with 8 violations.
    elapsed time = 00:00:00, memory = 238.64 (MB).
    Completing 60% with 20 violations.
    elapsed time = 00:00:00, memory = 251.72 (MB).
    Completing 70% with 20 violations.
    elapsed time = 00:00:00, memory = 261.12 (MB).
    Completing 80% with 32 violations.
    elapsed time = 00:00:00, memory = 261.38 (MB).
    Completing 90% with 32 violations.
    elapsed time = 00:00:00, memory = 268.98 (MB).
    Completing 100% with 39 violations.
    elapsed time = 00:00:00, memory = 262.56 (MB).
[INFO DRT-0199]   Number of violations = 42.
Viol/Layer         li1   met1   met2   met3   met4
Metal Spacing        1      3      1      7      1
Recheck              0      2      1      0      0
Short                0     20      2      0      4
[INFO DRT-0267] cpu time = 00:00:12, elapsed time = 00:00:01, memory = 613.48 (MB), peak = 613.48 (MB)
Total wire length = 31386 um.
Total wire length on LAYER li1 = 0 um.
Total wire length on LAYER met1 = 15144 um.
Total wire length on LAYER met2 = 12674 um.
Total wire length on LAYER met3 = 2957 um.
Total wire length on LAYER met4 = 609 um.
Total wire length on LAYER met5 = 0 um.
Total number of vias = 1856.
Up-via summary (total 1856):

-----------------------
 FR_MASTERSLICE       0
            li1     788
           met1     788
           met2     194
           met3      86
           met4       0
-----------------------
                   1856


[INFO DRT-0195] Start 1st optimization iteration.
    Completing 10% with 42 violations.
    elapsed time = 00:00:00, memory = 623.59 (MB).
    Completing 20% with 42 violations.
    elapsed time = 00:00:00, memory = 624.62 (MB).
    Completing 30% with 35 violations.
    elapsed time = 00:00:00, memory = 624.62 (MB).
    Completing 40% with 35 violations.
    elapsed time = 00:00:00, memory = 624.62 (MB).
    Completing 50% with 35 violations.
    elapsed time = 00:00:00, memory = 624.62 (MB).
    Completing 60% with 31 violations.
    elapsed time = 00:00:00, memory = 632.22 (MB).
    Completing 70% with 31 violations.
    elapsed time = 00:00:00, memory = 632.22 (MB).
    Completing 80% with 25 violations.
    elapsed time = 00:00:00, memory = 625.19 (MB).
    Completing 90% with 25 violations.
    elapsed time = 00:00:00, memory = 627.77 (MB).
    Completing 100% with 20 violations.
    elapsed time = 00:00:01, memory = 628.29 (MB).
[INFO DRT-0199]   Number of violations = 20.
Viol/Layer        met1
Metal Spacing        3
Short               17
[INFO DRT-0267] cpu time = 00:00:12, elapsed time = 00:00:01, memory = 631.42 (MB), peak = 632.22 (MB)
Total wire length = 31332 um.
Total wire length on LAYER li1 = 0 um.
Total wire length on LAYER met1 = 15161 um.
Total wire length on LAYER met2 = 12696 um.
Total wire length on LAYER met3 = 2920 um.
Total wire length on LAYER met4 = 555 um.
Total wire length on LAYER met5 = 0 um.
Total number of vias = 1843.
Up-via summary (total 1843):

-----------------------
 FR_MASTERSLICE       0
            li1     787
           met1     780
           met2     191
           met3      85
           met4       0
-----------------------
                   1843


[INFO DRT-0195] Start 2nd optimization iteration.
    Completing 10% with 20 violations.
    elapsed time = 00:00:00, memory = 631.42 (MB).
    Completing 20% with 20 violations.
    elapsed time = 00:00:00, memory = 633.22 (MB).
    Completing 30% with 14 violations.
    elapsed time = 00:00:00, memory = 633.47 (MB).
    Completing 40% with 14 violations.
    elapsed time = 00:00:00, memory = 633.47 (MB).
    Completing 50% with 14 violations.
    elapsed time = 00:00:00, memory = 634.25 (MB).
    Completing 60% with 17 violations.
    elapsed time = 00:00:00, memory = 634.25 (MB).
    Completing 70% with 17 violations.
    elapsed time = 00:00:00, memory = 634.25 (MB).
    Completing 80% with 14 violations.
    elapsed time = 00:00:00, memory = 635.94 (MB).
    Completing 90% with 14 violations.
    elapsed time = 00:00:00, memory = 635.94 (MB).
    Completing 100% with 12 violations.
    elapsed time = 00:00:00, memory = 635.94 (MB).
[INFO DRT-0199]   Number of violations = 12.
Viol/Layer        met1
Short               12
[INFO DRT-0267] cpu time = 00:00:10, elapsed time = 00:00:00, memory = 635.94 (MB), peak = 643.39 (MB)
Total wire length = 31325 um.
Total wire length on LAYER li1 = 0 um.
Total wire length on LAYER met1 = 15170 um.
Total wire length on LAYER met2 = 12698 um.
Total wire length on LAYER met3 = 2905 um.
Total wire length on LAYER met4 = 551 um.
Total wire length on LAYER met5 = 0 um.
Total number of vias = 1852.
Up-via summary (total 1852):

-----------------------
 FR_MASTERSLICE       0
            li1     787
           met1     793
           met2     190
           met3      82
           met4       0
-----------------------
                   1852


[INFO DRT-0195] Start 3rd optimization iteration.
    Completing 10% with 12 violations.
    elapsed time = 00:00:00, memory = 635.94 (MB).
    Completing 20% with 12 violations.
    elapsed time = 00:00:00, memory = 635.94 (MB).
    Completing 30% with 9 violations.
    elapsed time = 00:00:00, memory = 635.94 (MB).
    Completing 40% with 9 violations.
    elapsed time = 00:00:00, memory = 635.94 (MB).
    Completing 50% with 9 violations.
    elapsed time = 00:00:00, memory = 635.94 (MB).
    Completing 60% with 9 violations.
    elapsed time = 00:00:00, memory = 635.94 (MB).
    Completing 70% with 9 violations.
    elapsed time = 00:00:00, memory = 635.94 (MB).
    Completing 80% with 1 violations.
    elapsed time = 00:00:00, memory = 636.46 (MB).
    Completing 90% with 1 violations.
    elapsed time = 00:00:00, memory = 637.49 (MB).
    Completing 100% with 0 violations.
    elapsed time = 00:00:00, memory = 637.49 (MB).
[INFO DRT-0199]   Number of violations = 0.
[INFO DRT-0267] cpu time = 00:00:05, elapsed time = 00:00:00, memory = 637.49 (MB), peak = 643.39 (MB)
Total wire length = 31318 um.
Total wire length on LAYER li1 = 0 um.
Total wire length on LAYER met1 = 15127 um.
Total wire length on LAYER met2 = 12692 um.
Total wire length on LAYER met3 = 2946 um.
Total wire length on LAYER met4 = 551 um.
Total wire length on LAYER met5 = 0 um.
Total number of vias = 1861.
Up-via summary (total 1861):

-----------------------
 FR_MASTERSLICE       0
            li1     787
           met1     792
           met2     200
           met3      82
           met4       0
-----------------------
                   1861


[INFO DRT-0198] Complete detail routing.
Total wire length = 31318 um.
Total wire length on LAYER li1 = 0 um.
Total wire length on LAYER met1 = 15127 um.
Total wire length on LAYER met2 = 12692 um.
Total wire length on LAYER met3 = 2946 um.
Total wire length on LAYER met4 = 551 um.
Total wire length on LAYER met5 = 0 um.
Total number of vias = 1861.
Up-via summary (total 1861):

-----------------------
 FR_MASTERSLICE       0
            li1     787
           met1     792
           met2     200
           met3      82
           met4       0
-----------------------
                   1861


[INFO DRT-0267] cpu time = 00:00:41, elapsed time = 00:00:04, memory = 637.49 (MB), peak = 643.39 (MB)

[INFO DRT-0180] Post processing.
Setting global connections for newly added cells…
[INFO] Setting global connections...
mem_i.* matched with mem_i1_94
mem_i.* matched with mem_i0
mem_i.* matched with mem_i1
mem_i.* matched with mem_i0_93
Updating metrics…
Cell type report:                       Count       Area
  Macro                                     2  247030.69
  Fill cell                               962    3610.96
  Tap cell                               1530    1914.34
  Antenna cell                            335     838.30
  Clock buffer                              7     140.13
  Timing Repair Buffer                     92     456.69
  Inverter                                 26      97.59
  Clock inverter                            1       8.76
  Sequential cell                          25     659.38
  Multi-Input combinational cell           35     302.79
  Total                                  3015  255059.64
Writing OpenROAD database to '/home/thanh/NCO/runs/RUN_2025-03-05_07-28-23/44-openroad-detailedrouting/counter.odb'…
Writing netlist to '/home/thanh/NCO/runs/RUN_2025-03-05_07-28-23/44-openroad-detailedrouting/counter.nl.v'…
Writing powered netlist to '/home/thanh/NCO/runs/RUN_2025-03-05_07-28-23/44-openroad-detailedrouting/counter.pnl.v'…
Writing layout to '/home/thanh/NCO/runs/RUN_2025-03-05_07-28-23/44-openroad-detailedrouting/counter.def'…
Writing timing constraints to '/home/thanh/NCO/runs/RUN_2025-03-05_07-28-23/44-openroad-detailedrouting/counter.sdc'…
