
===========================================================================
report_checks -unconstrained
===========================================================================
======================= nom_ss_100C_1v60 Corner ===================================

Startpoint: rst (input port clocked by clk)
Endpoint: _588_ (recovery check against rising-edge clock clk)
Path Group: asynchronous
Path Type: max

Fanout         Cap        Slew       Delay        Time   Description
---------------------------------------------------------------------------------------------
                                  0.000000    0.000000   clock clk (rise edge)
                                  0.000000    0.000000   clock network delay (propagated)
                                  2.500000    2.500000 v input external delay
     2    0.003820    0.022424    0.012447    2.512447 v rst (in)
                                                         rst (net)
                      0.022424    0.000000    2.512447 v input50/A (sky130_fd_sc_hd__buf_2)
     7    0.042606    0.199243    0.346391    2.858839 v input50/X (sky130_fd_sc_hd__buf_2)
                                                         net50 (net)
                      0.199603    0.006236    2.865074 v fanout103/A (sky130_fd_sc_hd__clkbuf_2)
     5    0.022741    0.165587    0.342092    3.207166 v fanout103/X (sky130_fd_sc_hd__clkbuf_2)
                                                         net103 (net)
                      0.165587    0.000631    3.207798 v fanout102/A (sky130_fd_sc_hd__buf_4)
    10    0.052633    0.139089    0.380867    3.588665 v fanout102/X (sky130_fd_sc_hd__buf_4)
                                                         net102 (net)
                      0.139124    0.002145    3.590809 v _304_/A (sky130_fd_sc_hd__inv_2)
     1    0.005848    0.066074    0.111901    3.702710 ^ _304_/Y (sky130_fd_sc_hd__inv_2)
                                                         _025_ (net)
                      0.066074    0.000176    3.702887 ^ _588_/RESET_B (sky130_fd_sc_hd__dfrtp_1)
                                              3.702887   data arrival time

                                  5.000000    5.000000   clock clk (rise edge)
                                  0.000000    5.000000   clock source latency
     2    0.046511    0.335986    0.236386    5.236386 ^ clk (in)
                                                         clk (net)
                      0.336181    0.000000    5.236386 ^ clkbuf_0_clk/A (sky130_fd_sc_hd__clkbuf_16)
    17    0.152355    0.252154    0.483737    5.720123 ^ clkbuf_0_clk/X (sky130_fd_sc_hd__clkbuf_16)
                                                         clknet_0_clk (net)
                      0.252198    0.002814    5.722937 ^ clkbuf_3_1__f_clk/A (sky130_fd_sc_hd__clkbuf_16)
    10    0.028024    0.078230    0.314939    6.037876 ^ clkbuf_3_1__f_clk/X (sky130_fd_sc_hd__clkbuf_16)
                                                         clknet_3_1__leaf_clk (net)
                      0.078237    0.000756    6.038632 ^ _588_/CLK (sky130_fd_sc_hd__dfrtp_1)
                                 -0.005000    6.033632   clock uncertainty
                                  0.000000    6.033632   clock reconvergence pessimism
                                  0.466778    6.500410   library recovery time
                                              6.500410   data required time
---------------------------------------------------------------------------------------------
                                              6.500410   data required time
                                             -3.702887   data arrival time
---------------------------------------------------------------------------------------------
                                              2.797524   slack (MET)


Startpoint: _605_ (rising edge-triggered flip-flop clocked by clk)
Endpoint: _605_ (rising edge-triggered flip-flop clocked by clk)
Path Group: clk
Path Type: max

Fanout         Cap        Slew       Delay        Time   Description
---------------------------------------------------------------------------------------------
                                  0.000000    0.000000   clock clk (rise edge)
                                  0.000000    0.000000   clock source latency
     2    0.046511    0.335986    0.236386    0.236386 ^ clk (in)
                                                         clk (net)
                      0.336181    0.000000    0.236386 ^ clkbuf_0_clk/A (sky130_fd_sc_hd__clkbuf_16)
    17    0.152355    0.252154    0.483737    0.720123 ^ clkbuf_0_clk/X (sky130_fd_sc_hd__clkbuf_16)
                                                         clknet_0_clk (net)
                      0.254906    0.021053    0.741175 ^ clkbuf_3_5__f_clk/A (sky130_fd_sc_hd__clkbuf_16)
     7    0.031688    0.083265    0.321054    1.062229 ^ clkbuf_3_5__f_clk/X (sky130_fd_sc_hd__clkbuf_16)
                                                         clknet_3_5__leaf_clk (net)
                      0.083274    0.000925    1.063154 ^ _605_/CLK (sky130_fd_sc_hd__dfrtp_1)
     2    0.005410    0.098554    0.767078    1.830232 v _605_/Q (sky130_fd_sc_hd__dfrtp_1)
                                                         tcout[1] (net)
                      0.098554    0.000154    1.830386 v load_slew100/A (sky130_fd_sc_hd__clkbuf_1)
     2    0.006391    0.086903    0.204789    2.035175 v load_slew100/X (sky130_fd_sc_hd__clkbuf_1)
                                                         net100 (net)
                      0.086903    0.000199    2.035374 v load_slew99/A (sky130_fd_sc_hd__clkbuf_1)
     4    0.015869    0.187054    0.275960    2.311333 v load_slew99/X (sky130_fd_sc_hd__clkbuf_1)
                                                         net99 (net)
                      0.187054    0.000728    2.312062 v _510_/B (sky130_fd_sc_hd__xnor2_1)
     2    0.006076    0.291029    0.343140    2.655201 ^ _510_/Y (sky130_fd_sc_hd__xnor2_1)
                                                         _262_ (net)
                      0.291029    0.000149    2.655350 ^ _511_/A (sky130_fd_sc_hd__nand2_1)
     1    0.003508    0.105934    0.185749    2.841100 v _511_/Y (sky130_fd_sc_hd__nand2_1)
                                                         _263_ (net)
                      0.105934    0.000114    2.841214 v _513_/B2 (sky130_fd_sc_hd__a221o_1)
     1    0.004563    0.111103    0.626302    3.467516 v _513_/X (sky130_fd_sc_hd__a221o_1)
                                                         _265_ (net)
                      0.111103    0.000177    3.467693 v _515_/C (sky130_fd_sc_hd__or4_4)
     2    0.007048    0.165430    0.985430    4.453123 v _515_/X (sky130_fd_sc_hd__or4_4)
                                                         _267_ (net)
                      0.165430    0.000172    4.453295 v _520_/D (sky130_fd_sc_hd__or4_4)
     5    0.020059    0.207084    0.962302    5.415597 v _520_/X (sky130_fd_sc_hd__or4_4)
                                                         _272_ (net)
                      0.207087    0.001205    5.416802 v _524_/A (sky130_fd_sc_hd__and3_1)
     1    0.004562    0.086189    0.374484    5.791287 v _524_/X (sky130_fd_sc_hd__and3_1)
                                                         _017_ (net)
                      0.086189    0.000175    5.791462 v _605_/D (sky130_fd_sc_hd__dfrtp_1)
                                              5.791462   data arrival time

                                  5.000000    5.000000   clock clk (rise edge)
                                  0.000000    5.000000   clock source latency
     2    0.046511    0.335986    0.236386    5.236386 ^ clk (in)
                                                         clk (net)
                      0.336181    0.000000    5.236386 ^ clkbuf_0_clk/A (sky130_fd_sc_hd__clkbuf_16)
    17    0.152355    0.252154    0.483737    5.720123 ^ clkbuf_0_clk/X (sky130_fd_sc_hd__clkbuf_16)
                                                         clknet_0_clk (net)
                      0.254906    0.021053    5.741176 ^ clkbuf_3_5__f_clk/A (sky130_fd_sc_hd__clkbuf_16)
     7    0.031688    0.083265    0.321053    6.062229 ^ clkbuf_3_5__f_clk/X (sky130_fd_sc_hd__clkbuf_16)
                                                         clknet_3_5__leaf_clk (net)
                      0.083274    0.000925    6.063154 ^ _605_/CLK (sky130_fd_sc_hd__dfrtp_1)
                                 -0.005000    6.058154   clock uncertainty
                                  0.000000    6.058154   clock reconvergence pessimism
                                 -0.279777    5.778377   library setup time
                                              5.778377   data required time
---------------------------------------------------------------------------------------------
                                              5.778377   data required time
                                             -5.791462   data arrival time
---------------------------------------------------------------------------------------------
                                             -0.013086   slack (VIOLATED)




===========================================================================
report_checks --slack_max -0.01
============================================================================
======================= nom_ss_100C_1v60 Corner ===================================

Startpoint: _605_ (rising edge-triggered flip-flop clocked by clk)
Endpoint: _605_ (rising edge-triggered flip-flop clocked by clk)
Path Group: clk
Path Type: max

Fanout         Cap        Slew       Delay        Time   Description
---------------------------------------------------------------------------------------------
                                  0.000000    0.000000   clock clk (rise edge)
                                  0.000000    0.000000   clock source latency
     2    0.046511    0.335986    0.236386    0.236386 ^ clk (in)
                                                         clk (net)
                      0.336181    0.000000    0.236386 ^ clkbuf_0_clk/A (sky130_fd_sc_hd__clkbuf_16)
    17    0.152355    0.252154    0.483737    0.720123 ^ clkbuf_0_clk/X (sky130_fd_sc_hd__clkbuf_16)
                                                         clknet_0_clk (net)
                      0.254906    0.021053    0.741175 ^ clkbuf_3_5__f_clk/A (sky130_fd_sc_hd__clkbuf_16)
     7    0.031688    0.083265    0.321054    1.062229 ^ clkbuf_3_5__f_clk/X (sky130_fd_sc_hd__clkbuf_16)
                                                         clknet_3_5__leaf_clk (net)
                      0.083274    0.000925    1.063154 ^ _605_/CLK (sky130_fd_sc_hd__dfrtp_1)
     2    0.005410    0.098554    0.767078    1.830232 v _605_/Q (sky130_fd_sc_hd__dfrtp_1)
                                                         tcout[1] (net)
                      0.098554    0.000154    1.830386 v load_slew100/A (sky130_fd_sc_hd__clkbuf_1)
     2    0.006391    0.086903    0.204789    2.035175 v load_slew100/X (sky130_fd_sc_hd__clkbuf_1)
                                                         net100 (net)
                      0.086903    0.000199    2.035374 v load_slew99/A (sky130_fd_sc_hd__clkbuf_1)
     4    0.015869    0.187054    0.275960    2.311333 v load_slew99/X (sky130_fd_sc_hd__clkbuf_1)
                                                         net99 (net)
                      0.187054    0.000728    2.312062 v _510_/B (sky130_fd_sc_hd__xnor2_1)
     2    0.006076    0.291029    0.343140    2.655201 ^ _510_/Y (sky130_fd_sc_hd__xnor2_1)
                                                         _262_ (net)
                      0.291029    0.000149    2.655350 ^ _511_/A (sky130_fd_sc_hd__nand2_1)
     1    0.003508    0.105934    0.185749    2.841100 v _511_/Y (sky130_fd_sc_hd__nand2_1)
                                                         _263_ (net)
                      0.105934    0.000114    2.841214 v _513_/B2 (sky130_fd_sc_hd__a221o_1)
     1    0.004563    0.111103    0.626302    3.467516 v _513_/X (sky130_fd_sc_hd__a221o_1)
                                                         _265_ (net)
                      0.111103    0.000177    3.467693 v _515_/C (sky130_fd_sc_hd__or4_4)
     2    0.007048    0.165430    0.985430    4.453123 v _515_/X (sky130_fd_sc_hd__or4_4)
                                                         _267_ (net)
                      0.165430    0.000172    4.453295 v _520_/D (sky130_fd_sc_hd__or4_4)
     5    0.020059    0.207084    0.962302    5.415597 v _520_/X (sky130_fd_sc_hd__or4_4)
                                                         _272_ (net)
                      0.207087    0.001205    5.416802 v _524_/A (sky130_fd_sc_hd__and3_1)
     1    0.004562    0.086189    0.374484    5.791287 v _524_/X (sky130_fd_sc_hd__and3_1)
                                                         _017_ (net)
                      0.086189    0.000175    5.791462 v _605_/D (sky130_fd_sc_hd__dfrtp_1)
                                              5.791462   data arrival time

                                  5.000000    5.000000   clock clk (rise edge)
                                  0.000000    5.000000   clock source latency
     2    0.046511    0.335986    0.236386    5.236386 ^ clk (in)
                                                         clk (net)
                      0.336181    0.000000    5.236386 ^ clkbuf_0_clk/A (sky130_fd_sc_hd__clkbuf_16)
    17    0.152355    0.252154    0.483737    5.720123 ^ clkbuf_0_clk/X (sky130_fd_sc_hd__clkbuf_16)
                                                         clknet_0_clk (net)
                      0.254906    0.021053    5.741176 ^ clkbuf_3_5__f_clk/A (sky130_fd_sc_hd__clkbuf_16)
     7    0.031688    0.083265    0.321053    6.062229 ^ clkbuf_3_5__f_clk/X (sky130_fd_sc_hd__clkbuf_16)
                                                         clknet_3_5__leaf_clk (net)
                      0.083274    0.000925    6.063154 ^ _605_/CLK (sky130_fd_sc_hd__dfrtp_1)
                                 -0.005000    6.058154   clock uncertainty
                                  0.000000    6.058154   clock reconvergence pessimism
                                 -0.279777    5.778377   library setup time
                                              5.778377   data required time
---------------------------------------------------------------------------------------------
                                              5.778377   data required time
                                             -5.791462   data arrival time
---------------------------------------------------------------------------------------------
                                             -0.013086   slack (VIOLATED)




===========================================================================
 report_check_types -max_slew -max_cap -max_fanout -violators
============================================================================
======================= nom_ss_100C_1v60 Corner ===================================

max slew

Pin                                        Limit        Slew       Slack
------------------------------------------------------------------------
mem_i/addr1[1]                          0.040000    0.459405   -0.419405 (VIOLATED)
mem_i/addr1[5]                          0.040000    0.429828   -0.389828 (VIOLATED)
mem_i/addr1[6]                          0.040000    0.420790   -0.380790 (VIOLATED)
mem_i/addr1[4]                          0.040000    0.417521   -0.377521 (VIOLATED)
mem_i/addr1[7]                          0.040000    0.347579   -0.307579 (VIOLATED)
mem_i/addr0[1]                          0.040000    0.333319   -0.293319 (VIOLATED)
mem_i/addr0[7]                          0.040000    0.314007   -0.274007 (VIOLATED)
mem_i/addr0[4]                          0.040000    0.313661   -0.273661 (VIOLATED)
mem_i/addr0[3]                          0.040000    0.312596   -0.272596 (VIOLATED)
mem_i/addr0[5]                          0.040000    0.310808   -0.270808 (VIOLATED)
mem_i/addr0[6]                          0.040000    0.310580   -0.270580 (VIOLATED)
mem_i/addr0[2]                          0.040000    0.309872   -0.269872 (VIOLATED)
mem_i/addr0[0]                          0.040000    0.286822   -0.246822 (VIOLATED)
mem_i/addr1[0]                          0.040000    0.233972   -0.193972 (VIOLATED)
mem_i/addr1[2]                          0.040000    0.228342   -0.188342 (VIOLATED)
mem_i/addr1[3]                          0.040000    0.210502   -0.170502 (VIOLATED)

max fanout

Pin                                   Limit Fanout  Slack
---------------------------------------------------------
fanout104/X                              10     21    -11 (VIOLATED)
clkbuf_0_clk/X                           10     17     -7 (VIOLATED)
clkbuf_3_0__f_clk/X                      10     15     -5 (VIOLATED)
clkbuf_3_4__f_clk/X                      10     13     -3 (VIOLATED)
clkbuf_3_7__f_clk/X                      10     13     -3 (VIOLATED)
clkbuf_3_2__f_clk/X                      10     12     -2 (VIOLATED)
clkbuf_3_3__f_clk/X                      10     11        (VIOLATED)



===========================================================================
report_parasitic_annotation -report_unannotated
============================================================================
Found 54 unannotated drivers.
 addr01[0]
 addr01[1]
 addr01[2]
 addr01[3]
 addr01[4]
 addr01[5]
 addr01[6]
 addr01[7]
 csb01
 clkload0/X
 clkload1/Y
 clkload2/X
 clkload3/Y
 clkload4/Y
 clkload5/Y
 clkload6/Y
 mem_i/dout0[0]
 mem_i/dout0[10]
 mem_i/dout0[11]
 mem_i/dout0[12]
 mem_i/dout0[13]
 mem_i/dout0[14]
 mem_i/dout0[15]
 mem_i/dout0[16]
 mem_i/dout0[17]
 mem_i/dout0[18]
 mem_i/dout0[19]
 mem_i/dout0[1]
 mem_i/dout0[20]
 mem_i/dout0[21]
 mem_i/dout0[22]
 mem_i/dout0[23]
 mem_i/dout0[24]
 mem_i/dout0[25]
 mem_i/dout0[26]
 mem_i/dout0[27]
 mem_i/dout0[28]
 mem_i/dout0[29]
 mem_i/dout0[2]
 mem_i/dout0[30]
 mem_i/dout0[31]
 mem_i/dout0[3]
 mem_i/dout0[4]
 mem_i/dout0[5]
 mem_i/dout0[6]
 mem_i/dout0[7]
 mem_i/dout0[8]
 mem_i/dout0[9]
 mem_i_113/HI
 mem_i_114/HI
 mem_i_115/LO
 mem_i_116/LO
 mem_i_117/LO
 mem_i_118/LO
Found 0 partially unannotated drivers.

===========================================================================
max slew violation count 16
max fanout violation count 7
max cap violation count 0
============================================================================

===========================================================================
check_setup -verbose -unconstrained_endpoints -multiple_clock -no_clock -no_input_delay -loops -generated_clocks
===========================================================================
Warning: There are 8 input ports missing set_input_delay.
  denum[0]
  denum[1]
  denum[2]
  denum[3]
  num[0]
  num[1]
  num[2]
  num[3]
Warning: There are 6 unconstrained endpoints.
  mem_i/csb1
  mem_i/web0
  mem_i/wmask0[0]
  mem_i/wmask0[1]
  mem_i/wmask0[2]
  mem_i/wmask0[3]
