Clock: clk
Sources: clk 
Generated: no
Virtual: yes
Propagated: no
Period: 5.000000

===========================================================================
report_clock_properties
============================================================================
Clock                   Period          Waveform
----------------------------------------------------
clk                   5.000000    0.000000  2.500000

===========================================================================
report_clock_latency
============================================================================
Clock clk
rise -> rise
    min     max
0.000000 0.000000 source latency
1.199687         network latency _134_/CLK
        1.379385 network latency mem_i1/clk1
---------------
1.199687 1.379385 latency
        0.179698 skew

fall -> fall
    min     max
0.000000 0.000000 source latency
0.986340         network latency _134_/CLK
        1.118950 network latency mem_i1/clk1
---------------
0.986340 1.118950 latency
        0.132611 skew



===========================================================================
report_clock_min_period
============================================================================
clk period_min = 3.95 fmax = 253.10
