
===========================================================================
report_checks -unconstrained
===========================================================================
======================= nom_tt_025C_1v80 Corner ===================================

Startpoint: rst (input port clocked by clk)
Endpoint: _092_ (recovery check against rising-edge clock clk)
Path Group: asynchronous
Path Type: max

Fanout         Cap        Slew       Delay        Time   Description
---------------------------------------------------------------------------------------------
                                  0.000000    0.000000   clock clk (rise edge)
                                  0.000000    0.000000   clock network delay (propagated)
                                  2.000000    2.000000 v input external delay
     1    0.002635    0.008250    0.004134    2.004134 v rst (in)
                                                         rst (net)
                      0.008250    0.000000    2.004134 v input1/A (sky130_fd_sc_hd__clkbuf_1)
     1    0.002874    0.027842    0.072483    2.076616 v input1/X (sky130_fd_sc_hd__clkbuf_1)
                                                         net1 (net)
                      0.027842    0.000006    2.076623 v fanout20/A (sky130_fd_sc_hd__buf_4)
     6    0.062367    0.087833    0.186869    2.263492 v fanout20/X (sky130_fd_sc_hd__buf_4)
                                                         net20 (net)
                      0.087833    0.000036    2.263528 v fanout19/A (sky130_fd_sc_hd__clkbuf_8)
    10    0.066146    0.083239    0.204714    2.468243 v fanout19/X (sky130_fd_sc_hd__clkbuf_8)
                                                         net19 (net)
                      0.083260    0.001438    2.469680 v _068_/A (sky130_fd_sc_hd__inv_2)
     1    0.005377    0.038978    0.063970    2.533650 ^ _068_/Y (sky130_fd_sc_hd__inv_2)
                                                         _021_ (net)
                      0.038978    0.000051    2.533702 ^ _092_/RESET_B (sky130_fd_sc_hd__dfrtp_2)
                                              2.533702   data arrival time

                                 10.000000   10.000000   clock clk (rise edge)
                                  0.000000   10.000000   clock source latency
     1    0.048527    0.221776    0.157749   10.157749 ^ clk (in)
                                                         clk (net)
                      0.222045    0.000000   10.157749 ^ clkbuf_0_clk/A (sky130_fd_sc_hd__clkbuf_16)
     2    0.026066    0.049564    0.189768   10.347518 ^ clkbuf_0_clk/X (sky130_fd_sc_hd__clkbuf_16)
                                                         clknet_0_clk (net)
                      0.049566    0.000373   10.347891 ^ clkbuf_1_1__f_clk/A (sky130_fd_sc_hd__clkbuf_16)
    14    0.051808    0.070604    0.151497   10.499388 ^ clkbuf_1_1__f_clk/X (sky130_fd_sc_hd__clkbuf_16)
                                                         clknet_1_1__leaf_clk (net)
                      0.070884    0.003456   10.502843 ^ _092_/CLK (sky130_fd_sc_hd__dfrtp_2)
                                 -0.250000   10.252843   clock uncertainty
                                  0.000000   10.252843   clock reconvergence pessimism
                                  0.228918   10.481762   library recovery time
                                             10.481762   data required time
---------------------------------------------------------------------------------------------
                                             10.481762   data required time
                                             -2.533702   data arrival time
---------------------------------------------------------------------------------------------
                                              7.948060   slack (MET)


Startpoint: _098_ (rising edge-triggered flip-flop clocked by clk)
Endpoint: sine_out[1] (output port clocked by clk)
Path Group: clk
Path Type: max

Fanout         Cap        Slew       Delay        Time   Description
---------------------------------------------------------------------------------------------
                                  0.000000    0.000000   clock clk (rise edge)
                                  0.000000    0.000000   clock source latency
     1    0.048527    0.221776    0.157750    0.157750 ^ clk (in)
                                                         clk (net)
                      0.222045    0.000000    0.157750 ^ clkbuf_0_clk/A (sky130_fd_sc_hd__clkbuf_16)
     2    0.026066    0.049564    0.189768    0.347518 ^ clkbuf_0_clk/X (sky130_fd_sc_hd__clkbuf_16)
                                                         clknet_0_clk (net)
                      0.049564    0.000104    0.347622 ^ clkbuf_1_0__f_clk/A (sky130_fd_sc_hd__clkbuf_16)
    13    0.077210    0.094084    0.170503    0.518125 ^ clkbuf_1_0__f_clk/X (sky130_fd_sc_hd__clkbuf_16)
                                                         clknet_1_0__leaf_clk (net)
                      0.094135    0.001772    0.519896 ^ _098_/CLK (sky130_fd_sc_hd__dfrtp_1)
     1    0.011396    0.111680    0.389929    0.909825 ^ _098_/Q (sky130_fd_sc_hd__dfrtp_1)
                                                         net9 (net)
                      0.111680    0.000272    0.910097 ^ output9/A (sky130_fd_sc_hd__buf_2)
     1    0.034041    0.169359    0.222302    1.132399 ^ output9/X (sky130_fd_sc_hd__buf_2)
                                                         sine_out[1] (net)
                      0.169359    0.000095    1.132494 ^ sine_out[1] (out)
                                              1.132494   data arrival time

                                 10.000000   10.000000   clock clk (rise edge)
                                  0.000000   10.000000   clock network delay (propagated)
                                 -0.250000    9.750000   clock uncertainty
                                  0.000000    9.750000   clock reconvergence pessimism
                                 -2.000000    7.750000   output external delay
                                              7.750000   data required time
---------------------------------------------------------------------------------------------
                                              7.750000   data required time
                                             -1.132494   data arrival time
---------------------------------------------------------------------------------------------
                                              6.617507   slack (MET)




===========================================================================
report_checks --slack_max -0.01
============================================================================
======================= nom_tt_025C_1v80 Corner ===================================

No paths found.


===========================================================================
 report_check_types -max_slew -max_cap -max_fanout -violators
============================================================================
======================= nom_tt_025C_1v80 Corner ===================================

max fanout

Pin                                   Limit Fanout  Slack
---------------------------------------------------------
clkbuf_1_1__f_clk/X                      10     14     -4 (VIOLATED)
clkbuf_1_0__f_clk/X                      10     13     -3 (VIOLATED)



===========================================================================
report_parasitic_annotation -report_unannotated
============================================================================
Found 2 unannotated drivers.
 clkload0/X
 mem_i_21/HI
Found 0 partially unannotated drivers.

===========================================================================
max slew violation count 0
Writing metric design__max_slew_violation__count__corner:nom_tt_025C_1v80: 0
max fanout violation count 2
Writing metric design__max_fanout_violation__count__corner:nom_tt_025C_1v80: 2
max cap violation count 0
Writing metric design__max_cap_violation__count__corner:nom_tt_025C_1v80: 0
============================================================================

===========================================================================
check_setup -verbose -unconstrained_endpoints -multiple_clock -no_clock -no_input_delay -loops -generated_clocks
===========================================================================
Warning: There are 16 unconstrained endpoints.
  _079_/D
  _080_/D
  _081_/D
  _082_/D
  _083_/D
  _084_/D
  _085_/D
  _086_/D
  _087_/D
  _088_/D
  _097_/D
  _098_/D
  _099_/D
  _100_/D
  _101_/D
  _102_/D
