Clock: clk
Sources: clk 
Generated: no
Virtual: yes
Propagated: no
Period: 5.000000

===========================================================================
report_clock_properties
============================================================================
Clock                   Period          Waveform
----------------------------------------------------
clk                   5.000000    0.000000  2.500000

===========================================================================
report_clock_latency
============================================================================
Clock clk
rise -> rise
    min     max
0.000000 0.000000 source latency
1.277906         network latency mem_i0/clk1
        1.332896 network latency mem_i1/clk1
---------------
1.277906 1.332896 latency
        0.054989 skew

fall -> fall
    min     max
0.000000 0.000000 source latency
1.051834         network latency mem_i0/clk1
        1.094408 network latency mem_i1/clk1
---------------
1.051834 1.094408 latency
        0.042574 skew



===========================================================================
report_clock_min_period
============================================================================
clk period_min = 3.46 fmax = 289.01
