14 Lint warnings found.
'PNR_SDC_FILE' is not defined. Using generic fallback SDC for OpenROAD PnR steps.
'SIGNOFF_SDC_FILE' is not defined. Using generic fallback SDC for OpenROAD PnR steps.
No libs found for macro ram256x16 at corner nom_tt_025C_1v80. The module will be black-boxed.
No libs found for macro ram256x16 at corner nom_tt_025C_1v80. The module will be black-boxed.
No libs found for macro ram256x16 at corner nom_ss_100C_1v60. The module will be black-boxed.
No libs found for macro ram256x16 at corner nom_ff_n40C_1v95. The module will be black-boxed.
No libs found for macro ram256x16 at corner min_tt_025C_1v80. The module will be black-boxed.
No libs found for macro ram256x16 at corner min_ss_100C_1v60. The module will be black-boxed.
No libs found for macro ram256x16 at corner min_ff_n40C_1v95. The module will be black-boxed.
No libs found for macro ram256x16 at corner max_tt_025C_1v80. The module will be black-boxed.
No libs found for macro ram256x16 at corner max_ss_100C_1v60. The module will be black-boxed.
No libs found for macro ram256x16 at corner max_ff_n40C_1v95. The module will be black-boxed.
[ORD-2011] LEF master ram256x16 has no liberty cell.
Cell 'ram256x16' has (36) input pin(s) without antenna gate information. They might not be connected to a gate.
Cell 'ram256x16' has (16) output pin(s) without antenna diffusion information. They might not be driven.
[PDN-0110] No via inserted between met4 and met5 at (6.5000, 26.7300) - (7.3000, 28.3300) on vccd1
[PDN-0110] No via inserted between met4 and met5 at (6.5000, 179.9100) - (7.3000, 181.5100) on vccd1
[PDN-0110] No via inserted between met4 and met5 at (8.3400, 30.0300) - (9.1400, 31.6300) on vssd1
[PDN-0110] No via inserted between met4 and met5 at (8.3400, 183.2100) - (9.1400, 184.8100) on vssd1
[GRT-0097] No global routing found for nets.
No libs found for macro ram256x16 at corner nom_tt_025C_1v80. The module will be black-boxed.
No libs found for macro ram256x16 at corner nom_ss_100C_1v60. The module will be black-boxed.
No libs found for macro ram256x16 at corner nom_ff_n40C_1v95. The module will be black-boxed.
No libs found for macro ram256x16 at corner min_tt_025C_1v80. The module will be black-boxed.
No libs found for macro ram256x16 at corner min_ss_100C_1v60. The module will be black-boxed.
No libs found for macro ram256x16 at corner min_ff_n40C_1v95. The module will be black-boxed.
No libs found for macro ram256x16 at corner max_tt_025C_1v80. The module will be black-boxed.
No libs found for macro ram256x16 at corner max_ss_100C_1v60. The module will be black-boxed.
No libs found for macro ram256x16 at corner max_ff_n40C_1v95. The module will be black-boxed.
No libs found for macro ram256x16 at corner nom_tt_025C_1v80. The module will be black-boxed.
No libs found for macro ram256x16 at corner nom_ss_100C_1v60. The module will be black-boxed.
No libs found for macro ram256x16 at corner nom_ff_n40C_1v95. The module will be black-boxed.
No libs found for macro ram256x16 at corner min_tt_025C_1v80. The module will be black-boxed.
No libs found for macro ram256x16 at corner min_ss_100C_1v60. The module will be black-boxed.
No libs found for macro ram256x16 at corner min_ff_n40C_1v95. The module will be black-boxed.
No libs found for macro ram256x16 at corner max_tt_025C_1v80. The module will be black-boxed.
No libs found for macro ram256x16 at corner max_ss_100C_1v60. The module will be black-boxed.
No libs found for macro ram256x16 at corner max_ff_n40C_1v95. The module will be black-boxed.
[GRT-0097] No global routing found for nets.
No libs found for macro ram256x16 at corner nom_tt_025C_1v80. The module will be black-boxed.
No libs found for macro ram256x16 at corner nom_ss_100C_1v60. The module will be black-boxed.
No libs found for macro ram256x16 at corner nom_ff_n40C_1v95. The module will be black-boxed.
No libs found for macro ram256x16 at corner min_tt_025C_1v80. The module will be black-boxed.
No libs found for macro ram256x16 at corner min_ss_100C_1v60. The module will be black-boxed.
No libs found for macro ram256x16 at corner min_ff_n40C_1v95. The module will be black-boxed.
No libs found for macro ram256x16 at corner max_tt_025C_1v80. The module will be black-boxed.
No libs found for macro ram256x16 at corner max_ss_100C_1v60. The module will be black-boxed.
No libs found for macro ram256x16 at corner max_ff_n40C_1v95. The module will be black-boxed.
[GRT-0097] No global routing found for nets.
[DRT-0349] LEF58_ENCLOSURE with no CUTCLASS is not supported. Skipping for layer mcon
[DRT-0349] LEF58_ENCLOSURE with no CUTCLASS is not supported. Skipping for layer mcon
[DRT-0349] LEF58_ENCLOSURE with no CUTCLASS is not supported. Skipping for layer via
[DRT-0349] LEF58_ENCLOSURE with no CUTCLASS is not supported. Skipping for layer via
[DRT-0349] LEF58_ENCLOSURE with no CUTCLASS is not supported. Skipping for layer via2
[DRT-0349] LEF58_ENCLOSURE with no CUTCLASS is not supported. Skipping for layer via2
[DRT-0349] LEF58_ENCLOSURE with no CUTCLASS is not supported. Skipping for layer via3
[DRT-0349] LEF58_ENCLOSURE with no CUTCLASS is not supported. Skipping for layer via3
[DRT-0349] LEF58_ENCLOSURE with no CUTCLASS is not supported. Skipping for layer via4
[DRT-0349] LEF58_ENCLOSURE with no CUTCLASS is not supported. Skipping for layer via4
[DRT-0418] Term mem_i/din0[1] has no pins on routing grid
[DRT-0418] Term mem_i/din0[4] has no pins on routing grid
[DRT-0418] Term mem_i/din0[6] has no pins on routing grid
[DRT-0418] Term mem_i/din0[7] has no pins on routing grid
[DRT-0418] Term mem_i/din0[9] has no pins on routing grid
[DRT-0418] Term mem_i/din0[10] has no pins on routing grid
[DRT-0418] Term mem_i/din0[12] has no pins on routing grid
[DRT-0418] Term mem_i/din0[13] has no pins on routing grid
[DRT-0418] Term mem_i/din0[15] has no pins on routing grid
[DRT-0418] Term mem_i/addr0[0] has no pins on routing grid
[DRT-0418] Term mem_i/addr1[7] has no pins on routing grid
[DRT-0418] Term mem_i/clk0 has no pins on routing grid
Threshold for Threshold-surpassing long wires is not set. The checker will be skipped.
No libs found for macro ram256x16 at corner nom_tt_025C_1v80. The module will be black-boxed.
No libs found for macro ram256x16 at corner nom_ss_100C_1v60. The module will be black-boxed.
No libs found for macro ram256x16 at corner nom_ff_n40C_1v95. The module will be black-boxed.
No libs found for macro ram256x16 at corner min_tt_025C_1v80. The module will be black-boxed.
No libs found for macro ram256x16 at corner min_ss_100C_1v60. The module will be black-boxed.
No libs found for macro ram256x16 at corner min_ff_n40C_1v95. The module will be black-boxed.
No libs found for macro ram256x16 at corner max_tt_025C_1v80. The module will be black-boxed.
No libs found for macro ram256x16 at corner max_ss_100C_1v60. The module will be black-boxed.
No libs found for macro ram256x16 at corner max_ff_n40C_1v95. The module will be black-boxed.
'VSRC_LOC_FILES' was not given a value, which may make the results of IR drop analysis inaccurate. If you are not integrating a top-level chip for manufacture, you may ignore this warning, otherwise, see the documentation for 'VSRC_LOC_FILES'.
magic__drc_error__count not reported. Magic.DRC may have been skipped.
