Reading OpenROAD database at '/home/thanh/NCO/runs/RUN_2025-03-04_07-10-12/658-openroad-repairantennas/1-diodeinsertion/counter.odb'…
Reading library file at '/home/thanh/.volare/volare/sky130/versions/0fe599b2afb6708d281543108caf8310912f54af/sky130A/libs.ref/sky130_fd_sc_hd/lib/sky130_fd_sc_hd__tt_025C_1v80.lib'…
Reading library file at '/home/thanh/NCO/ram256x16/ram256x16_TT_1p8V_25C.lib'…
Reading macro library file at '/home/thanh/NCO/ram256x16/ram256x16_TT_1p8V_25C.lib'…
[WARNING STA-1140] /home/thanh/NCO/ram256x16/ram256x16_TT_1p8V_25C.lib line 1, library ram256x16_TT_1p8V_25C_lib already exists.
Reading design constraints file at '/home/thanh/NCO/counter.sdc'…
[INFO ORD-0030] Using 12 thread(s).
[INFO DRT-0149] Reading tech and libs.
[WARNING DRT-0349] LEF58_ENCLOSURE with no CUTCLASS is not supported. Skipping for layer mcon
[WARNING DRT-0349] LEF58_ENCLOSURE with no CUTCLASS is not supported. Skipping for layer mcon
[WARNING DRT-0349] LEF58_ENCLOSURE with no CUTCLASS is not supported. Skipping for layer via
[WARNING DRT-0349] LEF58_ENCLOSURE with no CUTCLASS is not supported. Skipping for layer via
[WARNING DRT-0349] LEF58_ENCLOSURE with no CUTCLASS is not supported. Skipping for layer via2
[WARNING DRT-0349] LEF58_ENCLOSURE with no CUTCLASS is not supported. Skipping for layer via2
[WARNING DRT-0349] LEF58_ENCLOSURE with no CUTCLASS is not supported. Skipping for layer via3
[WARNING DRT-0349] LEF58_ENCLOSURE with no CUTCLASS is not supported. Skipping for layer via3
[WARNING DRT-0349] LEF58_ENCLOSURE with no CUTCLASS is not supported. Skipping for layer via4
[WARNING DRT-0349] LEF58_ENCLOSURE with no CUTCLASS is not supported. Skipping for layer via4

Units:                1000
Number of layers:     13
Number of macros:     442
Number of vias:       30
Number of viarulegen: 25

[INFO DRT-0150] Reading design.

Design:                   counter
Die area:                 ( 0 0 ) ( 560000 370000 )
Number of track patterns: 12
Number of DEF vias:       0
Number of components:     1433
Number of terminals:      45
Number of snets:          2
Number of nets:           155

[WARNING DRT-0418] Term mem_i/addr0[3] has no pins on routing grid
[WARNING DRT-0418] Term mem_i/addr0[4] has no pins on routing grid
[WARNING DRT-0418] Term mem_i/addr0[7] has no pins on routing grid
[WARNING DRT-0418] Term mem_i/clk1 has no pins on routing grid
[WARNING DRT-0418] Term mem_i/dout1[0] has no pins on routing grid
[WARNING DRT-0418] Term mem_i/dout1[1] has no pins on routing grid
[WARNING DRT-0418] Term mem_i/dout1[3] has no pins on routing grid
[WARNING DRT-0418] Term mem_i/dout1[5] has no pins on routing grid
[WARNING DRT-0418] Term mem_i/dout1[7] has no pins on routing grid
[WARNING DRT-0418] Term mem_i/dout1[8] has no pins on routing grid
[WARNING DRT-0418] Term mem_i/dout1[10] has no pins on routing grid
[WARNING DRT-0418] Term mem_i/dout1[12] has no pins on routing grid
[WARNING DRT-0418] Term mem_i/dout1[14] has no pins on routing grid
[WARNING DRT-0418] Term mem_i/dout1[15] has no pins on routing grid
[INFO DRT-0167] List of default vias:
  Layer via
    default via: M1M2_PR
  Layer via2
    default via: M2M3_PR
  Layer via3
    default via: M3M4_PR
  Layer via4
    default via: M4M5_PR
[INFO DRT-0162] Library cell analysis.
[INFO DRT-0163] Instance analysis.
[INFO DRT-0164] Number of unique instances = 43.
[INFO DRT-0168] Init region query.
[INFO DRT-0024]   Complete FR_MASTERSLICE.
[INFO DRT-0024]   Complete licon.
[INFO DRT-0024]   Complete li1.
[INFO DRT-0024]   Complete mcon.
[INFO DRT-0024]   Complete met1.
[INFO DRT-0024]   Complete via.
[INFO DRT-0024]   Complete met2.
[INFO DRT-0024]   Complete via2.
[INFO DRT-0024]   Complete met3.
[INFO DRT-0024]   Complete via3.
[INFO DRT-0024]   Complete met4.
[INFO DRT-0024]   Complete via4.
[INFO DRT-0024]   Complete met5.
[INFO DRT-0033] FR_MASTERSLICE shape region query size = 0.
[INFO DRT-0033] licon shape region query size = 0.
[INFO DRT-0033] li1 shape region query size = 10001.
[INFO DRT-0033] mcon shape region query size = 0.
[INFO DRT-0033] met1 shape region query size = 3744.
[INFO DRT-0033] via shape region query size = 1540.
[INFO DRT-0033] met2 shape region query size = 959.
[INFO DRT-0033] via2 shape region query size = 1232.
[INFO DRT-0033] met3 shape region query size = 973.
[INFO DRT-0033] via3 shape region query size = 1232.
[INFO DRT-0033] met4 shape region query size = 464.
[INFO DRT-0033] via4 shape region query size = 24.
[INFO DRT-0033] met5 shape region query size = 36.
[INFO DRT-0165] Start pin access.
[INFO DRT-0078]   Complete 149 pins.
[INFO DRT-0081]   Complete 36 unique inst patterns.
[INFO DRT-0084]   Complete 126 groups.
#scanned instances     = 1433
#unique  instances     = 43
#stdCellGenAp          = 965
#stdCellValidPlanarAp  = 24
#stdCellValidViaAp     = 616
#stdCellPinNoAp        = 0
#stdCellPinCnt         = 294
#instTermValidViaApCnt = 0
#macroGenAp            = 115
#macroValidPlanarAp    = 99
#macroValidViaAp       = 0
#macroNoAp             = 0
[INFO DRT-0166] Complete pin access.
[INFO DRT-0267] cpu time = 00:00:08, elapsed time = 00:00:01, memory = 142.56 (MB), peak = 142.56 (MB)

[INFO DRT-0157] Number of guides:     1128

[INFO DRT-0169] Post process guides.
[INFO DRT-0176] GCELLGRID X 0 DO 81 STEP 6900 ;
[INFO DRT-0177] GCELLGRID Y 0 DO 53 STEP 6900 ;
[INFO DRT-0028]   Complete FR_MASTERSLICE.
[INFO DRT-0028]   Complete licon.
[INFO DRT-0028]   Complete li1.
[INFO DRT-0028]   Complete mcon.
[INFO DRT-0028]   Complete met1.
[INFO DRT-0028]   Complete via.
[INFO DRT-0028]   Complete met2.
[INFO DRT-0028]   Complete via2.
[INFO DRT-0028]   Complete met3.
[INFO DRT-0028]   Complete via3.
[INFO DRT-0028]   Complete met4.
[INFO DRT-0028]   Complete via4.
[INFO DRT-0028]   Complete met5.
[INFO DRT-0178] Init guide query.
[INFO DRT-0035]   Complete FR_MASTERSLICE (guide).
[INFO DRT-0035]   Complete licon (guide).
[INFO DRT-0035]   Complete li1 (guide).
[INFO DRT-0035]   Complete mcon (guide).
[INFO DRT-0035]   Complete met1 (guide).
[INFO DRT-0035]   Complete via (guide).
[INFO DRT-0035]   Complete met2 (guide).
[INFO DRT-0035]   Complete via2 (guide).
[INFO DRT-0035]   Complete met3 (guide).
[INFO DRT-0035]   Complete via3 (guide).
[INFO DRT-0035]   Complete met4 (guide).
[INFO DRT-0035]   Complete via4 (guide).
[INFO DRT-0035]   Complete met5 (guide).
[INFO DRT-0036] FR_MASTERSLICE guide region query size = 0.
[INFO DRT-0036] licon guide region query size = 0.
[INFO DRT-0036] li1 guide region query size = 312.
[INFO DRT-0036] mcon guide region query size = 0.
[INFO DRT-0036] met1 guide region query size = 306.
[INFO DRT-0036] via guide region query size = 0.
[INFO DRT-0036] met2 guide region query size = 207.
[INFO DRT-0036] via2 guide region query size = 0.
[INFO DRT-0036] met3 guide region query size = 68.
[INFO DRT-0036] via3 guide region query size = 0.
[INFO DRT-0036] met4 guide region query size = 41.
[INFO DRT-0036] via4 guide region query size = 0.
[INFO DRT-0036] met5 guide region query size = 0.
[INFO DRT-0179] Init gr pin query.
[INFO DRT-0245] skipped writing guide updates to database.
[INFO DRT-0185] Post process initialize RPin region query.
[INFO DRT-0181] Start track assignment.
[INFO DRT-0184] Done with 560 vertical wires in 2 frboxes and 374 horizontal wires in 2 frboxes.
[INFO DRT-0186] Done with 24 vertical wires in 2 frboxes and 60 horizontal wires in 2 frboxes.
[INFO DRT-0182] Complete track assignment.
[INFO DRT-0267] cpu time = 00:00:02, elapsed time = 00:00:00, memory = 152.75 (MB), peak = 152.75 (MB)
[INFO DRT-0187] Start routing data preparation.
[INFO DRT-0267] cpu time = 00:00:00, elapsed time = 00:00:00, memory = 152.75 (MB), peak = 152.75 (MB)
[INFO DRT-0194] Start detail routing.
[INFO DRT-0195] Start 0th optimization iteration.
    Completing 10% with 0 violations.
    elapsed time = 00:00:00, memory = 199.95 (MB).
    Completing 20% with 0 violations.
    elapsed time = 00:00:00, memory = 182.27 (MB).
    Completing 30% with 10 violations.
    elapsed time = 00:00:00, memory = 188.37 (MB).
    Completing 40% with 10 violations.
    elapsed time = 00:00:00, memory = 200.34 (MB).
    Completing 50% with 10 violations.
    elapsed time = 00:00:00, memory = 200.59 (MB).
    Completing 60% with 16 violations.
    elapsed time = 00:00:00, memory = 203.17 (MB).
    Completing 70% with 16 violations.
    elapsed time = 00:00:00, memory = 210.32 (MB).
    Completing 80% with 23 violations.
    elapsed time = 00:00:00, memory = 211.61 (MB).
    Completing 90% with 23 violations.
    elapsed time = 00:00:00, memory = 212.12 (MB).
    Completing 100% with 27 violations.
    elapsed time = 00:00:00, memory = 213.93 (MB).
[INFO DRT-0199]   Number of violations = 43.
Viol/Layer        met1   met2   met3   met4
Metal Spacing        4      2      2      2
Recheck             12      4      0      0
Short               17      0      0      0
[INFO DRT-0267] cpu time = 00:00:07, elapsed time = 00:00:00, memory = 557.14 (MB), peak = 568.98 (MB)
Total wire length = 6974 um.
Total wire length on LAYER li1 = 0 um.
Total wire length on LAYER met1 = 2221 um.
Total wire length on LAYER met2 = 3418 um.
Total wire length on LAYER met3 = 842 um.
Total wire length on LAYER met4 = 492 um.
Total wire length on LAYER met5 = 0 um.
Total number of vias = 843.
Up-via summary (total 843):

----------------------
 FR_MASTERSLICE      0
            li1    380
           met1    348
           met2     69
           met3     46
           met4      0
----------------------
                   843


[INFO DRT-0195] Start 1st optimization iteration.
    Completing 10% with 43 violations.
    elapsed time = 00:00:00, memory = 557.14 (MB).
    Completing 20% with 43 violations.
    elapsed time = 00:00:00, memory = 557.14 (MB).
    Completing 30% with 43 violations.
    elapsed time = 00:00:00, memory = 562.49 (MB).
    Completing 40% with 43 violations.
    elapsed time = 00:00:00, memory = 563.00 (MB).
    Completing 50% with 43 violations.
    elapsed time = 00:00:00, memory = 563.26 (MB).
    Completing 60% with 32 violations.
    elapsed time = 00:00:00, memory = 566.80 (MB).
    Completing 70% with 32 violations.
    elapsed time = 00:00:00, memory = 566.80 (MB).
    Completing 80% with 26 violations.
    elapsed time = 00:00:00, memory = 567.06 (MB).
    Completing 90% with 26 violations.
    elapsed time = 00:00:00, memory = 572.65 (MB).
    Completing 100% with 8 violations.
    elapsed time = 00:00:00, memory = 573.17 (MB).
[INFO DRT-0199]   Number of violations = 8.
Viol/Layer        met1   met4
Metal Spacing        0      1
Short                7      0
[INFO DRT-0267] cpu time = 00:00:05, elapsed time = 00:00:00, memory = 573.31 (MB), peak = 585.10 (MB)
Total wire length = 6964 um.
Total wire length on LAYER li1 = 0 um.
Total wire length on LAYER met1 = 2247 um.
Total wire length on LAYER met2 = 3508 um.
Total wire length on LAYER met3 = 800 um.
Total wire length on LAYER met4 = 408 um.
Total wire length on LAYER met5 = 0 um.
Total number of vias = 842.
Up-via summary (total 842):

----------------------
 FR_MASTERSLICE      0
            li1    380
           met1    349
           met2     68
           met3     45
           met4      0
----------------------
                   842


[INFO DRT-0195] Start 2nd optimization iteration.
    Completing 10% with 8 violations.
    elapsed time = 00:00:00, memory = 573.31 (MB).
    Completing 20% with 8 violations.
    elapsed time = 00:00:00, memory = 573.31 (MB).
    Completing 30% with 8 violations.
    elapsed time = 00:00:00, memory = 573.31 (MB).
    Completing 40% with 8 violations.
    elapsed time = 00:00:00, memory = 573.31 (MB).
    Completing 50% with 8 violations.
    elapsed time = 00:00:00, memory = 573.31 (MB).
    Completing 60% with 5 violations.
    elapsed time = 00:00:00, memory = 573.57 (MB).
    Completing 70% with 5 violations.
    elapsed time = 00:00:00, memory = 573.57 (MB).
    Completing 80% with 5 violations.
    elapsed time = 00:00:00, memory = 573.57 (MB).
    Completing 90% with 5 violations.
    elapsed time = 00:00:00, memory = 573.57 (MB).
    Completing 100% with 9 violations.
    elapsed time = 00:00:00, memory = 573.83 (MB).
[INFO DRT-0199]   Number of violations = 9.
Viol/Layer        met1
Metal Spacing        1
Short                8
[INFO DRT-0267] cpu time = 00:00:03, elapsed time = 00:00:00, memory = 573.77 (MB), peak = 585.74 (MB)
Total wire length = 6971 um.
Total wire length on LAYER li1 = 0 um.
Total wire length on LAYER met1 = 2247 um.
Total wire length on LAYER met2 = 3521 um.
Total wire length on LAYER met3 = 806 um.
Total wire length on LAYER met4 = 396 um.
Total wire length on LAYER met5 = 0 um.
Total number of vias = 840.
Up-via summary (total 840):

----------------------
 FR_MASTERSLICE      0
            li1    380
           met1    348
           met2     67
           met3     45
           met4      0
----------------------
                   840


[INFO DRT-0195] Start 3rd optimization iteration.
    Completing 10% with 9 violations.
    elapsed time = 00:00:00, memory = 573.77 (MB).
    Completing 20% with 9 violations.
    elapsed time = 00:00:00, memory = 573.77 (MB).
    Completing 30% with 0 violations.
    elapsed time = 00:00:00, memory = 573.77 (MB).
    Completing 40% with 0 violations.
    elapsed time = 00:00:00, memory = 573.77 (MB).
    Completing 50% with 0 violations.
    elapsed time = 00:00:00, memory = 573.77 (MB).
    Completing 60% with 0 violations.
    elapsed time = 00:00:00, memory = 573.77 (MB).
    Completing 70% with 0 violations.
    elapsed time = 00:00:00, memory = 573.77 (MB).
    Completing 80% with 0 violations.
    elapsed time = 00:00:00, memory = 573.77 (MB).
    Completing 90% with 0 violations.
    elapsed time = 00:00:00, memory = 573.77 (MB).
    Completing 100% with 0 violations.
    elapsed time = 00:00:00, memory = 573.77 (MB).
[INFO DRT-0199]   Number of violations = 0.
[INFO DRT-0267] cpu time = 00:00:02, elapsed time = 00:00:00, memory = 573.77 (MB), peak = 585.74 (MB)
Total wire length = 6973 um.
Total wire length on LAYER li1 = 0 um.
Total wire length on LAYER met1 = 2247 um.
Total wire length on LAYER met2 = 3522 um.
Total wire length on LAYER met3 = 806 um.
Total wire length on LAYER met4 = 396 um.
Total wire length on LAYER met5 = 0 um.
Total number of vias = 844.
Up-via summary (total 844):

----------------------
 FR_MASTERSLICE      0
            li1    380
           met1    352
           met2     67
           met3     45
           met4      0
----------------------
                   844


[INFO DRT-0198] Complete detail routing.
Total wire length = 6973 um.
Total wire length on LAYER li1 = 0 um.
Total wire length on LAYER met1 = 2247 um.
Total wire length on LAYER met2 = 3522 um.
Total wire length on LAYER met3 = 806 um.
Total wire length on LAYER met4 = 396 um.
Total wire length on LAYER met5 = 0 um.
Total number of vias = 844.
Up-via summary (total 844):

----------------------
 FR_MASTERSLICE      0
            li1    380
           met1    352
           met2     67
           met3     45
           met4      0
----------------------
                   844


[INFO DRT-0267] cpu time = 00:00:19, elapsed time = 00:00:01, memory = 573.77 (MB), peak = 585.74 (MB)

[INFO DRT-0180] Post processing.
Setting global connections for newly added cells…
[INFO] Setting global connections...
mem_i matched with mem_i
Updating metrics…
Cell type report:                       Count       Area
  Macro                                     1  123515.34
  Fill cell                               470    1764.19
  Tap cell                                739     924.64
  Antenna cell                            110     275.26
  Clock buffer                              3      75.07
  Timing Repair Buffer                     45     203.95
  Inverter                                 25      93.84
  Clock inverter                            1      30.03
  Sequential cell                          24     620.60
  Multi-Input combinational cell           15      96.34
  Total                                  1433  127599.26
Writing OpenROAD database to '/home/thanh/NCO/runs/RUN_2025-03-04_07-10-12/660-openroad-detailedrouting/counter.odb'…
Writing netlist to '/home/thanh/NCO/runs/RUN_2025-03-04_07-10-12/660-openroad-detailedrouting/counter.nl.v'…
Writing powered netlist to '/home/thanh/NCO/runs/RUN_2025-03-04_07-10-12/660-openroad-detailedrouting/counter.pnl.v'…
Writing layout to '/home/thanh/NCO/runs/RUN_2025-03-04_07-10-12/660-openroad-detailedrouting/counter.def'…
Writing timing constraints to '/home/thanh/NCO/runs/RUN_2025-03-04_07-10-12/660-openroad-detailedrouting/counter.sdc'…
