
===========================================================================
report_checks -unconstrained
===========================================================================
======================= max_tt_025C_1v80 Corner ===================================

Startpoint: rst (input port clocked by clk)
Endpoint: _098_ (recovery check against rising-edge clock clk)
Path Group: asynchronous
Path Type: max

Fanout         Cap        Slew       Delay        Time   Description
---------------------------------------------------------------------------------------------
                                  0.000000    0.000000   clock clk (rise edge)
                                  0.000000    0.000000   clock network delay (propagated)
                                  2.000000    2.000000 v input external delay
     1    0.002704    0.008394    0.004312    2.004312 v rst (in)
                                                         rst (net)
                      0.008400    0.000000    2.004312 v input1/A (sky130_fd_sc_hd__clkbuf_1)
     1    0.003254    0.028789    0.074529    2.078841 v input1/X (sky130_fd_sc_hd__clkbuf_1)
                                                         net1 (net)
                      0.028789    0.000138    2.078979 v fanout20/A (sky130_fd_sc_hd__buf_4)
     6    0.092795    0.124117    0.197911    2.276890 v fanout20/X (sky130_fd_sc_hd__buf_4)
                                                         net20 (net)
                      0.137967    0.031674    2.308564 v fanout18/A (sky130_fd_sc_hd__buf_4)
    10    0.074897    0.101579    0.246216    2.554781 v fanout18/X (sky130_fd_sc_hd__buf_4)
                                                         net18 (net)
                      0.103062    0.009775    2.564556 v _074_/A (sky130_fd_sc_hd__inv_2)
     1    0.010657    0.061362    0.090365    2.654921 ^ _074_/Y (sky130_fd_sc_hd__inv_2)
                                                         _027_ (net)
                      0.061366    0.000556    2.655477 ^ _098_/RESET_B (sky130_fd_sc_hd__dfrtp_1)
                                              2.655477   data arrival time

                                 10.000000   10.000000   clock clk (rise edge)
                                  0.000000   10.000000   clock source latency
     1    0.076890    0.348948    0.253150   10.253151 ^ clk (in)
                                                         clk (net)
                      0.351984    0.000000   10.253151 ^ clkbuf_0_clk/A (sky130_fd_sc_hd__clkbuf_16)
     2    0.032038    0.058291    0.225038   10.478189 ^ clkbuf_0_clk/X (sky130_fd_sc_hd__clkbuf_16)
                                                         clknet_0_clk (net)
                      0.058291    0.001222   10.479410 ^ clkbuf_1_0__f_clk/A (sky130_fd_sc_hd__clkbuf_16)
    14    0.108151    0.122827    0.188288   10.667698 ^ clkbuf_1_0__f_clk/X (sky130_fd_sc_hd__clkbuf_16)
                                                         clknet_1_0__leaf_clk (net)
                      0.125337    0.013662   10.681360 ^ _098_/CLK (sky130_fd_sc_hd__dfrtp_1)
                                 -0.250000   10.431360   clock uncertainty
                                  0.000000   10.431360   clock reconvergence pessimism
                                  0.250779   10.682139   library recovery time
                                             10.682139   data required time
---------------------------------------------------------------------------------------------
                                             10.682139   data required time
                                             -2.655477   data arrival time
---------------------------------------------------------------------------------------------
                                              8.026662   slack (MET)


Startpoint: _098_ (rising edge-triggered flip-flop clocked by clk)
Endpoint: sine_out[1] (output port clocked by clk)
Path Group: clk
Path Type: max

Fanout         Cap        Slew       Delay        Time   Description
---------------------------------------------------------------------------------------------
                                  0.000000    0.000000   clock clk (rise edge)
                                  0.000000    0.000000   clock source latency
     1    0.076890    0.348948    0.253150    0.253150 ^ clk (in)
                                                         clk (net)
                      0.351984    0.000000    0.253150 ^ clkbuf_0_clk/A (sky130_fd_sc_hd__clkbuf_16)
     2    0.032038    0.058291    0.225038    0.478188 ^ clkbuf_0_clk/X (sky130_fd_sc_hd__clkbuf_16)
                                                         clknet_0_clk (net)
                      0.058291    0.001222    0.479410 ^ clkbuf_1_0__f_clk/A (sky130_fd_sc_hd__clkbuf_16)
    14    0.108151    0.122827    0.188288    0.667698 ^ clkbuf_1_0__f_clk/X (sky130_fd_sc_hd__clkbuf_16)
                                                         clknet_1_0__leaf_clk (net)
                      0.125337    0.013661    0.681360 ^ _098_/CLK (sky130_fd_sc_hd__dfrtp_1)
     2    0.017323    0.160520    0.436575    1.117935 ^ _098_/Q (sky130_fd_sc_hd__dfrtp_1)
                                                         net9 (net)
                      0.160538    0.001794    1.119729 ^ output9/A (sky130_fd_sc_hd__buf_2)
     1    0.034094    0.170003    0.235684    1.355413 ^ output9/X (sky130_fd_sc_hd__buf_2)
                                                         sine_out[1] (net)
                      0.170017    0.001616    1.357028 ^ sine_out[1] (out)
                                              1.357028   data arrival time

                                 10.000000   10.000000   clock clk (rise edge)
                                  0.000000   10.000000   clock network delay (propagated)
                                 -0.250000    9.750000   clock uncertainty
                                  0.000000    9.750000   clock reconvergence pessimism
                                 -2.000000    7.750000   output external delay
                                              7.750000   data required time
---------------------------------------------------------------------------------------------
                                              7.750000   data required time
                                             -1.357028   data arrival time
---------------------------------------------------------------------------------------------
                                              6.392972   slack (MET)




===========================================================================
report_checks --slack_max -0.01
============================================================================
======================= max_tt_025C_1v80 Corner ===================================

No paths found.


===========================================================================
 report_check_types -max_slew -max_cap -max_fanout -violators
============================================================================
======================= max_tt_025C_1v80 Corner ===================================

max fanout

Pin                                   Limit Fanout  Slack
---------------------------------------------------------
clkbuf_1_0__f_clk/X                      10     14     -4 (VIOLATED)
clkbuf_1_1__f_clk/X                      10     14     -4 (VIOLATED)



===========================================================================
report_parasitic_annotation -report_unannotated
============================================================================
Found 2 unannotated drivers.
 clkload0/X
 mem_i_21/HI
Found 32 partially unannotated drivers.
 addr0[0]
  mem_i/addr0[7]
 addr0[1]
  mem_i/addr0[6]
 addr0[2]
  mem_i/addr0[5]
 addr0[3]
  mem_i/addr0[4]
 addr0[4]
  mem_i/addr0[3]
 addr0[5]
  mem_i/addr0[2]
 addr0[6]
  mem_i/addr0[1]
 addr0[7]
  mem_i/addr0[0]
 din0[0]
  mem_i/din0[15]
 din0[10]
  mem_i/din0[5]
 din0[11]
  mem_i/din0[4]
 din0[12]
  mem_i/din0[3]
 din0[13]
  mem_i/din0[2]
 din0[14]
  mem_i/din0[1]
 din0[15]
  mem_i/din0[0]
 din0[1]
  mem_i/din0[14]
 din0[2]
  mem_i/din0[13]
 din0[3]
  mem_i/din0[12]
 din0[4]
  mem_i/din0[11]
 din0[5]
  mem_i/din0[10]
 din0[6]
  mem_i/din0[9]
 din0[7]
  mem_i/din0[8]
 din0[8]
  mem_i/din0[7]
 din0[9]
  mem_i/din0[6]
 _089_/Q
  mem_i/addr1[7]
 _090_/Q
  mem_i/addr1[6]
 _091_/Q
  mem_i/addr1[5]
 _092_/Q
  mem_i/addr1[4]
 _093_/Q
  mem_i/addr1[3]
 _094_/Q
  mem_i/addr1[2]
 _095_/Q
  mem_i/addr1[1]
 _096_/Q
  mem_i/addr1[0]

===========================================================================
max slew violation count 0
max fanout violation count 2
max cap violation count 0
============================================================================

===========================================================================
check_setup -verbose -unconstrained_endpoints -multiple_clock -no_clock -no_input_delay -loops -generated_clocks
===========================================================================
Warning: There are 16 unconstrained endpoints.
  _079_/D
  _080_/D
  _081_/D
  _082_/D
  _083_/D
  _084_/D
  _085_/D
  _086_/D
  _087_/D
  _088_/D
  _097_/D
  _098_/D
  _099_/D
  _100_/D
  _101_/D
  _102_/D
