Clock: clk
Sources: clk 
Generated: no
Virtual: yes
Propagated: no
Period: 10.000000

===========================================================================
report_clock_properties
============================================================================
Clock                   Period          Waveform
----------------------------------------------------
clk                  10.000000    0.000000  5.000000

===========================================================================
report_clock_latency
============================================================================
Clock clk
rise -> rise
    min     max
0.000000 0.000000 source latency
0.547568         network latency _091_/CLK
        0.556803 network latency _097_/CLK
---------------
0.547568 0.556803 latency
        0.009235 skew

fall -> fall
    min     max
0.000000 0.000000 source latency
0.457617         network latency _091_/CLK
        0.462897 network latency _097_/CLK
---------------
0.457617 0.462897 latency
        0.005280 skew



===========================================================================
report_clock_min_period
============================================================================
clk period_min = 1.63 fmax = 614.30
