Clock: clk
Sources: clk 
Generated: no
Virtual: yes
Propagated: no
Period: 5.000000

===========================================================================
report_clock_properties
============================================================================
Clock                   Period          Waveform
----------------------------------------------------
clk                   5.000000    0.000000  2.500000

===========================================================================
report_clock_latency
============================================================================
Clock clk
rise -> rise
    min     max
0.000000 0.000000 source latency
1.291088         network latency mem_i0/clk1
        1.346054 network latency mem_i1/clk1
---------------
1.291088 1.346054 latency
        0.054966 skew

fall -> fall
    min     max
0.000000 0.000000 source latency
1.059107         network latency mem_i0/clk1
        1.101594 network latency mem_i1/clk1
---------------
1.059107 1.101594 latency
        0.042487 skew



===========================================================================
report_clock_min_period
============================================================================
clk period_min = 3.81 fmax = 262.21
