
===========================================================================
report_checks -unconstrained
===========================================================================
======================= nom_tt_025C_1v80 Corner ===================================

Startpoint: rst (input port clocked by clk)
Endpoint: _081_ (recovery check against rising-edge clock clk)
Path Group: asynchronous
Path Type: max

Fanout         Cap        Slew       Delay        Time   Description
---------------------------------------------------------------------------------------------
                                  0.000000    0.000000   clock clk (rise edge)
                                  0.000000    0.000000   clock network delay (propagated)
                                  2.500000    2.500000 v input external delay
     2    0.004514    0.012575    0.007313    2.507313 v rst (in)
                                                         rst (net)
                      0.012580    0.000000    2.507313 v input26/A (sky130_fd_sc_hd__clkbuf_1)
     1    0.006611    0.046639    0.091448    2.598761 v input26/X (sky130_fd_sc_hd__clkbuf_1)
                                                         net26 (net)
                      0.046640    0.000298    2.599059 v fanout93/A (sky130_fd_sc_hd__clkbuf_8)
    21    0.088232    0.100798    0.201144    2.800203 v fanout93/X (sky130_fd_sc_hd__clkbuf_8)
                                                         net93 (net)
                      0.102728    0.011048    2.811251 v fanout91/A (sky130_fd_sc_hd__buf_4)
    10    0.053545    0.079128    0.214110    3.025361 v fanout91/X (sky130_fd_sc_hd__buf_4)
                                                         net91 (net)
                      0.079173    0.001762    3.027124 v _057_/A (sky130_fd_sc_hd__inv_2)
     1    0.006852    0.043486    0.067311    3.094434 ^ _057_/Y (sky130_fd_sc_hd__inv_2)
                                                         _010_ (net)
                      0.043487    0.000296    3.094730 ^ _081_/RESET_B (sky130_fd_sc_hd__dfrtp_1)
                                              3.094730   data arrival time

                                  5.000000    5.000000   clock clk (rise edge)
                                  0.000000    5.000000   clock source latency
     2    0.051547    0.236740    0.170683    5.170683 ^ clk (in)
                                                         clk (net)
                      0.238105    0.000000    5.170683 ^ clkbuf_0_clk/A (sky130_fd_sc_hd__clkbuf_16)
     5    0.050081    0.070966    0.211071    5.381754 ^ clkbuf_0_clk/X (sky130_fd_sc_hd__clkbuf_16)
                                                         clknet_0_clk (net)
                      0.070991    0.000952    5.382706 ^ clkbuf_1_0__f_clk/A (sky130_fd_sc_hd__clkbuf_16)
    31    0.110221    0.124217    0.197264    5.579969 ^ clkbuf_1_0__f_clk/X (sky130_fd_sc_hd__clkbuf_16)
                                                         clknet_1_0__leaf_clk (net)
                      0.124520    0.004960    5.584929 ^ _081_/CLK (sky130_fd_sc_hd__dfrtp_1)
                                 -0.250000    5.334929   clock uncertainty
                                  0.000000    5.334929   clock reconvergence pessimism
                                  0.255099    5.590028   library recovery time
                                              5.590028   data required time
---------------------------------------------------------------------------------------------
                                              5.590028   data required time
                                             -3.094730   data arrival time
---------------------------------------------------------------------------------------------
                                              2.495298   slack (MET)


Startpoint: _080_ (rising edge-triggered flip-flop clocked by clk)
Endpoint: sine_out[4] (output port clocked by clk)
Path Group: clk
Path Type: max

Fanout         Cap        Slew       Delay        Time   Description
---------------------------------------------------------------------------------------------
                                  0.000000    0.000000   clock clk (rise edge)
                                  0.000000    0.000000   clock source latency
     2    0.051547    0.236740    0.170683    0.170683 ^ clk (in)
                                                         clk (net)
                      0.238105    0.000000    0.170683 ^ clkbuf_0_clk/A (sky130_fd_sc_hd__clkbuf_16)
     5    0.050081    0.070966    0.211071    0.381754 ^ clkbuf_0_clk/X (sky130_fd_sc_hd__clkbuf_16)
                                                         clknet_0_clk (net)
                      0.070991    0.000951    0.382705 ^ clkbuf_1_0__f_clk/A (sky130_fd_sc_hd__clkbuf_16)
    31    0.110221    0.124217    0.197264    0.579969 ^ clkbuf_1_0__f_clk/X (sky130_fd_sc_hd__clkbuf_16)
                                                         clknet_1_0__leaf_clk (net)
                      0.124579    0.005382    0.585351 ^ _080_/CLK (sky130_fd_sc_hd__dfrtp_1)
     1    0.004979    0.048926    0.394780    0.980130 v _080_/Q (sky130_fd_sc_hd__dfrtp_1)
                                                         net37 (net)
                      0.048926    0.000214    0.980345 v output37/A (sky130_fd_sc_hd__clkbuf_1)
     1    0.003582    0.030584    0.093055    1.073399 v output37/X (sky130_fd_sc_hd__clkbuf_1)
                                                         net59 (net)
                      0.030584    0.000098    1.073497 v wire59/A (sky130_fd_sc_hd__clkbuf_1)
     1    0.001393    0.019502    0.073236    1.146733 v wire59/X (sky130_fd_sc_hd__clkbuf_1)
                                                         sine_out[4] (net)
                      0.019502    0.000026    1.146759 v sine_out[4] (out)
                                              1.146759   data arrival time

                                  5.000000    5.000000   clock clk (rise edge)
                                  0.000000    5.000000   clock network delay (propagated)
                                 -0.250000    4.750000   clock uncertainty
                                  0.000000    4.750000   clock reconvergence pessimism
                                 -2.250000    2.500000   output external delay
                                              2.500000   data required time
---------------------------------------------------------------------------------------------
                                              2.500000   data required time
                                             -1.146759   data arrival time
---------------------------------------------------------------------------------------------
                                              1.353241   slack (MET)




===========================================================================
report_checks --slack_max -0.01
============================================================================
======================= nom_tt_025C_1v80 Corner ===================================

No paths found.


===========================================================================
 report_check_types -max_slew -max_cap -max_fanout -violators
============================================================================
======================= nom_tt_025C_1v80 Corner ===================================

max slew

Pin                                        Limit        Slew       Slack
------------------------------------------------------------------------
clkbuf_0_clk/A                          0.040000    0.238105   -0.198105 (VIOLATED)
ANTENNA_clkbuf_0_clk_A/DIODE            0.040000    0.238080   -0.198080 (VIOLATED)
clk                                     0.040000    0.236740   -0.196740 (VIOLATED)
mem_i/addr0[7]                          0.040000    0.193950   -0.153950 (VIOLATED)
mem_i/addr0[6]                          0.040000    0.191300   -0.151300 (VIOLATED)
mem_i/addr0[2]                          0.040000    0.190325   -0.150325 (VIOLATED)
mem_i/din0[12]                          0.040000    0.185630   -0.145630 (VIOLATED)
mem_i/addr0[3]                          0.040000    0.183887   -0.143887 (VIOLATED)
mem_i/csb0                              0.040000    0.182646   -0.142646 (VIOLATED)
mem_i/addr0[5]                          0.040000    0.181590   -0.141590 (VIOLATED)
mem_i/addr0[4]                          0.040000    0.181386   -0.141386 (VIOLATED)
mem_i/addr0[0]                          0.040000    0.179022   -0.139022 (VIOLATED)
mem_i/din0[11]                          0.040000    0.178446   -0.138446 (VIOLATED)
mem_i/din0[5]                           0.040000    0.177767   -0.137767 (VIOLATED)
mem_i/din0[4]                           0.040000    0.177217   -0.137217 (VIOLATED)
mem_i/addr0[1]                          0.040000    0.177187   -0.137187 (VIOLATED)
mem_i/din0[10]                          0.040000    0.176637   -0.136637 (VIOLATED)
mem_i/din0[6]                           0.040000    0.175957   -0.135957 (VIOLATED)
mem_i/din0[13]                          0.040000    0.175950   -0.135950 (VIOLATED)
_062_/A                                 0.040000    0.175776   -0.135776 (VIOLATED)
_063_/A                                 0.040000    0.175775   -0.135775 (VIOLATED)
_064_/A                                 0.040000    0.175774   -0.135774 (VIOLATED)
_065_/A                                 0.040000    0.175773   -0.135773 (VIOLATED)
_066_/A                                 0.040000    0.175770   -0.135770 (VIOLATED)
_067_/A                                 0.040000    0.175770   -0.135770 (VIOLATED)
fanout92/X                              0.040000    0.175770   -0.135770 (VIOLATED)
mem_i/din0[3]                           0.040000    0.175410   -0.135410 (VIOLATED)
mem_i/addr1[4]                          0.040000    0.174581   -0.134581 (VIOLATED)
mem_i/addr1[5]                          0.040000    0.174285   -0.134285 (VIOLATED)
mem_i/din0[0]                           0.040000    0.174158   -0.134158 (VIOLATED)
mem_i/din0[7]                           0.040000    0.174150   -0.134150 (VIOLATED)
mem_i/din0[9]                           0.040000    0.173608   -0.133608 (VIOLATED)
mem_i/din0[8]                           0.040000    0.173239   -0.133238 (VIOLATED)
mem_i/clk0                              0.040000    0.173205   -0.133205 (VIOLATED)
mem_i/din0[2]                           0.040000    0.172679   -0.132679 (VIOLATED)
mem_i/din0[1]                           0.040000    0.172350   -0.132350 (VIOLATED)
mem_i/din0[15]                          0.040000    0.171808   -0.131808 (VIOLATED)
mem_i/din0[14]                          0.040000    0.171230   -0.131230 (VIOLATED)
mem_i/addr1[6]                          0.040000    0.170375   -0.130375 (VIOLATED)
mem_i/addr1[1]                          0.040000    0.167316   -0.127316 (VIOLATED)
fanout91/A                              0.040000    0.165848   -0.125848 (VIOLATED)
ANTENNA_fanout91_A/DIODE                0.040000    0.165839   -0.125839 (VIOLATED)
mem_i/addr1[3]                          0.040000    0.165807   -0.125807 (VIOLATED)
fanout92/A                              0.040000    0.165778   -0.125778 (VIOLATED)
ANTENNA_fanout92_A/DIODE                0.040000    0.165760   -0.125760 (VIOLATED)
_068_/A                                 0.040000    0.165551   -0.125551 (VIOLATED)
ANTENNA__068__A/DIODE                   0.040000    0.165511   -0.125510 (VIOLATED)
_069_/A                                 0.040000    0.164995   -0.124995 (VIOLATED)
ANTENNA__069__A/DIODE                   0.040000    0.164991   -0.124991 (VIOLATED)
_070_/A                                 0.040000    0.164759   -0.124759 (VIOLATED)
ANTENNA__070__A/DIODE                   0.040000    0.164756   -0.124756 (VIOLATED)
_071_/A                                 0.040000    0.164656   -0.124656 (VIOLATED)
ANTENNA__071__A/DIODE                   0.040000    0.164654   -0.124654 (VIOLATED)
_072_/A                                 0.040000    0.164640   -0.124640 (VIOLATED)
ANTENNA__072__A/DIODE                   0.040000    0.164638   -0.124638 (VIOLATED)
_075_/A                                 0.040000    0.164621   -0.124621 (VIOLATED)
ANTENNA__075__A/DIODE                   0.040000    0.164621   -0.124620 (VIOLATED)
_074_/A                                 0.040000    0.164617   -0.124617 (VIOLATED)
ANTENNA__074__A/DIODE                   0.040000    0.164616   -0.124616 (VIOLATED)
_073_/A                                 0.040000    0.164604   -0.124604 (VIOLATED)
ANTENNA__073__A/DIODE                   0.040000    0.164603   -0.124603 (VIOLATED)
ANTENNA_fanout93_X/DIODE                0.040000    0.164603   -0.124603 (VIOLATED)
fanout93/X                              0.040000    0.164594   -0.124594 (VIOLATED)
_076_/A                                 0.040000    0.162141   -0.122141 (VIOLATED)
_077_/A                                 0.040000    0.162139   -0.122139 (VIOLATED)
_078_/A                                 0.040000    0.162136   -0.122136 (VIOLATED)
_041_/A                                 0.040000    0.162127   -0.122127 (VIOLATED)
_056_/A                                 0.040000    0.162121   -0.122121 (VIOLATED)
_057_/A                                 0.040000    0.162039   -0.122039 (VIOLATED)
_058_/A                                 0.040000    0.162039   -0.122039 (VIOLATED)
_059_/A                                 0.040000    0.162028   -0.122028 (VIOLATED)
_060_/A                                 0.040000    0.162023   -0.122023 (VIOLATED)
_061_/A                                 0.040000    0.162020   -0.122020 (VIOLATED)
fanout91/X                              0.040000    0.162019   -0.122019 (VIOLATED)
mem_i/addr1[7]                          0.040000    0.158093   -0.118093 (VIOLATED)
mem_i/addr1[0]                          0.040000    0.153898   -0.113898 (VIOLATED)
_044_/Y                                 0.040000    0.150962   -0.110962 (VIOLATED)
_045_/B                                 0.040000    0.150962   -0.110962 (VIOLATED)
mem_i/clk1                              0.040000    0.146054   -0.106054 (VIOLATED)
input8/X                                0.040000    0.145461   -0.105461 (VIOLATED)
input7/X                                0.040000    0.143474   -0.103474 (VIOLATED)
input3/X                                0.040000    0.142742   -0.102742 (VIOLATED)
mem_i/addr1[2]                          0.040000    0.140969   -0.100969 (VIOLATED)
input13/X                               0.040000    0.139221   -0.099221 (VIOLATED)
input4/X                                0.040000    0.137913   -0.097913 (VIOLATED)
_047_/B                                 0.040000    0.137210   -0.097210 (VIOLATED)
max_cap52/A                             0.040000    0.137209   -0.097209 (VIOLATED)
max_cap53/X                             0.040000    0.137206   -0.097206 (VIOLATED)
input9/X                                0.040000    0.136982   -0.096982 (VIOLATED)
input6/X                                0.040000    0.136190   -0.096190 (VIOLATED)
input5/X                                0.040000    0.136037   -0.096037 (VIOLATED)
_055_/X                                 0.040000    0.135323   -0.095323 (VIOLATED)
_099_/D                                 0.040000    0.135323   -0.095323 (VIOLATED)
input1/X                                0.040000    0.134264   -0.094264 (VIOLATED)
input12/X                               0.040000    0.133832   -0.093832 (VIOLATED)
input21/X                               0.040000    0.133322   -0.093322 (VIOLATED)
input20/X                               0.040000    0.132911   -0.092911 (VIOLATED)
input2/X                                0.040000    0.132887   -0.092887 (VIOLATED)
input11/X                               0.040000    0.132475   -0.092475 (VIOLATED)
input22/X                               0.040000    0.131965   -0.091965 (VIOLATED)
input14/X                               0.040000    0.131960   -0.091960 (VIOLATED)
input19/X                               0.040000    0.131555   -0.091555 (VIOLATED)
max_cap75/X                             0.040000    0.130894   -0.090894 (VIOLATED)
ANTENNA_mem_i_addr1[5]/DIODE            0.040000    0.130715   -0.090715 (VIOLATED)
ANTENNA_max_cap73_X/DIODE               0.040000    0.130639   -0.090639 (VIOLATED)
max_cap73/X                             0.040000    0.130637   -0.090637 (VIOLATED)
input10/X                               0.040000    0.130616   -0.090616 (VIOLATED)
input23/X                               0.040000    0.130610   -0.090610 (VIOLATED)
input25/X                               0.040000    0.130204   -0.090204 (VIOLATED)
input24/X                               0.040000    0.129926   -0.089926 (VIOLATED)
ANTENNA_mem_i_clk0/DIODE                0.040000    0.129871   -0.089871 (VIOLATED)
input18/X                               0.040000    0.129507   -0.089507 (VIOLATED)
input17/X                               0.040000    0.129260   -0.089260 (VIOLATED)
input16/X                               0.040000    0.128853   -0.088853 (VIOLATED)
input15/X                               0.040000    0.128420   -0.088420 (VIOLATED)
ANTENNA_mem_i_addr1[6]/DIODE            0.040000    0.127783   -0.087783 (VIOLATED)
ANTENNA_max_cap71_X/DIODE               0.040000    0.127749   -0.087749 (VIOLATED)
max_cap71/X                             0.040000    0.127749   -0.087749 (VIOLATED)
ANTENNA_mem_i_addr1[1]/DIODE            0.040000    0.125488   -0.085488 (VIOLATED)
ANTENNA_max_cap86_X/DIODE               0.040000    0.125474   -0.085474 (VIOLATED)
max_cap86/X                             0.040000    0.125474   -0.085474 (VIOLATED)
_100_/CLK                               0.040000    0.124965   -0.084965 (VIOLATED)
ANTENNA__100__CLK/DIODE                 0.040000    0.124897   -0.084897 (VIOLATED)
_101_/CLK                               0.040000    0.124835   -0.084835 (VIOLATED)
_102_/CLK                               0.040000    0.124769   -0.084769 (VIOLATED)
ANTENNA__101__CLK/DIODE                 0.040000    0.124767   -0.084767 (VIOLATED)
ANTENNA__102__CLK/DIODE                 0.040000    0.124702   -0.084702 (VIOLATED)
_079_/CLK                               0.040000    0.124641   -0.084641 (VIOLATED)
_080_/CLK                               0.040000    0.124579   -0.084579 (VIOLATED)
ANTENNA__079__CLK/DIODE                 0.040000    0.124577   -0.084577 (VIOLATED)
_081_/CLK                               0.040000    0.124520   -0.084520 (VIOLATED)
ANTENNA__080__CLK/DIODE                 0.040000    0.124519   -0.084519 (VIOLATED)
_089_/CLK                               0.040000    0.124445   -0.084445 (VIOLATED)
ANTENNA__089__CLK/DIODE                 0.040000    0.124443   -0.084443 (VIOLATED)
_088_/CLK                               0.040000    0.124442   -0.084442 (VIOLATED)
ANTENNA__088__CLK/DIODE                 0.040000    0.124441   -0.084441 (VIOLATED)
_087_/CLK                               0.040000    0.124431   -0.084431 (VIOLATED)
ANTENNA__087__CLK/DIODE                 0.040000    0.124430   -0.084430 (VIOLATED)
_086_/CLK                               0.040000    0.124417   -0.084417 (VIOLATED)
ANTENNA__086__CLK/DIODE                 0.040000    0.124415   -0.084415 (VIOLATED)
_082_/CLK                               0.040000    0.124413   -0.084413 (VIOLATED)
ANTENNA__081__CLK/DIODE                 0.040000    0.124412   -0.084412 (VIOLATED)
_085_/CLK                               0.040000    0.124406   -0.084406 (VIOLATED)
ANTENNA__085__CLK/DIODE                 0.040000    0.124405   -0.084405 (VIOLATED)
_084_/CLK                               0.040000    0.124394   -0.084394 (VIOLATED)
ANTENNA__084__CLK/DIODE                 0.040000    0.124393   -0.084393 (VIOLATED)
_083_/CLK                               0.040000    0.124367   -0.084367 (VIOLATED)
ANTENNA__083__CLK/DIODE                 0.040000    0.124365   -0.084365 (VIOLATED)
ANTENNA__082__CLK/DIODE                 0.040000    0.124365   -0.084365 (VIOLATED)
max_cap78/X                             0.040000    0.124355   -0.084355 (VIOLATED)
ANTENNA_clkbuf_1_0__f_clk_X/DIODE       0.040000    0.124259   -0.084259 (VIOLATED)
clkbuf_1_0__f_clk/X                     0.040000    0.124217   -0.084217 (VIOLATED)
_053_/Y                                 0.040000    0.121456   -0.081456 (VIOLATED)
_054_/B                                 0.040000    0.121456   -0.081456 (VIOLATED)
_042_/X                                 0.040000    0.120391   -0.080391 (VIOLATED)
_093_/D                                 0.040000    0.120391   -0.080391 (VIOLATED)
_049_/Y                                 0.040000    0.119827   -0.079827 (VIOLATED)
_096_/D                                 0.040000    0.119827   -0.079827 (VIOLATED)
ANTENNA_mem_i_addr1[7]/DIODE            0.040000    0.118569   -0.078569 (VIOLATED)
ANTENNA_max_cap70_X/DIODE               0.040000    0.118518   -0.078518 (VIOLATED)
max_cap70/X                             0.040000    0.118468   -0.078468 (VIOLATED)
_047_/X                                 0.040000    0.116252   -0.076252 (VIOLATED)
_095_/D                                 0.040000    0.116252   -0.076252 (VIOLATED)
ANTENNA_mem_i_addr1[0]/DIODE            0.040000    0.115423   -0.075423 (VIOLATED)
ANTENNA_max_cap90_X/DIODE               0.040000    0.115413   -0.075413 (VIOLATED)
max_cap90/X                             0.040000    0.115413   -0.075413 (VIOLATED)
_090_/CLK                               0.040000    0.109883   -0.069883 (VIOLATED)
_091_/CLK                               0.040000    0.109878   -0.069878 (VIOLATED)
ANTENNA__090__CLK/DIODE                 0.040000    0.109876   -0.069875 (VIOLATED)
ANTENNA__091__CLK/DIODE                 0.040000    0.109855   -0.069855 (VIOLATED)
_042_/B                                 0.040000    0.109681   -0.069681 (VIOLATED)
_093_/Q                                 0.040000    0.109681   -0.069681 (VIOLATED)
max_cap85/A                             0.040000    0.109681   -0.069681 (VIOLATED)
max_cap86/A                             0.040000    0.109681   -0.069681 (VIOLATED)
ANTENNA_mem_i_clk1/DIODE                0.040000    0.109573   -0.069573 (VIOLATED)
_092_/CLK                               0.040000    0.109271   -0.069271 (VIOLATED)
ANTENNA__092__CLK/DIODE                 0.040000    0.109236   -0.069236 (VIOLATED)
_093_/CLK                               0.040000    0.109152   -0.069152 (VIOLATED)
ANTENNA__093__CLK/DIODE                 0.040000    0.109148   -0.069148 (VIOLATED)
_099_/CLK                               0.040000    0.109051   -0.069051 (VIOLATED)
ANTENNA__099__CLK/DIODE                 0.040000    0.109048   -0.069048 (VIOLATED)
_098_/CLK                               0.040000    0.109036   -0.069036 (VIOLATED)
ANTENNA__098__CLK/DIODE                 0.040000    0.109034   -0.069034 (VIOLATED)
_097_/CLK                               0.040000    0.109030   -0.069030 (VIOLATED)
ANTENNA__097__CLK/DIODE                 0.040000    0.109026   -0.069026 (VIOLATED)
ANTENNA__096__CLK/DIODE                 0.040000    0.108994   -0.068994 (VIOLATED)
_096_/CLK                               0.040000    0.108993   -0.068993 (VIOLATED)
_095_/CLK                               0.040000    0.108989   -0.068989 (VIOLATED)
ANTENNA__095__CLK/DIODE                 0.040000    0.108986   -0.068986 (VIOLATED)
ANTENNA_clkbuf_1_1__f_clk_X/DIODE       0.040000    0.108889   -0.068889 (VIOLATED)
ANTENNA__094__CLK/DIODE                 0.040000    0.108889   -0.068889 (VIOLATED)
ANTENNA_clkload0_A/DIODE                0.040000    0.108889   -0.068889 (VIOLATED)
clkload0/A                              0.040000    0.108872   -0.068872 (VIOLATED)
_094_/CLK                               0.040000    0.108868   -0.068868 (VIOLATED)
clkbuf_1_1__f_clk/X                     0.040000    0.108845   -0.068845 (VIOLATED)
_042_/A                                 0.040000    0.108710   -0.068710 (VIOLATED)
max_cap88/A                             0.040000    0.108710   -0.068710 (VIOLATED)
max_cap89/X                             0.040000    0.108710   -0.068710 (VIOLATED)
max_cap84/A                             0.040000    0.107625   -0.067625 (VIOLATED)
_043_/B                                 0.040000    0.107625   -0.067625 (VIOLATED)
max_cap85/X                             0.040000    0.107625   -0.067625 (VIOLATED)
ANTENNA_mem_i_addr1[2]/DIODE            0.040000    0.105726   -0.065726 (VIOLATED)
ANTENNA_max_cap83_X/DIODE               0.040000    0.105710   -0.065710 (VIOLATED)
max_cap83/X                             0.040000    0.105710   -0.065710 (VIOLATED)
_040_/A                                 0.040000    0.104682   -0.064682 (VIOLATED)
_092_/Q                                 0.040000    0.104682   -0.064682 (VIOLATED)
max_cap89/A                             0.040000    0.104682   -0.064682 (VIOLATED)
max_cap90/A                             0.040000    0.104682   -0.064682 (VIOLATED)
_045_/Y                                 0.040000    0.104598   -0.064598 (VIOLATED)
_094_/D                                 0.040000    0.104598   -0.064598 (VIOLATED)
_043_/A                                 0.040000    0.104400   -0.064400 (VIOLATED)
max_cap87/A                             0.040000    0.104400   -0.064400 (VIOLATED)
max_cap88/X                             0.040000    0.104400   -0.064400 (VIOLATED)
_055_/B                                 0.040000    0.101260   -0.061260 (VIOLATED)
max_cap43/X                             0.040000    0.101260   -0.061260 (VIOLATED)
_043_/C                                 0.040000    0.094969   -0.054969 (VIOLATED)
_094_/Q                                 0.040000    0.094969   -0.054969 (VIOLATED)
max_cap82/A                             0.040000    0.094969   -0.054969 (VIOLATED)
max_cap83/A                             0.040000    0.094969   -0.054969 (VIOLATED)
_048_/B                                 0.040000    0.094863   -0.054863 (VIOLATED)
_096_/Q                                 0.040000    0.094863   -0.054863 (VIOLATED)
max_cap76/A                             0.040000    0.094863   -0.054863 (VIOLATED)
max_cap77/A                             0.040000    0.094863   -0.054863 (VIOLATED)
_043_/X                                 0.040000    0.094199   -0.054199 (VIOLATED)
_045_/A                                 0.040000    0.094199   -0.054199 (VIOLATED)
max_cap53/A                             0.040000    0.094199   -0.054199 (VIOLATED)
_047_/A                                 0.040000    0.091948   -0.051948 (VIOLATED)
_095_/Q                                 0.040000    0.091948   -0.051948 (VIOLATED)
max_cap81/A                             0.040000    0.091948   -0.051948 (VIOLATED)
fanout93/A                              0.040000    0.091900   -0.051900 (VIOLATED)
input26/X                               0.040000    0.091868   -0.051868 (VIOLATED)
_054_/Y                                 0.040000    0.090766   -0.050766 (VIOLATED)
_098_/D                                 0.040000    0.090766   -0.050766 (VIOLATED)
_053_/A2                                0.040000    0.089544   -0.049544 (VIOLATED)
max_cap46/A                             0.040000    0.089544   -0.049544 (VIOLATED)
max_cap47/X                             0.040000    0.089544   -0.049544 (VIOLATED)
_046_/A                                 0.040000    0.088419   -0.048419 (VIOLATED)
max_cap80/A                             0.040000    0.088419   -0.048419 (VIOLATED)
max_cap81/X                             0.040000    0.088419   -0.048419 (VIOLATED)
_055_/A                                 0.040000    0.088239   -0.048239 (VIOLATED)
_099_/Q                                 0.040000    0.088239   -0.048239 (VIOLATED)
max_cap70/A                             0.040000    0.088239   -0.048239 (VIOLATED)
_046_/B                                 0.040000    0.087932   -0.047932 (VIOLATED)
max_cap51/A                             0.040000    0.087932   -0.047932 (VIOLATED)
max_cap52/X                             0.040000    0.087932   -0.047932 (VIOLATED)
_050_/B                                 0.040000    0.087463   -0.047463 (VIOLATED)
max_cap75/A                             0.040000    0.087463   -0.047463 (VIOLATED)
max_cap76/X                             0.040000    0.087463   -0.047463 (VIOLATED)
_052_/B                                 0.040000    0.085099   -0.045099 (VIOLATED)
max_cap48/A                             0.040000    0.085099   -0.045099 (VIOLATED)
max_cap49/X                             0.040000    0.085099   -0.045099 (VIOLATED)
_053_/B1                                0.040000    0.082004   -0.042004 (VIOLATED)
_098_/Q                                 0.040000    0.082004   -0.042004 (VIOLATED)
max_cap72/A                             0.040000    0.082004   -0.042004 (VIOLATED)
_050_/A                                 0.040000    0.080901   -0.040901 (VIOLATED)
max_cap78/A                             0.040000    0.080901   -0.040901 (VIOLATED)
max_cap79/X                             0.040000    0.080901   -0.040901 (VIOLATED)
_092_/RESET_B                           0.040000    0.078855   -0.038855 (VIOLATED)
ANTENNA__092__RESET_B/DIODE             0.040000    0.078854   -0.038854 (VIOLATED)
ANTENNA__068__Y/DIODE                   0.040000    0.078828   -0.038828 (VIOLATED)
_068_/Y                                 0.040000    0.078827   -0.038827 (VIOLATED)
_050_/C                                 0.040000    0.078058   -0.038058 (VIOLATED)
max_cap73/A                             0.040000    0.078058   -0.038058 (VIOLATED)
max_cap74/X                             0.040000    0.078058   -0.038058 (VIOLATED)
_051_/A1_N                              0.040000    0.077413   -0.037413 (VIOLATED)
max_cap49/A                             0.040000    0.077413   -0.037413 (VIOLATED)
max_cap50/X                             0.040000    0.077413   -0.037413 (VIOLATED)
_050_/X                                 0.040000    0.075790   -0.035790 (VIOLATED)
_051_/A2_N                              0.040000    0.075790   -0.035790 (VIOLATED)
max_cap47/A                             0.040000    0.075790   -0.035790 (VIOLATED)
_052_/X                                 0.040000    0.075311   -0.035311 (VIOLATED)
_054_/A                                 0.040000    0.075311   -0.035311 (VIOLATED)
max_cap43/A                             0.040000    0.075311   -0.035311 (VIOLATED)
clkbuf_1_1__f_clk/A                     0.040000    0.072399   -0.032399 (VIOLATED)
ANTENNA_clkbuf_1_1__f_clk_A/DIODE       0.040000    0.072365   -0.032365 (VIOLATED)
_048_/C                                 0.040000    0.072049   -0.032049 (VIOLATED)
max_cap50/A                             0.040000    0.072049   -0.032049 (VIOLATED)
max_cap51/X                             0.040000    0.072049   -0.032049 (VIOLATED)
_049_/A                                 0.040000    0.071541   -0.031541 (VIOLATED)
max_cap77/X                             0.040000    0.071541   -0.031541 (VIOLATED)
clkbuf_1_0__f_clk/A                     0.040000    0.070991   -0.030991 (VIOLATED)
ANTENNA_clkbuf_0_clk_X/DIODE            0.040000    0.070988   -0.030988 (VIOLATED)
ANTENNA_clkbuf_1_0__f_clk_A/DIODE       0.040000    0.070983   -0.030983 (VIOLATED)
clkbuf_0_clk/X                          0.040000    0.070966   -0.030966 (VIOLATED)
_048_/A                                 0.040000    0.069154   -0.029154 (VIOLATED)
max_cap79/A                             0.040000    0.069154   -0.029154 (VIOLATED)
max_cap80/X                             0.040000    0.069154   -0.029154 (VIOLATED)
_046_/Y                                 0.040000    0.068048   -0.028048 (VIOLATED)
_049_/B                                 0.040000    0.068048   -0.028048 (VIOLATED)
_052_/A                                 0.040000    0.065049   -0.025049 (VIOLATED)
max_cap71/A                             0.040000    0.065049   -0.025049 (VIOLATED)
max_cap72/X                             0.040000    0.065049   -0.025049 (VIOLATED)
_089_/Q                                 0.040000    0.063610   -0.023610 (VIOLATED)
output31/A                              0.040000    0.063610   -0.023610 (VIOLATED)
_091_/Q                                 0.040000    0.063173   -0.023173 (VIOLATED)
output33/A                              0.040000    0.063173   -0.023173 (VIOLATED)
_087_/Q                                 0.040000    0.063024   -0.023024 (VIOLATED)
output29/A                              0.040000    0.063024   -0.023024 (VIOLATED)
_080_/Q                                 0.040000    0.062940   -0.022940 (VIOLATED)
output37/A                              0.040000    0.062940   -0.022940 (VIOLATED)
_051_/B2                                0.040000    0.061649   -0.021649 (VIOLATED)
_097_/Q                                 0.040000    0.061649   -0.021649 (VIOLATED)
max_cap74/A                             0.040000    0.061649   -0.021649 (VIOLATED)
_083_/Q                                 0.040000    0.058719   -0.018719 (VIOLATED)
output40/A                              0.040000    0.058719   -0.018719 (VIOLATED)
_085_/Q                                 0.040000    0.058278   -0.018278 (VIOLATED)
output42/A                              0.040000    0.058278   -0.018278 (VIOLATED)
_102_/Q                                 0.040000    0.058067   -0.018067 (VIOLATED)
output35/A                              0.040000    0.058067   -0.018067 (VIOLATED)
_086_/Q                                 0.040000    0.057837   -0.017837 (VIOLATED)
output28/A                              0.040000    0.057837   -0.017837 (VIOLATED)
_090_/Q                                 0.040000    0.057836   -0.017836 (VIOLATED)
output32/A                              0.040000    0.057836   -0.017836 (VIOLATED)
_053_/A1                                0.040000    0.057413   -0.017413 (VIOLATED)
max_cap48/X                             0.040000    0.057413   -0.017413 (VIOLATED)
_079_/Q                                 0.040000    0.057334   -0.017334 (VIOLATED)
output36/A                              0.040000    0.057334   -0.017334 (VIOLATED)
_081_/Q                                 0.040000    0.057334   -0.017334 (VIOLATED)
output38/A                              0.040000    0.057334   -0.017334 (VIOLATED)
_100_/Q                                 0.040000    0.056875   -0.016875 (VIOLATED)
output27/A                              0.040000    0.056875   -0.016875 (VIOLATED)
_101_/Q                                 0.040000    0.056729   -0.016729 (VIOLATED)
output34/A                              0.040000    0.056729   -0.016729 (VIOLATED)
_088_/Q                                 0.040000    0.056211   -0.016211 (VIOLATED)
output30/A                              0.040000    0.056211   -0.016211 (VIOLATED)
_084_/Q                                 0.040000    0.055920   -0.015920 (VIOLATED)
output41/A                              0.040000    0.055920   -0.015920 (VIOLATED)
_082_/Q                                 0.040000    0.055908   -0.015908 (VIOLATED)
output39/A                              0.040000    0.055908   -0.015908 (VIOLATED)
output37/X                              0.040000    0.054598   -0.014598 (VIOLATED)
wire59/A                                0.040000    0.054598   -0.014598 (VIOLATED)
_044_/B1                                0.040000    0.054370   -0.014370 (VIOLATED)
max_cap82/X                             0.040000    0.054370   -0.014370 (VIOLATED)
output42/X                              0.040000    0.053835   -0.013835 (VIOLATED)
wire54/A                                0.040000    0.053835   -0.013835 (VIOLATED)
output32/X                              0.040000    0.053831   -0.013831 (VIOLATED)
wire64/A                                0.040000    0.053831   -0.013831 (VIOLATED)
_051_/X                                 0.040000    0.053493   -0.013493 (VIOLATED)
_097_/D                                 0.040000    0.053493   -0.013493 (VIOLATED)
wire44/A                                0.040000    0.052973   -0.012973 (VIOLATED)
_048_/X                                 0.040000    0.052973   -0.012973 (VIOLATED)
output39/X                              0.040000    0.052951   -0.012951 (VIOLATED)
wire57/A                                0.040000    0.052951   -0.012951 (VIOLATED)
_044_/A2                                0.040000    0.052501   -0.012501 (VIOLATED)
max_cap84/X                             0.040000    0.052501   -0.012501 (VIOLATED)
_044_/A1                                0.040000    0.048378   -0.008378 (VIOLATED)
max_cap87/X                             0.040000    0.048378   -0.008378 (VIOLATED)
output31/X                              0.040000    0.047258   -0.007258 (VIOLATED)
wire65/A                                0.040000    0.047258   -0.007258 (VIOLATED)
_097_/RESET_B                           0.040000    0.046004   -0.006004 (VIOLATED)
_073_/Y                                 0.040000    0.046003   -0.006003 (VIOLATED)
max_cap46/X                             0.040000    0.045724   -0.005724 (VIOLATED)
wire45/A                                0.040000    0.045724   -0.005724 (VIOLATED)
output40/X                              0.040000    0.045532   -0.005532 (VIOLATED)
wire56/A                                0.040000    0.045532   -0.005532 (VIOLATED)
output30/X                              0.040000    0.044922   -0.004922 (VIOLATED)
wire66/A                                0.040000    0.044922   -0.004922 (VIOLATED)
output35/X                              0.040000    0.044915   -0.004915 (VIOLATED)
wire61/A                                0.040000    0.044915   -0.004915 (VIOLATED)
output33/X                              0.040000    0.044745   -0.004745 (VIOLATED)
wire63/A                                0.040000    0.044745   -0.004745 (VIOLATED)
output29/X                              0.040000    0.044371   -0.004371 (VIOLATED)
wire67/A                                0.040000    0.044371   -0.004371 (VIOLATED)
_099_/RESET_B                           0.040000    0.044364   -0.004364 (VIOLATED)
_075_/Y                                 0.040000    0.044363   -0.004363 (VIOLATED)
output28/X                              0.040000    0.044313   -0.004313 (VIOLATED)
wire68/A                                0.040000    0.044313   -0.004313 (VIOLATED)
output41/X                              0.040000    0.044082   -0.004082 (VIOLATED)
wire55/A                                0.040000    0.044082   -0.004082 (VIOLATED)
output38/X                              0.040000    0.043859   -0.003859 (VIOLATED)
wire58/A                                0.040000    0.043859   -0.003859 (VIOLATED)
output34/X                              0.040000    0.043852   -0.003852 (VIOLATED)
wire62/A                                0.040000    0.043852   -0.003852 (VIOLATED)
output27/X                              0.040000    0.043591   -0.003591 (VIOLATED)
wire69/A                                0.040000    0.043591   -0.003591 (VIOLATED)
_081_/RESET_B                           0.040000    0.043487   -0.003487 (VIOLATED)
_057_/Y                                 0.040000    0.043486   -0.003486 (VIOLATED)
output36/X                              0.040000    0.043225   -0.003225 (VIOLATED)
wire60/A                                0.040000    0.043225   -0.003225 (VIOLATED)
_098_/RESET_B                           0.040000    0.042973   -0.002973 (VIOLATED)
_074_/Y                                 0.040000    0.042973   -0.002973 (VIOLATED)
_096_/RESET_B                           0.040000    0.042515   -0.002515 (VIOLATED)
_072_/Y                                 0.040000    0.042515   -0.002515 (VIOLATED)
_100_/RESET_B                           0.040000    0.042499   -0.002499 (VIOLATED)
_076_/Y                                 0.040000    0.042498   -0.002498 (VIOLATED)
_095_/RESET_B                           0.040000    0.041776   -0.001776 (VIOLATED)
_071_/Y                                 0.040000    0.041776   -0.001776 (VIOLATED)
_083_/RESET_B                           0.040000    0.041474   -0.001474 (VIOLATED)
_059_/Y                                 0.040000    0.041474   -0.001474 (VIOLATED)
_079_/RESET_B                           0.040000    0.041209   -0.001209 (VIOLATED)
_041_/Y                                 0.040000    0.041209   -0.001209 (VIOLATED)
_091_/RESET_B                           0.040000    0.041168   -0.001168 (VIOLATED)
_067_/Y                                 0.040000    0.041167   -0.001167 (VIOLATED)
_086_/RESET_B                           0.040000    0.041025   -0.001025 (VIOLATED)
_062_/Y                                 0.040000    0.041022   -0.001022 (VIOLATED)
_087_/RESET_B                           0.040000    0.040732   -0.000732 (VIOLATED)
_063_/Y                                 0.040000    0.040731   -0.000731 (VIOLATED)
_101_/RESET_B                           0.040000    0.040545   -0.000545 (VIOLATED)
_077_/Y                                 0.040000    0.040544   -0.000544 (VIOLATED)
_094_/RESET_B                           0.040000    0.040455   -0.000455 (VIOLATED)
_070_/Y                                 0.040000    0.040455   -0.000455 (VIOLATED)
_102_/RESET_B                           0.040000    0.040253   -0.000253 (VIOLATED)
_078_/Y                                 0.040000    0.040252   -0.000252 (VIOLATED)

max fanout

Pin                                   Limit Fanout  Slack
---------------------------------------------------------
clkbuf_1_0__f_clk/X                      10     31    -21 (VIOLATED)
clkbuf_1_1__f_clk/X                      10     25    -15 (VIOLATED)
fanout93/X                               10     21    -11 (VIOLATED)



===========================================================================
report_parasitic_annotation -report_unannotated
============================================================================
Found 2 unannotated drivers.
 clkload0/Y
 mem_i_94/HI
Found 0 partially unannotated drivers.

===========================================================================
max slew violation count 403
Writing metric design__max_slew_violation__count__corner:nom_tt_025C_1v80: 403
max fanout violation count 3
Writing metric design__max_fanout_violation__count__corner:nom_tt_025C_1v80: 3
max cap violation count 0
Writing metric design__max_cap_violation__count__corner:nom_tt_025C_1v80: 0
============================================================================

===========================================================================
check_setup -verbose -unconstrained_endpoints -multiple_clock -no_clock -no_input_delay -loops -generated_clocks
===========================================================================
Warning: There is 1 unconstrained endpoint.
  mem_i/csb1
