Clock: clk
Sources: clk 
Generated: no
Virtual: yes
Propagated: no
Period: 5.000000

===========================================================================
report_clock_properties
============================================================================
Clock                   Period          Waveform
----------------------------------------------------
clk                   5.000000    0.000000  2.500000

===========================================================================
report_clock_latency
============================================================================
Clock clk
rise -> rise
    min     max
0.000000 0.000000 source latency
0.578951         network latency _094_/CLK
        0.587511 network latency _100_/CLK
---------------
0.578951 0.587511 latency
        0.008560 skew

fall -> fall
    min     max
0.000000 0.000000 source latency
0.479211         network latency _094_/CLK
        0.486146 network latency _090_/CLK
---------------
0.479211 0.486146 latency
        0.006936 skew



===========================================================================
report_clock_min_period
============================================================================
clk period_min = 2.30 fmax = 434.10
