
===========================================================================
report_checks -unconstrained
===========================================================================
======================= nom_tt_025C_1v80 Corner ===================================

Startpoint: rst (input port clocked by clk)
Endpoint: _131_ (recovery check against rising-edge clock clk)
Path Group: asynchronous
Path Type: max

Fanout         Cap        Slew       Delay        Time   Description
---------------------------------------------------------------------------------------------
                                  0.000000    0.000000   clock clk (rise edge)
                                  0.000000    0.000000   clock network delay (propagated)
                                  2.500000    2.500000 v input external delay
     2    0.004867    0.013341    0.007903    2.507903 v rst (in)
                                                         rst (net)
                      0.013341    0.000000    2.507903 v input51/A (sky130_fd_sc_hd__clkbuf_4)
     5    0.043431    0.097695    0.179172    2.687075 v input51/X (sky130_fd_sc_hd__clkbuf_4)
                                                         net51 (net)
                      0.097906    0.003802    2.690877 v fanout91/A (sky130_fd_sc_hd__clkbuf_2)
     9    0.030463    0.119165    0.201021    2.891897 v fanout91/X (sky130_fd_sc_hd__clkbuf_2)
                                                         net91 (net)
                      0.119165    0.000403    2.892300 v fanout90/A (sky130_fd_sc_hd__buf_2)
     6    0.032670    0.086175    0.209646    3.101946 v fanout90/X (sky130_fd_sc_hd__buf_2)
                                                         net90 (net)
                      0.086176    0.000459    3.102405 v fanout89/A (sky130_fd_sc_hd__buf_2)
     6    0.031708    0.084113    0.193646    3.296051 v fanout89/X (sky130_fd_sc_hd__buf_2)
                                                         net89 (net)
                      0.084117    0.000620    3.296672 v _106_/A (sky130_fd_sc_hd__inv_2)
     1    0.005689    0.040226    0.065310    3.361982 ^ _106_/Y (sky130_fd_sc_hd__inv_2)
                                                         _036_ (net)
                      0.040226    0.000199    3.362181 ^ _131_/RESET_B (sky130_fd_sc_hd__dfrtp_4)
                                              3.362181   data arrival time

                                  5.000000    5.000000   clock clk (rise edge)
                                  0.000000    5.000000   clock source latency
     2    0.060446    0.276811    0.200922    5.200922 ^ clk (in)
                                                         clk (net)
                      0.279133    0.000000    5.200922 ^ clkbuf_0_clk/A (sky130_fd_sc_hd__clkbuf_16)
     9    0.094694    0.113275    0.255211    5.456133 ^ clkbuf_0_clk/X (sky130_fd_sc_hd__clkbuf_16)
                                                         clknet_0_clk (net)
                      0.114281    0.008534    5.464667 ^ clkbuf_2_1__f_clk/A (sky130_fd_sc_hd__clkbuf_16)
    19    0.054415    0.073032    0.176824    5.641491 ^ clkbuf_2_1__f_clk/X (sky130_fd_sc_hd__clkbuf_16)
                                                         clknet_2_1__leaf_clk (net)
                      0.073231    0.002431    5.643922 ^ _131_/CLK (sky130_fd_sc_hd__dfrtp_4)
                                 -0.050000    5.593922   clock uncertainty
                                  0.000000    5.593922   clock reconvergence pessimism
                                  0.227441    5.821362   library recovery time
                                              5.821362   data required time
---------------------------------------------------------------------------------------------
                                              5.821362   data required time
                                             -3.362181   data arrival time
---------------------------------------------------------------------------------------------
                                              2.459182   slack (MET)


Startpoint: _144_ (rising edge-triggered flip-flop clocked by clk)
Endpoint: sine_out[7] (output port clocked by clk)
Path Group: clk
Path Type: max

Fanout         Cap        Slew       Delay        Time   Description
---------------------------------------------------------------------------------------------
                                  0.000000    0.000000   clock clk (rise edge)
                                  0.000000    0.000000   clock source latency
     2    0.060446    0.276811    0.200922    0.200922 ^ clk (in)
                                                         clk (net)
                      0.279133    0.000000    0.200922 ^ clkbuf_0_clk/A (sky130_fd_sc_hd__clkbuf_16)
     9    0.094694    0.113275    0.255212    0.456133 ^ clkbuf_0_clk/X (sky130_fd_sc_hd__clkbuf_16)
                                                         clknet_0_clk (net)
                      0.114707    0.010145    0.466278 ^ clkbuf_2_0__f_clk/A (sky130_fd_sc_hd__clkbuf_16)
    21    0.079835    0.097180    0.194016    0.660294 ^ clkbuf_2_0__f_clk/X (sky130_fd_sc_hd__clkbuf_16)
                                                         clknet_2_0__leaf_clk (net)
                      0.098001    0.007103    0.667397 ^ _144_/CLK (sky130_fd_sc_hd__dfrtp_1)
     3    0.015420    0.144808    0.415290    1.082687 ^ _144_/Q (sky130_fd_sc_hd__dfrtp_1)
                                                         net65 (net)
                      0.144818    0.001328    1.084016 ^ output65/A (sky130_fd_sc_hd__buf_2)
     1    0.033961    0.169242    0.231499    1.315515 ^ output65/X (sky130_fd_sc_hd__buf_2)
                                                         sine_out[7] (net)
                      0.169244    0.000886    1.316400 ^ sine_out[7] (out)
                                              1.316400   data arrival time

                                  5.000000    5.000000   clock clk (rise edge)
                                  0.000000    5.000000   clock network delay (propagated)
                                 -0.050000    4.950000   clock uncertainty
                                  0.000000    4.950000   clock reconvergence pessimism
                                 -2.250000    2.700000   output external delay
                                              2.700000   data required time
---------------------------------------------------------------------------------------------
                                              2.700000   data required time
                                             -1.316400   data arrival time
---------------------------------------------------------------------------------------------
                                              1.383600   slack (MET)




===========================================================================
report_checks --slack_max -0.01
============================================================================
======================= nom_tt_025C_1v80 Corner ===================================

No paths found.


===========================================================================
 report_check_types -max_slew -max_cap -max_fanout -violators
============================================================================
======================= nom_tt_025C_1v80 Corner ===================================

max fanout

Pin                                   Limit Fanout  Slack
---------------------------------------------------------
clkbuf_2_0__f_clk/X                       6     21    -15 (VIOLATED)
clkbuf_2_1__f_clk/X                       6     19    -13 (VIOLATED)
clkbuf_2_3__f_clk/X                       6     15     -9 (VIOLATED)
_129_/Q                                   6     13     -7 (VIOLATED)
_133_/Q                                   6     13     -7 (VIOLATED)
clkbuf_2_2__f_clk/X                       6     13     -7 (VIOLATED)
fanout84/X                                6     13     -7 (VIOLATED)
fanout86/X                                6     13     -7 (VIOLATED)
fanout87/X                                6     13     -7 (VIOLATED)
_130_/Q                                   6     11     -5 (VIOLATED)
_134_/Q                                   6     11     -5 (VIOLATED)
_131_/Q                                   6      9     -3 (VIOLATED)
_135_/Q                                   6      9     -3 (VIOLATED)
clkbuf_0_clk/X                            6      9     -3 (VIOLATED)
fanout91/X                                6      9     -3 (VIOLATED)

max capacitance

Pin                                        Limit         Cap       Slack
------------------------------------------------------------------------
mem_i1/dout1[0]                         0.027560    0.051228   -0.023668 (VIOLATED)



===========================================================================
report_parasitic_annotation -report_unannotated
============================================================================
Found 5 unannotated drivers.
 clkload0/X
 clkload1/X
 clkload2/Y
 mem_i0_93/HI
 mem_i1_94/HI
Found 0 partially unannotated drivers.

===========================================================================
max slew violation count 0
Writing metric design__max_slew_violation__count__corner:nom_tt_025C_1v80: 0
max fanout violation count 15
Writing metric design__max_fanout_violation__count__corner:nom_tt_025C_1v80: 15
max cap violation count 1
Writing metric design__max_cap_violation__count__corner:nom_tt_025C_1v80: 1
============================================================================

===========================================================================
check_setup -verbose -unconstrained_endpoints -multiple_clock -no_clock -no_input_delay -loops -generated_clocks
===========================================================================
Warning: There are 50 input ports missing set_input_delay.
  addr00[0]
  addr00[1]
  addr00[2]
  addr00[3]
  addr00[4]
  addr00[5]
  addr00[6]
  addr00[7]
  addr01[0]
  addr01[1]
  addr01[2]
  addr01[3]
  addr01[4]
  addr01[5]
  addr01[6]
  addr01[7]
  csb00
  csb01
  din00[0]
  din00[10]
  din00[11]
  din00[12]
  din00[13]
  din00[14]
  din00[15]
  din00[1]
  din00[2]
  din00[3]
  din00[4]
  din00[5]
  din00[6]
  din00[7]
  din00[8]
  din00[9]
  din01[0]
  din01[10]
  din01[11]
  din01[12]
  din01[13]
  din01[14]
  din01[15]
  din01[1]
  din01[2]
  din01[3]
  din01[4]
  din01[5]
  din01[6]
  din01[7]
  din01[8]
  din01[9]
Warning: There are 52 unconstrained endpoints.
  mem_i0/addr0[0]
  mem_i0/addr0[1]
  mem_i0/addr0[2]
  mem_i0/addr0[3]
  mem_i0/addr0[4]
  mem_i0/addr0[5]
  mem_i0/addr0[6]
  mem_i0/addr0[7]
  mem_i0/csb0
  mem_i0/csb1
  mem_i0/din0[0]
  mem_i0/din0[10]
  mem_i0/din0[11]
  mem_i0/din0[12]
  mem_i0/din0[13]
  mem_i0/din0[14]
  mem_i0/din0[15]
  mem_i0/din0[1]
  mem_i0/din0[2]
  mem_i0/din0[3]
  mem_i0/din0[4]
  mem_i0/din0[5]
  mem_i0/din0[6]
  mem_i0/din0[7]
  mem_i0/din0[8]
  mem_i0/din0[9]
  mem_i1/addr0[0]
  mem_i1/addr0[1]
  mem_i1/addr0[2]
  mem_i1/addr0[3]
  mem_i1/addr0[4]
  mem_i1/addr0[5]
  mem_i1/addr0[6]
  mem_i1/addr0[7]
  mem_i1/csb0
  mem_i1/csb1
  mem_i1/din0[0]
  mem_i1/din0[10]
  mem_i1/din0[11]
  mem_i1/din0[12]
  mem_i1/din0[13]
  mem_i1/din0[14]
  mem_i1/din0[15]
  mem_i1/din0[1]
  mem_i1/din0[2]
  mem_i1/din0[3]
  mem_i1/din0[4]
  mem_i1/din0[5]
  mem_i1/din0[6]
  mem_i1/din0[7]
  mem_i1/din0[8]
  mem_i1/din0[9]
