Clock: clk
Sources: clk 
Generated: no
Virtual: yes
Propagated: no
Period: 5.000000

===========================================================================
report_clock_properties
============================================================================
Clock                   Period          Waveform
----------------------------------------------------
clk                   5.000000    0.000000  2.500000

===========================================================================
report_clock_latency
============================================================================
Clock clk
rise -> rise
    min     max
0.000000 0.000000 source latency
0.642539         network latency mem_i0/clk1
        0.667431 network latency _128_/CLK
---------------
0.642539 0.667431 latency
        0.024892 skew

fall -> fall
    min     max
0.000000 0.000000 source latency
0.521228         network latency mem_i0/clk1
        0.540617 network latency _128_/CLK
---------------
0.521228 0.540617 latency
        0.019389 skew



===========================================================================
report_clock_min_period
============================================================================
clk period_min = 1.78 fmax = 560.38
