Clock: clk
Sources: clk 
Generated: no
Virtual: yes
Propagated: no
Period: 5.000000

===========================================================================
report_clock_properties
============================================================================
Clock                   Period          Waveform
----------------------------------------------------
clk                   5.000000    0.000000  2.500000

===========================================================================
report_clock_latency
============================================================================
Clock clk
rise -> rise
    min     max
0.000000 0.000000 source latency
1.208589         network latency _083_/CLK
        1.223605 network latency _090_/CLK
---------------
1.208589 1.223605 latency
        0.015016 skew

fall -> fall
    min     max
0.000000 0.000000 source latency
1.000883         network latency _083_/CLK
        1.020684 network latency _090_/CLK
---------------
1.000883 1.020684 latency
        0.019801 skew



===========================================================================
report_clock_min_period
============================================================================
clk period_min = 3.42 fmax = 292.50
