
===========================================================================
report_checks -unconstrained
===========================================================================
======================= nom_tt_025C_1v80 Corner ===================================

Startpoint: rst (input port clocked by clk)
Endpoint: _797_ (recovery check against rising-edge clock clk)
Path Group: asynchronous
Path Type: max

Fanout         Cap        Slew       Delay        Time   Description
---------------------------------------------------------------------------------------------
                                  0.000000    0.000000   clock clk (rise edge)
                                  0.000000    0.000000   clock network delay (propagated)
                                  2.000000    2.000000 v input external delay
     1    0.002630    0.008227    0.004160    2.004160 v rst (in)
                                                         rst (net)
                      0.008228    0.000000    2.004160 v input1/A (sky130_fd_sc_hd__clkbuf_4)
     8    0.042730    0.094899    0.179424    2.183584 v input1/X (sky130_fd_sc_hd__clkbuf_4)
                                                         net1 (net)
                      0.094917    0.001251    2.184835 v _789_/A (sky130_fd_sc_hd__inv_2)
     1    0.005418    0.041501    0.068518    2.253353 ^ _789_/Y (sky130_fd_sc_hd__inv_2)
                                                         _015_ (net)
                      0.041501    0.000174    2.253527 ^ _797_/RESET_B (sky130_fd_sc_hd__dfrtp_1)
                                              2.253527   data arrival time

                                 10.000000   10.000000   clock clk (rise edge)
                                  0.000000   10.000000   clock source latency
     1    0.009482    0.049126    0.032404   10.032405 ^ clk (in)
                                                         clk (net)
                      0.049128    0.000000   10.032405 ^ clkbuf_0_clk/A (sky130_fd_sc_hd__clkbuf_16)
     2    0.018289    0.040388    0.125166   10.157570 ^ clkbuf_0_clk/X (sky130_fd_sc_hd__clkbuf_16)
                                                         clknet_0_clk (net)
                      0.040390    0.000555   10.158125 ^ clkbuf_1_1__f_clk/A (sky130_fd_sc_hd__clkbuf_16)
     4    0.010841    0.034057    0.114966   10.273091 ^ clkbuf_1_1__f_clk/X (sky130_fd_sc_hd__clkbuf_16)
                                                         clknet_1_1__leaf_clk (net)
                      0.034057    0.000277   10.273368 ^ _797_/CLK (sky130_fd_sc_hd__dfrtp_1)
                                 -0.250000   10.023368   clock uncertainty
                                  0.000000   10.023368   clock reconvergence pessimism
                                  0.227885   10.251252   library recovery time
                                             10.251252   data required time
---------------------------------------------------------------------------------------------
                                             10.251252   data required time
                                             -2.253527   data arrival time
---------------------------------------------------------------------------------------------
                                              7.997725   slack (MET)


Startpoint: _790_ (rising edge-triggered flip-flop clocked by clk)
Endpoint: sine_out[2] (output port clocked by clk)
Path Group: clk
Path Type: max

Fanout         Cap        Slew       Delay        Time   Description
---------------------------------------------------------------------------------------------
                                  0.000000    0.000000   clock clk (rise edge)
                                  0.000000    0.000000   clock source latency
     1    0.009482    0.049126    0.032404    0.032404 ^ clk (in)
                                                         clk (net)
                      0.049128    0.000000    0.032404 ^ clkbuf_0_clk/A (sky130_fd_sc_hd__clkbuf_16)
     2    0.018289    0.040388    0.125166    0.157570 ^ clkbuf_0_clk/X (sky130_fd_sc_hd__clkbuf_16)
                                                         clknet_0_clk (net)
                      0.040390    0.000496    0.158066 ^ clkbuf_1_0__f_clk/A (sky130_fd_sc_hd__clkbuf_16)
     4    0.011995    0.035045    0.116041    0.274106 ^ clkbuf_1_0__f_clk/X (sky130_fd_sc_hd__clkbuf_16)
                                                         clknet_1_0__leaf_clk (net)
                      0.035045    0.000372    0.274478 ^ _790_/CLK (sky130_fd_sc_hd__dfrtp_1)
     1    0.003817    0.044210    0.355585    0.630063 v _790_/Q (sky130_fd_sc_hd__dfrtp_1)
                                                         tcout[0] (net)
                      0.044210    0.000137    0.630200 v fanout79/A (sky130_fd_sc_hd__clkbuf_2)
     6    0.024487    0.097856    0.160911    0.791110 v fanout79/X (sky130_fd_sc_hd__clkbuf_2)
                                                         net79 (net)
                      0.097864    0.000923    0.792033 v fanout76/A (sky130_fd_sc_hd__clkbuf_4)
    10    0.045009    0.098923    0.222382    1.014415 v fanout76/X (sky130_fd_sc_hd__clkbuf_4)
                                                         net76 (net)
                      0.098936    0.001116    1.015532 v fanout75/A (sky130_fd_sc_hd__clkbuf_8)
    10    0.068124    0.085527    0.210931    1.226462 v fanout75/X (sky130_fd_sc_hd__clkbuf_8)
                                                         net75 (net)
                      0.085714    0.003497    1.229959 v _432_/A (sky130_fd_sc_hd__xnor2_4)
     9    0.038452    0.320992    0.324581    1.554541 ^ _432_/Y (sky130_fd_sc_hd__xnor2_4)
                                                         _375_ (net)
                      0.320996    0.001005    1.555545 ^ _433_/A (sky130_fd_sc_hd__inv_2)
     5    0.020621    0.097786    0.122119    1.677665 v _433_/Y (sky130_fd_sc_hd__inv_2)
                                                         _001_ (net)
                      0.097820    0.000354    1.678018 v fanout18/A (sky130_fd_sc_hd__buf_2)
    10    0.034769    0.090832    0.204390    1.882408 v fanout18/X (sky130_fd_sc_hd__buf_2)
                                                         net18 (net)
                      0.090866    0.001623    1.884031 v _527_/A2 (sky130_fd_sc_hd__a21oi_1)
     2    0.007648    0.193474    0.222505    2.106536 ^ _527_/Y (sky130_fd_sc_hd__a21oi_1)
                                                         _096_ (net)
                      0.193474    0.000156    2.106692 ^ _528_/B1 (sky130_fd_sc_hd__a211oi_1)
     1    0.003940    0.075496    0.082637    2.189329 v _528_/Y (sky130_fd_sc_hd__a211oi_1)
                                                         _097_ (net)
                      0.075496    0.000152    2.189481 v _536_/B (sky130_fd_sc_hd__or4_1)
     1    0.003299    0.086421    0.509034    2.698515 v _536_/X (sky130_fd_sc_hd__or4_1)
                                                         _105_ (net)
                      0.086421    0.000081    2.698596 v _544_/C1 (sky130_fd_sc_hd__o311a_1)
     1    0.002699    0.050678    0.119091    2.817687 v _544_/X (sky130_fd_sc_hd__o311a_1)
                                                         _113_ (net)
                      0.050678    0.000059    2.817746 v _568_/B1 (sky130_fd_sc_hd__a31o_1)
     1    0.002874    0.037136    0.180851    2.998597 v _568_/X (sky130_fd_sc_hd__a31o_1)
                                                         net10 (net)
                      0.037136    0.000071    2.998669 v output10/A (sky130_fd_sc_hd__buf_2)
     1    0.033824    0.088730    0.175679    3.174348 v output10/X (sky130_fd_sc_hd__buf_2)
                                                         sine_out[2] (net)
                      0.088739    0.000911    3.175259 v sine_out[2] (out)
                                              3.175259   data arrival time

                                 10.000000   10.000000   clock clk (rise edge)
                                  0.000000   10.000000   clock network delay (propagated)
                                 -0.250000    9.750000   clock uncertainty
                                  0.000000    9.750000   clock reconvergence pessimism
                                 -2.000000    7.750000   output external delay
                                              7.750000   data required time
---------------------------------------------------------------------------------------------
                                              7.750000   data required time
                                             -3.175259   data arrival time
---------------------------------------------------------------------------------------------
                                              4.574741   slack (MET)




===========================================================================
report_checks --slack_max -0.01
============================================================================
======================= nom_tt_025C_1v80 Corner ===================================

No paths found.


===========================================================================
 report_check_types -max_slew -max_cap -max_fanout -violators
============================================================================
======================= nom_tt_025C_1v80 Corner ===================================



===========================================================================
report_parasitic_annotation -report_unannotated
============================================================================
Found 0 unannotated drivers.
Found 0 partially unannotated drivers.

===========================================================================
max slew violation count 0
Writing metric design__max_slew_violation__count__corner:nom_tt_025C_1v80: 0
max fanout violation count 0
Writing metric design__max_fanout_violation__count__corner:nom_tt_025C_1v80: 0
max cap violation count 0
Writing metric design__max_cap_violation__count__corner:nom_tt_025C_1v80: 0
============================================================================

===========================================================================
check_setup -verbose -unconstrained_endpoints -multiple_clock -no_clock -no_input_delay -loops -generated_clocks
===========================================================================
