Clock: clk
Sources: clk 
Generated: no
Virtual: yes
Propagated: no
Period: 10.000000

===========================================================================
report_clock_properties
============================================================================
Clock                   Period          Waveform
----------------------------------------------------
clk                  10.000000    0.000000  5.000000

===========================================================================
report_clock_latency
============================================================================
Clock clk
rise -> rise
    min     max
0.000000 0.000000 source latency
0.273261         network latency _795_/CLK
        0.274503 network latency _794_/CLK
---------------
0.273261 0.274503 latency
        0.001242 skew

fall -> fall
    min     max
0.000000 0.000000 source latency
0.281430         network latency _795_/CLK
        0.282496 network latency _794_/CLK
---------------
0.281430 0.282496 latency
        0.001066 skew



===========================================================================
report_clock_min_period
============================================================================
clk period_min = 2.14 fmax = 466.83
