Clock: clk
Sources: clk 
Generated: no
Virtual: yes
Propagated: no
Period: 5.100000

===========================================================================
report_clock_properties
============================================================================
Clock                   Period          Waveform
----------------------------------------------------
clk                   5.100000    0.000000  2.550000

===========================================================================
report_clock_latency
============================================================================
Clock clk
rise -> rise
    min     max
0.000000 0.000000 source latency
0.706130         network latency _632_/CLK
        0.734079 network latency _636_/CLK
---------------
0.706130 0.734079 latency
        0.027949 skew

fall -> fall
    min     max
0.000000 0.000000 source latency
0.612874         network latency _632_/CLK
        0.634933 network latency _636_/CLK
---------------
0.612874 0.634933 latency
        0.022060 skew



===========================================================================
report_clock_min_period
============================================================================
clk period_min = 2.40 fmax = 416.07
