Net: net2
  Pin:   output2/A (sky130_fd_sc_hd__buf_2)
    Layer: mcon
      Partial area ratio:    0.18
      Required ratio:    3.00 (Gate area) 
      Cumulative area ratio:    0.18
      Required ratio:    0.00 (Cumulative area) 

    Layer: met1
      Partial area ratio:   86.14
      Required ratio:    0.00 (Gate area) 
      Cumulative area ratio:   86.14
      Required ratio:    0.00 (Cumulative area) 
      Partial area ratio:  430.19
      Required ratio:  400.00 (Side area) (VIOLATED)
      Cumulative area ratio:  430.19
      Required ratio:    0.00 (Cumulative side area) 

    Layer: via
      Partial area ratio:    0.14
      Required ratio:    6.00 (Gate area) 
      Cumulative area ratio:    0.32
      Required ratio:    0.00 (Cumulative area) 

    Layer: met2
      Partial area ratio:    2.56
      Required ratio:    0.00 (Gate area) 
      Cumulative area ratio:   88.70
      Required ratio:    0.00 (Cumulative area) 
      Partial area ratio:   12.06
      Required ratio: 2771.60 (Side area) 
      Cumulative area ratio:  442.25
      Required ratio:    0.00 (Cumulative side area) 



[INFO ANT-0002] Found 1 net violations.
[INFO ANT-0001] Found 1 pin violations.
