Reading OpenROAD database at '/home/thanh/NCO/runs/RUN_2025-03-04_07-10-12/201-openroad-generatepdn/counter.odb'…
Reading library file at '/home/thanh/.volare/volare/sky130/versions/0fe599b2afb6708d281543108caf8310912f54af/sky130A/libs.ref/sky130_fd_sc_hd/lib/sky130_fd_sc_hd__tt_025C_1v80.lib'…
Reading design constraints file at '/home/thanh/NCO/counter.sdc'…
+ global_placement -density 0.75586 -skip_io -pad_right 0 -pad_left 0 -init_wirelength_coef 0.25
[INFO GPL-0002] DBU: 1000
[INFO GPL-0003] SiteSize: (  0.460  2.720 ) um
[INFO GPL-0004] CoreBBox: (  5.520 10.880 ) ( 554.300 359.040 ) um
[INFO GPL-0006] NumInstances:              1481
[INFO GPL-0007] NumPlaceInstances:           64
[INFO GPL-0008] NumFixedInstances:         1210
[INFO GPL-0009] NumDummyInstances:          207
[INFO GPL-0010] NumNets:                    107
[INFO GPL-0011] NumPins:                    249
[INFO GPL-0012] DieBBox:  (  0.000  0.000 ) ( 560.000 370.000 ) um
[INFO GPL-0013] CoreBBox: (  5.520 10.880 ) ( 554.300 359.040 ) um
[INFO GPL-0016] CoreArea:            191063.245 um^2
[INFO GPL-0017] NonPlaceInstsArea:   142591.757 um^2
[INFO GPL-0018] PlaceInstsArea:         870.835 um^2
[INFO GPL-0019] Util:                     1.797 %
[INFO GPL-0020] StdInstsArea:           870.835 um^2
[INFO GPL-0021] MacroInstsArea:           0.000 um^2
[INFO GPL-0031] FillerInit:NumGCells:      2766
[INFO GPL-0032] FillerInit:NumGNets:        107
[INFO GPL-0033] FillerInit:NumGPins:        249
[INFO GPL-0023] TargetDensity:            0.756
[INFO GPL-0024] AvrgPlaceInstArea:       13.607 um^2
[INFO GPL-0025] IdealBinArea:            18.002 um^2
[INFO GPL-0026] IdealBinCnt:              10613
[INFO GPL-0027] TotalBinArea:        191063.245 um^2
[INFO GPL-0028] BinCnt:        64     64
[INFO GPL-0029] BinSize: (  8.575  5.440 )
[INFO GPL-0030] NumBins: 4096
[NesterovSolve] Iter:    1 overflow: 0.997 HPWL: 6328219
[NesterovSolve] Iter:   10 overflow: 1.000 HPWL: 3230226
[NesterovSolve] Iter:   20 overflow: 1.000 HPWL: 3178294
[NesterovSolve] Iter:   30 overflow: 1.000 HPWL: 3225606
[NesterovSolve] Iter:   40 overflow: 1.000 HPWL: 3201831
[NesterovSolve] Iter:   50 overflow: 1.000 HPWL: 3210331
[NesterovSolve] Iter:   60 overflow: 1.000 HPWL: 3207877
[NesterovSolve] Iter:   70 overflow: 1.000 HPWL: 3206522
[NesterovSolve] Iter:   80 overflow: 1.000 HPWL: 3206461
[NesterovSolve] Iter:   90 overflow: 1.000 HPWL: 3204139
[NesterovSolve] Iter:  100 overflow: 1.000 HPWL: 3205434
[NesterovSolve] Iter:  110 overflow: 1.000 HPWL: 3206084
[NesterovSolve] Iter:  120 overflow: 1.000 HPWL: 3208395
[NesterovSolve] Iter:  130 overflow: 1.000 HPWL: 3244093
[NesterovSolve] Iter:  140 overflow: 1.000 HPWL: 3296762
[NesterovSolve] Iter:  150 overflow: 1.000 HPWL: 3363413
[NesterovSolve] Iter:  160 overflow: 1.000 HPWL: 3427742
[NesterovSolve] Iter:  170 overflow: 1.000 HPWL: 3463971
[NesterovSolve] Iter:  180 overflow: 1.000 HPWL: 3451731
[NesterovSolve] Iter:  190 overflow: 1.000 HPWL: 3424661
[NesterovSolve] Iter:  200 overflow: 1.000 HPWL: 3413395
[NesterovSolve] Iter:  210 overflow: 1.000 HPWL: 3330151
[NesterovSolve] Iter:  220 overflow: 1.000 HPWL: 3249803
[NesterovSolve] Iter:  230 overflow: 1.000 HPWL: 3194046
[NesterovSolve] Iter:  240 overflow: 1.000 HPWL: 3136372
[NesterovSolve] Iter:  250 overflow: 1.000 HPWL: 3072972
[NesterovSolve] Iter:  260 overflow: 1.000 HPWL: 3011873
[NesterovSolve] Iter:  270 overflow: 1.000 HPWL: 2987509
[NesterovSolve] Iter:  280 overflow: 0.786 HPWL: 3182067
[NesterovSolve] Iter:  290 overflow: 0.539 HPWL: 3391860
[NesterovSolve] Iter:  300 overflow: 0.335 HPWL: 3540247
[NesterovSolve] Iter:  310 overflow: 0.244 HPWL: 3574890
[NesterovSolve] Iter:  320 overflow: 0.135 HPWL: 3589627
[NesterovSolve] Iter:  330 overflow: 0.098 HPWL: 3590026
[NesterovSolve] Finished with Overflow: 0.098140
[INFO] Setting RC values…
Setting global connections for newly added cells…
[INFO] Setting global connections...
mem_i matched with mem_i
Updating metrics…
Cell type report:                       Count       Area
  Macro                                     1  123515.34
  Fill cell                               470    1764.19
  Tap cell                                739     924.64
  Inverter                                 25      93.84
  Sequential cell                          24     630.60
  Multi-Input combinational cell           15     146.39
  Total                                  1274  127075.01
Writing OpenROAD database to '/home/thanh/NCO/runs/RUN_2025-03-04_07-10-12/204-openroad-globalplacementskipio/counter.odb'…
Writing netlist to '/home/thanh/NCO/runs/RUN_2025-03-04_07-10-12/204-openroad-globalplacementskipio/counter.nl.v'…
Writing powered netlist to '/home/thanh/NCO/runs/RUN_2025-03-04_07-10-12/204-openroad-globalplacementskipio/counter.pnl.v'…
Writing layout to '/home/thanh/NCO/runs/RUN_2025-03-04_07-10-12/204-openroad-globalplacementskipio/counter.def'…
Writing timing constraints to '/home/thanh/NCO/runs/RUN_2025-03-04_07-10-12/204-openroad-globalplacementskipio/counter.sdc'…
