Clock: clk
Sources: clk 
Generated: no
Virtual: yes
Propagated: no
Period: 5.000000

===========================================================================
report_clock_properties
============================================================================
Clock                   Period          Waveform
----------------------------------------------------
clk                   5.000000    0.000000  2.500000

===========================================================================
report_clock_latency
============================================================================
Clock clk
rise -> rise
    min     max
0.000000 0.000000 source latency
0.661339         network latency _091_/CLK
        0.669546 network latency _097_/CLK
---------------
0.661339 0.669546 latency
        0.008207 skew

fall -> fall
    min     max
0.000000 0.000000 source latency
0.532727         network latency _080_/CLK
        0.538521 network latency _087_/CLK
---------------
0.532727 0.538521 latency
        0.005794 skew



===========================================================================
report_clock_min_period
============================================================================
clk period_min = 1.71 fmax = 586.15
