Clock: clk
Sources: clk 
Generated: no
Virtual: yes
Propagated: no
Period: 5.000000

===========================================================================
report_clock_properties
============================================================================
Clock                   Period          Waveform
----------------------------------------------------
clk                   5.000000    0.000000  2.500000

===========================================================================
report_clock_latency
============================================================================
Clock clk
rise -> rise
    min     max
0.000000 0.000000 source latency
1.226047         network latency mem_i0/clk1
        1.275615 network latency mem_i1/clk1
---------------
1.226047 1.275615 latency
        0.049568 skew

fall -> fall
    min     max
0.000000 0.000000 source latency
1.013940         network latency mem_i0/clk1
        1.052120 network latency mem_i1/clk1
---------------
1.013940 1.052120 latency
        0.038180 skew



===========================================================================
report_clock_min_period
============================================================================
clk period_min = 3.48 fmax = 287.68
