Clock: clk
Sources: clk 
Generated: no
Virtual: yes
Propagated: no
Period: 5.100000

===========================================================================
report_clock_properties
============================================================================
Clock                   Period          Waveform
----------------------------------------------------
clk                   5.100000    0.000000  2.550000

===========================================================================
report_clock_latency
============================================================================
Clock clk
rise -> rise
    min     max
0.000000 0.000000 source latency
0.331698         network latency _584_/CLK
        0.331698 network latency _584_/CLK
---------------
0.331698 0.331698 latency
        0.000000 skew

fall -> fall
    min     max
0.000000 0.000000 source latency
0.147306         network latency _584_/CLK
        0.147306 network latency _584_/CLK
---------------
0.147306 0.147306 latency
        0.000000 skew



===========================================================================
report_clock_min_period
============================================================================
clk period_min = 1.57 fmax = 636.03
