Reading OpenROAD database at '/home/thanh/NCO/runs/RUN_2025-03-06_16-06-07/24-openroad-ioplacement/counter.odb'…
Reading library file at '/home/thanh/.volare/volare/sky130/versions/0fe599b2afb6708d281543108caf8310912f54af/sky130A/libs.ref/sky130_fd_sc_hd/lib/sky130_fd_sc_hd__tt_025C_1v80.lib'…
Reading library file at '/home/thanh/NCO/ram256x16/ram256x16_TT_1p8V_25C.lib'…
Reading macro library file at '/home/thanh/NCO/ram256x16/ram256x16_TT_1p8V_25C.lib'…
[WARNING STA-1140] /home/thanh/NCO/ram256x16/ram256x16_TT_1p8V_25C.lib line 1, library ram256x16_TT_1p8V_25C_lib already exists.
Reading design constraints file at '/home/thanh/NCO/counter.sdc'…
[INFO] Setting RC values…
[INFO] Setting signal min routing layer to: met1 and clock min routing layer to met1. 
[INFO] Setting signal max routing layer to: met5 and clock max routing layer to met5. 
+ global_placement -density 0.7465519999999999 -timing_driven -routability_driven -pad_right 0 -pad_left 0 -init_wirelength_coef 0.25
[INFO GPL-0002] DBU: 1000
[INFO GPL-0003] SiteSize: (  0.460  2.720 ) um
[INFO GPL-0004] CoreBBox: (  5.520 10.880 ) ( 544.180 737.120 ) um
[INFO GPL-0006] NumInstances:              3259
[INFO GPL-0007] NumPlaceInstances:          352
[INFO GPL-0008] NumFixedInstances:         2494
[INFO GPL-0009] NumDummyInstances:          413
[INFO GPL-0010] NumNets:                    444
[INFO GPL-0011] NumPins:                   1418
[INFO GPL-0012] DieBBox:  (  0.000  0.000 ) ( 550.000 750.000 ) um
[INFO GPL-0013] CoreBBox: (  5.520 10.880 ) ( 544.180 737.120 ) um
[INFO GPL-0016] CoreArea:            391196.438 um^2
[INFO GPL-0017] NonPlaceInstsArea:   285331.155 um^2
[INFO GPL-0018] PlaceInstsArea:        3983.821 um^2
[INFO GPL-0019] Util:                     3.763 %
[INFO GPL-0020] StdInstsArea:          3983.821 um^2
[INFO GPL-0021] MacroInstsArea:           0.000 um^2
[InitialPlace]  Iter: 1 CG residual: 0.00000169 HPWL: 90948054
[InitialPlace]  Iter: 2 CG residual: 0.00000087 HPWL: 84546642
[InitialPlace]  Iter: 3 CG residual: 0.00000004 HPWL: 83150879
[InitialPlace]  Iter: 4 CG residual: 0.00000012 HPWL: 83047777
[InitialPlace]  Iter: 5 CG residual: 0.00000009 HPWL: 82959480
[INFO GPL-0031] FillerInit:NumGCells:      7255
[INFO GPL-0032] FillerInit:NumGNets:        444
[INFO GPL-0033] FillerInit:NumGPins:       1418
[INFO GPL-0023] TargetDensity:            0.747
[INFO GPL-0024] AvrgPlaceInstArea:       11.318 um^2
[INFO GPL-0025] IdealBinArea:            15.160 um^2
[INFO GPL-0026] IdealBinCnt:              25804
[INFO GPL-0027] TotalBinArea:        391196.438 um^2
[INFO GPL-0028] BinCnt:       128    128
[INFO GPL-0029] BinSize: (  4.209  5.674 )
[INFO GPL-0030] NumBins: 16384
[NesterovSolve] Iter:    1 overflow: 0.631 HPWL: 23502476
[NesterovSolve] Iter:   10 overflow: 0.730 HPWL: 25476460
[NesterovSolve] Iter:   20 overflow: 0.712 HPWL: 25535523
[NesterovSolve] Iter:   30 overflow: 0.716 HPWL: 25488069
[NesterovSolve] Iter:   40 overflow: 0.724 HPWL: 25492893
[NesterovSolve] Iter:   50 overflow: 0.727 HPWL: 25541638
[NesterovSolve] Iter:   60 overflow: 0.728 HPWL: 25551482
[NesterovSolve] Iter:   70 overflow: 0.729 HPWL: 25546069
[NesterovSolve] Iter:   80 overflow: 0.728 HPWL: 25544773
[NesterovSolve] Iter:   90 overflow: 0.727 HPWL: 25537087
[NesterovSolve] Iter:  100 overflow: 0.723 HPWL: 25533053
[NesterovSolve] Iter:  110 overflow: 0.720 HPWL: 25556347
[NesterovSolve] Iter:  120 overflow: 0.717 HPWL: 25601891
[NesterovSolve] Iter:  130 overflow: 0.714 HPWL: 25689208
[NesterovSolve] Iter:  140 overflow: 0.712 HPWL: 25835272
[NesterovSolve] Iter:  150 overflow: 0.711 HPWL: 26046641
[NesterovSolve] Iter:  160 overflow: 0.708 HPWL: 26308609
[NesterovSolve] Iter:  170 overflow: 0.702 HPWL: 26543742
[NesterovSolve] Iter:  180 overflow: 0.689 HPWL: 26700982
[NesterovSolve] Iter:  190 overflow: 0.684 HPWL: 26836437
[NesterovSolve] Iter:  200 overflow: 0.674 HPWL: 26850987
[NesterovSolve] Iter:  210 overflow: 0.663 HPWL: 26792643
[NesterovSolve] Iter:  220 overflow: 0.636 HPWL: 26644835
[NesterovSolve] Iter:  230 overflow: 0.601 HPWL: 26691826
[NesterovSolve] Snapshot saved at iter = 231
[NesterovSolve] Iter:  240 overflow: 0.560 HPWL: 26647225
[NesterovSolve] Iter:  250 overflow: 0.519 HPWL: 26728279
[NesterovSolve] Iter:  260 overflow: 0.483 HPWL: 26818627
[NesterovSolve] Iter:  270 overflow: 0.438 HPWL: 26621487
[NesterovSolve] Iter:  280 overflow: 0.397 HPWL: 26708899
[NesterovSolve] Iter:  290 overflow: 0.338 HPWL: 26810352
[NesterovSolve] Iter:  300 overflow: 0.298 HPWL: 26924861
[INFO GPL-0075] Routability numCall: 1 inflationIterCnt: 1 bloatIterCnt: 0
[INFO GPL-0036] TileBBox: (    0    0 ) ( 6900 6900 ) DBU
[INFO GPL-0038] TileCnt:      79  108
[INFO GPL-0040] NumTiles: 8532
[INFO GPL-0081] TotalRouteOverflow: 32.171735405921936
[INFO GPL-0082] OverflowTileCnt: 4633
[INFO GPL-0083] 0.5%RC: 1.0954219186028769
[INFO GPL-0084] 1.0%RC: 1.073280344175738
[INFO GPL-0085] 2.0%RC: 1.0555106171390467
[INFO GPL-0086] 5.0%RC: 1.0357299713675256
[INFO GPL-0087] FinalRC: 1.0843512
[INFO GPL-0078] FinalRC lower than minRC (1e+30), min RC updated.
[INFO GPL-0045] InflatedAreaDelta:      124.316 um^2
[INFO GPL-0046] TargetDensity:            0.747
[INFO GPL-0049] WhiteSpaceArea:      105865.283 um^2
[INFO GPL-0050] NesterovInstsArea:     3983.821 um^2
[INFO GPL-0051] TotalFillerArea:      75050.113 um^2
[INFO GPL-0052] TotalGCellsArea:      79033.934 um^2
[INFO GPL-0053] ExpectedGCellsArea:   79158.249 um^2
[INFO GPL-0054] NewTargetDensity:         0.748
[INFO GPL-0055] NewWhiteSpaceArea:   105865.283 um^2
[INFO GPL-0056] MovableArea:          79158.247 um^2
[INFO GPL-0057] NewNesterovInstArea:   4108.136 um^2
[INFO GPL-0058] NewTotalFillerArea:   75050.111 um^2
[INFO GPL-0059] NewTotalGCellsArea:   79158.247 um^2
[NesterovSolve] Revert back to snapshot coordi
[NesterovSolve] Iter:  310 overflow: 0.572 HPWL: 26589361
[NesterovSolve] Iter:  320 overflow: 0.540 HPWL: 26694213
[NesterovSolve] Iter:  330 overflow: 0.514 HPWL: 26706047
[NesterovSolve] Iter:  340 overflow: 0.481 HPWL: 26751676
[NesterovSolve] Iter:  350 overflow: 0.440 HPWL: 26606077
[NesterovSolve] Iter:  360 overflow: 0.391 HPWL: 26677617
[NesterovSolve] Iter:  370 overflow: 0.353 HPWL: 26764532
[NesterovSolve] Iter:  380 overflow: 0.317 HPWL: 26893230
[INFO GPL-0075] Routability numCall: 2 inflationIterCnt: 2 bloatIterCnt: 0
[INFO GPL-0036] TileBBox: (    0    0 ) ( 6900 6900 ) DBU
[INFO GPL-0038] TileCnt:      79  108
[INFO GPL-0040] NumTiles: 8532
[INFO GPL-0081] TotalRouteOverflow: 32.36143457889557
[INFO GPL-0082] OverflowTileCnt: 4633
[INFO GPL-0083] 0.5%RC: 1.0965926536293917
[INFO GPL-0084] 1.0%RC: 1.0733367149219957
[INFO GPL-0085] 2.0%RC: 1.0557307039785107
[INFO GPL-0086] 5.0%RC: 1.03600846436878
[INFO GPL-0087] FinalRC: 1.0849646
[INFO GPL-0079] MinRC (1.0843512) violation occurred, total count: 1.
[INFO GPL-0045] InflatedAreaDelta:      127.290 um^2
[INFO GPL-0046] TargetDensity:            0.748
[INFO GPL-0049] WhiteSpaceArea:      105865.283 um^2
[INFO GPL-0050] NesterovInstsArea:     4108.136 um^2
[INFO GPL-0051] TotalFillerArea:      75050.111 um^2
[INFO GPL-0052] TotalGCellsArea:      79158.247 um^2
[INFO GPL-0053] ExpectedGCellsArea:   79285.537 um^2
[INFO GPL-0054] NewTargetDensity:         0.749
[INFO GPL-0055] NewWhiteSpaceArea:   105865.283 um^2
[INFO GPL-0056] MovableArea:          79285.535 um^2
[INFO GPL-0057] NewNesterovInstArea:   4235.426 um^2
[INFO GPL-0058] NewTotalFillerArea:   75050.109 um^2
[INFO GPL-0059] NewTotalGCellsArea:   79285.535 um^2
[NesterovSolve] Revert back to snapshot coordi
[NesterovSolve] Iter:  390 overflow: 0.613 HPWL: 26725926
[NesterovSolve] Iter:  400 overflow: 0.580 HPWL: 26566260
[NesterovSolve] Iter:  410 overflow: 0.548 HPWL: 26748781
[NesterovSolve] Iter:  420 overflow: 0.511 HPWL: 26618315
[NesterovSolve] Iter:  430 overflow: 0.482 HPWL: 26687408
[NesterovSolve] Iter:  440 overflow: 0.433 HPWL: 26606154
[NesterovSolve] Iter:  450 overflow: 0.384 HPWL: 26681396
[NesterovSolve] Iter:  460 overflow: 0.344 HPWL: 26777627
[NesterovSolve] Iter:  470 overflow: 0.314 HPWL: 26895131
[INFO GPL-0075] Routability numCall: 3 inflationIterCnt: 3 bloatIterCnt: 0
[INFO GPL-0036] TileBBox: (    0    0 ) ( 6900 6900 ) DBU
[INFO GPL-0038] TileCnt:      79  108
[INFO GPL-0040] NumTiles: 8532
[INFO GPL-0081] TotalRouteOverflow: 31.934224605560303
[INFO GPL-0082] OverflowTileCnt: 4668
[INFO GPL-0083] 0.5%RC: 1.0939539587774942
[INFO GPL-0084] 1.0%RC: 1.0717732823172281
[INFO GPL-0085] 2.0%RC: 1.054303220838134
[INFO GPL-0086] 5.0%RC: 1.035183279799075
[INFO GPL-0087] FinalRC: 1.0828636
[INFO GPL-0078] FinalRC lower than minRC (1.0843512), min RC updated.
[INFO GPL-0045] InflatedAreaDelta:      128.734 um^2
[INFO GPL-0046] TargetDensity:            0.749
[INFO GPL-0049] WhiteSpaceArea:      105865.283 um^2
[INFO GPL-0050] NesterovInstsArea:     4235.426 um^2
[INFO GPL-0051] TotalFillerArea:      75050.109 um^2
[INFO GPL-0052] TotalGCellsArea:      79285.535 um^2
[INFO GPL-0053] ExpectedGCellsArea:   79414.269 um^2
[INFO GPL-0054] NewTargetDensity:         0.750
[INFO GPL-0055] NewWhiteSpaceArea:   105865.283 um^2
[INFO GPL-0056] MovableArea:          79414.272 um^2
[INFO GPL-0057] NewNesterovInstArea:   4364.160 um^2
[INFO GPL-0058] NewTotalFillerArea:   75050.112 um^2
[INFO GPL-0059] NewTotalGCellsArea:   79414.272 um^2
[NesterovSolve] Revert back to snapshot coordi
[NesterovSolve] Iter:  480 overflow: 0.613 HPWL: 26634898
[NesterovSolve] Iter:  490 overflow: 0.583 HPWL: 26585980
[NesterovSolve] Iter:  500 overflow: 0.552 HPWL: 26755011
[NesterovSolve] Iter:  510 overflow: 0.513 HPWL: 26670235
[NesterovSolve] Iter:  520 overflow: 0.475 HPWL: 26568992
[NesterovSolve] Iter:  530 overflow: 0.429 HPWL: 26607374
[NesterovSolve] Iter:  540 overflow: 0.367 HPWL: 26669676
[NesterovSolve] Iter:  550 overflow: 0.337 HPWL: 26783900
[NesterovSolve] Iter:  560 overflow: 0.297 HPWL: 26894705
[INFO GPL-0075] Routability numCall: 4 inflationIterCnt: 4 bloatIterCnt: 0
[INFO GPL-0036] TileBBox: (    0    0 ) ( 6900 6900 ) DBU
[INFO GPL-0038] TileCnt:      79  108
[INFO GPL-0040] NumTiles: 8532
[INFO GPL-0081] TotalRouteOverflow: 31.737555623054504
[INFO GPL-0082] OverflowTileCnt: 4633
[INFO GPL-0083] 0.5%RC: 1.0954576897066692
[INFO GPL-0084] 1.0%RC: 1.0724166548529337
[INFO GPL-0085] 2.0%RC: 1.0540543348468534
[INFO GPL-0086] 5.0%RC: 1.0348767966241412
[INFO GPL-0087] FinalRC: 1.0839372
[INFO GPL-0079] MinRC (1.0828636) violation occurred, total count: 1.
[INFO GPL-0045] InflatedAreaDelta:      121.951 um^2
[INFO GPL-0046] TargetDensity:            0.750
[INFO GPL-0049] WhiteSpaceArea:      105865.283 um^2
[INFO GPL-0050] NesterovInstsArea:     4364.160 um^2
[INFO GPL-0051] TotalFillerArea:      75050.112 um^2
[INFO GPL-0052] TotalGCellsArea:      79414.272 um^2
[INFO GPL-0053] ExpectedGCellsArea:   79536.223 um^2
[INFO GPL-0054] NewTargetDensity:         0.751
[INFO GPL-0055] NewWhiteSpaceArea:   105865.283 um^2
[INFO GPL-0056] MovableArea:          79536.226 um^2
[INFO GPL-0057] NewNesterovInstArea:   4486.111 um^2
[INFO GPL-0058] NewTotalFillerArea:   75050.115 um^2
[INFO GPL-0059] NewTotalGCellsArea:   79536.226 um^2
[NesterovSolve] Revert back to snapshot coordi
[NesterovSolve] Iter:  570 overflow: 0.607 HPWL: 26576737
[NesterovSolve] Iter:  580 overflow: 0.577 HPWL: 26692807
[NesterovSolve] Iter:  590 overflow: 0.547 HPWL: 26670648
[NesterovSolve] Iter:  600 overflow: 0.510 HPWL: 26711598
[NesterovSolve] Iter:  610 overflow: 0.467 HPWL: 26576955
[NesterovSolve] Iter:  620 overflow: 0.400 HPWL: 26607756
[NesterovSolve] Iter:  630 overflow: 0.352 HPWL: 26679688
[NesterovSolve] Iter:  640 overflow: 0.320 HPWL: 26813486
[INFO GPL-0075] Routability numCall: 5 inflationIterCnt: 0 bloatIterCnt: 1
[INFO GPL-0036] TileBBox: (    0    0 ) ( 6900 6900 ) DBU
[INFO GPL-0038] TileCnt:      79  108
[INFO GPL-0040] NumTiles: 8532
[INFO GPL-0081] TotalRouteOverflow: 31.295945048332214
[INFO GPL-0082] OverflowTileCnt: 4668
[INFO GPL-0083] 0.5%RC: 1.094176968862844
[INFO GPL-0084] 1.0%RC: 1.071498600549476
[INFO GPL-0085] 2.0%RC: 1.053078802008378
[INFO GPL-0086] 5.0%RC: 1.0341802363652535
[INFO GPL-0087] FinalRC: 1.0828378
[INFO GPL-0079] MinRC (1.0828636) violation occurred, total count: 2.
[INFO GPL-0045] InflatedAreaDelta:      128.444 um^2
[INFO GPL-0046] TargetDensity:            0.751
[INFO GPL-0049] WhiteSpaceArea:      105865.283 um^2
[INFO GPL-0050] NesterovInstsArea:     4486.111 um^2
[INFO GPL-0051] TotalFillerArea:      75050.115 um^2
[INFO GPL-0052] TotalGCellsArea:      79536.226 um^2
[INFO GPL-0053] ExpectedGCellsArea:   79664.670 um^2
[INFO GPL-0054] NewTargetDensity:         0.753
[INFO GPL-0055] NewWhiteSpaceArea:   105865.283 um^2
[INFO GPL-0056] MovableArea:          79664.669 um^2
[INFO GPL-0057] NewNesterovInstArea:   4614.555 um^2
[INFO GPL-0058] NewTotalFillerArea:   75050.113 um^2
[INFO GPL-0059] NewTotalGCellsArea:   79664.669 um^2
[NesterovSolve] Revert back to snapshot coordi
[NesterovSolve] Iter:  650 overflow: 0.644 HPWL: 26723238
[NesterovSolve] Iter:  660 overflow: 0.614 HPWL: 26557685
[NesterovSolve] Iter:  670 overflow: 0.584 HPWL: 26725048
[NesterovSolve] Iter:  680 overflow: 0.537 HPWL: 26579649
[NesterovSolve] Iter:  690 overflow: 0.505 HPWL: 26659086
[NesterovSolve] Iter:  700 overflow: 0.456 HPWL: 26560199
[NesterovSolve] Iter:  710 overflow: 0.384 HPWL: 26581932
[NesterovSolve] Iter:  720 overflow: 0.349 HPWL: 26663705
[NesterovSolve] Iter:  730 overflow: 0.308 HPWL: 26748592
[INFO GPL-0075] Routability numCall: 6 inflationIterCnt: 1 bloatIterCnt: 1
[INFO GPL-0036] TileBBox: (    0    0 ) ( 6900 6900 ) DBU
[INFO GPL-0038] TileCnt:      79  108
[INFO GPL-0040] NumTiles: 8532
[INFO GPL-0081] TotalRouteOverflow: 30.37055778503418
[INFO GPL-0082] OverflowTileCnt: 4633
[INFO GPL-0083] 0.5%RC: 1.0908583818480027
[INFO GPL-0084] 1.0%RC: 1.0685172801794007
[INFO GPL-0085] 2.0%RC: 1.0500340677841364
[INFO GPL-0086] 5.0%RC: 1.0324427578990856
[INFO GPL-0087] FinalRC: 1.0796878
[INFO GPL-0078] FinalRC lower than minRC (1.0828636), min RC updated.
[INFO GPL-0045] InflatedAreaDelta:      117.290 um^2
[INFO GPL-0046] TargetDensity:            0.753
[INFO GPL-0049] WhiteSpaceArea:      105865.283 um^2
[INFO GPL-0050] NesterovInstsArea:     4614.555 um^2
[INFO GPL-0051] TotalFillerArea:      75050.113 um^2
[INFO GPL-0052] TotalGCellsArea:      79664.669 um^2
[INFO GPL-0053] ExpectedGCellsArea:   79781.959 um^2
[INFO GPL-0054] NewTargetDensity:         0.754
[INFO GPL-0055] NewWhiteSpaceArea:   105865.283 um^2
[INFO GPL-0056] MovableArea:          79781.962 um^2
[INFO GPL-0057] NewNesterovInstArea:   4731.845 um^2
[INFO GPL-0058] NewTotalFillerArea:   75050.116 um^2
[INFO GPL-0059] NewTotalGCellsArea:   79781.962 um^2
[NesterovSolve] Revert back to snapshot coordi
[NesterovSolve] Iter:  740 overflow: 0.646 HPWL: 26706130
[NesterovSolve] Iter:  750 overflow: 0.620 HPWL: 26563501
[NesterovSolve] Iter:  760 overflow: 0.585 HPWL: 26705477
[NesterovSolve] Iter:  770 overflow: 0.539 HPWL: 26574598
[NesterovSolve] Iter:  780 overflow: 0.504 HPWL: 26521231
[NesterovSolve] Iter:  790 overflow: 0.440 HPWL: 26544485
[NesterovSolve] Iter:  800 overflow: 0.381 HPWL: 26570102
[NesterovSolve] Iter:  810 overflow: 0.353 HPWL: 26620396
[NesterovSolve] Iter:  820 overflow: 0.314 HPWL: 26634995
[INFO GPL-0075] Routability numCall: 7 inflationIterCnt: 2 bloatIterCnt: 1
[INFO GPL-0036] TileBBox: (    0    0 ) ( 6900 6900 ) DBU
[INFO GPL-0038] TileCnt:      79  108
[INFO GPL-0040] NumTiles: 8532
[INFO GPL-0081] TotalRouteOverflow: 29.280762791633606
[INFO GPL-0082] OverflowTileCnt: 4668
[INFO GPL-0083] 0.5%RC: 1.0866472305253494
[INFO GPL-0084] 1.0%RC: 1.063808497994445
[INFO GPL-0085] 2.0%RC: 1.046319628319545
[INFO GPL-0086] 5.0%RC: 1.0306605039212409
[INFO GPL-0087] FinalRC: 1.0752279
[INFO GPL-0078] FinalRC lower than minRC (1.0796878), min RC updated.
[INFO GPL-0045] InflatedAreaDelta:       93.458 um^2
[INFO GPL-0046] TargetDensity:            0.754
[INFO GPL-0049] WhiteSpaceArea:      105865.283 um^2
[INFO GPL-0050] NesterovInstsArea:     4731.845 um^2
[INFO GPL-0051] TotalFillerArea:      75050.116 um^2
[INFO GPL-0052] TotalGCellsArea:      79781.962 um^2
[INFO GPL-0053] ExpectedGCellsArea:   79875.420 um^2
[INFO GPL-0054] NewTargetDensity:         0.755
[INFO GPL-0055] NewWhiteSpaceArea:   105865.283 um^2
[INFO GPL-0056] MovableArea:          79875.416 um^2
[INFO GPL-0057] NewNesterovInstArea:   4825.304 um^2
[INFO GPL-0058] NewTotalFillerArea:   75050.112 um^2
[INFO GPL-0059] NewTotalGCellsArea:   79875.416 um^2
[NesterovSolve] Revert back to snapshot coordi
[NesterovSolve] Iter:  830 overflow: 0.646 HPWL: 26661011
[NesterovSolve] Iter:  840 overflow: 0.621 HPWL: 26588148
[NesterovSolve] Iter:  850 overflow: 0.580 HPWL: 26664785
[NesterovSolve] Iter:  860 overflow: 0.539 HPWL: 26599850
[NesterovSolve] Iter:  870 overflow: 0.499 HPWL: 26512531
[NesterovSolve] Iter:  880 overflow: 0.433 HPWL: 26502242
[NesterovSolve] Iter:  890 overflow: 0.380 HPWL: 26533288
[NesterovSolve] Iter:  900 overflow: 0.341 HPWL: 26555419
[NesterovSolve] Iter:  910 overflow: 0.300 HPWL: 26517999
[INFO GPL-0075] Routability numCall: 8 inflationIterCnt: 3 bloatIterCnt: 1
[INFO GPL-0036] TileBBox: (    0    0 ) ( 6900 6900 ) DBU
[INFO GPL-0038] TileCnt:      79  108
[INFO GPL-0040] NumTiles: 8532
[INFO GPL-0081] TotalRouteOverflow: 28.99344229698181
[INFO GPL-0082] OverflowTileCnt: 4633
[INFO GPL-0083] 0.5%RC: 1.0832750325979188
[INFO GPL-0084] 1.0%RC: 1.0633933779805205
[INFO GPL-0085] 2.0%RC: 1.0459692401495593
[INFO GPL-0086] 5.0%RC: 1.0303482048963775
[INFO GPL-0087] FinalRC: 1.0733342
[INFO GPL-0078] FinalRC lower than minRC (1.0752279), min RC updated.
[INFO GPL-0045] InflatedAreaDelta:      121.901 um^2
[INFO GPL-0046] TargetDensity:            0.755
[INFO GPL-0049] WhiteSpaceArea:      105865.283 um^2
[INFO GPL-0050] NesterovInstsArea:     4825.304 um^2
[INFO GPL-0051] TotalFillerArea:      75050.112 um^2
[INFO GPL-0052] TotalGCellsArea:      79875.416 um^2
[INFO GPL-0053] ExpectedGCellsArea:   79997.317 um^2
[INFO GPL-0054] NewTargetDensity:         0.756
[INFO GPL-0055] NewWhiteSpaceArea:   105865.283 um^2
[INFO GPL-0056] MovableArea:          79997.313 um^2
[INFO GPL-0057] NewNesterovInstArea:   4947.205 um^2
[INFO GPL-0058] NewTotalFillerArea:   75050.108 um^2
[INFO GPL-0059] NewTotalGCellsArea:   79997.313 um^2
[NesterovSolve] Revert back to snapshot coordi
[NesterovSolve] Iter:  920 overflow: 0.641 HPWL: 26574278
[NesterovSolve] Iter:  930 overflow: 0.615 HPWL: 26672039
[NesterovSolve] Iter:  940 overflow: 0.572 HPWL: 26621885
[NesterovSolve] Iter:  950 overflow: 0.536 HPWL: 26643249
[NesterovSolve] Iter:  960 overflow: 0.487 HPWL: 26522810
[NesterovSolve] Iter:  970 overflow: 0.421 HPWL: 26479845
[NesterovSolve] Iter:  980 overflow: 0.362 HPWL: 26518280
[NesterovSolve] Iter:  990 overflow: 0.323 HPWL: 26526689
[INFO GPL-0075] Routability numCall: 9 inflationIterCnt: 4 bloatIterCnt: 1
[INFO GPL-0036] TileBBox: (    0    0 ) ( 6900 6900 ) DBU
[INFO GPL-0038] TileCnt:      79  108
[INFO GPL-0040] NumTiles: 8532
[INFO GPL-0081] TotalRouteOverflow: 28.557658553123474
[INFO GPL-0082] OverflowTileCnt: 4633
[INFO GPL-0083] 0.5%RC: 1.0834530120672181
[INFO GPL-0084] 1.0%RC: 1.0609116526537163
[INFO GPL-0085] 2.0%RC: 1.0440467958561859
[INFO GPL-0086] 5.0%RC: 1.0291429693860807
[INFO GPL-0087] FinalRC: 1.0721823
[INFO GPL-0078] FinalRC lower than minRC (1.0733342), min RC updated.
[INFO GPL-0045] InflatedAreaDelta:       75.720 um^2
[INFO GPL-0046] TargetDensity:            0.756
[INFO GPL-0049] WhiteSpaceArea:      105865.283 um^2
[INFO GPL-0050] NesterovInstsArea:     4947.205 um^2
[INFO GPL-0051] TotalFillerArea:      75050.108 um^2
[INFO GPL-0052] TotalGCellsArea:      79997.313 um^2
[INFO GPL-0053] ExpectedGCellsArea:   80073.033 um^2
[INFO GPL-0054] NewTargetDensity:         0.756
[INFO GPL-0055] NewWhiteSpaceArea:   105865.283 um^2
[INFO GPL-0056] MovableArea:          80073.032 um^2
[INFO GPL-0057] NewNesterovInstArea:   5022.925 um^2
[INFO GPL-0058] NewTotalFillerArea:   75050.107 um^2
[INFO GPL-0059] NewTotalGCellsArea:   80073.032 um^2
[NesterovSolve] Revert back to snapshot coordi
[NesterovSolve] Iter: 1000 overflow: 0.667 HPWL: 26695740
[NesterovSolve] Iter: 1010 overflow: 0.643 HPWL: 26561031
[NesterovSolve] Iter: 1020 overflow: 0.602 HPWL: 26733149
[NesterovSolve] Iter: 1030 overflow: 0.558 HPWL: 26559019
[NesterovSolve] Iter: 1040 overflow: 0.527 HPWL: 26631956
[NesterovSolve] Iter: 1050 overflow: 0.463 HPWL: 26508867
[NesterovSolve] Iter: 1060 overflow: 0.396 HPWL: 26446670
[NesterovSolve] Iter: 1070 overflow: 0.347 HPWL: 26471268
[NesterovSolve] Iter: 1080 overflow: 0.305 HPWL: 26445372
[INFO GPL-0075] Routability numCall: 10 inflationIterCnt: 0 bloatIterCnt: 2
[INFO GPL-0036] TileBBox: (    0    0 ) ( 6900 6900 ) DBU
[INFO GPL-0038] TileCnt:      79  108
[INFO GPL-0040] NumTiles: 8532
[INFO GPL-0081] TotalRouteOverflow: 28.52539086341858
[INFO GPL-0082] OverflowTileCnt: 4633
[INFO GPL-0083] 0.5%RC: 1.0831120014190674
[INFO GPL-0084] 1.0%RC: 1.0624899725581325
[INFO GPL-0085] 2.0%RC: 1.045040940680699
[INFO GPL-0086] 5.0%RC: 1.029565742758454
[INFO GPL-0087] FinalRC: 1.072801
[INFO GPL-0079] MinRC (1.0721823) violation occurred, total count: 1.
[INFO GPL-0045] InflatedAreaDelta:       79.871 um^2
[INFO GPL-0046] TargetDensity:            0.756
[INFO GPL-0049] WhiteSpaceArea:      105865.283 um^2
[INFO GPL-0050] NesterovInstsArea:     5022.925 um^2
[INFO GPL-0051] TotalFillerArea:      75050.107 um^2
[INFO GPL-0052] TotalGCellsArea:      80073.032 um^2
[INFO GPL-0053] ExpectedGCellsArea:   80152.902 um^2
[INFO GPL-0054] NewTargetDensity:         0.757
[INFO GPL-0055] NewWhiteSpaceArea:   105865.283 um^2
[INFO GPL-0056] MovableArea:          80152.904 um^2
[INFO GPL-0057] NewNesterovInstArea:   5102.795 um^2
[INFO GPL-0058] NewTotalFillerArea:   75050.108 um^2
[INFO GPL-0059] NewTotalGCellsArea:   80152.904 um^2
[NesterovSolve] Revert back to snapshot coordi
[NesterovSolve] Iter: 1090 overflow: 0.658 HPWL: 26604455
[NesterovSolve] Iter: 1100 overflow: 0.636 HPWL: 26634734
[NesterovSolve] Iter: 1110 overflow: 0.591 HPWL: 26668046
[NesterovSolve] Iter: 1120 overflow: 0.552 HPWL: 26611616
[NesterovSolve] Iter: 1130 overflow: 0.508 HPWL: 26503362
[NesterovSolve] Iter: 1140 overflow: 0.440 HPWL: 26462688
[NesterovSolve] Iter: 1150 overflow: 0.366 HPWL: 26427891
[NesterovSolve] Iter: 1160 overflow: 0.315 HPWL: 26366194
[INFO GPL-0075] Routability numCall: 11 inflationIterCnt: 1 bloatIterCnt: 2
[INFO GPL-0036] TileBBox: (    0    0 ) ( 6900 6900 ) DBU
[INFO GPL-0038] TileCnt:      79  108
[INFO GPL-0040] NumTiles: 8532
[INFO GPL-0081] TotalRouteOverflow: 28.13152813911438
[INFO GPL-0082] OverflowTileCnt: 4633
[INFO GPL-0083] 0.5%RC: 1.081796221954878
[INFO GPL-0084] 1.0%RC: 1.0605472215386325
[INFO GPL-0085] 2.0%RC: 1.043869471689414
[INFO GPL-0086] 5.0%RC: 1.028697366457633
[INFO GPL-0087] FinalRC: 1.0711718
[INFO GPL-0078] FinalRC lower than minRC (1.0721823), min RC updated.
[INFO GPL-0045] InflatedAreaDelta:       84.279 um^2
[INFO GPL-0046] TargetDensity:            0.757
[INFO GPL-0049] WhiteSpaceArea:      105865.283 um^2
[INFO GPL-0050] NesterovInstsArea:     5102.795 um^2
[INFO GPL-0051] TotalFillerArea:      75050.108 um^2
[INFO GPL-0052] TotalGCellsArea:      80152.904 um^2
[INFO GPL-0053] ExpectedGCellsArea:   80237.183 um^2
[INFO GPL-0054] NewTargetDensity:         0.758
[INFO GPL-0055] NewWhiteSpaceArea:   105865.283 um^2
[INFO GPL-0056] MovableArea:          80237.183 um^2
[INFO GPL-0057] NewNesterovInstArea:   5187.074 um^2
[INFO GPL-0058] NewTotalFillerArea:   75050.109 um^2
[INFO GPL-0059] NewTotalGCellsArea:   80237.183 um^2
[NesterovSolve] Revert back to snapshot coordi
[NesterovSolve] Iter: 1170 overflow: 0.668 HPWL: 26664132
[NesterovSolve] Iter: 1180 overflow: 0.644 HPWL: 26590757
[NesterovSolve] Iter: 1190 overflow: 0.601 HPWL: 26640952
[NesterovSolve] Iter: 1200 overflow: 0.555 HPWL: 26545640
[NesterovSolve] Iter: 1210 overflow: 0.512 HPWL: 26491324
[NesterovSolve] Iter: 1220 overflow: 0.444 HPWL: 26430251
[NesterovSolve] Iter: 1230 overflow: 0.374 HPWL: 26381800
[NesterovSolve] Iter: 1240 overflow: 0.324 HPWL: 26314559
[INFO GPL-0075] Routability numCall: 12 inflationIterCnt: 2 bloatIterCnt: 2
[INFO GPL-0036] TileBBox: (    0    0 ) ( 6900 6900 ) DBU
[INFO GPL-0038] TileCnt:      79  108
[INFO GPL-0040] NumTiles: 8532
[INFO GPL-0081] TotalRouteOverflow: 27.995054364204407
[INFO GPL-0082] OverflowTileCnt: 4633
[INFO GPL-0083] 0.5%RC: 1.079950773438742
[INFO GPL-0084] 1.0%RC: 1.0594995798066604
[INFO GPL-0085] 2.0%RC: 1.0430792047266375
[INFO GPL-0086] 5.0%RC: 1.0286208474943175
[INFO GPL-0087] FinalRC: 1.0697252
[INFO GPL-0078] FinalRC lower than minRC (1.0711718), min RC updated.
[INFO GPL-0045] InflatedAreaDelta:       79.941 um^2
[INFO GPL-0046] TargetDensity:            0.758
[INFO GPL-0049] WhiteSpaceArea:      105865.283 um^2
[INFO GPL-0050] NesterovInstsArea:     5187.074 um^2
[INFO GPL-0051] TotalFillerArea:      75050.109 um^2
[INFO GPL-0052] TotalGCellsArea:      80237.183 um^2
[INFO GPL-0053] ExpectedGCellsArea:   80317.124 um^2
[INFO GPL-0054] NewTargetDensity:         0.759
[INFO GPL-0055] NewWhiteSpaceArea:   105865.283 um^2
[INFO GPL-0056] MovableArea:          80317.121 um^2
[INFO GPL-0057] NewNesterovInstArea:   5267.016 um^2
[INFO GPL-0058] NewTotalFillerArea:   75050.105 um^2
[INFO GPL-0059] NewTotalGCellsArea:   80317.121 um^2
[NesterovSolve] Revert back to snapshot coordi
[NesterovSolve] Iter: 1250 overflow: 0.671 HPWL: 26664596
[NesterovSolve] Iter: 1260 overflow: 0.648 HPWL: 26591446
[NesterovSolve] Iter: 1270 overflow: 0.605 HPWL: 26630936
[NesterovSolve] Iter: 1280 overflow: 0.552 HPWL: 26532814
[NesterovSolve] Iter: 1290 overflow: 0.517 HPWL: 26471356
[NesterovSolve] Iter: 1300 overflow: 0.461 HPWL: 26401853
[NesterovSolve] Iter: 1310 overflow: 0.364 HPWL: 26292047
[NesterovSolve] Iter: 1320 overflow: 0.311 HPWL: 26179870
[INFO GPL-0075] Routability numCall: 13 inflationIterCnt: 3 bloatIterCnt: 2
[INFO GPL-0036] TileBBox: (    0    0 ) ( 6900 6900 ) DBU
[INFO GPL-0038] TileCnt:      79  108
[INFO GPL-0040] NumTiles: 8532
[INFO GPL-0081] TotalRouteOverflow: 27.43016254901886
[INFO GPL-0082] OverflowTileCnt: 4633
[INFO GPL-0083] 0.5%RC: 1.0768060517865559
[INFO GPL-0084] 1.0%RC: 1.0566738372625306
[INFO GPL-0085] 2.0%RC: 1.0415196774298685
[INFO GPL-0086] 5.0%RC: 1.027319350343119
[INFO GPL-0087] FinalRC: 1.0667399
[INFO GPL-0078] FinalRC lower than minRC (1.0697252), min RC updated.
[INFO GPL-0045] InflatedAreaDelta:       52.297 um^2
[INFO GPL-0046] TargetDensity:            0.759
[INFO GPL-0049] WhiteSpaceArea:      105865.283 um^2
[INFO GPL-0050] NesterovInstsArea:     5267.016 um^2
[INFO GPL-0051] TotalFillerArea:      75050.105 um^2
[INFO GPL-0052] TotalGCellsArea:      80317.121 um^2
[INFO GPL-0053] ExpectedGCellsArea:   80369.418 um^2
[INFO GPL-0054] NewTargetDensity:         0.759
[INFO GPL-0055] NewWhiteSpaceArea:   105865.283 um^2
[INFO GPL-0056] MovableArea:          80369.418 um^2
[INFO GPL-0057] NewNesterovInstArea:   5319.313 um^2
[INFO GPL-0058] NewTotalFillerArea:   75050.105 um^2
[INFO GPL-0059] NewTotalGCellsArea:   80369.418 um^2
[NesterovSolve] Revert back to snapshot coordi
[NesterovSolve] Iter: 1330 overflow: 0.669 HPWL: 26607822
[NesterovSolve] Iter: 1340 overflow: 0.648 HPWL: 26628602
[NesterovSolve] Iter: 1350 overflow: 0.603 HPWL: 26637439
[NesterovSolve] Iter: 1360 overflow: 0.553 HPWL: 26579732
[NesterovSolve] Iter: 1370 overflow: 0.513 HPWL: 26479506
[NesterovSolve] Iter: 1380 overflow: 0.446 HPWL: 26394444
[NesterovSolve] Iter: 1390 overflow: 0.359 HPWL: 26252701
[INFO GPL-0075] Routability numCall: 14 inflationIterCnt: 4 bloatIterCnt: 2
[INFO GPL-0036] TileBBox: (    0    0 ) ( 6900 6900 ) DBU
[INFO GPL-0038] TileCnt:      79  108
[INFO GPL-0040] NumTiles: 8532
[INFO GPL-0081] TotalRouteOverflow: 27.56292712688446
[INFO GPL-0082] OverflowTileCnt: 4633
[INFO GPL-0083] 0.5%RC: 1.0769589141357776
[INFO GPL-0084] 1.0%RC: 1.056653359601664
[INFO GPL-0085] 2.0%RC: 1.041237789985032
[INFO GPL-0086] 5.0%RC: 1.0272224211860317
[INFO GPL-0087] FinalRC: 1.0668061
[INFO GPL-0079] MinRC (1.0667399) violation occurred, total count: 1.
[INFO GPL-0045] InflatedAreaDelta:       56.571 um^2
[INFO GPL-0046] TargetDensity:            0.759
[INFO GPL-0049] WhiteSpaceArea:      105865.283 um^2
[INFO GPL-0050] NesterovInstsArea:     5319.313 um^2
[INFO GPL-0051] TotalFillerArea:      75050.105 um^2
[INFO GPL-0052] TotalGCellsArea:      80369.418 um^2
[INFO GPL-0053] ExpectedGCellsArea:   80425.990 um^2
[INFO GPL-0054] NewTargetDensity:         0.760
[INFO GPL-0055] NewWhiteSpaceArea:   105865.283 um^2
[INFO GPL-0056] MovableArea:          80425.992 um^2
[INFO GPL-0057] NewNesterovInstArea:   5375.884 um^2
[INFO GPL-0058] NewTotalFillerArea:   75050.108 um^2
[INFO GPL-0059] NewTotalGCellsArea:   80425.992 um^2
[NesterovSolve] Revert back to snapshot coordi
[NesterovSolve] Iter: 1400 overflow: 0.697 HPWL: 26726054
[NesterovSolve] Iter: 1410 overflow: 0.663 HPWL: 26593613
[NesterovSolve] Iter: 1420 overflow: 0.636 HPWL: 26641177
[NesterovSolve] Iter: 1430 overflow: 0.589 HPWL: 26517120
[NesterovSolve] Iter: 1440 overflow: 0.555 HPWL: 26582478
[NesterovSolve] Iter: 1450 overflow: 0.499 HPWL: 26455608
[NesterovSolve] Iter: 1460 overflow: 0.409 HPWL: 26323901
[NesterovSolve] Iter: 1470 overflow: 0.343 HPWL: 26180439
[INFO GPL-0075] Routability numCall: 15 inflationIterCnt: 0 bloatIterCnt: 3
[INFO GPL-0036] TileBBox: (    0    0 ) ( 6900 6900 ) DBU
[INFO GPL-0038] TileCnt:      79  108
[INFO GPL-0040] NumTiles: 8532
[INFO GPL-0081] TotalRouteOverflow: 27.480920672416687
[INFO GPL-0082] OverflowTileCnt: 4633
[INFO GPL-0083] 0.5%RC: 1.0772670424261759
[INFO GPL-0084] 1.0%RC: 1.0568910352019376
[INFO GPL-0085] 2.0%RC: 1.040901051627265
[INFO GPL-0086] 5.0%RC: 1.0271947626766054
[INFO GPL-0087] FinalRC: 1.0670791
[INFO GPL-0079] MinRC (1.0667399) violation occurred, total count: 2.
[INFO GPL-0045] InflatedAreaDelta:       56.423 um^2
[INFO GPL-0046] TargetDensity:            0.760
[INFO GPL-0049] WhiteSpaceArea:      105865.283 um^2
[INFO GPL-0050] NesterovInstsArea:     5375.884 um^2
[INFO GPL-0051] TotalFillerArea:      75050.108 um^2
[INFO GPL-0052] TotalGCellsArea:      80425.992 um^2
[INFO GPL-0053] ExpectedGCellsArea:   80482.416 um^2
[INFO GPL-0054] NewTargetDensity:         0.760
[INFO GPL-0055] NewWhiteSpaceArea:   105865.283 um^2
[INFO GPL-0056] MovableArea:          80482.419 um^2
[INFO GPL-0057] NewNesterovInstArea:   5432.308 um^2
[INFO GPL-0058] NewTotalFillerArea:   75050.111 um^2
[INFO GPL-0059] NewTotalGCellsArea:   80482.419 um^2
[NesterovSolve] Revert back to snapshot coordi
[NesterovSolve] Iter: 1480 overflow: 0.690 HPWL: 26764835
[NesterovSolve] Iter: 1490 overflow: 0.660 HPWL: 26576212
[NesterovSolve] Iter: 1500 overflow: 0.627 HPWL: 26648776
[NesterovSolve] Iter: 1510 overflow: 0.570 HPWL: 26460121
[NesterovSolve] Iter: 1520 overflow: 0.544 HPWL: 26496830
[NesterovSolve] Iter: 1530 overflow: 0.475 HPWL: 26397044
[NesterovSolve] Iter: 1540 overflow: 0.379 HPWL: 26252444
[NesterovSolve] Iter: 1550 overflow: 0.309 HPWL: 26186027
[INFO GPL-0075] Routability numCall: 16 inflationIterCnt: 1 bloatIterCnt: 3
[INFO GPL-0036] TileBBox: (    0    0 ) ( 6900 6900 ) DBU
[INFO GPL-0038] TileCnt:      79  108
[INFO GPL-0040] NumTiles: 8532
[INFO GPL-0081] TotalRouteOverflow: 27.230507493019104
[INFO GPL-0082] OverflowTileCnt: 4633
[INFO GPL-0083] 0.5%RC: 1.0778718549151753
[INFO GPL-0084] 1.0%RC: 1.0570553957029831
[INFO GPL-0085] 2.0%RC: 1.040857071764985
[INFO GPL-0086] 5.0%RC: 1.0268344047197973
[INFO GPL-0087] FinalRC: 1.0674636
[INFO GPL-0079] MinRC (1.0667399) violation occurred, total count: 3.
[INFO GPL-0045] InflatedAreaDelta:       90.412 um^2
[INFO GPL-0046] TargetDensity:            0.760
Revert Routability Procedure. Target density higher than max, or minRC max violations.
[INFO GPL-0080] minRcViolatedCnt: 3
[INFO GPL-0047] SavedMinRC: 1.0667
[INFO GPL-0048] SavedTargetDensity: 0.7587
[NesterovSolve] Revert back to snapshot coordi
[NesterovSolve] Iter: 1560 overflow: 0.646 HPWL: 26603912
[NesterovSolve] Iter: 1570 overflow: 0.625 HPWL: 26628415
[NesterovSolve] Iter: 1580 overflow: 0.582 HPWL: 26640724
[NesterovSolve] Iter: 1590 overflow: 0.532 HPWL: 26577960
[NesterovSolve] Iter: 1600 overflow: 0.495 HPWL: 26474536
[NesterovSolve] Iter: 1610 overflow: 0.439 HPWL: 26383217
[NesterovSolve] Iter: 1620 overflow: 0.347 HPWL: 26276429
[NesterovSolve] Iter: 1630 overflow: 0.292 HPWL: 26182670
[NesterovSolve] Iter: 1640 overflow: 0.235 HPWL: 26226695
[NesterovSolve] Iter: 1650 overflow: 0.208 HPWL: 26347005
[NesterovSolve] Iter: 1660 overflow: 0.190 HPWL: 26420721
[NesterovSolve] Iter: 1670 overflow: 0.157 HPWL: 26513737
[NesterovSolve] Iter: 1680 overflow: 0.136 HPWL: 26612705
[NesterovSolve] Iter: 1690 overflow: 0.125 HPWL: 26636335
[NesterovSolve] Iter: 1700 overflow: 0.116 HPWL: 26690407
[NesterovSolve] Finished with Overflow: 0.098959
[INFO] Setting RC values…
Setting global connections for newly added cells…
[INFO] Setting global connections...
mem_i.* matched with mem_i0
mem_i.* matched with mem_i1
Updating metrics…
Cell type report:                       Count       Area
  Macro                                     2  247030.69
  Fill cell                               962    3610.96
  Tap cell                               1530    1914.34
  Inverter                                 39     146.39
  Sequential cell                          59    1380.07
  Multi-Input combinational cell          254    2457.36
  Total                                  2846  256539.81
Writing OpenROAD database to '/home/thanh/NCO/runs/RUN_2025-03-06_16-06-07/27-openroad-globalplacement/counter.odb'…
Writing netlist to '/home/thanh/NCO/runs/RUN_2025-03-06_16-06-07/27-openroad-globalplacement/counter.nl.v'…
Writing powered netlist to '/home/thanh/NCO/runs/RUN_2025-03-06_16-06-07/27-openroad-globalplacement/counter.pnl.v'…
Writing layout to '/home/thanh/NCO/runs/RUN_2025-03-06_16-06-07/27-openroad-globalplacement/counter.def'…
Writing timing constraints to '/home/thanh/NCO/runs/RUN_2025-03-06_16-06-07/27-openroad-globalplacement/counter.sdc'…
