Clock: clk
Sources: clk 
Generated: no
Virtual: yes
Propagated: no
Period: 5.100000

===========================================================================
report_clock_properties
============================================================================
Clock                   Period          Waveform
----------------------------------------------------
clk                   5.100000    0.000000  2.550000

===========================================================================
report_clock_latency
============================================================================
Clock clk
rise -> rise
    min     max
0.000000 0.000000 source latency
1.286715         network latency mem_i0/clk1
        1.341591 network latency mem_i1/clk1
---------------
1.286715 1.341591 latency
        0.054876 skew

fall -> fall
    min     max
0.000000 0.000000 source latency
1.055767         network latency mem_i0/clk1
        1.098332 network latency mem_i1/clk1
---------------
1.055767 1.098332 latency
        0.042565 skew



===========================================================================
report_clock_min_period
============================================================================
clk period_min = 3.39 fmax = 294.79
