Reading OpenROAD database at '/home/thanh/NCO/runs/RUN_2025-03-04_06-37-57/53-odb-cellfrequencytables/counter.odb'…
Reading library file at '/home/thanh/.volare/volare/sky130/versions/0fe599b2afb6708d281543108caf8310912f54af/sky130A/libs.ref/sky130_fd_sc_hd/lib/sky130_fd_sc_hd__tt_025C_1v80.lib'…
Reading design constraints file at '/home/thanh/NCO/counter.sdc'…
[INFO] Setting RC values…
[WARNING STA-1648] /home/thanh/NCO/runs/RUN_2025-03-04_06-37-57/54-openroad-rcx/nom/counter.nom.spef line 5857, instance ANTENNA_mem_i_addr0\[0\] not found.
[WARNING STA-1650] /home/thanh/NCO/runs/RUN_2025-03-04_06-37-57/54-openroad-rcx/nom/counter.nom.spef line 5862, net ANTENNA_mem_i_addr0\[0\] not found.
[WARNING STA-1650] /home/thanh/NCO/runs/RUN_2025-03-04_06-37-57/54-openroad-rcx/nom/counter.nom.spef line 5869, net ANTENNA_mem_i_addr0\[0\] not found.
[WARNING STA-1648] /home/thanh/NCO/runs/RUN_2025-03-04_06-37-57/54-openroad-rcx/nom/counter.nom.spef line 5875, instance ANTENNA_mem_i_addr0\[1\] not found.
[WARNING STA-1650] /home/thanh/NCO/runs/RUN_2025-03-04_06-37-57/54-openroad-rcx/nom/counter.nom.spef line 5880, net ANTENNA_mem_i_addr0\[1\] not found.
[WARNING STA-1650] /home/thanh/NCO/runs/RUN_2025-03-04_06-37-57/54-openroad-rcx/nom/counter.nom.spef line 5886, net ANTENNA_mem_i_addr0\[1\] not found.
[WARNING STA-1648] /home/thanh/NCO/runs/RUN_2025-03-04_06-37-57/54-openroad-rcx/nom/counter.nom.spef line 5893, instance ANTENNA_mem_i_addr0\[2\] not found.
[WARNING STA-1650] /home/thanh/NCO/runs/RUN_2025-03-04_06-37-57/54-openroad-rcx/nom/counter.nom.spef line 5898, net ANTENNA_mem_i_addr0\[2\] not found.
[WARNING STA-1650] /home/thanh/NCO/runs/RUN_2025-03-04_06-37-57/54-openroad-rcx/nom/counter.nom.spef line 5903, net ANTENNA_mem_i_addr0\[2\] not found.
[WARNING STA-1648] /home/thanh/NCO/runs/RUN_2025-03-04_06-37-57/54-openroad-rcx/nom/counter.nom.spef line 5910, instance ANTENNA_mem_i_addr0\[3\] not found.
[WARNING STA-1650] /home/thanh/NCO/runs/RUN_2025-03-04_06-37-57/54-openroad-rcx/nom/counter.nom.spef line 5915, net ANTENNA_mem_i_addr0\[3\] not found.
[WARNING STA-1650] /home/thanh/NCO/runs/RUN_2025-03-04_06-37-57/54-openroad-rcx/nom/counter.nom.spef line 5921, net ANTENNA_mem_i_addr0\[3\] not found.
[WARNING STA-1648] /home/thanh/NCO/runs/RUN_2025-03-04_06-37-57/54-openroad-rcx/nom/counter.nom.spef line 5928, instance ANTENNA_mem_i_addr0\[4\] not found.
[WARNING STA-1650] /home/thanh/NCO/runs/RUN_2025-03-04_06-37-57/54-openroad-rcx/nom/counter.nom.spef line 5933, net ANTENNA_mem_i_addr0\[4\] not found.
[WARNING STA-1650] /home/thanh/NCO/runs/RUN_2025-03-04_06-37-57/54-openroad-rcx/nom/counter.nom.spef line 5939, net ANTENNA_mem_i_addr0\[4\] not found.
[WARNING STA-1648] /home/thanh/NCO/runs/RUN_2025-03-04_06-37-57/54-openroad-rcx/nom/counter.nom.spef line 5946, instance ANTENNA_mem_i_addr0\[5\] not found.
[WARNING STA-1650] /home/thanh/NCO/runs/RUN_2025-03-04_06-37-57/54-openroad-rcx/nom/counter.nom.spef line 5951, net ANTENNA_mem_i_addr0\[5\] not found.
[WARNING STA-1650] /home/thanh/NCO/runs/RUN_2025-03-04_06-37-57/54-openroad-rcx/nom/counter.nom.spef line 5953, net ANTENNA_mem_i_addr0\[5\] not found.
[WARNING STA-1650] /home/thanh/NCO/runs/RUN_2025-03-04_06-37-57/54-openroad-rcx/nom/counter.nom.spef line 5959, net ANTENNA_mem_i_addr0\[5\] not found.
[WARNING STA-1648] /home/thanh/NCO/runs/RUN_2025-03-04_06-37-57/54-openroad-rcx/nom/counter.nom.spef line 5966, instance ANTENNA_mem_i_addr0\[6\] not found.
[WARNING STA-1650] /home/thanh/NCO/runs/RUN_2025-03-04_06-37-57/54-openroad-rcx/nom/counter.nom.spef line 5971, net ANTENNA_mem_i_addr0\[6\] not found.
[WARNING STA-1650] /home/thanh/NCO/runs/RUN_2025-03-04_06-37-57/54-openroad-rcx/nom/counter.nom.spef line 5973, net ANTENNA_mem_i_addr0\[6\] not found.
[WARNING STA-1650] /home/thanh/NCO/runs/RUN_2025-03-04_06-37-57/54-openroad-rcx/nom/counter.nom.spef line 5978, net ANTENNA_mem_i_addr0\[6\] not found.
[WARNING STA-1648] /home/thanh/NCO/runs/RUN_2025-03-04_06-37-57/54-openroad-rcx/nom/counter.nom.spef line 5985, instance ANTENNA_mem_i_addr0\[7\] not found.
[WARNING STA-1650] /home/thanh/NCO/runs/RUN_2025-03-04_06-37-57/54-openroad-rcx/nom/counter.nom.spef line 5990, net ANTENNA_mem_i_addr0\[7\] not found.
[WARNING STA-1650] /home/thanh/NCO/runs/RUN_2025-03-04_06-37-57/54-openroad-rcx/nom/counter.nom.spef line 5992, net ANTENNA_mem_i_addr0\[7\] not found.
[WARNING STA-1650] /home/thanh/NCO/runs/RUN_2025-03-04_06-37-57/54-openroad-rcx/nom/counter.nom.spef line 5995, net ANTENNA_mem_i_addr0\[7\] not found.
[WARNING STA-1648] /home/thanh/NCO/runs/RUN_2025-03-04_06-37-57/54-openroad-rcx/nom/counter.nom.spef line 6076, instance ANTENNA_mem_i_din0\[0\] not found.
[WARNING STA-1650] /home/thanh/NCO/runs/RUN_2025-03-04_06-37-57/54-openroad-rcx/nom/counter.nom.spef line 6081, net ANTENNA_mem_i_din0\[0\] not found.
[WARNING STA-1650] /home/thanh/NCO/runs/RUN_2025-03-04_06-37-57/54-openroad-rcx/nom/counter.nom.spef line 6087, net ANTENNA_mem_i_din0\[0\] not found.
[WARNING STA-1648] /home/thanh/NCO/runs/RUN_2025-03-04_06-37-57/54-openroad-rcx/nom/counter.nom.spef line 6094, instance ANTENNA_mem_i_din0\[10\] not found.
[WARNING STA-1650] /home/thanh/NCO/runs/RUN_2025-03-04_06-37-57/54-openroad-rcx/nom/counter.nom.spef line 6099, net ANTENNA_mem_i_din0\[10\] not found.
[WARNING STA-1650] /home/thanh/NCO/runs/RUN_2025-03-04_06-37-57/54-openroad-rcx/nom/counter.nom.spef line 6105, net ANTENNA_mem_i_din0\[10\] not found.
[WARNING STA-1648] /home/thanh/NCO/runs/RUN_2025-03-04_06-37-57/54-openroad-rcx/nom/counter.nom.spef line 6112, instance ANTENNA_mem_i_din0\[11\] not found.
[WARNING STA-1650] /home/thanh/NCO/runs/RUN_2025-03-04_06-37-57/54-openroad-rcx/nom/counter.nom.spef line 6117, net ANTENNA_mem_i_din0\[11\] not found.
[WARNING STA-1650] /home/thanh/NCO/runs/RUN_2025-03-04_06-37-57/54-openroad-rcx/nom/counter.nom.spef line 6123, net ANTENNA_mem_i_din0\[11\] not found.
[WARNING STA-1648] /home/thanh/NCO/runs/RUN_2025-03-04_06-37-57/54-openroad-rcx/nom/counter.nom.spef line 6130, instance ANTENNA_mem_i_din0\[12\] not found.
[WARNING STA-1650] /home/thanh/NCO/runs/RUN_2025-03-04_06-37-57/54-openroad-rcx/nom/counter.nom.spef line 6135, net ANTENNA_mem_i_din0\[12\] not found.
[WARNING STA-1650] /home/thanh/NCO/runs/RUN_2025-03-04_06-37-57/54-openroad-rcx/nom/counter.nom.spef line 6141, net ANTENNA_mem_i_din0\[12\] not found.
[WARNING STA-1648] /home/thanh/NCO/runs/RUN_2025-03-04_06-37-57/54-openroad-rcx/nom/counter.nom.spef line 6148, instance ANTENNA_mem_i_din0\[13\] not found.
[WARNING STA-1650] /home/thanh/NCO/runs/RUN_2025-03-04_06-37-57/54-openroad-rcx/nom/counter.nom.spef line 6153, net ANTENNA_mem_i_din0\[13\] not found.
[WARNING STA-1650] /home/thanh/NCO/runs/RUN_2025-03-04_06-37-57/54-openroad-rcx/nom/counter.nom.spef line 6160, net ANTENNA_mem_i_din0\[13\] not found.
[WARNING STA-1648] /home/thanh/NCO/runs/RUN_2025-03-04_06-37-57/54-openroad-rcx/nom/counter.nom.spef line 6166, instance ANTENNA_mem_i_din0\[14\] not found.
[WARNING STA-1650] /home/thanh/NCO/runs/RUN_2025-03-04_06-37-57/54-openroad-rcx/nom/counter.nom.spef line 6171, net ANTENNA_mem_i_din0\[14\] not found.
[WARNING STA-1650] /home/thanh/NCO/runs/RUN_2025-03-04_06-37-57/54-openroad-rcx/nom/counter.nom.spef line 6180, net ANTENNA_mem_i_din0\[14\] not found.
[WARNING STA-1648] /home/thanh/NCO/runs/RUN_2025-03-04_06-37-57/54-openroad-rcx/nom/counter.nom.spef line 6186, instance ANTENNA_mem_i_din0\[15\] not found.
[WARNING STA-1650] /home/thanh/NCO/runs/RUN_2025-03-04_06-37-57/54-openroad-rcx/nom/counter.nom.spef line 6191, net ANTENNA_mem_i_din0\[15\] not found.
[WARNING STA-1650] /home/thanh/NCO/runs/RUN_2025-03-04_06-37-57/54-openroad-rcx/nom/counter.nom.spef line 6196, net ANTENNA_mem_i_din0\[15\] not found.
[WARNING STA-1648] /home/thanh/NCO/runs/RUN_2025-03-04_06-37-57/54-openroad-rcx/nom/counter.nom.spef line 6203, instance ANTENNA_mem_i_din0\[1\] not found.
[WARNING STA-1650] /home/thanh/NCO/runs/RUN_2025-03-04_06-37-57/54-openroad-rcx/nom/counter.nom.spef line 6208, net ANTENNA_mem_i_din0\[1\] not found.
[WARNING STA-1650] /home/thanh/NCO/runs/RUN_2025-03-04_06-37-57/54-openroad-rcx/nom/counter.nom.spef line 6214, net ANTENNA_mem_i_din0\[1\] not found.
[WARNING STA-1648] /home/thanh/NCO/runs/RUN_2025-03-04_06-37-57/54-openroad-rcx/nom/counter.nom.spef line 6221, instance ANTENNA_mem_i_din0\[2\] not found.
[WARNING STA-1650] /home/thanh/NCO/runs/RUN_2025-03-04_06-37-57/54-openroad-rcx/nom/counter.nom.spef line 6226, net ANTENNA_mem_i_din0\[2\] not found.
[WARNING STA-1650] /home/thanh/NCO/runs/RUN_2025-03-04_06-37-57/54-openroad-rcx/nom/counter.nom.spef line 6233, net ANTENNA_mem_i_din0\[2\] not found.
[WARNING STA-1648] /home/thanh/NCO/runs/RUN_2025-03-04_06-37-57/54-openroad-rcx/nom/counter.nom.spef line 6240, instance ANTENNA_mem_i_din0\[3\] not found.
[WARNING STA-1650] /home/thanh/NCO/runs/RUN_2025-03-04_06-37-57/54-openroad-rcx/nom/counter.nom.spef line 6245, net ANTENNA_mem_i_din0\[3\] not found.
[WARNING STA-1650] /home/thanh/NCO/runs/RUN_2025-03-04_06-37-57/54-openroad-rcx/nom/counter.nom.spef line 6252, net ANTENNA_mem_i_din0\[3\] not found.
[WARNING STA-1648] /home/thanh/NCO/runs/RUN_2025-03-04_06-37-57/54-openroad-rcx/nom/counter.nom.spef line 6259, instance ANTENNA_mem_i_din0\[4\] not found.
[WARNING STA-1650] /home/thanh/NCO/runs/RUN_2025-03-04_06-37-57/54-openroad-rcx/nom/counter.nom.spef line 6264, net ANTENNA_mem_i_din0\[4\] not found.
[WARNING STA-1650] /home/thanh/NCO/runs/RUN_2025-03-04_06-37-57/54-openroad-rcx/nom/counter.nom.spef line 6270, net ANTENNA_mem_i_din0\[4\] not found.
[WARNING STA-1648] /home/thanh/NCO/runs/RUN_2025-03-04_06-37-57/54-openroad-rcx/nom/counter.nom.spef line 6277, instance ANTENNA_mem_i_din0\[5\] not found.
[WARNING STA-1650] /home/thanh/NCO/runs/RUN_2025-03-04_06-37-57/54-openroad-rcx/nom/counter.nom.spef line 6282, net ANTENNA_mem_i_din0\[5\] not found.
[WARNING STA-1650] /home/thanh/NCO/runs/RUN_2025-03-04_06-37-57/54-openroad-rcx/nom/counter.nom.spef line 6288, net ANTENNA_mem_i_din0\[5\] not found.
[WARNING STA-1648] /home/thanh/NCO/runs/RUN_2025-03-04_06-37-57/54-openroad-rcx/nom/counter.nom.spef line 6295, instance ANTENNA_mem_i_din0\[6\] not found.
[WARNING STA-1650] /home/thanh/NCO/runs/RUN_2025-03-04_06-37-57/54-openroad-rcx/nom/counter.nom.spef line 6300, net ANTENNA_mem_i_din0\[6\] not found.
[WARNING STA-1650] /home/thanh/NCO/runs/RUN_2025-03-04_06-37-57/54-openroad-rcx/nom/counter.nom.spef line 6306, net ANTENNA_mem_i_din0\[6\] not found.
[WARNING STA-1648] /home/thanh/NCO/runs/RUN_2025-03-04_06-37-57/54-openroad-rcx/nom/counter.nom.spef line 6313, instance ANTENNA_mem_i_din0\[7\] not found.
[WARNING STA-1650] /home/thanh/NCO/runs/RUN_2025-03-04_06-37-57/54-openroad-rcx/nom/counter.nom.spef line 6318, net ANTENNA_mem_i_din0\[7\] not found.
[WARNING STA-1650] /home/thanh/NCO/runs/RUN_2025-03-04_06-37-57/54-openroad-rcx/nom/counter.nom.spef line 6324, net ANTENNA_mem_i_din0\[7\] not found.
[WARNING STA-1648] /home/thanh/NCO/runs/RUN_2025-03-04_06-37-57/54-openroad-rcx/nom/counter.nom.spef line 6331, instance ANTENNA_mem_i_din0\[8\] not found.
[WARNING STA-1650] /home/thanh/NCO/runs/RUN_2025-03-04_06-37-57/54-openroad-rcx/nom/counter.nom.spef line 6336, net ANTENNA_mem_i_din0\[8\] not found.
[WARNING STA-1650] /home/thanh/NCO/runs/RUN_2025-03-04_06-37-57/54-openroad-rcx/nom/counter.nom.spef line 6343, net ANTENNA_mem_i_din0\[8\] not found.
[WARNING STA-1648] /home/thanh/NCO/runs/RUN_2025-03-04_06-37-57/54-openroad-rcx/nom/counter.nom.spef line 6349, instance ANTENNA_mem_i_din0\[9\] not found.
[WARNING STA-1650] /home/thanh/NCO/runs/RUN_2025-03-04_06-37-57/54-openroad-rcx/nom/counter.nom.spef line 6354, net ANTENNA_mem_i_din0\[9\] not found.
[WARNING STA-1650] /home/thanh/NCO/runs/RUN_2025-03-04_06-37-57/54-openroad-rcx/nom/counter.nom.spef line 6363, net ANTENNA_mem_i_din0\[9\] not found.
[WARNING STA-1650] /home/thanh/NCO/runs/RUN_2025-03-04_06-37-57/54-openroad-rcx/nom/counter.nom.spef line 7533, net ANTENNA_mem_i_addr0\[5\] not found.
[WARNING STA-1650] /home/thanh/NCO/runs/RUN_2025-03-04_06-37-57/54-openroad-rcx/nom/counter.nom.spef line 7534, net ANTENNA_mem_i_addr0\[6\] not found.
[WARNING STA-1650] /home/thanh/NCO/runs/RUN_2025-03-04_06-37-57/54-openroad-rcx/nom/counter.nom.spef line 7535, net ANTENNA_mem_i_addr0\[7\] not found.
[WARNING STA-1648] /home/thanh/NCO/runs/RUN_2025-03-04_06-37-57/54-openroad-rcx/nom/counter.nom.spef line 8667, instance ANTENNA_mem_i_addr1\[0\] not found.
[WARNING STA-1650] /home/thanh/NCO/runs/RUN_2025-03-04_06-37-57/54-openroad-rcx/nom/counter.nom.spef line 8681, net ANTENNA_mem_i_addr1\[0\] not found.
[WARNING STA-1650] /home/thanh/NCO/runs/RUN_2025-03-04_06-37-57/54-openroad-rcx/nom/counter.nom.spef line 8753, net ANTENNA_mem_i_addr1\[0\] not found.
[WARNING STA-1648] /home/thanh/NCO/runs/RUN_2025-03-04_06-37-57/54-openroad-rcx/nom/counter.nom.spef line 8759, instance ANTENNA_mem_i_addr1\[1\] not found.
[WARNING STA-1650] /home/thanh/NCO/runs/RUN_2025-03-04_06-37-57/54-openroad-rcx/nom/counter.nom.spef line 8771, net ANTENNA_mem_i_addr1\[1\] not found.
[WARNING STA-1650] /home/thanh/NCO/runs/RUN_2025-03-04_06-37-57/54-openroad-rcx/nom/counter.nom.spef line 8833, net ANTENNA_mem_i_addr1\[1\] not found.
[WARNING STA-1648] /home/thanh/NCO/runs/RUN_2025-03-04_06-37-57/54-openroad-rcx/nom/counter.nom.spef line 8844, instance ANTENNA_mem_i_addr1\[2\] not found.
[WARNING STA-1650] /home/thanh/NCO/runs/RUN_2025-03-04_06-37-57/54-openroad-rcx/nom/counter.nom.spef line 8854, net ANTENNA_mem_i_addr1\[2\] not found.
[WARNING STA-1650] /home/thanh/NCO/runs/RUN_2025-03-04_06-37-57/54-openroad-rcx/nom/counter.nom.spef line 8863, net ANTENNA_mem_i_addr1\[2\] not found.
[WARNING STA-1650] /home/thanh/NCO/runs/RUN_2025-03-04_06-37-57/54-openroad-rcx/nom/counter.nom.spef line 8900, net ANTENNA_mem_i_addr1\[2\] not found.
[WARNING STA-1648] /home/thanh/NCO/runs/RUN_2025-03-04_06-37-57/54-openroad-rcx/nom/counter.nom.spef line 9033, instance ANTENNA_mem_i_addr1\[5\] not found.
[WARNING STA-1650] /home/thanh/NCO/runs/RUN_2025-03-04_06-37-57/54-openroad-rcx/nom/counter.nom.spef line 9043, net ANTENNA_mem_i_addr1\[5\] not found.
[WARNING STA-1650] /home/thanh/NCO/runs/RUN_2025-03-04_06-37-57/54-openroad-rcx/nom/counter.nom.spef line 9056, net ANTENNA_mem_i_addr1\[5\] not found.
[WARNING STA-1650] /home/thanh/NCO/runs/RUN_2025-03-04_06-37-57/54-openroad-rcx/nom/counter.nom.spef line 9056, net ANTENNA_mem_i_addr1\[6\] not found.
[WARNING STA-1650] /home/thanh/NCO/runs/RUN_2025-03-04_06-37-57/54-openroad-rcx/nom/counter.nom.spef line 9057, net ANTENNA_mem_i_addr1\[5\] not found.
[WARNING STA-1650] /home/thanh/NCO/runs/RUN_2025-03-04_06-37-57/54-openroad-rcx/nom/counter.nom.spef line 9057, net ANTENNA_mem_i_addr1\[7\] not found.
[WARNING STA-1650] /home/thanh/NCO/runs/RUN_2025-03-04_06-37-57/54-openroad-rcx/nom/counter.nom.spef line 9058, net ANTENNA_mem_i_addr1\[5\] not found.
[WARNING STA-1650] /home/thanh/NCO/runs/RUN_2025-03-04_06-37-57/54-openroad-rcx/nom/counter.nom.spef line 9069, net ANTENNA_mem_i_addr1\[2\] not found.
[WARNING STA-1650] /home/thanh/NCO/runs/RUN_2025-03-04_06-37-57/54-openroad-rcx/nom/counter.nom.spef line 9100, net ANTENNA_mem_i_addr1\[5\] not found.
[WARNING STA-1648] /home/thanh/NCO/runs/RUN_2025-03-04_06-37-57/54-openroad-rcx/nom/counter.nom.spef line 9114, instance ANTENNA_mem_i_addr1\[6\] not found.
[WARNING STA-1650] /home/thanh/NCO/runs/RUN_2025-03-04_06-37-57/54-openroad-rcx/nom/counter.nom.spef line 9124, net ANTENNA_mem_i_addr1\[6\] not found.
[WARNING STA-1650] /home/thanh/NCO/runs/RUN_2025-03-04_06-37-57/54-openroad-rcx/nom/counter.nom.spef line 9136, net ANTENNA_mem_i_addr1\[6\] not found.
[WARNING STA-1650] /home/thanh/NCO/runs/RUN_2025-03-04_06-37-57/54-openroad-rcx/nom/counter.nom.spef line 9136, net ANTENNA_mem_i_addr1\[7\] not found.
[WARNING STA-1650] /home/thanh/NCO/runs/RUN_2025-03-04_06-37-57/54-openroad-rcx/nom/counter.nom.spef line 9137, net ANTENNA_mem_i_addr1\[7\] not found.
[WARNING STA-1650] /home/thanh/NCO/runs/RUN_2025-03-04_06-37-57/54-openroad-rcx/nom/counter.nom.spef line 9142, net ANTENNA_mem_i_addr1\[5\] not found.
[WARNING STA-1650] /home/thanh/NCO/runs/RUN_2025-03-04_06-37-57/54-openroad-rcx/nom/counter.nom.spef line 9142, net ANTENNA_mem_i_addr1\[6\] not found.
[WARNING STA-1650] /home/thanh/NCO/runs/RUN_2025-03-04_06-37-57/54-openroad-rcx/nom/counter.nom.spef line 9143, net ANTENNA_mem_i_addr1\[5\] not found.
[WARNING STA-1650] /home/thanh/NCO/runs/RUN_2025-03-04_06-37-57/54-openroad-rcx/nom/counter.nom.spef line 9171, net ANTENNA_mem_i_addr1\[6\] not found.
[WARNING STA-1648] /home/thanh/NCO/runs/RUN_2025-03-04_06-37-57/54-openroad-rcx/nom/counter.nom.spef line 9183, instance ANTENNA_mem_i_addr1\[7\] not found.
[WARNING STA-1650] /home/thanh/NCO/runs/RUN_2025-03-04_06-37-57/54-openroad-rcx/nom/counter.nom.spef line 9191, net ANTENNA_mem_i_addr1\[7\] not found.
[WARNING STA-1650] /home/thanh/NCO/runs/RUN_2025-03-04_06-37-57/54-openroad-rcx/nom/counter.nom.spef line 9199, net ANTENNA_mem_i_addr1\[5\] not found.
[WARNING STA-1650] /home/thanh/NCO/runs/RUN_2025-03-04_06-37-57/54-openroad-rcx/nom/counter.nom.spef line 9199, net ANTENNA_mem_i_addr1\[7\] not found.
[WARNING STA-1650] /home/thanh/NCO/runs/RUN_2025-03-04_06-37-57/54-openroad-rcx/nom/counter.nom.spef line 9200, net ANTENNA_mem_i_addr1\[6\] not found.
[WARNING STA-1650] /home/thanh/NCO/runs/RUN_2025-03-04_06-37-57/54-openroad-rcx/nom/counter.nom.spef line 9200, net ANTENNA_mem_i_addr1\[7\] not found.
[WARNING STA-1650] /home/thanh/NCO/runs/RUN_2025-03-04_06-37-57/54-openroad-rcx/nom/counter.nom.spef line 9205, net ANTENNA_mem_i_addr1\[7\] not found.
[WARNING STA-1650] /home/thanh/NCO/runs/RUN_2025-03-04_06-37-57/54-openroad-rcx/nom/counter.nom.spef line 9218, net ANTENNA_mem_i_addr1\[7\] not found.
[INFO] Using voltage extracted from lib (1.8000000000V) for power nets and 0V for ground nets…
%OL_CREATE_REPORT irdrop.rpt
[INFO PSM-0040] All shapes on net vccd1 are connected.
########## IR report #################
Net              : vccd1
Corner           : nom_tt_025C_1v80
Supply voltage   : 1.80e+00 V
Worstcase voltage: 1.80e+00 V
Average voltage  : 1.80e+00 V
Average IR drop  : 7.54e-06 V
Worstcase IR drop: 4.29e-04 V
Percentage drop  : 0.02 %
######################################
[INFO PSM-0040] All shapes on net vssd1 are connected.
########## IR report #################
Net              : vssd1
Corner           : nom_tt_025C_1v80
Supply voltage   : 0.00e+00 V
Worstcase voltage: 4.78e-04 V
Average voltage  : 8.53e-06 V
Average IR drop  : 8.53e-06 V
Worstcase IR drop: 4.78e-04 V
Percentage drop  : 0.03 %
######################################
%OL_END_REPORT
