
===========================================================================
report_checks -unconstrained
===========================================================================
======================= nom_ss_100C_1v60 Corner ===================================

Startpoint: rst (input port clocked by clk)
Endpoint: _089_ (recovery check against rising-edge clock clk)
Path Group: asynchronous
Path Type: max

Fanout         Cap        Slew       Delay        Time   Description
---------------------------------------------------------------------------------------------
                                  0.000000    0.000000   clock clk (rise edge)
                                  0.000000    0.000000   clock network delay (propagated)
                                  2.500000    2.500000 v input external delay
    24    0.103200    0.434897    0.314761    2.814761 v rst (in)
                                                         rst (net)
                      0.434897    0.000000    2.814761 v _065_/A (sky130_fd_sc_hd__inv_2)
     1    0.018824    0.191366    0.308241    3.123002 ^ _065_/Y (sky130_fd_sc_hd__inv_2)
                                                         _018_ (net)
                      0.191378    0.001615    3.124618 ^ _089_/RESET_B (sky130_fd_sc_hd__dfrtp_2)
                                              3.124618   data arrival time

                                  5.000000    5.000000   clock clk (rise edge)
                                  0.000000    5.000000   clock source latency
    26    0.059700    0.429213    0.289188    5.289188 ^ clk (in)
                                                         clk (net)
                      0.429213    0.000000    5.289188 ^ _089_/CLK (sky130_fd_sc_hd__dfrtp_2)
                                 -0.250000    5.039188   clock uncertainty
                                  0.000000    5.039188   clock reconvergence pessimism
                                  0.514013    5.553201   library recovery time
                                              5.553201   data required time
---------------------------------------------------------------------------------------------
                                              5.553201   data required time
                                             -3.124618   data arrival time
---------------------------------------------------------------------------------------------
                                              2.428584   slack (MET)


Startpoint: _100_ (rising edge-triggered flip-flop clocked by clk)
Endpoint: sine_out[0] (output port clocked by clk)
Path Group: clk
Path Type: max

Fanout         Cap        Slew       Delay        Time   Description
---------------------------------------------------------------------------------------------
                                  0.000000    0.000000   clock clk (rise edge)
                                  0.000000    0.000000   clock source latency
    26    0.059700    0.429213    0.289188    0.289188 ^ clk (in)
                                                         clk (net)
                      0.429213    0.000000    0.289188 ^ _100_/CLK (sky130_fd_sc_hd__dfrtp_2)
     1    0.000000    0.056109    0.910728    1.199916 v _100_/Q (sky130_fd_sc_hd__dfrtp_2)
                                                         sine_out[0] (net)
                      0.056109    0.000000    1.199916 v sine_out[0] (out)
                                              1.199916   data arrival time

                                  5.000000    5.000000   clock clk (rise edge)
                                  0.000000    5.000000   clock network delay (propagated)
                                 -0.250000    4.750000   clock uncertainty
                                  0.000000    4.750000   clock reconvergence pessimism
                                 -2.250000    2.500000   output external delay
                                              2.500000   data required time
---------------------------------------------------------------------------------------------
                                              2.500000   data required time
                                             -1.199916   data arrival time
---------------------------------------------------------------------------------------------
                                              1.300084   slack (MET)




===========================================================================
report_checks --slack_max -0.01
============================================================================
======================= nom_ss_100C_1v60 Corner ===================================

No paths found.


===========================================================================
 report_check_types -max_slew -max_cap -max_fanout -violators
============================================================================
======================= nom_ss_100C_1v60 Corner ===================================

max slew

Pin                                        Limit        Slew       Slack
------------------------------------------------------------------------
rst                                     0.040000    0.795200   -0.755200 (VIOLATED)
_041_/A                                 0.040000    0.795200   -0.755200 (VIOLATED)
_056_/A                                 0.040000    0.795200   -0.755200 (VIOLATED)
_057_/A                                 0.040000    0.795200   -0.755200 (VIOLATED)
_058_/A                                 0.040000    0.795200   -0.755200 (VIOLATED)
_059_/A                                 0.040000    0.795200   -0.755200 (VIOLATED)
_060_/A                                 0.040000    0.795200   -0.755200 (VIOLATED)
_061_/A                                 0.040000    0.795200   -0.755200 (VIOLATED)
_062_/A                                 0.040000    0.795200   -0.755200 (VIOLATED)
_063_/A                                 0.040000    0.795200   -0.755200 (VIOLATED)
_064_/A                                 0.040000    0.795200   -0.755200 (VIOLATED)
_065_/A                                 0.040000    0.795200   -0.755200 (VIOLATED)
_066_/A                                 0.040000    0.795200   -0.755200 (VIOLATED)
_067_/A                                 0.040000    0.795200   -0.755200 (VIOLATED)
_068_/A                                 0.040000    0.795200   -0.755200 (VIOLATED)
_069_/A                                 0.040000    0.795200   -0.755200 (VIOLATED)
_070_/A                                 0.040000    0.795200   -0.755200 (VIOLATED)
_071_/A                                 0.040000    0.795200   -0.755200 (VIOLATED)
_072_/A                                 0.040000    0.795200   -0.755200 (VIOLATED)
_073_/A                                 0.040000    0.795200   -0.755200 (VIOLATED)
_074_/A                                 0.040000    0.795200   -0.755200 (VIOLATED)
_075_/A                                 0.040000    0.795200   -0.755200 (VIOLATED)
_076_/A                                 0.040000    0.795200   -0.755200 (VIOLATED)
_077_/A                                 0.040000    0.795200   -0.755200 (VIOLATED)
_078_/A                                 0.040000    0.795200   -0.755200 (VIOLATED)
mem_i/clk0                              0.040000    0.572284   -0.532284 (VIOLATED)
mem_i/clk1                              0.040000    0.572284   -0.532284 (VIOLATED)
clk                                     0.040000    0.429213   -0.389213 (VIOLATED)
_079_/CLK                               0.040000    0.429213   -0.389213 (VIOLATED)
_080_/CLK                               0.040000    0.429213   -0.389213 (VIOLATED)
_081_/CLK                               0.040000    0.429213   -0.389213 (VIOLATED)
_082_/CLK                               0.040000    0.429213   -0.389213 (VIOLATED)
_083_/CLK                               0.040000    0.429213   -0.389213 (VIOLATED)
_084_/CLK                               0.040000    0.429213   -0.389213 (VIOLATED)
_085_/CLK                               0.040000    0.429213   -0.389213 (VIOLATED)
_086_/CLK                               0.040000    0.429213   -0.389213 (VIOLATED)
_087_/CLK                               0.040000    0.429213   -0.389213 (VIOLATED)
_088_/CLK                               0.040000    0.429213   -0.389213 (VIOLATED)
_089_/CLK                               0.040000    0.429213   -0.389213 (VIOLATED)
_090_/CLK                               0.040000    0.429213   -0.389213 (VIOLATED)
_091_/CLK                               0.040000    0.429213   -0.389213 (VIOLATED)
_092_/CLK                               0.040000    0.429213   -0.389213 (VIOLATED)
_093_/CLK                               0.040000    0.429213   -0.389213 (VIOLATED)
_094_/CLK                               0.040000    0.429213   -0.389213 (VIOLATED)
_095_/CLK                               0.040000    0.429213   -0.389213 (VIOLATED)
_096_/CLK                               0.040000    0.429213   -0.389213 (VIOLATED)
_097_/CLK                               0.040000    0.429213   -0.389213 (VIOLATED)
_098_/CLK                               0.040000    0.429213   -0.389213 (VIOLATED)
_099_/CLK                               0.040000    0.429213   -0.389213 (VIOLATED)
_100_/CLK                               0.040000    0.429213   -0.389213 (VIOLATED)
_101_/CLK                               0.040000    0.429213   -0.389213 (VIOLATED)
_102_/CLK                               0.040000    0.429213   -0.389213 (VIOLATED)
_053_/A1                                0.040000    0.366797   -0.326797 (VIOLATED)
_052_/B                                 0.040000    0.366796   -0.326796 (VIOLATED)
_051_/A1_N                              0.040000    0.366791   -0.326791 (VIOLATED)
_048_/C                                 0.040000    0.366787   -0.326787 (VIOLATED)
_046_/B                                 0.040000    0.366782   -0.326782 (VIOLATED)
_047_/B                                 0.040000    0.366776   -0.326776 (VIOLATED)
_045_/A                                 0.040000    0.366758   -0.326758 (VIOLATED)
_043_/X                                 0.040000    0.366758   -0.326758 (VIOLATED)
mem_i/addr1[0]                          0.040000    0.315349   -0.275349 (VIOLATED)
mem_i/addr1[3]                          0.040000    0.285469   -0.245469 (VIOLATED)
mem_i/addr1[1]                          0.040000    0.270465   -0.230465 (VIOLATED)
mem_i/addr1[4]                          0.040000    0.242503   -0.202503 (VIOLATED)
_040_/A                                 0.040000    0.236512   -0.196512 (VIOLATED)
_042_/A                                 0.040000    0.236512   -0.196512 (VIOLATED)
_043_/A                                 0.040000    0.236512   -0.196512 (VIOLATED)
_044_/A1                                0.040000    0.236512   -0.196512 (VIOLATED)
_092_/Q                                 0.040000    0.236512   -0.196512 (VIOLATED)
_044_/Y                                 0.040000    0.219617   -0.179617 (VIOLATED)
_045_/B                                 0.040000    0.219617   -0.179617 (VIOLATED)
mem_i/addr1[7]                          0.040000    0.219130   -0.179130 (VIOLATED)
_046_/A                                 0.040000    0.214102   -0.174102 (VIOLATED)
_047_/A                                 0.040000    0.214102   -0.174102 (VIOLATED)
_048_/A                                 0.040000    0.214102   -0.174102 (VIOLATED)
_050_/A                                 0.040000    0.214102   -0.174102 (VIOLATED)
_095_/Q                                 0.040000    0.214102   -0.174102 (VIOLATED)
_089_/RESET_B                           0.040000    0.203552   -0.163552 (VIOLATED)
_065_/Y                                 0.040000    0.203548   -0.163548 (VIOLATED)
_042_/B                                 0.040000    0.202849   -0.162849 (VIOLATED)
_043_/B                                 0.040000    0.202849   -0.162849 (VIOLATED)
_044_/A2                                0.040000    0.202849   -0.162849 (VIOLATED)
_093_/Q                                 0.040000    0.202849   -0.162849 (VIOLATED)
mem_i/addr1[2]                          0.040000    0.190678   -0.150678 (VIOLATED)
mem_i/addr1[6]                          0.040000    0.189520   -0.149520 (VIOLATED)
_048_/B                                 0.040000    0.181877   -0.141877 (VIOLATED)
_049_/A                                 0.040000    0.181877   -0.141877 (VIOLATED)
_050_/B                                 0.040000    0.181877   -0.141877 (VIOLATED)
_096_/Q                                 0.040000    0.181877   -0.141877 (VIOLATED)
_052_/X                                 0.040000    0.177665   -0.137665 (VIOLATED)
_054_/A                                 0.040000    0.177665   -0.137665 (VIOLATED)
_055_/B                                 0.040000    0.177665   -0.137665 (VIOLATED)
_053_/Y                                 0.040000    0.171788   -0.131788 (VIOLATED)
_054_/B                                 0.040000    0.171788   -0.131788 (VIOLATED)
mem_i/addr1[5]                          0.040000    0.166363   -0.126363 (VIOLATED)
_049_/Y                                 0.040000    0.165093   -0.125093 (VIOLATED)
_096_/D                                 0.040000    0.165093   -0.125093 (VIOLATED)
_055_/A                                 0.040000    0.164347   -0.124347 (VIOLATED)
_099_/Q                                 0.040000    0.164347   -0.124347 (VIOLATED)
_097_/RESET_B                           0.040000    0.146150   -0.106150 (VIOLATED)
_073_/Y                                 0.040000    0.146149   -0.106149 (VIOLATED)
_075_/Y                                 0.040000    0.145824   -0.105824 (VIOLATED)
_099_/RESET_B                           0.040000    0.145824   -0.105824 (VIOLATED)
_047_/X                                 0.040000    0.144137   -0.104137 (VIOLATED)
_095_/D                                 0.040000    0.144137   -0.104137 (VIOLATED)
_078_/Y                                 0.040000    0.143796   -0.103796 (VIOLATED)
_102_/RESET_B                           0.040000    0.143796   -0.103796 (VIOLATED)
_071_/Y                                 0.040000    0.143693   -0.103693 (VIOLATED)
_095_/RESET_B                           0.040000    0.143693   -0.103693 (VIOLATED)
_098_/RESET_B                           0.040000    0.143578   -0.103578 (VIOLATED)
_074_/Y                                 0.040000    0.143578   -0.103578 (VIOLATED)
_070_/Y                                 0.040000    0.143497   -0.103497 (VIOLATED)
_094_/RESET_B                           0.040000    0.143497   -0.103497 (VIOLATED)
_050_/X                                 0.040000    0.143274   -0.103274 (VIOLATED)
_051_/A2_N                              0.040000    0.143274   -0.103274 (VIOLATED)
_052_/C                                 0.040000    0.143274   -0.103274 (VIOLATED)
_053_/A2                                0.040000    0.143274   -0.103274 (VIOLATED)
_043_/C                                 0.040000    0.143009   -0.103009 (VIOLATED)
_044_/B1                                0.040000    0.143009   -0.103009 (VIOLATED)
_094_/Q                                 0.040000    0.143009   -0.103009 (VIOLATED)
_041_/Y                                 0.040000    0.142574   -0.102574 (VIOLATED)
_079_/RESET_B                           0.040000    0.142574   -0.102574 (VIOLATED)
_072_/Y                                 0.040000    0.142436   -0.102436 (VIOLATED)
_096_/RESET_B                           0.040000    0.142436   -0.102436 (VIOLATED)
_052_/A                                 0.040000    0.142140   -0.102140 (VIOLATED)
_053_/B1                                0.040000    0.142140   -0.102140 (VIOLATED)
_098_/Q                                 0.040000    0.142140   -0.102140 (VIOLATED)
_076_/Y                                 0.040000    0.141159   -0.101159 (VIOLATED)
_100_/RESET_B                           0.040000    0.141159   -0.101159 (VIOLATED)
_057_/Y                                 0.040000    0.140767   -0.100767 (VIOLATED)
_081_/RESET_B                           0.040000    0.140767   -0.100767 (VIOLATED)
_077_/Y                                 0.040000    0.140059   -0.100059 (VIOLATED)
_101_/RESET_B                           0.040000    0.140059   -0.100059 (VIOLATED)
_068_/Y                                 0.040000    0.137654   -0.097654 (VIOLATED)
_092_/RESET_B                           0.040000    0.137654   -0.097654 (VIOLATED)
_069_/Y                                 0.040000    0.134996   -0.094996 (VIOLATED)
_093_/RESET_B                           0.040000    0.134996   -0.094996 (VIOLATED)
_056_/Y                                 0.040000    0.133219   -0.093219 (VIOLATED)
_080_/RESET_B                           0.040000    0.133219   -0.093219 (VIOLATED)
_058_/Y                                 0.040000    0.132284   -0.092284 (VIOLATED)
_082_/RESET_B                           0.040000    0.132284   -0.092284 (VIOLATED)
_059_/Y                                 0.040000    0.132217   -0.092217 (VIOLATED)
_083_/RESET_B                           0.040000    0.132217   -0.092217 (VIOLATED)
_042_/X                                 0.040000    0.131616   -0.091616 (VIOLATED)
_093_/D                                 0.040000    0.131616   -0.091616 (VIOLATED)
_055_/X                                 0.040000    0.131041   -0.091041 (VIOLATED)
_099_/D                                 0.040000    0.131041   -0.091041 (VIOLATED)
_067_/Y                                 0.040000    0.130622   -0.090622 (VIOLATED)
_091_/RESET_B                           0.040000    0.130622   -0.090622 (VIOLATED)
_060_/Y                                 0.040000    0.129975   -0.089975 (VIOLATED)
_084_/RESET_B                           0.040000    0.129975   -0.089975 (VIOLATED)
mem_i/addr0[3]                          0.040000    0.129412   -0.089412 (VIOLATED)
mem_i/addr0[4]                          0.040000    0.129181   -0.089181 (VIOLATED)
mem_i/addr0[5]                          0.040000    0.128236   -0.088236 (VIOLATED)
mem_i/addr0[7]                          0.040000    0.126956   -0.086956 (VIOLATED)
mem_i/csb0                              0.040000    0.126258   -0.086258 (VIOLATED)
_064_/Y                                 0.040000    0.126160   -0.086160 (VIOLATED)
_088_/RESET_B                           0.040000    0.126160   -0.086160 (VIOLATED)
mem_i/addr0[6]                          0.040000    0.126117   -0.086117 (VIOLATED)
_066_/Y                                 0.040000    0.125746   -0.085746 (VIOLATED)
_090_/RESET_B                           0.040000    0.125746   -0.085746 (VIOLATED)
mem_i/addr0[2]                          0.040000    0.125442   -0.085442 (VIOLATED)
_050_/C                                 0.040000    0.124772   -0.084772 (VIOLATED)
_051_/B2                                0.040000    0.124772   -0.084772 (VIOLATED)
_097_/Q                                 0.040000    0.124772   -0.084772 (VIOLATED)
mem_i/din0[3]                           0.040000    0.124366   -0.084366 (VIOLATED)
_062_/Y                                 0.040000    0.123898   -0.083898 (VIOLATED)
_086_/RESET_B                           0.040000    0.123898   -0.083898 (VIOLATED)
_061_/Y                                 0.040000    0.123731   -0.083731 (VIOLATED)
_085_/RESET_B                           0.040000    0.123731   -0.083731 (VIOLATED)
mem_i/din0[9]                           0.040000    0.123477   -0.083477 (VIOLATED)
mem_i/din0[14]                          0.040000    0.123315   -0.083315 (VIOLATED)
mem_i/addr0[0]                          0.040000    0.122931   -0.082931 (VIOLATED)
_063_/Y                                 0.040000    0.122376   -0.082376 (VIOLATED)
_087_/RESET_B                           0.040000    0.122376   -0.082376 (VIOLATED)
mem_i/din0[13]                          0.040000    0.122221   -0.082221 (VIOLATED)
mem_i/addr0[1]                          0.040000    0.122074   -0.082074 (VIOLATED)
mem_i/din0[8]                           0.040000    0.121981   -0.081981 (VIOLATED)
mem_i/din0[7]                           0.040000    0.121821   -0.081821 (VIOLATED)
mem_i/din0[2]                           0.040000    0.121590   -0.081590 (VIOLATED)
mem_i/din0[0]                           0.040000    0.121586   -0.081586 (VIOLATED)
mem_i/din0[5]                           0.040000    0.121512   -0.081512 (VIOLATED)
mem_i/din0[10]                          0.040000    0.121368   -0.081368 (VIOLATED)
mem_i/din0[15]                          0.040000    0.121336   -0.081336 (VIOLATED)
mem_i/din0[4]                           0.040000    0.121264   -0.081264 (VIOLATED)
mem_i/din0[6]                           0.040000    0.121117   -0.081117 (VIOLATED)
mem_i/din0[11]                          0.040000    0.121107   -0.081107 (VIOLATED)
mem_i/din0[12]                          0.040000    0.121074   -0.081074 (VIOLATED)
mem_i/din0[1]                           0.040000    0.121074   -0.081074 (VIOLATED)
_046_/Y                                 0.040000    0.113205   -0.073205 (VIOLATED)
_049_/B                                 0.040000    0.113205   -0.073205 (VIOLATED)
_054_/Y                                 0.040000    0.098726   -0.058726 (VIOLATED)
_098_/D                                 0.040000    0.098726   -0.058726 (VIOLATED)
_045_/Y                                 0.040000    0.098465   -0.058465 (VIOLATED)
_094_/D                                 0.040000    0.098465   -0.058465 (VIOLATED)
addr0[3]                                0.040000    0.097059   -0.057059 (VIOLATED)
addr0[4]                                0.040000    0.096886   -0.056886 (VIOLATED)
addr0[5]                                0.040000    0.096177   -0.056177 (VIOLATED)
addr0[7]                                0.040000    0.095217   -0.055217 (VIOLATED)
csb0                                    0.040000    0.094694   -0.054694 (VIOLATED)
addr0[6]                                0.040000    0.094588   -0.054588 (VIOLATED)
addr0[2]                                0.040000    0.094081   -0.054081 (VIOLATED)
din0[3]                                 0.040000    0.093272   -0.053272 (VIOLATED)
din0[9]                                 0.040000    0.092604   -0.052604 (VIOLATED)
din0[14]                                0.040000    0.092483   -0.052483 (VIOLATED)
addr0[0]                                0.040000    0.092194   -0.052194 (VIOLATED)
din0[13]                                0.040000    0.091664   -0.051664 (VIOLATED)
addr0[1]                                0.040000    0.091553   -0.051553 (VIOLATED)
din0[8]                                 0.040000    0.091483   -0.051483 (VIOLATED)
din0[7]                                 0.040000    0.091364   -0.051364 (VIOLATED)
din0[2]                                 0.040000    0.091190   -0.051190 (VIOLATED)
din0[0]                                 0.040000    0.091187   -0.051187 (VIOLATED)
din0[5]                                 0.040000    0.091131   -0.051131 (VIOLATED)
din0[10]                                0.040000    0.091024   -0.051024 (VIOLATED)
din0[15]                                0.040000    0.091000   -0.051000 (VIOLATED)
din0[4]                                 0.040000    0.090945   -0.050945 (VIOLATED)
din0[6]                                 0.040000    0.090835   -0.050835 (VIOLATED)
din0[11]                                0.040000    0.090828   -0.050828 (VIOLATED)
din0[12]                                0.040000    0.090804   -0.050804 (VIOLATED)
din0[1]                                 0.040000    0.090804   -0.050804 (VIOLATED)
_051_/X                                 0.040000    0.079434   -0.039434 (VIOLATED)
_097_/D                                 0.040000    0.079434   -0.039434 (VIOLATED)
_048_/X                                 0.040000    0.078337   -0.038337 (VIOLATED)
_051_/B1                                0.040000    0.078337   -0.038337 (VIOLATED)
sine_out[0]                             0.040000    0.056109   -0.016109 (VIOLATED)
sine_out[10]                            0.040000    0.056109   -0.016109 (VIOLATED)
sine_out[11]                            0.040000    0.056109   -0.016109 (VIOLATED)
sine_out[12]                            0.040000    0.056109   -0.016109 (VIOLATED)
sine_out[13]                            0.040000    0.056109   -0.016109 (VIOLATED)
sine_out[14]                            0.040000    0.056109   -0.016109 (VIOLATED)
sine_out[15]                            0.040000    0.056109   -0.016109 (VIOLATED)
sine_out[1]                             0.040000    0.056109   -0.016109 (VIOLATED)
sine_out[2]                             0.040000    0.056109   -0.016109 (VIOLATED)
sine_out[3]                             0.040000    0.056109   -0.016109 (VIOLATED)
sine_out[4]                             0.040000    0.056109   -0.016109 (VIOLATED)
sine_out[5]                             0.040000    0.056109   -0.016109 (VIOLATED)
sine_out[6]                             0.040000    0.056109   -0.016109 (VIOLATED)
sine_out[7]                             0.040000    0.056109   -0.016109 (VIOLATED)
sine_out[8]                             0.040000    0.056109   -0.016109 (VIOLATED)
sine_out[9]                             0.040000    0.056109   -0.016109 (VIOLATED)
_079_/Q                                 0.040000    0.056109   -0.016109 (VIOLATED)
_080_/Q                                 0.040000    0.056109   -0.016109 (VIOLATED)
_081_/Q                                 0.040000    0.056109   -0.016109 (VIOLATED)
_082_/Q                                 0.040000    0.056109   -0.016109 (VIOLATED)
_083_/Q                                 0.040000    0.056109   -0.016109 (VIOLATED)
_084_/Q                                 0.040000    0.056109   -0.016109 (VIOLATED)
_085_/Q                                 0.040000    0.056109   -0.016109 (VIOLATED)
_086_/Q                                 0.040000    0.056109   -0.016109 (VIOLATED)
_087_/Q                                 0.040000    0.056109   -0.016109 (VIOLATED)
_088_/Q                                 0.040000    0.056109   -0.016109 (VIOLATED)
_089_/Q                                 0.040000    0.056109   -0.016109 (VIOLATED)
_090_/Q                                 0.040000    0.056109   -0.016109 (VIOLATED)
_091_/Q                                 0.040000    0.056109   -0.016109 (VIOLATED)
_100_/Q                                 0.040000    0.056109   -0.016109 (VIOLATED)
_101_/Q                                 0.040000    0.056109   -0.016109 (VIOLATED)
_102_/Q                                 0.040000    0.056109   -0.016109 (VIOLATED)
_040_/Y                                 0.040000    0.055288   -0.015288 (VIOLATED)
_092_/D                                 0.040000    0.055288   -0.015288 (VIOLATED)

max fanout

Pin                                   Limit Fanout  Slack
---------------------------------------------------------
clk                                      10     26    -16 (VIOLATED)
rst                                      10     24    -14 (VIOLATED)



===========================================================================
report_parasitic_annotation -report_unannotated
============================================================================
Found 2 unannotated drivers.
 _103_/HI
 _103_/LO
Found 50 partially unannotated drivers.
 clk
  _079_/CLK
  _080_/CLK
  _081_/CLK
  _082_/CLK
  _083_/CLK
  _084_/CLK
  _085_/CLK
  _086_/CLK
  _087_/CLK
  _088_/CLK
  _089_/CLK
  _090_/CLK
  _091_/CLK
  _092_/CLK
  _093_/CLK
  _094_/CLK
  _095_/CLK
  _096_/CLK
  _097_/CLK
  _098_/CLK
  _099_/CLK
  _100_/CLK
  _101_/CLK
  _102_/CLK
  mem_i/clk0
  mem_i/clk1
 rst
  _041_/A
  _056_/A
  _057_/A
  _058_/A
  _059_/A
  _060_/A
  _061_/A
  _062_/A
  _063_/A
  _064_/A
  _065_/A
  _066_/A
  _067_/A
  _068_/A
  _069_/A
  _070_/A
  _071_/A
  _072_/A
  _073_/A
  _074_/A
  _075_/A
  _076_/A
  _077_/A
  _078_/A
 _040_/Y
  _092_/D
 _042_/X
  _093_/D
 _045_/Y
  _094_/D
 _047_/X
  _095_/D
 _049_/Y
  _096_/D
 _051_/X
  _097_/D
 _054_/Y
  _098_/D
 _055_/X
  _099_/D
 _079_/Q
  sine_out[3]
 _080_/Q
  sine_out[4]
 _081_/Q
  sine_out[5]
 _082_/Q
  sine_out[6]
 _083_/Q
  sine_out[7]
 _084_/Q
  sine_out[8]
 _085_/Q
  sine_out[9]
 _086_/Q
  sine_out[10]
 _087_/Q
  sine_out[11]
 _088_/Q
  sine_out[12]
 _089_/Q
  sine_out[13]
 _090_/Q
  sine_out[14]
 _091_/Q
  sine_out[15]
 _092_/Q
  _040_/A
  _042_/A
  _043_/A
  _044_/A1
  mem_i/addr1[0]
 _093_/Q
  _042_/B
  _043_/B
  _044_/A2
  mem_i/addr1[1]
 _094_/Q
  _043_/C
  _044_/B1
  mem_i/addr1[2]
 _095_/Q
  _046_/A
  _047_/A
  _048_/A
  _050_/A
  mem_i/addr1[3]
 _096_/Q
  _048_/B
  _049_/A
  _050_/B
  mem_i/addr1[4]
 _097_/Q
  _050_/C
  _051_/B2
  mem_i/addr1[5]
 _098_/Q
  _052_/A
  _053_/B1
  mem_i/addr1[6]
 _099_/Q
  _055_/A
  mem_i/addr1[7]
 _100_/Q
  sine_out[0]
 _101_/Q
  sine_out[1]
 _102_/Q
  sine_out[2]
 mem_i/dout1[0]
  _100_/D
 mem_i/dout1[10]
  _086_/D
 mem_i/dout1[11]
  _087_/D
 mem_i/dout1[12]
  _088_/D
 mem_i/dout1[13]
  _089_/D
 mem_i/dout1[14]
  _090_/D
 mem_i/dout1[15]
  _091_/D
 mem_i/dout1[1]
  _101_/D
 mem_i/dout1[2]
  _102_/D
 mem_i/dout1[3]
  _079_/D
 mem_i/dout1[4]
  _080_/D
 mem_i/dout1[5]
  _081_/D
 mem_i/dout1[6]
  _082_/D
 mem_i/dout1[7]
  _083_/D
 mem_i/dout1[8]
  _084_/D
 mem_i/dout1[9]
  _085_/D

===========================================================================
max slew violation count 258
max fanout violation count 2
max cap violation count 0
============================================================================

===========================================================================
check_setup -verbose -unconstrained_endpoints -multiple_clock -no_clock -no_input_delay -loops -generated_clocks
===========================================================================
Warning: There is 1 unconstrained endpoint.
  mem_i/csb1
