
===========================================================================
report_checks -unconstrained
===========================================================================
======================= min_ff_n40C_1v95 Corner ===================================

Startpoint: rst (input port clocked by clk)
Endpoint: _102_ (recovery check against rising-edge clock clk)
Path Group: asynchronous
Path Type: max

Fanout         Cap        Slew       Delay        Time   Description
---------------------------------------------------------------------------------------------
                                  0.000000    0.000000   clock clk (rise edge)
                                  0.000000    0.000000   clock network delay (propagated)
                                  2.500000    2.500000 v input external delay
     2    0.003626    0.005943    0.002981    2.502981 v rst (in)
                                                         rst (net)
                      0.005943    0.000000    2.502981 v input1/A (sky130_fd_sc_hd__buf_1)
     1    0.006586    0.031752    0.059226    2.562208 v input1/X (sky130_fd_sc_hd__buf_1)
                                                         net1 (net)
                      0.031752    0.000145    2.562352 v fanout20/A (sky130_fd_sc_hd__clkbuf_8)
    21    0.100905    0.080310    0.143098    2.705451 v fanout20/X (sky130_fd_sc_hd__clkbuf_8)
                                                         net20 (net)
                      0.082862    0.011275    2.716726 v fanout18/A (sky130_fd_sc_hd__buf_4)
    10    0.052776    0.057790    0.146575    2.863300 v fanout18/X (sky130_fd_sc_hd__buf_4)
                                                         net18 (net)
                      0.057812    0.001097    2.864397 v _078_/A (sky130_fd_sc_hd__inv_2)
     1    0.006464    0.031494    0.047064    2.911461 ^ _078_/Y (sky130_fd_sc_hd__inv_2)
                                                         _031_ (net)
                      0.031494    0.000134    2.911595 ^ _102_/RESET_B (sky130_fd_sc_hd__dfrtp_1)
                                              2.911595   data arrival time

                                  5.000000    5.000000   clock clk (rise edge)
                                  0.000000    5.000000   clock source latency
     2    0.066006    0.225427    0.162991    5.162991 ^ clk (in)
                                                         clk (net)
                      0.227297    0.000000    5.162991 ^ clkbuf_0_clk/A (sky130_fd_sc_hd__clkbuf_16)
     5    0.067913    0.067845    0.149333    5.312325 ^ clkbuf_0_clk/X (sky130_fd_sc_hd__clkbuf_16)
                                                         clknet_0_clk (net)
                      0.067845    0.000284    5.312609 ^ clkbuf_1_0__f_clk/A (sky130_fd_sc_hd__clkbuf_16)
    31    0.110724    0.096797    0.143180    5.455789 ^ clkbuf_1_0__f_clk/X (sky130_fd_sc_hd__clkbuf_16)
                                                         clknet_1_0__leaf_clk (net)
                      0.096832    0.001592    5.457380 ^ _102_/CLK (sky130_fd_sc_hd__dfrtp_1)
                                 -0.250000    5.207380   clock uncertainty
                                  0.000000    5.207380   clock reconvergence pessimism
                                  0.153397    5.360777   library recovery time
                                              5.360777   data required time
---------------------------------------------------------------------------------------------
                                              5.360777   data required time
                                             -2.911595   data arrival time
---------------------------------------------------------------------------------------------
                                              2.449182   slack (MET)


Startpoint: _097_ (rising edge-triggered flip-flop clocked by clk)
Endpoint: sine_out[0] (output port clocked by clk)
Path Group: clk
Path Type: max

Fanout         Cap        Slew       Delay        Time   Description
---------------------------------------------------------------------------------------------
                                  0.000000    0.000000   clock clk (rise edge)
                                  0.000000    0.000000   clock source latency
     2    0.066006    0.225427    0.162991    0.162991 ^ clk (in)
                                                         clk (net)
                      0.227297    0.000000    0.162991 ^ clkbuf_0_clk/A (sky130_fd_sc_hd__clkbuf_16)
     5    0.067913    0.067845    0.149334    0.312324 ^ clkbuf_0_clk/X (sky130_fd_sc_hd__clkbuf_16)
                                                         clknet_0_clk (net)
                      0.067845    0.000284    0.312608 ^ clkbuf_1_0__f_clk/A (sky130_fd_sc_hd__clkbuf_16)
    31    0.110724    0.096797    0.143180    0.455788 ^ clkbuf_1_0__f_clk/X (sky130_fd_sc_hd__clkbuf_16)
                                                         clknet_1_0__leaf_clk (net)
                      0.097176    0.004888    0.460676 ^ _097_/CLK (sky130_fd_sc_hd__dfrtp_1)
     1    0.004270    0.032829    0.245011    0.705687 v _097_/Q (sky130_fd_sc_hd__dfrtp_1)
                                                         net2 (net)
                      0.032829    0.000080    0.705767 v output2/A (sky130_fd_sc_hd__buf_1)
     1    0.000747    0.011390    0.049111    0.754878 v output2/X (sky130_fd_sc_hd__buf_1)
                                                         sine_out[0] (net)
                      0.011390    0.000004    0.754882 v sine_out[0] (out)
                                              0.754882   data arrival time

                                  5.000000    5.000000   clock clk (rise edge)
                                  0.000000    5.000000   clock network delay (propagated)
                                 -0.250000    4.750000   clock uncertainty
                                  0.000000    4.750000   clock reconvergence pessimism
                                 -2.500000    2.250000   output external delay
                                              2.250000   data required time
---------------------------------------------------------------------------------------------
                                              2.250000   data required time
                                             -0.754882   data arrival time
---------------------------------------------------------------------------------------------
                                              1.495118   slack (MET)




===========================================================================
report_checks --slack_max -0.01
============================================================================
======================= min_ff_n40C_1v95 Corner ===================================

No paths found.


===========================================================================
 report_check_types -max_slew -max_cap -max_fanout -violators
============================================================================
======================= min_ff_n40C_1v95 Corner ===================================

max fanout

Pin                                   Limit Fanout  Slack
---------------------------------------------------------
clkbuf_1_0__f_clk/X                      10     31    -21 (VIOLATED)
clkbuf_1_1__f_clk/X                      10     25    -15 (VIOLATED)
fanout20/X                               10     21    -11 (VIOLATED)
_043_/X                                  10     15     -5 (VIOLATED)
_089_/Q                                  10     11        (VIOLATED)



===========================================================================
report_parasitic_annotation -report_unannotated
============================================================================
Found 2 unannotated drivers.
 clkload0/Y
 mem_i_21/HI
Found 32 partially unannotated drivers.
 addr0[0]
  mem_i/addr0[7]
 addr0[1]
  mem_i/addr0[6]
 addr0[2]
  mem_i/addr0[5]
 addr0[3]
  mem_i/addr0[4]
 addr0[4]
  mem_i/addr0[3]
 addr0[5]
  mem_i/addr0[2]
 addr0[6]
  mem_i/addr0[1]
 addr0[7]
  mem_i/addr0[0]
 din0[0]
  mem_i/din0[15]
 din0[10]
  mem_i/din0[5]
 din0[11]
  mem_i/din0[4]
 din0[12]
  mem_i/din0[3]
 din0[13]
  mem_i/din0[2]
 din0[14]
  mem_i/din0[1]
 din0[15]
  mem_i/din0[0]
 din0[1]
  mem_i/din0[14]
 din0[2]
  mem_i/din0[13]
 din0[3]
  mem_i/din0[12]
 din0[4]
  mem_i/din0[11]
 din0[5]
  mem_i/din0[10]
 din0[6]
  mem_i/din0[9]
 din0[7]
  mem_i/din0[8]
 din0[8]
  mem_i/din0[7]
 din0[9]
  mem_i/din0[6]
 _089_/Q
  mem_i/addr1[7]
 _090_/Q
  mem_i/addr1[6]
 _091_/Q
  mem_i/addr1[5]
 _092_/Q
  mem_i/addr1[4]
 _093_/Q
  mem_i/addr1[3]
 _094_/Q
  mem_i/addr1[2]
 _095_/Q
  mem_i/addr1[1]
 _096_/Q
  mem_i/addr1[0]

===========================================================================
max slew violation count 0
max fanout violation count 5
max cap violation count 0
============================================================================

===========================================================================
check_setup -verbose -unconstrained_endpoints -multiple_clock -no_clock -no_input_delay -loops -generated_clocks
===========================================================================
Warning: There are 16 unconstrained endpoints.
  _079_/D
  _080_/D
  _081_/D
  _082_/D
  _083_/D
  _084_/D
  _085_/D
  _086_/D
  _087_/D
  _088_/D
  _097_/D
  _098_/D
  _099_/D
  _100_/D
  _101_/D
  _102_/D
