Clock: clk
Sources: clk 
Generated: no
Virtual: yes
Propagated: no
Period: 5.000000

===========================================================================
report_clock_properties
============================================================================
Clock                   Period          Waveform
----------------------------------------------------
clk                   5.000000    0.000000  2.500000

===========================================================================
report_clock_latency
============================================================================
Clock clk
rise -> rise
    min     max
0.000000 0.000000 source latency
0.574886         network latency _136_/CLK
        0.607581 network latency _138_/CLK
---------------
0.574886 0.607581 latency
        0.032695 skew

fall -> fall
    min     max
0.000000 0.000000 source latency
0.472241         network latency _136_/CLK
        0.497360 network latency _138_/CLK
---------------
0.472241 0.497360 latency
        0.025119 skew



===========================================================================
report_clock_min_period
============================================================================
clk period_min = 1.91 fmax = 523.18
