Reading OpenROAD database at '/home/thanh/NCO/runs/RUN_2025-03-05_07-49-14/16-odb-manualmacroplacement/counter.odb'…
Reading library file at '/home/thanh/.volare/volare/sky130/versions/0fe599b2afb6708d281543108caf8310912f54af/sky130A/libs.ref/sky130_fd_sc_hd/lib/sky130_fd_sc_hd__tt_025C_1v80.lib'…
Reading library file at '/home/thanh/NCO/ram256x16/ram256x16_TT_1p8V_25C.lib'…
Reading macro library file at '/home/thanh/NCO/ram256x16/ram256x16_TT_1p8V_25C.lib'…
[WARNING STA-1140] /home/thanh/NCO/ram256x16/ram256x16_TT_1p8V_25C.lib line 1, library ram256x16_TT_1p8V_25C_lib already exists.
Reading design constraints file at '/home/thanh/NCO/counter.sdc'…
[WARNING STA-0366] port 'addr0.*' not found.
[WARNING STA-0366] port 'csb0.*' not found.
[WARNING STA-0366] port 'din0.*' not found.
[WARNING STA-0366] port 'csb0.*' not found.
[WARNING STA-0366] port 'addr0.*' not found.
[WARNING STA-0366] port 'din0.*' not found.
[INFO ODB-0303] The initial 267 rows (312657 sites) were cut with 2 shapes for a total of 481 rows (89027 sites).
Setting global connections for newly added cells…
[INFO] Setting global connections...
mem_i.* matched with mem_i0
mem_i.* matched with mem_i1
Updating metrics…
Cell type report:                       Count       Area
  Macro                                     2  247030.69
  Inverter                                 26      97.59
  Sequential cell                          25     656.88
  Multi-Input combinational cell           35     357.84
  Total                                    88  248143.00
Writing OpenROAD database to '/home/thanh/NCO/runs/RUN_2025-03-05_07-49-14/17-openroad-cutrows/counter.odb'…
Writing layout to '/home/thanh/NCO/runs/RUN_2025-03-05_07-49-14/17-openroad-cutrows/counter.def'…
