
===========================================================================
report_checks -path_delay min (Hold)
============================================================================
======================= nom_tt_025C_1v80 Corner ===================================

Startpoint: _096_ (rising edge-triggered flip-flop clocked by clk)
Endpoint: _096_ (rising edge-triggered flip-flop clocked by clk)
Path Group: clk
Path Type: min

Fanout         Cap        Slew       Delay        Time   Description
---------------------------------------------------------------------------------------------
                      0.150000    0.000000    0.000000   clock clk (rise edge)
                                  0.000000    0.000000   clock network delay (ideal)
                      0.150000    0.000000    0.000000 ^ _096_/CLK (sky130_fd_sc_hd__dfrtp_2)
     2    0.009376    0.068131    0.398480    0.398480 ^ _096_/Q (sky130_fd_sc_hd__dfrtp_2)
                                                         tcout[7] (net)
                      0.068131    0.000000    0.398480 ^ _055_/A (sky130_fd_sc_hd__xor2_2)
     1    0.001949    0.027939    0.059342    0.457822 v _055_/X (sky130_fd_sc_hd__xor2_2)
                                                         _007_ (net)
                      0.027939    0.000000    0.457822 v _096_/D (sky130_fd_sc_hd__dfrtp_2)
                                              0.457822   data arrival time

                      0.150000    0.000000    0.000000   clock clk (rise edge)
                                  0.000000    0.000000   clock network delay (ideal)
                                  0.250000    0.250000   clock uncertainty
                                  0.000000    0.250000   clock reconvergence pessimism
                                              0.250000 ^ _096_/CLK (sky130_fd_sc_hd__dfrtp_2)
                                 -0.011225    0.238775   library hold time
                                              0.238775   data required time
---------------------------------------------------------------------------------------------
                                              0.238775   data required time
                                             -0.457822   data arrival time
---------------------------------------------------------------------------------------------
                                              0.219047   slack (MET)


Startpoint: _089_ (rising edge-triggered flip-flop clocked by clk)
Endpoint: _089_ (rising edge-triggered flip-flop clocked by clk)
Path Group: clk
Path Type: min

Fanout         Cap        Slew       Delay        Time   Description
---------------------------------------------------------------------------------------------
                      0.150000    0.000000    0.000000   clock clk (rise edge)
                                  0.000000    0.000000   clock network delay (ideal)
                      0.150000    0.000000    0.000000 ^ _089_/CLK (sky130_fd_sc_hd__dfrtp_2)
     5    0.020071    0.114124    0.438087    0.438087 ^ _089_/Q (sky130_fd_sc_hd__dfrtp_2)
                                                         tcout[0] (net)
                      0.114124    0.000000    0.438087 ^ _040_/A (sky130_fd_sc_hd__inv_2)
     1    0.001949    0.024180    0.032017    0.470104 v _040_/Y (sky130_fd_sc_hd__inv_2)
                                                         _000_ (net)
                      0.024180    0.000000    0.470104 v _089_/D (sky130_fd_sc_hd__dfrtp_2)
                                              0.470104   data arrival time

                      0.150000    0.000000    0.000000   clock clk (rise edge)
                                  0.000000    0.000000   clock network delay (ideal)
                                  0.250000    0.250000   clock uncertainty
                                  0.000000    0.250000   clock reconvergence pessimism
                                              0.250000 ^ _089_/CLK (sky130_fd_sc_hd__dfrtp_2)
                                 -0.009697    0.240303   library hold time
                                              0.240303   data required time
---------------------------------------------------------------------------------------------
                                              0.240303   data required time
                                             -0.470104   data arrival time
---------------------------------------------------------------------------------------------
                                              0.229801   slack (MET)


Startpoint: _093_ (rising edge-triggered flip-flop clocked by clk)
Endpoint: _093_ (rising edge-triggered flip-flop clocked by clk)
Path Group: clk
Path Type: min

Fanout         Cap        Slew       Delay        Time   Description
---------------------------------------------------------------------------------------------
                      0.150000    0.000000    0.000000   clock clk (rise edge)
                                  0.000000    0.000000   clock network delay (ideal)
                      0.150000    0.000000    0.000000 ^ _093_/CLK (sky130_fd_sc_hd__dfrtp_2)
     4    0.012110    0.079783    0.410241    0.410241 ^ _093_/Q (sky130_fd_sc_hd__dfrtp_2)
                                                         tcout[4] (net)
                      0.079783    0.000000    0.410241 ^ _049_/A (sky130_fd_sc_hd__xnor2_2)
     1    0.001949    0.025257    0.063634    0.473875 v _049_/Y (sky130_fd_sc_hd__xnor2_2)
                                                         _004_ (net)
                      0.025257    0.000000    0.473875 v _093_/D (sky130_fd_sc_hd__dfrtp_2)
                                              0.473875   data arrival time

                      0.150000    0.000000    0.000000   clock clk (rise edge)
                                  0.000000    0.000000   clock network delay (ideal)
                                  0.250000    0.250000   clock uncertainty
                                  0.000000    0.250000   clock reconvergence pessimism
                                              0.250000 ^ _093_/CLK (sky130_fd_sc_hd__dfrtp_2)
                                 -0.010135    0.239865   library hold time
                                              0.239865   data required time
---------------------------------------------------------------------------------------------
                                              0.239865   data required time
                                             -0.473875   data arrival time
---------------------------------------------------------------------------------------------
                                              0.234009   slack (MET)


Startpoint: _090_ (rising edge-triggered flip-flop clocked by clk)
Endpoint: _090_ (rising edge-triggered flip-flop clocked by clk)
Path Group: clk
Path Type: min

Fanout         Cap        Slew       Delay        Time   Description
---------------------------------------------------------------------------------------------
                      0.150000    0.000000    0.000000   clock clk (rise edge)
                                  0.000000    0.000000   clock network delay (ideal)
                      0.150000    0.000000    0.000000 ^ _090_/CLK (sky130_fd_sc_hd__dfrtp_2)
     4    0.015080    0.092574    0.420947    0.420947 ^ _090_/Q (sky130_fd_sc_hd__dfrtp_2)
                                                         tcout[1] (net)
                      0.092574    0.000000    0.420947 ^ _042_/B (sky130_fd_sc_hd__xor2_2)
     1    0.001949    0.028021    0.059528    0.480475 v _042_/X (sky130_fd_sc_hd__xor2_2)
                                                         _001_ (net)
                      0.028021    0.000000    0.480475 v _090_/D (sky130_fd_sc_hd__dfrtp_2)
                                              0.480475   data arrival time

                      0.150000    0.000000    0.000000   clock clk (rise edge)
                                  0.000000    0.000000   clock network delay (ideal)
                                  0.250000    0.250000   clock uncertainty
                                  0.000000    0.250000   clock reconvergence pessimism
                                              0.250000 ^ _090_/CLK (sky130_fd_sc_hd__dfrtp_2)
                                 -0.011259    0.238741   library hold time
                                              0.238741   data required time
---------------------------------------------------------------------------------------------
                                              0.238741   data required time
                                             -0.480475   data arrival time
---------------------------------------------------------------------------------------------
                                              0.241734   slack (MET)


Startpoint: _095_ (rising edge-triggered flip-flop clocked by clk)
Endpoint: _095_ (rising edge-triggered flip-flop clocked by clk)
Path Group: clk
Path Type: min

Fanout         Cap        Slew       Delay        Time   Description
---------------------------------------------------------------------------------------------
                      0.150000    0.000000    0.000000   clock clk (rise edge)
                                  0.000000    0.000000   clock network delay (ideal)
                      0.150000    0.000000    0.000000 ^ _095_/CLK (sky130_fd_sc_hd__dfrtp_2)
     3    0.006154    0.054399    0.384621    0.384621 ^ _095_/Q (sky130_fd_sc_hd__dfrtp_2)
                                                         tcout[6] (net)
                      0.054399    0.000000    0.384621 ^ _053_/B1 (sky130_fd_sc_hd__a21oi_2)
     1    0.004136    0.024806    0.034209    0.418829 v _053_/Y (sky130_fd_sc_hd__a21oi_2)
                                                         _038_ (net)
                      0.024806    0.000000    0.418829 v _054_/B (sky130_fd_sc_hd__nor2_2)
     1    0.002005    0.053546    0.055487    0.474317 ^ _054_/Y (sky130_fd_sc_hd__nor2_2)
                                                         _006_ (net)
                      0.053546    0.000000    0.474317 ^ _095_/D (sky130_fd_sc_hd__dfrtp_2)
                                              0.474317   data arrival time

                      0.150000    0.000000    0.000000   clock clk (rise edge)
                                  0.000000    0.000000   clock network delay (ideal)
                                  0.250000    0.250000   clock uncertainty
                                  0.000000    0.250000   clock reconvergence pessimism
                                              0.250000 ^ _095_/CLK (sky130_fd_sc_hd__dfrtp_2)
                                 -0.022077    0.227923   library hold time
                                              0.227923   data required time
---------------------------------------------------------------------------------------------
                                              0.227923   data required time
                                             -0.474317   data arrival time
---------------------------------------------------------------------------------------------
                                              0.246393   slack (MET)


Startpoint: _091_ (rising edge-triggered flip-flop clocked by clk)
Endpoint: _091_ (rising edge-triggered flip-flop clocked by clk)
Path Group: clk
Path Type: min

Fanout         Cap        Slew       Delay        Time   Description
---------------------------------------------------------------------------------------------
                      0.150000    0.000000    0.000000   clock clk (rise edge)
                                  0.000000    0.000000   clock network delay (ideal)
                      0.150000    0.000000    0.000000 ^ _091_/CLK (sky130_fd_sc_hd__dfrtp_2)
     3    0.006300    0.055021    0.385249    0.385249 ^ _091_/Q (sky130_fd_sc_hd__dfrtp_2)
                                                         tcout[2] (net)
                      0.055021    0.000000    0.385249 ^ _044_/B1 (sky130_fd_sc_hd__a21oi_2)
     1    0.004136    0.024948    0.034308    0.419557 v _044_/Y (sky130_fd_sc_hd__a21oi_2)
                                                         _033_ (net)
                      0.024948    0.000000    0.419557 v _045_/B (sky130_fd_sc_hd__nor2_2)
     1    0.002005    0.053545    0.055540    0.475097 ^ _045_/Y (sky130_fd_sc_hd__nor2_2)
                                                         _002_ (net)
                      0.053545    0.000000    0.475097 ^ _091_/D (sky130_fd_sc_hd__dfrtp_2)
                                              0.475097   data arrival time

                      0.150000    0.000000    0.000000   clock clk (rise edge)
                                  0.000000    0.000000   clock network delay (ideal)
                                  0.250000    0.250000   clock uncertainty
                                  0.000000    0.250000   clock reconvergence pessimism
                                              0.250000 ^ _091_/CLK (sky130_fd_sc_hd__dfrtp_2)
                                 -0.022076    0.227924   library hold time
                                              0.227924   data required time
---------------------------------------------------------------------------------------------
                                              0.227924   data required time
                                             -0.475097   data arrival time
---------------------------------------------------------------------------------------------
                                              0.247173   slack (MET)


Startpoint: _092_ (rising edge-triggered flip-flop clocked by clk)
Endpoint: _092_ (rising edge-triggered flip-flop clocked by clk)
Path Group: clk
Path Type: min

Fanout         Cap        Slew       Delay        Time   Description
---------------------------------------------------------------------------------------------
                      0.150000    0.000000    0.000000   clock clk (rise edge)
                                  0.000000    0.000000   clock network delay (ideal)
                      0.150000    0.000000    0.000000 ^ _092_/CLK (sky130_fd_sc_hd__dfrtp_2)
     5    0.016827    0.100117    0.426947    0.426947 ^ _092_/Q (sky130_fd_sc_hd__dfrtp_2)
                                                         tcout[3] (net)
                      0.100117    0.000000    0.426947 ^ _047_/A (sky130_fd_sc_hd__xor2_2)
     1    0.001949    0.028000    0.067789    0.494735 v _047_/X (sky130_fd_sc_hd__xor2_2)
                                                         _003_ (net)
                      0.028000    0.000000    0.494735 v _092_/D (sky130_fd_sc_hd__dfrtp_2)
                                              0.494735   data arrival time

                      0.150000    0.000000    0.000000   clock clk (rise edge)
                                  0.000000    0.000000   clock network delay (ideal)
                                  0.250000    0.250000   clock uncertainty
                                  0.000000    0.250000   clock reconvergence pessimism
                                              0.250000 ^ _092_/CLK (sky130_fd_sc_hd__dfrtp_2)
                                 -0.011250    0.238750   library hold time
                                              0.238750   data required time
---------------------------------------------------------------------------------------------
                                              0.238750   data required time
                                             -0.494735   data arrival time
---------------------------------------------------------------------------------------------
                                              0.255985   slack (MET)


Startpoint: _094_ (rising edge-triggered flip-flop clocked by clk)
Endpoint: _094_ (rising edge-triggered flip-flop clocked by clk)
Path Group: clk
Path Type: min

Fanout         Cap        Slew       Delay        Time   Description
---------------------------------------------------------------------------------------------
                      0.150000    0.000000    0.000000   clock clk (rise edge)
                                  0.000000    0.000000   clock network delay (ideal)
                      0.150000    0.000000    0.000000 ^ _094_/CLK (sky130_fd_sc_hd__dfrtp_2)
     3    0.003598    0.043115    0.372484    0.372484 ^ _094_/Q (sky130_fd_sc_hd__dfrtp_2)
                                                         tcout[5] (net)
                      0.043115    0.000000    0.372484 ^ _051_/B2 (sky130_fd_sc_hd__o2bb2a_2)
     1    0.002005    0.034170    0.137601    0.510085 ^ _051_/X (sky130_fd_sc_hd__o2bb2a_2)
                                                         _005_ (net)
                      0.034170    0.000000    0.510085 ^ _094_/D (sky130_fd_sc_hd__dfrtp_2)
                                              0.510085   data arrival time

                      0.150000    0.000000    0.000000   clock clk (rise edge)
                                  0.000000    0.000000   clock network delay (ideal)
                                  0.250000    0.250000   clock uncertainty
                                  0.000000    0.250000   clock reconvergence pessimism
                                              0.250000 ^ _094_/CLK (sky130_fd_sc_hd__dfrtp_2)
                                 -0.018115    0.231885   library hold time
                                              0.231885   data required time
---------------------------------------------------------------------------------------------
                                              0.231885   data required time
                                             -0.510085   data arrival time
---------------------------------------------------------------------------------------------
                                              0.278201   slack (MET)


Startpoint: rst (input port clocked by clk)
Endpoint: _079_ (removal check against rising-edge clock clk)
Path Group: asynchronous
Path Type: min

Fanout         Cap        Slew       Delay        Time   Description
---------------------------------------------------------------------------------------------
                      0.150000    0.000000    0.000000   clock clk (rise edge)
                                  0.000000    0.000000   clock network delay (ideal)
                                  2.000000    2.000000 v input external delay
    24    0.102624    0.220909    0.165360    2.165360 v rst (in)
                                                         rst (net)
                      0.220909    0.000000    2.165360 v _041_/A (sky130_fd_sc_hd__inv_2)
     1    0.003612    0.058996    0.093226    2.258586 ^ _041_/Y (sky130_fd_sc_hd__inv_2)
                                                         _008_ (net)
                      0.058996    0.000000    2.258586 ^ _079_/RESET_B (sky130_fd_sc_hd__dfrtp_2)
                                              2.258586   data arrival time

                      0.150000    0.000000    0.000000   clock clk (rise edge)
                                  0.000000    0.000000   clock network delay (ideal)
                                  0.250000    0.250000   clock uncertainty
                                  0.000000    0.250000   clock reconvergence pessimism
                                              0.250000 ^ _079_/CLK (sky130_fd_sc_hd__dfrtp_2)
                                  0.352941    0.602941   library removal time
                                              0.602941   data required time
---------------------------------------------------------------------------------------------
                                              0.602941   data required time
                                             -2.258586   data arrival time
---------------------------------------------------------------------------------------------
                                              1.655645   slack (MET)


Startpoint: rst (input port clocked by clk)
Endpoint: _080_ (removal check against rising-edge clock clk)
Path Group: asynchronous
Path Type: min

Fanout         Cap        Slew       Delay        Time   Description
---------------------------------------------------------------------------------------------
                      0.150000    0.000000    0.000000   clock clk (rise edge)
                                  0.000000    0.000000   clock network delay (ideal)
                                  2.000000    2.000000 v input external delay
    24    0.102624    0.220909    0.165360    2.165360 v rst (in)
                                                         rst (net)
                      0.220909    0.000000    2.165360 v _056_/A (sky130_fd_sc_hd__inv_2)
     1    0.003612    0.058996    0.093226    2.258586 ^ _056_/Y (sky130_fd_sc_hd__inv_2)
                                                         _009_ (net)
                      0.058996    0.000000    2.258586 ^ _080_/RESET_B (sky130_fd_sc_hd__dfrtp_2)
                                              2.258586   data arrival time

                      0.150000    0.000000    0.000000   clock clk (rise edge)
                                  0.000000    0.000000   clock network delay (ideal)
                                  0.250000    0.250000   clock uncertainty
                                  0.000000    0.250000   clock reconvergence pessimism
                                              0.250000 ^ _080_/CLK (sky130_fd_sc_hd__dfrtp_2)
                                  0.352941    0.602941   library removal time
                                              0.602941   data required time
---------------------------------------------------------------------------------------------
                                              0.602941   data required time
                                             -2.258586   data arrival time
---------------------------------------------------------------------------------------------
                                              1.655645   slack (MET)


Startpoint: rst (input port clocked by clk)
Endpoint: _081_ (removal check against rising-edge clock clk)
Path Group: asynchronous
Path Type: min

Fanout         Cap        Slew       Delay        Time   Description
---------------------------------------------------------------------------------------------
                      0.150000    0.000000    0.000000   clock clk (rise edge)
                                  0.000000    0.000000   clock network delay (ideal)
                                  2.000000    2.000000 v input external delay
    24    0.102624    0.220909    0.165360    2.165360 v rst (in)
                                                         rst (net)
                      0.220909    0.000000    2.165360 v _057_/A (sky130_fd_sc_hd__inv_2)
     1    0.003612    0.058996    0.093226    2.258586 ^ _057_/Y (sky130_fd_sc_hd__inv_2)
                                                         _010_ (net)
                      0.058996    0.000000    2.258586 ^ _081_/RESET_B (sky130_fd_sc_hd__dfrtp_2)
                                              2.258586   data arrival time

                      0.150000    0.000000    0.000000   clock clk (rise edge)
                                  0.000000    0.000000   clock network delay (ideal)
                                  0.250000    0.250000   clock uncertainty
                                  0.000000    0.250000   clock reconvergence pessimism
                                              0.250000 ^ _081_/CLK (sky130_fd_sc_hd__dfrtp_2)
                                  0.352941    0.602941   library removal time
                                              0.602941   data required time
---------------------------------------------------------------------------------------------
                                              0.602941   data required time
                                             -2.258586   data arrival time
---------------------------------------------------------------------------------------------
                                              1.655645   slack (MET)


Startpoint: rst (input port clocked by clk)
Endpoint: _082_ (removal check against rising-edge clock clk)
Path Group: asynchronous
Path Type: min

Fanout         Cap        Slew       Delay        Time   Description
---------------------------------------------------------------------------------------------
                      0.150000    0.000000    0.000000   clock clk (rise edge)
                                  0.000000    0.000000   clock network delay (ideal)
                                  2.000000    2.000000 v input external delay
    24    0.102624    0.220909    0.165360    2.165360 v rst (in)
                                                         rst (net)
                      0.220909    0.000000    2.165360 v _058_/A (sky130_fd_sc_hd__inv_2)
     1    0.003612    0.058996    0.093226    2.258586 ^ _058_/Y (sky130_fd_sc_hd__inv_2)
                                                         _011_ (net)
                      0.058996    0.000000    2.258586 ^ _082_/RESET_B (sky130_fd_sc_hd__dfrtp_2)
                                              2.258586   data arrival time

                      0.150000    0.000000    0.000000   clock clk (rise edge)
                                  0.000000    0.000000   clock network delay (ideal)
                                  0.250000    0.250000   clock uncertainty
                                  0.000000    0.250000   clock reconvergence pessimism
                                              0.250000 ^ _082_/CLK (sky130_fd_sc_hd__dfrtp_2)
                                  0.352941    0.602941   library removal time
                                              0.602941   data required time
---------------------------------------------------------------------------------------------
                                              0.602941   data required time
                                             -2.258586   data arrival time
---------------------------------------------------------------------------------------------
                                              1.655645   slack (MET)


Startpoint: rst (input port clocked by clk)
Endpoint: _083_ (removal check against rising-edge clock clk)
Path Group: asynchronous
Path Type: min

Fanout         Cap        Slew       Delay        Time   Description
---------------------------------------------------------------------------------------------
                      0.150000    0.000000    0.000000   clock clk (rise edge)
                                  0.000000    0.000000   clock network delay (ideal)
                                  2.000000    2.000000 v input external delay
    24    0.102624    0.220909    0.165360    2.165360 v rst (in)
                                                         rst (net)
                      0.220909    0.000000    2.165360 v _059_/A (sky130_fd_sc_hd__inv_2)
     1    0.003612    0.058996    0.093226    2.258586 ^ _059_/Y (sky130_fd_sc_hd__inv_2)
                                                         _012_ (net)
                      0.058996    0.000000    2.258586 ^ _083_/RESET_B (sky130_fd_sc_hd__dfrtp_2)
                                              2.258586   data arrival time

                      0.150000    0.000000    0.000000   clock clk (rise edge)
                                  0.000000    0.000000   clock network delay (ideal)
                                  0.250000    0.250000   clock uncertainty
                                  0.000000    0.250000   clock reconvergence pessimism
                                              0.250000 ^ _083_/CLK (sky130_fd_sc_hd__dfrtp_2)
                                  0.352941    0.602941   library removal time
                                              0.602941   data required time
---------------------------------------------------------------------------------------------
                                              0.602941   data required time
                                             -2.258586   data arrival time
---------------------------------------------------------------------------------------------
                                              1.655645   slack (MET)


Startpoint: rst (input port clocked by clk)
Endpoint: _084_ (removal check against rising-edge clock clk)
Path Group: asynchronous
Path Type: min

Fanout         Cap        Slew       Delay        Time   Description
---------------------------------------------------------------------------------------------
                      0.150000    0.000000    0.000000   clock clk (rise edge)
                                  0.000000    0.000000   clock network delay (ideal)
                                  2.000000    2.000000 v input external delay
    24    0.102624    0.220909    0.165360    2.165360 v rst (in)
                                                         rst (net)
                      0.220909    0.000000    2.165360 v _060_/A (sky130_fd_sc_hd__inv_2)
     1    0.003612    0.058996    0.093226    2.258586 ^ _060_/Y (sky130_fd_sc_hd__inv_2)
                                                         _013_ (net)
                      0.058996    0.000000    2.258586 ^ _084_/RESET_B (sky130_fd_sc_hd__dfrtp_2)
                                              2.258586   data arrival time

                      0.150000    0.000000    0.000000   clock clk (rise edge)
                                  0.000000    0.000000   clock network delay (ideal)
                                  0.250000    0.250000   clock uncertainty
                                  0.000000    0.250000   clock reconvergence pessimism
                                              0.250000 ^ _084_/CLK (sky130_fd_sc_hd__dfrtp_2)
                                  0.352941    0.602941   library removal time
                                              0.602941   data required time
---------------------------------------------------------------------------------------------
                                              0.602941   data required time
                                             -2.258586   data arrival time
---------------------------------------------------------------------------------------------
                                              1.655645   slack (MET)


Startpoint: rst (input port clocked by clk)
Endpoint: _085_ (removal check against rising-edge clock clk)
Path Group: asynchronous
Path Type: min

Fanout         Cap        Slew       Delay        Time   Description
---------------------------------------------------------------------------------------------
                      0.150000    0.000000    0.000000   clock clk (rise edge)
                                  0.000000    0.000000   clock network delay (ideal)
                                  2.000000    2.000000 v input external delay
    24    0.102624    0.220909    0.165360    2.165360 v rst (in)
                                                         rst (net)
                      0.220909    0.000000    2.165360 v _061_/A (sky130_fd_sc_hd__inv_2)
     1    0.003612    0.058996    0.093226    2.258586 ^ _061_/Y (sky130_fd_sc_hd__inv_2)
                                                         _014_ (net)
                      0.058996    0.000000    2.258586 ^ _085_/RESET_B (sky130_fd_sc_hd__dfrtp_2)
                                              2.258586   data arrival time

                      0.150000    0.000000    0.000000   clock clk (rise edge)
                                  0.000000    0.000000   clock network delay (ideal)
                                  0.250000    0.250000   clock uncertainty
                                  0.000000    0.250000   clock reconvergence pessimism
                                              0.250000 ^ _085_/CLK (sky130_fd_sc_hd__dfrtp_2)
                                  0.352941    0.602941   library removal time
                                              0.602941   data required time
---------------------------------------------------------------------------------------------
                                              0.602941   data required time
                                             -2.258586   data arrival time
---------------------------------------------------------------------------------------------
                                              1.655645   slack (MET)


Startpoint: rst (input port clocked by clk)
Endpoint: _086_ (removal check against rising-edge clock clk)
Path Group: asynchronous
Path Type: min

Fanout         Cap        Slew       Delay        Time   Description
---------------------------------------------------------------------------------------------
                      0.150000    0.000000    0.000000   clock clk (rise edge)
                                  0.000000    0.000000   clock network delay (ideal)
                                  2.000000    2.000000 v input external delay
    24    0.102624    0.220909    0.165360    2.165360 v rst (in)
                                                         rst (net)
                      0.220909    0.000000    2.165360 v _062_/A (sky130_fd_sc_hd__inv_2)
     1    0.003612    0.058996    0.093226    2.258586 ^ _062_/Y (sky130_fd_sc_hd__inv_2)
                                                         _015_ (net)
                      0.058996    0.000000    2.258586 ^ _086_/RESET_B (sky130_fd_sc_hd__dfrtp_2)
                                              2.258586   data arrival time

                      0.150000    0.000000    0.000000   clock clk (rise edge)
                                  0.000000    0.000000   clock network delay (ideal)
                                  0.250000    0.250000   clock uncertainty
                                  0.000000    0.250000   clock reconvergence pessimism
                                              0.250000 ^ _086_/CLK (sky130_fd_sc_hd__dfrtp_2)
                                  0.352941    0.602941   library removal time
                                              0.602941   data required time
---------------------------------------------------------------------------------------------
                                              0.602941   data required time
                                             -2.258586   data arrival time
---------------------------------------------------------------------------------------------
                                              1.655645   slack (MET)


Startpoint: rst (input port clocked by clk)
Endpoint: _087_ (removal check against rising-edge clock clk)
Path Group: asynchronous
Path Type: min

Fanout         Cap        Slew       Delay        Time   Description
---------------------------------------------------------------------------------------------
                      0.150000    0.000000    0.000000   clock clk (rise edge)
                                  0.000000    0.000000   clock network delay (ideal)
                                  2.000000    2.000000 v input external delay
    24    0.102624    0.220909    0.165360    2.165360 v rst (in)
                                                         rst (net)
                      0.220909    0.000000    2.165360 v _063_/A (sky130_fd_sc_hd__inv_2)
     1    0.003612    0.058996    0.093226    2.258586 ^ _063_/Y (sky130_fd_sc_hd__inv_2)
                                                         _016_ (net)
                      0.058996    0.000000    2.258586 ^ _087_/RESET_B (sky130_fd_sc_hd__dfrtp_2)
                                              2.258586   data arrival time

                      0.150000    0.000000    0.000000   clock clk (rise edge)
                                  0.000000    0.000000   clock network delay (ideal)
                                  0.250000    0.250000   clock uncertainty
                                  0.000000    0.250000   clock reconvergence pessimism
                                              0.250000 ^ _087_/CLK (sky130_fd_sc_hd__dfrtp_2)
                                  0.352941    0.602941   library removal time
                                              0.602941   data required time
---------------------------------------------------------------------------------------------
                                              0.602941   data required time
                                             -2.258586   data arrival time
---------------------------------------------------------------------------------------------
                                              1.655645   slack (MET)


Startpoint: rst (input port clocked by clk)
Endpoint: _088_ (removal check against rising-edge clock clk)
Path Group: asynchronous
Path Type: min

Fanout         Cap        Slew       Delay        Time   Description
---------------------------------------------------------------------------------------------
                      0.150000    0.000000    0.000000   clock clk (rise edge)
                                  0.000000    0.000000   clock network delay (ideal)
                                  2.000000    2.000000 v input external delay
    24    0.102624    0.220909    0.165360    2.165360 v rst (in)
                                                         rst (net)
                      0.220909    0.000000    2.165360 v _064_/A (sky130_fd_sc_hd__inv_2)
     1    0.003612    0.058996    0.093226    2.258586 ^ _064_/Y (sky130_fd_sc_hd__inv_2)
                                                         _017_ (net)
                      0.058996    0.000000    2.258586 ^ _088_/RESET_B (sky130_fd_sc_hd__dfrtp_2)
                                              2.258586   data arrival time

                      0.150000    0.000000    0.000000   clock clk (rise edge)
                                  0.000000    0.000000   clock network delay (ideal)
                                  0.250000    0.250000   clock uncertainty
                                  0.000000    0.250000   clock reconvergence pessimism
                                              0.250000 ^ _088_/CLK (sky130_fd_sc_hd__dfrtp_2)
                                  0.352941    0.602941   library removal time
                                              0.602941   data required time
---------------------------------------------------------------------------------------------
                                              0.602941   data required time
                                             -2.258586   data arrival time
---------------------------------------------------------------------------------------------
                                              1.655645   slack (MET)


Startpoint: rst (input port clocked by clk)
Endpoint: _089_ (removal check against rising-edge clock clk)
Path Group: asynchronous
Path Type: min

Fanout         Cap        Slew       Delay        Time   Description
---------------------------------------------------------------------------------------------
                      0.150000    0.000000    0.000000   clock clk (rise edge)
                                  0.000000    0.000000   clock network delay (ideal)
                                  2.000000    2.000000 v input external delay
    24    0.102624    0.220909    0.165360    2.165360 v rst (in)
                                                         rst (net)
                      0.220909    0.000000    2.165360 v _065_/A (sky130_fd_sc_hd__inv_2)
     1    0.003612    0.058996    0.093226    2.258586 ^ _065_/Y (sky130_fd_sc_hd__inv_2)
                                                         _018_ (net)
                      0.058996    0.000000    2.258586 ^ _089_/RESET_B (sky130_fd_sc_hd__dfrtp_2)
                                              2.258586   data arrival time

                      0.150000    0.000000    0.000000   clock clk (rise edge)
                                  0.000000    0.000000   clock network delay (ideal)
                                  0.250000    0.250000   clock uncertainty
                                  0.000000    0.250000   clock reconvergence pessimism
                                              0.250000 ^ _089_/CLK (sky130_fd_sc_hd__dfrtp_2)
                                  0.352941    0.602941   library removal time
                                              0.602941   data required time
---------------------------------------------------------------------------------------------
                                              0.602941   data required time
                                             -2.258586   data arrival time
---------------------------------------------------------------------------------------------
                                              1.655645   slack (MET)


Startpoint: rst (input port clocked by clk)
Endpoint: _090_ (removal check against rising-edge clock clk)
Path Group: asynchronous
Path Type: min

Fanout         Cap        Slew       Delay        Time   Description
---------------------------------------------------------------------------------------------
                      0.150000    0.000000    0.000000   clock clk (rise edge)
                                  0.000000    0.000000   clock network delay (ideal)
                                  2.000000    2.000000 v input external delay
    24    0.102624    0.220909    0.165360    2.165360 v rst (in)
                                                         rst (net)
                      0.220909    0.000000    2.165360 v _066_/A (sky130_fd_sc_hd__inv_2)
     1    0.003612    0.058996    0.093226    2.258586 ^ _066_/Y (sky130_fd_sc_hd__inv_2)
                                                         _019_ (net)
                      0.058996    0.000000    2.258586 ^ _090_/RESET_B (sky130_fd_sc_hd__dfrtp_2)
                                              2.258586   data arrival time

                      0.150000    0.000000    0.000000   clock clk (rise edge)
                                  0.000000    0.000000   clock network delay (ideal)
                                  0.250000    0.250000   clock uncertainty
                                  0.000000    0.250000   clock reconvergence pessimism
                                              0.250000 ^ _090_/CLK (sky130_fd_sc_hd__dfrtp_2)
                                  0.352941    0.602941   library removal time
                                              0.602941   data required time
---------------------------------------------------------------------------------------------
                                              0.602941   data required time
                                             -2.258586   data arrival time
---------------------------------------------------------------------------------------------
                                              1.655645   slack (MET)


Startpoint: rst (input port clocked by clk)
Endpoint: _091_ (removal check against rising-edge clock clk)
Path Group: asynchronous
Path Type: min

Fanout         Cap        Slew       Delay        Time   Description
---------------------------------------------------------------------------------------------
                      0.150000    0.000000    0.000000   clock clk (rise edge)
                                  0.000000    0.000000   clock network delay (ideal)
                                  2.000000    2.000000 v input external delay
    24    0.102624    0.220909    0.165360    2.165360 v rst (in)
                                                         rst (net)
                      0.220909    0.000000    2.165360 v _067_/A (sky130_fd_sc_hd__inv_2)
     1    0.003612    0.058996    0.093226    2.258586 ^ _067_/Y (sky130_fd_sc_hd__inv_2)
                                                         _020_ (net)
                      0.058996    0.000000    2.258586 ^ _091_/RESET_B (sky130_fd_sc_hd__dfrtp_2)
                                              2.258586   data arrival time

                      0.150000    0.000000    0.000000   clock clk (rise edge)
                                  0.000000    0.000000   clock network delay (ideal)
                                  0.250000    0.250000   clock uncertainty
                                  0.000000    0.250000   clock reconvergence pessimism
                                              0.250000 ^ _091_/CLK (sky130_fd_sc_hd__dfrtp_2)
                                  0.352941    0.602941   library removal time
                                              0.602941   data required time
---------------------------------------------------------------------------------------------
                                              0.602941   data required time
                                             -2.258586   data arrival time
---------------------------------------------------------------------------------------------
                                              1.655645   slack (MET)


Startpoint: rst (input port clocked by clk)
Endpoint: _092_ (removal check against rising-edge clock clk)
Path Group: asynchronous
Path Type: min

Fanout         Cap        Slew       Delay        Time   Description
---------------------------------------------------------------------------------------------
                      0.150000    0.000000    0.000000   clock clk (rise edge)
                                  0.000000    0.000000   clock network delay (ideal)
                                  2.000000    2.000000 v input external delay
    24    0.102624    0.220909    0.165360    2.165360 v rst (in)
                                                         rst (net)
                      0.220909    0.000000    2.165360 v _068_/A (sky130_fd_sc_hd__inv_2)
     1    0.003612    0.058996    0.093226    2.258586 ^ _068_/Y (sky130_fd_sc_hd__inv_2)
                                                         _021_ (net)
                      0.058996    0.000000    2.258586 ^ _092_/RESET_B (sky130_fd_sc_hd__dfrtp_2)
                                              2.258586   data arrival time

                      0.150000    0.000000    0.000000   clock clk (rise edge)
                                  0.000000    0.000000   clock network delay (ideal)
                                  0.250000    0.250000   clock uncertainty
                                  0.000000    0.250000   clock reconvergence pessimism
                                              0.250000 ^ _092_/CLK (sky130_fd_sc_hd__dfrtp_2)
                                  0.352941    0.602941   library removal time
                                              0.602941   data required time
---------------------------------------------------------------------------------------------
                                              0.602941   data required time
                                             -2.258586   data arrival time
---------------------------------------------------------------------------------------------
                                              1.655645   slack (MET)


Startpoint: rst (input port clocked by clk)
Endpoint: _093_ (removal check against rising-edge clock clk)
Path Group: asynchronous
Path Type: min

Fanout         Cap        Slew       Delay        Time   Description
---------------------------------------------------------------------------------------------
                      0.150000    0.000000    0.000000   clock clk (rise edge)
                                  0.000000    0.000000   clock network delay (ideal)
                                  2.000000    2.000000 v input external delay
    24    0.102624    0.220909    0.165360    2.165360 v rst (in)
                                                         rst (net)
                      0.220909    0.000000    2.165360 v _069_/A (sky130_fd_sc_hd__inv_2)
     1    0.003612    0.058996    0.093226    2.258586 ^ _069_/Y (sky130_fd_sc_hd__inv_2)
                                                         _022_ (net)
                      0.058996    0.000000    2.258586 ^ _093_/RESET_B (sky130_fd_sc_hd__dfrtp_2)
                                              2.258586   data arrival time

                      0.150000    0.000000    0.000000   clock clk (rise edge)
                                  0.000000    0.000000   clock network delay (ideal)
                                  0.250000    0.250000   clock uncertainty
                                  0.000000    0.250000   clock reconvergence pessimism
                                              0.250000 ^ _093_/CLK (sky130_fd_sc_hd__dfrtp_2)
                                  0.352941    0.602941   library removal time
                                              0.602941   data required time
---------------------------------------------------------------------------------------------
                                              0.602941   data required time
                                             -2.258586   data arrival time
---------------------------------------------------------------------------------------------
                                              1.655645   slack (MET)


Startpoint: rst (input port clocked by clk)
Endpoint: _094_ (removal check against rising-edge clock clk)
Path Group: asynchronous
Path Type: min

Fanout         Cap        Slew       Delay        Time   Description
---------------------------------------------------------------------------------------------
                      0.150000    0.000000    0.000000   clock clk (rise edge)
                                  0.000000    0.000000   clock network delay (ideal)
                                  2.000000    2.000000 v input external delay
    24    0.102624    0.220909    0.165360    2.165360 v rst (in)
                                                         rst (net)
                      0.220909    0.000000    2.165360 v _070_/A (sky130_fd_sc_hd__inv_2)
     1    0.003612    0.058996    0.093226    2.258586 ^ _070_/Y (sky130_fd_sc_hd__inv_2)
                                                         _023_ (net)
                      0.058996    0.000000    2.258586 ^ _094_/RESET_B (sky130_fd_sc_hd__dfrtp_2)
                                              2.258586   data arrival time

                      0.150000    0.000000    0.000000   clock clk (rise edge)
                                  0.000000    0.000000   clock network delay (ideal)
                                  0.250000    0.250000   clock uncertainty
                                  0.000000    0.250000   clock reconvergence pessimism
                                              0.250000 ^ _094_/CLK (sky130_fd_sc_hd__dfrtp_2)
                                  0.352941    0.602941   library removal time
                                              0.602941   data required time
---------------------------------------------------------------------------------------------
                                              0.602941   data required time
                                             -2.258586   data arrival time
---------------------------------------------------------------------------------------------
                                              1.655645   slack (MET)


Startpoint: rst (input port clocked by clk)
Endpoint: _095_ (removal check against rising-edge clock clk)
Path Group: asynchronous
Path Type: min

Fanout         Cap        Slew       Delay        Time   Description
---------------------------------------------------------------------------------------------
                      0.150000    0.000000    0.000000   clock clk (rise edge)
                                  0.000000    0.000000   clock network delay (ideal)
                                  2.000000    2.000000 v input external delay
    24    0.102624    0.220909    0.165360    2.165360 v rst (in)
                                                         rst (net)
                      0.220909    0.000000    2.165360 v _071_/A (sky130_fd_sc_hd__inv_2)
     1    0.003612    0.058996    0.093226    2.258586 ^ _071_/Y (sky130_fd_sc_hd__inv_2)
                                                         _024_ (net)
                      0.058996    0.000000    2.258586 ^ _095_/RESET_B (sky130_fd_sc_hd__dfrtp_2)
                                              2.258586   data arrival time

                      0.150000    0.000000    0.000000   clock clk (rise edge)
                                  0.000000    0.000000   clock network delay (ideal)
                                  0.250000    0.250000   clock uncertainty
                                  0.000000    0.250000   clock reconvergence pessimism
                                              0.250000 ^ _095_/CLK (sky130_fd_sc_hd__dfrtp_2)
                                  0.352941    0.602941   library removal time
                                              0.602941   data required time
---------------------------------------------------------------------------------------------
                                              0.602941   data required time
                                             -2.258586   data arrival time
---------------------------------------------------------------------------------------------
                                              1.655645   slack (MET)


Startpoint: rst (input port clocked by clk)
Endpoint: _096_ (removal check against rising-edge clock clk)
Path Group: asynchronous
Path Type: min

Fanout         Cap        Slew       Delay        Time   Description
---------------------------------------------------------------------------------------------
                      0.150000    0.000000    0.000000   clock clk (rise edge)
                                  0.000000    0.000000   clock network delay (ideal)
                                  2.000000    2.000000 v input external delay
    24    0.102624    0.220909    0.165360    2.165360 v rst (in)
                                                         rst (net)
                      0.220909    0.000000    2.165360 v _072_/A (sky130_fd_sc_hd__inv_2)
     1    0.003612    0.058996    0.093226    2.258586 ^ _072_/Y (sky130_fd_sc_hd__inv_2)
                                                         _025_ (net)
                      0.058996    0.000000    2.258586 ^ _096_/RESET_B (sky130_fd_sc_hd__dfrtp_2)
                                              2.258586   data arrival time

                      0.150000    0.000000    0.000000   clock clk (rise edge)
                                  0.000000    0.000000   clock network delay (ideal)
                                  0.250000    0.250000   clock uncertainty
                                  0.000000    0.250000   clock reconvergence pessimism
                                              0.250000 ^ _096_/CLK (sky130_fd_sc_hd__dfrtp_2)
                                  0.352941    0.602941   library removal time
                                              0.602941   data required time
---------------------------------------------------------------------------------------------
                                              0.602941   data required time
                                             -2.258586   data arrival time
---------------------------------------------------------------------------------------------
                                              1.655645   slack (MET)


Startpoint: rst (input port clocked by clk)
Endpoint: _097_ (removal check against rising-edge clock clk)
Path Group: asynchronous
Path Type: min

Fanout         Cap        Slew       Delay        Time   Description
---------------------------------------------------------------------------------------------
                      0.150000    0.000000    0.000000   clock clk (rise edge)
                                  0.000000    0.000000   clock network delay (ideal)
                                  2.000000    2.000000 v input external delay
    24    0.102624    0.220909    0.165360    2.165360 v rst (in)
                                                         rst (net)
                      0.220909    0.000000    2.165360 v _073_/A (sky130_fd_sc_hd__inv_2)
     1    0.003612    0.058996    0.093226    2.258586 ^ _073_/Y (sky130_fd_sc_hd__inv_2)
                                                         _026_ (net)
                      0.058996    0.000000    2.258586 ^ _097_/RESET_B (sky130_fd_sc_hd__dfrtp_2)
                                              2.258586   data arrival time

                      0.150000    0.000000    0.000000   clock clk (rise edge)
                                  0.000000    0.000000   clock network delay (ideal)
                                  0.250000    0.250000   clock uncertainty
                                  0.000000    0.250000   clock reconvergence pessimism
                                              0.250000 ^ _097_/CLK (sky130_fd_sc_hd__dfrtp_2)
                                  0.352941    0.602941   library removal time
                                              0.602941   data required time
---------------------------------------------------------------------------------------------
                                              0.602941   data required time
                                             -2.258586   data arrival time
---------------------------------------------------------------------------------------------
                                              1.655645   slack (MET)


Startpoint: rst (input port clocked by clk)
Endpoint: _098_ (removal check against rising-edge clock clk)
Path Group: asynchronous
Path Type: min

Fanout         Cap        Slew       Delay        Time   Description
---------------------------------------------------------------------------------------------
                      0.150000    0.000000    0.000000   clock clk (rise edge)
                                  0.000000    0.000000   clock network delay (ideal)
                                  2.000000    2.000000 v input external delay
    24    0.102624    0.220909    0.165360    2.165360 v rst (in)
                                                         rst (net)
                      0.220909    0.000000    2.165360 v _074_/A (sky130_fd_sc_hd__inv_2)
     1    0.003612    0.058996    0.093226    2.258586 ^ _074_/Y (sky130_fd_sc_hd__inv_2)
                                                         _027_ (net)
                      0.058996    0.000000    2.258586 ^ _098_/RESET_B (sky130_fd_sc_hd__dfrtp_2)
                                              2.258586   data arrival time

                      0.150000    0.000000    0.000000   clock clk (rise edge)
                                  0.000000    0.000000   clock network delay (ideal)
                                  0.250000    0.250000   clock uncertainty
                                  0.000000    0.250000   clock reconvergence pessimism
                                              0.250000 ^ _098_/CLK (sky130_fd_sc_hd__dfrtp_2)
                                  0.352941    0.602941   library removal time
                                              0.602941   data required time
---------------------------------------------------------------------------------------------
                                              0.602941   data required time
                                             -2.258586   data arrival time
---------------------------------------------------------------------------------------------
                                              1.655645   slack (MET)


Startpoint: rst (input port clocked by clk)
Endpoint: _099_ (removal check against rising-edge clock clk)
Path Group: asynchronous
Path Type: min

Fanout         Cap        Slew       Delay        Time   Description
---------------------------------------------------------------------------------------------
                      0.150000    0.000000    0.000000   clock clk (rise edge)
                                  0.000000    0.000000   clock network delay (ideal)
                                  2.000000    2.000000 v input external delay
    24    0.102624    0.220909    0.165360    2.165360 v rst (in)
                                                         rst (net)
                      0.220909    0.000000    2.165360 v _075_/A (sky130_fd_sc_hd__inv_2)
     1    0.003612    0.058996    0.093226    2.258586 ^ _075_/Y (sky130_fd_sc_hd__inv_2)
                                                         _028_ (net)
                      0.058996    0.000000    2.258586 ^ _099_/RESET_B (sky130_fd_sc_hd__dfrtp_2)
                                              2.258586   data arrival time

                      0.150000    0.000000    0.000000   clock clk (rise edge)
                                  0.000000    0.000000   clock network delay (ideal)
                                  0.250000    0.250000   clock uncertainty
                                  0.000000    0.250000   clock reconvergence pessimism
                                              0.250000 ^ _099_/CLK (sky130_fd_sc_hd__dfrtp_2)
                                  0.352941    0.602941   library removal time
                                              0.602941   data required time
---------------------------------------------------------------------------------------------
                                              0.602941   data required time
                                             -2.258586   data arrival time
---------------------------------------------------------------------------------------------
                                              1.655645   slack (MET)


Startpoint: rst (input port clocked by clk)
Endpoint: _100_ (removal check against rising-edge clock clk)
Path Group: asynchronous
Path Type: min

Fanout         Cap        Slew       Delay        Time   Description
---------------------------------------------------------------------------------------------
                      0.150000    0.000000    0.000000   clock clk (rise edge)
                                  0.000000    0.000000   clock network delay (ideal)
                                  2.000000    2.000000 v input external delay
    24    0.102624    0.220909    0.165360    2.165360 v rst (in)
                                                         rst (net)
                      0.220909    0.000000    2.165360 v _076_/A (sky130_fd_sc_hd__inv_2)
     1    0.003612    0.058996    0.093226    2.258586 ^ _076_/Y (sky130_fd_sc_hd__inv_2)
                                                         _029_ (net)
                      0.058996    0.000000    2.258586 ^ _100_/RESET_B (sky130_fd_sc_hd__dfrtp_2)
                                              2.258586   data arrival time

                      0.150000    0.000000    0.000000   clock clk (rise edge)
                                  0.000000    0.000000   clock network delay (ideal)
                                  0.250000    0.250000   clock uncertainty
                                  0.000000    0.250000   clock reconvergence pessimism
                                              0.250000 ^ _100_/CLK (sky130_fd_sc_hd__dfrtp_2)
                                  0.352941    0.602941   library removal time
                                              0.602941   data required time
---------------------------------------------------------------------------------------------
                                              0.602941   data required time
                                             -2.258586   data arrival time
---------------------------------------------------------------------------------------------
                                              1.655645   slack (MET)


Startpoint: rst (input port clocked by clk)
Endpoint: _101_ (removal check against rising-edge clock clk)
Path Group: asynchronous
Path Type: min

Fanout         Cap        Slew       Delay        Time   Description
---------------------------------------------------------------------------------------------
                      0.150000    0.000000    0.000000   clock clk (rise edge)
                                  0.000000    0.000000   clock network delay (ideal)
                                  2.000000    2.000000 v input external delay
    24    0.102624    0.220909    0.165360    2.165360 v rst (in)
                                                         rst (net)
                      0.220909    0.000000    2.165360 v _077_/A (sky130_fd_sc_hd__inv_2)
     1    0.003612    0.058996    0.093226    2.258586 ^ _077_/Y (sky130_fd_sc_hd__inv_2)
                                                         _030_ (net)
                      0.058996    0.000000    2.258586 ^ _101_/RESET_B (sky130_fd_sc_hd__dfrtp_2)
                                              2.258586   data arrival time

                      0.150000    0.000000    0.000000   clock clk (rise edge)
                                  0.000000    0.000000   clock network delay (ideal)
                                  0.250000    0.250000   clock uncertainty
                                  0.000000    0.250000   clock reconvergence pessimism
                                              0.250000 ^ _101_/CLK (sky130_fd_sc_hd__dfrtp_2)
                                  0.352941    0.602941   library removal time
                                              0.602941   data required time
---------------------------------------------------------------------------------------------
                                              0.602941   data required time
                                             -2.258586   data arrival time
---------------------------------------------------------------------------------------------
                                              1.655645   slack (MET)


Startpoint: rst (input port clocked by clk)
Endpoint: _102_ (removal check against rising-edge clock clk)
Path Group: asynchronous
Path Type: min

Fanout         Cap        Slew       Delay        Time   Description
---------------------------------------------------------------------------------------------
                      0.150000    0.000000    0.000000   clock clk (rise edge)
                                  0.000000    0.000000   clock network delay (ideal)
                                  2.000000    2.000000 v input external delay
    24    0.102624    0.220909    0.165360    2.165360 v rst (in)
                                                         rst (net)
                      0.220909    0.000000    2.165360 v _078_/A (sky130_fd_sc_hd__inv_2)
     1    0.003612    0.058996    0.093226    2.258586 ^ _078_/Y (sky130_fd_sc_hd__inv_2)
                                                         _031_ (net)
                      0.058996    0.000000    2.258586 ^ _102_/RESET_B (sky130_fd_sc_hd__dfrtp_2)
                                              2.258586   data arrival time

                      0.150000    0.000000    0.000000   clock clk (rise edge)
                                  0.000000    0.000000   clock network delay (ideal)
                                  0.250000    0.250000   clock uncertainty
                                  0.000000    0.250000   clock reconvergence pessimism
                                              0.250000 ^ _102_/CLK (sky130_fd_sc_hd__dfrtp_2)
                                  0.352941    0.602941   library removal time
                                              0.602941   data required time
---------------------------------------------------------------------------------------------
                                              0.602941   data required time
                                             -2.258586   data arrival time
---------------------------------------------------------------------------------------------
                                              1.655645   slack (MET)


Startpoint: _097_ (rising edge-triggered flip-flop clocked by clk)
Endpoint: sine_out[0] (output port clocked by clk)
Path Group: clk
Path Type: min

Fanout         Cap        Slew       Delay        Time   Description
---------------------------------------------------------------------------------------------
                      0.150000    0.000000    0.000000   clock clk (rise edge)
                                  0.000000    0.000000   clock network delay (ideal)
                      0.150000    0.000000    0.000000 ^ _097_/CLK (sky130_fd_sc_hd__dfrtp_2)
     1    0.033442    0.171856    0.484006    0.484006 ^ _097_/Q (sky130_fd_sc_hd__dfrtp_2)
                                                         sine_out[0] (net)
                      0.171856    0.000000    0.484006 ^ sine_out[0] (out)
                                              0.484006   data arrival time

                      0.150000    0.000000    0.000000   clock clk (rise edge)
                                  0.000000    0.000000   clock network delay (ideal)
                                  0.250000    0.250000   clock uncertainty
                                  0.000000    0.250000   clock reconvergence pessimism
                                 -2.000000   -1.750000   output external delay
                                             -1.750000   data required time
---------------------------------------------------------------------------------------------
                                             -1.750000   data required time
                                             -0.484006   data arrival time
---------------------------------------------------------------------------------------------
                                              2.234006   slack (MET)


Startpoint: _083_ (rising edge-triggered flip-flop clocked by clk)
Endpoint: sine_out[10] (output port clocked by clk)
Path Group: clk
Path Type: min

Fanout         Cap        Slew       Delay        Time   Description
---------------------------------------------------------------------------------------------
                      0.150000    0.000000    0.000000   clock clk (rise edge)
                                  0.000000    0.000000   clock network delay (ideal)
                      0.150000    0.000000    0.000000 ^ _083_/CLK (sky130_fd_sc_hd__dfrtp_2)
     1    0.033442    0.171856    0.484006    0.484006 ^ _083_/Q (sky130_fd_sc_hd__dfrtp_2)
                                                         sine_out[10] (net)
                      0.171856    0.000000    0.484006 ^ sine_out[10] (out)
                                              0.484006   data arrival time

                      0.150000    0.000000    0.000000   clock clk (rise edge)
                                  0.000000    0.000000   clock network delay (ideal)
                                  0.250000    0.250000   clock uncertainty
                                  0.000000    0.250000   clock reconvergence pessimism
                                 -2.000000   -1.750000   output external delay
                                             -1.750000   data required time
---------------------------------------------------------------------------------------------
                                             -1.750000   data required time
                                             -0.484006   data arrival time
---------------------------------------------------------------------------------------------
                                              2.234006   slack (MET)


Startpoint: _084_ (rising edge-triggered flip-flop clocked by clk)
Endpoint: sine_out[11] (output port clocked by clk)
Path Group: clk
Path Type: min

Fanout         Cap        Slew       Delay        Time   Description
---------------------------------------------------------------------------------------------
                      0.150000    0.000000    0.000000   clock clk (rise edge)
                                  0.000000    0.000000   clock network delay (ideal)
                      0.150000    0.000000    0.000000 ^ _084_/CLK (sky130_fd_sc_hd__dfrtp_2)
     1    0.033442    0.171856    0.484006    0.484006 ^ _084_/Q (sky130_fd_sc_hd__dfrtp_2)
                                                         sine_out[11] (net)
                      0.171856    0.000000    0.484006 ^ sine_out[11] (out)
                                              0.484006   data arrival time

                      0.150000    0.000000    0.000000   clock clk (rise edge)
                                  0.000000    0.000000   clock network delay (ideal)
                                  0.250000    0.250000   clock uncertainty
                                  0.000000    0.250000   clock reconvergence pessimism
                                 -2.000000   -1.750000   output external delay
                                             -1.750000   data required time
---------------------------------------------------------------------------------------------
                                             -1.750000   data required time
                                             -0.484006   data arrival time
---------------------------------------------------------------------------------------------
                                              2.234006   slack (MET)


Startpoint: _085_ (rising edge-triggered flip-flop clocked by clk)
Endpoint: sine_out[12] (output port clocked by clk)
Path Group: clk
Path Type: min

Fanout         Cap        Slew       Delay        Time   Description
---------------------------------------------------------------------------------------------
                      0.150000    0.000000    0.000000   clock clk (rise edge)
                                  0.000000    0.000000   clock network delay (ideal)
                      0.150000    0.000000    0.000000 ^ _085_/CLK (sky130_fd_sc_hd__dfrtp_2)
     1    0.033442    0.171856    0.484006    0.484006 ^ _085_/Q (sky130_fd_sc_hd__dfrtp_2)
                                                         sine_out[12] (net)
                      0.171856    0.000000    0.484006 ^ sine_out[12] (out)
                                              0.484006   data arrival time

                      0.150000    0.000000    0.000000   clock clk (rise edge)
                                  0.000000    0.000000   clock network delay (ideal)
                                  0.250000    0.250000   clock uncertainty
                                  0.000000    0.250000   clock reconvergence pessimism
                                 -2.000000   -1.750000   output external delay
                                             -1.750000   data required time
---------------------------------------------------------------------------------------------
                                             -1.750000   data required time
                                             -0.484006   data arrival time
---------------------------------------------------------------------------------------------
                                              2.234006   slack (MET)


Startpoint: _086_ (rising edge-triggered flip-flop clocked by clk)
Endpoint: sine_out[13] (output port clocked by clk)
Path Group: clk
Path Type: min

Fanout         Cap        Slew       Delay        Time   Description
---------------------------------------------------------------------------------------------
                      0.150000    0.000000    0.000000   clock clk (rise edge)
                                  0.000000    0.000000   clock network delay (ideal)
                      0.150000    0.000000    0.000000 ^ _086_/CLK (sky130_fd_sc_hd__dfrtp_2)
     1    0.033442    0.171856    0.484006    0.484006 ^ _086_/Q (sky130_fd_sc_hd__dfrtp_2)
                                                         sine_out[13] (net)
                      0.171856    0.000000    0.484006 ^ sine_out[13] (out)
                                              0.484006   data arrival time

                      0.150000    0.000000    0.000000   clock clk (rise edge)
                                  0.000000    0.000000   clock network delay (ideal)
                                  0.250000    0.250000   clock uncertainty
                                  0.000000    0.250000   clock reconvergence pessimism
                                 -2.000000   -1.750000   output external delay
                                             -1.750000   data required time
---------------------------------------------------------------------------------------------
                                             -1.750000   data required time
                                             -0.484006   data arrival time
---------------------------------------------------------------------------------------------
                                              2.234006   slack (MET)


Startpoint: _087_ (rising edge-triggered flip-flop clocked by clk)
Endpoint: sine_out[14] (output port clocked by clk)
Path Group: clk
Path Type: min

Fanout         Cap        Slew       Delay        Time   Description
---------------------------------------------------------------------------------------------
                      0.150000    0.000000    0.000000   clock clk (rise edge)
                                  0.000000    0.000000   clock network delay (ideal)
                      0.150000    0.000000    0.000000 ^ _087_/CLK (sky130_fd_sc_hd__dfrtp_2)
     1    0.033442    0.171856    0.484006    0.484006 ^ _087_/Q (sky130_fd_sc_hd__dfrtp_2)
                                                         sine_out[14] (net)
                      0.171856    0.000000    0.484006 ^ sine_out[14] (out)
                                              0.484006   data arrival time

                      0.150000    0.000000    0.000000   clock clk (rise edge)
                                  0.000000    0.000000   clock network delay (ideal)
                                  0.250000    0.250000   clock uncertainty
                                  0.000000    0.250000   clock reconvergence pessimism
                                 -2.000000   -1.750000   output external delay
                                             -1.750000   data required time
---------------------------------------------------------------------------------------------
                                             -1.750000   data required time
                                             -0.484006   data arrival time
---------------------------------------------------------------------------------------------
                                              2.234006   slack (MET)


Startpoint: _088_ (rising edge-triggered flip-flop clocked by clk)
Endpoint: sine_out[15] (output port clocked by clk)
Path Group: clk
Path Type: min

Fanout         Cap        Slew       Delay        Time   Description
---------------------------------------------------------------------------------------------
                      0.150000    0.000000    0.000000   clock clk (rise edge)
                                  0.000000    0.000000   clock network delay (ideal)
                      0.150000    0.000000    0.000000 ^ _088_/CLK (sky130_fd_sc_hd__dfrtp_2)
     1    0.033442    0.171856    0.484006    0.484006 ^ _088_/Q (sky130_fd_sc_hd__dfrtp_2)
                                                         sine_out[15] (net)
                      0.171856    0.000000    0.484006 ^ sine_out[15] (out)
                                              0.484006   data arrival time

                      0.150000    0.000000    0.000000   clock clk (rise edge)
                                  0.000000    0.000000   clock network delay (ideal)
                                  0.250000    0.250000   clock uncertainty
                                  0.000000    0.250000   clock reconvergence pessimism
                                 -2.000000   -1.750000   output external delay
                                             -1.750000   data required time
---------------------------------------------------------------------------------------------
                                             -1.750000   data required time
                                             -0.484006   data arrival time
---------------------------------------------------------------------------------------------
                                              2.234006   slack (MET)


Startpoint: _098_ (rising edge-triggered flip-flop clocked by clk)
Endpoint: sine_out[1] (output port clocked by clk)
Path Group: clk
Path Type: min

Fanout         Cap        Slew       Delay        Time   Description
---------------------------------------------------------------------------------------------
                      0.150000    0.000000    0.000000   clock clk (rise edge)
                                  0.000000    0.000000   clock network delay (ideal)
                      0.150000    0.000000    0.000000 ^ _098_/CLK (sky130_fd_sc_hd__dfrtp_2)
     1    0.033442    0.171856    0.484006    0.484006 ^ _098_/Q (sky130_fd_sc_hd__dfrtp_2)
                                                         sine_out[1] (net)
                      0.171856    0.000000    0.484006 ^ sine_out[1] (out)
                                              0.484006   data arrival time

                      0.150000    0.000000    0.000000   clock clk (rise edge)
                                  0.000000    0.000000   clock network delay (ideal)
                                  0.250000    0.250000   clock uncertainty
                                  0.000000    0.250000   clock reconvergence pessimism
                                 -2.000000   -1.750000   output external delay
                                             -1.750000   data required time
---------------------------------------------------------------------------------------------
                                             -1.750000   data required time
                                             -0.484006   data arrival time
---------------------------------------------------------------------------------------------
                                              2.234006   slack (MET)


Startpoint: _099_ (rising edge-triggered flip-flop clocked by clk)
Endpoint: sine_out[2] (output port clocked by clk)
Path Group: clk
Path Type: min

Fanout         Cap        Slew       Delay        Time   Description
---------------------------------------------------------------------------------------------
                      0.150000    0.000000    0.000000   clock clk (rise edge)
                                  0.000000    0.000000   clock network delay (ideal)
                      0.150000    0.000000    0.000000 ^ _099_/CLK (sky130_fd_sc_hd__dfrtp_2)
     1    0.033442    0.171856    0.484006    0.484006 ^ _099_/Q (sky130_fd_sc_hd__dfrtp_2)
                                                         sine_out[2] (net)
                      0.171856    0.000000    0.484006 ^ sine_out[2] (out)
                                              0.484006   data arrival time

                      0.150000    0.000000    0.000000   clock clk (rise edge)
                                  0.000000    0.000000   clock network delay (ideal)
                                  0.250000    0.250000   clock uncertainty
                                  0.000000    0.250000   clock reconvergence pessimism
                                 -2.000000   -1.750000   output external delay
                                             -1.750000   data required time
---------------------------------------------------------------------------------------------
                                             -1.750000   data required time
                                             -0.484006   data arrival time
---------------------------------------------------------------------------------------------
                                              2.234006   slack (MET)


Startpoint: _100_ (rising edge-triggered flip-flop clocked by clk)
Endpoint: sine_out[3] (output port clocked by clk)
Path Group: clk
Path Type: min

Fanout         Cap        Slew       Delay        Time   Description
---------------------------------------------------------------------------------------------
                      0.150000    0.000000    0.000000   clock clk (rise edge)
                                  0.000000    0.000000   clock network delay (ideal)
                      0.150000    0.000000    0.000000 ^ _100_/CLK (sky130_fd_sc_hd__dfrtp_2)
     1    0.033442    0.171856    0.484006    0.484006 ^ _100_/Q (sky130_fd_sc_hd__dfrtp_2)
                                                         sine_out[3] (net)
                      0.171856    0.000000    0.484006 ^ sine_out[3] (out)
                                              0.484006   data arrival time

                      0.150000    0.000000    0.000000   clock clk (rise edge)
                                  0.000000    0.000000   clock network delay (ideal)
                                  0.250000    0.250000   clock uncertainty
                                  0.000000    0.250000   clock reconvergence pessimism
                                 -2.000000   -1.750000   output external delay
                                             -1.750000   data required time
---------------------------------------------------------------------------------------------
                                             -1.750000   data required time
                                             -0.484006   data arrival time
---------------------------------------------------------------------------------------------
                                              2.234006   slack (MET)


Startpoint: _101_ (rising edge-triggered flip-flop clocked by clk)
Endpoint: sine_out[4] (output port clocked by clk)
Path Group: clk
Path Type: min

Fanout         Cap        Slew       Delay        Time   Description
---------------------------------------------------------------------------------------------
                      0.150000    0.000000    0.000000   clock clk (rise edge)
                                  0.000000    0.000000   clock network delay (ideal)
                      0.150000    0.000000    0.000000 ^ _101_/CLK (sky130_fd_sc_hd__dfrtp_2)
     1    0.033442    0.171856    0.484006    0.484006 ^ _101_/Q (sky130_fd_sc_hd__dfrtp_2)
                                                         sine_out[4] (net)
                      0.171856    0.000000    0.484006 ^ sine_out[4] (out)
                                              0.484006   data arrival time

                      0.150000    0.000000    0.000000   clock clk (rise edge)
                                  0.000000    0.000000   clock network delay (ideal)
                                  0.250000    0.250000   clock uncertainty
                                  0.000000    0.250000   clock reconvergence pessimism
                                 -2.000000   -1.750000   output external delay
                                             -1.750000   data required time
---------------------------------------------------------------------------------------------
                                             -1.750000   data required time
                                             -0.484006   data arrival time
---------------------------------------------------------------------------------------------
                                              2.234006   slack (MET)


Startpoint: _102_ (rising edge-triggered flip-flop clocked by clk)
Endpoint: sine_out[5] (output port clocked by clk)
Path Group: clk
Path Type: min

Fanout         Cap        Slew       Delay        Time   Description
---------------------------------------------------------------------------------------------
                      0.150000    0.000000    0.000000   clock clk (rise edge)
                                  0.000000    0.000000   clock network delay (ideal)
                      0.150000    0.000000    0.000000 ^ _102_/CLK (sky130_fd_sc_hd__dfrtp_2)
     1    0.033442    0.171856    0.484006    0.484006 ^ _102_/Q (sky130_fd_sc_hd__dfrtp_2)
                                                         sine_out[5] (net)
                      0.171856    0.000000    0.484006 ^ sine_out[5] (out)
                                              0.484006   data arrival time

                      0.150000    0.000000    0.000000   clock clk (rise edge)
                                  0.000000    0.000000   clock network delay (ideal)
                                  0.250000    0.250000   clock uncertainty
                                  0.000000    0.250000   clock reconvergence pessimism
                                 -2.000000   -1.750000   output external delay
                                             -1.750000   data required time
---------------------------------------------------------------------------------------------
                                             -1.750000   data required time
                                             -0.484006   data arrival time
---------------------------------------------------------------------------------------------
                                              2.234006   slack (MET)


Startpoint: _079_ (rising edge-triggered flip-flop clocked by clk)
Endpoint: sine_out[6] (output port clocked by clk)
Path Group: clk
Path Type: min

Fanout         Cap        Slew       Delay        Time   Description
---------------------------------------------------------------------------------------------
                      0.150000    0.000000    0.000000   clock clk (rise edge)
                                  0.000000    0.000000   clock network delay (ideal)
                      0.150000    0.000000    0.000000 ^ _079_/CLK (sky130_fd_sc_hd__dfrtp_2)
     1    0.033442    0.171856    0.484006    0.484006 ^ _079_/Q (sky130_fd_sc_hd__dfrtp_2)
                                                         sine_out[6] (net)
                      0.171856    0.000000    0.484006 ^ sine_out[6] (out)
                                              0.484006   data arrival time

                      0.150000    0.000000    0.000000   clock clk (rise edge)
                                  0.000000    0.000000   clock network delay (ideal)
                                  0.250000    0.250000   clock uncertainty
                                  0.000000    0.250000   clock reconvergence pessimism
                                 -2.000000   -1.750000   output external delay
                                             -1.750000   data required time
---------------------------------------------------------------------------------------------
                                             -1.750000   data required time
                                             -0.484006   data arrival time
---------------------------------------------------------------------------------------------
                                              2.234006   slack (MET)


Startpoint: _080_ (rising edge-triggered flip-flop clocked by clk)
Endpoint: sine_out[7] (output port clocked by clk)
Path Group: clk
Path Type: min

Fanout         Cap        Slew       Delay        Time   Description
---------------------------------------------------------------------------------------------
                      0.150000    0.000000    0.000000   clock clk (rise edge)
                                  0.000000    0.000000   clock network delay (ideal)
                      0.150000    0.000000    0.000000 ^ _080_/CLK (sky130_fd_sc_hd__dfrtp_2)
     1    0.033442    0.171856    0.484006    0.484006 ^ _080_/Q (sky130_fd_sc_hd__dfrtp_2)
                                                         sine_out[7] (net)
                      0.171856    0.000000    0.484006 ^ sine_out[7] (out)
                                              0.484006   data arrival time

                      0.150000    0.000000    0.000000   clock clk (rise edge)
                                  0.000000    0.000000   clock network delay (ideal)
                                  0.250000    0.250000   clock uncertainty
                                  0.000000    0.250000   clock reconvergence pessimism
                                 -2.000000   -1.750000   output external delay
                                             -1.750000   data required time
---------------------------------------------------------------------------------------------
                                             -1.750000   data required time
                                             -0.484006   data arrival time
---------------------------------------------------------------------------------------------
                                              2.234006   slack (MET)


Startpoint: _081_ (rising edge-triggered flip-flop clocked by clk)
Endpoint: sine_out[8] (output port clocked by clk)
Path Group: clk
Path Type: min

Fanout         Cap        Slew       Delay        Time   Description
---------------------------------------------------------------------------------------------
                      0.150000    0.000000    0.000000   clock clk (rise edge)
                                  0.000000    0.000000   clock network delay (ideal)
                      0.150000    0.000000    0.000000 ^ _081_/CLK (sky130_fd_sc_hd__dfrtp_2)
     1    0.033442    0.171856    0.484006    0.484006 ^ _081_/Q (sky130_fd_sc_hd__dfrtp_2)
                                                         sine_out[8] (net)
                      0.171856    0.000000    0.484006 ^ sine_out[8] (out)
                                              0.484006   data arrival time

                      0.150000    0.000000    0.000000   clock clk (rise edge)
                                  0.000000    0.000000   clock network delay (ideal)
                                  0.250000    0.250000   clock uncertainty
                                  0.000000    0.250000   clock reconvergence pessimism
                                 -2.000000   -1.750000   output external delay
                                             -1.750000   data required time
---------------------------------------------------------------------------------------------
                                             -1.750000   data required time
                                             -0.484006   data arrival time
---------------------------------------------------------------------------------------------
                                              2.234006   slack (MET)


Startpoint: _082_ (rising edge-triggered flip-flop clocked by clk)
Endpoint: sine_out[9] (output port clocked by clk)
Path Group: clk
Path Type: min

Fanout         Cap        Slew       Delay        Time   Description
---------------------------------------------------------------------------------------------
                      0.150000    0.000000    0.000000   clock clk (rise edge)
                                  0.000000    0.000000   clock network delay (ideal)
                      0.150000    0.000000    0.000000 ^ _082_/CLK (sky130_fd_sc_hd__dfrtp_2)
     1    0.033442    0.171856    0.484006    0.484006 ^ _082_/Q (sky130_fd_sc_hd__dfrtp_2)
                                                         sine_out[9] (net)
                      0.171856    0.000000    0.484006 ^ sine_out[9] (out)
                                              0.484006   data arrival time

                      0.150000    0.000000    0.000000   clock clk (rise edge)
                                  0.000000    0.000000   clock network delay (ideal)
                                  0.250000    0.250000   clock uncertainty
                                  0.000000    0.250000   clock reconvergence pessimism
                                 -2.000000   -1.750000   output external delay
                                             -1.750000   data required time
---------------------------------------------------------------------------------------------
                                             -1.750000   data required time
                                             -0.484006   data arrival time
---------------------------------------------------------------------------------------------
                                              2.234006   slack (MET)



