Clock: clk
Sources: clk 
Generated: no
Virtual: yes
Propagated: no
Period: 10.000000

===========================================================================
report_clock_properties
============================================================================
Clock                   Period          Waveform
----------------------------------------------------
clk                  10.000000    0.000000  5.000000

===========================================================================
report_clock_latency
============================================================================
Clock clk
rise -> rise
    min     max
0.000000 0.000000 source latency
0.433022         network latency _084_/CLK
        0.458866 network latency _097_/CLK
---------------
0.433022 0.458866 latency
        0.025844 skew

fall -> fall
    min     max
0.000000 0.000000 source latency
0.348037         network latency _084_/CLK
        0.367001 network latency _097_/CLK
---------------
0.348037 0.367001 latency
        0.018964 skew



===========================================================================
report_clock_min_period
============================================================================
clk period_min = 1.15 fmax = 871.96
