Clock: clk
Sources: clk 
Generated: no
Virtual: yes
Propagated: no
Period: 5.100000

===========================================================================
report_clock_properties
============================================================================
Clock                   Period          Waveform
----------------------------------------------------
clk                   5.100000    0.000000  2.550000

===========================================================================
report_clock_latency
============================================================================
Clock clk
rise -> rise
    min     max
0.000000 0.000000 source latency
0.704483         network latency mem_i0/clk1
        0.735787 network latency mem_i1/clk1
---------------
0.704483 0.735787 latency
        0.031304 skew

fall -> fall
    min     max
0.000000 0.000000 source latency
0.562226         network latency mem_i0/clk1
        0.586896 network latency mem_i1/clk1
---------------
0.562226 0.586896 latency
        0.024670 skew



===========================================================================
report_clock_min_period
============================================================================
clk period_min = 1.64 fmax = 609.15
