Clock: clk
Sources: clk 
Generated: no
Virtual: yes
Propagated: no
Period: 5.000000

===========================================================================
report_clock_properties
============================================================================
Clock                   Period          Waveform
----------------------------------------------------
clk                   5.000000    0.000000  2.500000

===========================================================================
report_clock_latency
============================================================================
Clock clk
rise -> rise
    min     max
0.000000 0.000000 source latency
0.574647         network latency _091_/CLK
        0.584102 network latency _097_/CLK
---------------
0.574647 0.584102 latency
        0.009455 skew

fall -> fall
    min     max
0.000000 0.000000 source latency
0.476379         network latency _091_/CLK
        0.482115 network latency _087_/CLK
---------------
0.476379 0.482115 latency
        0.005736 skew



===========================================================================
report_clock_min_period
============================================================================
clk period_min = 1.69 fmax = 593.31
