Reading OpenROAD database at '/home/thanh/NCO/runs/RUN_2025-03-05_00-36-18/41-odb-heuristicdiodeinsertion/1-odb-fuzzydiodeplacement/counter.odb'…
Reading library file at '/home/thanh/.volare/volare/sky130/versions/0fe599b2afb6708d281543108caf8310912f54af/sky130A/libs.ref/sky130_fd_sc_hd/lib/sky130_fd_sc_hd__tt_025C_1v80.lib'…
Reading library file at '/home/thanh/NCO/ram256x16/ram256x16_TT_1p8V_25C.lib'…
Reading macro library file at '/home/thanh/NCO/ram256x16/ram256x16_TT_1p8V_25C.lib'…
[WARNING STA-1140] /home/thanh/NCO/ram256x16/ram256x16_TT_1p8V_25C.lib line 1, library ram256x16_TT_1p8V_25C_lib already exists.
Reading design constraints file at '/home/thanh/NCO/counter.sdc'…
[WARNING STA-0366] port 'addr0[0]' not found.
[WARNING STA-0366] port 'addr0[1]' not found.
[WARNING STA-0366] port 'addr0[2]' not found.
[WARNING STA-0366] port 'addr0[3]' not found.
[WARNING STA-0366] port 'addr0[4]' not found.
[WARNING STA-0366] port 'addr0[5]' not found.
[WARNING STA-0366] port 'addr0[6]' not found.
[WARNING STA-0366] port 'addr0[7]' not found.
[WARNING STA-0366] port 'csb0' not found.
[WARNING STA-0366] port 'din0[0]' not found.
[WARNING STA-0366] port 'din0[10]' not found.
[WARNING STA-0366] port 'din0[11]' not found.
[WARNING STA-0366] port 'din0[12]' not found.
[WARNING STA-0366] port 'din0[13]' not found.
[WARNING STA-0366] port 'din0[14]' not found.
[WARNING STA-0366] port 'din0[15]' not found.
[WARNING STA-0366] port 'din0[1]' not found.
[WARNING STA-0366] port 'din0[2]' not found.
[WARNING STA-0366] port 'din0[3]' not found.
[WARNING STA-0366] port 'din0[4]' not found.
[WARNING STA-0366] port 'din0[5]' not found.
[WARNING STA-0366] port 'din0[6]' not found.
[WARNING STA-0366] port 'din0[7]' not found.
[WARNING STA-0366] port 'din0[8]' not found.
[WARNING STA-0366] port 'din0[9]' not found.
[WARNING STA-0366] port 'csb0' not found.
[WARNING STA-0366] port 'addr0[7]' not found.
[WARNING STA-0366] port 'addr0[6]' not found.
[WARNING STA-0366] port 'addr0[5]' not found.
[WARNING STA-0366] port 'addr0[4]' not found.
[WARNING STA-0366] port 'addr0[3]' not found.
[WARNING STA-0366] port 'addr0[2]' not found.
[WARNING STA-0366] port 'addr0[1]' not found.
[WARNING STA-0366] port 'addr0[0]' not found.
[WARNING STA-0366] port 'din0[15]' not found.
[WARNING STA-0366] port 'din0[14]' not found.
[WARNING STA-0366] port 'din0[13]' not found.
[WARNING STA-0366] port 'din0[12]' not found.
[WARNING STA-0366] port 'din0[11]' not found.
[WARNING STA-0366] port 'din0[10]' not found.
[WARNING STA-0366] port 'din0[9]' not found.
[WARNING STA-0366] port 'din0[8]' not found.
[WARNING STA-0366] port 'din0[7]' not found.
[WARNING STA-0366] port 'din0[6]' not found.
[WARNING STA-0366] port 'din0[5]' not found.
[WARNING STA-0366] port 'din0[4]' not found.
[WARNING STA-0366] port 'din0[3]' not found.
[WARNING STA-0366] port 'din0[2]' not found.
[WARNING STA-0366] port 'din0[1]' not found.
[WARNING STA-0366] port 'din0[0]' not found.
Placement Analysis
---------------------------------
total displacement        419.0 u
average displacement        0.0 u
max displacement            8.7 u
original HPWL           32228.3 u
legalized HPWL          32540.4 u
delta HPWL                    1 %

[INFO DPL-0020] Mirrored 314 instances
[INFO DPL-0021] HPWL before           32540.4 u
[INFO DPL-0022] HPWL after            32391.6 u
[INFO DPL-0023] HPWL delta               -0.5 %
Setting global connections for newly added cells…
[INFO] Setting global connections...
mem_i.* matched with mem_i1_111
mem_i.* matched with mem_i0
mem_i.* matched with mem_i1
mem_i.* matched with mem_i0_110
Updating metrics…
Cell type report:                       Count       Area
  Macro                                     2  247030.69
  Fill cell                              1000    3753.60
  Tap cell                               9275   11604.88
  Antenna cell                            414    1035.99
  Clock buffer                              5      80.08
  Timing Repair Buffer                    109     618.09
  Inverter                                 26      97.59
  Clock inverter                            3      17.52
  Sequential cell                          25     650.62
  Multi-Input combinational cell           35     302.79
  Total                                 10894  265191.85
Writing OpenROAD database to '/home/thanh/NCO/runs/RUN_2025-03-05_00-36-18/41-odb-heuristicdiodeinsertion/2-openroad-detailedplacement/counter.odb'…
Writing netlist to '/home/thanh/NCO/runs/RUN_2025-03-05_00-36-18/41-odb-heuristicdiodeinsertion/2-openroad-detailedplacement/counter.nl.v'…
Writing powered netlist to '/home/thanh/NCO/runs/RUN_2025-03-05_00-36-18/41-odb-heuristicdiodeinsertion/2-openroad-detailedplacement/counter.pnl.v'…
Writing layout to '/home/thanh/NCO/runs/RUN_2025-03-05_00-36-18/41-odb-heuristicdiodeinsertion/2-openroad-detailedplacement/counter.def'…
Writing timing constraints to '/home/thanh/NCO/runs/RUN_2025-03-05_00-36-18/41-odb-heuristicdiodeinsertion/2-openroad-detailedplacement/counter.sdc'…
