Clock: clk
Sources: clk 
Generated: no
Virtual: yes
Propagated: no
Period: 10.000000

===========================================================================
report_clock_properties
============================================================================
Clock                   Period          Waveform
----------------------------------------------------
clk                  10.000000    0.000000  5.000000

===========================================================================
report_clock_latency
============================================================================
Clock clk
rise -> rise
    min     max
0.000000 0.000000 source latency
0.671865         network latency _091_/CLK
        0.680436 network latency _097_/CLK
---------------
0.671865 0.680436 latency
        0.008571 skew

fall -> fall
    min     max
0.000000 0.000000 source latency
0.540578         network latency _080_/CLK
        0.547084 network latency _087_/CLK
---------------
0.540578 0.547084 latency
        0.006506 skew



===========================================================================
report_clock_min_period
============================================================================
clk period_min = 1.66 fmax = 604.13
