Starting…
Running 'Verilator.Lint' at 'runs/RUN_2025-03-06_15-40-42/01-verilator-lint'…
Logging subprocess to [repr.filename]'runs/RUN_2025-03-06_15-40-42/01-verilator-lint/verilator-lint.log'[/repr.filename]…
Running 'Checker.LintTimingConstructs' at 'runs/RUN_2025-03-06_15-40-42/02-checker-linttimingconstructs'…
Check for Lint Timing Errors clear.
Running 'Checker.LintErrors' at 'runs/RUN_2025-03-06_15-40-42/03-checker-linterrors'…
Check for Lint errors clear.
Running 'Checker.LintWarnings' at 'runs/RUN_2025-03-06_15-40-42/04-checker-lintwarnings'…
17 Lint warnings found.
Running 'Yosys.JsonHeader' at 'runs/RUN_2025-03-06_15-40-42/05-yosys-jsonheader'…
Logging subprocess to [repr.filename]'runs/RUN_2025-03-06_15-40-42/05-yosys-jsonheader/yosys-jsonheader.log'[/repr.filename]…
Subprocess had a non-zero exit.
Last 10 line(s):
  cell $mul $mul$/home/thanh/NCO/counter.v:28$1
    parameter \Y_WIDTH 32
    parameter \B_WIDTH 4
    parameter \A_WIDTH 32
    parameter \B_SIGNED 0
    parameter \A_SIGNED 1
    connect \Y $mul$/home/thanh/NCO/counter.v:28$1_Y
    connect \B \denum
    connect \A 256
  end

Full log file: 'runs/RUN_2025-03-06_15-40-42/05-yosys-jsonheader/yosys-jsonheader.log'
