
===========================================================================
report_checks -unconstrained
===========================================================================
======================= nom_tt_025C_1v80 Corner ===================================

Startpoint: rst (input port clocked by clk)
Endpoint: _584_ (recovery check against rising-edge clock clk)
Path Group: asynchronous
Path Type: max

Fanout         Cap        Slew       Delay        Time   Description
---------------------------------------------------------------------------------------------
                                  0.000000    0.000000   clock clk (rise edge)
                                  0.000000    0.000000   clock network delay (propagated)
                                  2.550000    2.550000 v input external delay
    25    0.106900    0.229921    0.172290    2.722290 v rst (in)
                                                         rst (net)
                      0.229921    0.000000    2.722290 v _300_/A (sky130_fd_sc_hd__inv_2)
     1    0.003612    0.060528    0.095300    2.817590 ^ _300_/Y (sky130_fd_sc_hd__inv_2)
                                                         _025_ (net)
                      0.060528    0.000000    2.817590 ^ _584_/RESET_B (sky130_fd_sc_hd__dfrtp_2)
                                              2.817590   data arrival time

                                  5.100000    5.100000   clock clk (rise edge)
                                  0.000000    5.100000   clock source latency
    63    0.138128    0.627346    0.428235    5.528235 ^ clk (in)
                                                         clk (net)
                      0.627346    0.000000    5.528235 ^ _584_/CLK (sky130_fd_sc_hd__dfrtp_2)
                                 -0.005100    5.523135   clock uncertainty
                                  0.000000    5.523135   clock reconvergence pessimism
                                  0.370726    5.893861   library recovery time
                                              5.893861   data required time
---------------------------------------------------------------------------------------------
                                              5.893861   data required time
                                             -2.817590   data arrival time
---------------------------------------------------------------------------------------------
                                              3.076272   slack (MET)


Startpoint: _584_ (rising edge-triggered flip-flop clocked by clk)
Endpoint: sine_out[0] (output port clocked by clk)
Path Group: clk
Path Type: max

Fanout         Cap        Slew       Delay        Time   Description
---------------------------------------------------------------------------------------------
                                  0.000000    0.000000   clock clk (rise edge)
                                  0.000000    0.000000   clock source latency
    63    0.138128    0.627346    0.428235    0.428235 ^ clk (in)
                                                         clk (net)
                      0.627346    0.000000    0.428235 ^ _584_/CLK (sky130_fd_sc_hd__dfrtp_2)
     1    0.033400    0.109914    0.607550    1.035785 v _584_/Q (sky130_fd_sc_hd__dfrtp_2)
                                                         sine_out[0] (net)
                      0.109914    0.000000    1.035785 v sine_out[0] (out)
                                              1.035785   data arrival time

                                  5.100000    5.100000   clock clk (rise edge)
                                  0.000000    5.100000   clock network delay (propagated)
                                 -0.005100    5.094900   clock uncertainty
                                  0.000000    5.094900   clock reconvergence pessimism
                                 -2.295000    2.799900   output external delay
                                              2.799900   data required time
---------------------------------------------------------------------------------------------
                                              2.799900   data required time
                                             -1.035785   data arrival time
---------------------------------------------------------------------------------------------
                                              1.764115   slack (MET)




===========================================================================
report_checks --slack_max -0.01
============================================================================
======================= nom_tt_025C_1v80 Corner ===================================

No paths found.


===========================================================================
 report_check_types -max_slew -max_cap -max_fanout -violators
============================================================================
======================= nom_tt_025C_1v80 Corner ===================================

max slew

Pin                                        Limit        Slew       Slack
------------------------------------------------------------------------
mem_i1/clk1                             0.500000    1.982723   -1.482723 (VIOLATED)
mem_i1/clk0                             0.500000    1.487042   -0.987042 (VIOLATED)
mem_i0/clk1                             0.500000    1.115282   -0.615282 (VIOLATED)
mem_i0/clk0                             0.500000    0.836461   -0.336461 (VIOLATED)
clk                                     0.500000    0.627346   -0.127346 (VIOLATED)
_584_/CLK                               0.500000    0.627346   -0.127346 (VIOLATED)
_585_/CLK                               0.500000    0.627346   -0.127346 (VIOLATED)
_586_/CLK                               0.500000    0.627346   -0.127346 (VIOLATED)
_587_/CLK                               0.500000    0.627346   -0.127346 (VIOLATED)
_588_/CLK                               0.500000    0.627346   -0.127346 (VIOLATED)
_589_/CLK                               0.500000    0.627346   -0.127346 (VIOLATED)
_590_/CLK                               0.500000    0.627346   -0.127346 (VIOLATED)
_591_/CLK                               0.500000    0.627346   -0.127346 (VIOLATED)
_592_/CLK                               0.500000    0.627346   -0.127346 (VIOLATED)
_593_/CLK                               0.500000    0.627346   -0.127346 (VIOLATED)
_594_/CLK                               0.500000    0.627346   -0.127346 (VIOLATED)
_595_/CLK                               0.500000    0.627346   -0.127346 (VIOLATED)
_596_/CLK                               0.500000    0.627346   -0.127346 (VIOLATED)
_597_/CLK                               0.500000    0.627346   -0.127346 (VIOLATED)
_598_/CLK                               0.500000    0.627346   -0.127346 (VIOLATED)
_599_/CLK                               0.500000    0.627346   -0.127346 (VIOLATED)
_600_/CLK                               0.500000    0.627346   -0.127346 (VIOLATED)
_601_/CLK                               0.500000    0.627346   -0.127346 (VIOLATED)
_602_/CLK                               0.500000    0.627346   -0.127346 (VIOLATED)
_603_/CLK                               0.500000    0.627346   -0.127346 (VIOLATED)
_604_/CLK                               0.500000    0.627346   -0.127346 (VIOLATED)
_605_/CLK                               0.500000    0.627346   -0.127346 (VIOLATED)
_606_/CLK                               0.500000    0.627346   -0.127346 (VIOLATED)
_607_/CLK                               0.500000    0.627346   -0.127346 (VIOLATED)
_608_/CLK                               0.500000    0.627346   -0.127346 (VIOLATED)
_609_/CLK                               0.500000    0.627346   -0.127346 (VIOLATED)
_610_/CLK                               0.500000    0.627346   -0.127346 (VIOLATED)
_611_/CLK                               0.500000    0.627346   -0.127346 (VIOLATED)
_612_/CLK                               0.500000    0.627346   -0.127346 (VIOLATED)
_613_/CLK                               0.500000    0.627346   -0.127346 (VIOLATED)
_614_/CLK                               0.500000    0.627346   -0.127346 (VIOLATED)
_615_/CLK                               0.500000    0.627346   -0.127346 (VIOLATED)
_616_/CLK                               0.500000    0.627346   -0.127346 (VIOLATED)
_617_/CLK                               0.500000    0.627346   -0.127346 (VIOLATED)
_618_/CLK                               0.500000    0.627346   -0.127346 (VIOLATED)
_619_/CLK                               0.500000    0.627346   -0.127346 (VIOLATED)
_620_/CLK                               0.500000    0.627346   -0.127346 (VIOLATED)
_621_/CLK                               0.500000    0.627346   -0.127346 (VIOLATED)
_622_/CLK                               0.500000    0.627346   -0.127346 (VIOLATED)
_623_/CLK                               0.500000    0.627346   -0.127346 (VIOLATED)
_624_/CLK                               0.500000    0.627346   -0.127346 (VIOLATED)
_625_/CLK                               0.500000    0.627346   -0.127346 (VIOLATED)
_626_/CLK                               0.500000    0.627346   -0.127346 (VIOLATED)
_627_/CLK                               0.500000    0.627346   -0.127346 (VIOLATED)
_628_/CLK                               0.500000    0.627346   -0.127346 (VIOLATED)
_629_/CLK                               0.500000    0.627346   -0.127346 (VIOLATED)
_630_/CLK                               0.500000    0.627346   -0.127346 (VIOLATED)
_631_/CLK                               0.500000    0.627346   -0.127346 (VIOLATED)
_632_/CLK                               0.500000    0.627346   -0.127346 (VIOLATED)
_633_/CLK                               0.500000    0.627346   -0.127346 (VIOLATED)
_634_/CLK                               0.500000    0.627346   -0.127346 (VIOLATED)
_635_/CLK                               0.500000    0.627346   -0.127346 (VIOLATED)
_636_/CLK                               0.500000    0.627346   -0.127346 (VIOLATED)
_637_/CLK                               0.500000    0.627346   -0.127346 (VIOLATED)
_638_/CLK                               0.500000    0.627346   -0.127346 (VIOLATED)
_639_/CLK                               0.500000    0.627346   -0.127346 (VIOLATED)
_640_/CLK                               0.500000    0.627346   -0.127346 (VIOLATED)
_641_/CLK                               0.500000    0.627346   -0.127346 (VIOLATED)
_642_/CLK                               0.500000    0.627346   -0.127346 (VIOLATED)
rst                                     0.500000    0.528843   -0.028843 (VIOLATED)
_300_/A                                 0.500000    0.528843   -0.028843 (VIOLATED)
_560_/A                                 0.500000    0.528843   -0.028843 (VIOLATED)
_561_/A                                 0.500000    0.528843   -0.028843 (VIOLATED)
_562_/A                                 0.500000    0.528843   -0.028843 (VIOLATED)
_563_/A                                 0.500000    0.528843   -0.028843 (VIOLATED)
_564_/A                                 0.500000    0.528843   -0.028843 (VIOLATED)
_565_/A                                 0.500000    0.528843   -0.028843 (VIOLATED)
_566_/A                                 0.500000    0.528843   -0.028843 (VIOLATED)
_567_/A                                 0.500000    0.528843   -0.028843 (VIOLATED)
_568_/A                                 0.500000    0.528843   -0.028843 (VIOLATED)
_569_/A                                 0.500000    0.528843   -0.028843 (VIOLATED)
_570_/A                                 0.500000    0.528843   -0.028843 (VIOLATED)
_571_/A                                 0.500000    0.528843   -0.028843 (VIOLATED)
_572_/A                                 0.500000    0.528843   -0.028843 (VIOLATED)
_573_/A                                 0.500000    0.528843   -0.028843 (VIOLATED)
_574_/A                                 0.500000    0.528843   -0.028843 (VIOLATED)
_575_/A                                 0.500000    0.528843   -0.028843 (VIOLATED)
_576_/A                                 0.500000    0.528843   -0.028843 (VIOLATED)
_577_/A                                 0.500000    0.528843   -0.028843 (VIOLATED)
_578_/A                                 0.500000    0.528843   -0.028843 (VIOLATED)
_579_/A                                 0.500000    0.528843   -0.028843 (VIOLATED)
_580_/A                                 0.500000    0.528843   -0.028843 (VIOLATED)
_581_/A                                 0.500000    0.528843   -0.028843 (VIOLATED)
_582_/A                                 0.500000    0.528843   -0.028843 (VIOLATED)
_583_/A                                 0.500000    0.528843   -0.028843 (VIOLATED)

max fanout

Pin                                   Limit Fanout  Slack
---------------------------------------------------------
clk                                      10     63    -53 (VIOLATED)
rst                                      10     25    -15 (VIOLATED)
num[3]                                   10     24    -14 (VIOLATED)
num[1]                                   10     19     -9 (VIOLATED)
num[2]                                   10     19     -9 (VIOLATED)
_641_/Q                                  10     16     -6 (VIOLATED)
_440_/X                                  10     13     -3 (VIOLATED)
num[0]                                   10     12     -2 (VIOLATED)
_600_/Q                                  10     11        (VIOLATED)



===========================================================================
report_parasitic_annotation -report_unannotated
============================================================================
Found 446 unannotated drivers.
 addr00[0]
 addr00[1]
 addr00[2]
 addr00[3]
 addr00[4]
 addr00[5]
 addr00[6]
 addr00[7]
 addr01[0]
 addr01[1]
 addr01[2]
 addr01[3]
 addr01[4]
 addr01[5]
 addr01[6]
 addr01[7]
 clk
 csb00
 csb01
 denum[0]
 denum[1]
 denum[2]
 denum[3]
 din00[0]
 din00[10]
 din00[11]
 din00[12]
 din00[13]
 din00[14]
 din00[15]
 din00[1]
 din00[2]
 din00[3]
 din00[4]
 din00[5]
 din00[6]
 din00[7]
 din00[8]
 din00[9]
 din01[0]
 din01[10]
 din01[11]
 din01[12]
 din01[13]
 din01[14]
 din01[15]
 din01[1]
 din01[2]
 din01[3]
 din01[4]
 din01[5]
 din01[6]
 din01[7]
 din01[8]
 din01[9]
 num[0]
 num[1]
 num[2]
 num[3]
 rst
 _293_/Y
 _294_/Y
 _295_/Y
 _296_/Y
 _297_/Y
 _298_/Y
 _299_/Y
 _300_/Y
 _301_/X
 _302_/X
 _303_/X
 _304_/Y
 _305_/Y
 _306_/X
 _307_/X
 _308_/Y
 _309_/Y
 _310_/X
 _311_/Y
 _312_/X
 _313_/Y
 _314_/X
 _315_/X
 _316_/X
 _317_/X
 _318_/Y
 _319_/Y
 _320_/X
 _321_/X
 _322_/Y
 _323_/X
 _324_/X
 _325_/Y
 _326_/Y
 _327_/X
 _328_/Y
 _329_/Y
 _330_/Y
 _331_/X
 _332_/X
 _333_/X
 _334_/Y
 _335_/Y
 _336_/X
 _337_/X
 _338_/X
 _339_/X
 _340_/Y
 _341_/Y
 _342_/X
 _343_/Y
 _344_/Y
 _345_/X
 _346_/X
 _347_/X
 _348_/X
 _349_/X
 _350_/Y
 _351_/Y
 _352_/Y
 _353_/X
 _354_/X
 _355_/X
 _356_/X
 _357_/X
 _358_/X
 _359_/X
 _360_/X
 _361_/Y
 _362_/X
 _363_/Y
 _364_/Y
 _365_/Y
 _366_/X
 _367_/Y
 _368_/X
 _369_/X
 _370_/Y
 _371_/Y
 _372_/X
 _373_/Y
 _374_/X
 _375_/X
 _376_/Y
 _377_/X
 _378_/X
 _379_/X
 _380_/Y
 _381_/Y
 _382_/X
 _383_/Y
 _384_/Y
 _385_/Y
 _386_/X
 _387_/Y
 _388_/Y
 _389_/X
 _390_/X
 _391_/X
 _392_/Y
 _393_/Y
 _394_/Y
 _395_/X
 _396_/Y
 _397_/X
 _398_/Y
 _399_/Y
 _400_/X
 _401_/Y
 _402_/Y
 _403_/Y
 _404_/X
 _405_/X
 _406_/X
 _407_/Y
 _408_/Y
 _409_/Y
 _410_/Y
 _411_/X
 _412_/Y
 _413_/Y
 _414_/Y
 _415_/Y
 _416_/Y
 _417_/X
 _418_/Y
 _419_/Y
 _420_/Y
 _421_/X
 _422_/X
 _423_/X
 _424_/Y
 _425_/X
 _426_/Y
 _427_/X
 _428_/Y
 _429_/X
 _430_/X
 _431_/Y
 _432_/X
 _433_/X
 _434_/X
 _435_/X
 _436_/X
 _437_/Y
 _438_/X
 _439_/X
 _440_/X
 _441_/Y
 _442_/Y
 _443_/X
 _444_/X
 _445_/Y
 _446_/Y
 _447_/Y
 _448_/X
 _449_/X
 _450_/Y
 _451_/Y
 _452_/Y
 _453_/X
 _454_/Y
 _455_/Y
 _456_/Y
 _457_/X
 _458_/X
 _459_/X
 _460_/Y
 _461_/Y
 _462_/X
 _463_/Y
 _464_/X
 _465_/X
 _466_/X
 _467_/Y
 _468_/X
 _469_/Y
 _470_/Y
 _471_/X
 _472_/Y
 _473_/Y
 _474_/Y
 _475_/X
 _476_/X
 _477_/Y
 _478_/X
 _479_/Y
 _480_/Y
 _481_/X
 _482_/Y
 _483_/X
 _484_/X
 _485_/X
 _486_/Y
 _487_/X
 _488_/X
 _489_/X
 _490_/Y
 _491_/X
 _492_/Y
 _493_/Y
 _494_/Y
 _495_/X
 _496_/X
 _497_/Y
 _498_/Y
 _499_/Y
 _500_/X
 _501_/Y
 _502_/Y
 _503_/Y
 _504_/X
 _505_/X
 _506_/Y
 _507_/Y
 _508_/X
 _509_/X
 _510_/Y
 _511_/X
 _512_/X
 _513_/X
 _514_/Y
 _515_/X
 _516_/X
 _517_/X
 _518_/X
 _519_/Y
 _520_/X
 _521_/Y
 _522_/X
 _523_/X
 _524_/X
 _525_/Y
 _526_/X
 _527_/X
 _528_/Y
 _529_/X
 _530_/X
 _531_/X
 _532_/Y
 _533_/X
 _534_/X
 _535_/X
 _536_/Y
 _537_/X
 _538_/X
 _539_/Y
 _540_/X
 _541_/X
 _542_/Y
 _543_/X
 _544_/X
 _545_/X
 _546_/X
 _547_/X
 _548_/X
 _549_/X
 _550_/X
 _551_/X
 _552_/X
 _553_/X
 _554_/X
 _555_/X
 _556_/X
 _557_/X
 _558_/X
 _559_/X
 _560_/Y
 _561_/Y
 _562_/Y
 _563_/Y
 _564_/Y
 _565_/Y
 _566_/Y
 _567_/Y
 _568_/Y
 _569_/Y
 _570_/Y
 _571_/Y
 _572_/Y
 _573_/Y
 _574_/Y
 _575_/Y
 _576_/Y
 _577_/Y
 _578_/Y
 _579_/Y
 _580_/Y
 _581_/Y
 _582_/Y
 _583_/Y
 _584_/Q
 _585_/Q
 _586_/Q
 _587_/Q
 _588_/Q
 _589_/Q
 _590_/Q
 _591_/Q
 _592_/Q
 _593_/Q
 _594_/Q
 _595_/Q
 _596_/Q
 _597_/Q
 _598_/Q
 _599_/Q
 _600_/Q
 _601_/Q
 _602_/Q
 _603_/Q
 _604_/Q
 _605_/Q
 _606_/Q
 _607_/Q
 _608_/Q
 _609_/Q
 _610_/Q
 _611_/Q
 _612_/Q
 _613_/Q
 _614_/Q
 _615_/Q
 _616_/Q
 _617_/Q
 _618_/Q
 _619_/Q
 _620_/Q
 _621_/Q
 _622_/Q
 _623_/Q
 _624_/Q
 _625_/Q
 _626_/Q
 _627_/Q
 _628_/Q
 _629_/Q
 _630_/Q
 _631_/Q
 _632_/Q
 _633_/Q
 _634_/Q
 _635_/Q
 _636_/Q
 _637_/Q
 _638_/Q
 _639_/Q
 _640_/Q
 _641_/Q
 _642_/Q
 _643_/HI
 _643_/LO
 _644_/HI
 _644_/LO
 mem_i0/dout1[0]
 mem_i0/dout1[10]
 mem_i0/dout1[11]
 mem_i0/dout1[12]
 mem_i0/dout1[13]
 mem_i0/dout1[14]
 mem_i0/dout1[15]
 mem_i0/dout1[1]
 mem_i0/dout1[2]
 mem_i0/dout1[3]
 mem_i0/dout1[4]
 mem_i0/dout1[5]
 mem_i0/dout1[6]
 mem_i0/dout1[7]
 mem_i0/dout1[8]
 mem_i0/dout1[9]
 mem_i1/dout1[0]
 mem_i1/dout1[10]
 mem_i1/dout1[11]
 mem_i1/dout1[12]
 mem_i1/dout1[13]
 mem_i1/dout1[14]
 mem_i1/dout1[15]
 mem_i1/dout1[1]
 mem_i1/dout1[2]
 mem_i1/dout1[3]
 mem_i1/dout1[4]
 mem_i1/dout1[5]
 mem_i1/dout1[6]
 mem_i1/dout1[7]
 mem_i1/dout1[8]
 mem_i1/dout1[9]
Found 0 partially unannotated drivers.

===========================================================================
max slew violation count 90
max fanout violation count 9
max cap violation count 0
============================================================================

===========================================================================
check_setup -verbose -unconstrained_endpoints -multiple_clock -no_clock -no_input_delay -loops -generated_clocks
===========================================================================
Warning: There are 8 input ports missing set_input_delay.
  denum[0]
  denum[1]
  denum[2]
  denum[3]
  num[0]
  num[1]
  num[2]
  num[3]
Warning: There are 2 unconstrained endpoints.
  mem_i0/csb1
  mem_i1/csb1
