
===========================================================================
report_checks -unconstrained
===========================================================================
======================= min_ss_100C_1v60 Corner ===================================

Startpoint: rst (input port clocked by clk)
Endpoint: _588_ (recovery check against rising-edge clock clk)
Path Group: asynchronous
Path Type: max

Fanout         Cap        Slew       Delay        Time   Description
---------------------------------------------------------------------------------------------
                                  0.000000    0.000000   clock clk (rise edge)
                                  0.000000    0.000000   clock network delay (propagated)
                                  2.500000    2.500000 v input external delay
     2    0.003737    0.022099    0.012171    2.512171 v rst (in)
                                                         rst (net)
                      0.022099    0.000000    2.512171 v input50/A (sky130_fd_sc_hd__buf_2)
     7    0.040017    0.188789    0.339108    2.851279 v input50/X (sky130_fd_sc_hd__buf_2)
                                                         net50 (net)
                      0.188920    0.004558    2.855838 v fanout103/A (sky130_fd_sc_hd__clkbuf_2)
     5    0.022452    0.163610    0.335867    3.191704 v fanout103/X (sky130_fd_sc_hd__clkbuf_2)
                                                         net103 (net)
                      0.163610    0.000307    3.192011 v fanout102/A (sky130_fd_sc_hd__buf_4)
    10    0.051703    0.137021    0.378817    3.570828 v fanout102/X (sky130_fd_sc_hd__buf_4)
                                                         net102 (net)
                      0.137031    0.001269    3.572097 v _304_/A (sky130_fd_sc_hd__inv_2)
     1    0.005594    0.064174    0.109670    3.681767 ^ _304_/Y (sky130_fd_sc_hd__inv_2)
                                                         _025_ (net)
                      0.064174    0.000093    3.681860 ^ _588_/RESET_B (sky130_fd_sc_hd__dfrtp_1)
                                              3.681860   data arrival time

                                  5.000000    5.000000   clock clk (rise edge)
                                  0.000000    5.000000   clock source latency
     2    0.042585    0.308357    0.216115    5.216115 ^ clk (in)
                                                         clk (net)
                      0.308478    0.000000    5.216115 ^ clkbuf_0_clk/A (sky130_fd_sc_hd__clkbuf_16)
    17    0.145501    0.240793    0.466892    5.683007 ^ clkbuf_0_clk/X (sky130_fd_sc_hd__clkbuf_16)
                                                         clknet_0_clk (net)
                      0.240798    0.000975    5.683981 ^ clkbuf_3_1__f_clk/A (sky130_fd_sc_hd__clkbuf_16)
    10    0.027132    0.076815    0.309214    5.993195 ^ clkbuf_3_1__f_clk/X (sky130_fd_sc_hd__clkbuf_16)
                                                         clknet_3_1__leaf_clk (net)
                      0.076816    0.000326    5.993521 ^ _588_/CLK (sky130_fd_sc_hd__dfrtp_1)
                                 -0.005000    5.988521   clock uncertainty
                                  0.000000    5.988521   clock reconvergence pessimism
                                  0.467008    6.455529   library recovery time
                                              6.455529   data required time
---------------------------------------------------------------------------------------------
                                              6.455529   data required time
                                             -3.681860   data arrival time
---------------------------------------------------------------------------------------------
                                              2.773669   slack (MET)


Startpoint: _605_ (rising edge-triggered flip-flop clocked by clk)
Endpoint: _605_ (rising edge-triggered flip-flop clocked by clk)
Path Group: clk
Path Type: max

Fanout         Cap        Slew       Delay        Time   Description
---------------------------------------------------------------------------------------------
                                  0.000000    0.000000   clock clk (rise edge)
                                  0.000000    0.000000   clock source latency
     2    0.042585    0.308357    0.216115    0.216115 ^ clk (in)
                                                         clk (net)
                      0.308478    0.000000    0.216115 ^ clkbuf_0_clk/A (sky130_fd_sc_hd__clkbuf_16)
    17    0.145501    0.240793    0.466892    0.683006 ^ clkbuf_0_clk/X (sky130_fd_sc_hd__clkbuf_16)
                                                         clknet_0_clk (net)
                      0.242387    0.015718    0.698724 ^ clkbuf_3_5__f_clk/A (sky130_fd_sc_hd__clkbuf_16)
     7    0.030660    0.081583    0.314757    1.013481 ^ clkbuf_3_5__f_clk/X (sky130_fd_sc_hd__clkbuf_16)
                                                         clknet_3_5__leaf_clk (net)
                      0.081583    0.000458    1.013938 ^ _605_/CLK (sky130_fd_sc_hd__dfrtp_1)
     2    0.005270    0.097461    0.765043    1.778982 v _605_/Q (sky130_fd_sc_hd__dfrtp_1)
                                                         tcout[1] (net)
                      0.097461    0.000067    1.779049 v load_slew100/A (sky130_fd_sc_hd__clkbuf_1)
     2    0.006202    0.084912    0.202753    1.981802 v load_slew100/X (sky130_fd_sc_hd__clkbuf_1)
                                                         net100 (net)
                      0.084912    0.000093    1.981896 v load_slew99/A (sky130_fd_sc_hd__clkbuf_1)
     4    0.015358    0.181427    0.271177    2.253073 v load_slew99/X (sky130_fd_sc_hd__clkbuf_1)
                                                         net99 (net)
                      0.181427    0.000347    2.253420 v _510_/B (sky130_fd_sc_hd__xnor2_1)
     2    0.005964    0.297988    0.337985    2.591405 ^ _510_/Y (sky130_fd_sc_hd__xnor2_1)
                                                         _262_ (net)
                      0.297988    0.000054    2.591459 ^ _511_/A (sky130_fd_sc_hd__nand2_1)
     1    0.003392    0.105737    0.185824    2.777283 v _511_/Y (sky130_fd_sc_hd__nand2_1)
                                                         _263_ (net)
                      0.105737    0.000042    2.777325 v _513_/B2 (sky130_fd_sc_hd__a221o_1)
     1    0.004376    0.109566    0.624192    3.401517 v _513_/X (sky130_fd_sc_hd__a221o_1)
                                                         _265_ (net)
                      0.109566    0.000080    3.401598 v _515_/C (sky130_fd_sc_hd__or4_4)
     2    0.006776    0.164630    0.983281    4.384878 v _515_/X (sky130_fd_sc_hd__or4_4)
                                                         _267_ (net)
                      0.164630    0.000060    4.384938 v _520_/D (sky130_fd_sc_hd__or4_4)
     5    0.018851    0.202005    0.955098    5.340035 v _520_/X (sky130_fd_sc_hd__or4_4)
                                                         _272_ (net)
                      0.202173    0.000727    5.340762 v _524_/A (sky130_fd_sc_hd__and3_1)
     1    0.004298    0.083962    0.369641    5.710403 v _524_/X (sky130_fd_sc_hd__and3_1)
                                                         _017_ (net)
                      0.083962    0.000080    5.710484 v _605_/D (sky130_fd_sc_hd__dfrtp_1)
                                              5.710484   data arrival time

                                  5.000000    5.000000   clock clk (rise edge)
                                  0.000000    5.000000   clock source latency
     2    0.042585    0.308357    0.216115    5.216115 ^ clk (in)
                                                         clk (net)
                      0.308478    0.000000    5.216115 ^ clkbuf_0_clk/A (sky130_fd_sc_hd__clkbuf_16)
    17    0.145501    0.240793    0.466892    5.683007 ^ clkbuf_0_clk/X (sky130_fd_sc_hd__clkbuf_16)
                                                         clknet_0_clk (net)
                      0.242387    0.015718    5.698724 ^ clkbuf_3_5__f_clk/A (sky130_fd_sc_hd__clkbuf_16)
     7    0.030660    0.081583    0.314757    6.013481 ^ clkbuf_3_5__f_clk/X (sky130_fd_sc_hd__clkbuf_16)
                                                         clknet_3_5__leaf_clk (net)
                      0.081583    0.000457    6.013938 ^ _605_/CLK (sky130_fd_sc_hd__dfrtp_1)
                                 -0.005000    6.008938   clock uncertainty
                                  0.000000    6.008938   clock reconvergence pessimism
                                 -0.279299    5.729639   library setup time
                                              5.729639   data required time
---------------------------------------------------------------------------------------------
                                              5.729639   data required time
                                             -5.710484   data arrival time
---------------------------------------------------------------------------------------------
                                              0.019155   slack (MET)




===========================================================================
report_checks --slack_max -0.01
============================================================================
======================= min_ss_100C_1v60 Corner ===================================

No paths found.


===========================================================================
 report_check_types -max_slew -max_cap -max_fanout -violators
============================================================================
======================= min_ss_100C_1v60 Corner ===================================

max slew

Pin                                        Limit        Slew       Slack
------------------------------------------------------------------------
mem_i/addr1[1]                          0.040000    0.438586   -0.398586 (VIOLATED)
mem_i/addr1[6]                          0.040000    0.400257   -0.360257 (VIOLATED)
mem_i/addr1[5]                          0.040000    0.398454   -0.358454 (VIOLATED)
mem_i/addr1[4]                          0.040000    0.390428   -0.350428 (VIOLATED)
mem_i/addr1[7]                          0.040000    0.330904   -0.290904 (VIOLATED)
mem_i/addr0[1]                          0.040000    0.319208   -0.279208 (VIOLATED)
mem_i/addr0[4]                          0.040000    0.305081   -0.265081 (VIOLATED)
mem_i/addr0[7]                          0.040000    0.304758   -0.264758 (VIOLATED)
mem_i/addr0[3]                          0.040000    0.304049   -0.264049 (VIOLATED)
mem_i/addr0[5]                          0.040000    0.302515   -0.262515 (VIOLATED)
mem_i/addr0[6]                          0.040000    0.302303   -0.262303 (VIOLATED)
mem_i/addr0[2]                          0.040000    0.301839   -0.261839 (VIOLATED)
mem_i/addr0[0]                          0.040000    0.280571   -0.240571 (VIOLATED)
mem_i/addr1[0]                          0.040000    0.224978   -0.184978 (VIOLATED)
mem_i/addr1[2]                          0.040000    0.218471   -0.178471 (VIOLATED)
mem_i/addr1[3]                          0.040000    0.203787   -0.163787 (VIOLATED)

max fanout

Pin                                   Limit Fanout  Slack
---------------------------------------------------------
fanout104/X                              10     21    -11 (VIOLATED)
clkbuf_0_clk/X                           10     17     -7 (VIOLATED)
clkbuf_3_0__f_clk/X                      10     15     -5 (VIOLATED)
clkbuf_3_4__f_clk/X                      10     13     -3 (VIOLATED)
clkbuf_3_7__f_clk/X                      10     13     -3 (VIOLATED)
clkbuf_3_2__f_clk/X                      10     12     -2 (VIOLATED)
clkbuf_3_3__f_clk/X                      10     11        (VIOLATED)



===========================================================================
report_parasitic_annotation -report_unannotated
============================================================================
Found 54 unannotated drivers.
 addr01[0]
 addr01[1]
 addr01[2]
 addr01[3]
 addr01[4]
 addr01[5]
 addr01[6]
 addr01[7]
 csb01
 clkload0/X
 clkload1/Y
 clkload2/X
 clkload3/Y
 clkload4/Y
 clkload5/Y
 clkload6/Y
 mem_i/dout0[0]
 mem_i/dout0[10]
 mem_i/dout0[11]
 mem_i/dout0[12]
 mem_i/dout0[13]
 mem_i/dout0[14]
 mem_i/dout0[15]
 mem_i/dout0[16]
 mem_i/dout0[17]
 mem_i/dout0[18]
 mem_i/dout0[19]
 mem_i/dout0[1]
 mem_i/dout0[20]
 mem_i/dout0[21]
 mem_i/dout0[22]
 mem_i/dout0[23]
 mem_i/dout0[24]
 mem_i/dout0[25]
 mem_i/dout0[26]
 mem_i/dout0[27]
 mem_i/dout0[28]
 mem_i/dout0[29]
 mem_i/dout0[2]
 mem_i/dout0[30]
 mem_i/dout0[31]
 mem_i/dout0[3]
 mem_i/dout0[4]
 mem_i/dout0[5]
 mem_i/dout0[6]
 mem_i/dout0[7]
 mem_i/dout0[8]
 mem_i/dout0[9]
 mem_i_113/HI
 mem_i_114/HI
 mem_i_115/LO
 mem_i_116/LO
 mem_i_117/LO
 mem_i_118/LO
Found 0 partially unannotated drivers.

===========================================================================
max slew violation count 16
max fanout violation count 7
max cap violation count 0
============================================================================

===========================================================================
check_setup -verbose -unconstrained_endpoints -multiple_clock -no_clock -no_input_delay -loops -generated_clocks
===========================================================================
Warning: There are 8 input ports missing set_input_delay.
  denum[0]
  denum[1]
  denum[2]
  denum[3]
  num[0]
  num[1]
  num[2]
  num[3]
Warning: There are 6 unconstrained endpoints.
  mem_i/csb1
  mem_i/web0
  mem_i/wmask0[0]
  mem_i/wmask0[1]
  mem_i/wmask0[2]
  mem_i/wmask0[3]
