Clock: clk
Sources: clk 
Generated: no
Virtual: yes
Propagated: no
Period: 5.000000

===========================================================================
report_clock_properties
============================================================================
Clock                   Period          Waveform
----------------------------------------------------
clk                   5.000000    0.000000  2.500000

===========================================================================
report_clock_latency
============================================================================
Clock clk
rise -> rise
    min     max
0.000000 0.000000 source latency
0.477301         network latency _080_/CLK
        0.488881 network latency _087_/CLK
---------------
0.477301 0.488881 latency
        0.011580 skew

fall -> fall
    min     max
0.000000 0.000000 source latency
0.379612         network latency _080_/CLK
        0.394965 network latency _087_/CLK
---------------
0.379612 0.394965 latency
        0.015353 skew



===========================================================================
report_clock_min_period
============================================================================
clk period_min = 1.18 fmax = 844.34
