Starting…
Running 'Verilator.Lint' at 'runs/RUN_2025-03-04_06-56-47/01-verilator-lint'…
Logging subprocess to [repr.filename]'runs/RUN_2025-03-04_06-56-47/01-verilator-lint/verilator-lint.log'[/repr.filename]…
Running 'Checker.LintTimingConstructs' at 'runs/RUN_2025-03-04_06-56-47/02-checker-linttimingconstructs'…
Check for Lint Timing Errors clear.
Running 'Checker.LintErrors' at 'runs/RUN_2025-03-04_06-56-47/03-checker-linterrors'…
Check for Lint errors clear.
Running 'Checker.LintWarnings' at 'runs/RUN_2025-03-04_06-56-47/04-checker-lintwarnings'…
14 Lint warnings found.
Running 'Yosys.JsonHeader' at 'runs/RUN_2025-03-04_06-56-47/05-yosys-jsonheader'…
Logging subprocess to [repr.filename]'runs/RUN_2025-03-04_06-56-47/05-yosys-jsonheader/yosys-jsonheader.log'[/repr.filename]…
Running 'Yosys.Synthesis' at 'runs/RUN_2025-03-04_06-56-47/06-yosys-synthesis'…
Logging subprocess to [repr.filename]'runs/RUN_2025-03-04_06-56-47/06-yosys-synthesis/yosys-synthesis.log'[/repr.filename]…
Parsing synthesis checks…
Running 'Checker.YosysUnmappedCells' at 'runs/RUN_2025-03-04_06-56-47/07-checker-yosysunmappedcells'…
Check for Unmapped Yosys instances clear.
Running 'Checker.YosysSynthChecks' at 'runs/RUN_2025-03-04_06-56-47/08-checker-yosyssynthchecks'…
Check for Yosys check errors clear.
Running 'Checker.NetlistAssignStatements' at 'runs/RUN_2025-03-04_06-56-47/09-checker-netlistassignstatements'…
Running 'OpenROAD.CheckSDCFiles' at 'runs/RUN_2025-03-04_06-56-47/10-openroad-checksdcfiles'…
'PNR_SDC_FILE' is not defined. Using generic fallback SDC for OpenROAD PnR steps.
'SIGNOFF_SDC_FILE' is not defined. Using generic fallback SDC for OpenROAD PnR steps.
Running 'OpenROAD.CheckMacroInstances' at 'runs/RUN_2025-03-04_06-56-47/11-openroad-checkmacroinstances'…
Logging subprocess to [repr.filename]'runs/RUN_2025-03-04_06-56-47/11-openroad-checkmacroinstances/openroad-checkmacroinstances.log'[/repr.filename]…
Running 'OpenROAD.STAPrePNR' at 'runs/RUN_2025-03-04_06-56-47/12-openroad-staprepnr'…
Starting STA for the nom_tt_025C_1v80 timing corner…
Starting STA for the nom_ss_100C_1v60 timing corner…
Starting STA for the nom_ff_n40C_1v95 timing corner…
Skipping corner min_tt_025C_1v80 for STA (identical to nom_tt_025C_1v80 at this stage)…
Skipping corner min_ss_100C_1v60 for STA (identical to nom_ss_100C_1v60 at this stage)…
Skipping corner min_ff_n40C_1v95 for STA (identical to nom_ff_n40C_1v95 at this stage)…
Skipping corner max_tt_025C_1v80 for STA (identical to nom_tt_025C_1v80 at this stage)…
Logging subprocess to [repr.filename]'runs/RUN_2025-03-04_06-56-47/12-openroad-staprepnr/nom_ss_100C_1v60/sta.log'[/repr.filename]…
Skipping corner max_ss_100C_1v60 for STA (identical to nom_ss_100C_1v60 at this stage)…
Logging subprocess to [repr.filename]'runs/RUN_2025-03-04_06-56-47/12-openroad-staprepnr/nom_tt_025C_1v80/sta.log'[/repr.filename]…
Skipping corner max_ff_n40C_1v95 for STA (identical to nom_ff_n40C_1v95 at this stage)…
Logging subprocess to [repr.filename]'runs/RUN_2025-03-04_06-56-47/12-openroad-staprepnr/nom_ff_n40C_1v95/sta.log'[/repr.filename]…
Finished STA for the nom_ss_100C_1v60 timing corner.
Finished STA for the nom_ff_n40C_1v95 timing corner.
Finished STA for the nom_tt_025C_1v80 timing corner.
Running 'OpenROAD.Floorplan' at 'runs/RUN_2025-03-04_06-56-47/13-openroad-floorplan'…
Logging subprocess to [repr.filename]'runs/RUN_2025-03-04_06-56-47/13-openroad-floorplan/openroad-floorplan.log'[/repr.filename]…
[STA-1140] /home/thanh/NCO/ram256x16/ram256x16_TT_1p8V_25C.lib line 1, library ram256x16_TT_1p8V_25C_lib already exists.
Running 'Odb.CheckMacroAntennaProperties' at 'runs/RUN_2025-03-04_06-56-47/14-odb-checkmacroantennaproperties'…
Logging subprocess to [repr.filename]'runs/RUN_2025-03-04_06-56-47/14-odb-checkmacroantennaproperties/odb-checkmacroantennaproperties.log'[/repr.filename]…
Cell 'ram256x16' has (36) input pin(s) without antenna gate information. They might not be connected to a gate.
Cell 'ram256x16' has (16) output pin(s) without antenna diffusion information. They might not be driven.
Running 'Odb.SetPowerConnections' at 'runs/RUN_2025-03-04_06-56-47/15-odb-setpowerconnections'…
Logging subprocess to [repr.filename]'runs/RUN_2025-03-04_06-56-47/15-odb-setpowerconnections/odb-setpowerconnections.log'[/repr.filename]…
Running 'Odb.ManualMacroPlacement' at 'runs/RUN_2025-03-04_06-56-47/16-odb-manualmacroplacement'…
Logging subprocess to [repr.filename]'runs/RUN_2025-03-04_06-56-47/16-odb-manualmacroplacement/odb-manualmacroplacement.log'[/repr.filename]…
Running 'OpenROAD.CutRows' at 'runs/RUN_2025-03-04_06-56-47/17-openroad-cutrows'…
Logging subprocess to [repr.filename]'runs/RUN_2025-03-04_06-56-47/17-openroad-cutrows/openroad-cutrows.log'[/repr.filename]…
[STA-1140] /home/thanh/NCO/ram256x16/ram256x16_TT_1p8V_25C.lib line 1, library ram256x16_TT_1p8V_25C_lib already exists.
Running 'OpenROAD.TapEndcapInsertion' at 'runs/RUN_2025-03-04_06-56-47/18-openroad-tapendcapinsertion'…
Logging subprocess to [repr.filename]'runs/RUN_2025-03-04_06-56-47/18-openroad-tapendcapinsertion/openroad-tapendcapinsertion.log'[/repr.filename]…
[STA-1140] /home/thanh/NCO/ram256x16/ram256x16_TT_1p8V_25C.lib line 1, library ram256x16_TT_1p8V_25C_lib already exists.
Running 'Odb.AddPDNObstructions' at 'runs/RUN_2025-03-04_06-56-47/19-odb-addpdnobstructions'…
'PDN_OBSTRUCTIONS' is not defined. Skipping 'Odb.AddPDNObstructions'…
Running 'OpenROAD.GeneratePDN' at 'runs/RUN_2025-03-04_06-56-47/20-openroad-generatepdn'…
'FP_PDN_CFG' not explicitly set, setting it to /nix/store/ss2cw3sxbrwwx9jl0rrppbw4kgcmgi2n-python3-3.11.9-env/lib/python3.11/site-packages/openlane/scripts/openroad/common/pdn_cfg.tcl…
Logging subprocess to [repr.filename]'runs/RUN_2025-03-04_06-56-47/20-openroad-generatepdn/openroad-generatepdn.log'[/repr.filename]…
[STA-1140] /home/thanh/NCO/ram256x16/ram256x16_TT_1p8V_25C.lib line 1, library ram256x16_TT_1p8V_25C_lib already exists.
Running 'Odb.RemovePDNObstructions' at 'runs/RUN_2025-03-04_06-56-47/21-odb-removepdnobstructions'…
'PDN_OBSTRUCTIONS' is not defined. Skipping 'Odb.RemovePDNObstructions'…
Running 'Odb.AddRoutingObstructions' at 'runs/RUN_2025-03-04_06-56-47/22-odb-addroutingobstructions'…
'ROUTING_OBSTRUCTIONS' is not defined. Skipping 'Odb.AddRoutingObstructions'…
Running 'OpenROAD.GlobalPlacementSkipIO' at 'runs/RUN_2025-03-04_06-56-47/23-openroad-globalplacementskipio'…
'PL_TARGET_DENSITY_PCT' not explicitly set, using dynamically calculated target density: 75.58600…
Logging subprocess to [repr.filename]'runs/RUN_2025-03-04_06-56-47/23-openroad-globalplacementskipio/openroad-globalplacementskipio.log'[/repr.filename]…
[STA-1140] /home/thanh/NCO/ram256x16/ram256x16_TT_1p8V_25C.lib line 1, library ram256x16_TT_1p8V_25C_lib already exists.
Running 'OpenROAD.IOPlacement' at 'runs/RUN_2025-03-04_06-56-47/24-openroad-ioplacement'…
Logging subprocess to [repr.filename]'runs/RUN_2025-03-04_06-56-47/24-openroad-ioplacement/openroad-ioplacement.log'[/repr.filename]…
[STA-1140] /home/thanh/NCO/ram256x16/ram256x16_TT_1p8V_25C.lib line 1, library ram256x16_TT_1p8V_25C_lib already exists.
Running 'Odb.CustomIOPlacement' at 'runs/RUN_2025-03-04_06-56-47/25-odb-customioplacement'…
No custom floorplan file configured, skipping…
Running 'Odb.ApplyDEFTemplate' at 'runs/RUN_2025-03-04_06-56-47/26-odb-applydeftemplate'…
No DEF template provided, skipping…
Running 'OpenROAD.GlobalPlacement' at 'runs/RUN_2025-03-04_06-56-47/27-openroad-globalplacement'…
'PL_TARGET_DENSITY_PCT' not explicitly set, using dynamically calculated target density: 75.58600…
Logging subprocess to [repr.filename]'runs/RUN_2025-03-04_06-56-47/27-openroad-globalplacement/openroad-globalplacement.log'[/repr.filename]…
[STA-1140] /home/thanh/NCO/ram256x16/ram256x16_TT_1p8V_25C.lib line 1, library ram256x16_TT_1p8V_25C_lib already exists.
Running 'Odb.WriteVerilogHeader' at 'runs/RUN_2025-03-04_06-56-47/28-odb-writeverilogheader'…
Logging subprocess to [repr.filename]'runs/RUN_2025-03-04_06-56-47/28-odb-writeverilogheader/odb-writeverilogheader.log'[/repr.filename]…
Running 'Checker.PowerGridViolations' at 'runs/RUN_2025-03-04_06-56-47/29-checker-powergridviolations'…
Check for power grid violations (as reported by OpenROAD PSM- you may ignore these if LVS passes) clear.
Running 'OpenROAD.STAMidPNR' at 'runs/RUN_2025-03-04_06-56-47/30-openroad-stamidpnr'…
Logging subprocess to [repr.filename]'runs/RUN_2025-03-04_06-56-47/30-openroad-stamidpnr/openroad-stamidpnr.log'[/repr.filename]…
[STA-1140] /home/thanh/NCO/ram256x16/ram256x16_TT_1p8V_25C.lib line 1, library ram256x16_TT_1p8V_25C_lib already exists.
[GRT-0097] No global routing found for nets.
Running 'OpenROAD.RepairDesignPostGPL' at 'runs/RUN_2025-03-04_06-56-47/31-openroad-repairdesignpostgpl'…
Logging subprocess to [repr.filename]'runs/RUN_2025-03-04_06-56-47/31-openroad-repairdesignpostgpl/openroad-repairdesignpostgpl.log'[/repr.filename]…
[STA-1140] /home/thanh/NCO/ram256x16/ram256x16_TT_1p8V_25C.lib line 1, library ram256x16_TT_1p8V_25C_lib already exists.
[STA-1140] /home/thanh/NCO/ram256x16/ram256x16_TT_1p8V_25C.lib line 1, library ram256x16_TT_1p8V_25C_lib already exists.
[RSZ-0090] Max transition time from SDC is 0.040ns. Best achievable transition time is 0.043ns with a load of 0.01pF
