Clock: clk
Sources: clk 
Generated: no
Virtual: yes
Propagated: no
Period: 5.100000

===========================================================================
report_clock_properties
============================================================================
Clock                   Period          Waveform
----------------------------------------------------
clk                   5.100000    0.000000  2.550000

===========================================================================
report_clock_latency
============================================================================
Clock clk
rise -> rise
    min     max
0.000000 0.000000 source latency
0.886241         network latency _584_/CLK
        0.915219 network latency _636_/CLK
---------------
0.886241 0.915219 latency
        0.028978 skew

fall -> fall
    min     max
0.000000 0.000000 source latency
0.442608         network latency _584_/CLK
        0.469765 network latency _636_/CLK
---------------
0.442608 0.469765 latency
        0.027157 skew



===========================================================================
report_clock_min_period
============================================================================
clk period_min = 2.94 fmax = 339.69
