103. Printing statistics.

=== counter ===

   Number of wires:                379
   Number of wire bits:            444
   Number of public wires:          86
   Number of public wire bits:     151
   Number of ports:                 11
   Number of port bits:             76
   Number of memories:               0
   Number of memory bits:            0
   Number of processes:              0
   Number of cells:                354
     ram256x16                       2
     sky130_fd_sc_hd__a2111o_2       2
     sky130_fd_sc_hd__a211o_2        7
     sky130_fd_sc_hd__a211oi_2       1
     sky130_fd_sc_hd__a21bo_2        3
     sky130_fd_sc_hd__a21boi_2       1
     sky130_fd_sc_hd__a21o_2        11
     sky130_fd_sc_hd__a21oi_2       17
     sky130_fd_sc_hd__a221o_2        3
     sky130_fd_sc_hd__a22o_2         2
     sky130_fd_sc_hd__a311o_2        2
     sky130_fd_sc_hd__a311oi_2       1
     sky130_fd_sc_hd__a31o_2         4
     sky130_fd_sc_hd__a31oi_2        2
     sky130_fd_sc_hd__and2_2        14
     sky130_fd_sc_hd__and2b_2        4
     sky130_fd_sc_hd__and3_2        18
     sky130_fd_sc_hd__and4_2         3
     sky130_fd_sc_hd__conb_1         2
     sky130_fd_sc_hd__dfrtp_2       25
     sky130_fd_sc_hd__dfxtp_2       34
     sky130_fd_sc_hd__inv_2         39
     sky130_fd_sc_hd__mux2_1        30
     sky130_fd_sc_hd__nand2_2       27
     sky130_fd_sc_hd__nand2b_2       2
     sky130_fd_sc_hd__nand3_2        3
     sky130_fd_sc_hd__nand3b_2       2
     sky130_fd_sc_hd__nand4_2        2
     sky130_fd_sc_hd__nor2_2        13
     sky130_fd_sc_hd__o211a_2        2
     sky130_fd_sc_hd__o21a_2         2
     sky130_fd_sc_hd__o21ai_2        2
     sky130_fd_sc_hd__o21ba_2        4
     sky130_fd_sc_hd__o21bai_2       2
     sky130_fd_sc_hd__o221a_2        1
     sky130_fd_sc_hd__o2bb2a_2       3
     sky130_fd_sc_hd__o311a_2        1
     sky130_fd_sc_hd__o31a_2         1
     sky130_fd_sc_hd__o31ai_2        1
     sky130_fd_sc_hd__o32a_2         2
     sky130_fd_sc_hd__or2_2         17
     sky130_fd_sc_hd__or3_2          1
     sky130_fd_sc_hd__or3b_2         2
     sky130_fd_sc_hd__or4_2          4
     sky130_fd_sc_hd__or4b_2         1
     sky130_fd_sc_hd__xnor2_2       29
     sky130_fd_sc_hd__xor2_2         3

   Area for cell type \ram256x16 is unknown!

   Chip area for module '\counter': 3983.820800
     of which used for sequential elements: 1380.073600 (34.64%)

