Clock: clk
Sources: clk 
Generated: no
Virtual: yes
Propagated: no
Period: 5.000000

===========================================================================
report_clock_properties
============================================================================
Clock                   Period          Waveform
----------------------------------------------------
clk                   5.000000    0.000000  2.500000

===========================================================================
report_clock_latency
============================================================================
Clock clk
rise -> rise
    min     max
0.000000 0.000000 source latency
0.537486         network latency _091_/CLK
        0.544548 network latency _097_/CLK
---------------
0.537486 0.544548 latency
        0.007062 skew

fall -> fall
    min     max
0.000000 0.000000 source latency
0.448306         network latency _091_/CLK
        0.452978 network latency _097_/CLK
---------------
0.448306 0.452978 latency
        0.004672 skew



===========================================================================
report_clock_min_period
============================================================================
clk period_min = 1.61 fmax = 621.00
