
===========================================================================
report_checks -unconstrained
===========================================================================
======================= min_ss_100C_1v60 Corner ===================================

Startpoint: rst (input port clocked by clk)
Endpoint: _796_ (recovery check against rising-edge clock clk)
Path Group: asynchronous
Path Type: max

Fanout         Cap        Slew       Delay        Time   Description
---------------------------------------------------------------------------------------------
                                  0.000000    0.000000   clock clk (rise edge)
                                  0.000000    0.000000   clock network delay (propagated)
                                  2.000000    2.000000 v input external delay
     1    0.002651    0.017895    0.008743    2.008743 v rst (in)
                                                         rst (net)
                      0.017895    0.000000    2.008743 v input1/A (sky130_fd_sc_hd__clkbuf_4)
     8    0.045443    0.174036    0.328783    2.337526 v input1/X (sky130_fd_sc_hd__clkbuf_4)
                                                         net1 (net)
                      0.174039    0.001019    2.338545 v _788_/A (sky130_fd_sc_hd__inv_2)
     1    0.004539    0.065490    0.116847    2.455391 ^ _788_/Y (sky130_fd_sc_hd__inv_2)
                                                         _014_ (net)
                      0.065490    0.000050    2.455442 ^ _796_/RESET_B (sky130_fd_sc_hd__dfrtp_1)
                                              2.455442   data arrival time

                                 10.000000   10.000000   clock clk (rise edge)
                                  0.000000   10.000000   clock source latency
     1    0.009336    0.076584    0.049084   10.049085 ^ clk (in)
                                                         clk (net)
                      0.076585    0.000000   10.049085 ^ clkbuf_0_clk/A (sky130_fd_sc_hd__clkbuf_16)
     2    0.019325    0.066584    0.223603   10.272688 ^ clkbuf_0_clk/X (sky130_fd_sc_hd__clkbuf_16)
                                                         clknet_0_clk (net)
                      0.066584    0.000250   10.272938 ^ clkbuf_1_1__f_clk/A (sky130_fd_sc_hd__clkbuf_16)
     4    0.010464    0.055511    0.206509   10.479446 ^ clkbuf_1_1__f_clk/X (sky130_fd_sc_hd__clkbuf_16)
                                                         clknet_1_1__leaf_clk (net)
                      0.055511    0.000054   10.479500 ^ _796_/CLK (sky130_fd_sc_hd__dfrtp_1)
                                 -0.250000   10.229500   clock uncertainty
                                  0.000000   10.229500   clock reconvergence pessimism
                                  0.459429   10.688930   library recovery time
                                             10.688930   data required time
---------------------------------------------------------------------------------------------
                                             10.688930   data required time
                                             -2.455442   data arrival time
---------------------------------------------------------------------------------------------
                                              8.233487   slack (MET)


Startpoint: _793_ (rising edge-triggered flip-flop clocked by clk)
Endpoint: sine_out[11] (output port clocked by clk)
Path Group: clk
Path Type: max

Fanout         Cap        Slew       Delay        Time   Description
---------------------------------------------------------------------------------------------
                                  0.000000    0.000000   clock clk (rise edge)
                                  0.000000    0.000000   clock source latency
     1    0.009336    0.076584    0.049084    0.049084 ^ clk (in)
                                                         clk (net)
                      0.076585    0.000000    0.049084 ^ clkbuf_0_clk/A (sky130_fd_sc_hd__clkbuf_16)
     2    0.019325    0.066584    0.223603    0.272687 ^ clkbuf_0_clk/X (sky130_fd_sc_hd__clkbuf_16)
                                                         clknet_0_clk (net)
                      0.066584    0.000203    0.272890 ^ clkbuf_1_0__f_clk/A (sky130_fd_sc_hd__clkbuf_16)
     4    0.012609    0.058212    0.209545    0.482435 ^ clkbuf_1_0__f_clk/X (sky130_fd_sc_hd__clkbuf_16)
                                                         clknet_1_0__leaf_clk (net)
                      0.058212    0.000157    0.482592 ^ _793_/CLK (sky130_fd_sc_hd__dfrtp_1)
     1    0.001719    0.067757    0.709899    1.192491 v _793_/Q (sky130_fd_sc_hd__dfrtp_1)
                                                         tcout[3] (net)
                      0.067757    0.000014    1.192505 v fanout60/A (sky130_fd_sc_hd__dlymetal6s2s_1)
     5    0.019496    0.205875    0.397541    1.590047 v fanout60/X (sky130_fd_sc_hd__dlymetal6s2s_1)
                                                         net60 (net)
                      0.205875    0.000135    1.590182 v fanout57/A (sky130_fd_sc_hd__buf_2)
    10    0.033742    0.163941    0.408208    1.998390 v fanout57/X (sky130_fd_sc_hd__buf_2)
                                                         net57 (net)
                      0.163941    0.000583    1.998972 v fanout56/A (sky130_fd_sc_hd__buf_2)
    10    0.035420    0.170449    0.393542    2.392515 v fanout56/X (sky130_fd_sc_hd__buf_2)
                                                         net56 (net)
                      0.170449    0.000395    2.392910 v _391_/A (sky130_fd_sc_hd__inv_2)
     1    0.003869    0.060706    0.110130    2.503039 ^ _391_/Y (sky130_fd_sc_hd__inv_2)
                                                         _335_ (net)
                      0.060706    0.000063    2.503102 ^ fanout28/A (sky130_fd_sc_hd__buf_2)
     9    0.052167    0.405194    0.433676    2.936778 ^ fanout28/X (sky130_fd_sc_hd__buf_2)
                                                         net28 (net)
                      0.405194    0.000114    2.936893 ^ fanout27/A (sky130_fd_sc_hd__buf_2)
    10    0.041671    0.328036    0.525052    3.461945 ^ fanout27/X (sky130_fd_sc_hd__buf_2)
                                                         net27 (net)
                      0.328036    0.000863    3.462808 ^ _738_/A1 (sky130_fd_sc_hd__o32a_1)
     1    0.001463    0.068703    0.372503    3.835311 ^ _738_/X (sky130_fd_sc_hd__o32a_1)
                                                         _297_ (net)
                      0.068703    0.000006    3.835318 ^ _739_/C_N (sky130_fd_sc_hd__or3b_1)
     1    0.002553    0.137463    0.783470    4.618787 v _739_/X (sky130_fd_sc_hd__or3b_1)
                                                         _298_ (net)
                      0.137463    0.000020    4.618808 v _743_/A2 (sky130_fd_sc_hd__a31oi_1)
     1    0.008488    0.391323    0.433724    5.052532 ^ _743_/Y (sky130_fd_sc_hd__a31oi_1)
                                                         _302_ (net)
                      0.391323    0.000097    5.052629 ^ _749_/C1 (sky130_fd_sc_hd__a211o_1)
     1    0.012104    0.185975    0.368641    5.421270 ^ _749_/X (sky130_fd_sc_hd__a211o_1)
                                                         _308_ (net)
                      0.185975    0.000220    5.421490 ^ _750_/S (sky130_fd_sc_hd__mux2_1)
     1    0.002022    0.104397    0.726451    6.147941 v _750_/X (sky130_fd_sc_hd__mux2_1)
                                                         net4 (net)
                      0.104397    0.000018    6.147958 v output4/A (sky130_fd_sc_hd__buf_2)
     1    0.034049    0.164894    0.360556    6.508514 v output4/X (sky130_fd_sc_hd__buf_2)
                                                         sine_out[11] (net)
                      0.164894    0.000200    6.508715 v sine_out[11] (out)
                                              6.508715   data arrival time

                                 10.000000   10.000000   clock clk (rise edge)
                                  0.000000   10.000000   clock network delay (propagated)
                                 -0.250000    9.750000   clock uncertainty
                                  0.000000    9.750000   clock reconvergence pessimism
                                 -2.000000    7.750000   output external delay
                                              7.750000   data required time
---------------------------------------------------------------------------------------------
                                              7.750000   data required time
                                             -6.508715   data arrival time
---------------------------------------------------------------------------------------------
                                              1.241285   slack (MET)




===========================================================================
report_checks --slack_max -0.01
============================================================================
======================= min_ss_100C_1v60 Corner ===================================

No paths found.


===========================================================================
 report_check_types -max_slew -max_cap -max_fanout -violators
============================================================================
======================= min_ss_100C_1v60 Corner ===================================

max slew

Pin                                        Limit        Slew       Slack
------------------------------------------------------------------------
_736_/C                                 0.750000    0.794774   -0.044774 (VIOLATED)
_684_/A                                 0.750000    0.794774   -0.044774 (VIOLATED)
_672_/A2                                0.750000    0.794774   -0.044774 (VIOLATED)
_668_/A3                                0.750000    0.794774   -0.044774 (VIOLATED)
_456_/A1                                0.750000    0.794774   -0.044774 (VIOLATED)
_450_/Y                                 0.750000    0.794773   -0.044773 (VIOLATED)
_628_/A1                                0.750000    0.794773   -0.044773 (VIOLATED)
_655_/B                                 0.750000    0.794773   -0.044773 (VIOLATED)
_760_/A2                                0.750000    0.794773   -0.044773 (VIOLATED)



===========================================================================
report_parasitic_annotation -report_unannotated
============================================================================
Found 0 unannotated drivers.
Found 0 partially unannotated drivers.

===========================================================================
max slew violation count 9
max fanout violation count 0
max cap violation count 0
============================================================================

===========================================================================
check_setup -verbose -unconstrained_endpoints -multiple_clock -no_clock -no_input_delay -loops -generated_clocks
===========================================================================
