Clock: clk
Sources: clk 
Generated: no
Virtual: yes
Propagated: no
Period: 10.000000

===========================================================================
report_clock_properties
============================================================================
Clock                   Period          Waveform
----------------------------------------------------
clk                  10.000000    0.000000  5.000000

===========================================================================
report_clock_latency
============================================================================
Clock clk
rise -> rise
    min     max
0.000000 0.000000 source latency
0.479499         network latency _797_/CLK
        0.482635 network latency _794_/CLK
---------------
0.479499 0.482635 latency
        0.003135 skew

fall -> fall
    min     max
0.000000 0.000000 source latency
0.505658         network latency _797_/CLK
        0.508308 network latency _794_/CLK
---------------
0.505658 0.508308 latency
        0.002650 skew



===========================================================================
report_clock_min_period
============================================================================
clk period_min = 4.15 fmax = 241.05
