[WARNING ORD-0039] .openroad ignored with -python
Unannotated report:
['report_parasitic_annotation -report_unannotated\n',
 '============================================================================\n',
 'Found 2 unannotated drivers.\n',
 ' clkload0/X\n',
 ' mem_i_21/HI\n',
 'Found 32 partially unannotated drivers.\n',
 ' addr0[0]\n',
 '  mem_i/addr0[7]\n',
 ' addr0[1]\n',
 '  mem_i/addr0[6]\n',
 ' addr0[2]\n',
 '  mem_i/addr0[5]\n',
 ' addr0[3]\n',
 '  mem_i/addr0[4]\n',
 ' addr0[4]\n',
 '  mem_i/addr0[3]\n',
 ' addr0[5]\n',
 '  mem_i/addr0[2]\n',
 ' addr0[6]\n',
 '  mem_i/addr0[1]\n',
 ' addr0[7]\n',
 '  mem_i/addr0[0]\n',
 ' din0[0]\n',
 '  mem_i/din0[15]\n',
 ' din0[10]\n',
 '  mem_i/din0[5]\n',
 ' din0[11]\n',
 '  mem_i/din0[4]\n',
 ' din0[12]\n',
 '  mem_i/din0[3]\n',
 ' din0[13]\n',
 '  mem_i/din0[2]\n',
 ' din0[14]\n',
 '  mem_i/din0[1]\n',
 ' din0[15]\n',
 '  mem_i/din0[0]\n',
 ' din0[1]\n',
 '  mem_i/din0[14]\n',
 ' din0[2]\n',
 '  mem_i/din0[13]\n',
 ' din0[3]\n',
 '  mem_i/din0[12]\n',
 ' din0[4]\n',
 '  mem_i/din0[11]\n',
 ' din0[5]\n',
 '  mem_i/din0[10]\n',
 ' din0[6]\n',
 '  mem_i/din0[9]\n',
 ' din0[7]\n',
 '  mem_i/din0[8]\n',
 ' din0[8]\n',
 '  mem_i/din0[7]\n',
 ' din0[9]\n',
 '  mem_i/din0[6]\n',
 ' _089_/Q\n',
 '  mem_i/addr1[7]\n',
 ' _090_/Q\n',
 '  mem_i/addr1[6]\n',
 ' _091_/Q\n',
 '  mem_i/addr1[5]\n',
 ' _092_/Q\n',
 '  mem_i/addr1[4]\n',
 ' _093_/Q\n',
 '  mem_i/addr1[3]\n',
 ' _094_/Q\n',
 '  mem_i/addr1[2]\n',
 ' _095_/Q\n',
 '  mem_i/addr1[1]\n',
 ' _096_/Q\n',
 '  mem_i/addr1[0]\n',
 '\n']
Reported nets:
['clkload0/X',
 'mem_i_21/HI',
 'addr0[0]',
 'addr0[1]',
 'addr0[2]',
 'addr0[3]',
 'addr0[4]',
 'addr0[5]',
 'addr0[6]',
 'addr0[7]',
 'din0[0]',
 'din0[10]',
 'din0[11]',
 'din0[12]',
 'din0[13]',
 'din0[14]',
 'din0[15]',
 'din0[1]',
 'din0[2]',
 'din0[3]',
 'din0[4]',
 'din0[5]',
 'din0[6]',
 'din0[7]',
 'din0[8]',
 'din0[9]',
 '_089_/Q',
 '_090_/Q',
 '_091_/Q',
 '_092_/Q',
 '_093_/Q',
 '_094_/Q',
 '_095_/Q',
 '_096_/Q']
Filtered nets:
[Net(name='addr0[0]', bterms=[BTerm(name='addr0[0]', type='INPUT')]),
 Net(name='addr0[1]', bterms=[BTerm(name='addr0[1]', type='INPUT')]),
 Net(name='addr0[2]', bterms=[BTerm(name='addr0[2]', type='INPUT')]),
 Net(name='addr0[3]', bterms=[BTerm(name='addr0[3]', type='INPUT')]),
 Net(name='addr0[4]', bterms=[BTerm(name='addr0[4]', type='INPUT')]),
 Net(name='addr0[5]', bterms=[BTerm(name='addr0[5]', type='INPUT')]),
 Net(name='addr0[6]', bterms=[BTerm(name='addr0[6]', type='INPUT')]),
 Net(name='addr0[7]', bterms=[BTerm(name='addr0[7]', type='INPUT')]),
 Net(name='din0[0]', bterms=[BTerm(name='din0[0]', type='INPUT')]),
 Net(name='din0[10]', bterms=[BTerm(name='din0[10]', type='INPUT')]),
 Net(name='din0[11]', bterms=[BTerm(name='din0[11]', type='INPUT')]),
 Net(name='din0[12]', bterms=[BTerm(name='din0[12]', type='INPUT')]),
 Net(name='din0[13]', bterms=[BTerm(name='din0[13]', type='INPUT')]),
 Net(name='din0[14]', bterms=[BTerm(name='din0[14]', type='INPUT')]),
 Net(name='din0[15]', bterms=[BTerm(name='din0[15]', type='INPUT')]),
 Net(name='din0[1]', bterms=[BTerm(name='din0[1]', type='INPUT')]),
 Net(name='din0[2]', bterms=[BTerm(name='din0[2]', type='INPUT')]),
 Net(name='din0[3]', bterms=[BTerm(name='din0[3]', type='INPUT')]),
 Net(name='din0[4]', bterms=[BTerm(name='din0[4]', type='INPUT')]),
 Net(name='din0[5]', bterms=[BTerm(name='din0[5]', type='INPUT')]),
 Net(name='din0[6]', bterms=[BTerm(name='din0[6]', type='INPUT')]),
 Net(name='din0[7]', bterms=[BTerm(name='din0[7]', type='INPUT')]),
 Net(name='din0[8]', bterms=[BTerm(name='din0[8]', type='INPUT')]),
 Net(name='din0[9]', bterms=[BTerm(name='din0[9]', type='INPUT')])]
done
