Clock: clk
Sources: clk 
Generated: no
Virtual: yes
Propagated: no
Period: 5.100000

===========================================================================
report_clock_properties
============================================================================
Clock                   Period          Waveform
----------------------------------------------------
clk                   5.100000    0.000000  2.550000

===========================================================================
report_clock_latency
============================================================================
Clock clk
rise -> rise
    min     max
0.000000 0.000000 source latency
1.316351         network latency mem_i0/clk1
        1.371641 network latency _128_/CLK
---------------
1.316351 1.371641 latency
        0.055289 skew

fall -> fall
    min     max
0.000000 0.000000 source latency
1.076724         network latency mem_i0/clk1
        1.120313 network latency _128_/CLK
---------------
1.076724 1.120313 latency
        0.043590 skew



===========================================================================
report_clock_min_period
============================================================================
clk period_min = 3.46 fmax = 289.43
