Reading OpenROAD database at '/home/thanh/NCO/runs/RUN_2025-03-03_15-53-39/47-odb-reportdisconnectedpins/counter.odb'…
Reading library file at '/home/thanh/.volare/volare/sky130/versions/0fe599b2afb6708d281543108caf8310912f54af/sky130A/libs.ref/sky130_fd_sc_hd/lib/sky130_fd_sc_hd__tt_025C_1v80.lib'…
Reading design constraints file at '/nix/store/ss2cw3sxbrwwx9jl0rrppbw4kgcmgi2n-python3-3.11.9-env/lib/python3.11/site-packages/openlane/scripts/base.sdc'…
[INFO] Using clock clk…
[INFO] Setting output delay to: 2
[INFO] Setting input delay to: 2
[INFO] Setting load to: 0.033442
[INFO] Setting clock uncertainty to: 0.25
[INFO] Setting clock transition to: 0.1499999999999999944488848768742172978818416595458984375
[INFO] Setting timing derate to: 5%
sky130_ef_sc_hd__decap_12 sky130_fd_sc_hd__decap_8 sky130_fd_sc_hd__decap_6 sky130_fd_sc_hd__decap_4 sky130_fd_sc_hd__decap_3 sky130_fd_sc_hd__fill*
[INFO DPL-0001] Placed 9280 filler instances.
Setting global connections for newly added cells…
[INFO] Setting global connections...
mem_i matched with mem_i
Updating metrics…
Cell type report:                       Count       Area
  Macro                                     1  123515.34
  Fill cell                              9858  106766.15
  Tap cell                               1501    1878.05
  Antenna cell                             17      42.54
  Clock buffer                              4      88.84
  Timing Repair Buffer                     25     162.66
  Inverter                                 25      93.84
  Sequential cell                          24     611.84
  Multi-Input combinational cell           15      96.34
  Total                                 11470  233255.59
Writing OpenROAD database to '/home/thanh/NCO/runs/RUN_2025-03-03_15-53-39/51-openroad-fillinsertion/counter.odb'…
Writing netlist to '/home/thanh/NCO/runs/RUN_2025-03-03_15-53-39/51-openroad-fillinsertion/counter.nl.v'…
Writing powered netlist to '/home/thanh/NCO/runs/RUN_2025-03-03_15-53-39/51-openroad-fillinsertion/counter.pnl.v'…
Writing layout to '/home/thanh/NCO/runs/RUN_2025-03-03_15-53-39/51-openroad-fillinsertion/counter.def'…
Writing timing constraints to '/home/thanh/NCO/runs/RUN_2025-03-03_15-53-39/51-openroad-fillinsertion/counter.sdc'…
