Clock: clk
Sources: clk 
Generated: no
Virtual: yes
Propagated: no
Period: 5.000000

===========================================================================
report_clock_properties
============================================================================
Clock                   Period          Waveform
----------------------------------------------------
clk                   5.000000    0.000000  2.500000

===========================================================================
report_clock_latency
============================================================================
Clock clk
rise -> rise
    min     max
0.000000 0.000000 source latency
1.135835         network latency _091_/CLK
        1.150962 network latency _097_/CLK
---------------
1.135835 1.150962 latency
        0.015128 skew

fall -> fall
    min     max
0.000000 0.000000 source latency
0.955267         network latency _091_/CLK
        0.964602 network latency _097_/CLK
---------------
0.955267 0.964602 latency
        0.009334 skew



===========================================================================
report_clock_min_period
============================================================================
clk period_min = 3.36 fmax = 297.87
