
===========================================================================
report_checks -unconstrained
===========================================================================
======================= min_ss_100C_1v60 Corner ===================================

Startpoint: rst (input port clocked by clk)
Endpoint: _134_ (recovery check against rising-edge clock clk)
Path Group: asynchronous
Path Type: max

Fanout         Cap        Slew       Delay        Time   Description
---------------------------------------------------------------------------------------------
                                  0.000000    0.000000   clock clk (rise edge)
                                  0.000000    0.000000   clock network delay (propagated)
                                  2.500000    2.500000 v input external delay
     2    0.003698    0.021943    0.012033    2.512033 v rst (in)
                                                         rst (net)
                      0.021943    0.000000    2.512033 v input51/A (sky130_fd_sc_hd__clkbuf_1)
     3    0.017860    0.208795    0.262284    2.774318 v input51/X (sky130_fd_sc_hd__clkbuf_1)
                                                         net51 (net)
                      0.208795    0.000867    2.775185 v fanout87/A (sky130_fd_sc_hd__buf_4)
    17    0.080735    0.198544    0.442793    3.217977 v fanout87/X (sky130_fd_sc_hd__buf_4)
                                                         net87 (net)
                      0.198544    0.000151    3.218128 v fanout86/A (sky130_fd_sc_hd__buf_4)
    19    0.062832    0.159759    0.413299    3.631427 v fanout86/X (sky130_fd_sc_hd__buf_4)
                                                         net86 (net)
                      0.159759    0.000288    3.631715 v fanout85/A (sky130_fd_sc_hd__buf_4)
    10    0.053548    0.140657    0.380230    4.011945 v fanout85/X (sky130_fd_sc_hd__buf_4)
                                                         net85 (net)
                      0.140658    0.000711    4.012656 v _109_/A (sky130_fd_sc_hd__inv_2)
     1    0.005308    0.063107    0.109195    4.121851 ^ _109_/Y (sky130_fd_sc_hd__inv_2)
                                                         _039_ (net)
                      0.063107    0.000079    4.121931 ^ _134_/RESET_B (sky130_fd_sc_hd__dfrtp_4)
                                              4.121931   data arrival time

                                  5.000000    5.000000   clock clk (rise edge)
                                  0.000000    5.000000   clock source latency
     2    0.071808    0.517579    0.368374    5.368374 ^ clk (in)
                                                         clk (net)
                      0.518768    0.000000    5.368374 ^ clkbuf_0_clk/A (sky130_fd_sc_hd__clkbuf_16)
     9    0.114413    0.200024    0.520216    5.888591 ^ clkbuf_0_clk/X (sky130_fd_sc_hd__clkbuf_16)
                                                         clknet_0_clk (net)
                      0.200372    0.007467    5.896058 ^ clkbuf_2_1__f_clk/A (sky130_fd_sc_hd__clkbuf_16)
    19    0.058552    0.118522    0.329697    6.225755 ^ clkbuf_2_1__f_clk/X (sky130_fd_sc_hd__clkbuf_16)
                                                         clknet_2_1__leaf_clk (net)
                      0.118565    0.002207    6.227962 ^ _134_/CLK (sky130_fd_sc_hd__dfrtp_4)
                                 -0.005000    6.222962   clock uncertainty
                                  0.000000    6.222962   clock reconvergence pessimism
                                  0.463285    6.686246   library recovery time
                                              6.686246   data required time
---------------------------------------------------------------------------------------------
                                              6.686246   data required time
                                             -4.121931   data arrival time
---------------------------------------------------------------------------------------------
                                              2.564316   slack (MET)


Startpoint: mem_i1 (falling edge-triggered flip-flop clocked by clk)
Endpoint: _120_ (rising edge-triggered flip-flop clocked by clk)
Path Group: clk
Path Type: max

Fanout         Cap        Slew       Delay        Time   Description
---------------------------------------------------------------------------------------------
                                  2.500000    2.500000   clock clk (fall edge)
                                  0.000000    2.500000   clock source latency
     2    0.070870    0.306285    0.226040    2.726040 v clk (in)
                                                         clk (net)
                      0.308238    0.000000    2.726040 v clkbuf_0_clk/A (sky130_fd_sc_hd__clkbuf_16)
     9    0.110609    0.141009    0.451231    3.177271 v clkbuf_0_clk/X (sky130_fd_sc_hd__clkbuf_16)
                                                         clknet_0_clk (net)
                      0.142051    0.009138    3.186409 v clkbuf_2_0__f_clk/A (sky130_fd_sc_hd__clkbuf_16)
    21    0.095720    0.126356    0.358795    3.545203 v clkbuf_2_0__f_clk/X (sky130_fd_sc_hd__clkbuf_16)
                                                         clknet_2_0__leaf_clk (net)
                      0.169411    0.006917    3.552120 v mem_i1/clk1 (ram256x16)
     1    0.004182    0.003428    0.306802    3.858923 v mem_i1/dout1[8] (ram256x16)
                                                         sine_out_temp1[8] (net)
                      0.002571    0.000044    3.858966 v wire69/A (sky130_fd_sc_hd__clkbuf_2)
     3    0.127443    0.869558    0.731470    4.590436 v wire69/X (sky130_fd_sc_hd__clkbuf_2)
                                                         net69 (net)
                      0.872312    0.040560    4.630997 v _071_/A1 (sky130_fd_sc_hd__mux2_1)
     3    0.016040    0.225108    1.154775    5.785771 v _071_/X (sky130_fd_sc_hd__mux2_1)
                                                         _014_ (net)
                      0.225108    0.000760    5.786531 v _120_/D (sky130_fd_sc_hd__dfrtp_1)
                                              5.786531   data arrival time

                                  5.000000    5.000000   clock clk (rise edge)
                                  0.000000    5.000000   clock source latency
     2    0.071808    0.517579    0.368374    5.368374 ^ clk (in)
                                                         clk (net)
                      0.518768    0.000000    5.368374 ^ clkbuf_0_clk/A (sky130_fd_sc_hd__clkbuf_16)
     9    0.114413    0.200024    0.520216    5.888591 ^ clkbuf_0_clk/X (sky130_fd_sc_hd__clkbuf_16)
                                                         clknet_0_clk (net)
                      0.200372    0.007467    5.896058 ^ clkbuf_2_1__f_clk/A (sky130_fd_sc_hd__clkbuf_16)
    19    0.058552    0.118522    0.329697    6.225755 ^ clkbuf_2_1__f_clk/X (sky130_fd_sc_hd__clkbuf_16)
                                                         clknet_2_1__leaf_clk (net)
                      0.118622    0.003079    6.228834 ^ _120_/CLK (sky130_fd_sc_hd__dfrtp_1)
                                 -0.005000    6.223834   clock uncertainty
                                  0.000000    6.223834   clock reconvergence pessimism
                                 -0.328238    5.895595   library setup time
                                              5.895595   data required time
---------------------------------------------------------------------------------------------
                                              5.895595   data required time
                                             -5.786531   data arrival time
---------------------------------------------------------------------------------------------
                                              0.109064   slack (MET)




===========================================================================
report_checks --slack_max -0.01
============================================================================
======================= min_ss_100C_1v60 Corner ===================================

No paths found.


===========================================================================
 report_check_types -max_slew -max_cap -max_fanout -violators
============================================================================
======================= min_ss_100C_1v60 Corner ===================================

max slew

Pin                                        Limit        Slew       Slack
------------------------------------------------------------------------
ANTENNA__071__A1/DIODE                  0.500000    1.062765   -0.562765 (VIOLATED)
_071_/A1                                0.500000    1.062765   -0.562765 (VIOLATED)
ANTENNA_wire69_X/DIODE                  0.500000    1.060474   -0.560474 (VIOLATED)
wire69/X                                0.500000    1.060474   -0.560474 (VIOLATED)
ANTENNA__074__A1/DIODE                  0.500000    0.991175   -0.491175 (VIOLATED)
_074_/A1                                0.500000    0.991175   -0.491175 (VIOLATED)
ANTENNA_wire81_X/DIODE                  0.500000    0.989291   -0.489291 (VIOLATED)
wire81/X                                0.500000    0.989291   -0.489291 (VIOLATED)
ANTENNA__070__A1/DIODE                  0.500000    0.966639   -0.466639 (VIOLATED)
_070_/A1                                0.500000    0.966639   -0.466639 (VIOLATED)
ANTENNA_wire70_X/DIODE                  0.500000    0.964819   -0.464819 (VIOLATED)
wire70/X                                0.500000    0.964819   -0.464819 (VIOLATED)
ANTENNA__073__A1/DIODE                  0.500000    0.953529   -0.453529 (VIOLATED)
_073_/A1                                0.500000    0.953529   -0.453529 (VIOLATED)
ANTENNA_wire82_X/DIODE                  0.500000    0.951476   -0.451476 (VIOLATED)
wire82/X                                0.500000    0.951476   -0.451476 (VIOLATED)
ANTENNA__072__A1/DIODE                  0.500000    0.940373   -0.440373 (VIOLATED)
_072_/A1                                0.500000    0.940373   -0.440373 (VIOLATED)
ANTENNA__067__A1/DIODE                  0.500000    0.938963   -0.438963 (VIOLATED)
_067_/A1                                0.500000    0.938963   -0.438963 (VIOLATED)
ANTENNA_wire68_X/DIODE                  0.500000    0.938592   -0.438592 (VIOLATED)
wire68/X                                0.500000    0.938592   -0.438592 (VIOLATED)
ANTENNA_wire73_X/DIODE                  0.500000    0.937385   -0.437385 (VIOLATED)
wire73/X                                0.500000    0.937385   -0.437385 (VIOLATED)
ANTENNA__066__A1/DIODE                  0.500000    0.934962   -0.434962 (VIOLATED)
_066_/A1                                0.500000    0.934962   -0.434962 (VIOLATED)
ANTENNA_wire74_X/DIODE                  0.500000    0.933333   -0.433333 (VIOLATED)
wire74/X                                0.500000    0.933333   -0.433333 (VIOLATED)
ANTENNA__075__A1/DIODE                  0.500000    0.901237   -0.401237 (VIOLATED)
_075_/A1                                0.500000    0.901237   -0.401237 (VIOLATED)
ANTENNA_wire80_X/DIODE                  0.500000    0.899717   -0.399717 (VIOLATED)
wire80/X                                0.500000    0.899717   -0.399717 (VIOLATED)
ANTENNA__076__A1/DIODE                  0.500000    0.891216   -0.391216 (VIOLATED)
_076_/A1                                0.500000    0.891215   -0.391215 (VIOLATED)
ANTENNA_wire79_X/DIODE                  0.500000    0.889759   -0.389759 (VIOLATED)
wire79/X                                0.500000    0.889759   -0.389759 (VIOLATED)
ANTENNA__068__A1/DIODE                  0.500000    0.782510   -0.282510 (VIOLATED)
_068_/A1                                0.500000    0.782509   -0.282509 (VIOLATED)
ANTENNA_wire72_X/DIODE                  0.500000    0.781197   -0.281197 (VIOLATED)
wire72/X                                0.500000    0.781197   -0.281197 (VIOLATED)
ANTENNA__069__A1/DIODE                  0.500000    0.769462   -0.269462 (VIOLATED)
_069_/A1                                0.500000    0.769462   -0.269462 (VIOLATED)
ANTENNA_wire71_X/DIODE                  0.500000    0.767399   -0.267399 (VIOLATED)
wire71/X                                0.500000    0.767399   -0.267399 (VIOLATED)
ANTENNA__077__A1/DIODE                  0.500000    0.754812   -0.254812 (VIOLATED)
_077_/A1                                0.500000    0.754812   -0.254812 (VIOLATED)
ANTENNA_wire78_X/DIODE                  0.500000    0.753765   -0.253765 (VIOLATED)
wire78/X                                0.500000    0.753765   -0.253765 (VIOLATED)
mem_i1/addr1[0]                         0.500000    0.753528   -0.253528 (VIOLATED)
ANTENNA__078__A1/DIODE                  0.500000    0.751675   -0.251675 (VIOLATED)
_078_/A1                                0.500000    0.751674   -0.251674 (VIOLATED)
mem_i0/addr1[0]                         0.500000    0.751393   -0.251394 (VIOLATED)
ANTENNA_wire77_X/DIODE                  0.500000    0.750422   -0.250422 (VIOLATED)
wire77/X                                0.500000    0.750422   -0.250422 (VIOLATED)
ANTENNA__064__A1/DIODE                  0.500000    0.732984   -0.232984 (VIOLATED)
_064_/A1                                0.500000    0.732984   -0.232984 (VIOLATED)
ANTENNA_wire76_X/DIODE                  0.500000    0.731864   -0.231864 (VIOLATED)
wire76/X                                0.500000    0.731864   -0.231864 (VIOLATED)
mem_i1/addr0[1]                         0.500000    0.709727   -0.209727 (VIOLATED)
mem_i1/addr1[1]                         0.500000    0.704673   -0.204673 (VIOLATED)
mem_i0/addr1[1]                         0.500000    0.702466   -0.202466 (VIOLATED)
ANTENNA__065__A1/DIODE                  0.500000    0.663996   -0.163996 (VIOLATED)
_065_/A1                                0.500000    0.663996   -0.163995 (VIOLATED)
ANTENNA_wire75_X/DIODE                  0.500000    0.663258   -0.163258 (VIOLATED)
wire75/X                                0.500000    0.663258   -0.163258 (VIOLATED)
mem_i0/addr1[5]                         0.500000    0.614165   -0.114165 (VIOLATED)
mem_i1/addr1[5]                         0.500000    0.612474   -0.112474 (VIOLATED)
mem_i0/addr1[7]                         0.500000    0.584193   -0.084193 (VIOLATED)
mem_i1/addr1[7]                         0.500000    0.582311   -0.082311 (VIOLATED)
mem_i0/addr1[6]                         0.500000    0.570036   -0.070036 (VIOLATED)
mem_i1/addr1[6]                         0.500000    0.569175   -0.069175 (VIOLATED)
ANTENNA_mem_i1_addr1[0]/DIODE           0.500000    0.565145   -0.065145 (VIOLATED)
ANTENNA_mem_i0_addr1[0]/DIODE           0.500000    0.563544   -0.063544 (VIOLATED)
ANTENNA__083__A/DIODE                   0.500000    0.563526   -0.063526 (VIOLATED)
_083_/A                                 0.500000    0.563523   -0.063523 (VIOLATED)
_080_/A                                 0.500000    0.563501   -0.063501 (VIOLATED)
ANTENNA__080__A/DIODE                   0.500000    0.563487   -0.063487 (VIOLATED)
_081_/A1                                0.500000    0.563474   -0.063474 (VIOLATED)
ANTENNA__081__A1/DIODE                  0.500000    0.563471   -0.063471 (VIOLATED)
ANTENNA__079__A/DIODE                   0.500000    0.563424   -0.063424 (VIOLATED)
_079_/A                                 0.500000    0.563422   -0.063422 (VIOLATED)
_061_/A                                 0.500000    0.563408   -0.063408 (VIOLATED)
ANTENNA__061__A/DIODE                   0.500000    0.563406   -0.063406 (VIOLATED)
ANTENNA__128__Q/DIODE                   0.500000    0.563406   -0.063406 (VIOLATED)
_128_/Q                                 0.500000    0.562964   -0.062964 (VIOLATED)
mem_i0/addr1[2]                         0.500000    0.556488   -0.056488 (VIOLATED)
mem_i1/addr1[2]                         0.500000    0.556349   -0.056349 (VIOLATED)
mem_i0/addr1[4]                         0.500000    0.543338   -0.043338 (VIOLATED)
mem_i1/addr1[4]                         0.500000    0.543272   -0.043272 (VIOLATED)
ANTENNA_mem_i1_addr0[1]/DIODE           0.500000    0.532296   -0.032296 (VIOLATED)
ANTENNA_input10_X/DIODE                 0.500000    0.532292   -0.032292 (VIOLATED)
input10/X                               0.500000    0.532292   -0.032292 (VIOLATED)
ANTENNA_mem_i1_addr1[1]/DIODE           0.500000    0.528503   -0.028503 (VIOLATED)
mem_i1/din0[12]                         0.500000    0.527565   -0.027565 (VIOLATED)
_083_/B                                 0.500000    0.526914   -0.026914 (VIOLATED)
ANTENNA__083__B/DIODE                   0.500000    0.526914   -0.026914 (VIOLATED)
_080_/B                                 0.500000    0.526894   -0.026894 (VIOLATED)
ANTENNA__080__B/DIODE                   0.500000    0.526890   -0.026890 (VIOLATED)
_081_/A2                                0.500000    0.526879   -0.026879 (VIOLATED)
ANTENNA__081__A2/DIODE                  0.500000    0.526876   -0.026876 (VIOLATED)
ANTENNA_mem_i0_addr1[1]/DIODE           0.500000    0.526849   -0.026849 (VIOLATED)
_079_/B                                 0.500000    0.526849   -0.026849 (VIOLATED)
ANTENNA__129__Q/DIODE                   0.500000    0.526847   -0.026847 (VIOLATED)
ANTENNA__079__B/DIODE                   0.500000    0.526846   -0.026846 (VIOLATED)
_129_/Q                                 0.500000    0.526840   -0.026840 (VIOLATED)
clkbuf_0_clk/A                          0.500000    0.518768   -0.018768 (VIOLATED)
ANTENNA_clkbuf_0_clk_A/DIODE            0.500000    0.518766   -0.018766 (VIOLATED)
clk                                     0.500000    0.517579   -0.017579 (VIOLATED)
mem_i1/din0[9]                          0.500000    0.514910   -0.014910 (VIOLATED)
mem_i1/din0[8]                          0.500000    0.509919   -0.009919 (VIOLATED)

max fanout

Pin                                   Limit Fanout  Slack
---------------------------------------------------------
clkbuf_2_0__f_clk/X                      10     21    -11 (VIOLATED)
fanout83/X                               10     21    -11 (VIOLATED)
clkbuf_2_1__f_clk/X                      10     19     -9 (VIOLATED)
fanout86/X                               10     19     -9 (VIOLATED)
fanout84/X                               10     17     -7 (VIOLATED)
fanout87/X                               10     17     -7 (VIOLATED)
_128_/Q                                  10     15     -5 (VIOLATED)
_132_/Q                                  10     15     -5 (VIOLATED)
clkbuf_2_3__f_clk/X                      10     15     -5 (VIOLATED)
_129_/Q                                  10     13     -3 (VIOLATED)
_133_/Q                                  10     13     -3 (VIOLATED)
clkbuf_2_2__f_clk/X                      10     13     -3 (VIOLATED)
_130_/Q                                  10     11        (VIOLATED)
_134_/Q                                  10     11        (VIOLATED)

max capacitance

Pin                                        Limit         Cap       Slack
------------------------------------------------------------------------
mem_i1/dout1[0]                         0.027560    0.072852   -0.045292 (VIOLATED)



===========================================================================
report_parasitic_annotation -report_unannotated
============================================================================
Found 5 unannotated drivers.
 clkload0/X
 clkload1/X
 clkload2/Y
 mem_i0_88/HI
 mem_i1_89/HI
Found 0 partially unannotated drivers.

===========================================================================
max slew violation count 110
max fanout violation count 14
max cap violation count 1
============================================================================

===========================================================================
check_setup -verbose -unconstrained_endpoints -multiple_clock -no_clock -no_input_delay -loops -generated_clocks
===========================================================================
Warning: There are 50 input ports missing set_input_delay.
  addr00[0]
  addr00[1]
  addr00[2]
  addr00[3]
  addr00[4]
  addr00[5]
  addr00[6]
  addr00[7]
  addr01[0]
  addr01[1]
  addr01[2]
  addr01[3]
  addr01[4]
  addr01[5]
  addr01[6]
  addr01[7]
  csb00
  csb01
  din00[0]
  din00[10]
  din00[11]
  din00[12]
  din00[13]
  din00[14]
  din00[15]
  din00[1]
  din00[2]
  din00[3]
  din00[4]
  din00[5]
  din00[6]
  din00[7]
  din00[8]
  din00[9]
  din01[0]
  din01[10]
  din01[11]
  din01[12]
  din01[13]
  din01[14]
  din01[15]
  din01[1]
  din01[2]
  din01[3]
  din01[4]
  din01[5]
  din01[6]
  din01[7]
  din01[8]
  din01[9]
Warning: There are 52 unconstrained endpoints.
  mem_i0/addr0[0]
  mem_i0/addr0[1]
  mem_i0/addr0[2]
  mem_i0/addr0[3]
  mem_i0/addr0[4]
  mem_i0/addr0[5]
  mem_i0/addr0[6]
  mem_i0/addr0[7]
  mem_i0/csb0
  mem_i0/csb1
  mem_i0/din0[0]
  mem_i0/din0[10]
  mem_i0/din0[11]
  mem_i0/din0[12]
  mem_i0/din0[13]
  mem_i0/din0[14]
  mem_i0/din0[15]
  mem_i0/din0[1]
  mem_i0/din0[2]
  mem_i0/din0[3]
  mem_i0/din0[4]
  mem_i0/din0[5]
  mem_i0/din0[6]
  mem_i0/din0[7]
  mem_i0/din0[8]
  mem_i0/din0[9]
  mem_i1/addr0[0]
  mem_i1/addr0[1]
  mem_i1/addr0[2]
  mem_i1/addr0[3]
  mem_i1/addr0[4]
  mem_i1/addr0[5]
  mem_i1/addr0[6]
  mem_i1/addr0[7]
  mem_i1/csb0
  mem_i1/csb1
  mem_i1/din0[0]
  mem_i1/din0[10]
  mem_i1/din0[11]
  mem_i1/din0[12]
  mem_i1/din0[13]
  mem_i1/din0[14]
  mem_i1/din0[15]
  mem_i1/din0[1]
  mem_i1/din0[2]
  mem_i1/din0[3]
  mem_i1/din0[4]
  mem_i1/din0[5]
  mem_i1/din0[6]
  mem_i1/din0[7]
  mem_i1/din0[8]
  mem_i1/din0[9]
