Reading OpenROAD database at '/home/thanh/NCO/runs/RUN_2025-03-03_15-53-39/24-openroad-ioplacement/counter.odb'…
Reading library file at '/home/thanh/.volare/volare/sky130/versions/0fe599b2afb6708d281543108caf8310912f54af/sky130A/libs.ref/sky130_fd_sc_hd/lib/sky130_fd_sc_hd__tt_025C_1v80.lib'…
Reading design constraints file at '/nix/store/ss2cw3sxbrwwx9jl0rrppbw4kgcmgi2n-python3-3.11.9-env/lib/python3.11/site-packages/openlane/scripts/base.sdc'…
[INFO] Using clock clk…
[INFO] Setting output delay to: 2
[INFO] Setting input delay to: 2
[INFO] Setting load to: 0.033442
[INFO] Setting clock uncertainty to: 0.25
[INFO] Setting clock transition to: 0.1499999999999999944488848768742172978818416595458984375
[INFO] Setting timing derate to: 5%
[INFO] Setting RC values…
[INFO] Setting signal min routing layer to: met1 and clock min routing layer to met1. 
[INFO] Setting signal max routing layer to: met5 and clock max routing layer to met5. 
+ global_placement -density 0.608713 -timing_driven -routability_driven -pad_right 0 -pad_left 0 -init_wirelength_coef 0.25
[INFO GPL-0002] DBU: 1000
[INFO GPL-0003] SiteSize: (  0.460  2.720 ) um
[INFO GPL-0004] CoreBBox: (  5.520 10.880 ) ( 504.160 508.640 ) um
[INFO GPL-0006] NumInstances:              2350
[INFO GPL-0007] NumPlaceInstances:           64
[INFO GPL-0008] NumFixedInstances:         2080
[INFO GPL-0009] NumDummyInstances:          206
[INFO GPL-0010] NumNets:                    107
[INFO GPL-0011] NumPins:                    292
[INFO GPL-0012] DieBBox:  (  0.000  0.000 ) ( 509.810 520.530 ) um
[INFO GPL-0013] CoreBBox: (  5.520 10.880 ) ( 504.160 508.640 ) um
[INFO GPL-0016] CoreArea:            248203.046 um^2
[INFO GPL-0017] NonPlaceInstsArea:   142510.429 um^2
[INFO GPL-0018] PlaceInstsArea:         870.835 um^2
[INFO GPL-0019] Util:                     0.824 %
[INFO GPL-0020] StdInstsArea:           870.835 um^2
[INFO GPL-0021] MacroInstsArea:           0.000 um^2
[InitialPlace]  Iter: 1 CG residual: 0.00000011 HPWL: 43144976
[InitialPlace]  Iter: 2 CG residual: 0.00000003 HPWL: 42537654
[InitialPlace]  Iter: 3 CG residual: 0.00000006 HPWL: 42413169
[InitialPlace]  Iter: 4 CG residual: 0.00000006 HPWL: 42435131
[InitialPlace]  Iter: 5 CG residual: 0.00000010 HPWL: 42494516
[INFO GPL-0031] FillerInit:NumGCells:      4859
[INFO GPL-0032] FillerInit:NumGNets:        107
[INFO GPL-0033] FillerInit:NumGPins:        292
[INFO GPL-0023] TargetDensity:            0.609
[INFO GPL-0024] AvrgPlaceInstArea:       13.607 um^2
[INFO GPL-0025] IdealBinArea:            22.353 um^2
[INFO GPL-0026] IdealBinCnt:              11103
[INFO GPL-0027] TotalBinArea:        248203.046 um^2
[INFO GPL-0028] BinCnt:        64     64
[INFO GPL-0029] BinSize: (  7.792  7.778 )
[INFO GPL-0030] NumBins: 4096
[NesterovSolve] Iter:    1 overflow: 0.727 HPWL: 7400536
[NesterovSolve] Iter:   10 overflow: 0.662 HPWL: 7470562
[NesterovSolve] Iter:   20 overflow: 0.659 HPWL: 7480206
[NesterovSolve] Iter:   30 overflow: 0.661 HPWL: 7471424
[NesterovSolve] Iter:   40 overflow: 0.660 HPWL: 7477018
[NesterovSolve] Iter:   50 overflow: 0.661 HPWL: 7474189
[NesterovSolve] Iter:   60 overflow: 0.660 HPWL: 7474581
[NesterovSolve] Iter:   70 overflow: 0.660 HPWL: 7473809
[NesterovSolve] Iter:   80 overflow: 0.660 HPWL: 7472364
[NesterovSolve] Iter:   90 overflow: 0.660 HPWL: 7471176
[NesterovSolve] Iter:  100 overflow: 0.660 HPWL: 7470610
[NesterovSolve] Iter:  110 overflow: 0.660 HPWL: 7470682
[NesterovSolve] Iter:  120 overflow: 0.660 HPWL: 7471709
[NesterovSolve] Iter:  130 overflow: 0.659 HPWL: 7496126
[NesterovSolve] Iter:  140 overflow: 0.659 HPWL: 7567950
[NesterovSolve] Iter:  150 overflow: 0.658 HPWL: 7691545
[NesterovSolve] Iter:  160 overflow: 0.656 HPWL: 7886488
[NesterovSolve] Iter:  170 overflow: 0.655 HPWL: 8161581
[NesterovSolve] Iter:  180 overflow: 0.653 HPWL: 8414869
[NesterovSolve] Iter:  190 overflow: 0.651 HPWL: 8496436
[NesterovSolve] Iter:  200 overflow: 0.650 HPWL: 8539451
[NesterovSolve] Iter:  210 overflow: 0.648 HPWL: 8945425
[NesterovSolve] Iter:  220 overflow: 0.635 HPWL: 8727043
[NesterovSolve] Iter:  230 overflow: 0.640 HPWL: 8779722
[NesterovSolve] Iter:  240 overflow: 0.647 HPWL: 8554033
[NesterovSolve] Iter:  250 overflow: 0.637 HPWL: 8261186
[NesterovSolve] Iter:  260 overflow: 0.637 HPWL: 7987791
[NesterovSolve] Iter:  270 overflow: 0.624 HPWL: 7858435
[NesterovSolve] Iter:  280 overflow: 0.598 HPWL: 7747731
[NesterovSolve] Snapshot saved at iter = 279
[NesterovSolve] Iter:  290 overflow: 0.566 HPWL: 7691693
[NesterovSolve] Iter:  300 overflow: 0.539 HPWL: 7451152
[NesterovSolve] Iter:  310 overflow: 0.504 HPWL: 7498279
[NesterovSolve] Iter:  320 overflow: 0.374 HPWL: 7596255
[INFO GPL-0075] Routability numCall: 1 inflationIterCnt: 1 bloatIterCnt: 0
[INFO GPL-0036] TileBBox: (    0    0 ) ( 6900 6900 ) DBU
[INFO GPL-0038] TileCnt:      73   75
[INFO GPL-0040] NumTiles: 5475
[INFO GPL-0081] TotalRouteOverflow: 4.598294377326965
[INFO GPL-0082] OverflowTileCnt: 2330
[INFO GPL-0083] 0.5%RC: 1.024008082492011
[INFO GPL-0084] 1.0%RC: 1.0176909425041891
[INFO GPL-0085] 2.0%RC: 1.01405672268434
[INFO GPL-0086] 5.0%RC: 1.009332309239102
[INFO GPL-0087] FinalRC: 1.0208495
[INFO GPL-0078] FinalRC lower than minRC (1e+30), min RC updated.
[INFO GPL-0045] InflatedAreaDelta:       12.352 um^2
[INFO GPL-0046] TargetDensity:            0.609
[INFO GPL-0049] WhiteSpaceArea:      105692.618 um^2
[INFO GPL-0050] NesterovInstsArea:      870.835 um^2
[INFO GPL-0051] TotalFillerArea:      63465.635 um^2
[INFO GPL-0052] TotalGCellsArea:      64336.470 um^2
[INFO GPL-0053] ExpectedGCellsArea:   64348.822 um^2
[INFO GPL-0054] NewTargetDensity:         0.609
[INFO GPL-0055] NewWhiteSpaceArea:   105692.618 um^2
[INFO GPL-0056] MovableArea:          64348.824 um^2
[INFO GPL-0057] NewNesterovInstArea:    883.187 um^2
[INFO GPL-0058] NewTotalFillerArea:   63465.636 um^2
[INFO GPL-0059] NewTotalGCellsArea:   64348.824 um^2
[NesterovSolve] Revert back to snapshot coordi
[NesterovSolve] Iter:  330 overflow: 0.596 HPWL: 7732908
[NesterovSolve] Iter:  340 overflow: 0.572 HPWL: 7690412
[NesterovSolve] Iter:  350 overflow: 0.545 HPWL: 7432799
[NesterovSolve] Iter:  360 overflow: 0.516 HPWL: 7480888
[NesterovSolve] Iter:  370 overflow: 0.457 HPWL: 7562652
[NesterovSolve] Iter:  380 overflow: 0.356 HPWL: 7615905
[INFO GPL-0075] Routability numCall: 2 inflationIterCnt: 2 bloatIterCnt: 0
[INFO GPL-0036] TileBBox: (    0    0 ) ( 6900 6900 ) DBU
[INFO GPL-0038] TileCnt:      73   75
[INFO GPL-0040] NumTiles: 5475
[INFO GPL-0081] TotalRouteOverflow: 4.5198657512664795
[INFO GPL-0082] OverflowTileCnt: 2332
[INFO GPL-0083] 0.5%RC: 1.0214039853640966
[INFO GPL-0084] 1.0%RC: 1.016274211623452
[INFO GPL-0085] 2.0%RC: 1.013291469487277
[INFO GPL-0086] 5.0%RC: 1.0090345126869034
[INFO GPL-0087] FinalRC: 1.0188391
[INFO GPL-0078] FinalRC lower than minRC (1.0208495), min RC updated.
[INFO GPL-0045] InflatedAreaDelta:       13.515 um^2
[INFO GPL-0046] TargetDensity:            0.609
[INFO GPL-0049] WhiteSpaceArea:      105692.618 um^2
[INFO GPL-0050] NesterovInstsArea:      883.187 um^2
[INFO GPL-0051] TotalFillerArea:      63465.636 um^2
[INFO GPL-0052] TotalGCellsArea:      64348.824 um^2
[INFO GPL-0053] ExpectedGCellsArea:   64362.339 um^2
[INFO GPL-0054] NewTargetDensity:         0.609
[INFO GPL-0055] NewWhiteSpaceArea:   105692.618 um^2
[INFO GPL-0056] MovableArea:          64362.340 um^2
[INFO GPL-0057] NewNesterovInstArea:    896.703 um^2
[INFO GPL-0058] NewTotalFillerArea:   63465.638 um^2
[INFO GPL-0059] NewTotalGCellsArea:   64362.340 um^2
[NesterovSolve] Revert back to snapshot coordi
[NesterovSolve] Iter:  390 overflow: 0.595 HPWL: 7715285
[NesterovSolve] Iter:  400 overflow: 0.574 HPWL: 7701988
[NesterovSolve] Iter:  410 overflow: 0.544 HPWL: 7444168
[NesterovSolve] Iter:  420 overflow: 0.515 HPWL: 7498066
[NesterovSolve] Iter:  430 overflow: 0.438 HPWL: 7582396
[NesterovSolve] Iter:  440 overflow: 0.341 HPWL: 7631280
[INFO GPL-0075] Routability numCall: 3 inflationIterCnt: 3 bloatIterCnt: 0
[INFO GPL-0036] TileBBox: (    0    0 ) ( 6900 6900 ) DBU
[INFO GPL-0038] TileCnt:      73   75
[INFO GPL-0040] NumTiles: 5475
[INFO GPL-0081] TotalRouteOverflow: 4.3591225147247314
[INFO GPL-0082] OverflowTileCnt: 2330
[INFO GPL-0083] 0.5%RC: 1.0182833799294062
[INFO GPL-0084] 1.0%RC: 1.014383322542364
[INFO GPL-0085] 2.0%RC: 1.0122084964405407
[INFO GPL-0086] 5.0%RC: 1.0084676833918496
[INFO GPL-0087] FinalRC: 1.0163333
[INFO GPL-0078] FinalRC lower than minRC (1.0188391), min RC updated.
[INFO GPL-0045] InflatedAreaDelta:        9.519 um^2
[INFO GPL-0046] TargetDensity:            0.609
[INFO GPL-0049] WhiteSpaceArea:      105692.618 um^2
[INFO GPL-0050] NesterovInstsArea:      896.703 um^2
[INFO GPL-0051] TotalFillerArea:      63465.638 um^2
[INFO GPL-0052] TotalGCellsArea:      64362.340 um^2
[INFO GPL-0053] ExpectedGCellsArea:   64371.860 um^2
[INFO GPL-0054] NewTargetDensity:         0.609
[INFO GPL-0055] NewWhiteSpaceArea:   105692.618 um^2
[INFO GPL-0056] MovableArea:          64371.859 um^2
[INFO GPL-0057] NewNesterovInstArea:    906.222 um^2
[INFO GPL-0058] NewTotalFillerArea:   63465.638 um^2
[INFO GPL-0059] NewTotalGCellsArea:   64371.859 um^2
[NesterovSolve] Revert back to snapshot coordi
[NesterovSolve] Iter:  450 overflow: 0.594 HPWL: 7691182
[NesterovSolve] Iter:  460 overflow: 0.573 HPWL: 7680776
[NesterovSolve] Iter:  470 overflow: 0.548 HPWL: 7452502
[NesterovSolve] Iter:  480 overflow: 0.521 HPWL: 7506603
[NesterovSolve] Iter:  490 overflow: 0.432 HPWL: 7590405
[NesterovSolve] Iter:  500 overflow: 0.335 HPWL: 7641015
[INFO GPL-0075] Routability numCall: 4 inflationIterCnt: 4 bloatIterCnt: 0
[INFO GPL-0036] TileBBox: (    0    0 ) ( 6900 6900 ) DBU
[INFO GPL-0038] TileCnt:      73   75
[INFO GPL-0040] NumTiles: 5475
[INFO GPL-0081] TotalRouteOverflow: 4.32878577709198
[INFO GPL-0082] OverflowTileCnt: 2333
[INFO GPL-0083] 0.5%RC: 1.0171016156673431
[INFO GPL-0084] 1.0%RC: 1.0137852755459873
[INFO GPL-0085] 2.0%RC: 1.0119175791740418
[INFO GPL-0086] 5.0%RC: 1.0083363186703982
[INFO GPL-0087] FinalRC: 1.0154434
[INFO GPL-0079] MinRC (1.0163333) violation occurred, total count: 1.
[INFO GPL-0045] InflatedAreaDelta:        5.090 um^2
[INFO GPL-0046] TargetDensity:            0.609
[INFO GPL-0049] WhiteSpaceArea:      105692.618 um^2
[INFO GPL-0050] NesterovInstsArea:      906.222 um^2
[INFO GPL-0051] TotalFillerArea:      63465.638 um^2
[INFO GPL-0052] TotalGCellsArea:      64371.859 um^2
[INFO GPL-0053] ExpectedGCellsArea:   64376.949 um^2
[INFO GPL-0054] NewTargetDensity:         0.609
[INFO GPL-0055] NewWhiteSpaceArea:   105692.618 um^2
[INFO GPL-0056] MovableArea:          64376.951 um^2
[INFO GPL-0057] NewNesterovInstArea:    911.312 um^2
[INFO GPL-0058] NewTotalFillerArea:   63465.639 um^2
[INFO GPL-0059] NewTotalGCellsArea:   64376.951 um^2
[NesterovSolve] Revert back to snapshot coordi
[NesterovSolve] Iter:  510 overflow: 0.592 HPWL: 7697869
[NesterovSolve] Iter:  520 overflow: 0.571 HPWL: 7646345
[NesterovSolve] Iter:  530 overflow: 0.546 HPWL: 7460541
[NesterovSolve] Iter:  540 overflow: 0.517 HPWL: 7522392
[NesterovSolve] Iter:  550 overflow: 0.403 HPWL: 7604187
[NesterovSolve] Iter:  560 overflow: 0.286 HPWL: 7663733
[INFO GPL-0075] Routability numCall: 5 inflationIterCnt: 0 bloatIterCnt: 1
[INFO GPL-0036] TileBBox: (    0    0 ) ( 6900 6900 ) DBU
[INFO GPL-0038] TileCnt:      73   75
[INFO GPL-0040] NumTiles: 5475
[INFO GPL-0081] TotalRouteOverflow: 4.266625642776489
[INFO GPL-0082] OverflowTileCnt: 2332
[INFO GPL-0083] 0.5%RC: 1.0158673184258598
[INFO GPL-0084] 1.0%RC: 1.013138094815341
[INFO GPL-0085] 2.0%RC: 1.0115443728186868
[INFO GPL-0086] 5.0%RC: 1.0081140168391876
[INFO GPL-0087] FinalRC: 1.0145028
[INFO GPL-0078] FinalRC lower than minRC (1.0163333), min RC updated.
[INFO GPL-0045] InflatedAreaDelta:        1.839 um^2
[INFO GPL-0046] TargetDensity:            0.609
[INFO GPL-0049] WhiteSpaceArea:      105692.618 um^2
[INFO GPL-0050] NesterovInstsArea:      911.312 um^2
[INFO GPL-0051] TotalFillerArea:      63465.639 um^2
[INFO GPL-0052] TotalGCellsArea:      64376.951 um^2
[INFO GPL-0053] ExpectedGCellsArea:   64378.790 um^2
[INFO GPL-0054] NewTargetDensity:         0.609
[INFO GPL-0055] NewWhiteSpaceArea:   105692.618 um^2
[INFO GPL-0056] MovableArea:          64378.790 um^2
[INFO GPL-0057] NewNesterovInstArea:    913.151 um^2
[INFO GPL-0058] NewTotalFillerArea:   63465.639 um^2
[INFO GPL-0059] NewTotalGCellsArea:   64378.790 um^2
[NesterovSolve] Revert back to snapshot coordi
[NesterovSolve] Iter:  570 overflow: 0.588 HPWL: 7694125
[NesterovSolve] Iter:  580 overflow: 0.567 HPWL: 7601103
[NesterovSolve] Iter:  590 overflow: 0.541 HPWL: 7469508
[NesterovSolve] Iter:  600 overflow: 0.507 HPWL: 7541199
[NesterovSolve] Iter:  610 overflow: 0.392 HPWL: 7616884
[INFO GPL-0075] Routability numCall: 6 inflationIterCnt: 1 bloatIterCnt: 1
[INFO GPL-0036] TileBBox: (    0    0 ) ( 6900 6900 ) DBU
[INFO GPL-0038] TileCnt:      73   75
[INFO GPL-0040] NumTiles: 5475
[INFO GPL-0081] TotalRouteOverflow: 4.227571129798889
[INFO GPL-0082] OverflowTileCnt: 2331
[INFO GPL-0083] 0.5%RC: 1.0150767351899828
[INFO GPL-0084] 1.0%RC: 1.0127196398648348
[INFO GPL-0085] 2.0%RC: 1.011306072365154
[INFO GPL-0086] 5.0%RC: 1.0079782683483876
[INFO GPL-0087] FinalRC: 1.0138981
[INFO GPL-0079] MinRC (1.0145028) violation occurred, total count: 1.
[INFO GPL-0045] InflatedAreaDelta:        1.251 um^2
[INFO GPL-0046] TargetDensity:            0.609
[INFO GPL-0049] WhiteSpaceArea:      105692.618 um^2
[INFO GPL-0050] NesterovInstsArea:      913.151 um^2
[INFO GPL-0051] TotalFillerArea:      63465.639 um^2
[INFO GPL-0052] TotalGCellsArea:      64378.790 um^2
[INFO GPL-0053] ExpectedGCellsArea:   64380.041 um^2
[INFO GPL-0054] NewTargetDensity:         0.609
[INFO GPL-0055] NewWhiteSpaceArea:   105692.618 um^2
[INFO GPL-0056] MovableArea:          64380.043 um^2
[INFO GPL-0057] NewNesterovInstArea:    914.402 um^2
[INFO GPL-0058] NewTotalFillerArea:   63465.641 um^2
[INFO GPL-0059] NewTotalGCellsArea:   64380.043 um^2
[NesterovSolve] Revert back to snapshot coordi
[NesterovSolve] Iter:  620 overflow: 0.609 HPWL: 7731869
[NesterovSolve] Iter:  630 overflow: 0.584 HPWL: 7671946
[NesterovSolve] Iter:  640 overflow: 0.563 HPWL: 7438827
[NesterovSolve] Iter:  650 overflow: 0.530 HPWL: 7481558
[NesterovSolve] Iter:  660 overflow: 0.470 HPWL: 7563921
[NesterovSolve] Iter:  670 overflow: 0.367 HPWL: 7622750
[INFO GPL-0075] Routability numCall: 7 inflationIterCnt: 2 bloatIterCnt: 1
[INFO GPL-0036] TileBBox: (    0    0 ) ( 6900 6900 ) DBU
[INFO GPL-0038] TileCnt:      73   75
[INFO GPL-0040] NumTiles: 5475
[INFO GPL-0081] TotalRouteOverflow: 4.328953385353088
[INFO GPL-0082] OverflowTileCnt: 2333
[INFO GPL-0083] 0.5%RC: 1.0163229065282005
[INFO GPL-0084] 1.0%RC: 1.0134245005520908
[INFO GPL-0085] 2.0%RC: 1.011777739091353
[INFO GPL-0086] 5.0%RC: 1.0083286971071341
[INFO GPL-0087] FinalRC: 1.0148737
[INFO GPL-0079] MinRC (1.0145028) violation occurred, total count: 2.
[INFO GPL-0045] InflatedAreaDelta:        4.759 um^2
[INFO GPL-0046] TargetDensity:            0.609
[INFO GPL-0049] WhiteSpaceArea:      105692.618 um^2
[INFO GPL-0050] NesterovInstsArea:      914.402 um^2
[INFO GPL-0051] TotalFillerArea:      63465.641 um^2
[INFO GPL-0052] TotalGCellsArea:      64380.043 um^2
[INFO GPL-0053] ExpectedGCellsArea:   64384.802 um^2
[INFO GPL-0054] NewTargetDensity:         0.609
[INFO GPL-0055] NewWhiteSpaceArea:   105692.618 um^2
[INFO GPL-0056] MovableArea:          64384.799 um^2
[INFO GPL-0057] NewNesterovInstArea:    919.161 um^2
[INFO GPL-0058] NewTotalFillerArea:   63465.638 um^2
[INFO GPL-0059] NewTotalGCellsArea:   64384.799 um^2
[NesterovSolve] Revert back to snapshot coordi
[NesterovSolve] Iter:  680 overflow: 0.572 HPWL: 7718241
[NesterovSolve] Iter:  690 overflow: 0.545 HPWL: 7705209
[NesterovSolve] Iter:  700 overflow: 0.512 HPWL: 7443202
[NesterovSolve] Iter:  710 overflow: 0.477 HPWL: 7504015
[NesterovSolve] Iter:  720 overflow: 0.399 HPWL: 7590110
[NesterovSolve] Iter:  730 overflow: 0.295 HPWL: 7645837
[INFO GPL-0075] Routability numCall: 8 inflationIterCnt: 3 bloatIterCnt: 1
[INFO GPL-0036] TileBBox: (    0    0 ) ( 6900 6900 ) DBU
[INFO GPL-0038] TileCnt:      73   75
[INFO GPL-0040] NumTiles: 5475
[INFO GPL-0081] TotalRouteOverflow: 4.483909845352173
[INFO GPL-0082] OverflowTileCnt: 2333
[INFO GPL-0083] 0.5%RC: 1.018780997821263
[INFO GPL-0084] 1.0%RC: 1.0150483803315595
[INFO GPL-0085] 2.0%RC: 1.012796698917042
[INFO GPL-0086] 5.0%RC: 1.0088873418578266
[INFO GPL-0087] FinalRC: 1.0169147
[INFO GPL-0079] MinRC (1.0145028) violation occurred, total count: 3.
[INFO GPL-0045] InflatedAreaDelta:        8.040 um^2
[INFO GPL-0046] TargetDensity:            0.609
Revert Routability Procedure. Target density higher than max, or minRC max violations.
[INFO GPL-0080] minRcViolatedCnt: 3
[INFO GPL-0047] SavedMinRC: 1.0145
[INFO GPL-0048] SavedTargetDensity: 0.6091
[NesterovSolve] Revert back to snapshot coordi
[NesterovSolve] Iter:  740 overflow: 0.508 HPWL: 7693773
[NesterovSolve] Iter:  750 overflow: 0.483 HPWL: 7600904
[NesterovSolve] Iter:  760 overflow: 0.456 HPWL: 7468998
[NesterovSolve] Iter:  770 overflow: 0.421 HPWL: 7540323
[NesterovSolve] Iter:  780 overflow: 0.321 HPWL: 7617355
[NesterovSolve] Iter:  790 overflow: 0.202 HPWL: 7676808
[NesterovSolve] Finished with Overflow: 0.098147
[INFO] Setting RC values…
Setting global connections for newly added cells…
[INFO] Setting global connections...
mem_i matched with mem_i
Updating metrics…
Cell type report:                       Count       Area
  Macro                                     1  123515.34
  Fill cell                               578    2169.58
  Tap cell                               1501    1878.05
  Inverter                                 25      93.84
  Sequential cell                          24     630.60
  Multi-Input combinational cell           15     146.39
  Total                                  2144  128433.81
Writing OpenROAD database to '/home/thanh/NCO/runs/RUN_2025-03-03_15-53-39/27-openroad-globalplacement/counter.odb'…
Writing netlist to '/home/thanh/NCO/runs/RUN_2025-03-03_15-53-39/27-openroad-globalplacement/counter.nl.v'…
Writing powered netlist to '/home/thanh/NCO/runs/RUN_2025-03-03_15-53-39/27-openroad-globalplacement/counter.pnl.v'…
Writing layout to '/home/thanh/NCO/runs/RUN_2025-03-03_15-53-39/27-openroad-globalplacement/counter.def'…
Writing timing constraints to '/home/thanh/NCO/runs/RUN_2025-03-03_15-53-39/27-openroad-globalplacement/counter.sdc'…
