Clock: clk
Sources: clk 
Generated: no
Virtual: yes
Propagated: no
Period: 10.000000

===========================================================================
report_clock_properties
============================================================================
Clock                   Period          Waveform
----------------------------------------------------
clk                  10.000000    0.000000  5.000000

===========================================================================
report_clock_latency
============================================================================
Clock clk
rise -> rise
    min     max
0.000000 0.000000 source latency
0.172411         network latency _079_/CLK
        0.172411 network latency _079_/CLK
---------------
0.172411 0.172411 latency
        0.000000 skew

fall -> fall
    min     max
0.000000 0.000000 source latency
0.083140         network latency _079_/CLK
        0.083140 network latency _079_/CLK
---------------
0.083140 0.083140 latency
        0.000000 skew



===========================================================================
report_clock_min_period
============================================================================
clk period_min = 1.67 fmax = 597.63
