Clock: clk
Sources: clk 
Generated: no
Virtual: yes
Propagated: no
Period: 5.000000

===========================================================================
report_clock_properties
============================================================================
Clock                   Period          Waveform
----------------------------------------------------
clk                   5.000000    0.000000  2.500000

===========================================================================
report_clock_latency
============================================================================
Clock clk
rise -> rise
    min     max
0.000000 0.000000 source latency
0.577588         network latency _094_/CLK
        0.586973 network latency _100_/CLK
---------------
0.577588 0.586973 latency
        0.009385 skew

fall -> fall
    min     max
0.000000 0.000000 source latency
0.478242         network latency _094_/CLK
        0.485419 network latency _090_/CLK
---------------
0.478242 0.485419 latency
        0.007177 skew



===========================================================================
report_clock_min_period
============================================================================
clk period_min = 1.71 fmax = 585.97
