
===========================================================================
report_checks -unconstrained
===========================================================================
======================= min_ff_n40C_1v95 Corner ===================================

Startpoint: rst (input port clocked by clk)
Endpoint: _796_ (recovery check against rising-edge clock clk)
Path Group: asynchronous
Path Type: max

Fanout         Cap        Slew       Delay        Time   Description
---------------------------------------------------------------------------------------------
                                  0.000000    0.000000   clock clk (rise edge)
                                  0.000000    0.000000   clock network delay (propagated)
                                  2.000000    2.000000 v input external delay
     1    0.002657    0.004521    0.002132    2.002132 v rst (in)
                                                         rst (net)
                      0.004521    0.000000    2.002132 v input1/A (sky130_fd_sc_hd__clkbuf_4)
     8    0.045323    0.070149    0.124265    2.126397 v input1/X (sky130_fd_sc_hd__clkbuf_4)
                                                         net1 (net)
                      0.070164    0.001015    2.127413 v _788_/A (sky130_fd_sc_hd__inv_2)
     1    0.004895    0.029828    0.047007    2.174420 ^ _788_/Y (sky130_fd_sc_hd__inv_2)
                                                         _014_ (net)
                      0.029828    0.000055    2.174474 ^ _796_/RESET_B (sky130_fd_sc_hd__dfrtp_1)
                                              2.174474   data arrival time

                                 10.000000   10.000000   clock clk (rise edge)
                                  0.000000   10.000000   clock source latency
     1    0.009405    0.036499    0.023628   10.023628 ^ clk (in)
                                                         clk (net)
                      0.036499    0.000000   10.023628 ^ clkbuf_0_clk/A (sky130_fd_sc_hd__clkbuf_16)
     2    0.019463    0.030814    0.085722   10.109350 ^ clkbuf_0_clk/X (sky130_fd_sc_hd__clkbuf_16)
                                                         clknet_0_clk (net)
                      0.030814    0.000251   10.109601 ^ clkbuf_1_1__f_clk/A (sky130_fd_sc_hd__clkbuf_16)
     4    0.011204    0.025322    0.078446   10.188047 ^ clkbuf_1_1__f_clk/X (sky130_fd_sc_hd__clkbuf_16)
                                                         clknet_1_1__leaf_clk (net)
                      0.025322    0.000058   10.188105 ^ _796_/CLK (sky130_fd_sc_hd__dfrtp_1)
                                 -0.250000    9.938105   clock uncertainty
                                  0.000000    9.938105   clock reconvergence pessimism
                                  0.143040   10.081145   library recovery time
                                             10.081145   data required time
---------------------------------------------------------------------------------------------
                                             10.081145   data required time
                                             -2.174474   data arrival time
---------------------------------------------------------------------------------------------
                                              7.906671   slack (MET)


Startpoint: _793_ (rising edge-triggered flip-flop clocked by clk)
Endpoint: sine_out[11] (output port clocked by clk)
Path Group: clk
Path Type: max

Fanout         Cap        Slew       Delay        Time   Description
---------------------------------------------------------------------------------------------
                                  0.000000    0.000000   clock clk (rise edge)
                                  0.000000    0.000000   clock source latency
     1    0.009405    0.036499    0.023628    0.023628 ^ clk (in)
                                                         clk (net)
                      0.036499    0.000000    0.023628 ^ clkbuf_0_clk/A (sky130_fd_sc_hd__clkbuf_16)
     2    0.019463    0.030814    0.085721    0.109350 ^ clkbuf_0_clk/X (sky130_fd_sc_hd__clkbuf_16)
                                                         clknet_0_clk (net)
                      0.030814    0.000205    0.109554 ^ clkbuf_1_0__f_clk/A (sky130_fd_sc_hd__clkbuf_16)
     4    0.013349    0.026746    0.079894    0.189448 ^ clkbuf_1_0__f_clk/X (sky130_fd_sc_hd__clkbuf_16)
                                                         clknet_1_0__leaf_clk (net)
                      0.026746    0.000167    0.189615 ^ _793_/CLK (sky130_fd_sc_hd__dfrtp_1)
     1    0.001893    0.024979    0.214301    0.403916 v _793_/Q (sky130_fd_sc_hd__dfrtp_1)
                                                         tcout[3] (net)
                      0.024979    0.000016    0.403932 v fanout60/A (sky130_fd_sc_hd__dlymetal6s2s_1)
     5    0.020077    0.076637    0.128259    0.532191 v fanout60/X (sky130_fd_sc_hd__dlymetal6s2s_1)
                                                         net60 (net)
                      0.076637    0.000139    0.532330 v fanout57/A (sky130_fd_sc_hd__buf_2)
    10    0.034164    0.062682    0.135917    0.668247 v fanout57/X (sky130_fd_sc_hd__buf_2)
                                                         net57 (net)
                      0.062687    0.000589    0.668836 v fanout56/A (sky130_fd_sc_hd__buf_2)
    10    0.035688    0.064793    0.132398    0.801234 v fanout56/X (sky130_fd_sc_hd__buf_2)
                                                         net56 (net)
                      0.064795    0.000399    0.801633 v _391_/A (sky130_fd_sc_hd__inv_2)
     1    0.003994    0.026191    0.042308    0.843941 ^ _391_/Y (sky130_fd_sc_hd__inv_2)
                                                         _335_ (net)
                      0.026191    0.000065    0.844006 ^ fanout28/A (sky130_fd_sc_hd__buf_2)
     9    0.053019    0.195014    0.181317    1.025323 ^ fanout28/X (sky130_fd_sc_hd__buf_2)
                                                         net28 (net)
                      0.195014    0.000117    1.025441 ^ fanout27/A (sky130_fd_sc_hd__buf_2)
    10    0.042064    0.155764    0.186227    1.211667 ^ fanout27/X (sky130_fd_sc_hd__buf_2)
                                                         net27 (net)
                      0.155818    0.000870    1.212538 ^ _738_/A1 (sky130_fd_sc_hd__o32a_1)
     1    0.001629    0.028308    0.092573    1.305110 ^ _738_/X (sky130_fd_sc_hd__o32a_1)
                                                         _297_ (net)
                      0.028308    0.000007    1.305117 ^ _739_/C_N (sky130_fd_sc_hd__or3b_1)
     1    0.002526    0.041488    0.187464    1.492581 v _739_/X (sky130_fd_sc_hd__or3b_1)
                                                         _298_ (net)
                      0.041488    0.000020    1.492601 v _743_/A2 (sky130_fd_sc_hd__a31oi_1)
     1    0.008546    0.175602    0.176601    1.669203 ^ _743_/Y (sky130_fd_sc_hd__a31oi_1)
                                                         _302_ (net)
                      0.175602    0.000098    1.669300 ^ _749_/C1 (sky130_fd_sc_hd__a211o_1)
     1    0.012434    0.088179    0.107855    1.777155 ^ _749_/X (sky130_fd_sc_hd__a211o_1)
                                                         _308_ (net)
                      0.088179    0.000227    1.777382 ^ _750_/S (sky130_fd_sc_hd__mux2_1)
     1    0.002116    0.035399    0.184269    1.961651 v _750_/X (sky130_fd_sc_hd__mux2_1)
                                                         net4 (net)
                      0.035399    0.000019    1.961670 v output4/A (sky130_fd_sc_hd__buf_2)
     1    0.034049    0.062269    0.119447    2.081117 v output4/X (sky130_fd_sc_hd__buf_2)
                                                         sine_out[11] (net)
                      0.062269    0.000200    2.081317 v sine_out[11] (out)
                                              2.081317   data arrival time

                                 10.000000   10.000000   clock clk (rise edge)
                                  0.000000   10.000000   clock network delay (propagated)
                                 -0.250000    9.750000   clock uncertainty
                                  0.000000    9.750000   clock reconvergence pessimism
                                 -2.000000    7.750000   output external delay
                                              7.750000   data required time
---------------------------------------------------------------------------------------------
                                              7.750000   data required time
                                             -2.081317   data arrival time
---------------------------------------------------------------------------------------------
                                              5.668683   slack (MET)




===========================================================================
report_checks --slack_max -0.01
============================================================================
======================= min_ff_n40C_1v95 Corner ===================================

No paths found.


===========================================================================
 report_check_types -max_slew -max_cap -max_fanout -violators
============================================================================
======================= min_ff_n40C_1v95 Corner ===================================



===========================================================================
report_parasitic_annotation -report_unannotated
============================================================================
Found 0 unannotated drivers.
Found 0 partially unannotated drivers.

===========================================================================
max slew violation count 0
max fanout violation count 0
max cap violation count 0
============================================================================

===========================================================================
check_setup -verbose -unconstrained_endpoints -multiple_clock -no_clock -no_input_delay -loops -generated_clocks
===========================================================================
