Clock: clk
Sources: clk 
Generated: no
Virtual: yes
Propagated: no
Period: 10.000000

===========================================================================
report_clock_properties
============================================================================
Clock                   Period          Waveform
----------------------------------------------------
clk                  10.000000    0.000000  5.000000

===========================================================================
report_clock_latency
============================================================================
Clock clk
rise -> rise
    min     max
0.000000 0.000000 source latency
0.188104         network latency _797_/CLK
        0.189660 network latency _794_/CLK
---------------
0.188104 0.189660 latency
        0.001556 skew

fall -> fall
    min     max
0.000000 0.000000 source latency
0.189845         network latency _797_/CLK
        0.191190 network latency _794_/CLK
---------------
0.189845 0.191190 latency
        0.001345 skew



===========================================================================
report_clock_min_period
============================================================================
clk period_min = 1.53 fmax = 652.15
