Clock: clk
Sources: clk 
Generated: no
Virtual: yes
Propagated: no
Period: 5.100000

===========================================================================
report_clock_properties
============================================================================
Clock                   Period          Waveform
----------------------------------------------------
clk                   5.100000    0.000000  2.550000

===========================================================================
report_clock_latency
============================================================================
Clock clk
rise -> rise
    min     max
0.000000 0.000000 source latency
0.758742         network latency mem_i0/clk1
        0.800407 network latency _128_/CLK
---------------
0.758742 0.800407 latency
        0.041665 skew

fall -> fall
    min     max
0.000000 0.000000 source latency
0.603709         network latency mem_i0/clk1
        0.636894 network latency _128_/CLK
---------------
0.603709 0.636894 latency
        0.033186 skew



===========================================================================
report_clock_min_period
============================================================================
clk period_min = 1.71 fmax = 584.02
