Clock: clk
Sources: clk 
Generated: no
Virtual: yes
Propagated: no
Period: 5.100000

===========================================================================
report_clock_properties
============================================================================
Clock                   Period          Waveform
----------------------------------------------------
clk                   5.100000    0.000000  2.550000

===========================================================================
report_clock_latency
============================================================================
Clock clk
rise -> rise
    min     max
0.000000 0.000000 source latency
0.653299         network latency _584_/CLK
        0.653299 network latency _584_/CLK
---------------
0.653299 0.653299 latency
        0.000000 skew

fall -> fall
    min     max
0.000000 0.000000 source latency
0.372834         network latency _584_/CLK
        0.372834 network latency _584_/CLK
---------------
0.372834 0.372834 latency
        0.000000 skew



===========================================================================
report_clock_min_period
============================================================================
clk period_min = 6.10 fmax = 163.88
