Starting…
Running 'Verilator.Lint' at 'runs/RUN_2025-03-03_16-32-44/01-verilator-lint'…
Logging subprocess to [repr.filename]'runs/RUN_2025-03-03_16-32-44/01-verilator-lint/verilator-lint.log'[/repr.filename]…
Running 'Checker.LintTimingConstructs' at 'runs/RUN_2025-03-03_16-32-44/02-checker-linttimingconstructs'…
Check for Lint Timing Errors clear.
Running 'Checker.LintErrors' at 'runs/RUN_2025-03-03_16-32-44/03-checker-linterrors'…
Check for Lint errors clear.
Running 'Checker.LintWarnings' at 'runs/RUN_2025-03-03_16-32-44/04-checker-lintwarnings'…
14 Lint warnings found.
Running 'Yosys.JsonHeader' at 'runs/RUN_2025-03-03_16-32-44/05-yosys-jsonheader'…
Logging subprocess to [repr.filename]'runs/RUN_2025-03-03_16-32-44/05-yosys-jsonheader/yosys-jsonheader.log'[/repr.filename]…
Running 'Yosys.Synthesis' at 'runs/RUN_2025-03-03_16-32-44/06-yosys-synthesis'…
Logging subprocess to [repr.filename]'runs/RUN_2025-03-03_16-32-44/06-yosys-synthesis/yosys-synthesis.log'[/repr.filename]…
Parsing synthesis checks…
Running 'Checker.YosysUnmappedCells' at 'runs/RUN_2025-03-03_16-32-44/07-checker-yosysunmappedcells'…
Check for Unmapped Yosys instances clear.
Running 'Checker.YosysSynthChecks' at 'runs/RUN_2025-03-03_16-32-44/08-checker-yosyssynthchecks'…
Check for Yosys check errors clear.
Running 'Checker.NetlistAssignStatements' at 'runs/RUN_2025-03-03_16-32-44/09-checker-netlistassignstatements'…
Running 'OpenROAD.CheckSDCFiles' at 'runs/RUN_2025-03-03_16-32-44/10-openroad-checksdcfiles'…
'PNR_SDC_FILE' is not defined. Using generic fallback SDC for OpenROAD PnR steps.
'SIGNOFF_SDC_FILE' is not defined. Using generic fallback SDC for OpenROAD PnR steps.
Running 'OpenROAD.CheckMacroInstances' at 'runs/RUN_2025-03-03_16-32-44/11-openroad-checkmacroinstances'…
No libs found for macro ram256x16 at corner nom_tt_025C_1v80. The module will be black-boxed.
Logging subprocess to [repr.filename]'runs/RUN_2025-03-03_16-32-44/11-openroad-checkmacroinstances/openroad-checkmacroinstances.log'[/repr.filename]…
Running 'OpenROAD.STAPrePNR' at 'runs/RUN_2025-03-03_16-32-44/12-openroad-staprepnr'…
No libs found for macro ram256x16 at corner nom_tt_025C_1v80. The module will be black-boxed.
Starting STA for the nom_tt_025C_1v80 timing corner…
No libs found for macro ram256x16 at corner nom_ss_100C_1v60. The module will be black-boxed.
Starting STA for the nom_ss_100C_1v60 timing corner…
No libs found for macro ram256x16 at corner nom_ff_n40C_1v95. The module will be black-boxed.
Logging subprocess to [repr.filename]'runs/RUN_2025-03-03_16-32-44/12-openroad-staprepnr/nom_tt_025C_1v80/sta.log'[/repr.filename]…
Starting STA for the nom_ff_n40C_1v95 timing corner…
No libs found for macro ram256x16 at corner min_tt_025C_1v80. The module will be black-boxed.
Skipping corner min_tt_025C_1v80 for STA (identical to nom_tt_025C_1v80 at this stage)…
Logging subprocess to [repr.filename]'runs/RUN_2025-03-03_16-32-44/12-openroad-staprepnr/nom_ss_100C_1v60/sta.log'[/repr.filename]…
No libs found for macro ram256x16 at corner min_ss_100C_1v60. The module will be black-boxed.
Skipping corner min_ss_100C_1v60 for STA (identical to nom_ss_100C_1v60 at this stage)…
Logging subprocess to [repr.filename]'runs/RUN_2025-03-03_16-32-44/12-openroad-staprepnr/nom_ff_n40C_1v95/sta.log'[/repr.filename]…
No libs found for macro ram256x16 at corner min_ff_n40C_1v95. The module will be black-boxed.
Skipping corner min_ff_n40C_1v95 for STA (identical to nom_ff_n40C_1v95 at this stage)…
No libs found for macro ram256x16 at corner max_tt_025C_1v80. The module will be black-boxed.
Skipping corner max_tt_025C_1v80 for STA (identical to nom_tt_025C_1v80 at this stage)…
No libs found for macro ram256x16 at corner max_ss_100C_1v60. The module will be black-boxed.
Skipping corner max_ss_100C_1v60 for STA (identical to nom_ss_100C_1v60 at this stage)…
No libs found for macro ram256x16 at corner max_ff_n40C_1v95. The module will be black-boxed.
Skipping corner max_ff_n40C_1v95 for STA (identical to nom_ff_n40C_1v95 at this stage)…
Finished STA for the nom_tt_025C_1v80 timing corner.
Finished STA for the nom_ss_100C_1v60 timing corner.
Finished STA for the nom_ff_n40C_1v95 timing corner.
Running 'OpenROAD.Floorplan' at 'runs/RUN_2025-03-03_16-32-44/13-openroad-floorplan'…
Logging subprocess to [repr.filename]'runs/RUN_2025-03-03_16-32-44/13-openroad-floorplan/openroad-floorplan.log'[/repr.filename]…
[ORD-2011] LEF master ram256x16 has no liberty cell.
Running 'Odb.CheckMacroAntennaProperties' at 'runs/RUN_2025-03-03_16-32-44/14-odb-checkmacroantennaproperties'…
Logging subprocess to [repr.filename]'runs/RUN_2025-03-03_16-32-44/14-odb-checkmacroantennaproperties/odb-checkmacroantennaproperties.log'[/repr.filename]…
Cell 'ram256x16' has (36) input pin(s) without antenna gate information. They might not be connected to a gate.
Cell 'ram256x16' has (16) output pin(s) without antenna diffusion information. They might not be driven.
Running 'Odb.SetPowerConnections' at 'runs/RUN_2025-03-03_16-32-44/15-odb-setpowerconnections'…
Logging subprocess to [repr.filename]'runs/RUN_2025-03-03_16-32-44/15-odb-setpowerconnections/odb-setpowerconnections.log'[/repr.filename]…
Running 'Odb.ManualMacroPlacement' at 'runs/RUN_2025-03-03_16-32-44/16-odb-manualmacroplacement'…
Logging subprocess to [repr.filename]'runs/RUN_2025-03-03_16-32-44/16-odb-manualmacroplacement/odb-manualmacroplacement.log'[/repr.filename]…
Running 'OpenROAD.CutRows' at 'runs/RUN_2025-03-03_16-32-44/17-openroad-cutrows'…
Logging subprocess to [repr.filename]'runs/RUN_2025-03-03_16-32-44/17-openroad-cutrows/openroad-cutrows.log'[/repr.filename]…
Running 'OpenROAD.TapEndcapInsertion' at 'runs/RUN_2025-03-03_16-32-44/18-openroad-tapendcapinsertion'…
Logging subprocess to [repr.filename]'runs/RUN_2025-03-03_16-32-44/18-openroad-tapendcapinsertion/openroad-tapendcapinsertion.log'[/repr.filename]…
Running 'Odb.AddPDNObstructions' at 'runs/RUN_2025-03-03_16-32-44/19-odb-addpdnobstructions'…
'PDN_OBSTRUCTIONS' is not defined. Skipping 'Odb.AddPDNObstructions'…
Running 'OpenROAD.GeneratePDN' at 'runs/RUN_2025-03-03_16-32-44/20-openroad-generatepdn'…
'FP_PDN_CFG' not explicitly set, setting it to /nix/store/ss2cw3sxbrwwx9jl0rrppbw4kgcmgi2n-python3-3.11.9-env/lib/python3.11/site-packages/openlane/scripts/openroad/common/pdn_cfg.tcl…
Logging subprocess to [repr.filename]'runs/RUN_2025-03-03_16-32-44/20-openroad-generatepdn/openroad-generatepdn.log'[/repr.filename]…
Running 'Odb.RemovePDNObstructions' at 'runs/RUN_2025-03-03_16-32-44/21-odb-removepdnobstructions'…
'PDN_OBSTRUCTIONS' is not defined. Skipping 'Odb.RemovePDNObstructions'…
Running 'Odb.AddRoutingObstructions' at 'runs/RUN_2025-03-03_16-32-44/22-odb-addroutingobstructions'…
'ROUTING_OBSTRUCTIONS' is not defined. Skipping 'Odb.AddRoutingObstructions'…
Running 'OpenROAD.GlobalPlacementSkipIO' at 'runs/RUN_2025-03-03_16-32-44/23-openroad-globalplacementskipio'…
'PL_TARGET_DENSITY_PCT' not explicitly set, using dynamically calculated target density: 75.58600…
Logging subprocess to [repr.filename]'runs/RUN_2025-03-03_16-32-44/23-openroad-globalplacementskipio/openroad-globalplacementskipio.log'[/repr.filename]…
Running 'OpenROAD.IOPlacement' at 'runs/RUN_2025-03-03_16-32-44/24-openroad-ioplacement'…
Logging subprocess to [repr.filename]'runs/RUN_2025-03-03_16-32-44/24-openroad-ioplacement/openroad-ioplacement.log'[/repr.filename]…
Running 'Odb.CustomIOPlacement' at 'runs/RUN_2025-03-03_16-32-44/25-odb-customioplacement'…
No custom floorplan file configured, skipping…
Running 'Odb.ApplyDEFTemplate' at 'runs/RUN_2025-03-03_16-32-44/26-odb-applydeftemplate'…
No DEF template provided, skipping…
Running 'OpenROAD.GlobalPlacement' at 'runs/RUN_2025-03-03_16-32-44/27-openroad-globalplacement'…
'PL_TARGET_DENSITY_PCT' not explicitly set, using dynamically calculated target density: 75.58600…
Logging subprocess to [repr.filename]'runs/RUN_2025-03-03_16-32-44/27-openroad-globalplacement/openroad-globalplacement.log'[/repr.filename]…
Running 'Odb.WriteVerilogHeader' at 'runs/RUN_2025-03-03_16-32-44/28-odb-writeverilogheader'…
Logging subprocess to [repr.filename]'runs/RUN_2025-03-03_16-32-44/28-odb-writeverilogheader/odb-writeverilogheader.log'[/repr.filename]…
Running 'Checker.PowerGridViolations' at 'runs/RUN_2025-03-03_16-32-44/29-checker-powergridviolations'…
Check for power grid violations (as reported by OpenROAD PSM- you may ignore these if LVS passes) clear.
Running 'OpenROAD.STAMidPNR' at 'runs/RUN_2025-03-03_16-32-44/30-openroad-stamidpnr'…
Logging subprocess to [repr.filename]'runs/RUN_2025-03-03_16-32-44/30-openroad-stamidpnr/openroad-stamidpnr.log'[/repr.filename]…
[GRT-0097] No global routing found for nets.
Running 'OpenROAD.RepairDesignPostGPL' at 'runs/RUN_2025-03-03_16-32-44/31-openroad-repairdesignpostgpl'…
No libs found for macro ram256x16 at corner nom_tt_025C_1v80. The module will be black-boxed.
No libs found for macro ram256x16 at corner nom_ss_100C_1v60. The module will be black-boxed.
No libs found for macro ram256x16 at corner nom_ff_n40C_1v95. The module will be black-boxed.
No libs found for macro ram256x16 at corner min_tt_025C_1v80. The module will be black-boxed.
No libs found for macro ram256x16 at corner min_ss_100C_1v60. The module will be black-boxed.
No libs found for macro ram256x16 at corner min_ff_n40C_1v95. The module will be black-boxed.
No libs found for macro ram256x16 at corner max_tt_025C_1v80. The module will be black-boxed.
No libs found for macro ram256x16 at corner max_ss_100C_1v60. The module will be black-boxed.
No libs found for macro ram256x16 at corner max_ff_n40C_1v95. The module will be black-boxed.
Logging subprocess to [repr.filename]'runs/RUN_2025-03-03_16-32-44/31-openroad-repairdesignpostgpl/openroad-repairdesignpostgpl.log'[/repr.filename]…
Running 'Odb.ManualGlobalPlacement' at 'runs/RUN_2025-03-03_16-32-44/32-odb-manualglobalplacement'…
'MANUAL_GLOBAL_PLACEMENTS' not set, skipping…
Running 'OpenROAD.DetailedPlacement' at 'runs/RUN_2025-03-03_16-32-44/33-openroad-detailedplacement'…
Logging subprocess to [repr.filename]'runs/RUN_2025-03-03_16-32-44/33-openroad-detailedplacement/openroad-detailedplacement.log'[/repr.filename]…
Running 'OpenROAD.CTS' at 'runs/RUN_2025-03-03_16-32-44/34-openroad-cts'…
No libs found for macro ram256x16 at corner nom_tt_025C_1v80. The module will be black-boxed.
No libs found for macro ram256x16 at corner nom_ss_100C_1v60. The module will be black-boxed.
No libs found for macro ram256x16 at corner nom_ff_n40C_1v95. The module will be black-boxed.
No libs found for macro ram256x16 at corner min_tt_025C_1v80. The module will be black-boxed.
No libs found for macro ram256x16 at corner min_ss_100C_1v60. The module will be black-boxed.
No libs found for macro ram256x16 at corner min_ff_n40C_1v95. The module will be black-boxed.
No libs found for macro ram256x16 at corner max_tt_025C_1v80. The module will be black-boxed.
No libs found for macro ram256x16 at corner max_ss_100C_1v60. The module will be black-boxed.
No libs found for macro ram256x16 at corner max_ff_n40C_1v95. The module will be black-boxed.
Logging subprocess to [repr.filename]'runs/RUN_2025-03-03_16-32-44/34-openroad-cts/openroad-cts.log'[/repr.filename]…
Running 'OpenROAD.STAMidPNR-1' at 'runs/RUN_2025-03-03_16-32-44/35-openroad-stamidpnr-1'…
Logging subprocess to [repr.filename]'runs/RUN_2025-03-03_16-32-44/35-openroad-stamidpnr-1/openroad-stamidpnr-1.log'[/repr.filename]…
[GRT-0097] No global routing found for nets.
Running 'OpenROAD.ResizerTimingPostCTS' at 'runs/RUN_2025-03-03_16-32-44/36-openroad-resizertimingpostcts'…
No libs found for macro ram256x16 at corner nom_tt_025C_1v80. The module will be black-boxed.
No libs found for macro ram256x16 at corner nom_ss_100C_1v60. The module will be black-boxed.
No libs found for macro ram256x16 at corner nom_ff_n40C_1v95. The module will be black-boxed.
No libs found for macro ram256x16 at corner min_tt_025C_1v80. The module will be black-boxed.
No libs found for macro ram256x16 at corner min_ss_100C_1v60. The module will be black-boxed.
No libs found for macro ram256x16 at corner min_ff_n40C_1v95. The module will be black-boxed.
No libs found for macro ram256x16 at corner max_tt_025C_1v80. The module will be black-boxed.
No libs found for macro ram256x16 at corner max_ss_100C_1v60. The module will be black-boxed.
No libs found for macro ram256x16 at corner max_ff_n40C_1v95. The module will be black-boxed.
Logging subprocess to [repr.filename]'runs/RUN_2025-03-03_16-32-44/36-openroad-resizertimingpostcts/openroad-resizertimingpostcts.log'[/repr.filename]…
Running 'OpenROAD.STAMidPNR-2' at 'runs/RUN_2025-03-03_16-32-44/37-openroad-stamidpnr-2'…
Logging subprocess to [repr.filename]'runs/RUN_2025-03-03_16-32-44/37-openroad-stamidpnr-2/openroad-stamidpnr-2.log'[/repr.filename]…
[GRT-0097] No global routing found for nets.
Running 'OpenROAD.GlobalRouting' at 'runs/RUN_2025-03-03_16-32-44/38-openroad-globalrouting'…
Logging subprocess to [repr.filename]'runs/RUN_2025-03-03_16-32-44/38-openroad-globalrouting/openroad-globalrouting.log'[/repr.filename]…
Running 'OpenROAD.CheckAntennas' at 'runs/RUN_2025-03-03_16-32-44/39-openroad-checkantennas'…
Logging subprocess to [repr.filename]'runs/RUN_2025-03-03_16-32-44/39-openroad-checkantennas/openroad-checkantennas.log'[/repr.filename]…
Gating variable for step 'OpenROAD.RepairDesignPostGRT' set to 'False'- the step will be skipped.
Skipping step 'Repair Design (Post-Global Routing)'…
Running 'Odb.DiodesOnPorts' at 'runs/RUN_2025-03-03_16-32-44/40-odb-diodesonports'…
'DIODE_ON_PORTS' is set to 'none': skipping…
Gating variable for step 'Odb.HeuristicDiodeInsertion' set to 'False'- the step will be skipped.
Skipping step 'Heuristic Diode Insertion'…
Running 'OpenROAD.RepairAntennas' at 'runs/RUN_2025-03-03_16-32-44/41-openroad-repairantennas'…
Running 'DiodeInsertion' at 'runs/RUN_2025-03-03_16-32-44/41-openroad-repairantennas/1-diodeinsertion'…
Logging subprocess to [repr.filename]'runs/RUN_2025-03-03_16-32-44/41-openroad-repairantennas/1-diodeinsertion/diodeinsertion.log'[/repr.filename]…
Running 'OpenROAD.CheckAntennas' at 'runs/RUN_2025-03-03_16-32-44/41-openroad-repairantennas/2-openroad-checkantennas'…
Logging subprocess to [repr.filename]'runs/RUN_2025-03-03_16-32-44/41-openroad-repairantennas/2-openroad-checkantennas/openroad-checkantennas.log'[/repr.filename]…
Gating variable for step 'OpenROAD.ResizerTimingPostGRT' set to 'False'- the step will be skipped.
Skipping step 'Resizer Timing Optimizations (Post-Global Routing)'…
Running 'OpenROAD.STAMidPNR-3' at 'runs/RUN_2025-03-03_16-32-44/42-openroad-stamidpnr-3'…
Logging subprocess to [repr.filename]'runs/RUN_2025-03-03_16-32-44/42-openroad-stamidpnr-3/openroad-stamidpnr-3.log'[/repr.filename]…
Running 'OpenROAD.DetailedRouting' at 'runs/RUN_2025-03-03_16-32-44/43-openroad-detailedrouting'…
Running TritonRoute with 12 threads…
Logging subprocess to [repr.filename]'runs/RUN_2025-03-03_16-32-44/43-openroad-detailedrouting/openroad-detailedrouting.log'[/repr.filename]…
[DRT-0349] LEF58_ENCLOSURE with no CUTCLASS is not supported. Skipping for layer mcon
[DRT-0349] LEF58_ENCLOSURE with no CUTCLASS is not supported. Skipping for layer mcon
[DRT-0349] LEF58_ENCLOSURE with no CUTCLASS is not supported. Skipping for layer via
[DRT-0349] LEF58_ENCLOSURE with no CUTCLASS is not supported. Skipping for layer via
[DRT-0349] LEF58_ENCLOSURE with no CUTCLASS is not supported. Skipping for layer via2
[DRT-0349] LEF58_ENCLOSURE with no CUTCLASS is not supported. Skipping for layer via2
[DRT-0349] LEF58_ENCLOSURE with no CUTCLASS is not supported. Skipping for layer via3
[DRT-0349] LEF58_ENCLOSURE with no CUTCLASS is not supported. Skipping for layer via3
[DRT-0349] LEF58_ENCLOSURE with no CUTCLASS is not supported. Skipping for layer via4
[DRT-0349] LEF58_ENCLOSURE with no CUTCLASS is not supported. Skipping for layer via4
[DRT-0418] Term mem_i/addr0[3] has no pins on routing grid
[DRT-0418] Term mem_i/addr0[4] has no pins on routing grid
[DRT-0418] Term mem_i/addr0[7] has no pins on routing grid
[DRT-0418] Term mem_i/clk1 has no pins on routing grid
[DRT-0418] Term mem_i/dout1[0] has no pins on routing grid
[DRT-0418] Term mem_i/dout1[1] has no pins on routing grid
[DRT-0418] Term mem_i/dout1[3] has no pins on routing grid
[DRT-0418] Term mem_i/dout1[5] has no pins on routing grid
[DRT-0418] Term mem_i/dout1[7] has no pins on routing grid
[DRT-0418] Term mem_i/dout1[8] has no pins on routing grid
[DRT-0418] Term mem_i/dout1[10] has no pins on routing grid
[DRT-0418] Term mem_i/dout1[12] has no pins on routing grid
[DRT-0418] Term mem_i/dout1[14] has no pins on routing grid
[DRT-0418] Term mem_i/dout1[15] has no pins on routing grid
Running 'Odb.RemoveRoutingObstructions' at 'runs/RUN_2025-03-03_16-32-44/44-odb-removeroutingobstructions'…
'ROUTING_OBSTRUCTIONS' is not defined. Skipping 'Odb.RemoveRoutingObstructions'…
Running 'OpenROAD.CheckAntennas-1' at 'runs/RUN_2025-03-03_16-32-44/45-openroad-checkantennas-1'…
Logging subprocess to [repr.filename]'runs/RUN_2025-03-03_16-32-44/45-openroad-checkantennas-1/openroad-checkantennas-1.log'[/repr.filename]…
Running 'Checker.TrDRC' at 'runs/RUN_2025-03-03_16-32-44/46-checker-trdrc'…
Check for Routing DRC errors clear.
Running 'Odb.ReportDisconnectedPins' at 'runs/RUN_2025-03-03_16-32-44/47-odb-reportdisconnectedpins'…
Logging subprocess to [repr.filename]'runs/RUN_2025-03-03_16-32-44/47-odb-reportdisconnectedpins/odb-reportdisconnectedpins.log'[/repr.filename]…
Running 'Checker.DisconnectedPins' at 'runs/RUN_2025-03-03_16-32-44/48-checker-disconnectedpins'…
Check for critical disconnected pins clear.
Running 'Odb.ReportWireLength' at 'runs/RUN_2025-03-03_16-32-44/49-odb-reportwirelength'…
Logging subprocess to [repr.filename]'runs/RUN_2025-03-03_16-32-44/49-odb-reportwirelength/odb-reportwirelength.log'[/repr.filename]…
Running 'Checker.WireLength' at 'runs/RUN_2025-03-03_16-32-44/50-checker-wirelength'…
Threshold for Threshold-surpassing long wires is not set. The checker will be skipped.
Running 'OpenROAD.FillInsertion' at 'runs/RUN_2025-03-03_16-32-44/51-openroad-fillinsertion'…
Logging subprocess to [repr.filename]'runs/RUN_2025-03-03_16-32-44/51-openroad-fillinsertion/openroad-fillinsertion.log'[/repr.filename]…
Running 'Odb.CellFrequencyTables' at 'runs/RUN_2025-03-03_16-32-44/52-odb-cellfrequencytables'…
Logging subprocess to [repr.filename]'runs/RUN_2025-03-03_16-32-44/52-odb-cellfrequencytables/buffer_list.txt'[/repr.filename]…
Logging subprocess to [repr.filename]'runs/RUN_2025-03-03_16-32-44/52-odb-cellfrequencytables/odb-cellfrequencytables.log'[/repr.filename]…
Running 'OpenROAD.RCX' at 'runs/RUN_2025-03-03_16-32-44/53-openroad-rcx'…
Running RCX for corners matching nom_* (/home/thanh/NCO/runs/RUN_2025-03-03_16-32-44/53-openroad-rcx/nom/rcx.log)…
Running RCX for corners matching min_* (/home/thanh/NCO/runs/RUN_2025-03-03_16-32-44/53-openroad-rcx/min/rcx.log)…
Running RCX for corners matching max_* (/home/thanh/NCO/runs/RUN_2025-03-03_16-32-44/53-openroad-rcx/max/rcx.log)…
Logging subprocess to [repr.filename]'runs/RUN_2025-03-03_16-32-44/53-openroad-rcx/nom/rcx.log'[/repr.filename]…
Logging subprocess to [repr.filename]'runs/RUN_2025-03-03_16-32-44/53-openroad-rcx/min/rcx.log'[/repr.filename]…
Logging subprocess to [repr.filename]'runs/RUN_2025-03-03_16-32-44/53-openroad-rcx/max/rcx.log'[/repr.filename]…
Finished RCX for corners matching nom_*.
Finished RCX for corners matching max_*.
Finished RCX for corners matching min_*.
Running 'OpenROAD.STAPostPNR' at 'runs/RUN_2025-03-03_16-32-44/54-openroad-stapostpnr'…
No libs found for macro ram256x16 at corner nom_tt_025C_1v80. The module will be black-boxed.
Starting STA for the nom_tt_025C_1v80 timing corner…
No libs found for macro ram256x16 at corner nom_ss_100C_1v60. The module will be black-boxed.
Starting STA for the nom_ss_100C_1v60 timing corner…
No libs found for macro ram256x16 at corner nom_ff_n40C_1v95. The module will be black-boxed.
Logging subprocess to [repr.filename]'runs/RUN_2025-03-03_16-32-44/54-openroad-stapostpnr/nom_tt_025C_1v80/sta.log'[/repr.filename]…
Starting STA for the nom_ff_n40C_1v95 timing corner…
No libs found for macro ram256x16 at corner min_tt_025C_1v80. The module will be black-boxed.
Starting STA for the min_tt_025C_1v80 timing corner…
No libs found for macro ram256x16 at corner min_ss_100C_1v60. The module will be black-boxed.
Logging subprocess to [repr.filename]'runs/RUN_2025-03-03_16-32-44/54-openroad-stapostpnr/nom_ss_100C_1v60/sta.log'[/repr.filename]…
Starting STA for the min_ss_100C_1v60 timing corner…
No libs found for macro ram256x16 at corner min_ff_n40C_1v95. The module will be black-boxed.
Logging subprocess to [repr.filename]'runs/RUN_2025-03-03_16-32-44/54-openroad-stapostpnr/nom_ff_n40C_1v95/sta.log'[/repr.filename]…
Starting STA for the min_ff_n40C_1v95 timing corner…
No libs found for macro ram256x16 at corner max_tt_025C_1v80. The module will be black-boxed.
Logging subprocess to [repr.filename]'runs/RUN_2025-03-03_16-32-44/54-openroad-stapostpnr/min_tt_025C_1v80/sta.log'[/repr.filename]…
Logging subprocess to [repr.filename]'runs/RUN_2025-03-03_16-32-44/54-openroad-stapostpnr/min_ss_100C_1v60/sta.log'[/repr.filename]…
Starting STA for the max_tt_025C_1v80 timing corner…
No libs found for macro ram256x16 at corner max_ss_100C_1v60. The module will be black-boxed.
Logging subprocess to [repr.filename]'runs/RUN_2025-03-03_16-32-44/54-openroad-stapostpnr/min_ff_n40C_1v95/sta.log'[/repr.filename]…
Starting STA for the max_ss_100C_1v60 timing corner…
No libs found for macro ram256x16 at corner max_ff_n40C_1v95. The module will be black-boxed.
Logging subprocess to [repr.filename]'runs/RUN_2025-03-03_16-32-44/54-openroad-stapostpnr/max_tt_025C_1v80/sta.log'[/repr.filename]…
Starting STA for the max_ff_n40C_1v95 timing corner…
Logging subprocess to [repr.filename]'runs/RUN_2025-03-03_16-32-44/54-openroad-stapostpnr/max_ss_100C_1v60/sta.log'[/repr.filename]…
Logging subprocess to [repr.filename]'runs/RUN_2025-03-03_16-32-44/54-openroad-stapostpnr/max_ff_n40C_1v95/sta.log'[/repr.filename]…
Finished STA for the nom_tt_025C_1v80 timing corner.
Logging subprocess to [repr.filename]'runs/RUN_2025-03-03_16-32-44/54-openroad-stapostpnr/nom_tt_025C_1v80/filter_unannotated.log'[/repr.filename]…
Finished STA for the nom_ss_100C_1v60 timing corner.
Logging subprocess to [repr.filename]'runs/RUN_2025-03-03_16-32-44/54-openroad-stapostpnr/nom_ss_100C_1v60/filter_unannotated.log'[/repr.filename]…
Finished STA for the min_ss_100C_1v60 timing corner.
Logging subprocess to [repr.filename]'runs/RUN_2025-03-03_16-32-44/54-openroad-stapostpnr/min_ss_100C_1v60/filter_unannotated.log'[/repr.filename]…
Finished STA for the min_tt_025C_1v80 timing corner.
Finished STA for the nom_ff_n40C_1v95 timing corner.
Finished STA for the max_ss_100C_1v60 timing corner.
Logging subprocess to [repr.filename]'runs/RUN_2025-03-03_16-32-44/54-openroad-stapostpnr/nom_ff_n40C_1v95/filter_unannotated.log'[/repr.filename]…
Finished STA for the min_ff_n40C_1v95 timing corner.
Logging subprocess to [repr.filename]'runs/RUN_2025-03-03_16-32-44/54-openroad-stapostpnr/min_tt_025C_1v80/filter_unannotated.log'[/repr.filename]…
Finished STA for the max_tt_025C_1v80 timing corner.
Finished STA for the max_ff_n40C_1v95 timing corner.
Logging subprocess to [repr.filename]'runs/RUN_2025-03-03_16-32-44/54-openroad-stapostpnr/max_ss_100C_1v60/filter_unannotated.log'[/repr.filename]…
Logging subprocess to [repr.filename]'runs/RUN_2025-03-03_16-32-44/54-openroad-stapostpnr/max_tt_025C_1v80/filter_unannotated.log'[/repr.filename]…
Logging subprocess to [repr.filename]'runs/RUN_2025-03-03_16-32-44/54-openroad-stapostpnr/min_ff_n40C_1v95/filter_unannotated.log'[/repr.filename]…
Logging subprocess to [repr.filename]'runs/RUN_2025-03-03_16-32-44/54-openroad-stapostpnr/max_ff_n40C_1v95/filter_unannotated.log'[/repr.filename]…
Running 'OpenROAD.IRDropReport' at 'runs/RUN_2025-03-03_16-32-44/55-openroad-irdropreport'…
'VSRC_LOC_FILES' was not given a value, which may make the results of IR drop analysis inaccurate. If you are not integrating a top-level chip for manufacture, you may ignore this warning, otherwise, see the documentation for 'VSRC_LOC_FILES'.
Logging subprocess to [repr.filename]'runs/RUN_2025-03-03_16-32-44/55-openroad-irdropreport/openroad-irdropreport.log'[/repr.filename]…
[INFO PSM-0040] All shapes on net vccd1 are connected.
########## IR report #################
Net              : vccd1
Corner           : nom_tt_025C_1v80
Supply voltage   : 1.80e+00 V
Worstcase voltage: 1.80e+00 V
Average voltage  : 1.80e+00 V
Average IR drop  : 6.89e-06 V
Worstcase IR drop: 3.90e-04 V
Percentage drop  : 0.02 %
######################################
[INFO PSM-0040] All shapes on net vssd1 are connected.
########## IR report #################
Net              : vssd1
Corner           : nom_tt_025C_1v80
Supply voltage   : 0.00e+00 V
Worstcase voltage: 4.38e-04 V
Average voltage  : 7.50e-06 V
Average IR drop  : 7.50e-06 V
Worstcase IR drop: 4.38e-04 V
Percentage drop  : 0.02 %
######################################

Running 'Magic.StreamOut' at 'runs/RUN_2025-03-03_16-32-44/56-magic-streamout'…
Logging subprocess to [repr.filename]'runs/RUN_2025-03-03_16-32-44/56-magic-streamout/ram256x16.get_bbox.log'[/repr.filename]…
Error while reading cell "sky130_fd_bd_sram__openram_dp_cell" (byte position 4767074): Unknown layer/datatype in boundary, layer=33 type=42

Error while reading cell "sky130_fd_bd_sram__openram_dp_cell" (byte position 4770850): Unknown layer/datatype in boundary, layer=33 type=43

Error while reading cell "sky130_fd_bd_sram__openram_dp_cell" (byte position 4775042): Unknown layer/datatype in boundary, layer=22 type=21

Error while reading cell "sky130_fd_bd_sram__openram_dp_cell" (byte position 4781570): Unknown layer/datatype in boundary, layer=22 type=22

Error while reading cell "sky130_fd_bd_sram__openram_dp_cell" (byte position 4785954): Unknown layer/datatype in boundary, layer=235 type=0

Error while reading cell "sky130_fd_bd_sram__openram_dp_cell_replica" (byte position 4853746): Unknown layer/datatype in boundary, layer=33 type=42

Error while reading cell "sky130_fd_bd_sram__openram_dp_cell_replica" (byte position 4857522): Unknown layer/datatype in boundary, layer=33 type=43

Error while reading cell "sky130_fd_bd_sram__openram_dp_cell_replica" (byte position 4861714): Unknown layer/datatype in boundary, layer=22 type=21

Error while reading cell "sky130_fd_bd_sram__openram_dp_cell_replica" (byte position 4868242): Unknown layer/datatype in boundary, layer=22 type=22

Error while reading cell "sky130_fd_bd_sram__openram_dp_cell_replica" (byte position 4872626): Unknown layer/datatype in boundary, layer=235 type=0

Error while reading cell "sky130_fd_bd_sram__openram_dp_cell_dummy" (byte position 4881816): Unknown layer/datatype in boundary, layer=33 type=42

Error while reading cell "sky130_fd_bd_sram__openram_dp_cell_dummy" (byte position 4885592): Unknown layer/datatype in boundary, layer=33 type=43

Error while reading cell "sky130_fd_bd_sram__openram_dp_cell_dummy" (byte position 4889784): Unknown layer/datatype in boundary, layer=22 type=21

Error while reading cell "sky130_fd_bd_sram__openram_dp_cell_dummy" (byte position 4894648): Unknown layer/datatype in boundary, layer=22 type=22

Error while reading cell "sky130_fd_bd_sram__openram_dp_cell_dummy" (byte position 4898904): Unknown layer/datatype in boundary, layer=235 type=0

Error while reading cell "sky130_fd_bd_sram__openram_dp_cell_cap_row" (byte position 5221650): Unknown layer/datatype in boundary, layer=33 type=42

Error while reading cell "sky130_fd_bd_sram__openram_dp_cell_cap_row" (byte position 5222354): Unknown layer/datatype in boundary, layer=33 type=43

Error while reading cell "sky130_fd_bd_sram__openram_dp_cell_cap_row" (byte position 5223378): Unknown layer/datatype in boundary, layer=22 type=21

Logging subprocess to [repr.filename]'runs/RUN_2025-03-03_16-32-44/56-magic-streamout/magic-streamout.log'[/repr.filename]…
Running 'KLayout.StreamOut' at 'runs/RUN_2025-03-03_16-32-44/57-klayout-streamout'…
Logging subprocess to [repr.filename]'runs/RUN_2025-03-03_16-32-44/57-klayout-streamout/klayout-streamout.log'[/repr.filename]…
Running 'Magic.WriteLEF' at 'runs/RUN_2025-03-03_16-32-44/58-magic-writelef'…
Logging subprocess to [repr.filename]'runs/RUN_2025-03-03_16-32-44/58-magic-writelef/magic-writelef.log'[/repr.filename]…
Running 'Odb.CheckDesignAntennaProperties' at 'runs/RUN_2025-03-03_16-32-44/59-odb-checkdesignantennaproperties'…
Logging subprocess to [repr.filename]'runs/RUN_2025-03-03_16-32-44/59-odb-checkdesignantennaproperties/odb-checkdesignantennaproperties.log'[/repr.filename]…
Running 'KLayout.XOR' at 'runs/RUN_2025-03-03_16-32-44/60-klayout-xor'…
Running XOR with 12 threads…
Logging subprocess to [repr.filename]'runs/RUN_2025-03-03_16-32-44/60-klayout-xor/klayout-xor.log'[/repr.filename]…
Running 'Checker.XOR' at 'runs/RUN_2025-03-03_16-32-44/61-checker-xor'…
Check for XOR differences clear.
Gating variable for step 'Magic.DRC' set to 'False'- the step will be skipped.
Skipping step 'DRC'…
Gating variable for step 'KLayout.DRC' set to 'False'- the step will be skipped.
Skipping step 'Design Rule Check (KLayout)'…
Gating variable for step 'Checker.MagicDRC' set to 'False'- the step will be skipped.
Skipping step 'Magic DRC Checker'…
Gating variable for step 'Checker.KLayoutDRC' set to 'False'- the step will be skipped.
Skipping step 'KLayout DRC Checker'…
Running 'Magic.SpiceExtraction' at 'runs/RUN_2025-03-03_16-32-44/62-magic-spiceextraction'…
Logging subprocess to [repr.filename]'runs/RUN_2025-03-03_16-32-44/62-magic-spiceextraction/magic-spiceextraction.log'[/repr.filename]…
Running 'Checker.IllegalOverlap' at 'runs/RUN_2025-03-03_16-32-44/63-checker-illegaloverlap'…
Check for Magic Illegal Overlap errors clear.
Running 'Netgen.LVS' at 'runs/RUN_2025-03-03_16-32-44/64-netgen-lvs'…
Logging subprocess to [repr.filename]'runs/RUN_2025-03-03_16-32-44/64-netgen-lvs/netgen-lvs.log'[/repr.filename]…
Running 'Checker.LVS' at 'runs/RUN_2025-03-03_16-32-44/65-checker-lvs'…
Check for LVS errors clear.
Gating variable for step 'Yosys.EQY' set to 'False'- the step will be skipped.
Skipping step 'Equivalence Check'…
Running 'Checker.SetupViolations' at 'runs/RUN_2025-03-03_16-32-44/66-checker-setupviolations'…
No setup violations found
Running 'Checker.HoldViolations' at 'runs/RUN_2025-03-03_16-32-44/67-checker-holdviolations'…
No hold violations found
Running 'Checker.MaxSlewViolations' at 'runs/RUN_2025-03-03_16-32-44/68-checker-maxslewviolations'…
No max slew violations found
Running 'Checker.MaxCapViolations' at 'runs/RUN_2025-03-03_16-32-44/69-checker-maxcapviolations'…
No max cap violations found
Running 'Misc.ReportManufacturability' at 'runs/RUN_2025-03-03_16-32-44/70-misc-reportmanufacturability'…
klayout__drc_error__count not reported. KLayout.DRC may have been skipped.
magic__drc_error__count not reported. Magic.DRC may have been skipped.
Saving views to '/home/thanh/NCO/runs/RUN_2025-03-03_16-32-44/final'…
Flow complete.
