Clock: clk
Sources: clk 
Generated: no
Virtual: yes
Propagated: no
Period: 5.100000

===========================================================================
report_clock_properties
============================================================================
Clock                   Period          Waveform
----------------------------------------------------
clk                   5.100000    0.000000  2.550000

===========================================================================
report_clock_latency
============================================================================
Clock clk
rise -> rise
    min     max
0.000000 0.000000 source latency
0.908287         network latency _632_/CLK
        0.954871 network latency _636_/CLK
---------------
0.908287 0.954871 latency
        0.046584 skew

fall -> fall
    min     max
0.000000 0.000000 source latency
0.750509         network latency _632_/CLK
        0.787717 network latency _636_/CLK
---------------
0.750509 0.787717 latency
        0.037209 skew



===========================================================================
report_clock_min_period
============================================================================
clk period_min = 2.55 fmax = 391.98
