
===========================================================================
report_checks -path_delay max (Setup)
============================================================================
======================= nom_ss_100C_1v60 Corner ===================================

Startpoint: _097_ (rising edge-triggered flip-flop clocked by clk)
Endpoint: sine_out[0] (output port clocked by clk)
Path Group: clk
Path Type: max

Fanout         Cap        Slew       Delay        Time   Description
---------------------------------------------------------------------------------------------
                      0.150000    0.000000    0.000000   clock clk (rise edge)
                                  0.000000    0.000000   clock network delay (ideal)
                      0.150000    0.000000    0.000000 ^ _097_/CLK (sky130_fd_sc_hd__dfrtp_2)
     1    0.033442    0.208806    0.993345    0.993345 v _097_/Q (sky130_fd_sc_hd__dfrtp_2)
                                                         sine_out[0] (net)
                      0.208806    0.000000    0.993345 v sine_out[0] (out)
                                              0.993345   data arrival time

                      0.150000   10.000000   10.000000   clock clk (rise edge)
                                  0.000000   10.000000   clock network delay (ideal)
                                 -0.250000    9.750000   clock uncertainty
                                  0.000000    9.750000   clock reconvergence pessimism
                                 -2.000000    7.750000   output external delay
                                              7.750000   data required time
---------------------------------------------------------------------------------------------
                                              7.750000   data required time
                                             -0.993345   data arrival time
---------------------------------------------------------------------------------------------
                                              6.756655   slack (MET)


Startpoint: _083_ (rising edge-triggered flip-flop clocked by clk)
Endpoint: sine_out[10] (output port clocked by clk)
Path Group: clk
Path Type: max

Fanout         Cap        Slew       Delay        Time   Description
---------------------------------------------------------------------------------------------
                      0.150000    0.000000    0.000000   clock clk (rise edge)
                                  0.000000    0.000000   clock network delay (ideal)
                      0.150000    0.000000    0.000000 ^ _083_/CLK (sky130_fd_sc_hd__dfrtp_2)
     1    0.033442    0.208806    0.993345    0.993345 v _083_/Q (sky130_fd_sc_hd__dfrtp_2)
                                                         sine_out[10] (net)
                      0.208806    0.000000    0.993345 v sine_out[10] (out)
                                              0.993345   data arrival time

                      0.150000   10.000000   10.000000   clock clk (rise edge)
                                  0.000000   10.000000   clock network delay (ideal)
                                 -0.250000    9.750000   clock uncertainty
                                  0.000000    9.750000   clock reconvergence pessimism
                                 -2.000000    7.750000   output external delay
                                              7.750000   data required time
---------------------------------------------------------------------------------------------
                                              7.750000   data required time
                                             -0.993345   data arrival time
---------------------------------------------------------------------------------------------
                                              6.756655   slack (MET)


Startpoint: _084_ (rising edge-triggered flip-flop clocked by clk)
Endpoint: sine_out[11] (output port clocked by clk)
Path Group: clk
Path Type: max

Fanout         Cap        Slew       Delay        Time   Description
---------------------------------------------------------------------------------------------
                      0.150000    0.000000    0.000000   clock clk (rise edge)
                                  0.000000    0.000000   clock network delay (ideal)
                      0.150000    0.000000    0.000000 ^ _084_/CLK (sky130_fd_sc_hd__dfrtp_2)
     1    0.033442    0.208806    0.993345    0.993345 v _084_/Q (sky130_fd_sc_hd__dfrtp_2)
                                                         sine_out[11] (net)
                      0.208806    0.000000    0.993345 v sine_out[11] (out)
                                              0.993345   data arrival time

                      0.150000   10.000000   10.000000   clock clk (rise edge)
                                  0.000000   10.000000   clock network delay (ideal)
                                 -0.250000    9.750000   clock uncertainty
                                  0.000000    9.750000   clock reconvergence pessimism
                                 -2.000000    7.750000   output external delay
                                              7.750000   data required time
---------------------------------------------------------------------------------------------
                                              7.750000   data required time
                                             -0.993345   data arrival time
---------------------------------------------------------------------------------------------
                                              6.756655   slack (MET)


Startpoint: _085_ (rising edge-triggered flip-flop clocked by clk)
Endpoint: sine_out[12] (output port clocked by clk)
Path Group: clk
Path Type: max

Fanout         Cap        Slew       Delay        Time   Description
---------------------------------------------------------------------------------------------
                      0.150000    0.000000    0.000000   clock clk (rise edge)
                                  0.000000    0.000000   clock network delay (ideal)
                      0.150000    0.000000    0.000000 ^ _085_/CLK (sky130_fd_sc_hd__dfrtp_2)
     1    0.033442    0.208806    0.993345    0.993345 v _085_/Q (sky130_fd_sc_hd__dfrtp_2)
                                                         sine_out[12] (net)
                      0.208806    0.000000    0.993345 v sine_out[12] (out)
                                              0.993345   data arrival time

                      0.150000   10.000000   10.000000   clock clk (rise edge)
                                  0.000000   10.000000   clock network delay (ideal)
                                 -0.250000    9.750000   clock uncertainty
                                  0.000000    9.750000   clock reconvergence pessimism
                                 -2.000000    7.750000   output external delay
                                              7.750000   data required time
---------------------------------------------------------------------------------------------
                                              7.750000   data required time
                                             -0.993345   data arrival time
---------------------------------------------------------------------------------------------
                                              6.756655   slack (MET)


Startpoint: _086_ (rising edge-triggered flip-flop clocked by clk)
Endpoint: sine_out[13] (output port clocked by clk)
Path Group: clk
Path Type: max

Fanout         Cap        Slew       Delay        Time   Description
---------------------------------------------------------------------------------------------
                      0.150000    0.000000    0.000000   clock clk (rise edge)
                                  0.000000    0.000000   clock network delay (ideal)
                      0.150000    0.000000    0.000000 ^ _086_/CLK (sky130_fd_sc_hd__dfrtp_2)
     1    0.033442    0.208806    0.993345    0.993345 v _086_/Q (sky130_fd_sc_hd__dfrtp_2)
                                                         sine_out[13] (net)
                      0.208806    0.000000    0.993345 v sine_out[13] (out)
                                              0.993345   data arrival time

                      0.150000   10.000000   10.000000   clock clk (rise edge)
                                  0.000000   10.000000   clock network delay (ideal)
                                 -0.250000    9.750000   clock uncertainty
                                  0.000000    9.750000   clock reconvergence pessimism
                                 -2.000000    7.750000   output external delay
                                              7.750000   data required time
---------------------------------------------------------------------------------------------
                                              7.750000   data required time
                                             -0.993345   data arrival time
---------------------------------------------------------------------------------------------
                                              6.756655   slack (MET)


Startpoint: _087_ (rising edge-triggered flip-flop clocked by clk)
Endpoint: sine_out[14] (output port clocked by clk)
Path Group: clk
Path Type: max

Fanout         Cap        Slew       Delay        Time   Description
---------------------------------------------------------------------------------------------
                      0.150000    0.000000    0.000000   clock clk (rise edge)
                                  0.000000    0.000000   clock network delay (ideal)
                      0.150000    0.000000    0.000000 ^ _087_/CLK (sky130_fd_sc_hd__dfrtp_2)
     1    0.033442    0.208806    0.993345    0.993345 v _087_/Q (sky130_fd_sc_hd__dfrtp_2)
                                                         sine_out[14] (net)
                      0.208806    0.000000    0.993345 v sine_out[14] (out)
                                              0.993345   data arrival time

                      0.150000   10.000000   10.000000   clock clk (rise edge)
                                  0.000000   10.000000   clock network delay (ideal)
                                 -0.250000    9.750000   clock uncertainty
                                  0.000000    9.750000   clock reconvergence pessimism
                                 -2.000000    7.750000   output external delay
                                              7.750000   data required time
---------------------------------------------------------------------------------------------
                                              7.750000   data required time
                                             -0.993345   data arrival time
---------------------------------------------------------------------------------------------
                                              6.756655   slack (MET)


Startpoint: _088_ (rising edge-triggered flip-flop clocked by clk)
Endpoint: sine_out[15] (output port clocked by clk)
Path Group: clk
Path Type: max

Fanout         Cap        Slew       Delay        Time   Description
---------------------------------------------------------------------------------------------
                      0.150000    0.000000    0.000000   clock clk (rise edge)
                                  0.000000    0.000000   clock network delay (ideal)
                      0.150000    0.000000    0.000000 ^ _088_/CLK (sky130_fd_sc_hd__dfrtp_2)
     1    0.033442    0.208806    0.993345    0.993345 v _088_/Q (sky130_fd_sc_hd__dfrtp_2)
                                                         sine_out[15] (net)
                      0.208806    0.000000    0.993345 v sine_out[15] (out)
                                              0.993345   data arrival time

                      0.150000   10.000000   10.000000   clock clk (rise edge)
                                  0.000000   10.000000   clock network delay (ideal)
                                 -0.250000    9.750000   clock uncertainty
                                  0.000000    9.750000   clock reconvergence pessimism
                                 -2.000000    7.750000   output external delay
                                              7.750000   data required time
---------------------------------------------------------------------------------------------
                                              7.750000   data required time
                                             -0.993345   data arrival time
---------------------------------------------------------------------------------------------
                                              6.756655   slack (MET)


Startpoint: _098_ (rising edge-triggered flip-flop clocked by clk)
Endpoint: sine_out[1] (output port clocked by clk)
Path Group: clk
Path Type: max

Fanout         Cap        Slew       Delay        Time   Description
---------------------------------------------------------------------------------------------
                      0.150000    0.000000    0.000000   clock clk (rise edge)
                                  0.000000    0.000000   clock network delay (ideal)
                      0.150000    0.000000    0.000000 ^ _098_/CLK (sky130_fd_sc_hd__dfrtp_2)
     1    0.033442    0.208806    0.993345    0.993345 v _098_/Q (sky130_fd_sc_hd__dfrtp_2)
                                                         sine_out[1] (net)
                      0.208806    0.000000    0.993345 v sine_out[1] (out)
                                              0.993345   data arrival time

                      0.150000   10.000000   10.000000   clock clk (rise edge)
                                  0.000000   10.000000   clock network delay (ideal)
                                 -0.250000    9.750000   clock uncertainty
                                  0.000000    9.750000   clock reconvergence pessimism
                                 -2.000000    7.750000   output external delay
                                              7.750000   data required time
---------------------------------------------------------------------------------------------
                                              7.750000   data required time
                                             -0.993345   data arrival time
---------------------------------------------------------------------------------------------
                                              6.756655   slack (MET)


Startpoint: _099_ (rising edge-triggered flip-flop clocked by clk)
Endpoint: sine_out[2] (output port clocked by clk)
Path Group: clk
Path Type: max

Fanout         Cap        Slew       Delay        Time   Description
---------------------------------------------------------------------------------------------
                      0.150000    0.000000    0.000000   clock clk (rise edge)
                                  0.000000    0.000000   clock network delay (ideal)
                      0.150000    0.000000    0.000000 ^ _099_/CLK (sky130_fd_sc_hd__dfrtp_2)
     1    0.033442    0.208806    0.993345    0.993345 v _099_/Q (sky130_fd_sc_hd__dfrtp_2)
                                                         sine_out[2] (net)
                      0.208806    0.000000    0.993345 v sine_out[2] (out)
                                              0.993345   data arrival time

                      0.150000   10.000000   10.000000   clock clk (rise edge)
                                  0.000000   10.000000   clock network delay (ideal)
                                 -0.250000    9.750000   clock uncertainty
                                  0.000000    9.750000   clock reconvergence pessimism
                                 -2.000000    7.750000   output external delay
                                              7.750000   data required time
---------------------------------------------------------------------------------------------
                                              7.750000   data required time
                                             -0.993345   data arrival time
---------------------------------------------------------------------------------------------
                                              6.756655   slack (MET)


Startpoint: _100_ (rising edge-triggered flip-flop clocked by clk)
Endpoint: sine_out[3] (output port clocked by clk)
Path Group: clk
Path Type: max

Fanout         Cap        Slew       Delay        Time   Description
---------------------------------------------------------------------------------------------
                      0.150000    0.000000    0.000000   clock clk (rise edge)
                                  0.000000    0.000000   clock network delay (ideal)
                      0.150000    0.000000    0.000000 ^ _100_/CLK (sky130_fd_sc_hd__dfrtp_2)
     1    0.033442    0.208806    0.993345    0.993345 v _100_/Q (sky130_fd_sc_hd__dfrtp_2)
                                                         sine_out[3] (net)
                      0.208806    0.000000    0.993345 v sine_out[3] (out)
                                              0.993345   data arrival time

                      0.150000   10.000000   10.000000   clock clk (rise edge)
                                  0.000000   10.000000   clock network delay (ideal)
                                 -0.250000    9.750000   clock uncertainty
                                  0.000000    9.750000   clock reconvergence pessimism
                                 -2.000000    7.750000   output external delay
                                              7.750000   data required time
---------------------------------------------------------------------------------------------
                                              7.750000   data required time
                                             -0.993345   data arrival time
---------------------------------------------------------------------------------------------
                                              6.756655   slack (MET)


Startpoint: _101_ (rising edge-triggered flip-flop clocked by clk)
Endpoint: sine_out[4] (output port clocked by clk)
Path Group: clk
Path Type: max

Fanout         Cap        Slew       Delay        Time   Description
---------------------------------------------------------------------------------------------
                      0.150000    0.000000    0.000000   clock clk (rise edge)
                                  0.000000    0.000000   clock network delay (ideal)
                      0.150000    0.000000    0.000000 ^ _101_/CLK (sky130_fd_sc_hd__dfrtp_2)
     1    0.033442    0.208806    0.993345    0.993345 v _101_/Q (sky130_fd_sc_hd__dfrtp_2)
                                                         sine_out[4] (net)
                      0.208806    0.000000    0.993345 v sine_out[4] (out)
                                              0.993345   data arrival time

                      0.150000   10.000000   10.000000   clock clk (rise edge)
                                  0.000000   10.000000   clock network delay (ideal)
                                 -0.250000    9.750000   clock uncertainty
                                  0.000000    9.750000   clock reconvergence pessimism
                                 -2.000000    7.750000   output external delay
                                              7.750000   data required time
---------------------------------------------------------------------------------------------
                                              7.750000   data required time
                                             -0.993345   data arrival time
---------------------------------------------------------------------------------------------
                                              6.756655   slack (MET)


Startpoint: _102_ (rising edge-triggered flip-flop clocked by clk)
Endpoint: sine_out[5] (output port clocked by clk)
Path Group: clk
Path Type: max

Fanout         Cap        Slew       Delay        Time   Description
---------------------------------------------------------------------------------------------
                      0.150000    0.000000    0.000000   clock clk (rise edge)
                                  0.000000    0.000000   clock network delay (ideal)
                      0.150000    0.000000    0.000000 ^ _102_/CLK (sky130_fd_sc_hd__dfrtp_2)
     1    0.033442    0.208806    0.993345    0.993345 v _102_/Q (sky130_fd_sc_hd__dfrtp_2)
                                                         sine_out[5] (net)
                      0.208806    0.000000    0.993345 v sine_out[5] (out)
                                              0.993345   data arrival time

                      0.150000   10.000000   10.000000   clock clk (rise edge)
                                  0.000000   10.000000   clock network delay (ideal)
                                 -0.250000    9.750000   clock uncertainty
                                  0.000000    9.750000   clock reconvergence pessimism
                                 -2.000000    7.750000   output external delay
                                              7.750000   data required time
---------------------------------------------------------------------------------------------
                                              7.750000   data required time
                                             -0.993345   data arrival time
---------------------------------------------------------------------------------------------
                                              6.756655   slack (MET)


Startpoint: _079_ (rising edge-triggered flip-flop clocked by clk)
Endpoint: sine_out[6] (output port clocked by clk)
Path Group: clk
Path Type: max

Fanout         Cap        Slew       Delay        Time   Description
---------------------------------------------------------------------------------------------
                      0.150000    0.000000    0.000000   clock clk (rise edge)
                                  0.000000    0.000000   clock network delay (ideal)
                      0.150000    0.000000    0.000000 ^ _079_/CLK (sky130_fd_sc_hd__dfrtp_2)
     1    0.033442    0.208806    0.993345    0.993345 v _079_/Q (sky130_fd_sc_hd__dfrtp_2)
                                                         sine_out[6] (net)
                      0.208806    0.000000    0.993345 v sine_out[6] (out)
                                              0.993345   data arrival time

                      0.150000   10.000000   10.000000   clock clk (rise edge)
                                  0.000000   10.000000   clock network delay (ideal)
                                 -0.250000    9.750000   clock uncertainty
                                  0.000000    9.750000   clock reconvergence pessimism
                                 -2.000000    7.750000   output external delay
                                              7.750000   data required time
---------------------------------------------------------------------------------------------
                                              7.750000   data required time
                                             -0.993345   data arrival time
---------------------------------------------------------------------------------------------
                                              6.756655   slack (MET)


Startpoint: _080_ (rising edge-triggered flip-flop clocked by clk)
Endpoint: sine_out[7] (output port clocked by clk)
Path Group: clk
Path Type: max

Fanout         Cap        Slew       Delay        Time   Description
---------------------------------------------------------------------------------------------
                      0.150000    0.000000    0.000000   clock clk (rise edge)
                                  0.000000    0.000000   clock network delay (ideal)
                      0.150000    0.000000    0.000000 ^ _080_/CLK (sky130_fd_sc_hd__dfrtp_2)
     1    0.033442    0.208806    0.993345    0.993345 v _080_/Q (sky130_fd_sc_hd__dfrtp_2)
                                                         sine_out[7] (net)
                      0.208806    0.000000    0.993345 v sine_out[7] (out)
                                              0.993345   data arrival time

                      0.150000   10.000000   10.000000   clock clk (rise edge)
                                  0.000000   10.000000   clock network delay (ideal)
                                 -0.250000    9.750000   clock uncertainty
                                  0.000000    9.750000   clock reconvergence pessimism
                                 -2.000000    7.750000   output external delay
                                              7.750000   data required time
---------------------------------------------------------------------------------------------
                                              7.750000   data required time
                                             -0.993345   data arrival time
---------------------------------------------------------------------------------------------
                                              6.756655   slack (MET)


Startpoint: _081_ (rising edge-triggered flip-flop clocked by clk)
Endpoint: sine_out[8] (output port clocked by clk)
Path Group: clk
Path Type: max

Fanout         Cap        Slew       Delay        Time   Description
---------------------------------------------------------------------------------------------
                      0.150000    0.000000    0.000000   clock clk (rise edge)
                                  0.000000    0.000000   clock network delay (ideal)
                      0.150000    0.000000    0.000000 ^ _081_/CLK (sky130_fd_sc_hd__dfrtp_2)
     1    0.033442    0.208806    0.993345    0.993345 v _081_/Q (sky130_fd_sc_hd__dfrtp_2)
                                                         sine_out[8] (net)
                      0.208806    0.000000    0.993345 v sine_out[8] (out)
                                              0.993345   data arrival time

                      0.150000   10.000000   10.000000   clock clk (rise edge)
                                  0.000000   10.000000   clock network delay (ideal)
                                 -0.250000    9.750000   clock uncertainty
                                  0.000000    9.750000   clock reconvergence pessimism
                                 -2.000000    7.750000   output external delay
                                              7.750000   data required time
---------------------------------------------------------------------------------------------
                                              7.750000   data required time
                                             -0.993345   data arrival time
---------------------------------------------------------------------------------------------
                                              6.756655   slack (MET)


Startpoint: _082_ (rising edge-triggered flip-flop clocked by clk)
Endpoint: sine_out[9] (output port clocked by clk)
Path Group: clk
Path Type: max

Fanout         Cap        Slew       Delay        Time   Description
---------------------------------------------------------------------------------------------
                      0.150000    0.000000    0.000000   clock clk (rise edge)
                                  0.000000    0.000000   clock network delay (ideal)
                      0.150000    0.000000    0.000000 ^ _082_/CLK (sky130_fd_sc_hd__dfrtp_2)
     1    0.033442    0.208806    0.993345    0.993345 v _082_/Q (sky130_fd_sc_hd__dfrtp_2)
                                                         sine_out[9] (net)
                      0.208806    0.000000    0.993345 v sine_out[9] (out)
                                              0.993345   data arrival time

                      0.150000   10.000000   10.000000   clock clk (rise edge)
                                  0.000000   10.000000   clock network delay (ideal)
                                 -0.250000    9.750000   clock uncertainty
                                  0.000000    9.750000   clock reconvergence pessimism
                                 -2.000000    7.750000   output external delay
                                              7.750000   data required time
---------------------------------------------------------------------------------------------
                                              7.750000   data required time
                                             -0.993345   data arrival time
---------------------------------------------------------------------------------------------
                                              6.756655   slack (MET)


Startpoint: _090_ (rising edge-triggered flip-flop clocked by clk)
Endpoint: _094_ (rising edge-triggered flip-flop clocked by clk)
Path Group: clk
Path Type: max

Fanout         Cap        Slew       Delay        Time   Description
---------------------------------------------------------------------------------------------
                      0.150000    0.000000    0.000000   clock clk (rise edge)
                                  0.000000    0.000000   clock network delay (ideal)
                      0.150000    0.000000    0.000000 ^ _090_/CLK (sky130_fd_sc_hd__dfrtp_2)
     4    0.014116    0.131041    0.907540    0.907540 v _090_/Q (sky130_fd_sc_hd__dfrtp_2)
                                                         tcout[1] (net)
                      0.131041    0.000000    0.907540 v _043_/B (sky130_fd_sc_hd__and3_2)
     7    0.025243    0.169089    0.548089    1.455629 v _043_/X (sky130_fd_sc_hd__and3_2)
                                                         _032_ (net)
                      0.169089    0.000000    1.455629 v _048_/C (sky130_fd_sc_hd__and3_2)
     1    0.001628    0.066254    0.465737    1.921366 v _048_/X (sky130_fd_sc_hd__and3_2)
                                                         _035_ (net)
                      0.066254    0.000000    1.921366 v _051_/B1 (sky130_fd_sc_hd__o2bb2a_2)
     1    0.001838    0.076572    0.505419    2.426785 v _051_/X (sky130_fd_sc_hd__o2bb2a_2)
                                                         _005_ (net)
                      0.076572    0.000000    2.426785 v _094_/D (sky130_fd_sc_hd__dfrtp_2)
                                              2.426785   data arrival time

                      0.150000   10.000000   10.000000   clock clk (rise edge)
                                  0.000000   10.000000   clock network delay (ideal)
                                 -0.250000    9.750000   clock uncertainty
                                  0.000000    9.750000   clock reconvergence pessimism
                                              9.750000 ^ _094_/CLK (sky130_fd_sc_hd__dfrtp_2)
                                 -0.258030    9.491970   library setup time
                                              9.491970   data required time
---------------------------------------------------------------------------------------------
                                              9.491970   data required time
                                             -2.426785   data arrival time
---------------------------------------------------------------------------------------------
                                              7.065185   slack (MET)


Startpoint: _090_ (rising edge-triggered flip-flop clocked by clk)
Endpoint: _096_ (rising edge-triggered flip-flop clocked by clk)
Path Group: clk
Path Type: max

Fanout         Cap        Slew       Delay        Time   Description
---------------------------------------------------------------------------------------------
                      0.150000    0.000000    0.000000   clock clk (rise edge)
                                  0.000000    0.000000   clock network delay (ideal)
                      0.150000    0.000000    0.000000 ^ _090_/CLK (sky130_fd_sc_hd__dfrtp_2)
     4    0.014116    0.131041    0.907540    0.907540 v _090_/Q (sky130_fd_sc_hd__dfrtp_2)
                                                         tcout[1] (net)
                      0.131041    0.000000    0.907540 v _043_/B (sky130_fd_sc_hd__and3_2)
     7    0.025243    0.169089    0.548089    1.455629 v _043_/X (sky130_fd_sc_hd__and3_2)
                                                         _032_ (net)
                      0.169089    0.000000    1.455629 v _052_/B (sky130_fd_sc_hd__and3_2)
     2    0.012268    0.117589    0.507787    1.963415 v _052_/X (sky130_fd_sc_hd__and3_2)
                                                         _037_ (net)
                      0.117589    0.000000    1.963415 v _055_/B (sky130_fd_sc_hd__xor2_2)
     1    0.001838    0.073919    0.261887    2.225303 v _055_/X (sky130_fd_sc_hd__xor2_2)
                                                         _007_ (net)
                      0.073919    0.000000    2.225303 v _096_/D (sky130_fd_sc_hd__dfrtp_2)
                                              2.225303   data arrival time

                      0.150000   10.000000   10.000000   clock clk (rise edge)
                                  0.000000   10.000000   clock network delay (ideal)
                                 -0.250000    9.750000   clock uncertainty
                                  0.000000    9.750000   clock reconvergence pessimism
                                              9.750000 ^ _096_/CLK (sky130_fd_sc_hd__dfrtp_2)
                                 -0.256924    9.493077   library setup time
                                              9.493077   data required time
---------------------------------------------------------------------------------------------
                                              9.493077   data required time
                                             -2.225303   data arrival time
---------------------------------------------------------------------------------------------
                                              7.267774   slack (MET)


Startpoint: _090_ (rising edge-triggered flip-flop clocked by clk)
Endpoint: _095_ (rising edge-triggered flip-flop clocked by clk)
Path Group: clk
Path Type: max

Fanout         Cap        Slew       Delay        Time   Description
---------------------------------------------------------------------------------------------
                      0.150000    0.000000    0.000000   clock clk (rise edge)
                                  0.000000    0.000000   clock network delay (ideal)
                      0.150000    0.000000    0.000000 ^ _090_/CLK (sky130_fd_sc_hd__dfrtp_2)
     4    0.014116    0.131041    0.907540    0.907540 v _090_/Q (sky130_fd_sc_hd__dfrtp_2)
                                                         tcout[1] (net)
                      0.131041    0.000000    0.907540 v _043_/B (sky130_fd_sc_hd__and3_2)
     7    0.025243    0.169089    0.548089    1.455629 v _043_/X (sky130_fd_sc_hd__and3_2)
                                                         _032_ (net)
                      0.169089    0.000000    1.455629 v _052_/B (sky130_fd_sc_hd__and3_2)
     2    0.012268    0.117589    0.507787    1.963415 v _052_/X (sky130_fd_sc_hd__and3_2)
                                                         _037_ (net)
                      0.117589    0.000000    1.963415 v _054_/A (sky130_fd_sc_hd__nor2_2)
     1    0.001853    0.088355    0.164481    2.127896 ^ _054_/Y (sky130_fd_sc_hd__nor2_2)
                                                         _006_ (net)
                      0.088355    0.000000    2.127896 ^ _095_/D (sky130_fd_sc_hd__dfrtp_2)
                                              2.127896   data arrival time

                      0.150000   10.000000   10.000000   clock clk (rise edge)
                                  0.000000   10.000000   clock network delay (ideal)
                                 -0.250000    9.750000   clock uncertainty
                                  0.000000    9.750000   clock reconvergence pessimism
                                              9.750000 ^ _095_/CLK (sky130_fd_sc_hd__dfrtp_2)
                                 -0.128900    9.621100   library setup time
                                              9.621100   data required time
---------------------------------------------------------------------------------------------
                                              9.621100   data required time
                                             -2.127896   data arrival time
---------------------------------------------------------------------------------------------
                                              7.493205   slack (MET)


Startpoint: _089_ (rising edge-triggered flip-flop clocked by clk)
Endpoint: _093_ (rising edge-triggered flip-flop clocked by clk)
Path Group: clk
Path Type: max

Fanout         Cap        Slew       Delay        Time   Description
---------------------------------------------------------------------------------------------
                      0.150000    0.000000    0.000000   clock clk (rise edge)
                                  0.000000    0.000000   clock network delay (ideal)
                      0.150000    0.000000    0.000000 ^ _089_/CLK (sky130_fd_sc_hd__dfrtp_2)
     5    0.019982    0.189391    0.834159    0.834159 ^ _089_/Q (sky130_fd_sc_hd__dfrtp_2)
                                                         tcout[0] (net)
                      0.189391    0.000000    0.834159 ^ _043_/A (sky130_fd_sc_hd__and3_2)
     7    0.027013    0.256413    0.546551    1.380710 ^ _043_/X (sky130_fd_sc_hd__and3_2)
                                                         _032_ (net)
                      0.256413    0.000000    1.380710 ^ _046_/B (sky130_fd_sc_hd__nand2_2)
     1    0.008219    0.102301    0.189020    1.569730 v _046_/Y (sky130_fd_sc_hd__nand2_2)
                                                         _034_ (net)
                      0.102301    0.000000    1.569730 v _049_/B (sky130_fd_sc_hd__xnor2_2)
     1    0.001838    0.075310    0.227899    1.797629 v _049_/Y (sky130_fd_sc_hd__xnor2_2)
                                                         _004_ (net)
                      0.075310    0.000000    1.797629 v _093_/D (sky130_fd_sc_hd__dfrtp_2)
                                              1.797629   data arrival time

                      0.150000   10.000000   10.000000   clock clk (rise edge)
                                  0.000000   10.000000   clock network delay (ideal)
                                 -0.250000    9.750000   clock uncertainty
                                  0.000000    9.750000   clock reconvergence pessimism
                                              9.750000 ^ _093_/CLK (sky130_fd_sc_hd__dfrtp_2)
                                 -0.257504    9.492496   library setup time
                                              9.492496   data required time
---------------------------------------------------------------------------------------------
                                              9.492496   data required time
                                             -1.797629   data arrival time
---------------------------------------------------------------------------------------------
                                              7.694867   slack (MET)


Startpoint: rst (input port clocked by clk)
Endpoint: _079_ (recovery check against rising-edge clock clk)
Path Group: asynchronous
Path Type: max

Fanout         Cap        Slew       Delay        Time   Description
---------------------------------------------------------------------------------------------
                      0.150000    0.000000    0.000000   clock clk (rise edge)
                                  0.000000    0.000000   clock network delay (ideal)
                                  2.000000    2.000000 v input external delay
    24    0.103200    0.434897    0.314761    2.314761 v rst (in)
                                                         rst (net)
                      0.434897    0.000000    2.314761 v _041_/A (sky130_fd_sc_hd__inv_2)
     1    0.003263    0.105090    0.168124    2.482884 ^ _041_/Y (sky130_fd_sc_hd__inv_2)
                                                         _008_ (net)
                      0.105090    0.000000    2.482884 ^ _079_/RESET_B (sky130_fd_sc_hd__dfrtp_2)
                                              2.482884   data arrival time

                      0.150000   10.000000   10.000000   clock clk (rise edge)
                                  0.000000   10.000000   clock network delay (ideal)
                                 -0.250000    9.750000   clock uncertainty
                                  0.000000    9.750000   clock reconvergence pessimism
                                              9.750000 ^ _079_/CLK (sky130_fd_sc_hd__dfrtp_2)
                                  0.456369   10.206369   library recovery time
                                             10.206369   data required time
---------------------------------------------------------------------------------------------
                                             10.206369   data required time
                                             -2.482884   data arrival time
---------------------------------------------------------------------------------------------
                                              7.723485   slack (MET)


Startpoint: rst (input port clocked by clk)
Endpoint: _080_ (recovery check against rising-edge clock clk)
Path Group: asynchronous
Path Type: max

Fanout         Cap        Slew       Delay        Time   Description
---------------------------------------------------------------------------------------------
                      0.150000    0.000000    0.000000   clock clk (rise edge)
                                  0.000000    0.000000   clock network delay (ideal)
                                  2.000000    2.000000 v input external delay
    24    0.103200    0.434897    0.314761    2.314761 v rst (in)
                                                         rst (net)
                      0.434897    0.000000    2.314761 v _056_/A (sky130_fd_sc_hd__inv_2)
     1    0.003263    0.105090    0.168124    2.482884 ^ _056_/Y (sky130_fd_sc_hd__inv_2)
                                                         _009_ (net)
                      0.105090    0.000000    2.482884 ^ _080_/RESET_B (sky130_fd_sc_hd__dfrtp_2)
                                              2.482884   data arrival time

                      0.150000   10.000000   10.000000   clock clk (rise edge)
                                  0.000000   10.000000   clock network delay (ideal)
                                 -0.250000    9.750000   clock uncertainty
                                  0.000000    9.750000   clock reconvergence pessimism
                                              9.750000 ^ _080_/CLK (sky130_fd_sc_hd__dfrtp_2)
                                  0.456369   10.206369   library recovery time
                                             10.206369   data required time
---------------------------------------------------------------------------------------------
                                             10.206369   data required time
                                             -2.482884   data arrival time
---------------------------------------------------------------------------------------------
                                              7.723485   slack (MET)


Startpoint: rst (input port clocked by clk)
Endpoint: _081_ (recovery check against rising-edge clock clk)
Path Group: asynchronous
Path Type: max

Fanout         Cap        Slew       Delay        Time   Description
---------------------------------------------------------------------------------------------
                      0.150000    0.000000    0.000000   clock clk (rise edge)
                                  0.000000    0.000000   clock network delay (ideal)
                                  2.000000    2.000000 v input external delay
    24    0.103200    0.434897    0.314761    2.314761 v rst (in)
                                                         rst (net)
                      0.434897    0.000000    2.314761 v _057_/A (sky130_fd_sc_hd__inv_2)
     1    0.003263    0.105090    0.168124    2.482884 ^ _057_/Y (sky130_fd_sc_hd__inv_2)
                                                         _010_ (net)
                      0.105090    0.000000    2.482884 ^ _081_/RESET_B (sky130_fd_sc_hd__dfrtp_2)
                                              2.482884   data arrival time

                      0.150000   10.000000   10.000000   clock clk (rise edge)
                                  0.000000   10.000000   clock network delay (ideal)
                                 -0.250000    9.750000   clock uncertainty
                                  0.000000    9.750000   clock reconvergence pessimism
                                              9.750000 ^ _081_/CLK (sky130_fd_sc_hd__dfrtp_2)
                                  0.456369   10.206369   library recovery time
                                             10.206369   data required time
---------------------------------------------------------------------------------------------
                                             10.206369   data required time
                                             -2.482884   data arrival time
---------------------------------------------------------------------------------------------
                                              7.723485   slack (MET)


Startpoint: rst (input port clocked by clk)
Endpoint: _082_ (recovery check against rising-edge clock clk)
Path Group: asynchronous
Path Type: max

Fanout         Cap        Slew       Delay        Time   Description
---------------------------------------------------------------------------------------------
                      0.150000    0.000000    0.000000   clock clk (rise edge)
                                  0.000000    0.000000   clock network delay (ideal)
                                  2.000000    2.000000 v input external delay
    24    0.103200    0.434897    0.314761    2.314761 v rst (in)
                                                         rst (net)
                      0.434897    0.000000    2.314761 v _058_/A (sky130_fd_sc_hd__inv_2)
     1    0.003263    0.105090    0.168124    2.482884 ^ _058_/Y (sky130_fd_sc_hd__inv_2)
                                                         _011_ (net)
                      0.105090    0.000000    2.482884 ^ _082_/RESET_B (sky130_fd_sc_hd__dfrtp_2)
                                              2.482884   data arrival time

                      0.150000   10.000000   10.000000   clock clk (rise edge)
                                  0.000000   10.000000   clock network delay (ideal)
                                 -0.250000    9.750000   clock uncertainty
                                  0.000000    9.750000   clock reconvergence pessimism
                                              9.750000 ^ _082_/CLK (sky130_fd_sc_hd__dfrtp_2)
                                  0.456369   10.206369   library recovery time
                                             10.206369   data required time
---------------------------------------------------------------------------------------------
                                             10.206369   data required time
                                             -2.482884   data arrival time
---------------------------------------------------------------------------------------------
                                              7.723485   slack (MET)


Startpoint: rst (input port clocked by clk)
Endpoint: _083_ (recovery check against rising-edge clock clk)
Path Group: asynchronous
Path Type: max

Fanout         Cap        Slew       Delay        Time   Description
---------------------------------------------------------------------------------------------
                      0.150000    0.000000    0.000000   clock clk (rise edge)
                                  0.000000    0.000000   clock network delay (ideal)
                                  2.000000    2.000000 v input external delay
    24    0.103200    0.434897    0.314761    2.314761 v rst (in)
                                                         rst (net)
                      0.434897    0.000000    2.314761 v _059_/A (sky130_fd_sc_hd__inv_2)
     1    0.003263    0.105090    0.168124    2.482884 ^ _059_/Y (sky130_fd_sc_hd__inv_2)
                                                         _012_ (net)
                      0.105090    0.000000    2.482884 ^ _083_/RESET_B (sky130_fd_sc_hd__dfrtp_2)
                                              2.482884   data arrival time

                      0.150000   10.000000   10.000000   clock clk (rise edge)
                                  0.000000   10.000000   clock network delay (ideal)
                                 -0.250000    9.750000   clock uncertainty
                                  0.000000    9.750000   clock reconvergence pessimism
                                              9.750000 ^ _083_/CLK (sky130_fd_sc_hd__dfrtp_2)
                                  0.456369   10.206369   library recovery time
                                             10.206369   data required time
---------------------------------------------------------------------------------------------
                                             10.206369   data required time
                                             -2.482884   data arrival time
---------------------------------------------------------------------------------------------
                                              7.723485   slack (MET)


Startpoint: rst (input port clocked by clk)
Endpoint: _084_ (recovery check against rising-edge clock clk)
Path Group: asynchronous
Path Type: max

Fanout         Cap        Slew       Delay        Time   Description
---------------------------------------------------------------------------------------------
                      0.150000    0.000000    0.000000   clock clk (rise edge)
                                  0.000000    0.000000   clock network delay (ideal)
                                  2.000000    2.000000 v input external delay
    24    0.103200    0.434897    0.314761    2.314761 v rst (in)
                                                         rst (net)
                      0.434897    0.000000    2.314761 v _060_/A (sky130_fd_sc_hd__inv_2)
     1    0.003263    0.105090    0.168124    2.482884 ^ _060_/Y (sky130_fd_sc_hd__inv_2)
                                                         _013_ (net)
                      0.105090    0.000000    2.482884 ^ _084_/RESET_B (sky130_fd_sc_hd__dfrtp_2)
                                              2.482884   data arrival time

                      0.150000   10.000000   10.000000   clock clk (rise edge)
                                  0.000000   10.000000   clock network delay (ideal)
                                 -0.250000    9.750000   clock uncertainty
                                  0.000000    9.750000   clock reconvergence pessimism
                                              9.750000 ^ _084_/CLK (sky130_fd_sc_hd__dfrtp_2)
                                  0.456369   10.206369   library recovery time
                                             10.206369   data required time
---------------------------------------------------------------------------------------------
                                             10.206369   data required time
                                             -2.482884   data arrival time
---------------------------------------------------------------------------------------------
                                              7.723485   slack (MET)


Startpoint: rst (input port clocked by clk)
Endpoint: _085_ (recovery check against rising-edge clock clk)
Path Group: asynchronous
Path Type: max

Fanout         Cap        Slew       Delay        Time   Description
---------------------------------------------------------------------------------------------
                      0.150000    0.000000    0.000000   clock clk (rise edge)
                                  0.000000    0.000000   clock network delay (ideal)
                                  2.000000    2.000000 v input external delay
    24    0.103200    0.434897    0.314761    2.314761 v rst (in)
                                                         rst (net)
                      0.434897    0.000000    2.314761 v _061_/A (sky130_fd_sc_hd__inv_2)
     1    0.003263    0.105090    0.168124    2.482884 ^ _061_/Y (sky130_fd_sc_hd__inv_2)
                                                         _014_ (net)
                      0.105090    0.000000    2.482884 ^ _085_/RESET_B (sky130_fd_sc_hd__dfrtp_2)
                                              2.482884   data arrival time

                      0.150000   10.000000   10.000000   clock clk (rise edge)
                                  0.000000   10.000000   clock network delay (ideal)
                                 -0.250000    9.750000   clock uncertainty
                                  0.000000    9.750000   clock reconvergence pessimism
                                              9.750000 ^ _085_/CLK (sky130_fd_sc_hd__dfrtp_2)
                                  0.456369   10.206369   library recovery time
                                             10.206369   data required time
---------------------------------------------------------------------------------------------
                                             10.206369   data required time
                                             -2.482884   data arrival time
---------------------------------------------------------------------------------------------
                                              7.723485   slack (MET)


Startpoint: rst (input port clocked by clk)
Endpoint: _086_ (recovery check against rising-edge clock clk)
Path Group: asynchronous
Path Type: max

Fanout         Cap        Slew       Delay        Time   Description
---------------------------------------------------------------------------------------------
                      0.150000    0.000000    0.000000   clock clk (rise edge)
                                  0.000000    0.000000   clock network delay (ideal)
                                  2.000000    2.000000 v input external delay
    24    0.103200    0.434897    0.314761    2.314761 v rst (in)
                                                         rst (net)
                      0.434897    0.000000    2.314761 v _062_/A (sky130_fd_sc_hd__inv_2)
     1    0.003263    0.105090    0.168124    2.482884 ^ _062_/Y (sky130_fd_sc_hd__inv_2)
                                                         _015_ (net)
                      0.105090    0.000000    2.482884 ^ _086_/RESET_B (sky130_fd_sc_hd__dfrtp_2)
                                              2.482884   data arrival time

                      0.150000   10.000000   10.000000   clock clk (rise edge)
                                  0.000000   10.000000   clock network delay (ideal)
                                 -0.250000    9.750000   clock uncertainty
                                  0.000000    9.750000   clock reconvergence pessimism
                                              9.750000 ^ _086_/CLK (sky130_fd_sc_hd__dfrtp_2)
                                  0.456369   10.206369   library recovery time
                                             10.206369   data required time
---------------------------------------------------------------------------------------------
                                             10.206369   data required time
                                             -2.482884   data arrival time
---------------------------------------------------------------------------------------------
                                              7.723485   slack (MET)


Startpoint: rst (input port clocked by clk)
Endpoint: _087_ (recovery check against rising-edge clock clk)
Path Group: asynchronous
Path Type: max

Fanout         Cap        Slew       Delay        Time   Description
---------------------------------------------------------------------------------------------
                      0.150000    0.000000    0.000000   clock clk (rise edge)
                                  0.000000    0.000000   clock network delay (ideal)
                                  2.000000    2.000000 v input external delay
    24    0.103200    0.434897    0.314761    2.314761 v rst (in)
                                                         rst (net)
                      0.434897    0.000000    2.314761 v _063_/A (sky130_fd_sc_hd__inv_2)
     1    0.003263    0.105090    0.168124    2.482884 ^ _063_/Y (sky130_fd_sc_hd__inv_2)
                                                         _016_ (net)
                      0.105090    0.000000    2.482884 ^ _087_/RESET_B (sky130_fd_sc_hd__dfrtp_2)
                                              2.482884   data arrival time

                      0.150000   10.000000   10.000000   clock clk (rise edge)
                                  0.000000   10.000000   clock network delay (ideal)
                                 -0.250000    9.750000   clock uncertainty
                                  0.000000    9.750000   clock reconvergence pessimism
                                              9.750000 ^ _087_/CLK (sky130_fd_sc_hd__dfrtp_2)
                                  0.456369   10.206369   library recovery time
                                             10.206369   data required time
---------------------------------------------------------------------------------------------
                                             10.206369   data required time
                                             -2.482884   data arrival time
---------------------------------------------------------------------------------------------
                                              7.723485   slack (MET)


Startpoint: rst (input port clocked by clk)
Endpoint: _088_ (recovery check against rising-edge clock clk)
Path Group: asynchronous
Path Type: max

Fanout         Cap        Slew       Delay        Time   Description
---------------------------------------------------------------------------------------------
                      0.150000    0.000000    0.000000   clock clk (rise edge)
                                  0.000000    0.000000   clock network delay (ideal)
                                  2.000000    2.000000 v input external delay
    24    0.103200    0.434897    0.314761    2.314761 v rst (in)
                                                         rst (net)
                      0.434897    0.000000    2.314761 v _064_/A (sky130_fd_sc_hd__inv_2)
     1    0.003263    0.105090    0.168124    2.482884 ^ _064_/Y (sky130_fd_sc_hd__inv_2)
                                                         _017_ (net)
                      0.105090    0.000000    2.482884 ^ _088_/RESET_B (sky130_fd_sc_hd__dfrtp_2)
                                              2.482884   data arrival time

                      0.150000   10.000000   10.000000   clock clk (rise edge)
                                  0.000000   10.000000   clock network delay (ideal)
                                 -0.250000    9.750000   clock uncertainty
                                  0.000000    9.750000   clock reconvergence pessimism
                                              9.750000 ^ _088_/CLK (sky130_fd_sc_hd__dfrtp_2)
                                  0.456369   10.206369   library recovery time
                                             10.206369   data required time
---------------------------------------------------------------------------------------------
                                             10.206369   data required time
                                             -2.482884   data arrival time
---------------------------------------------------------------------------------------------
                                              7.723485   slack (MET)


Startpoint: rst (input port clocked by clk)
Endpoint: _089_ (recovery check against rising-edge clock clk)
Path Group: asynchronous
Path Type: max

Fanout         Cap        Slew       Delay        Time   Description
---------------------------------------------------------------------------------------------
                      0.150000    0.000000    0.000000   clock clk (rise edge)
                                  0.000000    0.000000   clock network delay (ideal)
                                  2.000000    2.000000 v input external delay
    24    0.103200    0.434897    0.314761    2.314761 v rst (in)
                                                         rst (net)
                      0.434897    0.000000    2.314761 v _065_/A (sky130_fd_sc_hd__inv_2)
     1    0.003263    0.105090    0.168124    2.482884 ^ _065_/Y (sky130_fd_sc_hd__inv_2)
                                                         _018_ (net)
                      0.105090    0.000000    2.482884 ^ _089_/RESET_B (sky130_fd_sc_hd__dfrtp_2)
                                              2.482884   data arrival time

                      0.150000   10.000000   10.000000   clock clk (rise edge)
                                  0.000000   10.000000   clock network delay (ideal)
                                 -0.250000    9.750000   clock uncertainty
                                  0.000000    9.750000   clock reconvergence pessimism
                                              9.750000 ^ _089_/CLK (sky130_fd_sc_hd__dfrtp_2)
                                  0.456369   10.206369   library recovery time
                                             10.206369   data required time
---------------------------------------------------------------------------------------------
                                             10.206369   data required time
                                             -2.482884   data arrival time
---------------------------------------------------------------------------------------------
                                              7.723485   slack (MET)


Startpoint: rst (input port clocked by clk)
Endpoint: _090_ (recovery check against rising-edge clock clk)
Path Group: asynchronous
Path Type: max

Fanout         Cap        Slew       Delay        Time   Description
---------------------------------------------------------------------------------------------
                      0.150000    0.000000    0.000000   clock clk (rise edge)
                                  0.000000    0.000000   clock network delay (ideal)
                                  2.000000    2.000000 v input external delay
    24    0.103200    0.434897    0.314761    2.314761 v rst (in)
                                                         rst (net)
                      0.434897    0.000000    2.314761 v _066_/A (sky130_fd_sc_hd__inv_2)
     1    0.003263    0.105090    0.168124    2.482884 ^ _066_/Y (sky130_fd_sc_hd__inv_2)
                                                         _019_ (net)
                      0.105090    0.000000    2.482884 ^ _090_/RESET_B (sky130_fd_sc_hd__dfrtp_2)
                                              2.482884   data arrival time

                      0.150000   10.000000   10.000000   clock clk (rise edge)
                                  0.000000   10.000000   clock network delay (ideal)
                                 -0.250000    9.750000   clock uncertainty
                                  0.000000    9.750000   clock reconvergence pessimism
                                              9.750000 ^ _090_/CLK (sky130_fd_sc_hd__dfrtp_2)
                                  0.456369   10.206369   library recovery time
                                             10.206369   data required time
---------------------------------------------------------------------------------------------
                                             10.206369   data required time
                                             -2.482884   data arrival time
---------------------------------------------------------------------------------------------
                                              7.723485   slack (MET)


Startpoint: rst (input port clocked by clk)
Endpoint: _091_ (recovery check against rising-edge clock clk)
Path Group: asynchronous
Path Type: max

Fanout         Cap        Slew       Delay        Time   Description
---------------------------------------------------------------------------------------------
                      0.150000    0.000000    0.000000   clock clk (rise edge)
                                  0.000000    0.000000   clock network delay (ideal)
                                  2.000000    2.000000 v input external delay
    24    0.103200    0.434897    0.314761    2.314761 v rst (in)
                                                         rst (net)
                      0.434897    0.000000    2.314761 v _067_/A (sky130_fd_sc_hd__inv_2)
     1    0.003263    0.105090    0.168124    2.482884 ^ _067_/Y (sky130_fd_sc_hd__inv_2)
                                                         _020_ (net)
                      0.105090    0.000000    2.482884 ^ _091_/RESET_B (sky130_fd_sc_hd__dfrtp_2)
                                              2.482884   data arrival time

                      0.150000   10.000000   10.000000   clock clk (rise edge)
                                  0.000000   10.000000   clock network delay (ideal)
                                 -0.250000    9.750000   clock uncertainty
                                  0.000000    9.750000   clock reconvergence pessimism
                                              9.750000 ^ _091_/CLK (sky130_fd_sc_hd__dfrtp_2)
                                  0.456369   10.206369   library recovery time
                                             10.206369   data required time
---------------------------------------------------------------------------------------------
                                             10.206369   data required time
                                             -2.482884   data arrival time
---------------------------------------------------------------------------------------------
                                              7.723485   slack (MET)


Startpoint: rst (input port clocked by clk)
Endpoint: _092_ (recovery check against rising-edge clock clk)
Path Group: asynchronous
Path Type: max

Fanout         Cap        Slew       Delay        Time   Description
---------------------------------------------------------------------------------------------
                      0.150000    0.000000    0.000000   clock clk (rise edge)
                                  0.000000    0.000000   clock network delay (ideal)
                                  2.000000    2.000000 v input external delay
    24    0.103200    0.434897    0.314761    2.314761 v rst (in)
                                                         rst (net)
                      0.434897    0.000000    2.314761 v _068_/A (sky130_fd_sc_hd__inv_2)
     1    0.003263    0.105090    0.168124    2.482884 ^ _068_/Y (sky130_fd_sc_hd__inv_2)
                                                         _021_ (net)
                      0.105090    0.000000    2.482884 ^ _092_/RESET_B (sky130_fd_sc_hd__dfrtp_2)
                                              2.482884   data arrival time

                      0.150000   10.000000   10.000000   clock clk (rise edge)
                                  0.000000   10.000000   clock network delay (ideal)
                                 -0.250000    9.750000   clock uncertainty
                                  0.000000    9.750000   clock reconvergence pessimism
                                              9.750000 ^ _092_/CLK (sky130_fd_sc_hd__dfrtp_2)
                                  0.456369   10.206369   library recovery time
                                             10.206369   data required time
---------------------------------------------------------------------------------------------
                                             10.206369   data required time
                                             -2.482884   data arrival time
---------------------------------------------------------------------------------------------
                                              7.723485   slack (MET)


Startpoint: rst (input port clocked by clk)
Endpoint: _093_ (recovery check against rising-edge clock clk)
Path Group: asynchronous
Path Type: max

Fanout         Cap        Slew       Delay        Time   Description
---------------------------------------------------------------------------------------------
                      0.150000    0.000000    0.000000   clock clk (rise edge)
                                  0.000000    0.000000   clock network delay (ideal)
                                  2.000000    2.000000 v input external delay
    24    0.103200    0.434897    0.314761    2.314761 v rst (in)
                                                         rst (net)
                      0.434897    0.000000    2.314761 v _069_/A (sky130_fd_sc_hd__inv_2)
     1    0.003263    0.105090    0.168124    2.482884 ^ _069_/Y (sky130_fd_sc_hd__inv_2)
                                                         _022_ (net)
                      0.105090    0.000000    2.482884 ^ _093_/RESET_B (sky130_fd_sc_hd__dfrtp_2)
                                              2.482884   data arrival time

                      0.150000   10.000000   10.000000   clock clk (rise edge)
                                  0.000000   10.000000   clock network delay (ideal)
                                 -0.250000    9.750000   clock uncertainty
                                  0.000000    9.750000   clock reconvergence pessimism
                                              9.750000 ^ _093_/CLK (sky130_fd_sc_hd__dfrtp_2)
                                  0.456369   10.206369   library recovery time
                                             10.206369   data required time
---------------------------------------------------------------------------------------------
                                             10.206369   data required time
                                             -2.482884   data arrival time
---------------------------------------------------------------------------------------------
                                              7.723485   slack (MET)


Startpoint: rst (input port clocked by clk)
Endpoint: _094_ (recovery check against rising-edge clock clk)
Path Group: asynchronous
Path Type: max

Fanout         Cap        Slew       Delay        Time   Description
---------------------------------------------------------------------------------------------
                      0.150000    0.000000    0.000000   clock clk (rise edge)
                                  0.000000    0.000000   clock network delay (ideal)
                                  2.000000    2.000000 v input external delay
    24    0.103200    0.434897    0.314761    2.314761 v rst (in)
                                                         rst (net)
                      0.434897    0.000000    2.314761 v _070_/A (sky130_fd_sc_hd__inv_2)
     1    0.003263    0.105090    0.168124    2.482884 ^ _070_/Y (sky130_fd_sc_hd__inv_2)
                                                         _023_ (net)
                      0.105090    0.000000    2.482884 ^ _094_/RESET_B (sky130_fd_sc_hd__dfrtp_2)
                                              2.482884   data arrival time

                      0.150000   10.000000   10.000000   clock clk (rise edge)
                                  0.000000   10.000000   clock network delay (ideal)
                                 -0.250000    9.750000   clock uncertainty
                                  0.000000    9.750000   clock reconvergence pessimism
                                              9.750000 ^ _094_/CLK (sky130_fd_sc_hd__dfrtp_2)
                                  0.456369   10.206369   library recovery time
                                             10.206369   data required time
---------------------------------------------------------------------------------------------
                                             10.206369   data required time
                                             -2.482884   data arrival time
---------------------------------------------------------------------------------------------
                                              7.723485   slack (MET)


Startpoint: rst (input port clocked by clk)
Endpoint: _095_ (recovery check against rising-edge clock clk)
Path Group: asynchronous
Path Type: max

Fanout         Cap        Slew       Delay        Time   Description
---------------------------------------------------------------------------------------------
                      0.150000    0.000000    0.000000   clock clk (rise edge)
                                  0.000000    0.000000   clock network delay (ideal)
                                  2.000000    2.000000 v input external delay
    24    0.103200    0.434897    0.314761    2.314761 v rst (in)
                                                         rst (net)
                      0.434897    0.000000    2.314761 v _071_/A (sky130_fd_sc_hd__inv_2)
     1    0.003263    0.105090    0.168124    2.482884 ^ _071_/Y (sky130_fd_sc_hd__inv_2)
                                                         _024_ (net)
                      0.105090    0.000000    2.482884 ^ _095_/RESET_B (sky130_fd_sc_hd__dfrtp_2)
                                              2.482884   data arrival time

                      0.150000   10.000000   10.000000   clock clk (rise edge)
                                  0.000000   10.000000   clock network delay (ideal)
                                 -0.250000    9.750000   clock uncertainty
                                  0.000000    9.750000   clock reconvergence pessimism
                                              9.750000 ^ _095_/CLK (sky130_fd_sc_hd__dfrtp_2)
                                  0.456369   10.206369   library recovery time
                                             10.206369   data required time
---------------------------------------------------------------------------------------------
                                             10.206369   data required time
                                             -2.482884   data arrival time
---------------------------------------------------------------------------------------------
                                              7.723485   slack (MET)


Startpoint: rst (input port clocked by clk)
Endpoint: _096_ (recovery check against rising-edge clock clk)
Path Group: asynchronous
Path Type: max

Fanout         Cap        Slew       Delay        Time   Description
---------------------------------------------------------------------------------------------
                      0.150000    0.000000    0.000000   clock clk (rise edge)
                                  0.000000    0.000000   clock network delay (ideal)
                                  2.000000    2.000000 v input external delay
    24    0.103200    0.434897    0.314761    2.314761 v rst (in)
                                                         rst (net)
                      0.434897    0.000000    2.314761 v _072_/A (sky130_fd_sc_hd__inv_2)
     1    0.003263    0.105090    0.168124    2.482884 ^ _072_/Y (sky130_fd_sc_hd__inv_2)
                                                         _025_ (net)
                      0.105090    0.000000    2.482884 ^ _096_/RESET_B (sky130_fd_sc_hd__dfrtp_2)
                                              2.482884   data arrival time

                      0.150000   10.000000   10.000000   clock clk (rise edge)
                                  0.000000   10.000000   clock network delay (ideal)
                                 -0.250000    9.750000   clock uncertainty
                                  0.000000    9.750000   clock reconvergence pessimism
                                              9.750000 ^ _096_/CLK (sky130_fd_sc_hd__dfrtp_2)
                                  0.456369   10.206369   library recovery time
                                             10.206369   data required time
---------------------------------------------------------------------------------------------
                                             10.206369   data required time
                                             -2.482884   data arrival time
---------------------------------------------------------------------------------------------
                                              7.723485   slack (MET)


Startpoint: rst (input port clocked by clk)
Endpoint: _097_ (recovery check against rising-edge clock clk)
Path Group: asynchronous
Path Type: max

Fanout         Cap        Slew       Delay        Time   Description
---------------------------------------------------------------------------------------------
                      0.150000    0.000000    0.000000   clock clk (rise edge)
                                  0.000000    0.000000   clock network delay (ideal)
                                  2.000000    2.000000 v input external delay
    24    0.103200    0.434897    0.314761    2.314761 v rst (in)
                                                         rst (net)
                      0.434897    0.000000    2.314761 v _073_/A (sky130_fd_sc_hd__inv_2)
     1    0.003263    0.105090    0.168124    2.482884 ^ _073_/Y (sky130_fd_sc_hd__inv_2)
                                                         _026_ (net)
                      0.105090    0.000000    2.482884 ^ _097_/RESET_B (sky130_fd_sc_hd__dfrtp_2)
                                              2.482884   data arrival time

                      0.150000   10.000000   10.000000   clock clk (rise edge)
                                  0.000000   10.000000   clock network delay (ideal)
                                 -0.250000    9.750000   clock uncertainty
                                  0.000000    9.750000   clock reconvergence pessimism
                                              9.750000 ^ _097_/CLK (sky130_fd_sc_hd__dfrtp_2)
                                  0.456369   10.206369   library recovery time
                                             10.206369   data required time
---------------------------------------------------------------------------------------------
                                             10.206369   data required time
                                             -2.482884   data arrival time
---------------------------------------------------------------------------------------------
                                              7.723485   slack (MET)


Startpoint: rst (input port clocked by clk)
Endpoint: _098_ (recovery check against rising-edge clock clk)
Path Group: asynchronous
Path Type: max

Fanout         Cap        Slew       Delay        Time   Description
---------------------------------------------------------------------------------------------
                      0.150000    0.000000    0.000000   clock clk (rise edge)
                                  0.000000    0.000000   clock network delay (ideal)
                                  2.000000    2.000000 v input external delay
    24    0.103200    0.434897    0.314761    2.314761 v rst (in)
                                                         rst (net)
                      0.434897    0.000000    2.314761 v _074_/A (sky130_fd_sc_hd__inv_2)
     1    0.003263    0.105090    0.168124    2.482884 ^ _074_/Y (sky130_fd_sc_hd__inv_2)
                                                         _027_ (net)
                      0.105090    0.000000    2.482884 ^ _098_/RESET_B (sky130_fd_sc_hd__dfrtp_2)
                                              2.482884   data arrival time

                      0.150000   10.000000   10.000000   clock clk (rise edge)
                                  0.000000   10.000000   clock network delay (ideal)
                                 -0.250000    9.750000   clock uncertainty
                                  0.000000    9.750000   clock reconvergence pessimism
                                              9.750000 ^ _098_/CLK (sky130_fd_sc_hd__dfrtp_2)
                                  0.456369   10.206369   library recovery time
                                             10.206369   data required time
---------------------------------------------------------------------------------------------
                                             10.206369   data required time
                                             -2.482884   data arrival time
---------------------------------------------------------------------------------------------
                                              7.723485   slack (MET)


Startpoint: rst (input port clocked by clk)
Endpoint: _099_ (recovery check against rising-edge clock clk)
Path Group: asynchronous
Path Type: max

Fanout         Cap        Slew       Delay        Time   Description
---------------------------------------------------------------------------------------------
                      0.150000    0.000000    0.000000   clock clk (rise edge)
                                  0.000000    0.000000   clock network delay (ideal)
                                  2.000000    2.000000 v input external delay
    24    0.103200    0.434897    0.314761    2.314761 v rst (in)
                                                         rst (net)
                      0.434897    0.000000    2.314761 v _075_/A (sky130_fd_sc_hd__inv_2)
     1    0.003263    0.105090    0.168124    2.482884 ^ _075_/Y (sky130_fd_sc_hd__inv_2)
                                                         _028_ (net)
                      0.105090    0.000000    2.482884 ^ _099_/RESET_B (sky130_fd_sc_hd__dfrtp_2)
                                              2.482884   data arrival time

                      0.150000   10.000000   10.000000   clock clk (rise edge)
                                  0.000000   10.000000   clock network delay (ideal)
                                 -0.250000    9.750000   clock uncertainty
                                  0.000000    9.750000   clock reconvergence pessimism
                                              9.750000 ^ _099_/CLK (sky130_fd_sc_hd__dfrtp_2)
                                  0.456369   10.206369   library recovery time
                                             10.206369   data required time
---------------------------------------------------------------------------------------------
                                             10.206369   data required time
                                             -2.482884   data arrival time
---------------------------------------------------------------------------------------------
                                              7.723485   slack (MET)


Startpoint: rst (input port clocked by clk)
Endpoint: _100_ (recovery check against rising-edge clock clk)
Path Group: asynchronous
Path Type: max

Fanout         Cap        Slew       Delay        Time   Description
---------------------------------------------------------------------------------------------
                      0.150000    0.000000    0.000000   clock clk (rise edge)
                                  0.000000    0.000000   clock network delay (ideal)
                                  2.000000    2.000000 v input external delay
    24    0.103200    0.434897    0.314761    2.314761 v rst (in)
                                                         rst (net)
                      0.434897    0.000000    2.314761 v _076_/A (sky130_fd_sc_hd__inv_2)
     1    0.003263    0.105090    0.168124    2.482884 ^ _076_/Y (sky130_fd_sc_hd__inv_2)
                                                         _029_ (net)
                      0.105090    0.000000    2.482884 ^ _100_/RESET_B (sky130_fd_sc_hd__dfrtp_2)
                                              2.482884   data arrival time

                      0.150000   10.000000   10.000000   clock clk (rise edge)
                                  0.000000   10.000000   clock network delay (ideal)
                                 -0.250000    9.750000   clock uncertainty
                                  0.000000    9.750000   clock reconvergence pessimism
                                              9.750000 ^ _100_/CLK (sky130_fd_sc_hd__dfrtp_2)
                                  0.456369   10.206369   library recovery time
                                             10.206369   data required time
---------------------------------------------------------------------------------------------
                                             10.206369   data required time
                                             -2.482884   data arrival time
---------------------------------------------------------------------------------------------
                                              7.723485   slack (MET)


Startpoint: rst (input port clocked by clk)
Endpoint: _101_ (recovery check against rising-edge clock clk)
Path Group: asynchronous
Path Type: max

Fanout         Cap        Slew       Delay        Time   Description
---------------------------------------------------------------------------------------------
                      0.150000    0.000000    0.000000   clock clk (rise edge)
                                  0.000000    0.000000   clock network delay (ideal)
                                  2.000000    2.000000 v input external delay
    24    0.103200    0.434897    0.314761    2.314761 v rst (in)
                                                         rst (net)
                      0.434897    0.000000    2.314761 v _077_/A (sky130_fd_sc_hd__inv_2)
     1    0.003263    0.105090    0.168124    2.482884 ^ _077_/Y (sky130_fd_sc_hd__inv_2)
                                                         _030_ (net)
                      0.105090    0.000000    2.482884 ^ _101_/RESET_B (sky130_fd_sc_hd__dfrtp_2)
                                              2.482884   data arrival time

                      0.150000   10.000000   10.000000   clock clk (rise edge)
                                  0.000000   10.000000   clock network delay (ideal)
                                 -0.250000    9.750000   clock uncertainty
                                  0.000000    9.750000   clock reconvergence pessimism
                                              9.750000 ^ _101_/CLK (sky130_fd_sc_hd__dfrtp_2)
                                  0.456369   10.206369   library recovery time
                                             10.206369   data required time
---------------------------------------------------------------------------------------------
                                             10.206369   data required time
                                             -2.482884   data arrival time
---------------------------------------------------------------------------------------------
                                              7.723485   slack (MET)


Startpoint: rst (input port clocked by clk)
Endpoint: _102_ (recovery check against rising-edge clock clk)
Path Group: asynchronous
Path Type: max

Fanout         Cap        Slew       Delay        Time   Description
---------------------------------------------------------------------------------------------
                      0.150000    0.000000    0.000000   clock clk (rise edge)
                                  0.000000    0.000000   clock network delay (ideal)
                                  2.000000    2.000000 v input external delay
    24    0.103200    0.434897    0.314761    2.314761 v rst (in)
                                                         rst (net)
                      0.434897    0.000000    2.314761 v _078_/A (sky130_fd_sc_hd__inv_2)
     1    0.003263    0.105090    0.168124    2.482884 ^ _078_/Y (sky130_fd_sc_hd__inv_2)
                                                         _031_ (net)
                      0.105090    0.000000    2.482884 ^ _102_/RESET_B (sky130_fd_sc_hd__dfrtp_2)
                                              2.482884   data arrival time

                      0.150000   10.000000   10.000000   clock clk (rise edge)
                                  0.000000   10.000000   clock network delay (ideal)
                                 -0.250000    9.750000   clock uncertainty
                                  0.000000    9.750000   clock reconvergence pessimism
                                              9.750000 ^ _102_/CLK (sky130_fd_sc_hd__dfrtp_2)
                                  0.456369   10.206369   library recovery time
                                             10.206369   data required time
---------------------------------------------------------------------------------------------
                                             10.206369   data required time
                                             -2.482884   data arrival time
---------------------------------------------------------------------------------------------
                                              7.723485   slack (MET)


Startpoint: _090_ (rising edge-triggered flip-flop clocked by clk)
Endpoint: _092_ (rising edge-triggered flip-flop clocked by clk)
Path Group: clk
Path Type: max

Fanout         Cap        Slew       Delay        Time   Description
---------------------------------------------------------------------------------------------
                      0.150000    0.000000    0.000000   clock clk (rise edge)
                                  0.000000    0.000000   clock network delay (ideal)
                      0.150000    0.000000    0.000000 ^ _090_/CLK (sky130_fd_sc_hd__dfrtp_2)
     4    0.014116    0.131041    0.907540    0.907540 v _090_/Q (sky130_fd_sc_hd__dfrtp_2)
                                                         tcout[1] (net)
                      0.131041    0.000000    0.907540 v _043_/B (sky130_fd_sc_hd__and3_2)
     7    0.025243    0.169089    0.548089    1.455629 v _043_/X (sky130_fd_sc_hd__and3_2)
                                                         _032_ (net)
                      0.169089    0.000000    1.455629 v _047_/B (sky130_fd_sc_hd__xor2_2)
     1    0.001838    0.085186    0.283049    1.738678 v _047_/X (sky130_fd_sc_hd__xor2_2)
                                                         _003_ (net)
                      0.085186    0.000000    1.738678 v _092_/D (sky130_fd_sc_hd__dfrtp_2)
                                              1.738678   data arrival time

                      0.150000   10.000000   10.000000   clock clk (rise edge)
                                  0.000000   10.000000   clock network delay (ideal)
                                 -0.250000    9.750000   clock uncertainty
                                  0.000000    9.750000   clock reconvergence pessimism
                                              9.750000 ^ _092_/CLK (sky130_fd_sc_hd__dfrtp_2)
                                 -0.261624    9.488376   library setup time
                                              9.488376   data required time
---------------------------------------------------------------------------------------------
                                              9.488376   data required time
                                             -1.738678   data arrival time
---------------------------------------------------------------------------------------------
                                              7.749698   slack (MET)


Startpoint: _090_ (rising edge-triggered flip-flop clocked by clk)
Endpoint: _091_ (rising edge-triggered flip-flop clocked by clk)
Path Group: clk
Path Type: max

Fanout         Cap        Slew       Delay        Time   Description
---------------------------------------------------------------------------------------------
                      0.150000    0.000000    0.000000   clock clk (rise edge)
                                  0.000000    0.000000   clock network delay (ideal)
                      0.150000    0.000000    0.000000 ^ _090_/CLK (sky130_fd_sc_hd__dfrtp_2)
     4    0.014116    0.131041    0.907540    0.907540 v _090_/Q (sky130_fd_sc_hd__dfrtp_2)
                                                         tcout[1] (net)
                      0.131041    0.000000    0.907540 v _043_/B (sky130_fd_sc_hd__and3_2)
     7    0.025243    0.169089    0.548089    1.455629 v _043_/X (sky130_fd_sc_hd__and3_2)
                                                         _032_ (net)
                      0.169089    0.000000    1.455629 v _045_/A (sky130_fd_sc_hd__nor2_2)
     1    0.001853    0.089902    0.186324    1.641953 ^ _045_/Y (sky130_fd_sc_hd__nor2_2)
                                                         _002_ (net)
                      0.089902    0.000000    1.641953 ^ _091_/D (sky130_fd_sc_hd__dfrtp_2)
                                              1.641953   data arrival time

                      0.150000   10.000000   10.000000   clock clk (rise edge)
                                  0.000000   10.000000   clock network delay (ideal)
                                 -0.250000    9.750000   clock uncertainty
                                  0.000000    9.750000   clock reconvergence pessimism
                                              9.750000 ^ _091_/CLK (sky130_fd_sc_hd__dfrtp_2)
                                 -0.129290    9.620709   library setup time
                                              9.620709   data required time
---------------------------------------------------------------------------------------------
                                              9.620709   data required time
                                             -1.641953   data arrival time
---------------------------------------------------------------------------------------------
                                              7.978756   slack (MET)


Startpoint: _089_ (rising edge-triggered flip-flop clocked by clk)
Endpoint: _090_ (rising edge-triggered flip-flop clocked by clk)
Path Group: clk
Path Type: max

Fanout         Cap        Slew       Delay        Time   Description
---------------------------------------------------------------------------------------------
                      0.150000    0.000000    0.000000   clock clk (rise edge)
                                  0.000000    0.000000   clock network delay (ideal)
                      0.150000    0.000000    0.000000 ^ _089_/CLK (sky130_fd_sc_hd__dfrtp_2)
     5    0.018712    0.151918    0.935238    0.935238 v _089_/Q (sky130_fd_sc_hd__dfrtp_2)
                                                         tcout[0] (net)
                      0.151918    0.000000    0.935238 v _042_/A (sky130_fd_sc_hd__xor2_2)
     1    0.001838    0.073701    0.322118    1.257356 v _042_/X (sky130_fd_sc_hd__xor2_2)
                                                         _001_ (net)
                      0.073701    0.000000    1.257356 v _090_/D (sky130_fd_sc_hd__dfrtp_2)
                                              1.257356   data arrival time

                      0.150000   10.000000   10.000000   clock clk (rise edge)
                                  0.000000   10.000000   clock network delay (ideal)
                                 -0.250000    9.750000   clock uncertainty
                                  0.000000    9.750000   clock reconvergence pessimism
                                              9.750000 ^ _090_/CLK (sky130_fd_sc_hd__dfrtp_2)
                                 -0.256833    9.493168   library setup time
                                              9.493168   data required time
---------------------------------------------------------------------------------------------
                                              9.493168   data required time
                                             -1.257356   data arrival time
---------------------------------------------------------------------------------------------
                                              8.235811   slack (MET)


Startpoint: _089_ (rising edge-triggered flip-flop clocked by clk)
Endpoint: _089_ (rising edge-triggered flip-flop clocked by clk)
Path Group: clk
Path Type: max

Fanout         Cap        Slew       Delay        Time   Description
---------------------------------------------------------------------------------------------
                      0.150000    0.000000    0.000000   clock clk (rise edge)
                                  0.000000    0.000000   clock network delay (ideal)
                      0.150000    0.000000    0.000000 ^ _089_/CLK (sky130_fd_sc_hd__dfrtp_2)
     5    0.019982    0.189391    0.834159    0.834159 ^ _089_/Q (sky130_fd_sc_hd__dfrtp_2)
                                                         tcout[0] (net)
                      0.189391    0.000000    0.834159 ^ _040_/A (sky130_fd_sc_hd__inv_2)
     1    0.001838    0.039878    0.082781    0.916940 v _040_/Y (sky130_fd_sc_hd__inv_2)
                                                         _000_ (net)
                      0.039878    0.000000    0.916940 v _089_/D (sky130_fd_sc_hd__dfrtp_2)
                                              0.916940   data arrival time

                      0.150000   10.000000   10.000000   clock clk (rise edge)
                                  0.000000   10.000000   clock network delay (ideal)
                                 -0.250000    9.750000   clock uncertainty
                                  0.000000    9.750000   clock reconvergence pessimism
                                              9.750000 ^ _089_/CLK (sky130_fd_sc_hd__dfrtp_2)
                                 -0.242723    9.507277   library setup time
                                              9.507277   data required time
---------------------------------------------------------------------------------------------
                                              9.507277   data required time
                                             -0.916940   data arrival time
---------------------------------------------------------------------------------------------
                                              8.590338   slack (MET)



