%Warning-PINMISSING: /home/thanh/NCO/counter.v:18:12: Cell has missing pin: 'vccd1'
   18 |  ram256x16 mem_i (
      |            ^~~~~
                     ... For warning description see https://verilator.org/warn/PINMISSING?v=5.018
                     ... Use "/* verilator lint_off PINMISSING */" and lint_on around source to disable this message.
%Warning-PINMISSING: /home/thanh/NCO/counter.v:18:12: Cell has missing pin: 'vssd1'
   18 |  ram256x16 mem_i (
      |            ^~~~~
%Warning-UNUSEDPARAM: /home/thanh/NCO/ram_256x16/ram256x16.v:20:13: Parameter is not used: 'DELAY'
                                                                  : ... note: In instance 'counter.mem_i'
   20 |   parameter DELAY = 3 ;
      |             ^~~~~
%Warning-UNUSEDPARAM: /home/thanh/NCO/ram_256x16/ram256x16.v:21:13: Parameter is not used: 'VERBOSE'
                                                                  : ... note: In instance 'counter.mem_i'
   21 |   parameter VERBOSE = 1 ;  
      |             ^~~~~~~
%Warning-UNUSEDPARAM: /home/thanh/NCO/ram_256x16/ram256x16.v:22:13: Parameter is not used: 'T_HOLD'
                                                                  : ... note: In instance 'counter.mem_i'
   22 |   parameter T_HOLD = 1 ;  
      |             ^~~~~~
%Warning-BLKSEQ: /home/thanh/NCO/counter.v:31:13: Blocking assignment '=' in sequential logic process
                                                : ... Suggest using delayed assignment '<='
   31 |    sine_out = sine_out_temp;
      |             ^
%Warning-BLKSEQ: /home/thanh/NCO/ram_256x16/ram256x16.v:48:14: Blocking assignment '=' in sequential logic process
                                                             : ... Suggest using delayed assignment '<='
   48 |     csb0_reg = csb0;
      |              ^
%Warning-BLKSEQ: /home/thanh/NCO/ram_256x16/ram256x16.v:49:15: Blocking assignment '=' in sequential logic process
                                                             : ... Suggest using delayed assignment '<='
   49 |     addr0_reg = addr0;
      |               ^
%Warning-BLKSEQ: /home/thanh/NCO/ram_256x16/ram256x16.v:50:14: Blocking assignment '=' in sequential logic process
                                                             : ... Suggest using delayed assignment '<='
   50 |     din0_reg = din0;
      |              ^
%Warning-BLKSEQ: /home/thanh/NCO/ram_256x16/ram256x16.v:62:14: Blocking assignment '=' in sequential logic process
                                                             : ... Suggest using delayed assignment '<='
   62 |     csb1_reg = csb1;
      |              ^
%Warning-BLKSEQ: /home/thanh/NCO/ram_256x16/ram256x16.v:63:15: Blocking assignment '=' in sequential logic process
                                                             : ... Suggest using delayed assignment '<='
   63 |     addr1_reg = addr1;
      |               ^
%Warning-BLKSEQ: /home/thanh/NCO/ram_256x16/ram256x16.v:77:30: Blocking assignment '=' in sequential logic process
                                                             : ... Suggest using delayed assignment '<='
   77 |         mem[addr0_reg][15:0] = din0_reg[15:0];
      |                              ^
%Error-BLKANDNBLK: /home/thanh/NCO/counter.v:7:20: Unsupported: Blocked and non-blocking assignments to same variable: 'sine_out'
    7 |  output reg [15:0] sine_out
      |                    ^~~~~~~~
                   /home/thanh/NCO/counter.v:31:13: ... Location of blocking assignment
   31 |    sine_out = sine_out_temp;
      |             ^
                   /home/thanh/NCO/counter.v:27:4: ... Location of nonblocking assignment
   27 |    sine_out <= 0;
      |    ^~~~~~~~
%Error: Exiting due to 1 error(s)
