Clock: clk
Sources: clk 
Generated: no
Virtual: yes
Propagated: no
Period: 5.100000

===========================================================================
report_clock_properties
============================================================================
Clock                   Period          Waveform
----------------------------------------------------
clk                   5.100000    0.000000  2.550000

===========================================================================
report_clock_latency
============================================================================
Clock clk
rise -> rise
    min     max
0.000000 0.000000 source latency
1.219126         network latency mem_i0/clk1
        1.261997 network latency mem_i1/clk1
---------------
1.219126 1.261997 latency
        0.042871 skew

fall -> fall
    min     max
0.000000 0.000000 source latency
1.008940         network latency mem_i0/clk1
        1.042448 network latency mem_i1/clk1
---------------
1.008940 1.042448 latency
        0.033508 skew



===========================================================================
report_clock_min_period
============================================================================
clk period_min = 3.33 fmax = 300.13
