
===========================================================================
report_checks -unconstrained
===========================================================================
======================= nom_tt_025C_1v80 Corner ===================================

Startpoint: rst (input port clocked by clk)
Endpoint: _588_ (recovery check against rising-edge clock clk)
Path Group: asynchronous
Path Type: max

Fanout         Cap        Slew       Delay        Time   Description
---------------------------------------------------------------------------------------------
                                  0.000000    0.000000   clock clk (rise edge)
                                  0.000000    0.000000   clock network delay (propagated)
                                  2.500000    2.500000 v input external delay
     2    0.004862    0.013330    0.007904    2.507904 v rst (in)
                                                         rst (net)
                      0.013332    0.000000    2.507904 v input50/A (sky130_fd_sc_hd__buf_2)
     7    0.032587    0.086968    0.161300    2.669204 v input50/X (sky130_fd_sc_hd__buf_2)
                                                         net50 (net)
                      0.087389    0.004693    2.673897 v fanout103/A (sky130_fd_sc_hd__clkbuf_2)
     5    0.023051    0.092686    0.176422    2.850319 v fanout103/X (sky130_fd_sc_hd__clkbuf_2)
                                                         net103 (net)
                      0.092687    0.000498    2.850817 v fanout102/A (sky130_fd_sc_hd__buf_4)
    10    0.052058    0.079876    0.208189    3.059006 v fanout102/X (sky130_fd_sc_hd__buf_4)
                                                         net102 (net)
                      0.079933    0.001930    3.060936 v _304_/A (sky130_fd_sc_hd__inv_2)
     1    0.005828    0.039892    0.064176    3.125112 ^ _304_/Y (sky130_fd_sc_hd__inv_2)
                                                         _025_ (net)
                      0.039893    0.000201    3.125314 ^ _588_/RESET_B (sky130_fd_sc_hd__dfrtp_1)
                                              3.125314   data arrival time

                                  5.000000    5.000000   clock clk (rise edge)
                                  0.000000    5.000000   clock source latency
     2    0.030519    0.142202    0.100846    5.100847 ^ clk (in)
                                                         clk (net)
                      0.142443    0.000000    5.100847 ^ clkbuf_0_clk/A (sky130_fd_sc_hd__clkbuf_16)
    17    0.124811    0.137974    0.233997    5.334843 ^ clkbuf_0_clk/X (sky130_fd_sc_hd__clkbuf_16)
                                                         clknet_0_clk (net)
                      0.138084    0.003244    5.338087 ^ clkbuf_3_1__f_clk/A (sky130_fd_sc_hd__clkbuf_16)
    10    0.028946    0.050553    0.166762    5.504849 ^ clkbuf_3_1__f_clk/X (sky130_fd_sc_hd__clkbuf_16)
                                                         clknet_3_1__leaf_clk (net)
                      0.050565    0.000473    5.505322 ^ _588_/CLK (sky130_fd_sc_hd__dfrtp_1)
                                 -0.005000    5.500322   clock uncertainty
                                  0.000000    5.500322   clock reconvergence pessimism
                                  0.233359    5.733682   library recovery time
                                              5.733682   data required time
---------------------------------------------------------------------------------------------
                                              5.733682   data required time
                                             -3.125314   data arrival time
---------------------------------------------------------------------------------------------
                                              2.608368   slack (MET)


Startpoint: _590_ (rising edge-triggered flip-flop clocked by clk)
Endpoint: sine_out[2] (output port clocked by clk)
Path Group: clk
Path Type: max

Fanout         Cap        Slew       Delay        Time   Description
---------------------------------------------------------------------------------------------
                                  0.000000    0.000000   clock clk (rise edge)
                                  0.000000    0.000000   clock source latency
     2    0.030519    0.142202    0.100846    0.100846 ^ clk (in)
                                                         clk (net)
                      0.142443    0.000000    0.100846 ^ clkbuf_0_clk/A (sky130_fd_sc_hd__clkbuf_16)
    17    0.124811    0.137974    0.233997    0.334843 ^ clkbuf_0_clk/X (sky130_fd_sc_hd__clkbuf_16)
                                                         clknet_0_clk (net)
                      0.138076    0.003128    0.337972 ^ clkbuf_3_2__f_clk/A (sky130_fd_sc_hd__clkbuf_16)
    12    0.033705    0.054613    0.169943    0.507915 ^ clkbuf_3_2__f_clk/X (sky130_fd_sc_hd__clkbuf_16)
                                                         clknet_3_2__leaf_clk (net)
                      0.054618    0.000947    0.508862 ^ _590_/CLK (sky130_fd_sc_hd__dfrtp_1)
     1    0.003797    0.044152    0.362762    0.871624 v _590_/Q (sky130_fd_sc_hd__dfrtp_1)
                                                         net59 (net)
                      0.044152    0.000137    0.871760 v output59/A (sky130_fd_sc_hd__buf_2)
     1    0.034391    0.089871    0.179811    1.051571 v output59/X (sky130_fd_sc_hd__buf_2)
                                                         sine_out[2] (net)
                      0.089879    0.000849    1.052420 v sine_out[2] (out)
                                              1.052420   data arrival time

                                  5.000000    5.000000   clock clk (rise edge)
                                  0.000000    5.000000   clock network delay (propagated)
                                 -0.005000    4.995000   clock uncertainty
                                  0.000000    4.995000   clock reconvergence pessimism
                                 -2.250000    2.745000   output external delay
                                              2.745000   data required time
---------------------------------------------------------------------------------------------
                                              2.745000   data required time
                                             -1.052420   data arrival time
---------------------------------------------------------------------------------------------
                                              1.692580   slack (MET)




===========================================================================
report_checks --slack_max -0.01
============================================================================
======================= nom_tt_025C_1v80 Corner ===================================

No paths found.


===========================================================================
 report_check_types -max_slew -max_cap -max_fanout -violators
============================================================================
======================= nom_tt_025C_1v80 Corner ===================================

max slew

Pin                                        Limit        Slew       Slack
------------------------------------------------------------------------
mem_i/addr1[1]                          0.040000    0.227670   -0.187670 (VIOLATED)
mem_i/addr1[6]                          0.040000    0.201262   -0.161262 (VIOLATED)
mem_i/addr1[5]                          0.040000    0.199890   -0.159890 (VIOLATED)
mem_i/addr1[4]                          0.040000    0.195627   -0.155627 (VIOLATED)
mem_i/addr1[7]                          0.040000    0.193388   -0.153388 (VIOLATED)
mem_i/addr0[7]                          0.040000    0.184849   -0.144848 (VIOLATED)
mem_i/addr0[1]                          0.040000    0.184725   -0.144725 (VIOLATED)
mem_i/addr0[4]                          0.040000    0.184517   -0.144517 (VIOLATED)
mem_i/addr0[5]                          0.040000    0.183596   -0.143596 (VIOLATED)
mem_i/addr0[6]                          0.040000    0.181960   -0.141960 (VIOLATED)
mem_i/addr0[3]                          0.040000    0.181923   -0.141923 (VIOLATED)
mem_i/addr0[2]                          0.040000    0.181023   -0.141023 (VIOLATED)
mem_i/addr0[0]                          0.040000    0.172940   -0.132940 (VIOLATED)
mem_i/addr1[0]                          0.040000    0.136725   -0.096725 (VIOLATED)
mem_i/addr1[3]                          0.040000    0.113358   -0.073358 (VIOLATED)
mem_i/addr1[2]                          0.040000    0.112804   -0.072804 (VIOLATED)

max fanout

Pin                                   Limit Fanout  Slack
---------------------------------------------------------
fanout104/X                              10     21    -11 (VIOLATED)
clkbuf_0_clk/X                           10     17     -7 (VIOLATED)
clkbuf_3_0__f_clk/X                      10     15     -5 (VIOLATED)
clkbuf_3_4__f_clk/X                      10     13     -3 (VIOLATED)
clkbuf_3_7__f_clk/X                      10     13     -3 (VIOLATED)
clkbuf_3_2__f_clk/X                      10     12     -2 (VIOLATED)
clkbuf_3_3__f_clk/X                      10     11        (VIOLATED)



===========================================================================
report_parasitic_annotation -report_unannotated
============================================================================
Found 54 unannotated drivers.
 addr01[0]
 addr01[1]
 addr01[2]
 addr01[3]
 addr01[4]
 addr01[5]
 addr01[6]
 addr01[7]
 csb01
 clkload0/X
 clkload1/Y
 clkload2/X
 clkload3/Y
 clkload4/Y
 clkload5/Y
 clkload6/Y
 mem_i/dout0[0]
 mem_i/dout0[10]
 mem_i/dout0[11]
 mem_i/dout0[12]
 mem_i/dout0[13]
 mem_i/dout0[14]
 mem_i/dout0[15]
 mem_i/dout0[16]
 mem_i/dout0[17]
 mem_i/dout0[18]
 mem_i/dout0[19]
 mem_i/dout0[1]
 mem_i/dout0[20]
 mem_i/dout0[21]
 mem_i/dout0[22]
 mem_i/dout0[23]
 mem_i/dout0[24]
 mem_i/dout0[25]
 mem_i/dout0[26]
 mem_i/dout0[27]
 mem_i/dout0[28]
 mem_i/dout0[29]
 mem_i/dout0[2]
 mem_i/dout0[30]
 mem_i/dout0[31]
 mem_i/dout0[3]
 mem_i/dout0[4]
 mem_i/dout0[5]
 mem_i/dout0[6]
 mem_i/dout0[7]
 mem_i/dout0[8]
 mem_i/dout0[9]
 mem_i_113/HI
 mem_i_114/HI
 mem_i_115/LO
 mem_i_116/LO
 mem_i_117/LO
 mem_i_118/LO
Found 0 partially unannotated drivers.

===========================================================================
max slew violation count 16
Writing metric design__max_slew_violation__count__corner:nom_tt_025C_1v80: 16
max fanout violation count 7
Writing metric design__max_fanout_violation__count__corner:nom_tt_025C_1v80: 7
max cap violation count 0
Writing metric design__max_cap_violation__count__corner:nom_tt_025C_1v80: 0
============================================================================

===========================================================================
check_setup -verbose -unconstrained_endpoints -multiple_clock -no_clock -no_input_delay -loops -generated_clocks
===========================================================================
Warning: There are 8 input ports missing set_input_delay.
  denum[0]
  denum[1]
  denum[2]
  denum[3]
  num[0]
  num[1]
  num[2]
  num[3]
Warning: There are 6 unconstrained endpoints.
  mem_i/csb1
  mem_i/web0
  mem_i/wmask0[0]
  mem_i/wmask0[1]
  mem_i/wmask0[2]
  mem_i/wmask0[3]
