
===========================================================================
report_checks -unconstrained
===========================================================================
======================= nom_tt_025C_1v80 Corner ===================================

Startpoint: rst (input port clocked by clk)
Endpoint: _604_ (recovery check against rising-edge clock clk)
Path Group: asynchronous
Path Type: max

Fanout         Cap        Slew       Delay        Time   Description
---------------------------------------------------------------------------------------------
                                  0.000000    0.000000   clock clk (rise edge)
                                  0.000000    0.000000   clock network delay (propagated)
                                  2.550000    2.550000 v input external delay
     1    0.002602    0.008175    0.004079    2.554079 v rst (in)
                                                         rst (net)
                      0.008175    0.000000    2.554079 v input59/A (sky130_fd_sc_hd__buf_1)
     1    0.012242    0.076876    0.114137    2.668216 v input59/X (sky130_fd_sc_hd__buf_1)
                                                         net59 (net)
                      0.076876    0.000305    2.668521 v fanout105/A (sky130_fd_sc_hd__clkbuf_8)
     8    0.064836    0.082701    0.196994    2.865515 v fanout105/X (sky130_fd_sc_hd__clkbuf_8)
                                                         net105 (net)
                      0.082701    0.000004    2.865520 v fanout104/A (sky130_fd_sc_hd__buf_4)
     9    0.047258    0.073760    0.199220    3.064740 v fanout104/X (sky130_fd_sc_hd__buf_4)
                                                         net104 (net)
                      0.073760    0.000002    3.064741 v fanout103/A (sky130_fd_sc_hd__buf_4)
    10    0.053195    0.079735    0.201894    3.266635 v fanout103/X (sky130_fd_sc_hd__buf_4)
                                                         net103 (net)
                      0.079735    0.000121    3.266756 v _579_/A (sky130_fd_sc_hd__inv_2)
     1    0.004159    0.035039    0.058275    3.325031 ^ _579_/Y (sky130_fd_sc_hd__inv_2)
                                                         _045_ (net)
                      0.035039    0.000009    3.325040 ^ _604_/RESET_B (sky130_fd_sc_hd__dfrtp_4)
                                              3.325040   data arrival time

                                  5.100000    5.100000   clock clk (rise edge)
                                  0.000000    5.100000   clock source latency
     1    0.052970    0.241481    0.172330    5.272330 ^ clk (in)
                                                         clk (net)
                      0.241870    0.000000    5.272330 ^ clkbuf_0_clk/A (sky130_fd_sc_hd__clkbuf_16)
     4    0.073616    0.092340    0.231350    5.503680 ^ clkbuf_0_clk/X (sky130_fd_sc_hd__clkbuf_16)
                                                         clknet_0_clk (net)
                      0.092422    0.002517    5.506196 ^ clkbuf_2_1_0_clk/A (sky130_fd_sc_hd__clkbuf_8)
     2    0.031875    0.069178    0.164277    5.670473 ^ clkbuf_2_1_0_clk/X (sky130_fd_sc_hd__clkbuf_8)
                                                         clknet_2_1_0_clk (net)
                      0.069185    0.000754    5.671227 ^ clkbuf_3_2__f_clk/A (sky130_fd_sc_hd__clkbuf_16)
    10    0.028088    0.049440    0.141952    5.813179 ^ clkbuf_3_2__f_clk/X (sky130_fd_sc_hd__clkbuf_16)
                                                         clknet_3_2__leaf_clk (net)
                      0.049440    0.000245    5.813425 ^ _604_/CLK (sky130_fd_sc_hd__dfrtp_4)
                                 -0.005100    5.808325   clock uncertainty
                                  0.000000    5.808325   clock reconvergence pessimism
                                  0.221766    6.030090   library recovery time
                                              6.030090   data required time
---------------------------------------------------------------------------------------------
                                              6.030090   data required time
                                             -3.325040   data arrival time
---------------------------------------------------------------------------------------------
                                              2.705051   slack (MET)


Startpoint: _592_ (rising edge-triggered flip-flop clocked by clk)
Endpoint: sine_out[8] (output port clocked by clk)
Path Group: clk
Path Type: max

Fanout         Cap        Slew       Delay        Time   Description
---------------------------------------------------------------------------------------------
                                  0.000000    0.000000   clock clk (rise edge)
                                  0.000000    0.000000   clock source latency
     1    0.052970    0.241481    0.172330    0.172330 ^ clk (in)
                                                         clk (net)
                      0.241870    0.000000    0.172330 ^ clkbuf_0_clk/A (sky130_fd_sc_hd__clkbuf_16)
     4    0.073616    0.092340    0.231350    0.403680 ^ clkbuf_0_clk/X (sky130_fd_sc_hd__clkbuf_16)
                                                         clknet_0_clk (net)
                      0.092352    0.001220    0.404900 ^ clkbuf_2_0_0_clk/A (sky130_fd_sc_hd__clkbuf_8)
     2    0.024022    0.057160    0.154779    0.559679 ^ clkbuf_2_0_0_clk/X (sky130_fd_sc_hd__clkbuf_8)
                                                         clknet_2_0_0_clk (net)
                      0.057160    0.000260    0.559939 ^ clkbuf_3_1__f_clk/A (sky130_fd_sc_hd__clkbuf_16)
    13    0.046366    0.065510    0.151163    0.711102 ^ clkbuf_3_1__f_clk/X (sky130_fd_sc_hd__clkbuf_16)
                                                         clknet_3_1__leaf_clk (net)
                      0.065510    0.000224    0.711326 ^ _592_/CLK (sky130_fd_sc_hd__dfrtp_1)
     1    0.011457    0.112198    0.379625    1.090951 ^ _592_/Q (sky130_fd_sc_hd__dfrtp_1)
                                                         net74 (net)
                      0.112198    0.000283    1.091234 ^ output74/A (sky130_fd_sc_hd__buf_2)
     1    0.034077    0.169534    0.222602    1.313836 ^ output74/X (sky130_fd_sc_hd__buf_2)
                                                         sine_out[8] (net)
                      0.169534    0.000110    1.313946 ^ sine_out[8] (out)
                                              1.313946   data arrival time

                                  5.100000    5.100000   clock clk (rise edge)
                                  0.000000    5.100000   clock network delay (propagated)
                                 -0.005100    5.094900   clock uncertainty
                                  0.000000    5.094900   clock reconvergence pessimism
                                 -2.295000    2.799900   output external delay
                                              2.799900   data required time
---------------------------------------------------------------------------------------------
                                              2.799900   data required time
                                             -1.313946   data arrival time
---------------------------------------------------------------------------------------------
                                              1.485954   slack (MET)




===========================================================================
report_checks --slack_max -0.01
============================================================================
======================= nom_tt_025C_1v80 Corner ===================================

No paths found.


===========================================================================
 report_check_types -max_slew -max_cap -max_fanout -violators
============================================================================
======================= nom_tt_025C_1v80 Corner ===================================

max fanout

Pin                                   Limit Fanout  Slack
---------------------------------------------------------
clkbuf_3_1__f_clk/X                      10     13     -3 (VIOLATED)



===========================================================================
report_parasitic_annotation -report_unannotated
============================================================================
Found 6 unannotated drivers.
 clkload0/Y
 clkload1/X
 clkload2/X
 clkload3/Y
 mem_i0_114/HI
 mem_i1_115/HI
Found 0 partially unannotated drivers.

===========================================================================
max slew violation count 0
Writing metric design__max_slew_violation__count__corner:nom_tt_025C_1v80: 0
max fanout violation count 1
Writing metric design__max_fanout_violation__count__corner:nom_tt_025C_1v80: 1
max cap violation count 0
Writing metric design__max_cap_violation__count__corner:nom_tt_025C_1v80: 0
============================================================================

===========================================================================
check_setup -verbose -unconstrained_endpoints -multiple_clock -no_clock -no_input_delay -loops -generated_clocks
===========================================================================
Warning: There are 8 input ports missing set_input_delay.
  denum[0]
  denum[1]
  denum[2]
  denum[3]
  num[0]
  num[1]
  num[2]
  num[3]
Warning: There are 2 unconstrained endpoints.
  mem_i0/csb1
  mem_i1/csb1
