
===========================================================================
report_checks -unconstrained
===========================================================================
======================= nom_tt_025C_1v80 Corner ===================================

Startpoint: rst (input port clocked by clk)
Endpoint: _100_ (recovery check against rising-edge clock clk)
Path Group: asynchronous
Path Type: max

Fanout         Cap        Slew       Delay        Time   Description
---------------------------------------------------------------------------------------------
                                  0.000000    0.000000   clock clk (rise edge)
                                  0.000000    0.000000   clock network delay (propagated)
                                  2.500000    2.500000 v input external delay
    24    0.149543    0.329185    0.248658    2.748658 v rst (in)
                                                         rst (net)
                      0.330668    0.000000    2.748658 v _076_/A (sky130_fd_sc_hd__inv_2)
     1    0.005892    0.084015    0.132819    2.881477 ^ _076_/Y (sky130_fd_sc_hd__inv_2)
                                                         _029_ (net)
                      0.084015    0.000051    2.881528 ^ _100_/RESET_B (sky130_fd_sc_hd__dfrtp_2)
                                              2.881528   data arrival time

                                  5.000000    5.000000   clock clk (rise edge)
                                  0.000000    5.000000   clock source latency
    26    0.152158    0.681039    0.481981    5.481981 ^ clk (in)
                                                         clk (net)
                      0.681796    0.000000    5.481981 ^ _100_/CLK (sky130_fd_sc_hd__dfrtp_2)
                                 -0.250000    5.231981   clock uncertainty
                                  0.000000    5.231981   clock reconvergence pessimism
                                  0.371235    5.603216   library recovery time
                                              5.603216   data required time
---------------------------------------------------------------------------------------------
                                              5.603216   data required time
                                             -2.881528   data arrival time
---------------------------------------------------------------------------------------------
                                              2.721688   slack (MET)


Startpoint: _091_ (rising edge-triggered flip-flop clocked by clk)
Endpoint: sine_out[15] (output port clocked by clk)
Path Group: clk
Path Type: max

Fanout         Cap        Slew       Delay        Time   Description
---------------------------------------------------------------------------------------------
                                  0.000000    0.000000   clock clk (rise edge)
                                  0.000000    0.000000   clock source latency
    26    0.152158    0.681039    0.480774    0.480774 ^ clk (in)
                                                         clk (net)
                      0.681698    0.000000    0.480774 ^ _091_/CLK (sky130_fd_sc_hd__dfrtp_2)
     1    0.003077    0.038728    0.526693    1.007467 v _091_/Q (sky130_fd_sc_hd__dfrtp_2)
                                                         sine_out[15] (net)
                      0.038728    0.000030    1.007497 v sine_out[15] (out)
                                              1.007497   data arrival time

                                  5.000000    5.000000   clock clk (rise edge)
                                  0.000000    5.000000   clock network delay (propagated)
                                 -0.250000    4.750000   clock uncertainty
                                  0.000000    4.750000   clock reconvergence pessimism
                                 -2.250000    2.500000   output external delay
                                              2.500000   data required time
---------------------------------------------------------------------------------------------
                                              2.500000   data required time
                                             -1.007497   data arrival time
---------------------------------------------------------------------------------------------
                                              1.492503   slack (MET)




===========================================================================
report_checks --slack_max -0.01
============================================================================
======================= nom_tt_025C_1v80 Corner ===================================

No paths found.


===========================================================================
 report_check_types -max_slew -max_cap -max_fanout -violators
============================================================================
======================= nom_tt_025C_1v80 Corner ===================================

max slew

Pin                                        Limit        Slew       Slack
------------------------------------------------------------------------
mem_i/clk1                              0.040000    0.908714   -0.868714 (VIOLATED)
mem_i/clk0                              0.040000    0.908163   -0.868163 (VIOLATED)
_076_/A                                 0.040000    0.708948   -0.668948 (VIOLATED)
_077_/A                                 0.040000    0.708947   -0.668947 (VIOLATED)
_078_/A                                 0.040000    0.708944   -0.668944 (VIOLATED)
_041_/A                                 0.040000    0.708940   -0.668940 (VIOLATED)
_056_/A                                 0.040000    0.708934   -0.668934 (VIOLATED)
_057_/A                                 0.040000    0.708928   -0.668928 (VIOLATED)
_058_/A                                 0.040000    0.708920   -0.668920 (VIOLATED)
_059_/A                                 0.040000    0.708911   -0.668911 (VIOLATED)
_060_/A                                 0.040000    0.708900   -0.668900 (VIOLATED)
_061_/A                                 0.040000    0.708889   -0.668889 (VIOLATED)
_062_/A                                 0.040000    0.708876   -0.668876 (VIOLATED)
_063_/A                                 0.040000    0.708860   -0.668860 (VIOLATED)
_064_/A                                 0.040000    0.708845   -0.668845 (VIOLATED)
_065_/A                                 0.040000    0.708827   -0.668827 (VIOLATED)
_066_/A                                 0.040000    0.708807   -0.668807 (VIOLATED)
_067_/A                                 0.040000    0.708784   -0.668784 (VIOLATED)
_068_/A                                 0.040000    0.708487   -0.668487 (VIOLATED)
_069_/A                                 0.040000    0.708424   -0.668424 (VIOLATED)
_070_/A                                 0.040000    0.708255   -0.668255 (VIOLATED)
_071_/A                                 0.040000    0.708202   -0.668202 (VIOLATED)
_072_/A                                 0.040000    0.708194   -0.668194 (VIOLATED)
_075_/A                                 0.040000    0.708178   -0.668178 (VIOLATED)
_074_/A                                 0.040000    0.708176   -0.668176 (VIOLATED)
_073_/A                                 0.040000    0.708170   -0.668170 (VIOLATED)
rst                                     0.040000    0.708156   -0.668156 (VIOLATED)
_100_/CLK                               0.040000    0.681796   -0.641796 (VIOLATED)
_101_/CLK                               0.040000    0.681795   -0.641795 (VIOLATED)
_102_/CLK                               0.040000    0.681794   -0.641794 (VIOLATED)
_079_/CLK                               0.040000    0.681791   -0.641791 (VIOLATED)
_080_/CLK                               0.040000    0.681788   -0.641788 (VIOLATED)
_081_/CLK                               0.040000    0.681785   -0.641785 (VIOLATED)
_082_/CLK                               0.040000    0.681780   -0.641780 (VIOLATED)
_083_/CLK                               0.040000    0.681775   -0.641775 (VIOLATED)
_084_/CLK                               0.040000    0.681769   -0.641769 (VIOLATED)
_085_/CLK                               0.040000    0.681762   -0.641762 (VIOLATED)
_086_/CLK                               0.040000    0.681754   -0.641754 (VIOLATED)
_087_/CLK                               0.040000    0.681745   -0.641745 (VIOLATED)
_088_/CLK                               0.040000    0.681735   -0.641735 (VIOLATED)
_089_/CLK                               0.040000    0.681724   -0.641724 (VIOLATED)
_090_/CLK                               0.040000    0.681713   -0.641713 (VIOLATED)
_091_/CLK                               0.040000    0.681698   -0.641698 (VIOLATED)
_092_/CLK                               0.040000    0.681467   -0.641467 (VIOLATED)
_093_/CLK                               0.040000    0.681429   -0.641429 (VIOLATED)
_094_/CLK                               0.040000    0.681264   -0.641264 (VIOLATED)
_095_/CLK                               0.040000    0.681194   -0.641194 (VIOLATED)
_096_/CLK                               0.040000    0.681183   -0.641183 (VIOLATED)
_097_/CLK                               0.040000    0.681150   -0.641150 (VIOLATED)
_098_/CLK                               0.040000    0.681128   -0.641128 (VIOLATED)
_099_/CLK                               0.040000    0.681096   -0.641096 (VIOLATED)
clk                                     0.040000    0.681039   -0.641039 (VIOLATED)
mem_i/addr1[0]                          0.040000    0.266955   -0.226955 (VIOLATED)
mem_i/addr1[1]                          0.040000    0.242047   -0.202047 (VIOLATED)
mem_i/addr1[3]                          0.040000    0.203708   -0.163708 (VIOLATED)
_040_/A                                 0.040000    0.200216   -0.160216 (VIOLATED)
_042_/A                                 0.040000    0.200216   -0.160216 (VIOLATED)
_043_/A                                 0.040000    0.200216   -0.160216 (VIOLATED)
_044_/A1                                0.040000    0.200216   -0.160216 (VIOLATED)
_092_/Q                                 0.040000    0.200216   -0.160216 (VIOLATED)
_052_/B                                 0.040000    0.197813   -0.157813 (VIOLATED)
_053_/A1                                0.040000    0.197813   -0.157813 (VIOLATED)
_051_/A1_N                              0.040000    0.197812   -0.157812 (VIOLATED)
_048_/C                                 0.040000    0.197811   -0.157811 (VIOLATED)
_046_/B                                 0.040000    0.197810   -0.157810 (VIOLATED)
_047_/B                                 0.040000    0.197809   -0.157809 (VIOLATED)
_043_/X                                 0.040000    0.197805   -0.157805 (VIOLATED)
_045_/A                                 0.040000    0.197805   -0.157805 (VIOLATED)
_042_/B                                 0.040000    0.181536   -0.141536 (VIOLATED)
_043_/B                                 0.040000    0.181536   -0.141536 (VIOLATED)
_044_/A2                                0.040000    0.181536   -0.141536 (VIOLATED)
_093_/Q                                 0.040000    0.181536   -0.141536 (VIOLATED)
mem_i/addr1[6]                          0.040000    0.177731   -0.137731 (VIOLATED)
mem_i/addr1[4]                          0.040000    0.175110   -0.135110 (VIOLATED)
mem_i/addr1[5]                          0.040000    0.171317   -0.131317 (VIOLATED)
mem_i/addr1[7]                          0.040000    0.170295   -0.130295 (VIOLATED)
mem_i/addr1[2]                          0.040000    0.166769   -0.126769 (VIOLATED)
_046_/A                                 0.040000    0.152781   -0.112781 (VIOLATED)
_047_/A                                 0.040000    0.152781   -0.112781 (VIOLATED)
_048_/A                                 0.040000    0.152781   -0.112781 (VIOLATED)
_050_/A                                 0.040000    0.152781   -0.112781 (VIOLATED)
_095_/Q                                 0.040000    0.152781   -0.112781 (VIOLATED)
_052_/A                                 0.040000    0.133295   -0.093295 (VIOLATED)
_053_/B1                                0.040000    0.133295   -0.093295 (VIOLATED)
_098_/Q                                 0.040000    0.133295   -0.093295 (VIOLATED)
_048_/B                                 0.040000    0.131332   -0.091332 (VIOLATED)
_049_/A                                 0.040000    0.131332   -0.091332 (VIOLATED)
_050_/B                                 0.040000    0.131332   -0.091332 (VIOLATED)
_096_/Q                                 0.040000    0.131332   -0.091332 (VIOLATED)
_050_/C                                 0.040000    0.128482   -0.088482 (VIOLATED)
_051_/B2                                0.040000    0.128482   -0.088482 (VIOLATED)
_097_/Q                                 0.040000    0.128482   -0.088482 (VIOLATED)
_055_/A                                 0.040000    0.127721   -0.087721 (VIOLATED)
_099_/Q                                 0.040000    0.127721   -0.087721 (VIOLATED)
_044_/Y                                 0.040000    0.126497   -0.086497 (VIOLATED)
_045_/B                                 0.040000    0.126497   -0.086497 (VIOLATED)
_043_/C                                 0.040000    0.125076   -0.085076 (VIOLATED)
_044_/B1                                0.040000    0.125076   -0.085076 (VIOLATED)
_094_/Q                                 0.040000    0.125076   -0.085076 (VIOLATED)
_049_/Y                                 0.040000    0.107558   -0.067558 (VIOLATED)
_096_/D                                 0.040000    0.107558   -0.067558 (VIOLATED)
_053_/Y                                 0.040000    0.105022   -0.065022 (VIOLATED)
_054_/B                                 0.040000    0.105022   -0.065022 (VIOLATED)
_074_/Y                                 0.040000    0.103920   -0.063920 (VIOLATED)
_098_/RESET_B                           0.040000    0.103920   -0.063920 (VIOLATED)
_052_/X                                 0.040000    0.103751   -0.063751 (VIOLATED)
_054_/A                                 0.040000    0.103751   -0.063751 (VIOLATED)
_055_/B                                 0.040000    0.103751   -0.063751 (VIOLATED)
_075_/Y                                 0.040000    0.103732   -0.063732 (VIOLATED)
_099_/RESET_B                           0.040000    0.103732   -0.063732 (VIOLATED)
_072_/Y                                 0.040000    0.103675   -0.063675 (VIOLATED)
_096_/RESET_B                           0.040000    0.103675   -0.063675 (VIOLATED)
_071_/Y                                 0.040000    0.103486   -0.063486 (VIOLATED)
_095_/RESET_B                           0.040000    0.103486   -0.063486 (VIOLATED)
_076_/Y                                 0.040000    0.102907   -0.062907 (VIOLATED)
_100_/RESET_B                           0.040000    0.102907   -0.062907 (VIOLATED)
_077_/Y                                 0.040000    0.102246   -0.062246 (VIOLATED)
_101_/RESET_B                           0.040000    0.102246   -0.062246 (VIOLATED)
_055_/X                                 0.040000    0.102199   -0.062199 (VIOLATED)
_099_/D                                 0.040000    0.102199   -0.062199 (VIOLATED)
_078_/Y                                 0.040000    0.101935   -0.061935 (VIOLATED)
_102_/RESET_B                           0.040000    0.101935   -0.061935 (VIOLATED)
_041_/Y                                 0.040000    0.101269   -0.061269 (VIOLATED)
_079_/RESET_B                           0.040000    0.101269   -0.061269 (VIOLATED)
_073_/Y                                 0.040000    0.101156   -0.061156 (VIOLATED)
_097_/RESET_B                           0.040000    0.101156   -0.061156 (VIOLATED)
_056_/Y                                 0.040000    0.100850   -0.060850 (VIOLATED)
_080_/RESET_B                           0.040000    0.100850   -0.060850 (VIOLATED)
_068_/Y                                 0.040000    0.100804   -0.060804 (VIOLATED)
_092_/RESET_B                           0.040000    0.100804   -0.060804 (VIOLATED)
_057_/Y                                 0.040000    0.100332   -0.060332 (VIOLATED)
_081_/RESET_B                           0.040000    0.100332   -0.060332 (VIOLATED)
_058_/Y                                 0.040000    0.099999   -0.059999 (VIOLATED)
_082_/RESET_B                           0.040000    0.099999   -0.059999 (VIOLATED)
_063_/Y                                 0.040000    0.099844   -0.059844 (VIOLATED)
_087_/RESET_B                           0.040000    0.099844   -0.059844 (VIOLATED)
_047_/X                                 0.040000    0.099675   -0.059675 (VIOLATED)
_095_/D                                 0.040000    0.099675   -0.059675 (VIOLATED)
_059_/Y                                 0.040000    0.099545   -0.059545 (VIOLATED)
_083_/RESET_B                           0.040000    0.099545   -0.059545 (VIOLATED)
_064_/Y                                 0.040000    0.099354   -0.059354 (VIOLATED)
_088_/RESET_B                           0.040000    0.099354   -0.059354 (VIOLATED)
_069_/Y                                 0.040000    0.099262   -0.059262 (VIOLATED)
_093_/RESET_B                           0.040000    0.099262   -0.059262 (VIOLATED)
_060_/Y                                 0.040000    0.099153   -0.059153 (VIOLATED)
_084_/RESET_B                           0.040000    0.099153   -0.059153 (VIOLATED)
_065_/Y                                 0.040000    0.098962   -0.058962 (VIOLATED)
_089_/RESET_B                           0.040000    0.098962   -0.058962 (VIOLATED)
_061_/Y                                 0.040000    0.098726   -0.058726 (VIOLATED)
_085_/RESET_B                           0.040000    0.098726   -0.058726 (VIOLATED)
_070_/Y                                 0.040000    0.098621   -0.058621 (VIOLATED)
_094_/RESET_B                           0.040000    0.098621   -0.058621 (VIOLATED)
_066_/Y                                 0.040000    0.098343   -0.058343 (VIOLATED)
_090_/RESET_B                           0.040000    0.098343   -0.058343 (VIOLATED)
_062_/Y                                 0.040000    0.098340   -0.058340 (VIOLATED)
_086_/RESET_B                           0.040000    0.098340   -0.058340 (VIOLATED)
_067_/Y                                 0.040000    0.097103   -0.057103 (VIOLATED)
_091_/RESET_B                           0.040000    0.097103   -0.057103 (VIOLATED)
_042_/X                                 0.040000    0.094892   -0.054892 (VIOLATED)
_093_/D                                 0.040000    0.094892   -0.054892 (VIOLATED)
_050_/X                                 0.040000    0.076427   -0.036427 (VIOLATED)
_051_/A2_N                              0.040000    0.076427   -0.036427 (VIOLATED)
_052_/C                                 0.040000    0.076427   -0.036427 (VIOLATED)
_053_/A2                                0.040000    0.076427   -0.036427 (VIOLATED)
mem_i/addr0[7]                          0.040000    0.075470   -0.035470 (VIOLATED)
mem_i/csb0                              0.040000    0.075312   -0.035312 (VIOLATED)
mem_i/addr0[5]                          0.040000    0.075296   -0.035296 (VIOLATED)
mem_i/addr0[3]                          0.040000    0.075152   -0.035152 (VIOLATED)
mem_i/addr0[2]                          0.040000    0.075037   -0.035037 (VIOLATED)
mem_i/addr0[4]                          0.040000    0.074939   -0.034939 (VIOLATED)
mem_i/addr0[6]                          0.040000    0.074765   -0.034765 (VIOLATED)
mem_i/din0[8]                           0.040000    0.072915   -0.032915 (VIOLATED)
mem_i/din0[3]                           0.040000    0.072833   -0.032833 (VIOLATED)
mem_i/din0[13]                          0.040000    0.072803   -0.032803 (VIOLATED)
mem_i/din0[14]                          0.040000    0.072751   -0.032751 (VIOLATED)
mem_i/addr0[0]                          0.040000    0.072721   -0.032721 (VIOLATED)
mem_i/din0[2]                           0.040000    0.072721   -0.032721 (VIOLATED)
mem_i/din0[9]                           0.040000    0.072639   -0.032639 (VIOLATED)
mem_i/din0[7]                           0.040000    0.072608   -0.032608 (VIOLATED)
mem_i/din0[4]                           0.040000    0.072526   -0.032526 (VIOLATED)
mem_i/din0[12]                          0.040000    0.072495   -0.032495 (VIOLATED)
mem_i/din0[15]                          0.040000    0.072444   -0.032444 (VIOLATED)
mem_i/addr0[1]                          0.040000    0.072413   -0.032413 (VIOLATED)
mem_i/din0[1]                           0.040000    0.072413   -0.032413 (VIOLATED)
mem_i/din0[10]                          0.040000    0.072331   -0.032331 (VIOLATED)
mem_i/din0[6]                           0.040000    0.072300   -0.032300 (VIOLATED)
mem_i/din0[5]                           0.040000    0.072218   -0.032218 (VIOLATED)
mem_i/din0[11]                          0.040000    0.072188   -0.032188 (VIOLATED)
mem_i/din0[0]                           0.040000    0.072106   -0.032106 (VIOLATED)
_046_/Y                                 0.040000    0.068998   -0.028998 (VIOLATED)
_049_/B                                 0.040000    0.068998   -0.028998 (VIOLATED)
_054_/Y                                 0.040000    0.064565   -0.024565 (VIOLATED)
_098_/D                                 0.040000    0.064565   -0.024565 (VIOLATED)
_045_/Y                                 0.040000    0.061821   -0.021821 (VIOLATED)
_094_/D                                 0.040000    0.061821   -0.021821 (VIOLATED)
addr0[7]                                0.040000    0.056602   -0.016602 (VIOLATED)
csb0                                    0.040000    0.056484   -0.016484 (VIOLATED)
addr0[5]                                0.040000    0.056472   -0.016472 (VIOLATED)
addr0[3]                                0.040000    0.056363   -0.016363 (VIOLATED)
addr0[2]                                0.040000    0.056277   -0.016277 (VIOLATED)
addr0[4]                                0.040000    0.056203   -0.016203 (VIOLATED)
addr0[6]                                0.040000    0.056073   -0.016073 (VIOLATED)
din0[8]                                 0.040000    0.054685   -0.014685 (VIOLATED)
din0[3]                                 0.040000    0.054624   -0.014624 (VIOLATED)
din0[13]                                0.040000    0.054601   -0.014601 (VIOLATED)
din0[14]                                0.040000    0.054562   -0.014562 (VIOLATED)
addr0[0]                                0.040000    0.054539   -0.014539 (VIOLATED)
din0[2]                                 0.040000    0.054539   -0.014539 (VIOLATED)
din0[9]                                 0.040000    0.054478   -0.014478 (VIOLATED)
din0[7]                                 0.040000    0.054455   -0.014455 (VIOLATED)
din0[4]                                 0.040000    0.054393   -0.014393 (VIOLATED)
din0[12]                                0.040000    0.054370   -0.014370 (VIOLATED)
din0[15]                                0.040000    0.054332   -0.014332 (VIOLATED)
addr0[1]                                0.040000    0.054309   -0.014309 (VIOLATED)
din0[1]                                 0.040000    0.054309   -0.014309 (VIOLATED)
din0[10]                                0.040000    0.054247   -0.014247 (VIOLATED)
din0[6]                                 0.040000    0.054224   -0.014224 (VIOLATED)
din0[5]                                 0.040000    0.054162   -0.014162 (VIOLATED)
din0[11]                                0.040000    0.054139   -0.014139 (VIOLATED)
din0[0]                                 0.040000    0.054078   -0.014078 (VIOLATED)
_051_/X                                 0.040000    0.043197   -0.003197 (VIOLATED)
_097_/D                                 0.040000    0.043197   -0.003197 (VIOLATED)
_048_/X                                 0.040000    0.042050   -0.002050 (VIOLATED)
_051_/B1                                0.040000    0.042050   -0.002050 (VIOLATED)

max fanout

Pin                                   Limit Fanout  Slack
---------------------------------------------------------
clk                                      10     26    -16 (VIOLATED)
rst                                      10     24    -14 (VIOLATED)



===========================================================================
report_parasitic_annotation -report_unannotated
============================================================================
Found 1 unannotated drivers.
 _103_/HI
Found 0 partially unannotated drivers.

===========================================================================
max slew violation count 224
Writing metric design__max_slew_violation__count__corner:nom_tt_025C_1v80: 224
max fanout violation count 2
Writing metric design__max_fanout_violation__count__corner:nom_tt_025C_1v80: 2
max cap violation count 0
Writing metric design__max_cap_violation__count__corner:nom_tt_025C_1v80: 0
============================================================================

===========================================================================
check_setup -verbose -unconstrained_endpoints -multiple_clock -no_clock -no_input_delay -loops -generated_clocks
===========================================================================
Warning: There is 1 unconstrained endpoint.
  mem_i/csb1
