
===========================================================================
report_checks -unconstrained
===========================================================================
======================= min_ss_100C_1v60 Corner ===================================

Startpoint: rst (input port clocked by clk)
Endpoint: _603_ (recovery check against rising-edge clock clk)
Path Group: asynchronous
Path Type: max

Fanout         Cap        Slew       Delay        Time   Description
---------------------------------------------------------------------------------------------
                                  0.000000    0.000000   clock clk (rise edge)
                                  0.000000    0.000000   clock network delay (propagated)
                                  2.550000    2.550000 v input external delay
     2    0.003703    0.021962    0.012049    2.562049 v rst (in)
                                                         rst (net)
                      0.021962    0.000000    2.562049 v input59/A (sky130_fd_sc_hd__buf_1)
     3    0.020054    0.232639    0.279576    2.841625 v input59/X (sky130_fd_sc_hd__buf_1)
                                                         net59 (net)
                      0.232642    0.001223    2.842848 v fanout105/A (sky130_fd_sc_hd__clkbuf_8)
    17    0.095711    0.191387    0.435099    3.277948 v fanout105/X (sky130_fd_sc_hd__clkbuf_8)
                                                         net105 (net)
                      0.191387    0.000186    3.278134 v fanout104/A (sky130_fd_sc_hd__buf_4)
    19    0.064436    0.162855    0.412953    3.691087 v fanout104/X (sky130_fd_sc_hd__buf_4)
                                                         net104 (net)
                      0.162855    0.000114    3.691201 v fanout103/A (sky130_fd_sc_hd__buf_4)
    21    0.073612    0.181232    0.415511    4.106712 v fanout103/X (sky130_fd_sc_hd__buf_4)
                                                         net103 (net)
                      0.181235    0.001000    4.107712 v _578_/A (sky130_fd_sc_hd__inv_2)
     1    0.005115    0.070375    0.124416    4.232128 ^ _578_/Y (sky130_fd_sc_hd__inv_2)
                                                         _044_ (net)
                      0.070375    0.000047    4.232175 ^ _603_/RESET_B (sky130_fd_sc_hd__dfrtp_4)
                                              4.232175   data arrival time

                                  5.100000    5.100000   clock clk (rise edge)
                                  0.000000    5.100000   clock source latency
     2    0.087180    0.628623    0.446847    5.546848 ^ clk (in)
                                                         clk (net)
                      0.630222    0.000000    5.546848 ^ clkbuf_0_clk/A (sky130_fd_sc_hd__clkbuf_16)
     9    0.103217    0.184832    0.554601    6.101449 ^ clkbuf_0_clk/X (sky130_fd_sc_hd__clkbuf_16)
                                                         clknet_0_clk (net)
                      0.184893    0.003436    6.104885 ^ clkbuf_2_0_0_clk/A (sky130_fd_sc_hd__clkbuf_8)
     5    0.029231    0.105852    0.309390    6.414275 ^ clkbuf_2_0_0_clk/X (sky130_fd_sc_hd__clkbuf_8)
                                                         clknet_2_0_0_clk (net)
                      0.105854    0.000710    6.414984 ^ clkbuf_3_1__f_clk/A (sky130_fd_sc_hd__clkbuf_16)
    27    0.069570    0.133729    0.298773    6.713758 ^ clkbuf_3_1__f_clk/X (sky130_fd_sc_hd__clkbuf_16)
                                                         clknet_3_1__leaf_clk (net)
                      0.133742    0.001381    6.715139 ^ _603_/CLK (sky130_fd_sc_hd__dfrtp_4)
                                 -0.005100    6.710039   clock uncertainty
                                  0.000000    6.710039   clock reconvergence pessimism
                                  0.464949    7.174988   library recovery time
                                              7.174988   data required time
---------------------------------------------------------------------------------------------
                                              7.174988   data required time
                                             -4.232175   data arrival time
---------------------------------------------------------------------------------------------
                                              2.942814   slack (MET)


Startpoint: _600_ (rising edge-triggered flip-flop clocked by clk)
Endpoint: _602_ (rising edge-triggered flip-flop clocked by clk)
Path Group: clk
Path Type: max

Fanout         Cap        Slew       Delay        Time   Description
---------------------------------------------------------------------------------------------
                                  0.000000    0.000000   clock clk (rise edge)
                                  0.000000    0.000000   clock source latency
     2    0.087180    0.628623    0.446847    0.446847 ^ clk (in)
                                                         clk (net)
                      0.630222    0.000000    0.446847 ^ clkbuf_0_clk/A (sky130_fd_sc_hd__clkbuf_16)
     9    0.103217    0.184832    0.554601    1.001449 ^ clkbuf_0_clk/X (sky130_fd_sc_hd__clkbuf_16)
                                                         clknet_0_clk (net)
                      0.185237    0.007565    1.009013 ^ clkbuf_2_1_0_clk/A (sky130_fd_sc_hd__clkbuf_8)
     5    0.041606    0.133534    0.333315    1.342328 ^ clkbuf_2_1_0_clk/X (sky130_fd_sc_hd__clkbuf_8)
                                                         clknet_2_1_0_clk (net)
                      0.133562    0.001916    1.344244 ^ clkbuf_3_2__f_clk/A (sky130_fd_sc_hd__clkbuf_16)
    21    0.050844    0.108274    0.291328    1.635572 ^ clkbuf_3_2__f_clk/X (sky130_fd_sc_hd__clkbuf_16)
                                                         clknet_3_2__leaf_clk (net)
                      0.108286    0.001112    1.636684 ^ _600_/CLK (sky130_fd_sc_hd__dfrtp_4)
     5    0.064044    0.256190    1.182643    2.819327 v _600_/Q (sky130_fd_sc_hd__dfrtp_4)
                                                         tcout[0] (net)
                      0.256190    0.000809    2.820136 v fanout102/A (sky130_fd_sc_hd__clkbuf_4)
    21    0.057851    0.214334    0.471536    3.291672 v fanout102/X (sky130_fd_sc_hd__clkbuf_4)
                                                         net102 (net)
                      0.214347    0.001888    3.293560 v _508_/A1 (sky130_fd_sc_hd__o21ba_1)
     1    0.003715    0.072222    0.397962    3.691522 v _508_/X (sky130_fd_sc_hd__o21ba_1)
                                                         _264_ (net)
                      0.072222    0.000053    3.691574 v _509_/C1 (sky130_fd_sc_hd__a221o_1)
     1    0.004236    0.107809    0.510617    4.202191 v _509_/X (sky130_fd_sc_hd__a221o_1)
                                                         _265_ (net)
                      0.107809    0.000083    4.202274 v _511_/C (sky130_fd_sc_hd__or4_1)
     1    0.002523    0.176558    1.101788    5.304062 v _511_/X (sky130_fd_sc_hd__or4_1)
                                                         _267_ (net)
                      0.176558    0.000023    5.304084 v _516_/D (sky130_fd_sc_hd__or4_4)
     9    0.026999    0.227863    0.999315    6.303400 v _516_/X (sky130_fd_sc_hd__or4_4)
                                                         _272_ (net)
                      0.227863    0.000807    6.304207 v _523_/A (sky130_fd_sc_hd__and3_1)
     1    0.003657    0.077864    0.374758    6.678965 v _523_/X (sky130_fd_sc_hd__and3_1)
                                                         _018_ (net)
                      0.077864    0.000056    6.679021 v _602_/D (sky130_fd_sc_hd__dfrtp_4)
                                              6.679021   data arrival time

                                  5.100000    5.100000   clock clk (rise edge)
                                  0.000000    5.100000   clock source latency
     2    0.087180    0.628623    0.446847    5.546848 ^ clk (in)
                                                         clk (net)
                      0.630222    0.000000    5.546848 ^ clkbuf_0_clk/A (sky130_fd_sc_hd__clkbuf_16)
     9    0.103217    0.184832    0.554601    6.101449 ^ clkbuf_0_clk/X (sky130_fd_sc_hd__clkbuf_16)
                                                         clknet_0_clk (net)
                      0.184893    0.003436    6.104885 ^ clkbuf_2_0_0_clk/A (sky130_fd_sc_hd__clkbuf_8)
     5    0.029231    0.105852    0.309390    6.414275 ^ clkbuf_2_0_0_clk/X (sky130_fd_sc_hd__clkbuf_8)
                                                         clknet_2_0_0_clk (net)
                      0.105854    0.000710    6.414984 ^ clkbuf_3_1__f_clk/A (sky130_fd_sc_hd__clkbuf_16)
    27    0.069570    0.133729    0.298773    6.713758 ^ clkbuf_3_1__f_clk/X (sky130_fd_sc_hd__clkbuf_16)
                                                         clknet_3_1__leaf_clk (net)
                      0.133735    0.001096    6.714854 ^ _602_/CLK (sky130_fd_sc_hd__dfrtp_4)
                                 -0.005100    6.709754   clock uncertainty
                                  0.000000    6.709754   clock reconvergence pessimism
                                 -0.261115    6.448639   library setup time
                                              6.448639   data required time
---------------------------------------------------------------------------------------------
                                              6.448639   data required time
                                             -6.679021   data arrival time
---------------------------------------------------------------------------------------------
                                             -0.230382   slack (VIOLATED)




===========================================================================
report_checks --slack_max -0.01
============================================================================
======================= min_ss_100C_1v60 Corner ===================================

Startpoint: _600_ (rising edge-triggered flip-flop clocked by clk)
Endpoint: _602_ (rising edge-triggered flip-flop clocked by clk)
Path Group: clk
Path Type: max

Fanout         Cap        Slew       Delay        Time   Description
---------------------------------------------------------------------------------------------
                                  0.000000    0.000000   clock clk (rise edge)
                                  0.000000    0.000000   clock source latency
     2    0.087180    0.628623    0.446847    0.446847 ^ clk (in)
                                                         clk (net)
                      0.630222    0.000000    0.446847 ^ clkbuf_0_clk/A (sky130_fd_sc_hd__clkbuf_16)
     9    0.103217    0.184832    0.554601    1.001449 ^ clkbuf_0_clk/X (sky130_fd_sc_hd__clkbuf_16)
                                                         clknet_0_clk (net)
                      0.185237    0.007565    1.009013 ^ clkbuf_2_1_0_clk/A (sky130_fd_sc_hd__clkbuf_8)
     5    0.041606    0.133534    0.333315    1.342328 ^ clkbuf_2_1_0_clk/X (sky130_fd_sc_hd__clkbuf_8)
                                                         clknet_2_1_0_clk (net)
                      0.133562    0.001916    1.344244 ^ clkbuf_3_2__f_clk/A (sky130_fd_sc_hd__clkbuf_16)
    21    0.050844    0.108274    0.291328    1.635572 ^ clkbuf_3_2__f_clk/X (sky130_fd_sc_hd__clkbuf_16)
                                                         clknet_3_2__leaf_clk (net)
                      0.108286    0.001112    1.636684 ^ _600_/CLK (sky130_fd_sc_hd__dfrtp_4)
     5    0.064044    0.256190    1.182643    2.819327 v _600_/Q (sky130_fd_sc_hd__dfrtp_4)
                                                         tcout[0] (net)
                      0.256190    0.000809    2.820136 v fanout102/A (sky130_fd_sc_hd__clkbuf_4)
    21    0.057851    0.214334    0.471536    3.291672 v fanout102/X (sky130_fd_sc_hd__clkbuf_4)
                                                         net102 (net)
                      0.214347    0.001888    3.293560 v _508_/A1 (sky130_fd_sc_hd__o21ba_1)
     1    0.003715    0.072222    0.397962    3.691522 v _508_/X (sky130_fd_sc_hd__o21ba_1)
                                                         _264_ (net)
                      0.072222    0.000053    3.691574 v _509_/C1 (sky130_fd_sc_hd__a221o_1)
     1    0.004236    0.107809    0.510617    4.202191 v _509_/X (sky130_fd_sc_hd__a221o_1)
                                                         _265_ (net)
                      0.107809    0.000083    4.202274 v _511_/C (sky130_fd_sc_hd__or4_1)
     1    0.002523    0.176558    1.101788    5.304062 v _511_/X (sky130_fd_sc_hd__or4_1)
                                                         _267_ (net)
                      0.176558    0.000023    5.304084 v _516_/D (sky130_fd_sc_hd__or4_4)
     9    0.026999    0.227863    0.999315    6.303400 v _516_/X (sky130_fd_sc_hd__or4_4)
                                                         _272_ (net)
                      0.227863    0.000807    6.304207 v _523_/A (sky130_fd_sc_hd__and3_1)
     1    0.003657    0.077864    0.374758    6.678965 v _523_/X (sky130_fd_sc_hd__and3_1)
                                                         _018_ (net)
                      0.077864    0.000056    6.679021 v _602_/D (sky130_fd_sc_hd__dfrtp_4)
                                              6.679021   data arrival time

                                  5.100000    5.100000   clock clk (rise edge)
                                  0.000000    5.100000   clock source latency
     2    0.087180    0.628623    0.446847    5.546848 ^ clk (in)
                                                         clk (net)
                      0.630222    0.000000    5.546848 ^ clkbuf_0_clk/A (sky130_fd_sc_hd__clkbuf_16)
     9    0.103217    0.184832    0.554601    6.101449 ^ clkbuf_0_clk/X (sky130_fd_sc_hd__clkbuf_16)
                                                         clknet_0_clk (net)
                      0.184893    0.003436    6.104885 ^ clkbuf_2_0_0_clk/A (sky130_fd_sc_hd__clkbuf_8)
     5    0.029231    0.105852    0.309390    6.414275 ^ clkbuf_2_0_0_clk/X (sky130_fd_sc_hd__clkbuf_8)
                                                         clknet_2_0_0_clk (net)
                      0.105854    0.000710    6.414984 ^ clkbuf_3_1__f_clk/A (sky130_fd_sc_hd__clkbuf_16)
    27    0.069570    0.133729    0.298773    6.713758 ^ clkbuf_3_1__f_clk/X (sky130_fd_sc_hd__clkbuf_16)
                                                         clknet_3_1__leaf_clk (net)
                      0.133735    0.001096    6.714854 ^ _602_/CLK (sky130_fd_sc_hd__dfrtp_4)
                                 -0.005100    6.709754   clock uncertainty
                                  0.000000    6.709754   clock reconvergence pessimism
                                 -0.261115    6.448639   library setup time
                                              6.448639   data required time
---------------------------------------------------------------------------------------------
                                              6.448639   data required time
                                             -6.679021   data arrival time
---------------------------------------------------------------------------------------------
                                             -0.230382   slack (VIOLATED)




===========================================================================
 report_check_types -max_slew -max_cap -max_fanout -violators
============================================================================
======================= min_ss_100C_1v60 Corner ===================================

max slew

Pin                                        Limit        Slew       Slack
------------------------------------------------------------------------
mem_i1/addr1[1]                         0.500000    1.266830   -0.766830 (VIOLATED)
ANTENNA__632__D/DIODE                   0.500000    1.082264   -0.582264 (VIOLATED)
_632_/D                                 0.500000    1.082264   -0.582264 (VIOLATED)
ANTENNA_wire89_X/DIODE                  0.500000    1.079973   -0.579973 (VIOLATED)
wire89/X                                0.500000    1.079973   -0.579973 (VIOLATED)
ANTENNA__633__D/DIODE                   0.500000    1.032260   -0.532260 (VIOLATED)
_633_/D                                 0.500000    1.032260   -0.532260 (VIOLATED)
ANTENNA_wire88_X/DIODE                  0.500000    1.030075   -0.530075 (VIOLATED)
wire88/X                                0.500000    1.030075   -0.530075 (VIOLATED)
ANTENNA__635__D/DIODE                   0.500000    0.962679   -0.462679 (VIOLATED)
_635_/D                                 0.500000    0.962679   -0.462679 (VIOLATED)
ANTENNA_wire98_X/DIODE                  0.500000    0.960795   -0.460795 (VIOLATED)
wire98/X                                0.500000    0.960795   -0.460795 (VIOLATED)
ANTENNA_mem_i1_addr1[1]/DIODE           0.500000    0.950120   -0.450120 (VIOLATED)
ANTENNA_rebuffer3_X/DIODE               0.500000    0.949775   -0.449775 (VIOLATED)
rebuffer3/X                             0.500000    0.949775   -0.449775 (VIOLATED)
ANTENNA__634__D/DIODE                   0.500000    0.925119   -0.425119 (VIOLATED)
_634_/D                                 0.500000    0.925119   -0.425119 (VIOLATED)
ANTENNA_wire87_X/DIODE                  0.500000    0.923324   -0.423324 (VIOLATED)
wire87/X                                0.500000    0.923324   -0.423324 (VIOLATED)
_631_/D                                 0.500000    0.826654   -0.326654 (VIOLATED)
ANTENNA__631__D/DIODE                   0.500000    0.826653   -0.326653 (VIOLATED)
ANTENNA_wire90_X/DIODE                  0.500000    0.824523   -0.324523 (VIOLATED)
wire90/X                                0.500000    0.824523   -0.324523 (VIOLATED)
_628_/D                                 0.500000    0.773070   -0.273070 (VIOLATED)
ANTENNA__628__D/DIODE                   0.500000    0.773069   -0.273069 (VIOLATED)
ANTENNA_wire92_X/DIODE                  0.500000    0.771751   -0.271751 (VIOLATED)
wire92/X                                0.500000    0.771751   -0.271751 (VIOLATED)
ANTENNA__630__D/DIODE                   0.500000    0.745668   -0.245668 (VIOLATED)
_630_/D                                 0.500000    0.745668   -0.245667 (VIOLATED)
ANTENNA_wire91_X/DIODE                  0.500000    0.744599   -0.244599 (VIOLATED)
wire91/X                                0.500000    0.744599   -0.244599 (VIOLATED)
ANTENNA_18/DIODE                        0.500000    0.697534   -0.197534 (VIOLATED)
ANTENNA__637__D/DIODE                   0.500000    0.697534   -0.197534 (VIOLATED)
_637_/D                                 0.500000    0.697533   -0.197533 (VIOLATED)
ANTENNA_wire97_X/DIODE                  0.500000    0.696650   -0.196650 (VIOLATED)
wire97/X                                0.500000    0.696650   -0.196650 (VIOLATED)
mem_i1/addr0[1]                         0.500000    0.676592   -0.176592 (VIOLATED)
mem_i0/addr1[6]                         0.500000    0.643445   -0.143445 (VIOLATED)
mem_i1/addr1[6]                         0.500000    0.641380   -0.141380 (VIOLATED)
clkbuf_0_clk/A                          0.500000    0.630222   -0.130222 (VIOLATED)
ANTENNA_clkbuf_0_clk_A/DIODE            0.500000    0.630220   -0.130220 (VIOLATED)
clk                                     0.500000    0.628623   -0.128623 (VIOLATED)
mem_i0/addr1[2]                         0.500000    0.620835   -0.120835 (VIOLATED)
mem_i1/addr1[2]                         0.500000    0.620632   -0.120632 (VIOLATED)
ANTENNA__627__D/DIODE                   0.500000    0.613628   -0.113628 (VIOLATED)
_627_/D                                 0.500000    0.613627   -0.113627 (VIOLATED)
ANTENNA_wire93_X/DIODE                  0.500000    0.612844   -0.112844 (VIOLATED)
wire93/X                                0.500000    0.612844   -0.112844 (VIOLATED)
mem_i0/addr1[5]                         0.500000    0.608788   -0.108788 (VIOLATED)
mem_i1/addr1[5]                         0.500000    0.607147   -0.107147 (VIOLATED)
mem_i0/addr1[4]                         0.500000    0.590801   -0.090801 (VIOLATED)
mem_i1/addr1[4]                         0.500000    0.590620   -0.090620 (VIOLATED)
_548_/A1                                0.500000    0.578098   -0.078098 (VIOLATED)
ANTENNA__548__A1/DIODE                  0.500000    0.578098   -0.078098 (VIOLATED)
ANTENNA__629__Q/DIODE                   0.500000    0.578046   -0.078046 (VIOLATED)
_629_/Q                                 0.500000    0.578046   -0.078046 (VIOLATED)
_557_/A1                                0.500000    0.569704   -0.069704 (VIOLATED)
ANTENNA__557__A1/DIODE                  0.500000    0.569703   -0.069703 (VIOLATED)
ANTENNA__638__Q/DIODE                   0.500000    0.569663   -0.069663 (VIOLATED)
_638_/Q                                 0.500000    0.569663   -0.069663 (VIOLATED)
mem_i0/addr1[7]                         0.500000    0.563500   -0.063500 (VIOLATED)
mem_i0/addr1[3]                         0.500000    0.563155   -0.063155 (VIOLATED)
mem_i1/addr1[3]                         0.500000    0.563150   -0.063150 (VIOLATED)
mem_i1/addr1[7]                         0.500000    0.562703   -0.062703 (VIOLATED)
_555_/A1                                0.500000    0.555239   -0.055239 (VIOLATED)
ANTENNA__555__A1/DIODE                  0.500000    0.555238   -0.055238 (VIOLATED)
ANTENNA__636__Q/DIODE                   0.500000    0.554255   -0.054255 (VIOLATED)
_636_/Q                                 0.500000    0.554255   -0.054255 (VIOLATED)
mem_i1/din0[12]                         0.500000    0.550880   -0.050880 (VIOLATED)
mem_i1/din0[13]                         0.500000    0.549717   -0.049717 (VIOLATED)
mem_i1/din0[9]                          0.500000    0.534103   -0.034103 (VIOLATED)
mem_i1/din0[11]                         0.500000    0.514137   -0.014137 (VIOLATED)
ANTENNA_mem_i1_addr0[1]/DIODE           0.500000    0.507444   -0.007444 (VIOLATED)
ANTENNA_input10_X/DIODE                 0.500000    0.507441   -0.007441 (VIOLATED)
input10/X                               0.500000    0.507441   -0.007441 (VIOLATED)

max fanout

Pin                                   Limit Fanout  Slack
---------------------------------------------------------
clkbuf_3_1__f_clk/X                      10     27    -17 (VIOLATED)
clkbuf_3_0__f_clk/X                      10     21    -11 (VIOLATED)
clkbuf_3_2__f_clk/X                      10     21    -11 (VIOLATED)
clkbuf_3_6__f_clk/X                      10     21    -11 (VIOLATED)
fanout100/X                              10     21    -11 (VIOLATED)
fanout102/X                              10     21    -11 (VIOLATED)
fanout103/X                              10     21    -11 (VIOLATED)
fanout104/X                              10     19     -9 (VIOLATED)
fanout105/X                              10     17     -7 (VIOLATED)
_602_/Q                                  10     15     -5 (VIOLATED)
_604_/Q                                  10     15     -5 (VIOLATED)
_606_/Q                                  10     15     -5 (VIOLATED)
clkbuf_3_3__f_clk/X                      10     15     -5 (VIOLATED)
clkbuf_3_4__f_clk/X                      10     13     -3 (VIOLATED)
clkbuf_3_7__f_clk/X                      10     13     -3 (VIOLATED)
fanout101/X                              10     13     -3 (VIOLATED)
_603_/Q                                  10     11        (VIOLATED)
_605_/Q                                  10     11        (VIOLATED)
_607_/Q                                  10     11        (VIOLATED)
clkbuf_3_5__f_clk/X                      10     11        (VIOLATED)

max capacitance

Pin                                        Limit         Cap       Slack
------------------------------------------------------------------------
mem_i1/dout1[13]                        0.027560    0.035668   -0.008108 (VIOLATED)
mem_i1/dout1[4]                         0.027560    0.029971   -0.002411 (VIOLATED)



===========================================================================
report_parasitic_annotation -report_unannotated
============================================================================
Found 6 unannotated drivers.
 clkload0/Y
 clkload1/X
 clkload2/X
 clkload3/Y
 mem_i0_114/HI
 mem_i1_115/HI
Found 0 partially unannotated drivers.

===========================================================================
max slew violation count 76
max fanout violation count 20
max cap violation count 2
============================================================================

===========================================================================
check_setup -verbose -unconstrained_endpoints -multiple_clock -no_clock -no_input_delay -loops -generated_clocks
===========================================================================
Warning: There are 8 input ports missing set_input_delay.
  denum[0]
  denum[1]
  denum[2]
  denum[3]
  num[0]
  num[1]
  num[2]
  num[3]
Warning: There are 2 unconstrained endpoints.
  mem_i0/csb1
  mem_i1/csb1
