Reading OpenROAD database at '/home/thanh/NCO/runs/RUN_2025-03-11_16-47-37/48-odb-reportdisconnectedpins/counter.odb'…
Reading library file at '/home/thanh/.volare/volare/sky130/versions/0fe599b2afb6708d281543108caf8310912f54af/sky130A/libs.ref/sky130_fd_sc_hd/lib/sky130_fd_sc_hd__tt_025C_1v80.lib'…
Reading library file at '/home/thanh/.volare/volare/sky130/versions/0fe599b2afb6708d281543108caf8310912f54af/sky130A/libs.ref/sky130_sram_macros/lib/sky130_sram_1kbyte_1rw1r_32x256_8_TT_1p8V_25C.lib'…
Reading macro library file at '/home/thanh/.volare/volare/sky130/versions/0fe599b2afb6708d281543108caf8310912f54af/sky130A/libs.ref/sky130_sram_macros/lib/sky130_sram_1kbyte_1rw1r_32x256_8_TT_1p8V_25C.lib'…
[WARNING STA-1140] /home/thanh/.volare/volare/sky130/versions/0fe599b2afb6708d281543108caf8310912f54af/sky130A/libs.ref/sky130_sram_macros/lib/sky130_sram_1kbyte_1rw1r_32x256_8_TT_1p8V_25C.lib line 1, library sky130_sram_1kbyte_1rw1r_32x256_8_TT_1p8V_25C_lib already exists.
Reading design constraints file at '/home/thanh/NCO/counter.sdc'…
sky130_ef_sc_hd__decap_12 sky130_fd_sc_hd__decap_8 sky130_fd_sc_hd__decap_6 sky130_fd_sc_hd__decap_4 sky130_fd_sc_hd__decap_3 sky130_fd_sc_hd__fill*
[INFO DPL-0001] Placed 5655 filler instances.
Setting global connections for newly added cells…
[INFO] Setting global connections...
mem_i.* matched with mem_i_116
mem_i.* matched with mem_i_117
mem_i.* matched with mem_i_118
mem_i.* matched with mem_i_114
mem_i.* matched with mem_i_115
mem_i.* matched with mem_i
mem_i.* matched with mem_i_113
Updating metrics…
Cell type report:                       Count       Area
  Macro                                     1  190712.55
  Fill cell                              6315   63474.63
  Tap cell                               1005    1257.46
  Antenna cell                            132     330.32
  Clock buffer                             11     246.49
  Timing Repair Buffer                    112     500.48
  Inverter                                 39     151.40
  Clock inverter                            5      30.03
  Sequential cell                          59    1312.51
  Multi-Input combinational cell          259    1963.13
  Total                                  7938  259978.98
Writing OpenROAD database to '/home/thanh/NCO/runs/RUN_2025-03-11_16-47-37/52-openroad-fillinsertion/counter.odb'…
Writing netlist to '/home/thanh/NCO/runs/RUN_2025-03-11_16-47-37/52-openroad-fillinsertion/counter.nl.v'…
Writing powered netlist to '/home/thanh/NCO/runs/RUN_2025-03-11_16-47-37/52-openroad-fillinsertion/counter.pnl.v'…
Writing layout to '/home/thanh/NCO/runs/RUN_2025-03-11_16-47-37/52-openroad-fillinsertion/counter.def'…
Writing timing constraints to '/home/thanh/NCO/runs/RUN_2025-03-11_16-47-37/52-openroad-fillinsertion/counter.sdc'…
