Clock: clk
Sources: clk 
Generated: no
Virtual: yes
Propagated: no
Period: 10.000000

===========================================================================
report_clock_properties
============================================================================
Clock                   Period          Waveform
----------------------------------------------------
clk                  10.000000    0.000000  5.000000

===========================================================================
report_clock_latency
============================================================================
Clock clk
rise -> rise
    min     max
0.000000 0.000000 source latency
1.157205         network latency _091_/CLK
        1.174433 network latency _097_/CLK
---------------
1.157205 1.174433 latency
        0.017228 skew

fall -> fall
    min     max
0.000000 0.000000 source latency
0.969274         network latency _091_/CLK
        0.979176 network latency _097_/CLK
---------------
0.969274 0.979176 latency
        0.009902 skew



===========================================================================
report_clock_min_period
============================================================================
clk period_min = 3.25 fmax = 307.51
