Reading OpenROAD database at '/home/thanh/NCO/runs/RUN_2025-03-05_07-54-37/48-odb-reportdisconnectedpins/counter.odb'…
Reading library file at '/home/thanh/.volare/volare/sky130/versions/0fe599b2afb6708d281543108caf8310912f54af/sky130A/libs.ref/sky130_fd_sc_hd/lib/sky130_fd_sc_hd__tt_025C_1v80.lib'…
Reading library file at '/home/thanh/NCO/ram256x16/ram256x16_TT_1p8V_25C.lib'…
Reading macro library file at '/home/thanh/NCO/ram256x16/ram256x16_TT_1p8V_25C.lib'…
[WARNING STA-1140] /home/thanh/NCO/ram256x16/ram256x16_TT_1p8V_25C.lib line 1, library ram256x16_TT_1p8V_25C_lib already exists.
Reading design constraints file at '/home/thanh/NCO/counter.sdc'…
sky130_ef_sc_hd__decap_12 sky130_fd_sc_hd__decap_8 sky130_fd_sc_hd__decap_6 sky130_fd_sc_hd__decap_4 sky130_fd_sc_hd__decap_3 sky130_fd_sc_hd__fill*
[INFO DPL-0001] Placed 9224 filler instances.
Setting global connections for newly added cells…
[INFO] Setting global connections...
mem_i.* matched with mem_i1_89
mem_i.* matched with mem_i0
mem_i.* matched with mem_i1
mem_i.* matched with mem_i0_88
Updating metrics…
Cell type report:                       Count       Area
  Macro                                     2  247030.69
  Fill cell                             10186  106945.07
  Tap cell                               1530    1914.34
  Antenna cell                            355     888.35
  Clock buffer                              7     140.13
  Timing Repair Buffer                     87     437.92
  Inverter                                 26      97.59
  Clock inverter                            1       8.76
  Sequential cell                          25     655.63
  Multi-Input combinational cell           35     302.79
  Total                                 12254  358421.27
Writing OpenROAD database to '/home/thanh/NCO/runs/RUN_2025-03-05_07-54-37/52-openroad-fillinsertion/counter.odb'…
Writing netlist to '/home/thanh/NCO/runs/RUN_2025-03-05_07-54-37/52-openroad-fillinsertion/counter.nl.v'…
Writing powered netlist to '/home/thanh/NCO/runs/RUN_2025-03-05_07-54-37/52-openroad-fillinsertion/counter.pnl.v'…
Writing layout to '/home/thanh/NCO/runs/RUN_2025-03-05_07-54-37/52-openroad-fillinsertion/counter.def'…
Writing timing constraints to '/home/thanh/NCO/runs/RUN_2025-03-05_07-54-37/52-openroad-fillinsertion/counter.sdc'…
