Reading timing models for corner nom_tt_025C_1v80…
Reading timing library for the 'nom_tt_025C_1v80' corner at '/home/thanh/.volare/volare/sky130/versions/0fe599b2afb6708d281543108caf8310912f54af/sky130A/libs.ref/sky130_fd_sc_hd/lib/sky130_fd_sc_hd__tt_025C_1v80.lib'…
Reading timing models for corner nom_ff_n40C_1v95…
Reading timing library for the 'nom_ff_n40C_1v95' corner at '/home/thanh/.volare/volare/sky130/versions/0fe599b2afb6708d281543108caf8310912f54af/sky130A/libs.ref/sky130_fd_sc_hd/lib/sky130_fd_sc_hd__ff_n40C_1v95.lib'…
Reading timing models for corner nom_ss_100C_1v60…
Reading timing library for the 'nom_ss_100C_1v60' corner at '/home/thanh/.volare/volare/sky130/versions/0fe599b2afb6708d281543108caf8310912f54af/sky130A/libs.ref/sky130_fd_sc_hd/lib/sky130_fd_sc_hd__ss_100C_1v60.lib'…
Reading OpenROAD database at '/home/thanh/NCO/runs/RUN_2025-03-03_16-21-48/34-openroad-cts/counter.odb'…
Reading design constraints file at '/nix/store/ss2cw3sxbrwwx9jl0rrppbw4kgcmgi2n-python3-3.11.9-env/lib/python3.11/site-packages/openlane/scripts/base.sdc'…
[INFO] Using clock clk…
[INFO] Setting output delay to: 2
[INFO] Setting input delay to: 2
[INFO] Setting load to: 0.033442
[INFO] Setting clock uncertainty to: 0.25
[INFO] Setting clock transition to: 0.1499999999999999944488848768742172978818416595458984375
[INFO] Setting timing derate to: 5%
[INFO] Setting RC values…
[INFO RSZ-0098] No setup violations found
[INFO RSZ-0046] Found 4 endpoints with hold violations.
Iteration | Resized | Buffers | Cloned Gates |   WNS   |   TNS   | Endpoint
---------------------------------------------------------------------------
        0 |       0 |       0 |            0 |   0.082 |   0.000 | _089_/D
    final |       0 |       4 |            0 |   0.101 |   0.000 | _090_/D
---------------------------------------------------------------------------
[INFO RSZ-0032] Inserted 4 hold buffers.
Placement Analysis
---------------------------------
total displacement          5.0 u
average displacement        0.0 u
max displacement            2.8 u
original HPWL            6685.7 u
legalized HPWL           6770.5 u
delta HPWL                    1 %

[INFO DPL-0020] Mirrored 41 instances
[INFO DPL-0021] HPWL before            6770.5 u
[INFO DPL-0022] HPWL after             6687.1 u
[INFO DPL-0023] HPWL delta               -1.2 %
[INFO] Setting RC values…
Setting global connections for newly added cells…
[INFO] Setting global connections...
mem_i matched with mem_i
Updating metrics…
Cell type report:                       Count       Area
  Macro                                     1  123515.34
  Fill cell                               470    1764.19
  Tap cell                                739     924.64
  Clock buffer                              3      75.07
  Timing Repair Buffer                     24     150.14
  Inverter                                 25      93.84
  Clock inverter                            1      30.03
  Sequential cell                          24     609.33
  Multi-Input combinational cell           15      96.34
  Total                                  1302  127258.93
Writing OpenROAD database to '/home/thanh/NCO/runs/RUN_2025-03-03_16-21-48/36-openroad-resizertimingpostcts/counter.odb'…
Writing netlist to '/home/thanh/NCO/runs/RUN_2025-03-03_16-21-48/36-openroad-resizertimingpostcts/counter.nl.v'…
Writing powered netlist to '/home/thanh/NCO/runs/RUN_2025-03-03_16-21-48/36-openroad-resizertimingpostcts/counter.pnl.v'…
Writing layout to '/home/thanh/NCO/runs/RUN_2025-03-03_16-21-48/36-openroad-resizertimingpostcts/counter.def'…
Writing timing constraints to '/home/thanh/NCO/runs/RUN_2025-03-03_16-21-48/36-openroad-resizertimingpostcts/counter.sdc'…
