Reading OpenROAD database at '/home/thanh/NCO/runs/RUN_2025-03-04_07-10-12/664-odb-reportdisconnectedpins/counter.odb'…
Reading library file at '/home/thanh/.volare/volare/sky130/versions/0fe599b2afb6708d281543108caf8310912f54af/sky130A/libs.ref/sky130_fd_sc_hd/lib/sky130_fd_sc_hd__tt_025C_1v80.lib'…
Reading library file at '/home/thanh/NCO/ram256x16/ram256x16_TT_1p8V_25C.lib'…
Reading macro library file at '/home/thanh/NCO/ram256x16/ram256x16_TT_1p8V_25C.lib'…
[WARNING STA-1140] /home/thanh/NCO/ram256x16/ram256x16_TT_1p8V_25C.lib line 1, library ram256x16_TT_1p8V_25C_lib already exists.
Reading design constraints file at '/home/thanh/NCO/counter.sdc'…
sky130_ef_sc_hd__decap_12 sky130_fd_sc_hd__decap_8 sky130_fd_sc_hd__decap_6 sky130_fd_sc_hd__decap_4 sky130_fd_sc_hd__decap_3 sky130_fd_sc_hd__fill*
[INFO DPL-0001] Placed 4238 filler instances.
Setting global connections for newly added cells…
[INFO] Setting global connections...
mem_i matched with mem_i
Updating metrics…
Cell type report:                       Count       Area
  Macro                                     1  123515.34
  Fill cell                              4708   48840.59
  Tap cell                                739     924.64
  Antenna cell                            110     275.26
  Clock buffer                              3      75.07
  Timing Repair Buffer                     45     203.95
  Inverter                                 25      93.84
  Clock inverter                            1      30.03
  Sequential cell                          24     620.60
  Multi-Input combinational cell           15      96.34
  Total                                  5671  174675.66
Writing OpenROAD database to '/home/thanh/NCO/runs/RUN_2025-03-04_07-10-12/668-openroad-fillinsertion/counter.odb'…
Writing netlist to '/home/thanh/NCO/runs/RUN_2025-03-04_07-10-12/668-openroad-fillinsertion/counter.nl.v'…
Writing powered netlist to '/home/thanh/NCO/runs/RUN_2025-03-04_07-10-12/668-openroad-fillinsertion/counter.pnl.v'…
Writing layout to '/home/thanh/NCO/runs/RUN_2025-03-04_07-10-12/668-openroad-fillinsertion/counter.def'…
Writing timing constraints to '/home/thanh/NCO/runs/RUN_2025-03-04_07-10-12/668-openroad-fillinsertion/counter.sdc'…
