
===========================================================================
report_checks -unconstrained
===========================================================================
======================= max_ss_100C_1v60 Corner ===================================

Startpoint: rst (input port clocked by clk)
Endpoint: _102_ (recovery check against rising-edge clock clk)
Path Group: asynchronous
Path Type: max

Fanout         Cap        Slew       Delay        Time   Description
---------------------------------------------------------------------------------------------
                                  0.000000    0.000000   clock clk (rise edge)
                                  0.000000    0.000000   clock network delay (propagated)
                                  2.500000    2.500000 v input external delay
     2    0.003860    0.022585    0.012613    2.512613 v rst (in)
                                                         rst (net)
                      0.022585    0.000000    2.512613 v input1/A (sky130_fd_sc_hd__buf_1)
     1    0.007052    0.093867    0.175601    2.688214 v input1/X (sky130_fd_sc_hd__buf_1)
                                                         net1 (net)
                      0.093869    0.000583    2.688796 v fanout20/A (sky130_fd_sc_hd__clkbuf_8)
    21    0.112696    0.219524    0.390072    3.078869 v fanout20/X (sky130_fd_sc_hd__clkbuf_8)
                                                         net20 (net)
                      0.223629    0.024004    3.102873 v fanout18/A (sky130_fd_sc_hd__buf_4)
    10    0.054189    0.141977    0.410207    3.513080 v fanout18/X (sky130_fd_sc_hd__buf_4)
                                                         net18 (net)
                      0.142038    0.002768    3.515848 v _078_/A (sky130_fd_sc_hd__inv_2)
     1    0.006671    0.071388    0.117366    3.633214 ^ _078_/Y (sky130_fd_sc_hd__inv_2)
                                                         _031_ (net)
                      0.071392    0.000550    3.633765 ^ _102_/RESET_B (sky130_fd_sc_hd__dfrtp_1)
                                              3.633765   data arrival time

                                  5.000000    5.000000   clock clk (rise edge)
                                  0.000000    5.000000   clock source latency
     2    0.073558    0.531247    0.379645    5.379645 ^ clk (in)
                                                         clk (net)
                      0.533486    0.000000    5.379645 ^ clkbuf_0_clk/A (sky130_fd_sc_hd__clkbuf_16)
     5    0.076518    0.147464    0.482053    5.861698 ^ clkbuf_0_clk/X (sky130_fd_sc_hd__clkbuf_16)
                                                         clknet_0_clk (net)
                      0.147548    0.002179    5.863877 ^ clkbuf_1_0__f_clk/A (sky130_fd_sc_hd__clkbuf_16)
    31    0.120766    0.207380    0.363984    6.227861 ^ clkbuf_1_0__f_clk/X (sky130_fd_sc_hd__clkbuf_16)
                                                         clknet_1_0__leaf_clk (net)
                      0.207718    0.007006    6.234868 ^ _102_/CLK (sky130_fd_sc_hd__dfrtp_1)
                                 -0.250000    5.984868   clock uncertainty
                                  0.000000    5.984868   clock reconvergence pessimism
                                  0.507927    6.492794   library recovery time
                                              6.492794   data required time
---------------------------------------------------------------------------------------------
                                              6.492794   data required time
                                             -3.633765   data arrival time
---------------------------------------------------------------------------------------------
                                              2.859029   slack (MET)


Startpoint: _097_ (rising edge-triggered flip-flop clocked by clk)
Endpoint: sine_out[0] (output port clocked by clk)
Path Group: clk
Path Type: max

Fanout         Cap        Slew       Delay        Time   Description
---------------------------------------------------------------------------------------------
                                  0.000000    0.000000   clock clk (rise edge)
                                  0.000000    0.000000   clock source latency
     2    0.073558    0.531247    0.379645    0.379645 ^ clk (in)
                                                         clk (net)
                      0.533486    0.000000    0.379645 ^ clkbuf_0_clk/A (sky130_fd_sc_hd__clkbuf_16)
     5    0.076518    0.147464    0.482053    0.861698 ^ clkbuf_0_clk/X (sky130_fd_sc_hd__clkbuf_16)
                                                         clknet_0_clk (net)
                      0.147548    0.002179    0.863877 ^ clkbuf_1_0__f_clk/A (sky130_fd_sc_hd__clkbuf_16)
    31    0.120766    0.207380    0.363984    1.227861 ^ clkbuf_1_0__f_clk/X (sky130_fd_sc_hd__clkbuf_16)
                                                         clknet_1_0__leaf_clk (net)
                      0.209531    0.016778    1.244640 ^ _097_/CLK (sky130_fd_sc_hd__dfrtp_1)
     1    0.004591    0.091537    0.817648    2.062288 v _097_/Q (sky130_fd_sc_hd__dfrtp_1)
                                                         net2 (net)
                      0.091537    0.000352    2.062641 v output2/A (sky130_fd_sc_hd__buf_1)
     1    0.000854    0.031407    0.150161    2.212802 v output2/X (sky130_fd_sc_hd__buf_1)
                                                         sine_out[0] (net)
                      0.031407    0.000020    2.212822 v sine_out[0] (out)
                                              2.212822   data arrival time

                                  5.000000    5.000000   clock clk (rise edge)
                                  0.000000    5.000000   clock network delay (propagated)
                                 -0.250000    4.750000   clock uncertainty
                                  0.000000    4.750000   clock reconvergence pessimism
                                 -2.500000    2.250000   output external delay
                                              2.250000   data required time
---------------------------------------------------------------------------------------------
                                              2.250000   data required time
                                             -2.212822   data arrival time
---------------------------------------------------------------------------------------------
                                              0.037178   slack (MET)




===========================================================================
report_checks --slack_max -0.01
============================================================================
======================= max_ss_100C_1v60 Corner ===================================

No paths found.


===========================================================================
 report_check_types -max_slew -max_cap -max_fanout -violators
============================================================================
======================= max_ss_100C_1v60 Corner ===================================

max fanout

Pin                                   Limit Fanout  Slack
---------------------------------------------------------
clkbuf_1_0__f_clk/X                      10     31    -21 (VIOLATED)
clkbuf_1_1__f_clk/X                      10     25    -15 (VIOLATED)
fanout20/X                               10     21    -11 (VIOLATED)
_043_/X                                  10     15     -5 (VIOLATED)
_089_/Q                                  10     11        (VIOLATED)



===========================================================================
report_parasitic_annotation -report_unannotated
============================================================================
Found 2 unannotated drivers.
 clkload0/Y
 mem_i_21/HI
Found 32 partially unannotated drivers.
 addr0[0]
  mem_i/addr0[7]
 addr0[1]
  mem_i/addr0[6]
 addr0[2]
  mem_i/addr0[5]
 addr0[3]
  mem_i/addr0[4]
 addr0[4]
  mem_i/addr0[3]
 addr0[5]
  mem_i/addr0[2]
 addr0[6]
  mem_i/addr0[1]
 addr0[7]
  mem_i/addr0[0]
 din0[0]
  mem_i/din0[15]
 din0[10]
  mem_i/din0[5]
 din0[11]
  mem_i/din0[4]
 din0[12]
  mem_i/din0[3]
 din0[13]
  mem_i/din0[2]
 din0[14]
  mem_i/din0[1]
 din0[15]
  mem_i/din0[0]
 din0[1]
  mem_i/din0[14]
 din0[2]
  mem_i/din0[13]
 din0[3]
  mem_i/din0[12]
 din0[4]
  mem_i/din0[11]
 din0[5]
  mem_i/din0[10]
 din0[6]
  mem_i/din0[9]
 din0[7]
  mem_i/din0[8]
 din0[8]
  mem_i/din0[7]
 din0[9]
  mem_i/din0[6]
 _089_/Q
  mem_i/addr1[7]
 _090_/Q
  mem_i/addr1[6]
 _091_/Q
  mem_i/addr1[5]
 _092_/Q
  mem_i/addr1[4]
 _093_/Q
  mem_i/addr1[3]
 _094_/Q
  mem_i/addr1[2]
 _095_/Q
  mem_i/addr1[1]
 _096_/Q
  mem_i/addr1[0]

===========================================================================
max slew violation count 0
max fanout violation count 5
max cap violation count 0
============================================================================

===========================================================================
check_setup -verbose -unconstrained_endpoints -multiple_clock -no_clock -no_input_delay -loops -generated_clocks
===========================================================================
Warning: There are 16 unconstrained endpoints.
  _079_/D
  _080_/D
  _081_/D
  _082_/D
  _083_/D
  _084_/D
  _085_/D
  _086_/D
  _087_/D
  _088_/D
  _097_/D
  _098_/D
  _099_/D
  _100_/D
  _101_/D
  _102_/D
