Clock: clk
Sources: clk 
Generated: no
Virtual: yes
Propagated: no
Period: 5.000000

===========================================================================
report_clock_properties
============================================================================
Clock                   Period          Waveform
----------------------------------------------------
clk                   5.000000    0.000000  2.500000

===========================================================================
report_clock_latency
============================================================================
Clock clk
rise -> rise
    min     max
0.000000 0.000000 source latency
1.231224         network latency _080_/CLK
        1.245339 network latency _087_/CLK
---------------
1.231224 1.245339 latency
        0.014115 skew

fall -> fall
    min     max
0.000000 0.000000 source latency
1.015843         network latency _080_/CLK
        1.035540 network latency _087_/CLK
---------------
1.015843 1.035540 latency
        0.019696 skew



===========================================================================
report_clock_min_period
============================================================================
clk period_min = 3.41 fmax = 292.95
