Clock: clk
Sources: clk 
Generated: no
Virtual: yes
Propagated: no
Period: 5.000000

===========================================================================
report_clock_properties
============================================================================
Clock                   Period          Waveform
----------------------------------------------------
clk                   5.000000    0.000000  2.500000

===========================================================================
report_clock_latency
============================================================================
Clock clk
rise -> rise
    min     max
0.000000 0.000000 source latency
0.716512         network latency mem_i/clk1
        0.738517 network latency mem_i/clk0
---------------
0.716512 0.738517 latency
        0.022005 skew

fall -> fall
    min     max
0.000000 0.000000 source latency
0.355571         network latency mem_i/clk1
        0.376802 network latency mem_i/clk0
---------------
0.355571 0.376802 latency
        0.021232 skew



===========================================================================
report_clock_min_period
============================================================================
clk period_min = 2.85 fmax = 350.92
