Using 12 threads…
Using a tile size of (500 µm)²…
Reading /home/thanh/NCO/runs/RUN_2025-03-03_16-32-44/56-magic-streamout/counter.magic.gds ..
Reading /home/thanh/NCO/runs/RUN_2025-03-03_16-32-44/57-klayout-streamout/counter.klayout.gds ..
--- Running XOR for layer 122/16 ---
"input" in: xor.drc:109
    Polygons (raw): 4821 (flat)  29 (hierarchical)
    Elapsed: 0.000s  Memory: 595.00M
"input" in: xor.drc:109
    Polygons (raw): 4821 (flat)  29 (hierarchical)
    Elapsed: 0.000s  Memory: 595.00M
"^" in: xor.drc:109
    Polygons (raw): 0 (flat)  0 (hierarchical)
    Elapsed: 0.030s  Memory: 1411.00M
XOR differences: 0
"output" in: xor.drc:86
    Polygons (raw): 0 (flat)  0 (hierarchical)
    Elapsed: 0.000s  Memory: 1395.00M
--- Running XOR for layer 22/21 ---
"input" in: xor.drc:109
    Polygons (raw): 60076 (flat)  35 (hierarchical)
    Elapsed: 0.000s  Memory: 1395.00M
"input" in: xor.drc:109
    Polygons (raw): 60076 (flat)  35 (hierarchical)
    Elapsed: 0.000s  Memory: 1395.00M
"^" in: xor.drc:109
    Polygons (raw): 0 (flat)  0 (hierarchical)
    Elapsed: 0.220s  Memory: 1395.00M
XOR differences: 0
"output" in: xor.drc:86
    Polygons (raw): 0 (flat)  0 (hierarchical)
    Elapsed: 0.000s  Memory: 1395.00M
--- Running XOR for layer 22/22 ---
"input" in: xor.drc:109
    Polygons (raw): 17424 (flat)  12 (hierarchical)
    Elapsed: 0.000s  Memory: 1395.00M
"input" in: xor.drc:109
    Polygons (raw): 17424 (flat)  12 (hierarchical)
    Elapsed: 0.000s  Memory: 1395.00M
"^" in: xor.drc:109
    Polygons (raw): 0 (flat)  0 (hierarchical)
    Elapsed: 0.070s  Memory: 1411.00M
XOR differences: 0
"output" in: xor.drc:86
    Polygons (raw): 0 (flat)  0 (hierarchical)
    Elapsed: 0.000s  Memory: 1395.00M
--- Running XOR for layer 235/0 ---
"input" in: xor.drc:109
    Polygons (raw): 26136 (flat)  18 (hierarchical)
    Elapsed: 0.000s  Memory: 1395.00M
"input" in: xor.drc:109
    Polygons (raw): 26136 (flat)  18 (hierarchical)
    Elapsed: 0.000s  Memory: 1395.00M
"^" in: xor.drc:109
    Polygons (raw): 0 (flat)  0 (hierarchical)
    Elapsed: 0.240s  Memory: 1395.00M
XOR differences: 0
"output" in: xor.drc:86
    Polygons (raw): 0 (flat)  0 (hierarchical)
    Elapsed: 0.020s  Memory: 1395.00M
--- Running XOR for layer 235/4 ---
"input" in: xor.drc:109
    Polygons (raw): 28223 (flat)  166 (hierarchical)
    Elapsed: 0.000s  Memory: 1395.00M
"input" in: xor.drc:109
    Polygons (raw): 28223 (flat)  166 (hierarchical)
    Elapsed: 0.000s  Memory: 1395.00M
"^" in: xor.drc:109
    Polygons (raw): 0 (flat)  0 (hierarchical)
    Elapsed: 0.480s  Memory: 1419.00M
XOR differences: 0
"output" in: xor.drc:86
    Polygons (raw): 0 (flat)  0 (hierarchical)
    Elapsed: 0.000s  Memory: 1395.00M
--- Running XOR for layer 236/0 ---
"input" in: xor.drc:109
    Polygons (raw): 4090 (flat)  26 (hierarchical)
    Elapsed: 0.000s  Memory: 1395.00M
"input" in: xor.drc:109
    Polygons (raw): 4090 (flat)  26 (hierarchical)
    Elapsed: 0.000s  Memory: 1395.00M
"^" in: xor.drc:109
    Polygons (raw): 0 (flat)  0 (hierarchical)
    Elapsed: 0.040s  Memory: 1395.00M
XOR differences: 0
"output" in: xor.drc:86
    Polygons (raw): 0 (flat)  0 (hierarchical)
    Elapsed: 0.000s  Memory: 1395.00M
--- Running XOR for layer 33/42 ---
"input" in: xor.drc:109
    Polygons (raw): 210540 (flat)  155 (hierarchical)
    Elapsed: 0.000s  Memory: 1395.00M
"input" in: xor.drc:109
    Polygons (raw): 210540 (flat)  155 (hierarchical)
    Elapsed: 0.000s  Memory: 1395.00M
"^" in: xor.drc:109
    Polygons (raw): 0 (flat)  0 (hierarchical)
    Elapsed: 1.360s  Memory: 1427.00M
XOR differences: 0
"output" in: xor.drc:86
    Polygons (raw): 0 (flat)  0 (hierarchical)
    Elapsed: 0.020s  Memory: 1395.00M
--- Running XOR for layer 33/43 ---
"input" in: xor.drc:109
    Polygons (raw): 258984 (flat)  192 (hierarchical)
    Elapsed: 0.000s  Memory: 1395.00M
"input" in: xor.drc:109
    Polygons (raw): 258984 (flat)  192 (hierarchical)
    Elapsed: 0.000s  Memory: 1395.00M
"^" in: xor.drc:109
    Polygons (raw): 0 (flat)  0 (hierarchical)
    Elapsed: 1.380s  Memory: 1427.00M
XOR differences: 0
"output" in: xor.drc:86
    Polygons (raw): 0 (flat)  0 (hierarchical)
    Elapsed: 0.010s  Memory: 1395.00M
--- Running XOR for layer 64/16 ---
"input" in: xor.drc:109
    Polygons (raw): 4821 (flat)  29 (hierarchical)
    Elapsed: 0.000s  Memory: 1395.00M
"input" in: xor.drc:109
    Polygons (raw): 4821 (flat)  29 (hierarchical)
    Elapsed: 0.000s  Memory: 1395.00M
"^" in: xor.drc:109
    Polygons (raw): 0 (flat)  0 (hierarchical)
    Elapsed: 0.040s  Memory: 1411.00M
XOR differences: 0
"output" in: xor.drc:86
    Polygons (raw): 0 (flat)  0 (hierarchical)
    Elapsed: 0.000s  Memory: 1395.00M
--- Running XOR for layer 64/18 ---
"input" in: xor.drc:109
    Polygons (raw): 1 (flat)  1 (hierarchical)
    Elapsed: 0.000s  Memory: 1395.00M
"input" in: xor.drc:109
    Polygons (raw): 1 (flat)  1 (hierarchical)
    Elapsed: 0.000s  Memory: 1395.00M
"^" in: xor.drc:109
    Polygons (raw): 0 (flat)  0 (hierarchical)
    Elapsed: 0.000s  Memory: 1435.00M
XOR differences: 0
"output" in: xor.drc:86
    Polygons (raw): 0 (flat)  0 (hierarchical)
    Elapsed: 0.000s  Memory: 1395.00M
--- Running XOR for layer 64/20 ---
"input" in: xor.drc:109
    Polygons (raw): 15023 (flat)  88 (hierarchical)
    Elapsed: 0.000s  Memory: 1395.00M
"input" in: xor.drc:109
    Polygons (raw): 15023 (flat)  88 (hierarchical)
    Elapsed: 0.000s  Memory: 1395.00M
"^" in: xor.drc:109
    Polygons (raw): 0 (flat)  0 (hierarchical)
    Elapsed: 0.160s  Memory: 1435.00M
XOR differences: 0
"output" in: xor.drc:86
    Polygons (raw): 0 (flat)  0 (hierarchical)
    Elapsed: 0.000s  Memory: 1395.00M
--- Running XOR for layer 64/5 ---
"input" in: xor.drc:109
    Polygons (raw): 0 (flat)  0 (hierarchical)
    Elapsed: 0.000s  Memory: 1395.00M
"input" in: xor.drc:109
    Polygons (raw): 0 (flat)  0 (hierarchical)
    Elapsed: 0.000s  Memory: 1395.00M
"^" in: xor.drc:109
    Polygons (raw): 0 (flat)  0 (hierarchical)
    Elapsed: 0.020s  Memory: 1411.00M
XOR differences: 0
"output" in: xor.drc:86
    Polygons (raw): 0 (flat)  0 (hierarchical)
    Elapsed: 0.010s  Memory: 1395.00M
--- Running XOR for layer 64/59 ---
"input" in: xor.drc:109
    Polygons (raw): 0 (flat)  0 (hierarchical)
    Elapsed: 0.000s  Memory: 1395.00M
"input" in: xor.drc:109
    Polygons (raw): 0 (flat)  0 (hierarchical)
    Elapsed: 0.000s  Memory: 1395.00M
"^" in: xor.drc:109
    Polygons (raw): 0 (flat)  0 (hierarchical)
    Elapsed: 0.020s  Memory: 1411.00M
XOR differences: 0
"output" in: xor.drc:86
    Polygons (raw): 0 (flat)  0 (hierarchical)
    Elapsed: 0.000s  Memory: 1395.00M
--- Running XOR for layer 65/20 ---
"input" in: xor.drc:109
    Polygons (raw): 49229 (flat)  157 (hierarchical)
    Elapsed: 0.000s  Memory: 1395.00M
"input" in: xor.drc:109
    Polygons (raw): 49229 (flat)  157 (hierarchical)
    Elapsed: 0.000s  Memory: 1395.00M
"^" in: xor.drc:109
    Polygons (raw): 0 (flat)  0 (hierarchical)
    Elapsed: 0.270s  Memory: 1395.00M
XOR differences: 0
"output" in: xor.drc:86
    Polygons (raw): 0 (flat)  0 (hierarchical)
    Elapsed: 0.000s  Memory: 1395.00M
--- Running XOR for layer 65/44 ---
"input" in: xor.drc:109
    Polygons (raw): 17248 (flat)  31 (hierarchical)
    Elapsed: 0.000s  Memory: 1395.00M
"input" in: xor.drc:109
    Polygons (raw): 17248 (flat)  31 (hierarchical)
    Elapsed: 0.000s  Memory: 1395.00M
"^" in: xor.drc:109
    Polygons (raw): 0 (flat)  0 (hierarchical)
    Elapsed: 0.090s  Memory: 1411.00M
XOR differences: 0
"output" in: xor.drc:86
    Polygons (raw): 0 (flat)  0 (hierarchical)
    Elapsed: 0.000s  Memory: 1396.00M
--- Running XOR for layer 65/5 ---
"input" in: xor.drc:109
    Polygons (raw): 0 (flat)  0 (hierarchical)
    Elapsed: 0.000s  Memory: 1396.00M
"input" in: xor.drc:109
    Polygons (raw): 0 (flat)  0 (hierarchical)
    Elapsed: 0.000s  Memory: 1396.00M
"^" in: xor.drc:109
    Polygons (raw): 0 (flat)  0 (hierarchical)
    Elapsed: 0.010s  Memory: 1396.00M
XOR differences: 0
"output" in: xor.drc:86
    Polygons (raw): 0 (flat)  0 (hierarchical)
    Elapsed: 0.000s  Memory: 1396.00M
--- Running XOR for layer 66/15 ---
"input" in: xor.drc:109
    Polygons (raw): 2 (flat)  2 (hierarchical)
    Elapsed: 0.000s  Memory: 1396.00M
"input" in: xor.drc:109
    Polygons (raw): 2 (flat)  2 (hierarchical)
    Elapsed: 0.000s  Memory: 1396.00M
"^" in: xor.drc:109
    Polygons (raw): 0 (flat)  0 (hierarchical)
    Elapsed: 0.010s  Memory: 1412.00M
XOR differences: 0
"output" in: xor.drc:86
    Polygons (raw): 0 (flat)  0 (hierarchical)
    Elapsed: 0.000s  Memory: 1396.00M
--- Running XOR for layer 66/20 ---
"input" in: xor.drc:109
    Polygons (raw): 91255 (flat)  1075 (hierarchical)
    Elapsed: 0.000s  Memory: 1396.00M
"input" in: xor.drc:109
    Polygons (raw): 91255 (flat)  1075 (hierarchical)
    Elapsed: 0.000s  Memory: 1396.00M
"^" in: xor.drc:109
    Polygons (raw): 0 (flat)  0 (hierarchical)
    Elapsed: 0.590s  Memory: 1405.00M
XOR differences: 0
"output" in: xor.drc:86
    Polygons (raw): 0 (flat)  0 (hierarchical)
    Elapsed: 0.020s  Memory: 1397.00M
--- Running XOR for layer 66/44 ---
"input" in: xor.drc:109
    Polygons (raw): 214200 (flat)  1017 (hierarchical)
    Elapsed: 0.000s  Memory: 1397.00M
"input" in: xor.drc:109
    Polygons (raw): 214200 (flat)  1017 (hierarchical)
    Elapsed: 0.000s  Memory: 1397.00M
"^" in: xor.drc:109
    Polygons (raw): 0 (flat)  0 (hierarchical)
    Elapsed: 0.850s  Memory: 1437.00M
XOR differences: 0
"output" in: xor.drc:86
    Polygons (raw): 0 (flat)  0 (hierarchical)
    Elapsed: 0.000s  Memory: 1397.00M
--- Running XOR for layer 66/5 ---
"input" in: xor.drc:109
    Polygons (raw): 0 (flat)  0 (hierarchical)
    Elapsed: 0.000s  Memory: 1397.00M
"input" in: xor.drc:109
    Polygons (raw): 0 (flat)  0 (hierarchical)
    Elapsed: 0.000s  Memory: 1397.00M
"^" in: xor.drc:109
    Polygons (raw): 0 (flat)  0 (hierarchical)
    Elapsed: 0.020s  Memory: 1405.00M
XOR differences: 0
"output" in: xor.drc:86
    Polygons (raw): 0 (flat)  0 (hierarchical)
    Elapsed: 0.000s  Memory: 1397.00M
--- Running XOR for layer 66/83 ---
"input" in: xor.drc:109
    Polygons (raw): 0 (flat)  0 (hierarchical)
    Elapsed: 0.000s  Memory: 1397.00M
"input" in: xor.drc:109
    Polygons (raw): 0 (flat)  0 (hierarchical)
    Elapsed: 0.000s  Memory: 1397.00M
"^" in: xor.drc:109
    Polygons (raw): 0 (flat)  0 (hierarchical)
    Elapsed: 0.030s  Memory: 1397.00M
XOR differences: 0
"output" in: xor.drc:86
    Polygons (raw): 0 (flat)  0 (hierarchical)
    Elapsed: 0.000s  Memory: 1397.00M
--- Running XOR for layer 67/16 ---
"input" in: xor.drc:109
    Polygons (raw): 620 (flat)  131 (hierarchical)
    Elapsed: 0.000s  Memory: 1397.00M
"input" in: xor.drc:109
    Polygons (raw): 620 (flat)  131 (hierarchical)
    Elapsed: 0.000s  Memory: 1397.00M
"^" in: xor.drc:109
    Polygons (raw): 0 (flat)  0 (hierarchical)
    Elapsed: 0.020s  Memory: 1445.00M
XOR differences: 0
"output" in: xor.drc:86
    Polygons (raw): 0 (flat)  0 (hierarchical)
    Elapsed: 0.020s  Memory: 1397.00M
--- Running XOR for layer 67/20 ---
"input" in: xor.drc:109
    Polygons (raw): 194228 (flat)  3195 (hierarchical)
    Elapsed: 0.000s  Memory: 1397.00M
"input" in: xor.drc:109
    Polygons (raw): 194228 (flat)  2964 (hierarchical)
    Elapsed: 0.000s  Memory: 1397.00M
"^" in: xor.drc:109
    Polygons (raw): 0 (flat)  0 (hierarchical)
    Elapsed: 1.240s  Memory: 1453.00M
XOR differences: 0
"output" in: xor.drc:86
    Polygons (raw): 0 (flat)  0 (hierarchical)
    Elapsed: 0.020s  Memory: 1397.00M
--- Running XOR for layer 67/44 ---
"input" in: xor.drc:109
    Polygons (raw): 197672 (flat)  838 (hierarchical)
    Elapsed: 0.000s  Memory: 1397.00M
"input" in: xor.drc:109
    Polygons (raw): 197672 (flat)  607 (hierarchical)
    Elapsed: 0.000s  Memory: 1397.00M
"^" in: xor.drc:109
    Polygons (raw): 0 (flat)  0 (hierarchical)
    Elapsed: 0.950s  Memory: 1445.00M
XOR differences: 0
"output" in: xor.drc:86
    Polygons (raw): 0 (flat)  0 (hierarchical)
    Elapsed: 0.000s  Memory: 1397.00M
--- Running XOR for layer 67/5 ---
"input" in: xor.drc:109
    Polygons (raw): 0 (flat)  0 (hierarchical)
    Elapsed: 0.000s  Memory: 1397.00M
"input" in: xor.drc:109
    Polygons (raw): 0 (flat)  0 (hierarchical)
    Elapsed: 0.000s  Memory: 1397.00M
"^" in: xor.drc:109
    Polygons (raw): 0 (flat)  0 (hierarchical)
    Elapsed: 0.020s  Memory: 1397.00M
XOR differences: 0
"output" in: xor.drc:86
    Polygons (raw): 0 (flat)  0 (hierarchical)
    Elapsed: 0.020s  Memory: 1397.00M
--- Running XOR for layer 68/16 ---
"input" in: xor.drc:109
    Polygons (raw): 38296 (flat)  86 (hierarchical)
    Elapsed: 0.000s  Memory: 1397.00M
"input" in: xor.drc:109
    Polygons (raw): 38296 (flat)  86 (hierarchical)
    Elapsed: 0.000s  Memory: 1397.00M
"^" in: xor.drc:109
    Polygons (raw): 0 (flat)  0 (hierarchical)
    Elapsed: 0.180s  Memory: 1405.00M
XOR differences: 0
"output" in: xor.drc:86
    Polygons (raw): 0 (flat)  0 (hierarchical)
    Elapsed: 0.000s  Memory: 1397.00M
--- Running XOR for layer 68/20 ---
"input" in: xor.drc:109
    Polygons (raw): 199588 (flat)  17289 (hierarchical)
    Elapsed: 0.000s  Memory: 1397.00M
"input" in: xor.drc:109
    Polygons (raw): 199700 (flat)  16604 (hierarchical)
    Elapsed: 0.000s  Memory: 1397.00M
"^" in: xor.drc:109
    Polygons (raw): 0 (flat)  0 (hierarchical)
    Elapsed: 2.620s  Memory: 1405.00M
XOR differences: 0
"output" in: xor.drc:86
    Polygons (raw): 0 (flat)  0 (hierarchical)
    Elapsed: 0.020s  Memory: 1397.00M
--- Running XOR for layer 68/44 ---
"input" in: xor.drc:109
    Polygons (raw): 57615 (flat)  1853 (hierarchical)
    Elapsed: 0.000s  Memory: 1397.00M
"input" in: xor.drc:109
    Polygons (raw): 57615 (flat)  59 (hierarchical)
    Elapsed: 0.000s  Memory: 1397.00M
"^" in: xor.drc:109
    Polygons (raw): 0 (flat)  0 (hierarchical)
    Elapsed: 0.230s  Memory: 1397.00M
XOR differences: 0
"output" in: xor.drc:86
    Polygons (raw): 0 (flat)  0 (hierarchical)
    Elapsed: 0.000s  Memory: 1397.00M
--- Running XOR for layer 68/5 ---
"input" in: xor.drc:109
    Polygons (raw): 37616 (flat)  11350 (hierarchical)
    Elapsed: 0.000s  Memory: 1397.00M
"input" in: xor.drc:109
    Polygons (raw): 37616 (flat)  11350 (hierarchical)
    Elapsed: 0.000s  Memory: 1397.00M
"^" in: xor.drc:109
    Polygons (raw): 0 (flat)  0 (hierarchical)
    Elapsed: 0.420s  Memory: 1421.00M
XOR differences: 0
"output" in: xor.drc:86
    Polygons (raw): 0 (flat)  0 (hierarchical)
    Elapsed: 0.000s  Memory: 1397.00M
--- Running XOR for layer 69/16 ---
"input" in: xor.drc:109
    Polygons (raw): 18118 (flat)  51 (hierarchical)
    Elapsed: 0.000s  Memory: 1397.00M
"input" in: xor.drc:109
    Polygons (raw): 18118 (flat)  51 (hierarchical)
    Elapsed: 0.000s  Memory: 1397.00M
"^" in: xor.drc:109
    Polygons (raw): 0 (flat)  0 (hierarchical)
    Elapsed: 0.080s  Memory: 1405.00M
XOR differences: 0
"output" in: xor.drc:86
    Polygons (raw): 0 (flat)  0 (hierarchical)
    Elapsed: 0.000s  Memory: 1397.00M
--- Running XOR for layer 69/20 ---
"input" in: xor.drc:109
    Polygons (raw): 139046 (flat)  18483 (hierarchical)
    Elapsed: 0.000s  Memory: 1397.00M
"input" in: xor.drc:109
    Polygons (raw): 139659 (flat)  18176 (hierarchical)
    Elapsed: 0.000s  Memory: 1397.00M
"^" in: xor.drc:109
    Polygons (raw): 0 (flat)  0 (hierarchical)
    Elapsed: 1.230s  Memory: 1405.00M
XOR differences: 0
"output" in: xor.drc:86
    Polygons (raw): 0 (flat)  0 (hierarchical)
    Elapsed: 0.020s  Memory: 1397.00M
--- Running XOR for layer 69/44 ---
"input" in: xor.drc:109
    Polygons (raw): 4787 (flat)  1284 (hierarchical)
    Elapsed: 0.000s  Memory: 1397.00M
"input" in: xor.drc:109
    Polygons (raw): 4787 (flat)  9 (hierarchical)
    Elapsed: 0.000s  Memory: 1397.00M
"^" in: xor.drc:109
    Polygons (raw): 0 (flat)  0 (hierarchical)
    Elapsed: 0.040s  Memory: 1429.00M
XOR differences: 0
"output" in: xor.drc:86
    Polygons (raw): 0 (flat)  0 (hierarchical)
    Elapsed: 0.000s  Memory: 1397.00M
--- Running XOR for layer 69/5 ---
"input" in: xor.drc:109
    Polygons (raw): 32858 (flat)  14408 (hierarchical)
    Elapsed: 0.000s  Memory: 1397.00M
"input" in: xor.drc:109
    Polygons (raw): 32858 (flat)  14408 (hierarchical)
    Elapsed: 0.000s  Memory: 1397.00M
"^" in: xor.drc:109
    Polygons (raw): 0 (flat)  0 (hierarchical)
    Elapsed: 0.150s  Memory: 1453.00M
XOR differences: 0
"output" in: xor.drc:86
    Polygons (raw): 0 (flat)  0 (hierarchical)
    Elapsed: 0.000s  Memory: 1397.00M
--- Running XOR for layer 70/16 ---
"input" in: xor.drc:109
    Polygons (raw): 9 (flat)  9 (hierarchical)
    Elapsed: 0.000s  Memory: 1397.00M
"input" in: xor.drc:109
    Polygons (raw): 9 (flat)  9 (hierarchical)
    Elapsed: 0.000s  Memory: 1397.00M
"^" in: xor.drc:109
    Polygons (raw): 0 (flat)  0 (hierarchical)
    Elapsed: 0.010s  Memory: 1405.00M
XOR differences: 0
"output" in: xor.drc:86
    Polygons (raw): 0 (flat)  0 (hierarchical)
    Elapsed: 0.000s  Memory: 1397.00M
--- Running XOR for layer 70/20 ---
"input" in: xor.drc:109
    Polygons (raw): 9659 (flat)  3034 (hierarchical)
    Elapsed: 0.000s  Memory: 1397.00M
"input" in: xor.drc:109
    Polygons (raw): 10185 (flat)  2859 (hierarchical)
    Elapsed: 0.000s  Memory: 1397.00M
"^" in: xor.drc:109
    Polygons (raw): 0 (flat)  0 (hierarchical)
    Elapsed: 0.110s  Memory: 1413.00M
XOR differences: 0
"output" in: xor.drc:86
    Polygons (raw): 0 (flat)  0 (hierarchical)
    Elapsed: 0.000s  Memory: 1397.00M
--- Running XOR for layer 70/44 ---
"input" in: xor.drc:109
    Polygons (raw): 3691 (flat)  1275 (hierarchical)
    Elapsed: 0.000s  Memory: 1397.00M
"input" in: xor.drc:109
    Polygons (raw): 3691 (flat)  7 (hierarchical)
    Elapsed: 0.000s  Memory: 1397.00M
"^" in: xor.drc:109
    Polygons (raw): 0 (flat)  0 (hierarchical)
    Elapsed: 0.030s  Memory: 1421.00M
XOR differences: 0
"output" in: xor.drc:86
    Polygons (raw): 0 (flat)  0 (hierarchical)
    Elapsed: 0.000s  Memory: 1397.00M
--- Running XOR for layer 70/5 ---
"input" in: xor.drc:109
    Polygons (raw): 354 (flat)  263 (hierarchical)
    Elapsed: 0.000s  Memory: 1397.00M
"input" in: xor.drc:109
    Polygons (raw): 354 (flat)  263 (hierarchical)
    Elapsed: 0.000s  Memory: 1397.00M
"^" in: xor.drc:109
    Polygons (raw): 0 (flat)  0 (hierarchical)
    Elapsed: 0.010s  Memory: 1421.00M
XOR differences: 0
"output" in: xor.drc:86
    Polygons (raw): 0 (flat)  0 (hierarchical)
    Elapsed: 0.000s  Memory: 1397.00M
--- Running XOR for layer 71/16 ---
"input" in: xor.drc:109
    Polygons (raw): 16 (flat)  16 (hierarchical)
    Elapsed: 0.000s  Memory: 1397.00M
"input" in: xor.drc:109
    Polygons (raw): 16 (flat)  16 (hierarchical)
    Elapsed: 0.000s  Memory: 1397.00M
"^" in: xor.drc:109
    Polygons (raw): 0 (flat)  0 (hierarchical)
    Elapsed: 0.010s  Memory: 1397.00M
XOR differences: 0
"output" in: xor.drc:86
    Polygons (raw): 0 (flat)  0 (hierarchical)
    Elapsed: 0.000s  Memory: 1397.00M
--- Running XOR for layer 71/20 ---
"input" in: xor.drc:109
    Polygons (raw): 2963 (flat)  532 (hierarchical)
    Elapsed: 0.000s  Memory: 1397.00M
"input" in: xor.drc:109
    Polygons (raw): 3307 (flat)  507 (hierarchical)
    Elapsed: 0.000s  Memory: 1397.00M
"^" in: xor.drc:109
    Polygons (raw): 0 (flat)  0 (hierarchical)
    Elapsed: 0.060s  Memory: 1421.00M
XOR differences: 0
"output" in: xor.drc:86
    Polygons (raw): 0 (flat)  0 (hierarchical)
    Elapsed: 0.000s  Memory: 1397.00M
--- Running XOR for layer 71/44 ---
"input" in: xor.drc:109
    Polygons (raw): 24 (flat)  24 (hierarchical)
    Elapsed: 0.000s  Memory: 1397.00M
"input" in: xor.drc:109
    Polygons (raw): 24 (flat)  2 (hierarchical)
    Elapsed: 0.000s  Memory: 1397.00M
"^" in: xor.drc:109
    Polygons (raw): 0 (flat)  0 (hierarchical)
    Elapsed: 0.010s  Memory: 1413.00M
XOR differences: 0
"output" in: xor.drc:86
    Polygons (raw): 0 (flat)  0 (hierarchical)
    Elapsed: 0.000s  Memory: 1397.00M
--- Running XOR for layer 71/5 ---
"input" in: xor.drc:109
    Polygons (raw): 131 (flat)  116 (hierarchical)
    Elapsed: 0.000s  Memory: 1397.00M
"input" in: xor.drc:109
    Polygons (raw): 131 (flat)  116 (hierarchical)
    Elapsed: 0.000s  Memory: 1397.00M
"^" in: xor.drc:109
    Polygons (raw): 0 (flat)  0 (hierarchical)
    Elapsed: 0.020s  Memory: 1429.00M
XOR differences: 0
"output" in: xor.drc:86
    Polygons (raw): 0 (flat)  0 (hierarchical)
    Elapsed: 0.000s  Memory: 1397.00M
--- Running XOR for layer 72/16 ---
"input" in: xor.drc:109
    Polygons (raw): 6 (flat)  6 (hierarchical)
    Elapsed: 0.000s  Memory: 1397.00M
"input" in: xor.drc:109
    Polygons (raw): 6 (flat)  6 (hierarchical)
    Elapsed: 0.000s  Memory: 1397.00M
"^" in: xor.drc:109
    Polygons (raw): 0 (flat)  0 (hierarchical)
    Elapsed: 0.000s  Memory: 1429.00M
XOR differences: 0
"output" in: xor.drc:86
    Polygons (raw): 0 (flat)  0 (hierarchical)
    Elapsed: 0.000s  Memory: 1397.00M
--- Running XOR for layer 72/20 ---
"input" in: xor.drc:109
    Polygons (raw): 6 (flat)  6 (hierarchical)
    Elapsed: 0.000s  Memory: 1397.00M
"input" in: xor.drc:109
    Polygons (raw): 36 (flat)  14 (hierarchical)
    Elapsed: 0.000s  Memory: 1397.00M
"^" in: xor.drc:109
    Polygons (raw): 0 (flat)  0 (hierarchical)
    Elapsed: 0.000s  Memory: 1397.00M
XOR differences: 0
"output" in: xor.drc:86
    Polygons (raw): 0 (flat)  0 (hierarchical)
    Elapsed: 0.000s  Memory: 1397.00M
--- Running XOR for layer 72/5 ---
"input" in: xor.drc:109
    Polygons (raw): 0 (flat)  0 (hierarchical)
    Elapsed: 0.000s  Memory: 1398.00M
"input" in: xor.drc:109
    Polygons (raw): 0 (flat)  0 (hierarchical)
    Elapsed: 0.000s  Memory: 1398.00M
"^" in: xor.drc:109
    Polygons (raw): 0 (flat)  0 (hierarchical)
    Elapsed: 0.010s  Memory: 1406.00M
XOR differences: 0
"output" in: xor.drc:86
    Polygons (raw): 0 (flat)  0 (hierarchical)
    Elapsed: 0.000s  Memory: 1398.00M
--- Running XOR for layer 78/44 ---
"input" in: xor.drc:109
    Polygons (raw): 9920 (flat)  36 (hierarchical)
    Elapsed: 0.000s  Memory: 1398.00M
"input" in: xor.drc:109
    Polygons (raw): 9920 (flat)  36 (hierarchical)
    Elapsed: 0.000s  Memory: 1398.00M
"^" in: xor.drc:109
    Polygons (raw): 0 (flat)  0 (hierarchical)
    Elapsed: 0.080s  Memory: 1430.00M
XOR differences: 0
"output" in: xor.drc:86
    Polygons (raw): 0 (flat)  0 (hierarchical)
    Elapsed: 0.000s  Memory: 1398.00M
--- Running XOR for layer 81/2 ---
"input" in: xor.drc:109
    Polygons (raw): 4488 (flat)  4 (hierarchical)
    Elapsed: 0.000s  Memory: 1398.00M
"input" in: xor.drc:109
    Polygons (raw): 4488 (flat)  4 (hierarchical)
    Elapsed: 0.000s  Memory: 1398.00M
"^" in: xor.drc:109
    Polygons (raw): 0 (flat)  0 (hierarchical)
    Elapsed: 0.050s  Memory: 1414.00M
XOR differences: 0
"output" in: xor.drc:86
    Polygons (raw): 0 (flat)  0 (hierarchical)
    Elapsed: 0.000s  Memory: 1399.00M
--- Running XOR for layer 81/23 ---
"input" in: xor.drc:109
    Polygons (raw): 4 (flat)  1 (hierarchical)
    Elapsed: 0.000s  Memory: 1399.00M
"input" in: xor.drc:109
    Polygons (raw): 4 (flat)  1 (hierarchical)
    Elapsed: 0.020s  Memory: 1399.00M
"^" in: xor.drc:109
    Polygons (raw): 0 (flat)  0 (hierarchical)
    Elapsed: 0.000s  Memory: 1399.00M
XOR differences: 0
"output" in: xor.drc:86
    Polygons (raw): 0 (flat)  0 (hierarchical)
    Elapsed: 0.000s  Memory: 1399.00M
--- Running XOR for layer 81/4 ---
"input" in: xor.drc:109
    Polygons (raw): 28993 (flat)  187 (hierarchical)
    Elapsed: 0.000s  Memory: 1399.00M
"input" in: xor.drc:109
    Polygons (raw): 28993 (flat)  187 (hierarchical)
    Elapsed: 0.000s  Memory: 1399.00M
"^" in: xor.drc:109
    Polygons (raw): 0 (flat)  0 (hierarchical)
    Elapsed: 0.310s  Memory: 1407.00M
XOR differences: 0
"output" in: xor.drc:86
    Polygons (raw): 0 (flat)  0 (hierarchical)
    Elapsed: 0.000s  Memory: 1399.00M
--- Running XOR for layer 83/44 ---
"input" in: xor.drc:109
    Polygons (raw): 0 (flat)  0 (hierarchical)
    Elapsed: 0.000s  Memory: 1399.00M
"input" in: xor.drc:109
    Polygons (raw): 0 (flat)  0 (hierarchical)
    Elapsed: 0.000s  Memory: 1399.00M
"^" in: xor.drc:109
    Polygons (raw): 0 (flat)  0 (hierarchical)
    Elapsed: 0.050s  Memory: 1407.00M
XOR differences: 0
"output" in: xor.drc:86
    Polygons (raw): 0 (flat)  0 (hierarchical)
    Elapsed: 0.000s  Memory: 1399.00M
--- Running XOR for layer 93/44 ---
"input" in: xor.drc:109
    Polygons (raw): 33372 (flat)  124 (hierarchical)
    Elapsed: 0.000s  Memory: 1399.00M
"input" in: xor.drc:109
    Polygons (raw): 33372 (flat)  124 (hierarchical)
    Elapsed: 0.000s  Memory: 1399.00M
"^" in: xor.drc:109
    Polygons (raw): 0 (flat)  0 (hierarchical)
    Elapsed: 0.230s  Memory: 1415.00M
XOR differences: 0
"output" in: xor.drc:86
    Polygons (raw): 0 (flat)  0 (hierarchical)
    Elapsed: 0.000s  Memory: 1399.00M
--- Running XOR for layer 94/20 ---
"input" in: xor.drc:109
    Polygons (raw): 24256 (flat)  114 (hierarchical)
    Elapsed: 0.000s  Memory: 1399.00M
"input" in: xor.drc:109
    Polygons (raw): 24256 (flat)  114 (hierarchical)
    Elapsed: 0.000s  Memory: 1399.00M
"^" in: xor.drc:109
    Polygons (raw): 0 (flat)  0 (hierarchical)
    Elapsed: 0.170s  Memory: 1423.00M
XOR differences: 0
"output" in: xor.drc:86
    Polygons (raw): 0 (flat)  0 (hierarchical)
    Elapsed: 0.000s  Memory: 1399.00M
--- Running XOR for layer 95/20 ---
"input" in: xor.drc:109
    Polygons (raw): 28650 (flat)  95 (hierarchical)
    Elapsed: 0.000s  Memory: 1399.00M
"input" in: xor.drc:109
    Polygons (raw): 28650 (flat)  95 (hierarchical)
    Elapsed: 0.000s  Memory: 1399.00M
"^" in: xor.drc:109
    Polygons (raw): 0 (flat)  0 (hierarchical)
    Elapsed: 0.170s  Memory: 1399.00M
XOR differences: 0
"output" in: xor.drc:86
    Polygons (raw): 0 (flat)  0 (hierarchical)
    Elapsed: 0.020s  Memory: 1399.00M
---
Total XOR differences: 0
Writing report database: /home/thanh/NCO/runs/RUN_2025-03-03_16-32-44/60-klayout-xor/xor.xml ..
Total elapsed: 15.090s  Memory: 1399.00M
/home/thanh/NCO/runs/RUN_2025-03-03_16-32-44/56-magic-streamout/counter.magic.gds
/home/thanh/NCO/runs/RUN_2025-03-03_16-32-44/57-klayout-streamout/counter.klayout.gds
%OL_METRIC_I design__xor_difference__count 0
