Clock: clk
Sources: clk 
Generated: no
Virtual: yes
Propagated: no
Period: 5.100000

===========================================================================
report_clock_properties
============================================================================
Clock                   Period          Waveform
----------------------------------------------------
clk                   5.100000    0.000000  2.550000

===========================================================================
report_clock_latency
============================================================================
Clock clk
rise -> rise
    min     max
0.000000 0.000000 source latency
0.779589         network latency _632_/CLK
        0.816242 network latency _636_/CLK
---------------
0.779589 0.816242 latency
        0.036653 skew

fall -> fall
    min     max
0.000000 0.000000 source latency
0.663313         network latency _632_/CLK
        0.693042 network latency _636_/CLK
---------------
0.663313 0.693042 latency
        0.029728 skew



===========================================================================
report_clock_min_period
============================================================================
clk period_min = 2.51 fmax = 398.24
