                                                                        Cells by Master                                                                         
┏━━━━━━━━━━━━━━━━━━━━━━━━━━━━━━━━━━━━━━━━━━━━━━━━━━━━━━━━━━━━━━━━━━━━━━━━━━━━━━━━━━━━━━━━━━━━━━━━━━━━━━━━━━━━━━━━━━━━━━━━━━━━━━━━━━┳━━━━━━━━━━━━━━━━━━━━━━━━━━━┓
┃ Cell                                                                                                                             ┃ Count                     ┃
┡━━━━━━━━━━━━━━━━━━━━━━━━━━━━━━━━━━━━━━━━━━━━━━━━━━━━━━━━━━━━━━━━━━━━━━━━━━━━━━━━━━━━━━━━━━━━━━━━━━━━━━━━━━━━━━━━━━━━━━━━━━━━━━━━━━╇━━━━━━━━━━━━━━━━━━━━━━━━━━━┩
│ ram256x16                                                                                                                        │ 2                         │
│ sky130_ef_sc_hd__decap_12                                                                                                        │ 36324                     │
│ sky130_fd_sc_hd__a21oi_1                                                                                                         │ 2                         │
│ sky130_fd_sc_hd__a41o_1                                                                                                          │ 1                         │
│ sky130_fd_sc_hd__and2_1                                                                                                          │ 1                         │
│ sky130_fd_sc_hd__and2b_1                                                                                                         │ 1                         │
│ sky130_fd_sc_hd__and3_1                                                                                                          │ 2                         │
│ sky130_fd_sc_hd__and4_1                                                                                                          │ 1                         │
│ sky130_fd_sc_hd__and4_2                                                                                                          │ 1                         │
│ sky130_fd_sc_hd__buf_1                                                                                                           │ 1                         │
│ sky130_fd_sc_hd__buf_2                                                                                                           │ 14                        │
│ sky130_fd_sc_hd__buf_4                                                                                                           │ 3                         │
│ sky130_fd_sc_hd__buf_6                                                                                                           │ 3                         │
│ sky130_fd_sc_hd__buf_8                                                                                                           │ 1                         │
│ sky130_fd_sc_hd__clkbuf_1                                                                                                        │ 27                        │
│ sky130_fd_sc_hd__clkbuf_16                                                                                                       │ 1                         │
│ sky130_fd_sc_hd__clkbuf_2                                                                                                        │ 48                        │
│ sky130_fd_sc_hd__clkbuf_4                                                                                                        │ 4                         │
│ sky130_fd_sc_hd__clkbuf_8                                                                                                        │ 5                         │
│ sky130_fd_sc_hd__clkinv_2                                                                                                        │ 2                         │
│ sky130_fd_sc_hd__clkinvlp_4                                                                                                      │ 1                         │
│ sky130_fd_sc_hd__conb_1                                                                                                          │ 2                         │
│ sky130_fd_sc_hd__decap_3                                                                                                         │ 1334                      │
│ sky130_fd_sc_hd__decap_4                                                                                                         │ 467                       │
│ sky130_fd_sc_hd__decap_6                                                                                                         │ 8459                      │
│ sky130_fd_sc_hd__decap_8                                                                                                         │ 271                       │
│ sky130_fd_sc_hd__dfrtp_1                                                                                                         │ 17                        │
│ sky130_fd_sc_hd__dfrtp_2                                                                                                         │ 2                         │
│ sky130_fd_sc_hd__dfrtp_4                                                                                                         │ 6                         │
│ sky130_fd_sc_hd__diode_2                                                                                                         │ 414                       │
│ sky130_fd_sc_hd__dlymetal6s2s_1                                                                                                  │ 7                         │
│ sky130_fd_sc_hd__fill_1                                                                                                          │ 9088                      │
│ sky130_fd_sc_hd__fill_2                                                                                                          │ 109                       │
│ sky130_fd_sc_hd__inv_2                                                                                                           │ 26                        │
│ sky130_fd_sc_hd__mux2_1                                                                                                          │ 16                        │
│ sky130_fd_sc_hd__nor2_1                                                                                                          │ 4                         │
│ sky130_fd_sc_hd__tapvpwrvgnd_1                                                                                                   │ 9275                      │
│ sky130_fd_sc_hd__xor2_1                                                                                                          │ 4                         │
└──────────────────────────────────────────────────────────────────────────────────────────────────────────────────────────────────┴───────────────────────────┘
