Clock: clk
Sources: clk 
Generated: no
Virtual: yes
Propagated: no
Period: 5.100000

===========================================================================
report_clock_properties
============================================================================
Clock                   Period          Waveform
----------------------------------------------------
clk                   5.100000    0.000000  2.550000

===========================================================================
report_clock_latency
============================================================================
Clock clk
rise -> rise
    min     max
0.000000 0.000000 source latency
1.681150         network latency _632_/CLK
        1.755436 network latency _636_/CLK
---------------
1.681150 1.755436 latency
        0.074286 skew

fall -> fall
    min     max
0.000000 0.000000 source latency
1.412262         network latency _632_/CLK
        1.470680 network latency _636_/CLK
---------------
1.412262 1.470680 latency
        0.058418 skew



===========================================================================
report_clock_min_period
============================================================================
clk period_min = 5.38 fmax = 185.94
