
===========================================================================
report_checks -unconstrained
===========================================================================
======================= nom_ss_100C_1v60 Corner ===================================

Startpoint: rst (input port clocked by clk)
Endpoint: _134_ (recovery check against rising-edge clock clk)
Path Group: asynchronous
Path Type: max

Fanout         Cap        Slew       Delay        Time   Description
---------------------------------------------------------------------------------------------
                                  0.000000    0.000000   clock clk (rise edge)
                                  0.000000    0.000000   clock network delay (propagated)
                                  2.550000    2.550000 v input external delay
     2    0.003754    0.022164    0.012230    2.562230 v rst (in)
                                                         rst (net)
                      0.022164    0.000000    2.562230 v input51/A (sky130_fd_sc_hd__clkbuf_1)
     3    0.019465    0.226325    0.274816    2.837046 v input51/X (sky130_fd_sc_hd__clkbuf_1)
                                                         net51 (net)
                      0.226330    0.001359    2.838405 v fanout87/A (sky130_fd_sc_hd__buf_4)
    17    0.084045    0.206427    0.454049    3.292454 v fanout87/X (sky130_fd_sc_hd__buf_4)
                                                         net87 (net)
                      0.206431    0.000825    3.293279 v fanout86/A (sky130_fd_sc_hd__buf_4)
    19    0.064633    0.163029    0.419235    3.712514 v fanout86/X (sky130_fd_sc_hd__buf_4)
                                                         net86 (net)
                      0.163030    0.000848    3.713362 v fanout85/A (sky130_fd_sc_hd__buf_4)
    10    0.054576    0.142939    0.383045    4.096407 v fanout85/X (sky130_fd_sc_hd__buf_4)
                                                         net85 (net)
                      0.142953    0.001501    4.097909 v _109_/A (sky130_fd_sc_hd__inv_2)
     1    0.005527    0.065012    0.111671    4.209579 ^ _109_/Y (sky130_fd_sc_hd__inv_2)
                                                         _039_ (net)
                      0.065012    0.000152    4.209732 ^ _134_/RESET_B (sky130_fd_sc_hd__dfrtp_4)
                                              4.209732   data arrival time

                                  5.100000    5.100000   clock clk (rise edge)
                                  0.000000    5.100000   clock source latency
     2    0.076816    0.554089    0.396370    5.496370 ^ clk (in)
                                                         clk (net)
                      0.555961    0.000000    5.496370 ^ clkbuf_0_clk/A (sky130_fd_sc_hd__clkbuf_16)
     9    0.121527    0.210572    0.541681    6.038051 ^ clkbuf_0_clk/X (sky130_fd_sc_hd__clkbuf_16)
                                                         clknet_0_clk (net)
                      0.211515    0.010397    6.048448 ^ clkbuf_2_1__f_clk/A (sky130_fd_sc_hd__clkbuf_16)
    19    0.061565    0.122882    0.337283    6.385731 ^ clkbuf_2_1__f_clk/X (sky130_fd_sc_hd__clkbuf_16)
                                                         clknet_2_1__leaf_clk (net)
                      0.123036    0.003915    6.389646 ^ _134_/CLK (sky130_fd_sc_hd__dfrtp_4)
                                 -0.005100    6.384546   clock uncertainty
                                  0.000000    6.384546   clock reconvergence pessimism
                                  0.463884    6.848431   library recovery time
                                              6.848431   data required time
---------------------------------------------------------------------------------------------
                                              6.848431   data required time
                                             -4.209732   data arrival time
---------------------------------------------------------------------------------------------
                                              2.638699   slack (MET)


Startpoint: mem_i1 (falling edge-triggered flip-flop clocked by clk)
Endpoint: _120_ (rising edge-triggered flip-flop clocked by clk)
Path Group: clk
Path Type: max

Fanout         Cap        Slew       Delay        Time   Description
---------------------------------------------------------------------------------------------
                                  2.550000    2.550000   clock clk (fall edge)
                                  0.000000    2.550000   clock source latency
     2    0.075878    0.327666    0.243841    2.793841 v clk (in)
                                                         clk (net)
                      0.330748    0.000000    2.793841 v clkbuf_0_clk/A (sky130_fd_sc_hd__clkbuf_16)
     9    0.117723    0.148248    0.466159    3.260000 v clkbuf_0_clk/X (sky130_fd_sc_hd__clkbuf_16)
                                                         clknet_0_clk (net)
                      0.150059    0.012596    3.272597 v clkbuf_2_0__f_clk/A (sky130_fd_sc_hd__clkbuf_16)
    21    0.101711    0.132308    0.366057    3.638654 v clkbuf_2_0__f_clk/X (sky130_fd_sc_hd__clkbuf_16)
                                                         clknet_2_0__leaf_clk (net)
                      0.178064    0.009678    3.648332 v mem_i1/clk1 (ram256x16)
     1    0.004318    0.003507    0.307565    3.955897 v mem_i1/dout1[8] (ram256x16)
                                                         sine_out_temp1[8] (net)
                      0.002630    0.000102    3.955999 v wire69/A (sky130_fd_sc_hd__clkbuf_2)
     3    0.140907    0.962362    0.786987    4.742986 v wire69/X (sky130_fd_sc_hd__clkbuf_2)
                                                         net69 (net)
                      0.967011    0.055156    4.798142 v _071_/A1 (sky130_fd_sc_hd__mux2_1)
     3    0.017174    0.234294    1.207278    6.005420 v _071_/X (sky130_fd_sc_hd__mux2_1)
                                                         _014_ (net)
                      0.234295    0.001157    6.006577 v _120_/D (sky130_fd_sc_hd__dfrtp_1)
                                              6.006577   data arrival time

                                  5.100000    5.100000   clock clk (rise edge)
                                  0.000000    5.100000   clock source latency
     2    0.076816    0.554089    0.396370    5.496370 ^ clk (in)
                                                         clk (net)
                      0.555961    0.000000    5.496370 ^ clkbuf_0_clk/A (sky130_fd_sc_hd__clkbuf_16)
     9    0.121527    0.210572    0.541681    6.038051 ^ clkbuf_0_clk/X (sky130_fd_sc_hd__clkbuf_16)
                                                         clknet_0_clk (net)
                      0.211515    0.010397    6.048448 ^ clkbuf_2_1__f_clk/A (sky130_fd_sc_hd__clkbuf_16)
    19    0.061565    0.122882    0.337283    6.385731 ^ clkbuf_2_1__f_clk/X (sky130_fd_sc_hd__clkbuf_16)
                                                         clknet_2_1__leaf_clk (net)
                      0.123159    0.005041    6.390772 ^ _120_/CLK (sky130_fd_sc_hd__dfrtp_1)
                                 -0.005100    6.385673   clock uncertainty
                                  0.000000    6.385673   clock reconvergence pessimism
                                 -0.330851    6.054821   library setup time
                                              6.054821   data required time
---------------------------------------------------------------------------------------------
                                              6.054821   data required time
                                             -6.006577   data arrival time
---------------------------------------------------------------------------------------------
                                              0.048244   slack (MET)




===========================================================================
report_checks --slack_max -0.01
============================================================================
======================= nom_ss_100C_1v60 Corner ===================================

No paths found.


===========================================================================
 report_check_types -max_slew -max_cap -max_fanout -violators
============================================================================
======================= nom_ss_100C_1v60 Corner ===================================

max slew

Pin                                        Limit        Slew       Slack
------------------------------------------------------------------------
ANTENNA__071__A1/DIODE                  0.500000    1.176103   -0.676103 (VIOLATED)
_071_/A1                                0.500000    1.176103   -0.676103 (VIOLATED)
ANTENNA_wire69_X/DIODE                  0.500000    1.172242   -0.672242 (VIOLATED)
wire69/X                                0.500000    1.172239   -0.672239 (VIOLATED)
ANTENNA__074__A1/DIODE                  0.500000    1.097562   -0.597562 (VIOLATED)
_074_/A1                                0.500000    1.097562   -0.597562 (VIOLATED)
ANTENNA_wire81_X/DIODE                  0.500000    1.094358   -0.594358 (VIOLATED)
wire81/X                                0.500000    1.094356   -0.594356 (VIOLATED)
ANTENNA__070__A1/DIODE                  0.500000    1.067830   -0.567830 (VIOLATED)
_070_/A1                                0.500000    1.067830   -0.567830 (VIOLATED)
ANTENNA_wire70_X/DIODE                  0.500000    1.064730   -0.564730 (VIOLATED)
wire70/X                                0.500000    1.064728   -0.564728 (VIOLATED)
ANTENNA__073__A1/DIODE                  0.500000    1.057485   -0.557485 (VIOLATED)
_073_/A1                                0.500000    1.057486   -0.557486 (VIOLATED)
ANTENNA_wire82_X/DIODE                  0.500000    1.053981   -0.553981 (VIOLATED)
wire82/X                                0.500000    1.053979   -0.553979 (VIOLATED)
ANTENNA__066__A1/DIODE                  0.500000    1.041668   -0.541668 (VIOLATED)
_066_/A1                                0.500000    1.041668   -0.541668 (VIOLATED)
ANTENNA__067__A1/DIODE                  0.500000    1.039965   -0.539965 (VIOLATED)
_067_/A1                                0.500000    1.039965   -0.539965 (VIOLATED)
ANTENNA_wire74_X/DIODE                  0.500000    1.038855   -0.538855 (VIOLATED)
wire74/X                                0.500000    1.038853   -0.538853 (VIOLATED)
ANTENNA__072__A1/DIODE                  0.500000    1.038651   -0.538651 (VIOLATED)
_072_/A1                                0.500000    1.038651   -0.538651 (VIOLATED)
ANTENNA_wire73_X/DIODE                  0.500000    1.037281   -0.537280 (VIOLATED)
wire73/X                                0.500000    1.037279   -0.537279 (VIOLATED)
ANTENNA_wire68_X/DIODE                  0.500000    1.035633   -0.535633 (VIOLATED)
wire68/X                                0.500000    1.035631   -0.535631 (VIOLATED)
ANTENNA__075__A1/DIODE                  0.500000    1.006435   -0.506435 (VIOLATED)
_075_/A1                                0.500000    1.006435   -0.506435 (VIOLATED)
ANTENNA_wire80_X/DIODE                  0.500000    1.003789   -0.503789 (VIOLATED)
wire80/X                                0.500000    1.003787   -0.503787 (VIOLATED)
ANTENNA__076__A1/DIODE                  0.500000    0.993500   -0.493500 (VIOLATED)
_076_/A1                                0.500000    0.993498   -0.493498 (VIOLATED)
ANTENNA_wire79_X/DIODE                  0.500000    0.990984   -0.490984 (VIOLATED)
wire79/X                                0.500000    0.990982   -0.490982 (VIOLATED)
ANTENNA__068__A1/DIODE                  0.500000    0.842749   -0.342749 (VIOLATED)
_068_/A1                                0.500000    0.842749   -0.342749 (VIOLATED)
_077_/A1                                0.500000    0.842540   -0.342540 (VIOLATED)
ANTENNA__077__A1/DIODE                  0.500000    0.842539   -0.342539 (VIOLATED)
ANTENNA_wire78_X/DIODE                  0.500000    0.840731   -0.340731 (VIOLATED)
wire78/X                                0.500000    0.840729   -0.340729 (VIOLATED)
ANTENNA_wire72_X/DIODE                  0.500000    0.840612   -0.340611 (VIOLATED)
wire72/X                                0.500000    0.840610   -0.340610 (VIOLATED)
ANTENNA__069__A1/DIODE                  0.500000    0.834628   -0.334628 (VIOLATED)
_069_/A1                                0.500000    0.834628   -0.334628 (VIOLATED)
ANTENNA_wire71_X/DIODE                  0.500000    0.831233   -0.331233 (VIOLATED)
wire71/X                                0.500000    0.831231   -0.331231 (VIOLATED)
ANTENNA__078__A1/DIODE                  0.500000    0.824229   -0.324229 (VIOLATED)
_078_/A1                                0.500000    0.824229   -0.324229 (VIOLATED)
ANTENNA_wire77_X/DIODE                  0.500000    0.822126   -0.322126 (VIOLATED)
wire77/X                                0.500000    0.822124   -0.322124 (VIOLATED)
ANTENNA__064__A1/DIODE                  0.500000    0.801922   -0.301922 (VIOLATED)
_064_/A1                                0.500000    0.801922   -0.301922 (VIOLATED)
mem_i1/addr1[0]                         0.500000    0.801257   -0.301257 (VIOLATED)
ANTENNA_wire76_X/DIODE                  0.500000    0.800032   -0.300032 (VIOLATED)
wire76/X                                0.500000    0.800031   -0.300031 (VIOLATED)
mem_i0/addr1[0]                         0.500000    0.797518   -0.297518 (VIOLATED)
mem_i1/addr0[1]                         0.500000    0.782083   -0.282083 (VIOLATED)
mem_i1/addr1[1]                         0.500000    0.751549   -0.251549 (VIOLATED)
mem_i0/addr1[1]                         0.500000    0.747482   -0.247482 (VIOLATED)
ANTENNA__065__A1/DIODE                  0.500000    0.740665   -0.240665 (VIOLATED)
_065_/A1                                0.500000    0.740665   -0.240665 (VIOLATED)
ANTENNA_wire75_X/DIODE                  0.500000    0.739364   -0.239364 (VIOLATED)
wire75/X                                0.500000    0.739363   -0.239363 (VIOLATED)
mem_i0/addr1[5]                         0.500000    0.654255   -0.154255 (VIOLATED)
mem_i1/addr1[5]                         0.500000    0.652196   -0.152196 (VIOLATED)
mem_i0/addr1[7]                         0.500000    0.625514   -0.125514 (VIOLATED)
mem_i1/addr1[7]                         0.500000    0.623117   -0.123117 (VIOLATED)
mem_i0/addr1[6]                         0.500000    0.605240   -0.105240 (VIOLATED)
mem_i1/addr1[6]                         0.500000    0.602765   -0.102765 (VIOLATED)
ANTENNA_mem_i1_addr1[0]/DIODE           0.500000    0.600937   -0.100937 (VIOLATED)
ANTENNA_mem_i0_addr1[0]/DIODE           0.500000    0.598135   -0.098135 (VIOLATED)
ANTENNA__083__A/DIODE                   0.500000    0.598098   -0.098098 (VIOLATED)
_083_/A                                 0.500000    0.598091   -0.098091 (VIOLATED)
_080_/A                                 0.500000    0.598037   -0.098037 (VIOLATED)
ANTENNA__080__A/DIODE                   0.500000    0.598000   -0.098000 (VIOLATED)
_081_/A1                                0.500000    0.597967   -0.097967 (VIOLATED)
ANTENNA__081__A1/DIODE                  0.500000    0.597960   -0.097960 (VIOLATED)
ANTENNA__079__A/DIODE                   0.500000    0.597857   -0.097857 (VIOLATED)
_079_/A                                 0.500000    0.597853   -0.097853 (VIOLATED)
_061_/A                                 0.500000    0.597824   -0.097824 (VIOLATED)
ANTENNA__061__A/DIODE                   0.500000    0.597820   -0.097820 (VIOLATED)
ANTENNA__128__Q/DIODE                   0.500000    0.597820   -0.097820 (VIOLATED)
_128_/Q                                 0.500000    0.597805   -0.097805 (VIOLATED)
ANTENNA_mem_i1_addr0[1]/DIODE           0.500000    0.586562   -0.086562 (VIOLATED)
ANTENNA_input10_X/DIODE                 0.500000    0.586553   -0.086553 (VIOLATED)
input10/X                               0.500000    0.586553   -0.086553 (VIOLATED)
mem_i1/din0[12]                         0.500000    0.578500   -0.078500 (VIOLATED)
mem_i0/addr1[2]                         0.500000    0.567600   -0.067600 (VIOLATED)
mem_i1/addr1[2]                         0.500000    0.567358   -0.067358 (VIOLATED)
mem_i0/addr1[4]                         0.500000    0.564224   -0.064224 (VIOLATED)
mem_i1/addr1[4]                         0.500000    0.564103   -0.064103 (VIOLATED)
ANTENNA_mem_i1_addr1[1]/DIODE           0.500000    0.563655   -0.063655 (VIOLATED)
mem_i1/din0[9]                          0.500000    0.563232   -0.063232 (VIOLATED)
_083_/B                                 0.500000    0.560789   -0.060789 (VIOLATED)
ANTENNA__083__B/DIODE                   0.500000    0.560788   -0.060788 (VIOLATED)
_080_/B                                 0.500000    0.560738   -0.060738 (VIOLATED)
ANTENNA__080__B/DIODE                   0.500000    0.560729   -0.060729 (VIOLATED)
_081_/A2                                0.500000    0.560692   -0.060692 (VIOLATED)
ANTENNA__081__A2/DIODE                  0.500000    0.560685   -0.060685 (VIOLATED)
_079_/B                                 0.500000    0.560615   -0.060615 (VIOLATED)
ANTENNA_mem_i0_addr1[1]/DIODE           0.500000    0.560611   -0.060611 (VIOLATED)
ANTENNA__129__Q/DIODE                   0.500000    0.560610   -0.060610 (VIOLATED)
ANTENNA__079__B/DIODE                   0.500000    0.560608   -0.060608 (VIOLATED)
_129_/Q                                 0.500000    0.560580   -0.060580 (VIOLATED)
mem_i1/din0[8]                          0.500000    0.556324   -0.056324 (VIOLATED)
clkbuf_0_clk/A                          0.500000    0.555961   -0.055961 (VIOLATED)
ANTENNA_clkbuf_0_clk_A/DIODE            0.500000    0.555951   -0.055951 (VIOLATED)
clk                                     0.500000    0.554089   -0.054089 (VIOLATED)
mem_i1/din0[11]                         0.500000    0.545608   -0.045608 (VIOLATED)
mem_i1/din0[4]                          0.500000    0.541392   -0.041392 (VIOLATED)
mem_i0/csb0                             0.500000    0.525920   -0.025920 (VIOLATED)
mem_i1/din0[15]                         0.500000    0.504100   -0.004100 (VIOLATED)
mem_i1/din0[13]                         0.500000    0.501139   -0.001139 (VIOLATED)

max fanout

Pin                                   Limit Fanout  Slack
---------------------------------------------------------
clkbuf_2_0__f_clk/X                      10     21    -11 (VIOLATED)
fanout83/X                               10     21    -11 (VIOLATED)
clkbuf_2_1__f_clk/X                      10     19     -9 (VIOLATED)
fanout86/X                               10     19     -9 (VIOLATED)
fanout84/X                               10     17     -7 (VIOLATED)
fanout87/X                               10     17     -7 (VIOLATED)
_128_/Q                                  10     15     -5 (VIOLATED)
_132_/Q                                  10     15     -5 (VIOLATED)
clkbuf_2_3__f_clk/X                      10     15     -5 (VIOLATED)
_129_/Q                                  10     13     -3 (VIOLATED)
_133_/Q                                  10     13     -3 (VIOLATED)
clkbuf_2_2__f_clk/X                      10     13     -3 (VIOLATED)
_130_/Q                                  10     11        (VIOLATED)
_134_/Q                                  10     11        (VIOLATED)

max capacitance

Pin                                        Limit         Cap       Slack
------------------------------------------------------------------------
mem_i1/dout1[0]                         0.027560    0.079406   -0.051846 (VIOLATED)



===========================================================================
report_parasitic_annotation -report_unannotated
============================================================================
Found 5 unannotated drivers.
 clkload0/X
 clkload1/X
 clkload2/Y
 mem_i0_88/HI
 mem_i1_89/HI
Found 0 partially unannotated drivers.

===========================================================================
max slew violation count 115
max fanout violation count 14
max cap violation count 1
============================================================================

===========================================================================
check_setup -verbose -unconstrained_endpoints -multiple_clock -no_clock -no_input_delay -loops -generated_clocks
===========================================================================
Warning: There are 2 unconstrained endpoints.
  mem_i0/csb1
  mem_i1/csb1
