Clock: clk
Sources: clk 
Generated: no
Virtual: yes
Propagated: no
Period: 5.100000

===========================================================================
report_clock_properties
============================================================================
Clock                   Period          Waveform
----------------------------------------------------
clk                   5.100000    0.000000  2.550000

===========================================================================
report_clock_latency
============================================================================
Clock clk
rise -> rise
    min     max
0.000000 0.000000 source latency
1.605918         network latency _632_/CLK
        1.672053 network latency _636_/CLK
---------------
1.605918 1.672053 latency
        0.066136 skew

fall -> fall
    min     max
0.000000 0.000000 source latency
1.356622         network latency _632_/CLK
        1.408952 network latency _636_/CLK
---------------
1.356622 1.408952 latency
        0.052331 skew



===========================================================================
report_clock_min_period
============================================================================
clk period_min = 5.33 fmax = 187.60
