Reading OpenROAD database at '/home/thanh/NCO/runs/RUN_2025-03-05_07-23-55/42-openroad-repairantennas/1-diodeinsertion/counter.odb'…
Reading library file at '/home/thanh/.volare/volare/sky130/versions/0fe599b2afb6708d281543108caf8310912f54af/sky130A/libs.ref/sky130_fd_sc_hd/lib/sky130_fd_sc_hd__tt_025C_1v80.lib'…
Reading library file at '/home/thanh/NCO/ram256x16/ram256x16_TT_1p8V_25C.lib'…
Reading macro library file at '/home/thanh/NCO/ram256x16/ram256x16_TT_1p8V_25C.lib'…
[WARNING STA-1140] /home/thanh/NCO/ram256x16/ram256x16_TT_1p8V_25C.lib line 1, library ram256x16_TT_1p8V_25C_lib already exists.
Reading design constraints file at '/home/thanh/NCO/counter.sdc'…
[WARNING STA-0366] port 'addr0[0]' not found.
[WARNING STA-0366] port 'addr0[1]' not found.
[WARNING STA-0366] port 'addr0[2]' not found.
[WARNING STA-0366] port 'addr0[3]' not found.
[WARNING STA-0366] port 'addr0[4]' not found.
[WARNING STA-0366] port 'addr0[5]' not found.
[WARNING STA-0366] port 'addr0[6]' not found.
[WARNING STA-0366] port 'addr0[7]' not found.
[WARNING STA-0366] port 'csb0' not found.
[WARNING STA-0366] port 'din0[0]' not found.
[WARNING STA-0366] port 'din0[10]' not found.
[WARNING STA-0366] port 'din0[11]' not found.
[WARNING STA-0366] port 'din0[12]' not found.
[WARNING STA-0366] port 'din0[13]' not found.
[WARNING STA-0366] port 'din0[14]' not found.
[WARNING STA-0366] port 'din0[15]' not found.
[WARNING STA-0366] port 'din0[1]' not found.
[WARNING STA-0366] port 'din0[2]' not found.
[WARNING STA-0366] port 'din0[3]' not found.
[WARNING STA-0366] port 'din0[4]' not found.
[WARNING STA-0366] port 'din0[5]' not found.
[WARNING STA-0366] port 'din0[6]' not found.
[WARNING STA-0366] port 'din0[7]' not found.
[WARNING STA-0366] port 'din0[8]' not found.
[WARNING STA-0366] port 'din0[9]' not found.
[WARNING STA-0366] port 'csb0' not found.
[WARNING STA-0366] port 'addr0[7]' not found.
[WARNING STA-0366] port 'addr0[6]' not found.
[WARNING STA-0366] port 'addr0[5]' not found.
[WARNING STA-0366] port 'addr0[4]' not found.
[WARNING STA-0366] port 'addr0[3]' not found.
[WARNING STA-0366] port 'addr0[2]' not found.
[WARNING STA-0366] port 'addr0[1]' not found.
[WARNING STA-0366] port 'addr0[0]' not found.
[WARNING STA-0366] port 'din0[15]' not found.
[WARNING STA-0366] port 'din0[14]' not found.
[WARNING STA-0366] port 'din0[13]' not found.
[WARNING STA-0366] port 'din0[12]' not found.
[WARNING STA-0366] port 'din0[11]' not found.
[WARNING STA-0366] port 'din0[10]' not found.
[WARNING STA-0366] port 'din0[9]' not found.
[WARNING STA-0366] port 'din0[8]' not found.
[WARNING STA-0366] port 'din0[7]' not found.
[WARNING STA-0366] port 'din0[6]' not found.
[WARNING STA-0366] port 'din0[5]' not found.
[WARNING STA-0366] port 'din0[4]' not found.
[WARNING STA-0366] port 'din0[3]' not found.
[WARNING STA-0366] port 'din0[2]' not found.
[WARNING STA-0366] port 'din0[1]' not found.
[WARNING STA-0366] port 'din0[0]' not found.
[INFO ORD-0030] Using 12 thread(s).
[INFO DRT-0149] Reading tech and libs.
[WARNING DRT-0349] LEF58_ENCLOSURE with no CUTCLASS is not supported. Skipping for layer mcon
[WARNING DRT-0349] LEF58_ENCLOSURE with no CUTCLASS is not supported. Skipping for layer mcon
[WARNING DRT-0349] LEF58_ENCLOSURE with no CUTCLASS is not supported. Skipping for layer via
[WARNING DRT-0349] LEF58_ENCLOSURE with no CUTCLASS is not supported. Skipping for layer via
[WARNING DRT-0349] LEF58_ENCLOSURE with no CUTCLASS is not supported. Skipping for layer via2
[WARNING DRT-0349] LEF58_ENCLOSURE with no CUTCLASS is not supported. Skipping for layer via2
[WARNING DRT-0349] LEF58_ENCLOSURE with no CUTCLASS is not supported. Skipping for layer via3
[WARNING DRT-0349] LEF58_ENCLOSURE with no CUTCLASS is not supported. Skipping for layer via3
[WARNING DRT-0349] LEF58_ENCLOSURE with no CUTCLASS is not supported. Skipping for layer via4
[WARNING DRT-0349] LEF58_ENCLOSURE with no CUTCLASS is not supported. Skipping for layer via4

Units:                1000
Number of layers:     13
Number of macros:     442
Number of vias:       30
Number of viarulegen: 25

[INFO DRT-0150] Reading design.

Design:                   counter
Die area:                 ( 0 0 ) ( 550000 750000 )
Number of track patterns: 12
Number of DEF vias:       0
Number of components:     3030
Number of terminals:      70
Number of snets:          2
Number of nets:           262

[WARNING DRT-0418] Term mem_i0/addr0[3] has no pins on routing grid
[WARNING DRT-0418] Term mem_i0/addr0[4] has no pins on routing grid
[WARNING DRT-0418] Term mem_i0/addr0[7] has no pins on routing grid
[WARNING DRT-0418] Term mem_i0/clk1 has no pins on routing grid
[WARNING DRT-0418] Term mem_i0/dout1[0] has no pins on routing grid
[WARNING DRT-0418] Term mem_i0/dout1[1] has no pins on routing grid
[WARNING DRT-0418] Term mem_i0/dout1[3] has no pins on routing grid
[WARNING DRT-0418] Term mem_i0/dout1[5] has no pins on routing grid
[WARNING DRT-0418] Term mem_i0/dout1[7] has no pins on routing grid
[WARNING DRT-0418] Term mem_i0/dout1[8] has no pins on routing grid
[WARNING DRT-0418] Term mem_i0/dout1[10] has no pins on routing grid
[WARNING DRT-0418] Term mem_i0/dout1[12] has no pins on routing grid
[WARNING DRT-0418] Term mem_i0/dout1[14] has no pins on routing grid
[WARNING DRT-0418] Term mem_i0/dout1[15] has no pins on routing grid
[WARNING DRT-0418] Term mem_i1/din0[0] has no pins on routing grid
[WARNING DRT-0418] Term mem_i1/din0[2] has no pins on routing grid
[WARNING DRT-0418] Term mem_i1/din0[5] has no pins on routing grid
[WARNING DRT-0418] Term mem_i1/din0[8] has no pins on routing grid
[WARNING DRT-0418] Term mem_i1/din0[10] has no pins on routing grid
[WARNING DRT-0418] Term mem_i1/din0[11] has no pins on routing grid
[WARNING DRT-0418] Term mem_i1/din0[13] has no pins on routing grid
[WARNING DRT-0418] Term mem_i1/din0[14] has no pins on routing grid
[WARNING DRT-0418] Term mem_i1/addr0[1] has no pins on routing grid
[WARNING DRT-0418] Term mem_i1/addr0[2] has no pins on routing grid
[WARNING DRT-0418] Term mem_i1/addr0[5] has no pins on routing grid
[WARNING DRT-0418] Term mem_i1/addr0[7] has no pins on routing grid
[WARNING DRT-0418] Term mem_i1/addr1[5] has no pins on routing grid
[WARNING DRT-0418] Term mem_i1/addr1[6] has no pins on routing grid
[WARNING DRT-0418] Term mem_i1/addr1[7] has no pins on routing grid
[INFO DRT-0167] List of default vias:
  Layer via
    default via: M1M2_PR
  Layer via2
    default via: M2M3_PR
  Layer via3
    default via: M3M4_PR
  Layer via4
    default via: M4M5_PR
[INFO DRT-0162] Library cell analysis.
[INFO DRT-0163] Instance analysis.
[INFO DRT-0164] Number of unique instances = 61.
[INFO DRT-0168] Init region query.
[INFO DRT-0024]   Complete FR_MASTERSLICE.
[INFO DRT-0024]   Complete licon.
[INFO DRT-0024]   Complete li1.
[INFO DRT-0024]   Complete mcon.
[INFO DRT-0024]   Complete met1.
[INFO DRT-0024]   Complete via.
[INFO DRT-0024]   Complete met2.
[INFO DRT-0024]   Complete via2.
[INFO DRT-0024]   Complete met3.
[INFO DRT-0024]   Complete via3.
[INFO DRT-0024]   Complete met4.
[INFO DRT-0024]   Complete via4.
[INFO DRT-0024]   Complete met5.
[INFO DRT-0033] FR_MASTERSLICE shape region query size = 0.
[INFO DRT-0033] licon shape region query size = 0.
[INFO DRT-0033] li1 shape region query size = 18205.
[INFO DRT-0033] mcon shape region query size = 0.
[INFO DRT-0033] met1 shape region query size = 7544.
[INFO DRT-0033] via shape region query size = 3280.
[INFO DRT-0033] met2 shape region query size = 1982.
[INFO DRT-0033] via2 shape region query size = 2624.
[INFO DRT-0033] met3 shape region query size = 2104.
[INFO DRT-0033] via3 shape region query size = 2624.
[INFO DRT-0033] met4 shape region query size = 952.
[INFO DRT-0033] via4 shape region query size = 48.
[INFO DRT-0033] met5 shape region query size = 72.
[INFO DRT-0165] Start pin access.
[INFO DRT-0078]   Complete 247 pins.
[INFO DRT-0081]   Complete 53 unique inst patterns.
[INFO DRT-0084]   Complete 243 groups.
#scanned instances     = 3030
#unique  instances     = 61
#stdCellGenAp          = 1323
#stdCellValidPlanarAp  = 32
#stdCellValidViaAp     = 869
#stdCellPinNoAp        = 0
#stdCellPinCnt         = 467
#instTermValidViaApCnt = 0
#macroGenAp            = 230
#macroValidPlanarAp    = 198
#macroValidViaAp       = 0
#macroNoAp             = 0
[INFO DRT-0166] Complete pin access.
[INFO DRT-0267] cpu time = 00:00:10, elapsed time = 00:00:01, memory = 148.12 (MB), peak = 148.12 (MB)

[INFO DRT-0157] Number of guides:     2244

[INFO DRT-0169] Post process guides.
[INFO DRT-0176] GCELLGRID X 0 DO 79 STEP 6900 ;
[INFO DRT-0177] GCELLGRID Y 0 DO 108 STEP 6900 ;
[INFO DRT-0028]   Complete FR_MASTERSLICE.
[INFO DRT-0028]   Complete licon.
[INFO DRT-0028]   Complete li1.
[INFO DRT-0028]   Complete mcon.
[INFO DRT-0028]   Complete met1.
[INFO DRT-0028]   Complete via.
[INFO DRT-0028]   Complete met2.
[INFO DRT-0028]   Complete via2.
[INFO DRT-0028]   Complete met3.
[INFO DRT-0028]   Complete via3.
[INFO DRT-0028]   Complete met4.
[INFO DRT-0028]   Complete via4.
[INFO DRT-0028]   Complete met5.
[INFO DRT-0178] Init guide query.
[INFO DRT-0035]   Complete FR_MASTERSLICE (guide).
[INFO DRT-0035]   Complete licon (guide).
[INFO DRT-0035]   Complete li1 (guide).
[INFO DRT-0035]   Complete mcon (guide).
[INFO DRT-0035]   Complete met1 (guide).
[INFO DRT-0035]   Complete via (guide).
[INFO DRT-0035]   Complete met2 (guide).
[INFO DRT-0035]   Complete via2 (guide).
[INFO DRT-0035]   Complete met3 (guide).
[INFO DRT-0035]   Complete via3 (guide).
[INFO DRT-0035]   Complete met4 (guide).
[INFO DRT-0035]   Complete via4 (guide).
[INFO DRT-0035]   Complete met5 (guide).
[INFO DRT-0036] FR_MASTERSLICE guide region query size = 0.
[INFO DRT-0036] licon guide region query size = 0.
[INFO DRT-0036] li1 guide region query size = 546.
[INFO DRT-0036] mcon guide region query size = 0.
[INFO DRT-0036] met1 guide region query size = 545.
[INFO DRT-0036] via guide region query size = 0.
[INFO DRT-0036] met2 guide region query size = 344.
[INFO DRT-0036] via2 guide region query size = 0.
[INFO DRT-0036] met3 guide region query size = 173.
[INFO DRT-0036] via3 guide region query size = 0.
[INFO DRT-0036] met4 guide region query size = 82.
[INFO DRT-0036] via4 guide region query size = 0.
[INFO DRT-0036] met5 guide region query size = 0.
[INFO DRT-0179] Init gr pin query.
[INFO DRT-0245] skipped writing guide updates to database.
[INFO DRT-0185] Post process initialize RPin region query.
[INFO DRT-0181] Start track assignment.
[INFO DRT-0184] Done with 972 vertical wires in 2 frboxes and 718 horizontal wires in 3 frboxes.
[INFO DRT-0186] Done with 33 vertical wires in 2 frboxes and 125 horizontal wires in 3 frboxes.
[INFO DRT-0182] Complete track assignment.
[INFO DRT-0267] cpu time = 00:00:02, elapsed time = 00:00:00, memory = 165.07 (MB), peak = 169.40 (MB)
[INFO DRT-0187] Start routing data preparation.
[INFO DRT-0267] cpu time = 00:00:00, elapsed time = 00:00:00, memory = 165.07 (MB), peak = 169.40 (MB)
[INFO DRT-0194] Start detail routing.
[INFO DRT-0195] Start 0th optimization iteration.
    Completing 10% with 0 violations.
    elapsed time = 00:00:00, memory = 220.74 (MB).
    Completing 20% with 0 violations.
    elapsed time = 00:00:00, memory = 225.89 (MB).
    Completing 30% with 10 violations.
    elapsed time = 00:00:00, memory = 218.70 (MB).
    Completing 40% with 10 violations.
    elapsed time = 00:00:00, memory = 251.55 (MB).
    Completing 50% with 10 violations.
    elapsed time = 00:00:00, memory = 246.59 (MB).
    Completing 60% with 25 violations.
    elapsed time = 00:00:00, memory = 260.37 (MB).
    Completing 70% with 25 violations.
    elapsed time = 00:00:00, memory = 263.21 (MB).
    Completing 80% with 35 violations.
    elapsed time = 00:00:00, memory = 263.46 (MB).
    Completing 90% with 35 violations.
    elapsed time = 00:00:00, memory = 270.29 (MB).
    Completing 100% with 41 violations.
    elapsed time = 00:00:00, memory = 264.37 (MB).
[INFO DRT-0199]   Number of violations = 42.
Viol/Layer         li1   met1   met2   met3   met4
Metal Spacing        1      5      2      7      1
Recheck              0      1      0      0      0
Short                0     21      0      0      4
[INFO DRT-0267] cpu time = 00:00:12, elapsed time = 00:00:01, memory = 614.20 (MB), peak = 614.20 (MB)
Total wire length = 31125 um.
Total wire length on LAYER li1 = 0 um.
Total wire length on LAYER met1 = 14925 um.
Total wire length on LAYER met2 = 12622 um.
Total wire length on LAYER met3 = 2975 um.
Total wire length on LAYER met4 = 602 um.
Total wire length on LAYER met5 = 0 um.
Total number of vias = 1855.
Up-via summary (total 1855):

-----------------------
 FR_MASTERSLICE       0
            li1     797
           met1     778
           met2     194
           met3      86
           met4       0
-----------------------
                   1855


[INFO DRT-0195] Start 1st optimization iteration.
    Completing 10% with 42 violations.
    elapsed time = 00:00:00, memory = 619.29 (MB).
    Completing 20% with 42 violations.
    elapsed time = 00:00:00, memory = 621.09 (MB).
    Completing 30% with 36 violations.
    elapsed time = 00:00:00, memory = 621.35 (MB).
    Completing 40% with 36 violations.
    elapsed time = 00:00:00, memory = 621.35 (MB).
    Completing 50% with 36 violations.
    elapsed time = 00:00:00, memory = 621.35 (MB).
    Completing 60% with 32 violations.
    elapsed time = 00:00:00, memory = 635.01 (MB).
    Completing 70% with 32 violations.
    elapsed time = 00:00:00, memory = 635.01 (MB).
    Completing 80% with 13 violations.
    elapsed time = 00:00:00, memory = 627.84 (MB).
    Completing 90% with 13 violations.
    elapsed time = 00:00:00, memory = 630.68 (MB).
    Completing 100% with 9 violations.
    elapsed time = 00:00:01, memory = 631.71 (MB).
[INFO DRT-0199]   Number of violations = 9.
Viol/Layer        met1
Short                9
[INFO DRT-0267] cpu time = 00:00:12, elapsed time = 00:00:01, memory = 634.78 (MB), peak = 635.01 (MB)
Total wire length = 31063 um.
Total wire length on LAYER li1 = 0 um.
Total wire length on LAYER met1 = 14932 um.
Total wire length on LAYER met2 = 12651 um.
Total wire length on LAYER met3 = 2933 um.
Total wire length on LAYER met4 = 546 um.
Total wire length on LAYER met5 = 0 um.
Total number of vias = 1858.
Up-via summary (total 1858):

-----------------------
 FR_MASTERSLICE       0
            li1     797
           met1     783
           met2     193
           met3      85
           met4       0
-----------------------
                   1858


[INFO DRT-0195] Start 2nd optimization iteration.
    Completing 10% with 9 violations.
    elapsed time = 00:00:00, memory = 634.78 (MB).
    Completing 20% with 9 violations.
    elapsed time = 00:00:00, memory = 634.78 (MB).
    Completing 30% with 6 violations.
    elapsed time = 00:00:00, memory = 635.55 (MB).
    Completing 40% with 6 violations.
    elapsed time = 00:00:00, memory = 635.55 (MB).
    Completing 50% with 6 violations.
    elapsed time = 00:00:00, memory = 635.55 (MB).
    Completing 60% with 6 violations.
    elapsed time = 00:00:00, memory = 635.55 (MB).
    Completing 70% with 6 violations.
    elapsed time = 00:00:00, memory = 635.55 (MB).
    Completing 80% with 6 violations.
    elapsed time = 00:00:00, memory = 636.58 (MB).
    Completing 90% with 6 violations.
    elapsed time = 00:00:00, memory = 636.58 (MB).
    Completing 100% with 4 violations.
    elapsed time = 00:00:00, memory = 636.58 (MB).
[INFO DRT-0199]   Number of violations = 4.
Viol/Layer        met1   met2
Metal Spacing        2      1
Short                1      0
[INFO DRT-0267] cpu time = 00:00:06, elapsed time = 00:00:00, memory = 636.58 (MB), peak = 636.58 (MB)
Total wire length = 31067 um.
Total wire length on LAYER li1 = 0 um.
Total wire length on LAYER met1 = 14936 um.
Total wire length on LAYER met2 = 12656 um.
Total wire length on LAYER met3 = 2930 um.
Total wire length on LAYER met4 = 543 um.
Total wire length on LAYER met5 = 0 um.
Total number of vias = 1859.
Up-via summary (total 1859):

-----------------------
 FR_MASTERSLICE       0
            li1     797
           met1     789
           met2     191
           met3      82
           met4       0
-----------------------
                   1859


[INFO DRT-0195] Start 3rd optimization iteration.
    Completing 10% with 4 violations.
    elapsed time = 00:00:00, memory = 636.58 (MB).
    Completing 20% with 4 violations.
    elapsed time = 00:00:00, memory = 636.58 (MB).
    Completing 30% with 3 violations.
    elapsed time = 00:00:00, memory = 636.58 (MB).
    Completing 40% with 3 violations.
    elapsed time = 00:00:00, memory = 636.58 (MB).
    Completing 50% with 3 violations.
    elapsed time = 00:00:00, memory = 636.58 (MB).
    Completing 60% with 3 violations.
    elapsed time = 00:00:00, memory = 636.58 (MB).
    Completing 70% with 3 violations.
    elapsed time = 00:00:00, memory = 636.58 (MB).
    Completing 80% with 2 violations.
    elapsed time = 00:00:00, memory = 637.87 (MB).
    Completing 90% with 2 violations.
    elapsed time = 00:00:00, memory = 637.87 (MB).
    Completing 100% with 0 violations.
    elapsed time = 00:00:00, memory = 637.87 (MB).
[INFO DRT-0199]   Number of violations = 0.
[INFO DRT-0267] cpu time = 00:00:03, elapsed time = 00:00:00, memory = 637.87 (MB), peak = 637.87 (MB)
Total wire length = 31060 um.
Total wire length on LAYER li1 = 0 um.
Total wire length on LAYER met1 = 14928 um.
Total wire length on LAYER met2 = 12657 um.
Total wire length on LAYER met3 = 2930 um.
Total wire length on LAYER met4 = 543 um.
Total wire length on LAYER met5 = 0 um.
Total number of vias = 1865.
Up-via summary (total 1865):

-----------------------
 FR_MASTERSLICE       0
            li1     797
           met1     795
           met2     191
           met3      82
           met4       0
-----------------------
                   1865


[INFO DRT-0198] Complete detail routing.
Total wire length = 31060 um.
Total wire length on LAYER li1 = 0 um.
Total wire length on LAYER met1 = 14928 um.
Total wire length on LAYER met2 = 12657 um.
Total wire length on LAYER met3 = 2930 um.
Total wire length on LAYER met4 = 543 um.
Total wire length on LAYER met5 = 0 um.
Total number of vias = 1865.
Up-via summary (total 1865):

-----------------------
 FR_MASTERSLICE       0
            li1     797
           met1     795
           met2     191
           met3      82
           met4       0
-----------------------
                   1865


[INFO DRT-0267] cpu time = 00:00:35, elapsed time = 00:00:03, memory = 637.87 (MB), peak = 637.87 (MB)

[INFO DRT-0180] Post processing.
Setting global connections for newly added cells…
[INFO] Setting global connections...
mem_i.* matched with mem_i1_89
mem_i.* matched with mem_i0
mem_i.* matched with mem_i1
mem_i.* matched with mem_i0_88
Updating metrics…
Cell type report:                       Count       Area
  Macro                                     2  247030.69
  Fill cell                               962    3610.96
  Tap cell                               1530    1914.34
  Antenna cell                            355     888.35
  Clock buffer                              7     140.13
  Timing Repair Buffer                     87     437.92
  Inverter                                 26      97.59
  Clock inverter                            1       8.76
  Sequential cell                          25     655.63
  Multi-Input combinational cell           35     302.79
  Total                                  3030  255087.16
Writing OpenROAD database to '/home/thanh/NCO/runs/RUN_2025-03-05_07-23-55/44-openroad-detailedrouting/counter.odb'…
Writing netlist to '/home/thanh/NCO/runs/RUN_2025-03-05_07-23-55/44-openroad-detailedrouting/counter.nl.v'…
Writing powered netlist to '/home/thanh/NCO/runs/RUN_2025-03-05_07-23-55/44-openroad-detailedrouting/counter.pnl.v'…
Writing layout to '/home/thanh/NCO/runs/RUN_2025-03-05_07-23-55/44-openroad-detailedrouting/counter.def'…
Writing timing constraints to '/home/thanh/NCO/runs/RUN_2025-03-05_07-23-55/44-openroad-detailedrouting/counter.sdc'…
