Reading timing models for corner nom_tt_025C_1v80…
Reading timing library for the 'nom_tt_025C_1v80' corner at '/home/thanh/.volare/volare/sky130/versions/0fe599b2afb6708d281543108caf8310912f54af/sky130A/libs.ref/sky130_fd_sc_hd/lib/sky130_fd_sc_hd__tt_025C_1v80.lib'…
Reading timing models for corner nom_ff_n40C_1v95…
Reading timing library for the 'nom_ff_n40C_1v95' corner at '/home/thanh/.volare/volare/sky130/versions/0fe599b2afb6708d281543108caf8310912f54af/sky130A/libs.ref/sky130_fd_sc_hd/lib/sky130_fd_sc_hd__ff_n40C_1v95.lib'…
Reading timing models for corner nom_ss_100C_1v60…
Reading timing library for the 'nom_ss_100C_1v60' corner at '/home/thanh/.volare/volare/sky130/versions/0fe599b2afb6708d281543108caf8310912f54af/sky130A/libs.ref/sky130_fd_sc_hd/lib/sky130_fd_sc_hd__ss_100C_1v60.lib'…
Reading OpenROAD database at '/home/thanh/NCO/runs/RUN_2025-03-04_07-10-12/208-openroad-globalplacement/counter.odb'…
Reading design constraints file at '/home/thanh/NCO/counter.sdc'…
[INFO] Setting RC values…
[INFO RSZ-0027] Inserted 1 input buffers.
[INFO RSZ-0028] Inserted 16 output buffers.
[INFO RSZ-0058] Using max wire length 6335um.
Iteration | Resized | Buffers | Nets repaired | Remaining
---------------------------------------------------------
        0 |       0 |       0 |             0 |       125
       10 |       9 |       0 |             0 |       115
       20 |      13 |       0 |             0 |       105
       30 |      13 |       0 |             0 |        95
       40 |      21 |       0 |             0 |        85
       50 |      30 |       0 |             0 |        75
       60 |      36 |       0 |             0 |        65
       70 |      36 |       0 |             0 |        55
       80 |      36 |       0 |             0 |        45
       90 |      39 |       3 |             1 |        35
      100 |      39 |       3 |             1 |        25
      110 |      39 |       3 |             1 |        15
      120 |      39 |       3 |             1 |         5
    final |      39 |       3 |             1 |         0
---------------------------------------------------------
[INFO RSZ-0035] Found 1 fanout violations.
[INFO RSZ-0038] Inserted 3 buffers in 1 nets.
[INFO RSZ-0039] Resized 39 instances.
[INFO RSZ-0042] Inserted 1 tie sky130_fd_sc_hd__conb_1 instances.
Placement Analysis
---------------------------------
total displacement        645.8 u
average displacement        0.5 u
max displacement           55.6 u
original HPWL            5570.1 u
legalized HPWL           5627.9 u
delta HPWL                    1 %

[INFO DPL-0020] Mirrored 46 instances
[INFO DPL-0021] HPWL before            5627.9 u
[INFO DPL-0022] HPWL after             5557.6 u
[INFO DPL-0023] HPWL delta               -1.2 %
[INFO] Setting RC values…
Setting global connections for newly added cells…
[INFO] Setting global connections...
mem_i matched with mem_i
Updating metrics…
Cell type report:                       Count       Area
  Macro                                     1  123515.34
  Fill cell                               470    1764.19
  Tap cell                                739     924.64
  Timing Repair Buffer                     20      90.09
  Inverter                                 25      93.84
  Sequential cell                          24     609.33
  Multi-Input combinational cell           15      96.34
  Total                                  1294  127093.77
Writing OpenROAD database to '/home/thanh/NCO/runs/RUN_2025-03-04_07-10-12/212-openroad-repairdesignpostgpl/counter.odb'…
Writing netlist to '/home/thanh/NCO/runs/RUN_2025-03-04_07-10-12/212-openroad-repairdesignpostgpl/counter.nl.v'…
Writing powered netlist to '/home/thanh/NCO/runs/RUN_2025-03-04_07-10-12/212-openroad-repairdesignpostgpl/counter.pnl.v'…
Writing layout to '/home/thanh/NCO/runs/RUN_2025-03-04_07-10-12/212-openroad-repairdesignpostgpl/counter.def'…
Writing timing constraints to '/home/thanh/NCO/runs/RUN_2025-03-04_07-10-12/212-openroad-repairdesignpostgpl/counter.sdc'…
