Clock: clk
Sources: clk 
Generated: no
Virtual: yes
Propagated: no
Period: 5.100000

===========================================================================
report_clock_properties
============================================================================
Clock                   Period          Waveform
----------------------------------------------------
clk                   5.100000    0.000000  2.550000

===========================================================================
report_clock_latency
============================================================================
Clock clk
rise -> rise
    min     max
0.000000 0.000000 source latency
0.645317         network latency mem_i0/clk1
        0.664509 network latency _128_/CLK
---------------
0.645317 0.664509 latency
        0.019193 skew

fall -> fall
    min     max
0.000000 0.000000 source latency
0.522470         network latency _141_/CLK
        0.538603 network latency _128_/CLK
---------------
0.522470 0.538603 latency
        0.016133 skew



===========================================================================
report_clock_min_period
============================================================================
clk period_min = 1.56 fmax = 642.67
