
===========================================================================
report_checks -unconstrained
===========================================================================
======================= max_ss_100C_1v60 Corner ===================================

Startpoint: rst (input port clocked by clk)
Endpoint: _603_ (recovery check against rising-edge clock clk)
Path Group: asynchronous
Path Type: max

Fanout         Cap        Slew       Delay        Time   Description
---------------------------------------------------------------------------------------------
                                  0.000000    0.000000   clock clk (rise edge)
                                  0.000000    0.000000   clock network delay (propagated)
                                  2.550000    2.550000 v input external delay
     2    0.003781    0.022274    0.012363    2.562363 v rst (in)
                                                         rst (net)
                      0.022274    0.000000    2.562363 v input59/A (sky130_fd_sc_hd__buf_1)
     3    0.022771    0.262459    0.299876    2.862239 v input59/X (sky130_fd_sc_hd__buf_1)
                                                         net59 (net)
                      0.262521    0.003378    2.865617 v fanout105/A (sky130_fd_sc_hd__clkbuf_8)
    17    0.104239    0.208304    0.452050    3.317667 v fanout105/X (sky130_fd_sc_hd__clkbuf_8)
                                                         net105 (net)
                      0.208344    0.002575    3.320241 v fanout104/A (sky130_fd_sc_hd__buf_4)
    19    0.067759    0.170859    0.423473    3.743715 v fanout104/X (sky130_fd_sc_hd__buf_4)
                                                         net104 (net)
                      0.170868    0.001620    3.745335 v fanout103/A (sky130_fd_sc_hd__buf_4)
    21    0.077582    0.191375    0.421243    4.166577 v fanout103/X (sky130_fd_sc_hd__buf_4)
                                                         net103 (net)
                      0.191622    0.006172    4.172750 v _578_/A (sky130_fd_sc_hd__inv_2)
     1    0.005412    0.074701    0.131139    4.303888 ^ _578_/Y (sky130_fd_sc_hd__inv_2)
                                                         _044_ (net)
                      0.074701    0.000166    4.304054 ^ _603_/RESET_B (sky130_fd_sc_hd__dfrtp_4)
                                              4.304054   data arrival time

                                  5.100000    5.100000   clock clk (rise edge)
                                  0.000000    5.100000   clock source latency
     2    0.099281    0.717337    0.514758    5.614758 ^ clk (in)
                                                         clk (net)
                      0.721292    0.000000    5.614758 ^ clkbuf_0_clk/A (sky130_fd_sc_hd__clkbuf_16)
     9    0.114957    0.203892    0.588712    6.203470 ^ clkbuf_0_clk/X (sky130_fd_sc_hd__clkbuf_16)
                                                         clknet_0_clk (net)
                      0.204523    0.007923    6.211392 ^ clkbuf_2_0_0_clk/A (sky130_fd_sc_hd__clkbuf_8)
     5    0.030846    0.109194    0.321038    6.532430 ^ clkbuf_2_0_0_clk/X (sky130_fd_sc_hd__clkbuf_8)
                                                         clknet_2_0_0_clk (net)
                      0.109263    0.002536    6.534966 ^ clkbuf_3_1__f_clk/A (sky130_fd_sc_hd__clkbuf_16)
    27    0.074389    0.140803    0.303703    6.838670 ^ clkbuf_3_1__f_clk/X (sky130_fd_sc_hd__clkbuf_16)
                                                         clknet_3_1__leaf_clk (net)
                      0.141236    0.005493    6.844163 ^ _603_/CLK (sky130_fd_sc_hd__dfrtp_4)
                                 -0.005100    6.839063   clock uncertainty
                                  0.000000    6.839063   clock reconvergence pessimism
                                  0.465430    7.304493   library recovery time
                                              7.304493   data required time
---------------------------------------------------------------------------------------------
                                              7.304493   data required time
                                             -4.304054   data arrival time
---------------------------------------------------------------------------------------------
                                              3.000440   slack (MET)


Startpoint: _594_ (rising edge-triggered flip-flop clocked by clk)
Endpoint: sine_out[10] (output port clocked by clk)
Path Group: clk
Path Type: max

Fanout         Cap        Slew       Delay        Time   Description
---------------------------------------------------------------------------------------------
                                  0.000000    0.000000   clock clk (rise edge)
                                  0.000000    0.000000   clock source latency
     2    0.099281    0.717337    0.514758    0.514758 ^ clk (in)
                                                         clk (net)
                      0.721292    0.000000    0.514758 ^ clkbuf_0_clk/A (sky130_fd_sc_hd__clkbuf_16)
     9    0.114957    0.203892    0.588712    1.103470 ^ clkbuf_0_clk/X (sky130_fd_sc_hd__clkbuf_16)
                                                         clknet_0_clk (net)
                      0.205826    0.015147    1.118617 ^ clkbuf_2_1_0_clk/A (sky130_fd_sc_hd__clkbuf_8)
     5    0.045550    0.143019    0.348845    1.467462 ^ clkbuf_2_1_0_clk/X (sky130_fd_sc_hd__clkbuf_8)
                                                         clknet_2_1_0_clk (net)
                      0.143223    0.004741    1.472203 ^ clkbuf_3_2__f_clk/A (sky130_fd_sc_hd__clkbuf_16)
    21    0.055075    0.114067    0.299052    1.771255 ^ clkbuf_3_2__f_clk/X (sky130_fd_sc_hd__clkbuf_16)
                                                         clknet_3_2__leaf_clk (net)
                      0.114286    0.004253    1.775508 ^ _594_/CLK (sky130_fd_sc_hd__dfrtp_1)
     3    0.022727    0.242005    0.920104    2.695611 v _594_/Q (sky130_fd_sc_hd__dfrtp_1)
                                                         net61 (net)
                      0.242031    0.002603    2.698215 v output61/A (sky130_fd_sc_hd__buf_2)
     1    0.033982    0.165277    0.425580    3.123795 v output61/X (sky130_fd_sc_hd__buf_2)
                                                         sine_out[10] (net)
                      0.165290    0.001595    3.125390 v sine_out[10] (out)
                                              3.125390   data arrival time

                                  5.100000    5.100000   clock clk (rise edge)
                                  0.000000    5.100000   clock network delay (propagated)
                                 -0.005100    5.094900   clock uncertainty
                                  0.000000    5.094900   clock reconvergence pessimism
                                 -2.295000    2.799900   output external delay
                                              2.799900   data required time
---------------------------------------------------------------------------------------------
                                              2.799900   data required time
                                             -3.125390   data arrival time
---------------------------------------------------------------------------------------------
                                             -0.325490   slack (VIOLATED)




===========================================================================
report_checks --slack_max -0.01
============================================================================
======================= max_ss_100C_1v60 Corner ===================================

Startpoint: _594_ (rising edge-triggered flip-flop clocked by clk)
Endpoint: sine_out[10] (output port clocked by clk)
Path Group: clk
Path Type: max

Fanout         Cap        Slew       Delay        Time   Description
---------------------------------------------------------------------------------------------
                                  0.000000    0.000000   clock clk (rise edge)
                                  0.000000    0.000000   clock source latency
     2    0.099281    0.717337    0.514758    0.514758 ^ clk (in)
                                                         clk (net)
                      0.721292    0.000000    0.514758 ^ clkbuf_0_clk/A (sky130_fd_sc_hd__clkbuf_16)
     9    0.114957    0.203892    0.588712    1.103470 ^ clkbuf_0_clk/X (sky130_fd_sc_hd__clkbuf_16)
                                                         clknet_0_clk (net)
                      0.205826    0.015147    1.118617 ^ clkbuf_2_1_0_clk/A (sky130_fd_sc_hd__clkbuf_8)
     5    0.045550    0.143019    0.348845    1.467462 ^ clkbuf_2_1_0_clk/X (sky130_fd_sc_hd__clkbuf_8)
                                                         clknet_2_1_0_clk (net)
                      0.143223    0.004741    1.472203 ^ clkbuf_3_2__f_clk/A (sky130_fd_sc_hd__clkbuf_16)
    21    0.055075    0.114067    0.299052    1.771255 ^ clkbuf_3_2__f_clk/X (sky130_fd_sc_hd__clkbuf_16)
                                                         clknet_3_2__leaf_clk (net)
                      0.114286    0.004253    1.775508 ^ _594_/CLK (sky130_fd_sc_hd__dfrtp_1)
     3    0.022727    0.242005    0.920104    2.695611 v _594_/Q (sky130_fd_sc_hd__dfrtp_1)
                                                         net61 (net)
                      0.242031    0.002603    2.698215 v output61/A (sky130_fd_sc_hd__buf_2)
     1    0.033982    0.165277    0.425580    3.123795 v output61/X (sky130_fd_sc_hd__buf_2)
                                                         sine_out[10] (net)
                      0.165290    0.001595    3.125390 v sine_out[10] (out)
                                              3.125390   data arrival time

                                  5.100000    5.100000   clock clk (rise edge)
                                  0.000000    5.100000   clock network delay (propagated)
                                 -0.005100    5.094900   clock uncertainty
                                  0.000000    5.094900   clock reconvergence pessimism
                                 -2.295000    2.799900   output external delay
                                              2.799900   data required time
---------------------------------------------------------------------------------------------
                                              2.799900   data required time
                                             -3.125390   data arrival time
---------------------------------------------------------------------------------------------
                                             -0.325490   slack (VIOLATED)




===========================================================================
 report_check_types -max_slew -max_cap -max_fanout -violators
============================================================================
======================= max_ss_100C_1v60 Corner ===================================

max slew

Pin                                        Limit        Slew       Slack
------------------------------------------------------------------------
mem_i1/addr1[1]                         0.500000    1.435449   -0.935449 (VIOLATED)
ANTENNA__632__D/DIODE                   0.500000    1.261378   -0.761378 (VIOLATED)
_632_/D                                 0.500000    1.261378   -0.761378 (VIOLATED)
ANTENNA_wire89_X/DIODE                  0.500000    1.254847   -0.754847 (VIOLATED)
wire89/X                                0.500000    1.254833   -0.754833 (VIOLATED)
_633_/D                                 0.500000    1.204576   -0.704576 (VIOLATED)
ANTENNA__633__D/DIODE                   0.500000    1.204575   -0.704575 (VIOLATED)
ANTENNA_wire88_X/DIODE                  0.500000    1.198353   -0.698353 (VIOLATED)
wire88/X                                0.500000    1.198339   -0.698339 (VIOLATED)
ANTENNA__635__D/DIODE                   0.500000    1.121875   -0.621875 (VIOLATED)
_635_/D                                 0.500000    1.121875   -0.621875 (VIOLATED)
ANTENNA_wire98_X/DIODE                  0.500000    1.116437   -0.616437 (VIOLATED)
wire98/X                                0.500000    1.116424   -0.616424 (VIOLATED)
ANTENNA_mem_i1_addr1[1]/DIODE           0.500000    1.076577   -0.576577 (VIOLATED)
ANTENNA_rebuffer3_X/DIODE               0.500000    1.075522   -0.575522 (VIOLATED)
rebuffer3/X                             0.500000    1.075510   -0.575510 (VIOLATED)
ANTENNA__634__D/DIODE                   0.500000    1.067082   -0.567082 (VIOLATED)
_634_/D                                 0.500000    1.067082   -0.567082 (VIOLATED)
ANTENNA_wire87_X/DIODE                  0.500000    1.062020   -0.562020 (VIOLATED)
wire87/X                                0.500000    1.062008   -0.562008 (VIOLATED)
_631_/D                                 0.500000    0.965618   -0.465618 (VIOLATED)
ANTENNA__631__D/DIODE                   0.500000    0.965610   -0.465610 (VIOLATED)
ANTENNA_wire90_X/DIODE                  0.500000    0.959612   -0.459612 (VIOLATED)
wire90/X                                0.500000    0.959602   -0.459602 (VIOLATED)
_628_/D                                 0.500000    0.893081   -0.393081 (VIOLATED)
ANTENNA__628__D/DIODE                   0.500000    0.893073   -0.393073 (VIOLATED)
ANTENNA_wire92_X/DIODE                  0.500000    0.889281   -0.389281 (VIOLATED)
wire92/X                                0.500000    0.889272   -0.389272 (VIOLATED)
_630_/D                                 0.500000    0.847971   -0.347971 (VIOLATED)
ANTENNA__630__D/DIODE                   0.500000    0.847971   -0.347971 (VIOLATED)
ANTENNA_wire91_X/DIODE                  0.500000    0.844893   -0.344893 (VIOLATED)
wire91/X                                0.500000    0.844884   -0.344884 (VIOLATED)
ANTENNA_18/DIODE                        0.500000    0.802335   -0.302335 (VIOLATED)
ANTENNA__637__D/DIODE                   0.500000    0.802329   -0.302329 (VIOLATED)
_637_/D                                 0.500000    0.802327   -0.302327 (VIOLATED)
ANTENNA_wire97_X/DIODE                  0.500000    0.799701   -0.299701 (VIOLATED)
wire97/X                                0.500000    0.799692   -0.299692 (VIOLATED)
mem_i1/addr0[1]                         0.500000    0.745997   -0.245997 (VIOLATED)
clkbuf_0_clk/A                          0.500000    0.721292   -0.221292 (VIOLATED)
ANTENNA_clkbuf_0_clk_A/DIODE            0.500000    0.721261   -0.221261 (VIOLATED)
ANTENNA__627__D/DIODE                   0.500000    0.719033   -0.219033 (VIOLATED)
_627_/D                                 0.500000    0.719032   -0.219032 (VIOLATED)
mem_i0/addr1[6]                         0.500000    0.718789   -0.218789 (VIOLATED)
clk                                     0.500000    0.717337   -0.217337 (VIOLATED)
ANTENNA_wire93_X/DIODE                  0.500000    0.716650   -0.216650 (VIOLATED)
wire93/X                                0.500000    0.716643   -0.216643 (VIOLATED)
mem_i1/addr1[6]                         0.500000    0.713028   -0.213028 (VIOLATED)
mem_i0/addr1[5]                         0.500000    0.678679   -0.178679 (VIOLATED)
mem_i0/addr1[2]                         0.500000    0.674762   -0.174762 (VIOLATED)
mem_i1/addr1[5]                         0.500000    0.674568   -0.174568 (VIOLATED)
mem_i1/addr1[2]                         0.500000    0.673782   -0.173782 (VIOLATED)
_548_/A1                                0.500000    0.656644   -0.156644 (VIOLATED)
ANTENNA__548__A1/DIODE                  0.500000    0.656639   -0.156639 (VIOLATED)
ANTENNA__629__Q/DIODE                   0.500000    0.656416   -0.156416 (VIOLATED)
_629_/Q                                 0.500000    0.656416   -0.156416 (VIOLATED)
_557_/A1                                0.500000    0.654235   -0.154235 (VIOLATED)
ANTENNA__557__A1/DIODE                  0.500000    0.654234   -0.154234 (VIOLATED)
ANTENNA__638__Q/DIODE                   0.500000    0.654072   -0.154072 (VIOLATED)
_638_/Q                                 0.500000    0.654072   -0.154072 (VIOLATED)
mem_i0/addr1[4]                         0.500000    0.652067   -0.152067 (VIOLATED)
mem_i1/addr1[4]                         0.500000    0.651523   -0.151523 (VIOLATED)
_555_/A1                                0.500000    0.643856   -0.143856 (VIOLATED)
ANTENNA__555__A1/DIODE                  0.500000    0.643851   -0.143851 (VIOLATED)
ANTENNA__636__Q/DIODE                   0.500000    0.641793   -0.141793 (VIOLATED)
_636_/Q                                 0.500000    0.641777   -0.141777 (VIOLATED)
mem_i1/din0[13]                         0.500000    0.616035   -0.116035 (VIOLATED)
mem_i1/din0[12]                         0.500000    0.614134   -0.114134 (VIOLATED)
mem_i0/addr1[7]                         0.500000    0.612964   -0.112964 (VIOLATED)
mem_i1/addr1[7]                         0.500000    0.608957   -0.108957 (VIOLATED)
mem_i1/din0[9]                          0.500000    0.603441   -0.103441 (VIOLATED)
mem_i0/addr1[3]                         0.500000    0.574967   -0.074967 (VIOLATED)
mem_i1/addr1[3]                         0.500000    0.574947   -0.074947 (VIOLATED)
mem_i1/din0[11]                         0.500000    0.572119   -0.072119 (VIOLATED)
ANTENNA_mem_i1_addr0[1]/DIODE           0.500000    0.559498   -0.059498 (VIOLATED)
ANTENNA_input10_X/DIODE                 0.500000    0.559476   -0.059476 (VIOLATED)
input10/X                               0.500000    0.559474   -0.059474 (VIOLATED)
mem_i1/din0[7]                          0.500000    0.545868   -0.045868 (VIOLATED)
mem_i1/din0[4]                          0.500000    0.544783   -0.044783 (VIOLATED)
mem_i1/din0[6]                          0.500000    0.540854   -0.040854 (VIOLATED)
ANTENNA_mem_i0_addr1[6]/DIODE           0.500000    0.539080   -0.039080 (VIOLATED)
_558_/A1                                0.500000    0.536820   -0.036820 (VIOLATED)
ANTENNA__558__A1/DIODE                  0.500000    0.536818   -0.036818 (VIOLATED)
ANTENNA__639__Q/DIODE                   0.500000    0.536712   -0.036712 (VIOLATED)
_639_/Q                                 0.500000    0.536712   -0.036712 (VIOLATED)
ANTENNA__499__B1/DIODE                  0.500000    0.535191   -0.035191 (VIOLATED)
_499_/B1                                0.500000    0.535165   -0.035165 (VIOLATED)
_496_/A                                 0.500000    0.534926   -0.034926 (VIOLATED)
ANTENNA__496__A/DIODE                   0.500000    0.534914   -0.034914 (VIOLATED)
ANTENNA_mem_i1_addr1[6]/DIODE           0.500000    0.534762   -0.034762 (VIOLATED)
_535_/A                                 0.500000    0.534628   -0.034628 (VIOLATED)
ANTENNA__535__A/DIODE                   0.500000    0.534612   -0.034612 (VIOLATED)
ANTENNA__536__A/DIODE                   0.500000    0.534610   -0.034610 (VIOLATED)
_536_/A                                 0.500000    0.534610   -0.034610 (VIOLATED)
_537_/A                                 0.500000    0.534608   -0.034608 (VIOLATED)
ANTENNA__537__A/DIODE                   0.500000    0.534607   -0.034607 (VIOLATED)
ANTENNA__606__Q/DIODE                   0.500000    0.534562   -0.034562 (VIOLATED)
_606_/Q                                 0.500000    0.534409   -0.034409 (VIOLATED)
mem_i0/csb0                             0.500000    0.522105   -0.022105 (VIOLATED)
mem_i1/din0[5]                          0.500000    0.521470   -0.021470 (VIOLATED)
ANTENNA_mem_i0_addr1[5]/DIODE           0.500000    0.508994   -0.008994 (VIOLATED)
_559_/A1                                0.500000    0.506926   -0.006926 (VIOLATED)
ANTENNA__559__A1/DIODE                  0.500000    0.506924   -0.006924 (VIOLATED)
ANTENNA__640__Q/DIODE                   0.500000    0.506827   -0.006827 (VIOLATED)
_640_/Q                                 0.500000    0.506827   -0.006827 (VIOLATED)
ANTENNA_mem_i0_addr1[2]/DIODE           0.500000    0.506080   -0.006080 (VIOLATED)
_498_/A                                 0.500000    0.506027   -0.006027 (VIOLATED)
ANTENNA__498__A/DIODE                   0.500000    0.506015   -0.006015 (VIOLATED)
_533_/B1                                0.500000    0.505988   -0.005988 (VIOLATED)
ANTENNA__533__B1/DIODE                  0.500000    0.505986   -0.005986 (VIOLATED)
ANTENNA_mem_i1_addr1[5]/DIODE           0.500000    0.505914   -0.005914 (VIOLATED)
_531_/B                                 0.500000    0.505874   -0.005874 (VIOLATED)
ANTENNA__531__B/DIODE                   0.500000    0.505867   -0.005867 (VIOLATED)
ANTENNA__605__Q/DIODE                   0.500000    0.505838   -0.005837 (VIOLATED)
_605_/Q                                 0.500000    0.505787   -0.005787 (VIOLATED)
ANTENNA_mem_i1_addr1[2]/DIODE           0.500000    0.505338   -0.005338 (VIOLATED)
_510_/A                                 0.500000    0.505260   -0.005260 (VIOLATED)
ANTENNA__510__A/DIODE                   0.500000    0.505256   -0.005256 (VIOLATED)
ANTENNA__524__C/DIODE                   0.500000    0.505206   -0.005206 (VIOLATED)
_524_/C                                 0.500000    0.505204   -0.005204 (VIOLATED)
_526_/A3                                0.500000    0.505196   -0.005196 (VIOLATED)
ANTENNA__526__A3/DIODE                  0.500000    0.505191   -0.005191 (VIOLATED)
_522_/B1                                0.500000    0.505186   -0.005186 (VIOLATED)
ANTENNA__522__B1/DIODE                  0.500000    0.505185   -0.005185 (VIOLATED)
_521_/C                                 0.500000    0.505179   -0.005179 (VIOLATED)
ANTENNA__521__C/DIODE                   0.500000    0.505178   -0.005178 (VIOLATED)
ANTENNA__602__Q/DIODE                   0.500000    0.505132   -0.005132 (VIOLATED)
_602_/Q                                 0.500000    0.505132   -0.005132 (VIOLATED)
mem_i1/din0[15]                         0.500000    0.502837   -0.002837 (VIOLATED)

max fanout

Pin                                   Limit Fanout  Slack
---------------------------------------------------------
clkbuf_3_1__f_clk/X                      10     27    -17 (VIOLATED)
clkbuf_3_0__f_clk/X                      10     21    -11 (VIOLATED)
clkbuf_3_2__f_clk/X                      10     21    -11 (VIOLATED)
clkbuf_3_6__f_clk/X                      10     21    -11 (VIOLATED)
fanout100/X                              10     21    -11 (VIOLATED)
fanout102/X                              10     21    -11 (VIOLATED)
fanout103/X                              10     21    -11 (VIOLATED)
fanout104/X                              10     19     -9 (VIOLATED)
fanout105/X                              10     17     -7 (VIOLATED)
_602_/Q                                  10     15     -5 (VIOLATED)
_604_/Q                                  10     15     -5 (VIOLATED)
_606_/Q                                  10     15     -5 (VIOLATED)
clkbuf_3_3__f_clk/X                      10     15     -5 (VIOLATED)
clkbuf_3_4__f_clk/X                      10     13     -3 (VIOLATED)
clkbuf_3_7__f_clk/X                      10     13     -3 (VIOLATED)
fanout101/X                              10     13     -3 (VIOLATED)
_603_/Q                                  10     11        (VIOLATED)
_605_/Q                                  10     11        (VIOLATED)
_607_/Q                                  10     11        (VIOLATED)
clkbuf_3_5__f_clk/X                      10     11        (VIOLATED)

max capacitance

Pin                                        Limit         Cap       Slack
------------------------------------------------------------------------
mem_i1/dout1[13]                        0.027560    0.041292   -0.013732 (VIOLATED)
mem_i1/dout1[4]                         0.027560    0.033917   -0.006357 (VIOLATED)



===========================================================================
report_parasitic_annotation -report_unannotated
============================================================================
Found 6 unannotated drivers.
 clkload0/Y
 clkload1/X
 clkload2/X
 clkload3/Y
 mem_i0_114/HI
 mem_i1_115/HI
Found 0 partially unannotated drivers.

===========================================================================
max slew violation count 128
max fanout violation count 20
max cap violation count 2
============================================================================

===========================================================================
check_setup -verbose -unconstrained_endpoints -multiple_clock -no_clock -no_input_delay -loops -generated_clocks
===========================================================================
Warning: There are 8 input ports missing set_input_delay.
  denum[0]
  denum[1]
  denum[2]
  denum[3]
  num[0]
  num[1]
  num[2]
  num[3]
Warning: There are 2 unconstrained endpoints.
  mem_i0/csb1
  mem_i1/csb1
