Clock: clk
Sources: clk 
Generated: no
Virtual: yes
Propagated: no
Period: 5.100000

===========================================================================
report_clock_properties
============================================================================
Clock                   Period          Waveform
----------------------------------------------------
clk                   5.100000    0.000000  2.550000

===========================================================================
report_clock_latency
============================================================================
Clock clk
rise -> rise
    min     max
0.000000 0.000000 source latency
1.734081         network latency _632_/CLK
        1.817932 network latency _636_/CLK
---------------
1.734081 1.817932 latency
        0.083850 skew

fall -> fall
    min     max
0.000000 0.000000 source latency
1.452978         network latency _632_/CLK
        1.519305 network latency _636_/CLK
---------------
1.452978 1.519305 latency
        0.066326 skew



===========================================================================
report_clock_min_period
============================================================================
clk period_min = 5.42 fmax = 184.36
