
===========================================================================
report_checks -unconstrained
===========================================================================
======================= nom_ss_100C_1v60 Corner ===================================

Startpoint: rst (input port clocked by clk)
Endpoint: _603_ (recovery check against rising-edge clock clk)
Path Group: asynchronous
Path Type: max

Fanout         Cap        Slew       Delay        Time   Description
---------------------------------------------------------------------------------------------
                                  0.000000    0.000000   clock clk (rise edge)
                                  0.000000    0.000000   clock network delay (propagated)
                                  2.550000    2.550000 v input external delay
     2    0.003759    0.022183    0.012246    2.562246 v rst (in)
                                                         rst (net)
                      0.022183    0.000000    2.562246 v input59/A (sky130_fd_sc_hd__buf_1)
     3    0.021741    0.250964    0.292634    2.854880 v input59/X (sky130_fd_sc_hd__buf_1)
                                                         net59 (net)
                      0.251051    0.001883    2.856762 v fanout105/A (sky130_fd_sc_hd__clkbuf_8)
    17    0.102235    0.203325    0.449007    3.305769 v fanout105/X (sky130_fd_sc_hd__clkbuf_8)
                                                         net105 (net)
                      0.203332    0.001023    3.306792 v fanout104/A (sky130_fd_sc_hd__buf_4)
    19    0.066433    0.166548    0.421201    3.727993 v fanout104/X (sky130_fd_sc_hd__buf_4)
                                                         net104 (net)
                      0.166548    0.000647    3.728640 v fanout103/A (sky130_fd_sc_hd__buf_4)
    21    0.076032    0.186716    0.420173    4.148813 v fanout103/X (sky130_fd_sc_hd__buf_4)
                                                         net103 (net)
                      0.186745    0.002335    4.151148 v _578_/A (sky130_fd_sc_hd__inv_2)
     1    0.005347    0.073165    0.128589    4.279737 ^ _578_/Y (sky130_fd_sc_hd__inv_2)
                                                         _044_ (net)
                      0.073165    0.000092    4.279830 ^ _603_/RESET_B (sky130_fd_sc_hd__dfrtp_4)
                                              4.279830   data arrival time

                                  5.100000    5.100000   clock clk (rise edge)
                                  0.000000    5.100000   clock source latency
     2    0.094394    0.681254    0.486366    5.586366 ^ clk (in)
                                                         clk (net)
                      0.683783    0.000000    5.586366 ^ clkbuf_0_clk/A (sky130_fd_sc_hd__clkbuf_16)
     9    0.110437    0.196673    0.575783    6.162148 ^ clkbuf_0_clk/X (sky130_fd_sc_hd__clkbuf_16)
                                                         clknet_0_clk (net)
                      0.196826    0.005246    6.167394 ^ clkbuf_2_0_0_clk/A (sky130_fd_sc_hd__clkbuf_8)
     5    0.030055    0.108088    0.316460    6.483854 ^ clkbuf_2_0_0_clk/X (sky130_fd_sc_hd__clkbuf_8)
                                                         clknet_2_0_0_clk (net)
                      0.108102    0.001263    6.485117 ^ clkbuf_3_1__f_clk/A (sky130_fd_sc_hd__clkbuf_16)
    27    0.072319    0.137487    0.302217    6.787334 ^ clkbuf_3_1__f_clk/X (sky130_fd_sc_hd__clkbuf_16)
                                                         clknet_3_1__leaf_clk (net)
                      0.137543    0.002577    6.789911 ^ _603_/CLK (sky130_fd_sc_hd__dfrtp_4)
                                 -0.005100    6.784811   clock uncertainty
                                  0.000000    6.784811   clock reconvergence pessimism
                                  0.464915    7.249726   library recovery time
                                              7.249726   data required time
---------------------------------------------------------------------------------------------
                                              7.249726   data required time
                                             -4.279830   data arrival time
---------------------------------------------------------------------------------------------
                                              2.969896   slack (MET)


Startpoint: _600_ (rising edge-triggered flip-flop clocked by clk)
Endpoint: _602_ (rising edge-triggered flip-flop clocked by clk)
Path Group: clk
Path Type: max

Fanout         Cap        Slew       Delay        Time   Description
---------------------------------------------------------------------------------------------
                                  0.000000    0.000000   clock clk (rise edge)
                                  0.000000    0.000000   clock source latency
     2    0.094394    0.681254    0.486366    0.486366 ^ clk (in)
                                                         clk (net)
                      0.683783    0.000000    0.486366 ^ clkbuf_0_clk/A (sky130_fd_sc_hd__clkbuf_16)
     9    0.110437    0.196673    0.575782    1.062148 ^ clkbuf_0_clk/X (sky130_fd_sc_hd__clkbuf_16)
                                                         clknet_0_clk (net)
                      0.197455    0.010638    1.072786 ^ clkbuf_2_1_0_clk/A (sky130_fd_sc_hd__clkbuf_8)
     5    0.043734    0.138656    0.342494    1.415280 ^ clkbuf_2_1_0_clk/X (sky130_fd_sc_hd__clkbuf_8)
                                                         clknet_2_1_0_clk (net)
                      0.138728    0.002917    1.418197 ^ clkbuf_3_2__f_clk/A (sky130_fd_sc_hd__clkbuf_16)
    21    0.053243    0.111426    0.295925    1.714122 ^ clkbuf_3_2__f_clk/X (sky130_fd_sc_hd__clkbuf_16)
                                                         clknet_3_2__leaf_clk (net)
                      0.111472    0.002015    1.716137 ^ _600_/CLK (sky130_fd_sc_hd__dfrtp_4)
     5    0.068091    0.267846    1.192046    2.908183 v _600_/Q (sky130_fd_sc_hd__dfrtp_4)
                                                         tcout[0] (net)
                      0.267846    0.001686    2.909869 v fanout102/A (sky130_fd_sc_hd__clkbuf_4)
    21    0.060514    0.223273    0.482656    3.392525 v fanout102/X (sky130_fd_sc_hd__clkbuf_4)
                                                         net102 (net)
                      0.223328    0.003373    3.395899 v _508_/A1 (sky130_fd_sc_hd__o21ba_1)
     1    0.003872    0.073680    0.403276    3.799175 v _508_/X (sky130_fd_sc_hd__o21ba_1)
                                                         _264_ (net)
                      0.073680    0.000132    3.799307 v _509_/C1 (sky130_fd_sc_hd__a221o_1)
     1    0.004530    0.110883    0.514862    4.314169 v _509_/X (sky130_fd_sc_hd__a221o_1)
                                                         _265_ (net)
                      0.110883    0.000171    4.314340 v _511_/C (sky130_fd_sc_hd__or4_1)
     1    0.002568    0.172871    1.103911    5.418251 v _511_/X (sky130_fd_sc_hd__or4_1)
                                                         _267_ (net)
                      0.172871    0.000074    5.418325 v _516_/D (sky130_fd_sc_hd__or4_4)
     9    0.028582    0.230834    1.003288    6.421613 v _516_/X (sky130_fd_sc_hd__or4_4)
                                                         _272_ (net)
                      0.230834    0.001393    6.423006 v _523_/A (sky130_fd_sc_hd__and3_1)
     1    0.003839    0.079494    0.378273    6.801279 v _523_/X (sky130_fd_sc_hd__and3_1)
                                                         _018_ (net)
                      0.079537    0.000128    6.801407 v _602_/D (sky130_fd_sc_hd__dfrtp_4)
                                              6.801407   data arrival time

                                  5.100000    5.100000   clock clk (rise edge)
                                  0.000000    5.100000   clock source latency
     2    0.094394    0.681254    0.486366    5.586366 ^ clk (in)
                                                         clk (net)
                      0.683783    0.000000    5.586366 ^ clkbuf_0_clk/A (sky130_fd_sc_hd__clkbuf_16)
     9    0.110437    0.196673    0.575783    6.162148 ^ clkbuf_0_clk/X (sky130_fd_sc_hd__clkbuf_16)
                                                         clknet_0_clk (net)
                      0.196826    0.005246    6.167394 ^ clkbuf_2_0_0_clk/A (sky130_fd_sc_hd__clkbuf_8)
     5    0.030055    0.108088    0.316460    6.483854 ^ clkbuf_2_0_0_clk/X (sky130_fd_sc_hd__clkbuf_8)
                                                         clknet_2_0_0_clk (net)
                      0.108102    0.001263    6.485117 ^ clkbuf_3_1__f_clk/A (sky130_fd_sc_hd__clkbuf_16)
    27    0.072319    0.137487    0.302217    6.787334 ^ clkbuf_3_1__f_clk/X (sky130_fd_sc_hd__clkbuf_16)
                                                         clknet_3_1__leaf_clk (net)
                      0.137519    0.002045    6.789379 ^ _602_/CLK (sky130_fd_sc_hd__dfrtp_4)
                                 -0.005100    6.784279   clock uncertainty
                                  0.000000    6.784279   clock reconvergence pessimism
                                 -0.260806    6.523473   library setup time
                                              6.523473   data required time
---------------------------------------------------------------------------------------------
                                              6.523473   data required time
                                             -6.801407   data arrival time
---------------------------------------------------------------------------------------------
                                             -0.277935   slack (VIOLATED)




===========================================================================
report_checks --slack_max -0.01
============================================================================
======================= nom_ss_100C_1v60 Corner ===================================

Startpoint: _600_ (rising edge-triggered flip-flop clocked by clk)
Endpoint: _602_ (rising edge-triggered flip-flop clocked by clk)
Path Group: clk
Path Type: max

Fanout         Cap        Slew       Delay        Time   Description
---------------------------------------------------------------------------------------------
                                  0.000000    0.000000   clock clk (rise edge)
                                  0.000000    0.000000   clock source latency
     2    0.094394    0.681254    0.486366    0.486366 ^ clk (in)
                                                         clk (net)
                      0.683783    0.000000    0.486366 ^ clkbuf_0_clk/A (sky130_fd_sc_hd__clkbuf_16)
     9    0.110437    0.196673    0.575782    1.062148 ^ clkbuf_0_clk/X (sky130_fd_sc_hd__clkbuf_16)
                                                         clknet_0_clk (net)
                      0.197455    0.010638    1.072786 ^ clkbuf_2_1_0_clk/A (sky130_fd_sc_hd__clkbuf_8)
     5    0.043734    0.138656    0.342494    1.415280 ^ clkbuf_2_1_0_clk/X (sky130_fd_sc_hd__clkbuf_8)
                                                         clknet_2_1_0_clk (net)
                      0.138728    0.002917    1.418197 ^ clkbuf_3_2__f_clk/A (sky130_fd_sc_hd__clkbuf_16)
    21    0.053243    0.111426    0.295925    1.714122 ^ clkbuf_3_2__f_clk/X (sky130_fd_sc_hd__clkbuf_16)
                                                         clknet_3_2__leaf_clk (net)
                      0.111472    0.002015    1.716137 ^ _600_/CLK (sky130_fd_sc_hd__dfrtp_4)
     5    0.068091    0.267846    1.192046    2.908183 v _600_/Q (sky130_fd_sc_hd__dfrtp_4)
                                                         tcout[0] (net)
                      0.267846    0.001686    2.909869 v fanout102/A (sky130_fd_sc_hd__clkbuf_4)
    21    0.060514    0.223273    0.482656    3.392525 v fanout102/X (sky130_fd_sc_hd__clkbuf_4)
                                                         net102 (net)
                      0.223328    0.003373    3.395899 v _508_/A1 (sky130_fd_sc_hd__o21ba_1)
     1    0.003872    0.073680    0.403276    3.799175 v _508_/X (sky130_fd_sc_hd__o21ba_1)
                                                         _264_ (net)
                      0.073680    0.000132    3.799307 v _509_/C1 (sky130_fd_sc_hd__a221o_1)
     1    0.004530    0.110883    0.514862    4.314169 v _509_/X (sky130_fd_sc_hd__a221o_1)
                                                         _265_ (net)
                      0.110883    0.000171    4.314340 v _511_/C (sky130_fd_sc_hd__or4_1)
     1    0.002568    0.172871    1.103911    5.418251 v _511_/X (sky130_fd_sc_hd__or4_1)
                                                         _267_ (net)
                      0.172871    0.000074    5.418325 v _516_/D (sky130_fd_sc_hd__or4_4)
     9    0.028582    0.230834    1.003288    6.421613 v _516_/X (sky130_fd_sc_hd__or4_4)
                                                         _272_ (net)
                      0.230834    0.001393    6.423006 v _523_/A (sky130_fd_sc_hd__and3_1)
     1    0.003839    0.079494    0.378273    6.801279 v _523_/X (sky130_fd_sc_hd__and3_1)
                                                         _018_ (net)
                      0.079537    0.000128    6.801407 v _602_/D (sky130_fd_sc_hd__dfrtp_4)
                                              6.801407   data arrival time

                                  5.100000    5.100000   clock clk (rise edge)
                                  0.000000    5.100000   clock source latency
     2    0.094394    0.681254    0.486366    5.586366 ^ clk (in)
                                                         clk (net)
                      0.683783    0.000000    5.586366 ^ clkbuf_0_clk/A (sky130_fd_sc_hd__clkbuf_16)
     9    0.110437    0.196673    0.575783    6.162148 ^ clkbuf_0_clk/X (sky130_fd_sc_hd__clkbuf_16)
                                                         clknet_0_clk (net)
                      0.196826    0.005246    6.167394 ^ clkbuf_2_0_0_clk/A (sky130_fd_sc_hd__clkbuf_8)
     5    0.030055    0.108088    0.316460    6.483854 ^ clkbuf_2_0_0_clk/X (sky130_fd_sc_hd__clkbuf_8)
                                                         clknet_2_0_0_clk (net)
                      0.108102    0.001263    6.485117 ^ clkbuf_3_1__f_clk/A (sky130_fd_sc_hd__clkbuf_16)
    27    0.072319    0.137487    0.302217    6.787334 ^ clkbuf_3_1__f_clk/X (sky130_fd_sc_hd__clkbuf_16)
                                                         clknet_3_1__leaf_clk (net)
                      0.137519    0.002045    6.789379 ^ _602_/CLK (sky130_fd_sc_hd__dfrtp_4)
                                 -0.005100    6.784279   clock uncertainty
                                  0.000000    6.784279   clock reconvergence pessimism
                                 -0.260806    6.523473   library setup time
                                              6.523473   data required time
---------------------------------------------------------------------------------------------
                                              6.523473   data required time
                                             -6.801407   data arrival time
---------------------------------------------------------------------------------------------
                                             -0.277935   slack (VIOLATED)




===========================================================================
 report_check_types -max_slew -max_cap -max_fanout -violators
============================================================================
======================= nom_ss_100C_1v60 Corner ===================================

max slew

Pin                                        Limit        Slew       Slack
------------------------------------------------------------------------
mem_i1/addr1[1]                         0.500000    1.358522   -0.858522 (VIOLATED)
ANTENNA__632__D/DIODE                   0.500000    1.201166   -0.701166 (VIOLATED)
_632_/D                                 0.500000    1.201165   -0.701165 (VIOLATED)
ANTENNA_wire89_X/DIODE                  0.500000    1.197297   -0.697297 (VIOLATED)
wire89/X                                0.500000    1.197294   -0.697294 (VIOLATED)
ANTENNA__633__D/DIODE                   0.500000    1.144993   -0.644993 (VIOLATED)
_633_/D                                 0.500000    1.144993   -0.644993 (VIOLATED)
ANTENNA_wire88_X/DIODE                  0.500000    1.141296   -0.641296 (VIOLATED)
wire88/X                                0.500000    1.141294   -0.641294 (VIOLATED)
ANTENNA__635__D/DIODE                   0.500000    1.064636   -0.564636 (VIOLATED)
_635_/D                                 0.500000    1.064636   -0.564636 (VIOLATED)
ANTENNA_wire98_X/DIODE                  0.500000    1.061447   -0.561447 (VIOLATED)
wire98/X                                0.500000    1.061445   -0.561445 (VIOLATED)
ANTENNA__634__D/DIODE                   0.500000    1.021479   -0.521478 (VIOLATED)
_634_/D                                 0.500000    1.021478   -0.521478 (VIOLATED)
ANTENNA_mem_i1_addr1[1]/DIODE           0.500000    1.018886   -0.518886 (VIOLATED)
ANTENNA_wire87_X/DIODE                  0.500000    1.018443   -0.518443 (VIOLATED)
wire87/X                                0.500000    1.018441   -0.518441 (VIOLATED)
ANTENNA_rebuffer3_X/DIODE               0.500000    1.018306   -0.518306 (VIOLATED)
rebuffer3/X                             0.500000    1.018304   -0.518304 (VIOLATED)
_631_/D                                 0.500000    0.901376   -0.401376 (VIOLATED)
ANTENNA__631__D/DIODE                   0.500000    0.901374   -0.401374 (VIOLATED)
ANTENNA_wire90_X/DIODE                  0.500000    0.897829   -0.397829 (VIOLATED)
wire90/X                                0.500000    0.897828   -0.397828 (VIOLATED)
_628_/D                                 0.500000    0.852644   -0.352644 (VIOLATED)
ANTENNA__628__D/DIODE                   0.500000    0.852641   -0.352641 (VIOLATED)
ANTENNA_wire92_X/DIODE                  0.500000    0.850454   -0.350454 (VIOLATED)
wire92/X                                0.500000    0.850452   -0.350452 (VIOLATED)
ANTENNA__630__D/DIODE                   0.500000    0.825547   -0.325547 (VIOLATED)
_630_/D                                 0.500000    0.825547   -0.325547 (VIOLATED)
ANTENNA_wire91_X/DIODE                  0.500000    0.823751   -0.323751 (VIOLATED)
wire91/X                                0.500000    0.823750   -0.323750 (VIOLATED)
ANTENNA_18/DIODE                        0.500000    0.765309   -0.265309 (VIOLATED)
ANTENNA__637__D/DIODE                   0.500000    0.765307   -0.265307 (VIOLATED)
_637_/D                                 0.500000    0.765306   -0.265306 (VIOLATED)
ANTENNA_wire97_X/DIODE                  0.500000    0.763832   -0.263832 (VIOLATED)
wire97/X                                0.500000    0.763830   -0.263830 (VIOLATED)
mem_i1/addr0[1]                         0.500000    0.737486   -0.237486 (VIOLATED)
mem_i0/addr1[6]                         0.500000    0.684747   -0.184747 (VIOLATED)
clkbuf_0_clk/A                          0.500000    0.683783   -0.183783 (VIOLATED)
ANTENNA_clkbuf_0_clk_A/DIODE            0.500000    0.683773   -0.183773 (VIOLATED)
mem_i1/addr1[6]                         0.500000    0.682044   -0.182044 (VIOLATED)
clk                                     0.500000    0.681254   -0.181254 (VIOLATED)
ANTENNA__627__D/DIODE                   0.500000    0.675940   -0.175940 (VIOLATED)
_627_/D                                 0.500000    0.675939   -0.175939 (VIOLATED)
ANTENNA_wire93_X/DIODE                  0.500000    0.674613   -0.174613 (VIOLATED)
wire93/X                                0.500000    0.674612   -0.174612 (VIOLATED)
mem_i0/addr1[2]                         0.500000    0.649917   -0.149917 (VIOLATED)
mem_i1/addr1[2]                         0.500000    0.649520   -0.149520 (VIOLATED)
mem_i0/addr1[5]                         0.500000    0.648132   -0.148132 (VIOLATED)
mem_i1/addr1[5]                         0.500000    0.645479   -0.145479 (VIOLATED)
_548_/A1                                0.500000    0.623543   -0.123543 (VIOLATED)
ANTENNA__548__A1/DIODE                  0.500000    0.623541   -0.123541 (VIOLATED)
ANTENNA__629__Q/DIODE                   0.500000    0.623437   -0.123437 (VIOLATED)
_629_/Q                                 0.500000    0.623437   -0.123437 (VIOLATED)
mem_i0/addr1[4]                         0.500000    0.619053   -0.119053 (VIOLATED)
mem_i1/addr1[4]                         0.500000    0.618737   -0.118737 (VIOLATED)
_557_/A1                                0.500000    0.613675   -0.113675 (VIOLATED)
ANTENNA__557__A1/DIODE                  0.500000    0.613675   -0.113675 (VIOLATED)
ANTENNA__638__Q/DIODE                   0.500000    0.613596   -0.113596 (VIOLATED)
_638_/Q                                 0.500000    0.613596   -0.113596 (VIOLATED)
_555_/A1                                0.500000    0.606717   -0.106717 (VIOLATED)
ANTENNA__555__A1/DIODE                  0.500000    0.606715   -0.106715 (VIOLATED)
mem_i1/din0[12]                         0.500000    0.606300   -0.106300 (VIOLATED)
mem_i1/din0[13]                         0.500000    0.605619   -0.105619 (VIOLATED)
ANTENNA__636__Q/DIODE                   0.500000    0.605185   -0.105185 (VIOLATED)
_636_/Q                                 0.500000    0.605185   -0.105185 (VIOLATED)
mem_i0/addr1[7]                         0.500000    0.588600   -0.088600 (VIOLATED)
mem_i1/addr1[7]                         0.500000    0.586327   -0.086328 (VIOLATED)
mem_i1/din0[9]                          0.500000    0.583352   -0.083352 (VIOLATED)
mem_i0/addr1[3]                         0.500000    0.567158   -0.067158 (VIOLATED)
mem_i1/addr1[3]                         0.500000    0.567147   -0.067147 (VIOLATED)
mem_i1/din0[11]                         0.500000    0.563154   -0.063154 (VIOLATED)
ANTENNA_mem_i1_addr0[1]/DIODE           0.500000    0.553115   -0.053115 (VIOLATED)
ANTENNA_input10_X/DIODE                 0.500000    0.553106   -0.053106 (VIOLATED)
input10/X                               0.500000    0.553106   -0.053106 (VIOLATED)
mem_i1/din0[6]                          0.500000    0.535927   -0.035927 (VIOLATED)
mem_i1/din0[4]                          0.500000    0.533550   -0.033550 (VIOLATED)
mem_i1/din0[7]                          0.500000    0.532423   -0.032423 (VIOLATED)
_558_/A1                                0.500000    0.518142   -0.018142 (VIOLATED)
ANTENNA__558__A1/DIODE                  0.500000    0.518141   -0.018141 (VIOLATED)
ANTENNA__639__Q/DIODE                   0.500000    0.518098   -0.018098 (VIOLATED)
_639_/Q                                 0.500000    0.518098   -0.018098 (VIOLATED)
ANTENNA_mem_i0_addr1[6]/DIODE           0.500000    0.513555   -0.013555 (VIOLATED)
mem_i1/din0[5]                          0.500000    0.512398   -0.012398 (VIOLATED)
ANTENNA__499__B1/DIODE                  0.500000    0.511633   -0.011633 (VIOLATED)
_499_/B1                                0.500000    0.511621   -0.011621 (VIOLATED)
_496_/A                                 0.500000    0.511575   -0.011575 (VIOLATED)
ANTENNA__496__A/DIODE                   0.500000    0.511571   -0.011571 (VIOLATED)
ANTENNA_mem_i1_addr1[6]/DIODE           0.500000    0.511530   -0.011530 (VIOLATED)
_535_/A                                 0.500000    0.511497   -0.011497 (VIOLATED)
ANTENNA__535__A/DIODE                   0.500000    0.511490   -0.011490 (VIOLATED)
ANTENNA__536__A/DIODE                   0.500000    0.511486   -0.011486 (VIOLATED)
_536_/A                                 0.500000    0.511486   -0.011486 (VIOLATED)
_537_/A                                 0.500000    0.511486   -0.011486 (VIOLATED)
ANTENNA__537__A/DIODE                   0.500000    0.511486   -0.011486 (VIOLATED)
ANTENNA__606__Q/DIODE                   0.500000    0.511470   -0.011470 (VIOLATED)
_606_/Q                                 0.500000    0.511442   -0.011442 (VIOLATED)
mem_i0/csb0                             0.500000    0.503882   -0.003882 (VIOLATED)

max fanout

Pin                                   Limit Fanout  Slack
---------------------------------------------------------
clkbuf_3_1__f_clk/X                      10     27    -17 (VIOLATED)
clkbuf_3_0__f_clk/X                      10     21    -11 (VIOLATED)
clkbuf_3_2__f_clk/X                      10     21    -11 (VIOLATED)
clkbuf_3_6__f_clk/X                      10     21    -11 (VIOLATED)
fanout100/X                              10     21    -11 (VIOLATED)
fanout102/X                              10     21    -11 (VIOLATED)
fanout103/X                              10     21    -11 (VIOLATED)
fanout104/X                              10     19     -9 (VIOLATED)
fanout105/X                              10     17     -7 (VIOLATED)
_602_/Q                                  10     15     -5 (VIOLATED)
_604_/Q                                  10     15     -5 (VIOLATED)
_606_/Q                                  10     15     -5 (VIOLATED)
clkbuf_3_3__f_clk/X                      10     15     -5 (VIOLATED)
clkbuf_3_4__f_clk/X                      10     13     -3 (VIOLATED)
clkbuf_3_7__f_clk/X                      10     13     -3 (VIOLATED)
fanout101/X                              10     13     -3 (VIOLATED)
_603_/Q                                  10     11        (VIOLATED)
_605_/Q                                  10     11        (VIOLATED)
_607_/Q                                  10     11        (VIOLATED)
clkbuf_3_5__f_clk/X                      10     11        (VIOLATED)

max capacitance

Pin                                        Limit         Cap       Slack
------------------------------------------------------------------------
mem_i1/dout1[13]                        0.027560    0.038387   -0.010827 (VIOLATED)
mem_i1/dout1[4]                         0.027560    0.032111   -0.004551 (VIOLATED)



===========================================================================
report_parasitic_annotation -report_unannotated
============================================================================
Found 6 unannotated drivers.
 clkload0/Y
 clkload1/X
 clkload2/X
 clkload3/Y
 mem_i0_114/HI
 mem_i1_115/HI
Found 0 partially unannotated drivers.

===========================================================================
max slew violation count 99
max fanout violation count 20
max cap violation count 2
============================================================================

===========================================================================
check_setup -verbose -unconstrained_endpoints -multiple_clock -no_clock -no_input_delay -loops -generated_clocks
===========================================================================
Warning: There are 8 input ports missing set_input_delay.
  denum[0]
  denum[1]
  denum[2]
  denum[3]
  num[0]
  num[1]
  num[2]
  num[3]
Warning: There are 2 unconstrained endpoints.
  mem_i0/csb1
  mem_i1/csb1
