Clock: clk
Sources: clk 
Generated: no
Virtual: yes
Propagated: no
Period: 5.000000

===========================================================================
report_clock_properties
============================================================================
Clock                   Period          Waveform
----------------------------------------------------
clk                   5.000000    0.000000  2.500000

===========================================================================
report_clock_latency
============================================================================
Clock clk
rise -> rise
    min     max
0.000000 0.000000 source latency
0.541964         network latency _094_/CLK
        0.548934 network latency _100_/CLK
---------------
0.541964 0.548934 latency
        0.006970 skew

fall -> fall
    min     max
0.000000 0.000000 source latency
0.451579         network latency _094_/CLK
        0.456114 network latency _100_/CLK
---------------
0.451579 0.456114 latency
        0.004534 skew



===========================================================================
report_clock_min_period
============================================================================
clk period_min = 1.63 fmax = 614.64
