
===========================================================================
report_checks -unconstrained
===========================================================================
======================= max_ss_100C_1v60 Corner ===================================

Startpoint: rst (input port clocked by clk)
Endpoint: _134_ (recovery check against rising-edge clock clk)
Path Group: asynchronous
Path Type: max

Fanout         Cap        Slew       Delay        Time   Description
---------------------------------------------------------------------------------------------
                                  0.000000    0.000000   clock clk (rise edge)
                                  0.000000    0.000000   clock network delay (propagated)
                                  2.500000    2.500000 v input external delay
     2    0.003868    0.022616    0.012635    2.512635 v rst (in)
                                                         rst (net)
                      0.022617    0.000000    2.512635 v input51/A (sky130_fd_sc_hd__clkbuf_1)
     3    0.017428    0.204288    0.258578    2.771214 v input51/X (sky130_fd_sc_hd__clkbuf_1)
                                                         net51 (net)
                      0.204376    0.001938    2.773151 v fanout109/A (sky130_fd_sc_hd__clkbuf_4)
    15    0.061246    0.226671    0.450745    3.223896 v fanout109/X (sky130_fd_sc_hd__clkbuf_4)
                                                         net109 (net)
                      0.226695    0.002619    3.226516 v fanout108/A (sky130_fd_sc_hd__buf_4)
    21    0.078531    0.193112    0.449577    3.676093 v fanout108/X (sky130_fd_sc_hd__buf_4)
                                                         net108 (net)
                      0.194254    0.011650    3.687743 v fanout107/A (sky130_fd_sc_hd__buf_4)
    10    0.058121    0.151053    0.401174    4.088916 v fanout107/X (sky130_fd_sc_hd__buf_4)
                                                         net107 (net)
                      0.151068    0.001745    4.090661 v _109_/A (sky130_fd_sc_hd__inv_2)
     1    0.005080    0.063894    0.111741    4.202402 ^ _109_/Y (sky130_fd_sc_hd__inv_2)
                                                         _039_ (net)
                      0.063894    0.000282    4.202684 ^ _134_/RESET_B (sky130_fd_sc_hd__dfrtp_4)
                                              4.202684   data arrival time

                                  5.000000    5.000000   clock clk (rise edge)
                                  0.000000    5.000000   clock source latency
     2    0.079084    0.570942    0.411982    5.411982 ^ clk (in)
                                                         clk (net)
                      0.574026    0.000000    5.411982 ^ clkbuf_0_clk/A (sky130_fd_sc_hd__clkbuf_16)
     9    0.079645    0.153731    0.499647    5.911628 ^ clkbuf_0_clk/X (sky130_fd_sc_hd__clkbuf_16)
                                                         clknet_0_clk (net)
                      0.157194    0.017895    5.929524 ^ clkbuf_2_2_0_clk/A (sky130_fd_sc_hd__clkbuf_8)
    17    0.067894    0.198458    0.365143    6.294667 ^ clkbuf_2_2_0_clk/X (sky130_fd_sc_hd__clkbuf_8)
                                                         clknet_2_2_0_clk (net)
                      0.198982    0.008261    6.302927 ^ _134_/CLK (sky130_fd_sc_hd__dfrtp_4)
                                 -0.250000    6.052927   clock uncertainty
                                  0.000000    6.052927   clock reconvergence pessimism
                                  0.489709    6.542637   library recovery time
                                              6.542637   data required time
---------------------------------------------------------------------------------------------
                                              6.542637   data required time
                                             -4.202684   data arrival time
---------------------------------------------------------------------------------------------
                                              2.339953   slack (MET)


Startpoint: _125_ (rising edge-triggered flip-flop clocked by clk)
Endpoint: sine_out[13] (output port clocked by clk)
Path Group: clk
Path Type: max

Fanout         Cap        Slew       Delay        Time   Description
---------------------------------------------------------------------------------------------
                                  0.000000    0.000000   clock clk (rise edge)
                                  0.000000    0.000000   clock source latency
     2    0.079084    0.570942    0.411981    0.411981 ^ clk (in)
                                                         clk (net)
                      0.574026    0.000000    0.411981 ^ clkbuf_0_clk/A (sky130_fd_sc_hd__clkbuf_16)
     9    0.079645    0.153731    0.499647    0.911628 ^ clkbuf_0_clk/X (sky130_fd_sc_hd__clkbuf_16)
                                                         clknet_0_clk (net)
                      0.157255    0.018060    0.929688 ^ clkbuf_2_3_0_clk/A (sky130_fd_sc_hd__clkbuf_8)
    21    0.173118    0.463461    0.515505    1.445193 ^ clkbuf_2_3_0_clk/X (sky130_fd_sc_hd__clkbuf_8)
                                                         clknet_2_3_0_clk (net)
                      0.469744    0.044110    1.489303 ^ _125_/CLK (sky130_fd_sc_hd__dfrtp_1)
     3    0.024687    0.259269    1.083922    2.573225 v _125_/Q (sky130_fd_sc_hd__dfrtp_1)
                                                         net56 (net)
                      0.259321    0.003631    2.576856 v output56/A (sky130_fd_sc_hd__clkbuf_4)
     1    0.035035    0.142010    0.415514    2.992370 v output56/X (sky130_fd_sc_hd__clkbuf_4)
                                                         sine_out[13] (net)
                      0.142030    0.001731    2.994101 v sine_out[13] (out)
                                              2.994101   data arrival time

                                  5.000000    5.000000   clock clk (rise edge)
                                  0.000000    5.000000   clock network delay (propagated)
                                 -0.250000    4.750000   clock uncertainty
                                  0.000000    4.750000   clock reconvergence pessimism
                                 -2.250000    2.500000   output external delay
                                              2.500000   data required time
---------------------------------------------------------------------------------------------
                                              2.500000   data required time
                                             -2.994101   data arrival time
---------------------------------------------------------------------------------------------
                                             -0.494101   slack (VIOLATED)




===========================================================================
report_checks --slack_max -0.01
============================================================================
======================= max_ss_100C_1v60 Corner ===================================

Startpoint: _125_ (rising edge-triggered flip-flop clocked by clk)
Endpoint: sine_out[13] (output port clocked by clk)
Path Group: clk
Path Type: max

Fanout         Cap        Slew       Delay        Time   Description
---------------------------------------------------------------------------------------------
                                  0.000000    0.000000   clock clk (rise edge)
                                  0.000000    0.000000   clock source latency
     2    0.079084    0.570942    0.411981    0.411981 ^ clk (in)
                                                         clk (net)
                      0.574026    0.000000    0.411981 ^ clkbuf_0_clk/A (sky130_fd_sc_hd__clkbuf_16)
     9    0.079645    0.153731    0.499647    0.911628 ^ clkbuf_0_clk/X (sky130_fd_sc_hd__clkbuf_16)
                                                         clknet_0_clk (net)
                      0.157255    0.018060    0.929688 ^ clkbuf_2_3_0_clk/A (sky130_fd_sc_hd__clkbuf_8)
    21    0.173118    0.463461    0.515505    1.445193 ^ clkbuf_2_3_0_clk/X (sky130_fd_sc_hd__clkbuf_8)
                                                         clknet_2_3_0_clk (net)
                      0.469744    0.044110    1.489303 ^ _125_/CLK (sky130_fd_sc_hd__dfrtp_1)
     3    0.024687    0.259269    1.083922    2.573225 v _125_/Q (sky130_fd_sc_hd__dfrtp_1)
                                                         net56 (net)
                      0.259321    0.003631    2.576856 v output56/A (sky130_fd_sc_hd__clkbuf_4)
     1    0.035035    0.142010    0.415514    2.992370 v output56/X (sky130_fd_sc_hd__clkbuf_4)
                                                         sine_out[13] (net)
                      0.142030    0.001731    2.994101 v sine_out[13] (out)
                                              2.994101   data arrival time

                                  5.000000    5.000000   clock clk (rise edge)
                                  0.000000    5.000000   clock network delay (propagated)
                                 -0.250000    4.750000   clock uncertainty
                                  0.000000    4.750000   clock reconvergence pessimism
                                 -2.250000    2.500000   output external delay
                                              2.500000   data required time
---------------------------------------------------------------------------------------------
                                              2.500000   data required time
                                             -2.994101   data arrival time
---------------------------------------------------------------------------------------------
                                             -0.494101   slack (VIOLATED)




===========================================================================
 report_check_types -max_slew -max_cap -max_fanout -violators
============================================================================
======================= max_ss_100C_1v60 Corner ===================================

max slew

Pin                                        Limit        Slew       Slack
------------------------------------------------------------------------
mem_i1/addr1[6]                         0.500000    0.869764   -0.369764 (VIOLATED)
mem_i0/addr1[6]                         0.500000    0.865876   -0.365876 (VIOLATED)
mem_i1/addr1[3]                         0.500000    0.863602   -0.363602 (VIOLATED)
mem_i0/addr1[3]                         0.500000    0.852160   -0.352160 (VIOLATED)
mem_i1/addr1[7]                         0.500000    0.779274   -0.279274 (VIOLATED)
mem_i0/addr1[7]                         0.500000    0.775593   -0.275593 (VIOLATED)
mem_i1/addr1[4]                         0.500000    0.637212   -0.137212 (VIOLATED)
mem_i0/addr0[5]                         0.500000    0.637097   -0.137097 (VIOLATED)
mem_i1/addr1[0]                         0.500000    0.620103   -0.120103 (VIOLATED)
mem_i0/addr1[0]                         0.500000    0.618306   -0.118306 (VIOLATED)
mem_i0/addr0[6]                         0.500000    0.616453   -0.116453 (VIOLATED)
mem_i0/addr0[4]                         0.500000    0.591587   -0.091587 (VIOLATED)
mem_i0/addr0[7]                         0.500000    0.582143   -0.082143 (VIOLATED)
mem_i1/addr0[6]                         0.500000    0.581356   -0.081356 (VIOLATED)
mem_i0/addr0[2]                         0.500000    0.574121   -0.074121 (VIOLATED)
mem_i1/addr1[1]                         0.500000    0.566822   -0.066822 (VIOLATED)
mem_i0/addr1[1]                         0.500000    0.564818   -0.064818 (VIOLATED)
mem_i1/addr1[2]                         0.500000    0.556579   -0.056579 (VIOLATED)
mem_i1/addr0[4]                         0.500000    0.526047   -0.026047 (VIOLATED)
mem_i1/addr0[7]                         0.500000    0.514486   -0.014486 (VIOLATED)
mem_i0/addr0[3]                         0.500000    0.512019   -0.012019 (VIOLATED)
mem_i1/addr0[5]                         0.500000    0.506131   -0.006131 (VIOLATED)

max fanout

Pin                                   Limit Fanout  Slack
---------------------------------------------------------
clkbuf_2_3_0_clk/X                       10     21    -11 (VIOLATED)
fanout108/X                              10     21    -11 (VIOLATED)
clkbuf_2_1_0_clk/X                       10     17     -7 (VIOLATED)
clkbuf_2_2_0_clk/X                       10     17     -7 (VIOLATED)
fanout101/X                              10     15     -5 (VIOLATED)
fanout109/X                              10     15     -5 (VIOLATED)
clkbuf_2_0_0_clk/X                       10     13     -3 (VIOLATED)
_134_/Q                                  10     11        (VIOLATED)
load_slew102/X                           10     11        (VIOLATED)
load_slew103/X                           10     11        (VIOLATED)

max capacitance

Pin                                        Limit         Cap       Slack
------------------------------------------------------------------------
mem_i0/dout1[1]                         0.027560    0.034833   -0.007273 (VIOLATED)
mem_i0/dout1[0]                         0.027560    0.033804   -0.006244 (VIOLATED)
mem_i0/dout1[3]                         0.027560    0.033108   -0.005548 (VIOLATED)
mem_i1/dout1[15]                        0.027560    0.032774   -0.005214 (VIOLATED)
mem_i0/dout1[2]                         0.027560    0.032459   -0.004899 (VIOLATED)
mem_i0/dout1[8]                         0.027560    0.030192   -0.002632 (VIOLATED)
mem_i1/dout1[10]                        0.027560    0.029640   -0.002080 (VIOLATED)
mem_i1/dout1[9]                         0.027560    0.029309   -0.001749 (VIOLATED)
mem_i1/dout1[8]                         0.027560    0.028927   -0.001367 (VIOLATED)
mem_i0/dout1[4]                         0.027560    0.028915   -0.001355 (VIOLATED)
mem_i1/dout1[7]                         0.027560    0.028738   -0.001178 (VIOLATED)
mem_i1/dout1[6]                         0.027560    0.028452   -0.000892 (VIOLATED)
mem_i0/dout1[5]                         0.027560    0.027575   -0.000015 (VIOLATED)



===========================================================================
report_parasitic_annotation -report_unannotated
============================================================================
Found 5 unannotated drivers.
 clkload0/Y
 clkload1/Y
 clkload2/Y
 mem_i0_110/HI
 mem_i1_111/HI
Found 0 partially unannotated drivers.

===========================================================================
max slew violation count 22
max fanout violation count 10
max cap violation count 13
============================================================================

===========================================================================
check_setup -verbose -unconstrained_endpoints -multiple_clock -no_clock -no_input_delay -loops -generated_clocks
===========================================================================
Warning: There are 50 input ports missing set_input_delay.
  addr00[0]
  addr00[1]
  addr00[2]
  addr00[3]
  addr00[4]
  addr00[5]
  addr00[6]
  addr00[7]
  addr01[0]
  addr01[1]
  addr01[2]
  addr01[3]
  addr01[4]
  addr01[5]
  addr01[6]
  addr01[7]
  csb00
  csb01
  din00[0]
  din00[10]
  din00[11]
  din00[12]
  din00[13]
  din00[14]
  din00[15]
  din00[1]
  din00[2]
  din00[3]
  din00[4]
  din00[5]
  din00[6]
  din00[7]
  din00[8]
  din00[9]
  din01[0]
  din01[10]
  din01[11]
  din01[12]
  din01[13]
  din01[14]
  din01[15]
  din01[1]
  din01[2]
  din01[3]
  din01[4]
  din01[5]
  din01[6]
  din01[7]
  din01[8]
  din01[9]
Warning: There are 52 unconstrained endpoints.
  mem_i0/addr0[0]
  mem_i0/addr0[1]
  mem_i0/addr0[2]
  mem_i0/addr0[3]
  mem_i0/addr0[4]
  mem_i0/addr0[5]
  mem_i0/addr0[6]
  mem_i0/addr0[7]
  mem_i0/csb0
  mem_i0/csb1
  mem_i0/din0[0]
  mem_i0/din0[10]
  mem_i0/din0[11]
  mem_i0/din0[12]
  mem_i0/din0[13]
  mem_i0/din0[14]
  mem_i0/din0[15]
  mem_i0/din0[1]
  mem_i0/din0[2]
  mem_i0/din0[3]
  mem_i0/din0[4]
  mem_i0/din0[5]
  mem_i0/din0[6]
  mem_i0/din0[7]
  mem_i0/din0[8]
  mem_i0/din0[9]
  mem_i1/addr0[0]
  mem_i1/addr0[1]
  mem_i1/addr0[2]
  mem_i1/addr0[3]
  mem_i1/addr0[4]
  mem_i1/addr0[5]
  mem_i1/addr0[6]
  mem_i1/addr0[7]
  mem_i1/csb0
  mem_i1/csb1
  mem_i1/din0[0]
  mem_i1/din0[10]
  mem_i1/din0[11]
  mem_i1/din0[12]
  mem_i1/din0[13]
  mem_i1/din0[14]
  mem_i1/din0[15]
  mem_i1/din0[1]
  mem_i1/din0[2]
  mem_i1/din0[3]
  mem_i1/din0[4]
  mem_i1/din0[5]
  mem_i1/din0[6]
  mem_i1/din0[7]
  mem_i1/din0[8]
  mem_i1/din0[9]
