Clock: clk
Sources: clk 
Generated: no
Virtual: yes
Propagated: no
Period: 5.000000

===========================================================================
report_clock_properties
============================================================================
Clock                   Period          Waveform
----------------------------------------------------
clk                   5.000000    0.000000  2.500000

===========================================================================
report_clock_latency
============================================================================
Clock clk
rise -> rise
    min     max
0.000000 0.000000 source latency
1.302928         network latency _134_/CLK
        1.520442 network latency mem_i1/clk1
---------------
1.302928 1.520442 latency
        0.217515 skew

fall -> fall
    min     max
0.000000 0.000000 source latency
1.059390         network latency _134_/CLK
        1.218684 network latency mem_i1/clk1
---------------
1.059390 1.218684 latency
        0.159294 skew



===========================================================================
report_clock_min_period
============================================================================
clk period_min = 4.10 fmax = 243.70
