
===========================================================================
report_checks -unconstrained
===========================================================================
======================= min_ss_100C_1v60 Corner ===================================

Startpoint: rst (input port clocked by clk)
Endpoint: _091_ (recovery check against rising-edge clock clk)
Path Group: asynchronous
Path Type: max

Fanout         Cap        Slew       Delay        Time   Description
---------------------------------------------------------------------------------------------
                                  0.000000    0.000000   clock clk (rise edge)
                                  0.000000    0.000000   clock network delay (propagated)
                                  2.500000    2.500000 v input external delay
     2    0.003555    0.021380    0.011581    2.511581 v rst (in)
                                                         rst (net)
                      0.021380    0.000000    2.511581 v input26/A (sky130_fd_sc_hd__clkbuf_1)
     1    0.007634    0.099916    0.179946    2.691527 v input26/X (sky130_fd_sc_hd__clkbuf_1)
                                                         net26 (net)
                      0.099916    0.000183    2.691710 v fanout93/A (sky130_fd_sc_hd__clkbuf_8)
    21    0.104172    0.203559    0.386759    3.078469 v fanout93/X (sky130_fd_sc_hd__clkbuf_8)
                                                         net93 (net)
                      0.204671    0.012246    3.090715 v fanout92/A (sky130_fd_sc_hd__buf_2)
     6    0.031876    0.156510    0.401780    3.492495 v fanout92/X (sky130_fd_sc_hd__buf_2)
                                                         net92 (net)
                      0.156510    0.000081    3.492577 v _067_/A (sky130_fd_sc_hd__inv_2)
     1    0.003993    0.058600    0.105900    3.598477 ^ _067_/Y (sky130_fd_sc_hd__inv_2)
                                                         _020_ (net)
                      0.058600    0.000040    3.598516 ^ _091_/RESET_B (sky130_fd_sc_hd__dfrtp_1)
                                              3.598516   data arrival time

                                  5.000000    5.000000   clock clk (rise edge)
                                  0.000000    5.000000   clock source latency
     2    0.065004    0.465798    0.331989    5.331989 ^ clk (in)
                                                         clk (net)
                      0.466655    0.000000    5.331989 ^ clkbuf_0_clk/A (sky130_fd_sc_hd__clkbuf_16)
     5    0.066358    0.132877    0.447231    5.779220 ^ clkbuf_0_clk/X (sky130_fd_sc_hd__clkbuf_16)
                                                         clknet_0_clk (net)
                      0.133785    0.008530    5.787749 ^ clkbuf_1_1__f_clk/A (sky130_fd_sc_hd__clkbuf_16)
    25    0.094184    0.167923    0.337025    6.124774 ^ clkbuf_1_1__f_clk/X (sky130_fd_sc_hd__clkbuf_16)
                                                         clknet_1_1__leaf_clk (net)
                      0.168331    0.006591    6.131365 ^ _091_/CLK (sky130_fd_sc_hd__dfrtp_1)
                                 -0.250000    5.881365   clock uncertainty
                                  0.000000    5.881365   clock reconvergence pessimism
                                  0.499518    6.380883   library recovery time
                                              6.380883   data required time
---------------------------------------------------------------------------------------------
                                              6.380883   data required time
                                             -3.598516   data arrival time
---------------------------------------------------------------------------------------------
                                              2.782367   slack (MET)


Startpoint: _080_ (rising edge-triggered flip-flop clocked by clk)
Endpoint: sine_out[4] (output port clocked by clk)
Path Group: clk
Path Type: max

Fanout         Cap        Slew       Delay        Time   Description
---------------------------------------------------------------------------------------------
                                  0.000000    0.000000   clock clk (rise edge)
                                  0.000000    0.000000   clock source latency
     2    0.065004    0.465798    0.331989    0.331989 ^ clk (in)
                                                         clk (net)
                      0.466655    0.000000    0.331989 ^ clkbuf_0_clk/A (sky130_fd_sc_hd__clkbuf_16)
     5    0.066358    0.132877    0.447231    0.779219 ^ clkbuf_0_clk/X (sky130_fd_sc_hd__clkbuf_16)
                                                         clknet_0_clk (net)
                      0.132878    0.000284    0.779503 ^ clkbuf_1_0__f_clk/A (sky130_fd_sc_hd__clkbuf_16)
    31    0.116801    0.200547    0.359054    1.138558 ^ clkbuf_1_0__f_clk/X (sky130_fd_sc_hd__clkbuf_16)
                                                         clknet_1_0__leaf_clk (net)
                      0.200580    0.002189    1.140746 ^ _080_/CLK (sky130_fd_sc_hd__dfrtp_1)
     1    0.004559    0.091350    0.813314    1.954060 v _080_/Q (sky130_fd_sc_hd__dfrtp_1)
                                                         net37 (net)
                      0.091350    0.000092    1.954152 v output37/A (sky130_fd_sc_hd__clkbuf_1)
     1    0.002150    0.045533    0.163690    2.117842 v output37/X (sky130_fd_sc_hd__clkbuf_1)
                                                         net59 (net)
                      0.045533    0.000009    2.117851 v wire59/A (sky130_fd_sc_hd__clkbuf_1)
     1    0.000755    0.030310    0.127698    2.245549 v wire59/X (sky130_fd_sc_hd__clkbuf_1)
                                                         sine_out[4] (net)
                      0.030310    0.000004    2.245553 v sine_out[4] (out)
                                              2.245553   data arrival time

                                  5.000000    5.000000   clock clk (rise edge)
                                  0.000000    5.000000   clock network delay (propagated)
                                 -0.250000    4.750000   clock uncertainty
                                  0.000000    4.750000   clock reconvergence pessimism
                                 -2.250000    2.500000   output external delay
                                              2.500000   data required time
---------------------------------------------------------------------------------------------
                                              2.500000   data required time
                                             -2.245553   data arrival time
---------------------------------------------------------------------------------------------
                                              0.254447   slack (MET)




===========================================================================
report_checks --slack_max -0.01
============================================================================
======================= min_ss_100C_1v60 Corner ===================================

No paths found.


===========================================================================
 report_check_types -max_slew -max_cap -max_fanout -violators
============================================================================
======================= min_ss_100C_1v60 Corner ===================================

max slew

Pin                                        Limit        Slew       Slack
------------------------------------------------------------------------
clkbuf_0_clk/A                          0.040000    0.466655   -0.426655 (VIOLATED)
ANTENNA_clkbuf_0_clk_A/DIODE            0.040000    0.466651   -0.426651 (VIOLATED)
clk                                     0.040000    0.465798   -0.425798 (VIOLATED)
mem_i/addr1[5]                          0.040000    0.381920   -0.341920 (VIOLATED)
mem_i/addr1[1]                          0.040000    0.342541   -0.302541 (VIOLATED)
mem_i/addr1[6]                          0.040000    0.325395   -0.285395 (VIOLATED)
mem_i/addr0[3]                          0.040000    0.323445   -0.283445 (VIOLATED)
mem_i/addr1[7]                          0.040000    0.308408   -0.268408 (VIOLATED)
mem_i/addr0[4]                          0.040000    0.304700   -0.264700 (VIOLATED)
mem_i/csb0                              0.040000    0.304537   -0.264537 (VIOLATED)
mem_i/addr0[5]                          0.040000    0.302141   -0.262141 (VIOLATED)
mem_i/addr0[2]                          0.040000    0.297878   -0.257878 (VIOLATED)
mem_i/addr0[7]                          0.040000    0.297645   -0.257645 (VIOLATED)
mem_i/addr0[6]                          0.040000    0.297083   -0.257083 (VIOLATED)
fanout91/A                              0.040000    0.295835   -0.255835 (VIOLATED)
ANTENNA_fanout91_A/DIODE                0.040000    0.295829   -0.255829 (VIOLATED)
fanout92/A                              0.040000    0.295769   -0.255769 (VIOLATED)
ANTENNA_fanout92_A/DIODE                0.040000    0.295764   -0.255764 (VIOLATED)
_068_/A                                 0.040000    0.295571   -0.255571 (VIOLATED)
ANTENNA__068__A/DIODE                   0.040000    0.295564   -0.255564 (VIOLATED)
ANTENNA__069__A/DIODE                   0.040000    0.295204   -0.255204 (VIOLATED)
_069_/A                                 0.040000    0.295204   -0.255204 (VIOLATED)
ANTENNA__070__A/DIODE                   0.040000    0.295065   -0.255065 (VIOLATED)
_070_/A                                 0.040000    0.295066   -0.255066 (VIOLATED)
_071_/A                                 0.040000    0.295000   -0.255000 (VIOLATED)
ANTENNA__071__A/DIODE                   0.040000    0.294998   -0.254998 (VIOLATED)
_072_/A                                 0.040000    0.294985   -0.254985 (VIOLATED)
ANTENNA__072__A/DIODE                   0.040000    0.294983   -0.254983 (VIOLATED)
ANTENNA__075__A/DIODE                   0.040000    0.294973   -0.254973 (VIOLATED)
_075_/A                                 0.040000    0.294973   -0.254973 (VIOLATED)
ANTENNA__074__A/DIODE                   0.040000    0.294972   -0.254972 (VIOLATED)
_074_/A                                 0.040000    0.294972   -0.254972 (VIOLATED)
ANTENNA__073__A/DIODE                   0.040000    0.294971   -0.254971 (VIOLATED)
_073_/A                                 0.040000    0.294971   -0.254971 (VIOLATED)
ANTENNA_fanout93_X/DIODE                0.040000    0.294970   -0.254970 (VIOLATED)
fanout93/X                              0.040000    0.294969   -0.254970 (VIOLATED)
mem_i/addr1[4]                          0.040000    0.290787   -0.250787 (VIOLATED)
mem_i/addr1[0]                          0.040000    0.290679   -0.250679 (VIOLATED)
ANTENNA_mem_i_addr1[5]/DIODE            0.040000    0.286441   -0.246441 (VIOLATED)
ANTENNA_max_cap73_X/DIODE               0.040000    0.286299   -0.246299 (VIOLATED)
max_cap73/X                             0.040000    0.286299   -0.246299 (VIOLATED)
mem_i/din0[12]                          0.040000    0.282318   -0.242318 (VIOLATED)
mem_i/din0[8]                           0.040000    0.280667   -0.240667 (VIOLATED)
mem_i/din0[13]                          0.040000    0.279574   -0.239574 (VIOLATED)
mem_i/din0[7]                           0.040000    0.278581   -0.238581 (VIOLATED)
mem_i/din0[2]                           0.040000    0.278244   -0.238244 (VIOLATED)
mem_i/din0[1]                           0.040000    0.276653   -0.236653 (VIOLATED)
mem_i/din0[6]                           0.040000    0.276583   -0.236583 (VIOLATED)
mem_i/din0[4]                           0.040000    0.276540   -0.236540 (VIOLATED)
mem_i/din0[5]                           0.040000    0.276168   -0.236168 (VIOLATED)
mem_i/addr0[1]                          0.040000    0.276164   -0.236164 (VIOLATED)
mem_i/din0[11]                          0.040000    0.276028   -0.236028 (VIOLATED)
mem_i/din0[14]                          0.040000    0.275940   -0.235940 (VIOLATED)
mem_i/din0[15]                          0.040000    0.275671   -0.235671 (VIOLATED)
mem_i/din0[0]                           0.040000    0.275649   -0.235649 (VIOLATED)
mem_i/din0[10]                          0.040000    0.275608   -0.235608 (VIOLATED)
mem_i/din0[3]                           0.040000    0.275562   -0.235561 (VIOLATED)
mem_i/din0[9]                           0.040000    0.275479   -0.235479 (VIOLATED)
mem_i/addr0[0]                          0.040000    0.274575   -0.234575 (VIOLATED)
mem_i/clk0                              0.040000    0.270172   -0.230172 (VIOLATED)
_062_/A                                 0.040000    0.268735   -0.228735 (VIOLATED)
_063_/A                                 0.040000    0.268735   -0.228735 (VIOLATED)
_064_/A                                 0.040000    0.268735   -0.228735 (VIOLATED)
_065_/A                                 0.040000    0.268735   -0.228735 (VIOLATED)
_066_/A                                 0.040000    0.268735   -0.228735 (VIOLATED)
_067_/A                                 0.040000    0.268735   -0.228735 (VIOLATED)
fanout92/X                              0.040000    0.268735   -0.228735 (VIOLATED)
_044_/Y                                 0.040000    0.265107   -0.225107 (VIOLATED)
_045_/B                                 0.040000    0.265107   -0.225107 (VIOLATED)
mem_i/addr1[3]                          0.040000    0.257151   -0.217151 (VIOLATED)
ANTENNA_mem_i_addr1[1]/DIODE            0.040000    0.256906   -0.216906 (VIOLATED)
ANTENNA_max_cap86_X/DIODE               0.040000    0.256904   -0.216904 (VIOLATED)
max_cap86/X                             0.040000    0.256904   -0.216904 (VIOLATED)
_076_/A                                 0.040000    0.254737   -0.214737 (VIOLATED)
_077_/A                                 0.040000    0.254736   -0.214736 (VIOLATED)
_078_/A                                 0.040000    0.254735   -0.214735 (VIOLATED)
_041_/A                                 0.040000    0.254734   -0.214734 (VIOLATED)
_056_/A                                 0.040000    0.254732   -0.214732 (VIOLATED)
_057_/A                                 0.040000    0.254730   -0.214730 (VIOLATED)
_058_/A                                 0.040000    0.254729   -0.214729 (VIOLATED)
_059_/A                                 0.040000    0.254729   -0.214729 (VIOLATED)
_060_/A                                 0.040000    0.254729   -0.214729 (VIOLATED)
_061_/A                                 0.040000    0.254729   -0.214729 (VIOLATED)
fanout91/X                              0.040000    0.254729   -0.214729 (VIOLATED)
ANTENNA_mem_i_addr1[6]/DIODE            0.040000    0.244046   -0.204046 (VIOLATED)
ANTENNA_max_cap71_X/DIODE               0.040000    0.244041   -0.204041 (VIOLATED)
max_cap71/X                             0.040000    0.244041   -0.204041 (VIOLATED)
input4/X                                0.040000    0.242583   -0.202583 (VIOLATED)
mem_i/addr1[2]                          0.040000    0.240081   -0.200081 (VIOLATED)
ANTENNA_mem_i_addr1[7]/DIODE            0.040000    0.231306   -0.191306 (VIOLATED)
ANTENNA_max_cap70_X/DIODE               0.040000    0.231293   -0.191293 (VIOLATED)
max_cap70/X                             0.040000    0.231293   -0.191293 (VIOLATED)
_047_/B                                 0.040000    0.228673   -0.188673 (VIOLATED)
max_cap52/A                             0.040000    0.228673   -0.188673 (VIOLATED)
max_cap53/X                             0.040000    0.228673   -0.188673 (VIOLATED)
input5/X                                0.040000    0.228524   -0.188524 (VIOLATED)
input9/X                                0.040000    0.228402   -0.188402 (VIOLATED)
input6/X                                0.040000    0.226605   -0.186605 (VIOLATED)
mem_i/clk1                              0.040000    0.224219   -0.184219 (VIOLATED)
input3/X                                0.040000    0.223408   -0.183408 (VIOLATED)
input8/X                                0.040000    0.223234   -0.183234 (VIOLATED)
input7/X                                0.040000    0.222812   -0.182812 (VIOLATED)
max_cap75/X                             0.040000    0.218090   -0.178090 (VIOLATED)
ANTENNA_mem_i_addr1[0]/DIODE            0.040000    0.218009   -0.178009 (VIOLATED)
ANTENNA_max_cap90_X/DIODE               0.040000    0.218008   -0.178008 (VIOLATED)
max_cap90/X                             0.040000    0.218008   -0.178008 (VIOLATED)
_049_/Y                                 0.040000    0.211771   -0.171771 (VIOLATED)
_096_/D                                 0.040000    0.211771   -0.171771 (VIOLATED)
input13/X                               0.040000    0.211739   -0.171739 (VIOLATED)
input24/X                               0.040000    0.210438   -0.170438 (VIOLATED)
input14/X                               0.040000    0.209619   -0.169619 (VIOLATED)
input23/X                               0.040000    0.208936   -0.168936 (VIOLATED)
input18/X                               0.040000    0.208683   -0.168683 (VIOLATED)
input17/X                               0.040000    0.207489   -0.167489 (VIOLATED)
input22/X                               0.040000    0.207437   -0.167437 (VIOLATED)
input20/X                               0.040000    0.207405   -0.167405 (VIOLATED)
input21/X                               0.040000    0.207126   -0.167126 (VIOLATED)
input2/X                                0.040000    0.207123   -0.167123 (VIOLATED)
input12/X                               0.040000    0.207021   -0.167021 (VIOLATED)
input15/X                               0.040000    0.206955   -0.166955 (VIOLATED)
input16/X                               0.040000    0.206753   -0.166753 (VIOLATED)
input10/X                               0.040000    0.206737   -0.166737 (VIOLATED)
input11/X                               0.040000    0.206706   -0.166706 (VIOLATED)
input19/X                               0.040000    0.206671   -0.166671 (VIOLATED)
input25/X                               0.040000    0.206609   -0.166609 (VIOLATED)
input1/X                                0.040000    0.205931   -0.165931 (VIOLATED)
ANTENNA_mem_i_clk0/DIODE                0.040000    0.202630   -0.162630 (VIOLATED)
_100_/CLK                               0.040000    0.200708   -0.160708 (VIOLATED)
ANTENNA__100__CLK/DIODE                 0.040000    0.200678   -0.160678 (VIOLATED)
_101_/CLK                               0.040000    0.200668   -0.160668 (VIOLATED)
_102_/CLK                               0.040000    0.200641   -0.160641 (VIOLATED)
ANTENNA__101__CLK/DIODE                 0.040000    0.200622   -0.160622 (VIOLATED)
ANTENNA__102__CLK/DIODE                 0.040000    0.200601   -0.160601 (VIOLATED)
_079_/CLK                               0.040000    0.200600   -0.160600 (VIOLATED)
_080_/CLK                               0.040000    0.200580   -0.160580 (VIOLATED)
ANTENNA__079__CLK/DIODE                 0.040000    0.200567   -0.160567 (VIOLATED)
_081_/CLK                               0.040000    0.200567   -0.160567 (VIOLATED)
ANTENNA__080__CLK/DIODE                 0.040000    0.200566   -0.160565 (VIOLATED)
ANTENNA__089__CLK/DIODE                 0.040000    0.200562   -0.160562 (VIOLATED)
_089_/CLK                               0.040000    0.200562   -0.160562 (VIOLATED)
ANTENNA__088__CLK/DIODE                 0.040000    0.200562   -0.160562 (VIOLATED)
_088_/CLK                               0.040000    0.200562   -0.160562 (VIOLATED)
ANTENNA__087__CLK/DIODE                 0.040000    0.200560   -0.160560 (VIOLATED)
_087_/CLK                               0.040000    0.200560   -0.160560 (VIOLATED)
_086_/CLK                               0.040000    0.200558   -0.160558 (VIOLATED)
ANTENNA__086__CLK/DIODE                 0.040000    0.200558   -0.160558 (VIOLATED)
_082_/CLK                               0.040000    0.200555   -0.160555 (VIOLATED)
ANTENNA__081__CLK/DIODE                 0.040000    0.200555   -0.160555 (VIOLATED)
ANTENNA__085__CLK/DIODE                 0.040000    0.200554   -0.160554 (VIOLATED)
_085_/CLK                               0.040000    0.200554   -0.160554 (VIOLATED)
_084_/CLK                               0.040000    0.200551   -0.160551 (VIOLATED)
ANTENNA__084__CLK/DIODE                 0.040000    0.200550   -0.160550 (VIOLATED)
ANTENNA__082__CLK/DIODE                 0.040000    0.200548   -0.160548 (VIOLATED)
ANTENNA__083__CLK/DIODE                 0.040000    0.200548   -0.160548 (VIOLATED)
ANTENNA_clkbuf_1_0__f_clk_X/DIODE       0.040000    0.200548   -0.160548 (VIOLATED)
_083_/CLK                               0.040000    0.200548   -0.160548 (VIOLATED)
clkbuf_1_0__f_clk/X                     0.040000    0.200547   -0.160547 (VIOLATED)
_053_/Y                                 0.040000    0.196894   -0.156894 (VIOLATED)
_054_/B                                 0.040000    0.196894   -0.156894 (VIOLATED)
max_cap78/X                             0.040000    0.192863   -0.152863 (VIOLATED)
_047_/X                                 0.040000    0.192547   -0.152547 (VIOLATED)
_095_/D                                 0.040000    0.192547   -0.152547 (VIOLATED)
_055_/X                                 0.040000    0.190115   -0.150115 (VIOLATED)
_099_/D                                 0.040000    0.190115   -0.150115 (VIOLATED)
_042_/X                                 0.040000    0.183306   -0.143306 (VIOLATED)
_093_/D                                 0.040000    0.183306   -0.143306 (VIOLATED)
_042_/A                                 0.040000    0.180637   -0.140637 (VIOLATED)
max_cap88/A                             0.040000    0.180637   -0.140637 (VIOLATED)
max_cap89/X                             0.040000    0.180637   -0.140637 (VIOLATED)
_048_/B                                 0.040000    0.180164   -0.140164 (VIOLATED)
_096_/Q                                 0.040000    0.180164   -0.140164 (VIOLATED)
max_cap76/A                             0.040000    0.180164   -0.140164 (VIOLATED)
max_cap77/A                             0.040000    0.180164   -0.140164 (VIOLATED)
ANTENNA_mem_i_addr1[2]/DIODE            0.040000    0.180060   -0.140060 (VIOLATED)
ANTENNA_max_cap83_X/DIODE               0.040000    0.180058   -0.140058 (VIOLATED)
max_cap83/X                             0.040000    0.180058   -0.140058 (VIOLATED)
_055_/B                                 0.040000    0.172501   -0.132501 (VIOLATED)
max_cap43/X                             0.040000    0.172501   -0.132501 (VIOLATED)
_040_/A                                 0.040000    0.171940   -0.131940 (VIOLATED)
_092_/Q                                 0.040000    0.171940   -0.131940 (VIOLATED)
max_cap89/A                             0.040000    0.171940   -0.131940 (VIOLATED)
max_cap90/A                             0.040000    0.171940   -0.131940 (VIOLATED)
_043_/A                                 0.040000    0.169235   -0.129235 (VIOLATED)
max_cap87/A                             0.040000    0.169235   -0.129235 (VIOLATED)
max_cap88/X                             0.040000    0.169235   -0.129235 (VIOLATED)
_042_/B                                 0.040000    0.168727   -0.128727 (VIOLATED)
_093_/Q                                 0.040000    0.168727   -0.128727 (VIOLATED)
max_cap85/A                             0.040000    0.168727   -0.128727 (VIOLATED)
max_cap86/A                             0.040000    0.168727   -0.128727 (VIOLATED)
_090_/CLK                               0.040000    0.168337   -0.128337 (VIOLATED)
ANTENNA__090__CLK/DIODE                 0.040000    0.168334   -0.128334 (VIOLATED)
_091_/CLK                               0.040000    0.168331   -0.128331 (VIOLATED)
ANTENNA__091__CLK/DIODE                 0.040000    0.168323   -0.128323 (VIOLATED)
ANTENNA_mem_i_clk1/DIODE                0.040000    0.168186   -0.128186 (VIOLATED)
ANTENNA__092__CLK/DIODE                 0.040000    0.168052   -0.128052 (VIOLATED)
_092_/CLK                               0.040000    0.168050   -0.128050 (VIOLATED)
_093_/CLK                               0.040000    0.168009   -0.128009 (VIOLATED)
ANTENNA__093__CLK/DIODE                 0.040000    0.168009   -0.128009 (VIOLATED)
_099_/CLK                               0.040000    0.167953   -0.127953 (VIOLATED)
ANTENNA__099__CLK/DIODE                 0.040000    0.167953   -0.127953 (VIOLATED)
ANTENNA__098__CLK/DIODE                 0.040000    0.167950   -0.127950 (VIOLATED)
_098_/CLK                               0.040000    0.167950   -0.127950 (VIOLATED)
_097_/CLK                               0.040000    0.167948   -0.127948 (VIOLATED)
ANTENNA__097__CLK/DIODE                 0.040000    0.167948   -0.127948 (VIOLATED)
ANTENNA__096__CLK/DIODE                 0.040000    0.167941   -0.127941 (VIOLATED)
_096_/CLK                               0.040000    0.167941   -0.127941 (VIOLATED)
_095_/CLK                               0.040000    0.167938   -0.127938 (VIOLATED)
ANTENNA__095__CLK/DIODE                 0.040000    0.167937   -0.127937 (VIOLATED)
ANTENNA__094__CLK/DIODE                 0.040000    0.167929   -0.127929 (VIOLATED)
_094_/CLK                               0.040000    0.167929   -0.127929 (VIOLATED)
clkload0/A                              0.040000    0.167929   -0.127929 (VIOLATED)
ANTENNA_clkload0_A/DIODE                0.040000    0.167927   -0.127927 (VIOLATED)
ANTENNA_clkbuf_1_1__f_clk_X/DIODE       0.040000    0.167924   -0.127924 (VIOLATED)
clkbuf_1_1__f_clk/X                     0.040000    0.167923   -0.127923 (VIOLATED)
_045_/Y                                 0.040000    0.167840   -0.127840 (VIOLATED)
_094_/D                                 0.040000    0.167840   -0.127840 (VIOLATED)
_043_/B                                 0.040000    0.167750   -0.127751 (VIOLATED)
max_cap84/A                             0.040000    0.167750   -0.127751 (VIOLATED)
max_cap85/X                             0.040000    0.167750   -0.127751 (VIOLATED)
ANTENNA__092__RESET_B/DIODE             0.040000    0.166365   -0.126365 (VIOLATED)
_092_/RESET_B                           0.040000    0.166364   -0.126364 (VIOLATED)
ANTENNA__068__Y/DIODE                   0.040000    0.166357   -0.126357 (VIOLATED)
_068_/Y                                 0.040000    0.166357   -0.126357 (VIOLATED)
fanout93/A                              0.040000    0.166037   -0.126037 (VIOLATED)
input26/X                               0.040000    0.166037   -0.126037 (VIOLATED)
_047_/A                                 0.040000    0.157792   -0.117792 (VIOLATED)
_095_/Q                                 0.040000    0.157792   -0.117792 (VIOLATED)
max_cap81/A                             0.040000    0.157792   -0.117792 (VIOLATED)
_043_/C                                 0.040000    0.151693   -0.111693 (VIOLATED)
_094_/Q                                 0.040000    0.151693   -0.111693 (VIOLATED)
max_cap82/A                             0.040000    0.151693   -0.111693 (VIOLATED)
max_cap83/A                             0.040000    0.151693   -0.111693 (VIOLATED)
_054_/Y                                 0.040000    0.146067   -0.106067 (VIOLATED)
_098_/D                                 0.040000    0.146067   -0.106067 (VIOLATED)
_043_/X                                 0.040000    0.143363   -0.103363 (VIOLATED)
_045_/A                                 0.040000    0.143363   -0.103363 (VIOLATED)
max_cap53/A                             0.040000    0.143363   -0.103363 (VIOLATED)
_055_/A                                 0.040000    0.140421   -0.100421 (VIOLATED)
_099_/Q                                 0.040000    0.140421   -0.100421 (VIOLATED)
max_cap70/A                             0.040000    0.140421   -0.100421 (VIOLATED)
_050_/B                                 0.040000    0.138718   -0.098718 (VIOLATED)
max_cap75/A                             0.040000    0.138718   -0.098718 (VIOLATED)
max_cap76/X                             0.040000    0.138718   -0.098718 (VIOLATED)
_052_/B                                 0.040000    0.136932   -0.096932 (VIOLATED)
max_cap48/A                             0.040000    0.136932   -0.096932 (VIOLATED)
max_cap49/X                             0.040000    0.136932   -0.096932 (VIOLATED)
_050_/A                                 0.040000    0.136095   -0.096095 (VIOLATED)
max_cap78/A                             0.040000    0.136095   -0.096095 (VIOLATED)
max_cap79/X                             0.040000    0.136095   -0.096095 (VIOLATED)
clkbuf_1_1__f_clk/A                     0.040000    0.133785   -0.093785 (VIOLATED)
ANTENNA_clkbuf_1_1__f_clk_A/DIODE       0.040000    0.133781   -0.093781 (VIOLATED)
ANTENNA_clkbuf_0_clk_X/DIODE            0.040000    0.132880   -0.092880 (VIOLATED)
clkbuf_1_0__f_clk/A                     0.040000    0.132878   -0.092878 (VIOLATED)
ANTENNA_clkbuf_1_0__f_clk_A/DIODE       0.040000    0.132878   -0.092878 (VIOLATED)
clkbuf_0_clk/X                          0.040000    0.132877   -0.092877 (VIOLATED)
_046_/B                                 0.040000    0.126816   -0.086816 (VIOLATED)
max_cap51/A                             0.040000    0.126816   -0.086816 (VIOLATED)
max_cap52/X                             0.040000    0.126816   -0.086816 (VIOLATED)
_046_/A                                 0.040000    0.125639   -0.085639 (VIOLATED)
max_cap80/A                             0.040000    0.125639   -0.085639 (VIOLATED)
max_cap81/X                             0.040000    0.125639   -0.085639 (VIOLATED)
_048_/C                                 0.040000    0.124702   -0.084702 (VIOLATED)
max_cap50/A                             0.040000    0.124702   -0.084702 (VIOLATED)
max_cap51/X                             0.040000    0.124702   -0.084702 (VIOLATED)
_052_/X                                 0.040000    0.123080   -0.083080 (VIOLATED)
_054_/A                                 0.040000    0.123080   -0.083080 (VIOLATED)
max_cap43/A                             0.040000    0.123080   -0.083080 (VIOLATED)
_053_/A2                                0.040000    0.121789   -0.081789 (VIOLATED)
max_cap46/A                             0.040000    0.121789   -0.081789 (VIOLATED)
max_cap47/X                             0.040000    0.121789   -0.081789 (VIOLATED)
_053_/B1                                0.040000    0.121583   -0.081583 (VIOLATED)
_098_/Q                                 0.040000    0.121583   -0.081583 (VIOLATED)
max_cap72/A                             0.040000    0.121583   -0.081583 (VIOLATED)
_048_/A                                 0.040000    0.120681   -0.080681 (VIOLATED)
max_cap79/A                             0.040000    0.120681   -0.080681 (VIOLATED)
max_cap80/X                             0.040000    0.120681   -0.080681 (VIOLATED)
_050_/X                                 0.040000    0.119242   -0.079242 (VIOLATED)
_051_/A2_N                              0.040000    0.119242   -0.079242 (VIOLATED)
max_cap47/A                             0.040000    0.119242   -0.079242 (VIOLATED)
_051_/A1_N                              0.040000    0.116720   -0.076720 (VIOLATED)
max_cap49/A                             0.040000    0.116720   -0.076720 (VIOLATED)
max_cap50/X                             0.040000    0.116720   -0.076720 (VIOLATED)
_049_/A                                 0.040000    0.115240   -0.075240 (VIOLATED)
max_cap77/X                             0.040000    0.115240   -0.075240 (VIOLATED)
_050_/C                                 0.040000    0.109465   -0.069465 (VIOLATED)
max_cap73/A                             0.040000    0.109465   -0.069465 (VIOLATED)
max_cap74/X                             0.040000    0.109465   -0.069465 (VIOLATED)
_052_/A                                 0.040000    0.108643   -0.068643 (VIOLATED)
max_cap71/A                             0.040000    0.108643   -0.068643 (VIOLATED)
max_cap72/X                             0.040000    0.108643   -0.068643 (VIOLATED)
_051_/X                                 0.040000    0.107467   -0.067467 (VIOLATED)
_097_/D                                 0.040000    0.107467   -0.067467 (VIOLATED)
_051_/B2                                0.040000    0.106839   -0.066839 (VIOLATED)
_097_/Q                                 0.040000    0.106839   -0.066839 (VIOLATED)
max_cap74/A                             0.040000    0.106839   -0.066839 (VIOLATED)
_046_/Y                                 0.040000    0.106505   -0.066505 (VIOLATED)
_049_/B                                 0.040000    0.106505   -0.066505 (VIOLATED)
_090_/Q                                 0.040000    0.105986   -0.065986 (VIOLATED)
output32/A                              0.040000    0.105986   -0.065986 (VIOLATED)
_091_/Q                                 0.040000    0.101174   -0.061174 (VIOLATED)
output33/A                              0.040000    0.101174   -0.061174 (VIOLATED)
_080_/Q                                 0.040000    0.101150   -0.061150 (VIOLATED)
output37/A                              0.040000    0.101150   -0.061150 (VIOLATED)
_079_/Q                                 0.040000    0.100697   -0.060697 (VIOLATED)
output36/A                              0.040000    0.100697   -0.060697 (VIOLATED)
_081_/Q                                 0.040000    0.098865   -0.058865 (VIOLATED)
output38/A                              0.040000    0.098865   -0.058865 (VIOLATED)
_101_/Q                                 0.040000    0.098615   -0.058615 (VIOLATED)
output34/A                              0.040000    0.098615   -0.058615 (VIOLATED)
_085_/Q                                 0.040000    0.097413   -0.057413 (VIOLATED)
output42/A                              0.040000    0.097413   -0.057413 (VIOLATED)
_100_/Q                                 0.040000    0.096714   -0.056714 (VIOLATED)
output27/A                              0.040000    0.096714   -0.056714 (VIOLATED)
_083_/Q                                 0.040000    0.096472   -0.056472 (VIOLATED)
output40/A                              0.040000    0.096472   -0.056472 (VIOLATED)
_088_/Q                                 0.040000    0.096151   -0.056151 (VIOLATED)
output30/A                              0.040000    0.096151   -0.056151 (VIOLATED)
_082_/Q                                 0.040000    0.095942   -0.055942 (VIOLATED)
output39/A                              0.040000    0.095942   -0.055942 (VIOLATED)
_084_/Q                                 0.040000    0.095942   -0.055942 (VIOLATED)
output41/A                              0.040000    0.095942   -0.055942 (VIOLATED)
_087_/Q                                 0.040000    0.095839   -0.055839 (VIOLATED)
output29/A                              0.040000    0.095839   -0.055839 (VIOLATED)
_102_/Q                                 0.040000    0.095605   -0.055605 (VIOLATED)
output35/A                              0.040000    0.095605   -0.055605 (VIOLATED)
_089_/Q                                 0.040000    0.095316   -0.055316 (VIOLATED)
output31/A                              0.040000    0.095316   -0.055316 (VIOLATED)
_086_/Q                                 0.040000    0.093532   -0.053532 (VIOLATED)
output28/A                              0.040000    0.093532   -0.053532 (VIOLATED)
_048_/X                                 0.040000    0.085999   -0.045999 (VIOLATED)
wire44/A                                0.040000    0.085999   -0.045999 (VIOLATED)
_099_/RESET_B                           0.040000    0.083806   -0.043806 (VIOLATED)
_075_/Y                                 0.040000    0.083806   -0.043806 (VIOLATED)
_044_/B1                                0.040000    0.082419   -0.042419 (VIOLATED)
max_cap82/X                             0.040000    0.082419   -0.042419 (VIOLATED)
_073_/Y                                 0.040000    0.080245   -0.040245 (VIOLATED)
_097_/RESET_B                           0.040000    0.080245   -0.040245 (VIOLATED)
_074_/Y                                 0.040000    0.079059   -0.039059 (VIOLATED)
_098_/RESET_B                           0.040000    0.079059   -0.039059 (VIOLATED)
_053_/A1                                0.040000    0.077516   -0.037516 (VIOLATED)
max_cap48/X                             0.040000    0.077516   -0.037516 (VIOLATED)
_071_/Y                                 0.040000    0.075151   -0.035151 (VIOLATED)
_095_/RESET_B                           0.040000    0.075151   -0.035151 (VIOLATED)
_044_/A2                                0.040000    0.074707   -0.034707 (VIOLATED)
max_cap84/X                             0.040000    0.074707   -0.034707 (VIOLATED)
_044_/A1                                0.040000    0.073661   -0.033661 (VIOLATED)
max_cap87/X                             0.040000    0.073661   -0.033661 (VIOLATED)
_072_/Y                                 0.040000    0.073639   -0.033639 (VIOLATED)
_096_/RESET_B                           0.040000    0.073639   -0.033639 (VIOLATED)
max_cap46/X                             0.040000    0.071708   -0.031708 (VIOLATED)
wire45/A                                0.040000    0.071708   -0.031708 (VIOLATED)
_070_/Y                                 0.040000    0.069739   -0.029739 (VIOLATED)
_094_/RESET_B                           0.040000    0.069739   -0.029739 (VIOLATED)
output28/X                              0.040000    0.069465   -0.029465 (VIOLATED)
wire68/A                                0.040000    0.069465   -0.029465 (VIOLATED)
output39/X                              0.040000    0.069234   -0.029234 (VIOLATED)
wire57/A                                0.040000    0.069234   -0.029234 (VIOLATED)
output29/X                              0.040000    0.069234   -0.029234 (VIOLATED)
wire67/A                                0.040000    0.069234   -0.029234 (VIOLATED)
_077_/Y                                 0.040000    0.068981   -0.028981 (VIOLATED)
_101_/RESET_B                           0.040000    0.068981   -0.028981 (VIOLATED)
_078_/Y                                 0.040000    0.068672   -0.028672 (VIOLATED)
_102_/RESET_B                           0.040000    0.068672   -0.028672 (VIOLATED)
_076_/Y                                 0.040000    0.068162   -0.028162 (VIOLATED)
_100_/RESET_B                           0.040000    0.068162   -0.028162 (VIOLATED)
output32/X                              0.040000    0.067911   -0.027911 (VIOLATED)
wire64/A                                0.040000    0.067911   -0.027911 (VIOLATED)
_057_/Y                                 0.040000    0.067507   -0.027507 (VIOLATED)
_081_/RESET_B                           0.040000    0.067507   -0.027507 (VIOLATED)
output31/X                              0.040000    0.067496   -0.027496 (VIOLATED)
wire65/A                                0.040000    0.067496   -0.027496 (VIOLATED)
output42/X                              0.040000    0.067369   -0.027369 (VIOLATED)
wire54/A                                0.040000    0.067369   -0.027369 (VIOLATED)
output33/X                              0.040000    0.067362   -0.027362 (VIOLATED)
wire63/A                                0.040000    0.067362   -0.027362 (VIOLATED)
output41/X                              0.040000    0.067355   -0.027355 (VIOLATED)
wire55/A                                0.040000    0.067355   -0.027355 (VIOLATED)
output40/X                              0.040000    0.067317   -0.027317 (VIOLATED)
wire56/A                                0.040000    0.067317   -0.027317 (VIOLATED)
output30/X                              0.040000    0.067314   -0.027314 (VIOLATED)
wire66/A                                0.040000    0.067314   -0.027314 (VIOLATED)
output34/X                              0.040000    0.067210   -0.027210 (VIOLATED)
wire62/A                                0.040000    0.067210   -0.027210 (VIOLATED)
output27/X                              0.040000    0.067192   -0.027192 (VIOLATED)
wire69/A                                0.040000    0.067192   -0.027192 (VIOLATED)
output37/X                              0.040000    0.066123   -0.026123 (VIOLATED)
wire59/A                                0.040000    0.066123   -0.026123 (VIOLATED)
_082_/RESET_B                           0.040000    0.066011   -0.026011 (VIOLATED)
_058_/Y                                 0.040000    0.066011   -0.026011 (VIOLATED)
output36/X                              0.040000    0.065612   -0.025612 (VIOLATED)
wire60/A                                0.040000    0.065612   -0.025612 (VIOLATED)
output38/X                              0.040000    0.065594   -0.025594 (VIOLATED)
wire58/A                                0.040000    0.065594   -0.025594 (VIOLATED)
output35/X                              0.040000    0.065562   -0.025562 (VIOLATED)
wire61/A                                0.040000    0.065562   -0.025562 (VIOLATED)
_079_/RESET_B                           0.040000    0.065399   -0.025399 (VIOLATED)
_041_/Y                                 0.040000    0.065399   -0.025399 (VIOLATED)
_069_/Y                                 0.040000    0.064916   -0.024916 (VIOLATED)
_093_/RESET_B                           0.040000    0.064916   -0.024916 (VIOLATED)
_084_/RESET_B                           0.040000    0.063827   -0.023827 (VIOLATED)
_060_/Y                                 0.040000    0.063827   -0.023827 (VIOLATED)
_062_/Y                                 0.040000    0.062969   -0.022969 (VIOLATED)
_086_/RESET_B                           0.040000    0.062969   -0.022969 (VIOLATED)
_061_/Y                                 0.040000    0.062650   -0.022650 (VIOLATED)
_085_/RESET_B                           0.040000    0.062650   -0.022650 (VIOLATED)
_056_/Y                                 0.040000    0.062300   -0.022300 (VIOLATED)
_080_/RESET_B                           0.040000    0.062300   -0.022300 (VIOLATED)
_059_/Y                                 0.040000    0.060612   -0.020612 (VIOLATED)
_083_/RESET_B                           0.040000    0.060612   -0.020612 (VIOLATED)
_063_/Y                                 0.040000    0.060463   -0.020463 (VIOLATED)
_087_/RESET_B                           0.040000    0.060463   -0.020463 (VIOLATED)
_052_/C                                 0.040000    0.058823   -0.018823 (VIOLATED)
wire45/X                                0.040000    0.058823   -0.018823 (VIOLATED)
_067_/Y                                 0.040000    0.058730   -0.018730 (VIOLATED)
_091_/RESET_B                           0.040000    0.058730   -0.018730 (VIOLATED)
_051_/B1                                0.040000    0.058429   -0.018429 (VIOLATED)
wire44/X                                0.040000    0.058429   -0.018429 (VIOLATED)
_064_/Y                                 0.040000    0.057905   -0.017905 (VIOLATED)
_088_/RESET_B                           0.040000    0.057905   -0.017905 (VIOLATED)
_065_/Y                                 0.040000    0.057599   -0.017599 (VIOLATED)
_089_/RESET_B                           0.040000    0.057599   -0.017599 (VIOLATED)
_066_/Y                                 0.040000    0.056779   -0.016779 (VIOLATED)
_090_/RESET_B                           0.040000    0.056779   -0.016779 (VIOLATED)
_040_/Y                                 0.040000    0.050502   -0.010502 (VIOLATED)
_092_/D                                 0.040000    0.050502   -0.010502 (VIOLATED)
sine_out[10]                            0.040000    0.045629   -0.005629 (VIOLATED)
wire68/X                                0.040000    0.045629   -0.005629 (VIOLATED)
sine_out[11]                            0.040000    0.045310   -0.005310 (VIOLATED)
wire67/X                                0.040000    0.045310   -0.005310 (VIOLATED)
sine_out[6]                             0.040000    0.045240   -0.005240 (VIOLATED)
wire57/X                                0.040000    0.045240   -0.005240 (VIOLATED)
sine_out[13]                            0.040000    0.044058   -0.004058 (VIOLATED)
wire65/X                                0.040000    0.044058   -0.004058 (VIOLATED)
sine_out[8]                             0.040000    0.043333   -0.003333 (VIOLATED)
wire55/X                                0.040000    0.043333   -0.003333 (VIOLATED)
sine_out[9]                             0.040000    0.043309   -0.003309 (VIOLATED)
wire54/X                                0.040000    0.043309   -0.003309 (VIOLATED)
sine_out[14]                            0.040000    0.043178   -0.003178 (VIOLATED)
wire64/X                                0.040000    0.043178   -0.003178 (VIOLATED)
sine_out[7]                             0.040000    0.042031   -0.002031 (VIOLATED)
wire56/X                                0.040000    0.042031   -0.002031 (VIOLATED)
sine_out[12]                            0.040000    0.042031   -0.002031 (VIOLATED)
wire66/X                                0.040000    0.042031   -0.002031 (VIOLATED)
sine_out[15]                            0.040000    0.041942   -0.001942 (VIOLATED)
wire63/X                                0.040000    0.041942   -0.001942 (VIOLATED)
din0[8]                                 0.040000    0.040569   -0.000569 (VIOLATED)
ANTENNA_input24_A/DIODE                 0.040000    0.040569   -0.000569 (VIOLATED)
input24/A                               0.040000    0.040569   -0.000569 (VIOLATED)
din0[0]                                 0.040000    0.040444   -0.000444 (VIOLATED)
din0[10]                                0.040000    0.040444   -0.000444 (VIOLATED)
din0[11]                                0.040000    0.040444   -0.000444 (VIOLATED)
din0[12]                                0.040000    0.040444   -0.000444 (VIOLATED)
din0[13]                                0.040000    0.040444   -0.000444 (VIOLATED)
din0[1]                                 0.040000    0.040444   -0.000444 (VIOLATED)
din0[2]                                 0.040000    0.040444   -0.000444 (VIOLATED)
din0[5]                                 0.040000    0.040444   -0.000444 (VIOLATED)
din0[6]                                 0.040000    0.040444   -0.000444 (VIOLATED)
din0[7]                                 0.040000    0.040444   -0.000444 (VIOLATED)
ANTENNA_input10_A/DIODE                 0.040000    0.040444   -0.000444 (VIOLATED)
ANTENNA_input11_A/DIODE                 0.040000    0.040444   -0.000444 (VIOLATED)
ANTENNA_input12_A/DIODE                 0.040000    0.040444   -0.000444 (VIOLATED)
ANTENNA_input13_A/DIODE                 0.040000    0.040444   -0.000444 (VIOLATED)
ANTENNA_input14_A/DIODE                 0.040000    0.040444   -0.000444 (VIOLATED)
ANTENNA_input17_A/DIODE                 0.040000    0.040444   -0.000444 (VIOLATED)
ANTENNA_input18_A/DIODE                 0.040000    0.040444   -0.000444 (VIOLATED)
ANTENNA_input21_A/DIODE                 0.040000    0.040444   -0.000444 (VIOLATED)
ANTENNA_input22_A/DIODE                 0.040000    0.040444   -0.000444 (VIOLATED)
ANTENNA_input23_A/DIODE                 0.040000    0.040444   -0.000444 (VIOLATED)
input10/A                               0.040000    0.040444   -0.000444 (VIOLATED)
input11/A                               0.040000    0.040444   -0.000444 (VIOLATED)
input12/A                               0.040000    0.040444   -0.000444 (VIOLATED)
input13/A                               0.040000    0.040444   -0.000444 (VIOLATED)
input14/A                               0.040000    0.040444   -0.000444 (VIOLATED)
input17/A                               0.040000    0.040444   -0.000444 (VIOLATED)
input18/A                               0.040000    0.040444   -0.000444 (VIOLATED)
input21/A                               0.040000    0.040444   -0.000444 (VIOLATED)
input22/A                               0.040000    0.040444   -0.000444 (VIOLATED)
input23/A                               0.040000    0.040444   -0.000444 (VIOLATED)

max fanout

Pin                                   Limit Fanout  Slack
---------------------------------------------------------
clkbuf_1_0__f_clk/X                      10     31    -21 (VIOLATED)
clkbuf_1_1__f_clk/X                      10     25    -15 (VIOLATED)
fanout93/X                               10     21    -11 (VIOLATED)



===========================================================================
report_parasitic_annotation -report_unannotated
============================================================================
Found 2 unannotated drivers.
 clkload0/Y
 mem_i_94/HI
Found 0 partially unannotated drivers.

===========================================================================
max slew violation count 478
max fanout violation count 3
max cap violation count 0
============================================================================

===========================================================================
check_setup -verbose -unconstrained_endpoints -multiple_clock -no_clock -no_input_delay -loops -generated_clocks
===========================================================================
Warning: There is 1 unconstrained endpoint.
  mem_i/csb1
