Clock: clk
Sources: clk 
Generated: no
Virtual: yes
Propagated: no
Period: 5.000000

===========================================================================
report_clock_properties
============================================================================
Clock                   Period          Waveform
----------------------------------------------------
clk                   5.000000    0.000000  2.500000

===========================================================================
report_clock_latency
============================================================================
Clock clk
rise -> rise
    min     max
0.000000 0.000000 source latency
1.125622         network latency _094_/CLK
        1.143252 network latency _100_/CLK
---------------
1.125622 1.143252 latency
        0.017630 skew

fall -> fall
    min     max
0.000000 0.000000 source latency
0.948633         network latency _094_/CLK
        0.959598 network latency _100_/CLK
---------------
0.948633 0.959598 latency
        0.010965 skew



===========================================================================
report_clock_min_period
============================================================================
clk period_min = 4.15 fmax = 241.05
