                                                                       Cells by Function                                                                        
┏━━━━━━━━━━━━━━━━━━━━━━━━━━━━━━━━━━━━━━━━━━━━━━━━━━━━━━━━━━━━━━━━━━━━━━━━━━━━━━━━━━━━━━━━━━━━━━━━━━━━━━━━━━━━━━━━━━━━━━━━━━━━━━━━┳━━━━━━━━━━━━━━━━━━━━━━━━━━━━━┓
┃ Cell Function                                                                                                                  ┃ Count                       ┃
┡━━━━━━━━━━━━━━━━━━━━━━━━━━━━━━━━━━━━━━━━━━━━━━━━━━━━━━━━━━━━━━━━━━━━━━━━━━━━━━━━━━━━━━━━━━━━━━━━━━━━━━━━━━━━━━━━━━━━━━━━━━━━━━━━╇━━━━━━━━━━━━━━━━━━━━━━━━━━━━━┩
│ sky130_ef_sc_hd__decap                                                                                                         │ 6039                        │
│ sky130_fd_sc_hd__a21oi                                                                                                         │ 2                           │
│ sky130_fd_sc_hd__and3                                                                                                          │ 4                           │
│ sky130_fd_sc_hd__buf                                                                                                           │ 18                          │
│ sky130_fd_sc_hd__clkbuf                                                                                                        │ 6                           │
│ sky130_fd_sc_hd__conb                                                                                                          │ 1                           │
│ sky130_fd_sc_hd__decap                                                                                                         │ 2271                        │
│ sky130_fd_sc_hd__dfrtp                                                                                                         │ 24                          │
│ sky130_fd_sc_hd__diode                                                                                                         │ 17                          │
│ sky130_fd_sc_hd__dlygate4sd3                                                                                                   │ 5                           │
│ sky130_fd_sc_hd__fill                                                                                                          │ 1548                        │
│ sky130_fd_sc_hd__inv                                                                                                           │ 25                          │
│ sky130_fd_sc_hd__nand2                                                                                                         │ 1                           │
│ sky130_fd_sc_hd__nor2                                                                                                          │ 2                           │
│ sky130_fd_sc_hd__o2bb2a                                                                                                        │ 1                           │
│ sky130_fd_sc_hd__tapvpwrvgnd                                                                                                   │ 1501                        │
│ sky130_fd_sc_hd__xnor2                                                                                                         │ 1                           │
│ sky130_fd_sc_hd__xor2                                                                                                          │ 3                           │
└────────────────────────────────────────────────────────────────────────────────────────────────────────────────────────────────┴─────────────────────────────┘
