93. Printing statistics.

=== counter ===

   Number of wires:                599
   Number of wire bits:            635
   Number of public wires:           4
   Number of public wire bits:      26
   Number of ports:                  3
   Number of port bits:             18
   Number of memories:               0
   Number of memory bits:            0
   Number of processes:              0
   Number of cells:                625
     $_ANDNOT_                      42
     $_AND_                          4
     $_MUX_                        495
     $_NAND_                         8
     $_NOR_                          2
     $_NOT_                         15
     $_ORNOT_                        4
     $_OR_                          37
     $_XNOR_                         2
     $_XOR_                          8
     sky130_fd_sc_hd__dfrtp_2        8

   Area for cell type $_NOT_ is unknown!
   Area for cell type $_AND_ is unknown!
   Area for cell type $_NAND_ is unknown!
   Area for cell type $_OR_ is unknown!
   Area for cell type $_NOR_ is unknown!
   Area for cell type $_XOR_ is unknown!
   Area for cell type $_XNOR_ is unknown!
   Area for cell type $_ANDNOT_ is unknown!
   Area for cell type $_ORNOT_ is unknown!
   Area for cell type $_MUX_ is unknown!

   Chip area for module '\counter': 210.201600
     of which used for sequential elements: 210.201600 (100.00%)

