101. Printing statistics.

=== counter ===

   Number of wires:                398
   Number of wire bits:            413
   Number of public wires:          11
   Number of public wire bits:      26
   Number of ports:                  3
   Number of port bits:             18
   Number of memories:               0
   Number of memory bits:            0
   Number of processes:              0
   Number of cells:                411
     sky130_fd_sc_hd__a2111o_2       1
     sky130_fd_sc_hd__a211o_2       12
     sky130_fd_sc_hd__a211oi_2       2
     sky130_fd_sc_hd__a21bo_2        2
     sky130_fd_sc_hd__a21boi_2       2
     sky130_fd_sc_hd__a21o_2        29
     sky130_fd_sc_hd__a21oi_2       25
     sky130_fd_sc_hd__a221o_2       11
     sky130_fd_sc_hd__a221oi_2       1
     sky130_fd_sc_hd__a22o_2         5
     sky130_fd_sc_hd__a22oi_2        1
     sky130_fd_sc_hd__a2bb2o_2       3
     sky130_fd_sc_hd__a311o_2        3
     sky130_fd_sc_hd__a31o_2        26
     sky130_fd_sc_hd__a31oi_2        3
     sky130_fd_sc_hd__a32o_2         8
     sky130_fd_sc_hd__a32oi_2        1
     sky130_fd_sc_hd__a41o_2         1
     sky130_fd_sc_hd__and2_2         6
     sky130_fd_sc_hd__and2b_2       10
     sky130_fd_sc_hd__and3_2         9
     sky130_fd_sc_hd__and3b_2        3
     sky130_fd_sc_hd__and4_2         1
     sky130_fd_sc_hd__dfrtp_2        8
     sky130_fd_sc_hd__inv_2         16
     sky130_fd_sc_hd__mux2_1         9
     sky130_fd_sc_hd__nand2_2       43
     sky130_fd_sc_hd__nand2b_2       8
     sky130_fd_sc_hd__nand3b_2       2
     sky130_fd_sc_hd__nand4_2        1
     sky130_fd_sc_hd__nor2_2        29
     sky130_fd_sc_hd__nor3_2         2
     sky130_fd_sc_hd__nor3b_2        3
     sky130_fd_sc_hd__o2111a_2       2
     sky130_fd_sc_hd__o211a_2       15
     sky130_fd_sc_hd__o211ai_2       7
     sky130_fd_sc_hd__o21a_2        14
     sky130_fd_sc_hd__o21ai_2       19
     sky130_fd_sc_hd__o21ba_2        1
     sky130_fd_sc_hd__o21bai_2       2
     sky130_fd_sc_hd__o221a_2        3
     sky130_fd_sc_hd__o22a_2         4
     sky130_fd_sc_hd__o22ai_2        1
     sky130_fd_sc_hd__o2bb2a_2       1
     sky130_fd_sc_hd__o311a_2       11
     sky130_fd_sc_hd__o31a_2         5
     sky130_fd_sc_hd__o31ai_2        5
     sky130_fd_sc_hd__o32a_2         4
     sky130_fd_sc_hd__or2_2         11
     sky130_fd_sc_hd__or3_2          8
     sky130_fd_sc_hd__or3b_2         3
     sky130_fd_sc_hd__or4_2          3
     sky130_fd_sc_hd__or4b_2         1
     sky130_fd_sc_hd__xnor2_2        5

   Chip area for module '\counter': 3786.131200
     of which used for sequential elements: 210.201600 (5.55%)

