Clock: clk
Sources: clk 
Generated: no
Virtual: yes
Propagated: no
Period: 5.000000

===========================================================================
report_clock_properties
============================================================================
Clock                   Period          Waveform
----------------------------------------------------
clk                   5.000000    0.000000  2.500000

===========================================================================
report_clock_latency
============================================================================
Clock clk
rise -> rise
    min     max
0.000000 0.000000 source latency
0.661345         network latency _091_/CLK
        0.669728 network latency _097_/CLK
---------------
0.661345 0.669728 latency
        0.008383 skew

fall -> fall
    min     max
0.000000 0.000000 source latency
0.532871         network latency _091_/CLK
        0.538526 network latency _087_/CLK
---------------
0.532871 0.538526 latency
        0.005655 skew



===========================================================================
report_clock_min_period
============================================================================
clk period_min = 1.71 fmax = 586.15
