
===========================================================================
report_checks -unconstrained
===========================================================================
======================= nom_ss_100C_1v60 Corner ===================================

Startpoint: rst (input port clocked by clk)
Endpoint: _134_ (recovery check against rising-edge clock clk)
Path Group: asynchronous
Path Type: max

Fanout         Cap        Slew       Delay        Time   Description
---------------------------------------------------------------------------------------------
                                  0.000000    0.000000   clock clk (rise edge)
                                  0.000000    0.000000   clock network delay (propagated)
                                  2.500000    2.500000 v input external delay
     2    0.003754    0.022164    0.012230    2.512230 v rst (in)
                                                         rst (net)
                      0.022164    0.000000    2.512230 v input51/A (sky130_fd_sc_hd__clkbuf_1)
     3    0.019465    0.226325    0.274816    2.787046 v input51/X (sky130_fd_sc_hd__clkbuf_1)
                                                         net51 (net)
                      0.226330    0.001359    2.788405 v fanout87/A (sky130_fd_sc_hd__buf_4)
    17    0.084045    0.206427    0.454049    3.242454 v fanout87/X (sky130_fd_sc_hd__buf_4)
                                                         net87 (net)
                      0.206431    0.000825    3.243279 v fanout86/A (sky130_fd_sc_hd__buf_4)
    19    0.064633    0.163029    0.419235    3.662514 v fanout86/X (sky130_fd_sc_hd__buf_4)
                                                         net86 (net)
                      0.163030    0.000848    3.663362 v fanout85/A (sky130_fd_sc_hd__buf_4)
    10    0.054576    0.142939    0.383045    4.046407 v fanout85/X (sky130_fd_sc_hd__buf_4)
                                                         net85 (net)
                      0.142953    0.001501    4.047909 v _109_/A (sky130_fd_sc_hd__inv_2)
     1    0.005527    0.065012    0.111671    4.159579 ^ _109_/Y (sky130_fd_sc_hd__inv_2)
                                                         _039_ (net)
                      0.065012    0.000152    4.159731 ^ _134_/RESET_B (sky130_fd_sc_hd__dfrtp_4)
                                              4.159731   data arrival time

                                  5.000000    5.000000   clock clk (rise edge)
                                  0.000000    5.000000   clock source latency
     2    0.076816    0.554089    0.396370    5.396370 ^ clk (in)
                                                         clk (net)
                      0.555961    0.000000    5.396370 ^ clkbuf_0_clk/A (sky130_fd_sc_hd__clkbuf_16)
     9    0.121527    0.210572    0.541681    5.938051 ^ clkbuf_0_clk/X (sky130_fd_sc_hd__clkbuf_16)
                                                         clknet_0_clk (net)
                      0.211515    0.010397    5.948448 ^ clkbuf_2_1__f_clk/A (sky130_fd_sc_hd__clkbuf_16)
    19    0.061565    0.122882    0.337283    6.285731 ^ clkbuf_2_1__f_clk/X (sky130_fd_sc_hd__clkbuf_16)
                                                         clknet_2_1__leaf_clk (net)
                      0.123036    0.003915    6.289646 ^ _134_/CLK (sky130_fd_sc_hd__dfrtp_4)
                                 -0.150000    6.139646   clock uncertainty
                                  0.000000    6.139646   clock reconvergence pessimism
                                  0.463884    6.603530   library recovery time
                                              6.603530   data required time
---------------------------------------------------------------------------------------------
                                              6.603530   data required time
                                             -4.159731   data arrival time
---------------------------------------------------------------------------------------------
                                              2.443799   slack (MET)


Startpoint: mem_i1 (falling edge-triggered flip-flop clocked by clk)
Endpoint: _120_ (rising edge-triggered flip-flop clocked by clk)
Path Group: clk
Path Type: max

Fanout         Cap        Slew       Delay        Time   Description
---------------------------------------------------------------------------------------------
                                  2.500000    2.500000   clock clk (fall edge)
                                  0.000000    2.500000   clock source latency
     2    0.075878    0.327666    0.243841    2.743841 v clk (in)
                                                         clk (net)
                      0.330748    0.000000    2.743841 v clkbuf_0_clk/A (sky130_fd_sc_hd__clkbuf_16)
     9    0.117723    0.148248    0.466159    3.210001 v clkbuf_0_clk/X (sky130_fd_sc_hd__clkbuf_16)
                                                         clknet_0_clk (net)
                      0.150059    0.012596    3.222596 v clkbuf_2_0__f_clk/A (sky130_fd_sc_hd__clkbuf_16)
    21    0.101711    0.132308    0.366057    3.588654 v clkbuf_2_0__f_clk/X (sky130_fd_sc_hd__clkbuf_16)
                                                         clknet_2_0__leaf_clk (net)
                      0.178064    0.009678    3.598332 v mem_i1/clk1 (ram256x16)
     1    0.004318    0.003507    0.307565    3.905897 v mem_i1/dout1[8] (ram256x16)
                                                         sine_out_temp1[8] (net)
                      0.002630    0.000102    3.905999 v wire69/A (sky130_fd_sc_hd__clkbuf_2)
     3    0.140907    0.962362    0.786987    4.692986 v wire69/X (sky130_fd_sc_hd__clkbuf_2)
                                                         net69 (net)
                      0.967011    0.055156    4.748142 v _071_/A1 (sky130_fd_sc_hd__mux2_1)
     3    0.017174    0.234294    1.207278    5.955420 v _071_/X (sky130_fd_sc_hd__mux2_1)
                                                         _014_ (net)
                      0.234295    0.001157    5.956578 v _120_/D (sky130_fd_sc_hd__dfrtp_1)
                                              5.956578   data arrival time

                                  5.000000    5.000000   clock clk (rise edge)
                                  0.000000    5.000000   clock source latency
     2    0.076816    0.554089    0.396370    5.396370 ^ clk (in)
                                                         clk (net)
                      0.555961    0.000000    5.396370 ^ clkbuf_0_clk/A (sky130_fd_sc_hd__clkbuf_16)
     9    0.121527    0.210572    0.541681    5.938051 ^ clkbuf_0_clk/X (sky130_fd_sc_hd__clkbuf_16)
                                                         clknet_0_clk (net)
                      0.211515    0.010397    5.948448 ^ clkbuf_2_1__f_clk/A (sky130_fd_sc_hd__clkbuf_16)
    19    0.061565    0.122882    0.337283    6.285731 ^ clkbuf_2_1__f_clk/X (sky130_fd_sc_hd__clkbuf_16)
                                                         clknet_2_1__leaf_clk (net)
                      0.123159    0.005041    6.290772 ^ _120_/CLK (sky130_fd_sc_hd__dfrtp_1)
                                 -0.150000    6.140772   clock uncertainty
                                  0.000000    6.140772   clock reconvergence pessimism
                                 -0.330851    5.809921   library setup time
                                              5.809921   data required time
---------------------------------------------------------------------------------------------
                                              5.809921   data required time
                                             -5.956578   data arrival time
---------------------------------------------------------------------------------------------
                                             -0.146656   slack (VIOLATED)




===========================================================================
report_checks --slack_max -0.01
============================================================================
======================= nom_ss_100C_1v60 Corner ===================================

Startpoint: mem_i1 (falling edge-triggered flip-flop clocked by clk)
Endpoint: _120_ (rising edge-triggered flip-flop clocked by clk)
Path Group: clk
Path Type: max

Fanout         Cap        Slew       Delay        Time   Description
---------------------------------------------------------------------------------------------
                                  2.500000    2.500000   clock clk (fall edge)
                                  0.000000    2.500000   clock source latency
     2    0.075878    0.327666    0.243841    2.743841 v clk (in)
                                                         clk (net)
                      0.330748    0.000000    2.743841 v clkbuf_0_clk/A (sky130_fd_sc_hd__clkbuf_16)
     9    0.117723    0.148248    0.466159    3.210001 v clkbuf_0_clk/X (sky130_fd_sc_hd__clkbuf_16)
                                                         clknet_0_clk (net)
                      0.150059    0.012596    3.222596 v clkbuf_2_0__f_clk/A (sky130_fd_sc_hd__clkbuf_16)
    21    0.101711    0.132308    0.366057    3.588654 v clkbuf_2_0__f_clk/X (sky130_fd_sc_hd__clkbuf_16)
                                                         clknet_2_0__leaf_clk (net)
                      0.178064    0.009678    3.598332 v mem_i1/clk1 (ram256x16)
     1    0.004318    0.003507    0.307565    3.905897 v mem_i1/dout1[8] (ram256x16)
                                                         sine_out_temp1[8] (net)
                      0.002630    0.000102    3.905999 v wire69/A (sky130_fd_sc_hd__clkbuf_2)
     3    0.140907    0.962362    0.786987    4.692986 v wire69/X (sky130_fd_sc_hd__clkbuf_2)
                                                         net69 (net)
                      0.967011    0.055156    4.748142 v _071_/A1 (sky130_fd_sc_hd__mux2_1)
     3    0.017174    0.234294    1.207278    5.955420 v _071_/X (sky130_fd_sc_hd__mux2_1)
                                                         _014_ (net)
                      0.234295    0.001157    5.956578 v _120_/D (sky130_fd_sc_hd__dfrtp_1)
                                              5.956578   data arrival time

                                  5.000000    5.000000   clock clk (rise edge)
                                  0.000000    5.000000   clock source latency
     2    0.076816    0.554089    0.396370    5.396370 ^ clk (in)
                                                         clk (net)
                      0.555961    0.000000    5.396370 ^ clkbuf_0_clk/A (sky130_fd_sc_hd__clkbuf_16)
     9    0.121527    0.210572    0.541681    5.938051 ^ clkbuf_0_clk/X (sky130_fd_sc_hd__clkbuf_16)
                                                         clknet_0_clk (net)
                      0.211515    0.010397    5.948448 ^ clkbuf_2_1__f_clk/A (sky130_fd_sc_hd__clkbuf_16)
    19    0.061565    0.122882    0.337283    6.285731 ^ clkbuf_2_1__f_clk/X (sky130_fd_sc_hd__clkbuf_16)
                                                         clknet_2_1__leaf_clk (net)
                      0.123159    0.005041    6.290772 ^ _120_/CLK (sky130_fd_sc_hd__dfrtp_1)
                                 -0.150000    6.140772   clock uncertainty
                                  0.000000    6.140772   clock reconvergence pessimism
                                 -0.330851    5.809921   library setup time
                                              5.809921   data required time
---------------------------------------------------------------------------------------------
                                              5.809921   data required time
                                             -5.956578   data arrival time
---------------------------------------------------------------------------------------------
                                             -0.146656   slack (VIOLATED)




===========================================================================
 report_check_types -max_slew -max_cap -max_fanout -violators
============================================================================
======================= nom_ss_100C_1v60 Corner ===================================

max slew

Pin                                        Limit        Slew       Slack
------------------------------------------------------------------------
ANTENNA__071__A1/DIODE                  0.750000    1.176103   -0.426104 (VIOLATED)
_071_/A1                                0.750000    1.176103   -0.426103 (VIOLATED)
ANTENNA_wire69_X/DIODE                  0.750000    1.172242   -0.422242 (VIOLATED)
wire69/X                                0.750000    1.172239   -0.422239 (VIOLATED)
ANTENNA__074__A1/DIODE                  0.750000    1.097562   -0.347562 (VIOLATED)
_074_/A1                                0.750000    1.097562   -0.347562 (VIOLATED)
ANTENNA_wire81_X/DIODE                  0.750000    1.094358   -0.344358 (VIOLATED)
wire81/X                                0.750000    1.094356   -0.344356 (VIOLATED)
ANTENNA__070__A1/DIODE                  0.750000    1.067830   -0.317830 (VIOLATED)
_070_/A1                                0.750000    1.067830   -0.317830 (VIOLATED)
ANTENNA_wire70_X/DIODE                  0.750000    1.064730   -0.314730 (VIOLATED)
wire70/X                                0.750000    1.064728   -0.314728 (VIOLATED)
ANTENNA__073__A1/DIODE                  0.750000    1.057485   -0.307485 (VIOLATED)
_073_/A1                                0.750000    1.057486   -0.307486 (VIOLATED)
ANTENNA_wire82_X/DIODE                  0.750000    1.053981   -0.303981 (VIOLATED)
wire82/X                                0.750000    1.053979   -0.303979 (VIOLATED)
mem_i1/addr1[0]                         0.500000    0.801257   -0.301257 (VIOLATED)
mem_i0/addr1[0]                         0.500000    0.797518   -0.297518 (VIOLATED)
ANTENNA__066__A1/DIODE                  0.750000    1.041668   -0.291668 (VIOLATED)
_066_/A1                                0.750000    1.041668   -0.291668 (VIOLATED)
ANTENNA__067__A1/DIODE                  0.750000    1.039965   -0.289965 (VIOLATED)
_067_/A1                                0.750000    1.039965   -0.289965 (VIOLATED)
ANTENNA_wire74_X/DIODE                  0.750000    1.038855   -0.288855 (VIOLATED)
wire74/X                                0.750000    1.038853   -0.288853 (VIOLATED)
ANTENNA__072__A1/DIODE                  0.750000    1.038651   -0.288651 (VIOLATED)
_072_/A1                                0.750000    1.038651   -0.288651 (VIOLATED)
ANTENNA_wire73_X/DIODE                  0.750000    1.037281   -0.287281 (VIOLATED)
wire73/X                                0.750000    1.037279   -0.287279 (VIOLATED)
ANTENNA_wire68_X/DIODE                  0.750000    1.035633   -0.285633 (VIOLATED)
wire68/X                                0.750000    1.035631   -0.285631 (VIOLATED)
mem_i1/addr0[1]                         0.500000    0.782191   -0.282191 (VIOLATED)
ANTENNA__075__A1/DIODE                  0.750000    1.006435   -0.256435 (VIOLATED)
_075_/A1                                0.750000    1.006435   -0.256435 (VIOLATED)
ANTENNA_wire80_X/DIODE                  0.750000    1.003789   -0.253789 (VIOLATED)
wire80/X                                0.750000    1.003787   -0.253787 (VIOLATED)
mem_i1/addr1[1]                         0.500000    0.751549   -0.251549 (VIOLATED)
mem_i0/addr1[1]                         0.500000    0.747482   -0.247482 (VIOLATED)
ANTENNA__076__A1/DIODE                  0.750000    0.993500   -0.243500 (VIOLATED)
_076_/A1                                0.750000    0.993498   -0.243498 (VIOLATED)
ANTENNA_wire79_X/DIODE                  0.750000    0.990984   -0.240984 (VIOLATED)
wire79/X                                0.750000    0.990982   -0.240982 (VIOLATED)
mem_i0/addr1[5]                         0.500000    0.654255   -0.154255 (VIOLATED)
mem_i1/addr1[5]                         0.500000    0.652196   -0.152196 (VIOLATED)
mem_i0/addr1[7]                         0.500000    0.625514   -0.125514 (VIOLATED)
mem_i1/addr1[7]                         0.500000    0.623117   -0.123117 (VIOLATED)
mem_i0/addr1[6]                         0.500000    0.605240   -0.105240 (VIOLATED)
mem_i1/addr1[6]                         0.500000    0.602765   -0.102765 (VIOLATED)
ANTENNA__068__A1/DIODE                  0.750000    0.842749   -0.092749 (VIOLATED)
_068_/A1                                0.750000    0.842749   -0.092749 (VIOLATED)
_077_/A1                                0.750000    0.842540   -0.092540 (VIOLATED)
ANTENNA__077__A1/DIODE                  0.750000    0.842539   -0.092539 (VIOLATED)
ANTENNA_wire78_X/DIODE                  0.750000    0.840731   -0.090731 (VIOLATED)
wire78/X                                0.750000    0.840729   -0.090729 (VIOLATED)
ANTENNA_wire72_X/DIODE                  0.750000    0.840612   -0.090612 (VIOLATED)
wire72/X                                0.750000    0.840610   -0.090610 (VIOLATED)
_069_/A1                                0.750000    0.834628   -0.084628 (VIOLATED)
ANTENNA__069__A1/DIODE                  0.750000    0.834628   -0.084628 (VIOLATED)
ANTENNA_wire71_X/DIODE                  0.750000    0.831233   -0.081233 (VIOLATED)
wire71/X                                0.750000    0.831231   -0.081231 (VIOLATED)
ANTENNA__078__A1/DIODE                  0.750000    0.824229   -0.074230 (VIOLATED)
_078_/A1                                0.750000    0.824229   -0.074229 (VIOLATED)
ANTENNA_wire77_X/DIODE                  0.750000    0.822126   -0.072126 (VIOLATED)
wire77/X                                0.750000    0.822124   -0.072124 (VIOLATED)
mem_i0/addr1[2]                         0.500000    0.567600   -0.067600 (VIOLATED)
mem_i1/addr1[2]                         0.500000    0.567358   -0.067358 (VIOLATED)
mem_i0/addr1[4]                         0.500000    0.564224   -0.064224 (VIOLATED)
mem_i1/addr1[4]                         0.500000    0.564103   -0.064103 (VIOLATED)
ANTENNA__064__A1/DIODE                  0.750000    0.801922   -0.051922 (VIOLATED)
_064_/A1                                0.750000    0.801922   -0.051922 (VIOLATED)
ANTENNA_wire76_X/DIODE                  0.750000    0.800032   -0.050032 (VIOLATED)
wire76/X                                0.750000    0.800031   -0.050031 (VIOLATED)

max fanout

Pin                                   Limit Fanout  Slack
---------------------------------------------------------
clkbuf_2_0__f_clk/X                      10     21    -11 (VIOLATED)
fanout83/X                               10     21    -11 (VIOLATED)
clkbuf_2_1__f_clk/X                      10     19     -9 (VIOLATED)
fanout86/X                               10     19     -9 (VIOLATED)
fanout84/X                               10     17     -7 (VIOLATED)
fanout87/X                               10     17     -7 (VIOLATED)
_128_/Q                                  10     15     -5 (VIOLATED)
_132_/Q                                  10     15     -5 (VIOLATED)
clkbuf_2_3__f_clk/X                      10     15     -5 (VIOLATED)
_129_/Q                                  10     13     -3 (VIOLATED)
_133_/Q                                  10     13     -3 (VIOLATED)
clkbuf_2_2__f_clk/X                      10     13     -3 (VIOLATED)
_130_/Q                                  10     11        (VIOLATED)
_134_/Q                                  10     11        (VIOLATED)

max capacitance

Pin                                        Limit         Cap       Slack
------------------------------------------------------------------------
mem_i1/dout1[0]                         0.027560    0.079406   -0.051846 (VIOLATED)



===========================================================================
report_parasitic_annotation -report_unannotated
============================================================================
Found 5 unannotated drivers.
 clkload0/X
 clkload1/X
 clkload2/Y
 mem_i0_88/HI
 mem_i1_89/HI
Found 0 partially unannotated drivers.

===========================================================================
max slew violation count 71
max fanout violation count 14
max cap violation count 1
============================================================================

===========================================================================
check_setup -verbose -unconstrained_endpoints -multiple_clock -no_clock -no_input_delay -loops -generated_clocks
===========================================================================
Warning: There are 50 input ports missing set_input_delay.
  addr00[0]
  addr00[1]
  addr00[2]
  addr00[3]
  addr00[4]
  addr00[5]
  addr00[6]
  addr00[7]
  addr01[0]
  addr01[1]
  addr01[2]
  addr01[3]
  addr01[4]
  addr01[5]
  addr01[6]
  addr01[7]
  csb00
  csb01
  din00[0]
  din00[10]
  din00[11]
  din00[12]
  din00[13]
  din00[14]
  din00[15]
  din00[1]
  din00[2]
  din00[3]
  din00[4]
  din00[5]
  din00[6]
  din00[7]
  din00[8]
  din00[9]
  din01[0]
  din01[10]
  din01[11]
  din01[12]
  din01[13]
  din01[14]
  din01[15]
  din01[1]
  din01[2]
  din01[3]
  din01[4]
  din01[5]
  din01[6]
  din01[7]
  din01[8]
  din01[9]
Warning: There are 52 unconstrained endpoints.
  mem_i0/addr0[0]
  mem_i0/addr0[1]
  mem_i0/addr0[2]
  mem_i0/addr0[3]
  mem_i0/addr0[4]
  mem_i0/addr0[5]
  mem_i0/addr0[6]
  mem_i0/addr0[7]
  mem_i0/csb0
  mem_i0/csb1
  mem_i0/din0[0]
  mem_i0/din0[10]
  mem_i0/din0[11]
  mem_i0/din0[12]
  mem_i0/din0[13]
  mem_i0/din0[14]
  mem_i0/din0[15]
  mem_i0/din0[1]
  mem_i0/din0[2]
  mem_i0/din0[3]
  mem_i0/din0[4]
  mem_i0/din0[5]
  mem_i0/din0[6]
  mem_i0/din0[7]
  mem_i0/din0[8]
  mem_i0/din0[9]
  mem_i1/addr0[0]
  mem_i1/addr0[1]
  mem_i1/addr0[2]
  mem_i1/addr0[3]
  mem_i1/addr0[4]
  mem_i1/addr0[5]
  mem_i1/addr0[6]
  mem_i1/addr0[7]
  mem_i1/csb0
  mem_i1/csb1
  mem_i1/din0[0]
  mem_i1/din0[10]
  mem_i1/din0[11]
  mem_i1/din0[12]
  mem_i1/din0[13]
  mem_i1/din0[14]
  mem_i1/din0[15]
  mem_i1/din0[1]
  mem_i1/din0[2]
  mem_i1/din0[3]
  mem_i1/din0[4]
  mem_i1/din0[5]
  mem_i1/din0[6]
  mem_i1/din0[7]
  mem_i1/din0[8]
  mem_i1/din0[9]
