
===========================================================================
Violator List
============================================================================
[setup reg-reg] mem_i1/dout1[8] -> _120_/D : -0.146656
[setup reg-out] _144_/Q -> sine_out[7] : -0.127591
[setup reg-out] _123_/Q -> sine_out[11] : -0.108459
[setup reg-out] _142_/Q -> sine_out[5] : -0.107960
[setup reg-out] _141_/Q -> sine_out[4] : -0.100728
[setup reg-out] _143_/Q -> sine_out[6] : -0.092953
[setup reg-out] _124_/Q -> sine_out[12] : -0.091101
[setup reg-reg] mem_i1/dout1[7] -> _144_/D : -0.073132
[setup reg-out] _125_/Q -> sine_out[13] : -0.069561
[setup reg-out] _121_/Q -> sine_out[9] : -0.059340
[setup reg-out] _139_/Q -> sine_out[2] : -0.056261
[setup reg-reg] mem_i1/dout1[10] -> _122_/D : -0.054082
[setup reg-out] _126_/Q -> sine_out[14] : -0.050861
[setup reg-out] _138_/Q -> sine_out[1] : -0.048534
[setup reg-out] _137_/Q -> sine_out[0] : -0.042277
[setup reg-reg] mem_i1/dout1[9] -> _121_/D : -0.041119
[setup reg-out] _140_/Q -> sine_out[3] : -0.034197
