Reading OpenROAD database at '/home/thanh/NCO/runs/RUN_2025-03-03_15-50-00/17-openroad-cutrows/counter.odb'…
Reading library file at '/home/thanh/.volare/volare/sky130/versions/0fe599b2afb6708d281543108caf8310912f54af/sky130A/libs.ref/sky130_fd_sc_hd/lib/sky130_fd_sc_hd__tt_025C_1v80.lib'…
Reading design constraints file at '/nix/store/ss2cw3sxbrwwx9jl0rrppbw4kgcmgi2n-python3-3.11.9-env/lib/python3.11/site-packages/openlane/scripts/base.sdc'…
[INFO] Using clock clk…
[INFO] Setting output delay to: 2
[INFO] Setting input delay to: 2
[INFO] Setting load to: 0.033442
[INFO] Setting clock uncertainty to: 0.25
[INFO] Setting clock transition to: 0.1499999999999999944488848768742172978818416595458984375
[INFO] Setting timing derate to: 5%
[INFO ODB-0303] The initial 289 rows (87708 sites) were cut with 1 shapes for a total of 289 rows (87708 sites).
[INFO TAP-0004] Inserted 578 endcaps.
[INFO TAP-0005] Inserted 1501 tapcells.
Setting global connections for newly added cells…
[INFO] Setting global connections...
mem_i matched with mem_i
Updating metrics…
Cell type report:                       Count       Area
  Macro                                     1  123515.34
  Fill cell                               578    2169.58
  Tap cell                               1501    1878.05
  Inverter                                 25      93.84
  Sequential cell                          24     630.60
  Multi-Input combinational cell           15     146.39
  Total                                  2144  128433.81
Writing OpenROAD database to '/home/thanh/NCO/runs/RUN_2025-03-03_15-50-00/18-openroad-tapendcapinsertion/counter.odb'…
Writing netlist to '/home/thanh/NCO/runs/RUN_2025-03-03_15-50-00/18-openroad-tapendcapinsertion/counter.nl.v'…
Writing powered netlist to '/home/thanh/NCO/runs/RUN_2025-03-03_15-50-00/18-openroad-tapendcapinsertion/counter.pnl.v'…
Writing layout to '/home/thanh/NCO/runs/RUN_2025-03-03_15-50-00/18-openroad-tapendcapinsertion/counter.def'…
Writing timing constraints to '/home/thanh/NCO/runs/RUN_2025-03-03_15-50-00/18-openroad-tapendcapinsertion/counter.sdc'…
