
===========================================================================
report_checks -unconstrained
===========================================================================
======================= max_ss_100C_1v60 Corner ===================================

Startpoint: rst (input port clocked by clk)
Endpoint: _134_ (recovery check against rising-edge clock clk)
Path Group: asynchronous
Path Type: max

Fanout         Cap        Slew       Delay        Time   Description
---------------------------------------------------------------------------------------------
                                  0.000000    0.000000   clock clk (rise edge)
                                  0.000000    0.000000   clock network delay (propagated)
                                  2.500000    2.500000 v input external delay
     2    0.003776    0.022254    0.012347    2.512347 v rst (in)
                                                         rst (net)
                      0.022254    0.000000    2.512347 v input51/A (sky130_fd_sc_hd__clkbuf_1)
     3    0.019901    0.231239    0.277755    2.790102 v input51/X (sky130_fd_sc_hd__clkbuf_1)
                                                         net51 (net)
                      0.231335    0.002247    2.792350 v fanout87/A (sky130_fd_sc_hd__buf_4)
    17    0.086441    0.213108    0.455734    3.248084 v fanout87/X (sky130_fd_sc_hd__buf_4)
                                                         net87 (net)
                      0.213134    0.002065    3.250149 v fanout86/A (sky130_fd_sc_hd__buf_4)
    19    0.065922    0.167290    0.422320    3.672468 v fanout86/X (sky130_fd_sc_hd__buf_4)
                                                         net86 (net)
                      0.167305    0.001836    3.674304 v fanout85/A (sky130_fd_sc_hd__buf_4)
    10    0.055482    0.144638    0.385590    4.059894 v fanout85/X (sky130_fd_sc_hd__buf_4)
                                                         net85 (net)
                      0.144739    0.003471    4.063365 v _109_/A (sky130_fd_sc_hd__inv_2)
     1    0.005706    0.066480    0.113480    4.176844 ^ _109_/Y (sky130_fd_sc_hd__inv_2)
                                                         _039_ (net)
                      0.066481    0.000327    4.177171 ^ _134_/RESET_B (sky130_fd_sc_hd__dfrtp_4)
                                              4.177171   data arrival time

                                  5.000000    5.000000   clock clk (rise edge)
                                  0.000000    5.000000   clock source latency
     2    0.079612    0.574840    0.413617    5.413617 ^ clk (in)
                                                         clk (net)
                      0.577733    0.000000    5.413617 ^ clkbuf_0_clk/A (sky130_fd_sc_hd__clkbuf_16)
     9    0.126482    0.218022    0.553367    5.966983 ^ clkbuf_0_clk/X (sky130_fd_sc_hd__clkbuf_16)
                                                         clknet_0_clk (net)
                      0.219661    0.014371    5.981355 ^ clkbuf_2_1__f_clk/A (sky130_fd_sc_hd__clkbuf_16)
    19    0.063776    0.125945    0.341307    6.322662 ^ clkbuf_2_1__f_clk/X (sky130_fd_sc_hd__clkbuf_16)
                                                         clknet_2_1__leaf_clk (net)
                      0.126951    0.008704    6.331366 ^ _134_/CLK (sky130_fd_sc_hd__dfrtp_4)
                                 -0.150000    6.181366   clock uncertainty
                                  0.000000    6.181366   clock reconvergence pessimism
                                  0.464503    6.645869   library recovery time
                                              6.645869   data required time
---------------------------------------------------------------------------------------------
                                              6.645869   data required time
                                             -4.177171   data arrival time
---------------------------------------------------------------------------------------------
                                              2.468698   slack (MET)


Startpoint: mem_i1 (falling edge-triggered flip-flop clocked by clk)
Endpoint: _120_ (rising edge-triggered flip-flop clocked by clk)
Path Group: clk
Path Type: max

Fanout         Cap        Slew       Delay        Time   Description
---------------------------------------------------------------------------------------------
                                  2.500000    2.500000   clock clk (fall edge)
                                  0.000000    2.500000   clock source latency
     2    0.078674    0.339939    0.254939    2.754939 v clk (in)
                                                         clk (net)
                      0.344712    0.000000    2.754939 v clkbuf_0_clk/A (sky130_fd_sc_hd__clkbuf_16)
     9    0.122678    0.154333    0.474117    3.229056 v clkbuf_0_clk/X (sky130_fd_sc_hd__clkbuf_16)
                                                         clknet_0_clk (net)
                      0.157681    0.017629    3.246685 v clkbuf_2_0__f_clk/A (sky130_fd_sc_hd__clkbuf_16)
    21    0.106737    0.138361    0.371170    3.617854 v clkbuf_2_0__f_clk/X (sky130_fd_sc_hd__clkbuf_16)
                                                         clknet_2_0__leaf_clk (net)
                      0.187424    0.013863    3.631717 v mem_i1/clk1 (ram256x16)
     1    0.004453    0.003585    0.308325    3.940042 v mem_i1/dout1[8] (ram256x16)
                                                         sine_out_temp1[8] (net)
                      0.002689    0.000192    3.940234 v wire69/A (sky130_fd_sc_hd__clkbuf_2)
     3    0.146860    1.004824    0.802683    4.742918 v wire69/X (sky130_fd_sc_hd__clkbuf_2)
                                                         net69 (net)
                      1.012593    0.072367    4.815284 v _071_/A1 (sky130_fd_sc_hd__mux2_1)
     3    0.017768    0.239271    1.232703    6.047987 v _071_/X (sky130_fd_sc_hd__mux2_1)
                                                         _014_ (net)
                      0.239281    0.001853    6.049840 v _120_/D (sky130_fd_sc_hd__dfrtp_1)
                                              6.049840   data arrival time

                                  5.000000    5.000000   clock clk (rise edge)
                                  0.000000    5.000000   clock source latency
     2    0.079612    0.574840    0.413617    5.413617 ^ clk (in)
                                                         clk (net)
                      0.577733    0.000000    5.413617 ^ clkbuf_0_clk/A (sky130_fd_sc_hd__clkbuf_16)
     9    0.126482    0.218022    0.553367    5.966983 ^ clkbuf_0_clk/X (sky130_fd_sc_hd__clkbuf_16)
                                                         clknet_0_clk (net)
                      0.219661    0.014371    5.981355 ^ clkbuf_2_1__f_clk/A (sky130_fd_sc_hd__clkbuf_16)
    19    0.063776    0.125945    0.341307    6.322662 ^ clkbuf_2_1__f_clk/X (sky130_fd_sc_hd__clkbuf_16)
                                                         clknet_2_1__leaf_clk (net)
                      0.127291    0.010146    6.332808 ^ _120_/CLK (sky130_fd_sc_hd__dfrtp_1)
                                 -0.150000    6.182807   clock uncertainty
                                  0.000000    6.182807   clock reconvergence pessimism
                                 -0.331822    5.850985   library setup time
                                              5.850985   data required time
---------------------------------------------------------------------------------------------
                                              5.850985   data required time
                                             -6.049840   data arrival time
---------------------------------------------------------------------------------------------
                                             -0.198855   slack (VIOLATED)




===========================================================================
report_checks --slack_max -0.01
============================================================================
======================= max_ss_100C_1v60 Corner ===================================

Startpoint: mem_i1 (falling edge-triggered flip-flop clocked by clk)
Endpoint: _120_ (rising edge-triggered flip-flop clocked by clk)
Path Group: clk
Path Type: max

Fanout         Cap        Slew       Delay        Time   Description
---------------------------------------------------------------------------------------------
                                  2.500000    2.500000   clock clk (fall edge)
                                  0.000000    2.500000   clock source latency
     2    0.078674    0.339939    0.254939    2.754939 v clk (in)
                                                         clk (net)
                      0.344712    0.000000    2.754939 v clkbuf_0_clk/A (sky130_fd_sc_hd__clkbuf_16)
     9    0.122678    0.154333    0.474117    3.229056 v clkbuf_0_clk/X (sky130_fd_sc_hd__clkbuf_16)
                                                         clknet_0_clk (net)
                      0.157681    0.017629    3.246685 v clkbuf_2_0__f_clk/A (sky130_fd_sc_hd__clkbuf_16)
    21    0.106737    0.138361    0.371170    3.617854 v clkbuf_2_0__f_clk/X (sky130_fd_sc_hd__clkbuf_16)
                                                         clknet_2_0__leaf_clk (net)
                      0.187424    0.013863    3.631717 v mem_i1/clk1 (ram256x16)
     1    0.004453    0.003585    0.308325    3.940042 v mem_i1/dout1[8] (ram256x16)
                                                         sine_out_temp1[8] (net)
                      0.002689    0.000192    3.940234 v wire69/A (sky130_fd_sc_hd__clkbuf_2)
     3    0.146860    1.004824    0.802683    4.742918 v wire69/X (sky130_fd_sc_hd__clkbuf_2)
                                                         net69 (net)
                      1.012593    0.072367    4.815284 v _071_/A1 (sky130_fd_sc_hd__mux2_1)
     3    0.017768    0.239271    1.232703    6.047987 v _071_/X (sky130_fd_sc_hd__mux2_1)
                                                         _014_ (net)
                      0.239281    0.001853    6.049840 v _120_/D (sky130_fd_sc_hd__dfrtp_1)
                                              6.049840   data arrival time

                                  5.000000    5.000000   clock clk (rise edge)
                                  0.000000    5.000000   clock source latency
     2    0.079612    0.574840    0.413617    5.413617 ^ clk (in)
                                                         clk (net)
                      0.577733    0.000000    5.413617 ^ clkbuf_0_clk/A (sky130_fd_sc_hd__clkbuf_16)
     9    0.126482    0.218022    0.553367    5.966983 ^ clkbuf_0_clk/X (sky130_fd_sc_hd__clkbuf_16)
                                                         clknet_0_clk (net)
                      0.219661    0.014371    5.981355 ^ clkbuf_2_1__f_clk/A (sky130_fd_sc_hd__clkbuf_16)
    19    0.063776    0.125945    0.341307    6.322662 ^ clkbuf_2_1__f_clk/X (sky130_fd_sc_hd__clkbuf_16)
                                                         clknet_2_1__leaf_clk (net)
                      0.127291    0.010146    6.332808 ^ _120_/CLK (sky130_fd_sc_hd__dfrtp_1)
                                 -0.150000    6.182807   clock uncertainty
                                  0.000000    6.182807   clock reconvergence pessimism
                                 -0.331822    5.850985   library setup time
                                              5.850985   data required time
---------------------------------------------------------------------------------------------
                                              5.850985   data required time
                                             -6.049840   data arrival time
---------------------------------------------------------------------------------------------
                                             -0.198855   slack (VIOLATED)




===========================================================================
 report_check_types -max_slew -max_cap -max_fanout -violators
============================================================================
======================= max_ss_100C_1v60 Corner ===================================

max slew

Pin                                        Limit        Slew       Slack
------------------------------------------------------------------------
_071_/A1                                0.750000    1.229378   -0.479378 (VIOLATED)
ANTENNA__071__A1/DIODE                  0.750000    1.229377   -0.479377 (VIOLATED)
ANTENNA_wire69_X/DIODE                  0.750000    1.222943   -0.472943 (VIOLATED)
wire69/X                                0.750000    1.222929   -0.472929 (VIOLATED)
_074_/A1                                0.750000    1.150851   -0.400851 (VIOLATED)
ANTENNA__074__A1/DIODE                  0.750000    1.150850   -0.400850 (VIOLATED)
ANTENNA_wire81_X/DIODE                  0.750000    1.145394   -0.395394 (VIOLATED)
wire81/X                                0.750000    1.145381   -0.395381 (VIOLATED)
_070_/A1                                0.750000    1.125775   -0.375775 (VIOLATED)
ANTENNA__070__A1/DIODE                  0.750000    1.125774   -0.375774 (VIOLATED)
ANTENNA_wire70_X/DIODE                  0.750000    1.120327   -0.370327 (VIOLATED)
wire70/X                                0.750000    1.120314   -0.370314 (VIOLATED)
_073_/A1                                0.750000    1.110996   -0.360996 (VIOLATED)
ANTENNA__073__A1/DIODE                  0.750000    1.110995   -0.360995 (VIOLATED)
ANTENNA_wire82_X/DIODE                  0.750000    1.104735   -0.354735 (VIOLATED)
wire82/X                                0.750000    1.104722   -0.354722 (VIOLATED)
mem_i1/addr1[0]                         0.500000    0.848109   -0.348109 (VIOLATED)
_066_/A1                                0.750000    1.096940   -0.346940 (VIOLATED)
ANTENNA__066__A1/DIODE                  0.750000    1.096939   -0.346939 (VIOLATED)
_067_/A1                                0.750000    1.093951   -0.343951 (VIOLATED)
ANTENNA__067__A1/DIODE                  0.750000    1.093950   -0.343950 (VIOLATED)
ANTENNA_wire74_X/DIODE                  0.750000    1.092081   -0.342081 (VIOLATED)
wire74/X                                0.750000    1.092070   -0.342070 (VIOLATED)
mem_i0/addr1[0]                         0.500000    0.840569   -0.340569 (VIOLATED)
ANTENNA_wire73_X/DIODE                  0.750000    1.089283   -0.339283 (VIOLATED)
wire73/X                                0.750000    1.089272   -0.339272 (VIOLATED)
_072_/A1                                0.750000    1.078145   -0.328145 (VIOLATED)
ANTENNA__072__A1/DIODE                  0.750000    1.078144   -0.328144 (VIOLATED)
ANTENNA_wire68_X/DIODE                  0.750000    1.073092   -0.323092 (VIOLATED)
wire68/X                                0.750000    1.073080   -0.323080 (VIOLATED)
mem_i1/addr0[1]                         0.500000    0.800730   -0.300730 (VIOLATED)
_075_/A1                                0.750000    1.047992   -0.297992 (VIOLATED)
ANTENNA__075__A1/DIODE                  0.750000    1.047991   -0.297991 (VIOLATED)
ANTENNA__076__A1/DIODE                  0.750000    1.046672   -0.296672 (VIOLATED)
_076_/A1                                0.750000    1.046667   -0.296667 (VIOLATED)
mem_i1/addr1[1]                         0.500000    0.795504   -0.295504 (VIOLATED)
ANTENNA_wire80_X/DIODE                  0.750000    1.043481   -0.293481 (VIOLATED)
wire80/X                                0.750000    1.043469   -0.293469 (VIOLATED)
ANTENNA_wire79_X/DIODE                  0.750000    1.042272   -0.292272 (VIOLATED)
wire79/X                                0.750000    1.042260   -0.292260 (VIOLATED)
mem_i0/addr1[1]                         0.500000    0.786188   -0.286188 (VIOLATED)
mem_i0/addr1[5]                         0.500000    0.687631   -0.187631 (VIOLATED)
mem_i1/addr1[5]                         0.500000    0.683465   -0.183465 (VIOLATED)
mem_i0/addr1[7]                         0.500000    0.656534   -0.156534 (VIOLATED)
mem_i1/addr1[7]                         0.500000    0.651783   -0.151783 (VIOLATED)
mem_i0/addr1[6]                         0.500000    0.634452   -0.134452 (VIOLATED)
_077_/A1                                0.750000    0.883430   -0.133430 (VIOLATED)
ANTENNA__077__A1/DIODE                  0.750000    0.883427   -0.133428 (VIOLATED)
ANTENNA_wire78_X/DIODE                  0.750000    0.880236   -0.130236 (VIOLATED)
wire78/X                                0.750000    0.880225   -0.130225 (VIOLATED)
mem_i1/addr1[6]                         0.500000    0.629926   -0.129926 (VIOLATED)
_078_/A1                                0.750000    0.878405   -0.128405 (VIOLATED)
ANTENNA__078__A1/DIODE                  0.750000    0.878404   -0.128405 (VIOLATED)
ANTENNA__068__A1/DIODE                  0.750000    0.876918   -0.126918 (VIOLATED)
_068_/A1                                0.750000    0.876918   -0.126918 (VIOLATED)
ANTENNA_wire77_X/DIODE                  0.750000    0.874693   -0.124693 (VIOLATED)
wire77/X                                0.750000    0.874683   -0.124683 (VIOLATED)
ANTENNA_wire72_X/DIODE                  0.750000    0.873611   -0.123611 (VIOLATED)
wire72/X                                0.750000    0.873602   -0.123602 (VIOLATED)
_069_/A1                                0.750000    0.869236   -0.119236 (VIOLATED)
ANTENNA__069__A1/DIODE                  0.750000    0.869235   -0.119235 (VIOLATED)
ANTENNA_wire71_X/DIODE                  0.750000    0.864083   -0.114083 (VIOLATED)
wire71/X                                0.750000    0.864073   -0.114073 (VIOLATED)
_064_/A1                                0.750000    0.857209   -0.107209 (VIOLATED)
ANTENNA__064__A1/DIODE                  0.750000    0.857208   -0.107208 (VIOLATED)
ANTENNA_wire76_X/DIODE                  0.750000    0.853858   -0.103858 (VIOLATED)
wire76/X                                0.750000    0.853849   -0.103849 (VIOLATED)
mem_i0/addr1[2]                         0.500000    0.599402   -0.099402 (VIOLATED)
mem_i1/addr1[2]                         0.500000    0.599046   -0.099046 (VIOLATED)
mem_i0/addr1[4]                         0.500000    0.576968   -0.076968 (VIOLATED)
mem_i1/addr1[4]                         0.500000    0.576681   -0.076681 (VIOLATED)
_065_/A1                                0.750000    0.758634   -0.008634 (VIOLATED)
ANTENNA__065__A1/DIODE                  0.750000    0.758634   -0.008634 (VIOLATED)
ANTENNA_wire75_X/DIODE                  0.750000    0.756390   -0.006390 (VIOLATED)
wire75/X                                0.750000    0.756382   -0.006382 (VIOLATED)

max fanout

Pin                                   Limit Fanout  Slack
---------------------------------------------------------
clkbuf_2_0__f_clk/X                      10     21    -11 (VIOLATED)
fanout83/X                               10     21    -11 (VIOLATED)
clkbuf_2_1__f_clk/X                      10     19     -9 (VIOLATED)
fanout86/X                               10     19     -9 (VIOLATED)
fanout84/X                               10     17     -7 (VIOLATED)
fanout87/X                               10     17     -7 (VIOLATED)
_128_/Q                                  10     15     -5 (VIOLATED)
_132_/Q                                  10     15     -5 (VIOLATED)
clkbuf_2_3__f_clk/X                      10     15     -5 (VIOLATED)
_129_/Q                                  10     13     -3 (VIOLATED)
_133_/Q                                  10     13     -3 (VIOLATED)
clkbuf_2_2__f_clk/X                      10     13     -3 (VIOLATED)
_130_/Q                                  10     11        (VIOLATED)
_134_/Q                                  10     11        (VIOLATED)

max capacitance

Pin                                        Limit         Cap       Slack
------------------------------------------------------------------------
mem_i1/dout1[0]                         0.027560    0.085060   -0.057500 (VIOLATED)



===========================================================================
report_parasitic_annotation -report_unannotated
============================================================================
Found 5 unannotated drivers.
 clkload0/X
 clkload1/X
 clkload2/Y
 mem_i0_88/HI
 mem_i1_89/HI
Found 0 partially unannotated drivers.

===========================================================================
max slew violation count 75
max fanout violation count 14
max cap violation count 1
============================================================================

===========================================================================
check_setup -verbose -unconstrained_endpoints -multiple_clock -no_clock -no_input_delay -loops -generated_clocks
===========================================================================
Warning: There are 50 input ports missing set_input_delay.
  addr00[0]
  addr00[1]
  addr00[2]
  addr00[3]
  addr00[4]
  addr00[5]
  addr00[6]
  addr00[7]
  addr01[0]
  addr01[1]
  addr01[2]
  addr01[3]
  addr01[4]
  addr01[5]
  addr01[6]
  addr01[7]
  csb00
  csb01
  din00[0]
  din00[10]
  din00[11]
  din00[12]
  din00[13]
  din00[14]
  din00[15]
  din00[1]
  din00[2]
  din00[3]
  din00[4]
  din00[5]
  din00[6]
  din00[7]
  din00[8]
  din00[9]
  din01[0]
  din01[10]
  din01[11]
  din01[12]
  din01[13]
  din01[14]
  din01[15]
  din01[1]
  din01[2]
  din01[3]
  din01[4]
  din01[5]
  din01[6]
  din01[7]
  din01[8]
  din01[9]
Warning: There are 52 unconstrained endpoints.
  mem_i0/addr0[0]
  mem_i0/addr0[1]
  mem_i0/addr0[2]
  mem_i0/addr0[3]
  mem_i0/addr0[4]
  mem_i0/addr0[5]
  mem_i0/addr0[6]
  mem_i0/addr0[7]
  mem_i0/csb0
  mem_i0/csb1
  mem_i0/din0[0]
  mem_i0/din0[10]
  mem_i0/din0[11]
  mem_i0/din0[12]
  mem_i0/din0[13]
  mem_i0/din0[14]
  mem_i0/din0[15]
  mem_i0/din0[1]
  mem_i0/din0[2]
  mem_i0/din0[3]
  mem_i0/din0[4]
  mem_i0/din0[5]
  mem_i0/din0[6]
  mem_i0/din0[7]
  mem_i0/din0[8]
  mem_i0/din0[9]
  mem_i1/addr0[0]
  mem_i1/addr0[1]
  mem_i1/addr0[2]
  mem_i1/addr0[3]
  mem_i1/addr0[4]
  mem_i1/addr0[5]
  mem_i1/addr0[6]
  mem_i1/addr0[7]
  mem_i1/csb0
  mem_i1/csb1
  mem_i1/din0[0]
  mem_i1/din0[10]
  mem_i1/din0[11]
  mem_i1/din0[12]
  mem_i1/din0[13]
  mem_i1/din0[14]
  mem_i1/din0[15]
  mem_i1/din0[1]
  mem_i1/din0[2]
  mem_i1/din0[3]
  mem_i1/din0[4]
  mem_i1/din0[5]
  mem_i1/din0[6]
  mem_i1/din0[7]
  mem_i1/din0[8]
  mem_i1/din0[9]
