
===========================================================================
Violator List
============================================================================
[setup reg-reg] mem_i1/dout1[8] -> _120_/D : -0.198855
[setup reg-out] _144_/Q -> sine_out[7] : -0.185944
[setup reg-out] _123_/Q -> sine_out[11] : -0.166478
[setup reg-out] _142_/Q -> sine_out[5] : -0.162397
[setup reg-out] _124_/Q -> sine_out[12] : -0.149468
[setup reg-out] _141_/Q -> sine_out[4] : -0.149090
[setup reg-out] _143_/Q -> sine_out[6] : -0.142112
[setup reg-reg] mem_i1/dout1[7] -> _144_/D : -0.127702
[setup reg-out] _125_/Q -> sine_out[13] : -0.125330
[setup reg-out] _121_/Q -> sine_out[9] : -0.117943
[setup reg-out] _139_/Q -> sine_out[2] : -0.113462
[setup reg-reg] mem_i1/dout1[10] -> _122_/D : -0.109192
[setup reg-out] _126_/Q -> sine_out[14] : -0.107998
[setup reg-out] _138_/Q -> sine_out[1] : -0.106760
[setup reg-out] _137_/Q -> sine_out[0] : -0.098327
[setup reg-out] _140_/Q -> sine_out[3] : -0.085878
[setup reg-reg] mem_i1/dout1[9] -> _121_/D : -0.075488
[setup reg-out] _122_/Q -> sine_out[10] : -0.044069
[setup reg-reg] mem_i1/dout1[3] -> _140_/D : -0.038664
[setup reg-out] _120_/Q -> sine_out[8] : -0.026138
[setup reg-reg] mem_i1/dout1[4] -> _141_/D : -0.008945
[setup reg-reg] mem_i1/dout1[11] -> _123_/D : -0.002237
