┏━━━━━━━┳━━━━━━━━━┳━━━━━━━━━━┳━━━━━━━━━━━━━━━━━━━━━━┳━━━━━━━━━━━━┳━━━━━━━┓
┃ P / R ┃ Partial ┃ Required ┃ Net                  ┃ Pin        ┃ Layer ┃
┡━━━━━━━╇━━━━━━━━━╇━━━━━━━━━━╇━━━━━━━━━━━━━━━━━━━━━━╇━━━━━━━━━━━━╇━━━━━━━┩
│ 1.55  │ 619.60  │ 400.00   │ net64                │ output64/A │ met1  │
│ 1.49  │ 596.53  │ 400.00   │ _005_                │ _126_/D    │ met1  │
│ 1.39  │ 557.19  │ 400.00   │ _003_                │ _124_/D    │ met1  │
│ 1.28  │ 511.33  │ 400.00   │ net77                │ _078_/A1   │ met1  │
│ 1.18  │ 470.03  │ 400.00   │ net65                │ output65/A │ met1  │
│ 1.16  │ 464.58  │ 400.00   │ net53                │ output53/A │ met1  │
│ 1.12  │ 447.05  │ 400.00   │ sine_out_temp0[10\]  │ _073_/A0   │ met3  │
│ 1.12  │ 447.05  │ 400.00   │ sine_out_temp0[11\]  │ _074_/A0   │ met3  │
│ 1.12  │ 447.05  │ 400.00   │ sine_out_temp0[13\]  │ _076_/A0   │ met3  │
│ 1.12  │ 447.05  │ 400.00   │ sine_out_temp0[15\]  │ _078_/A0   │ met3  │
│ 1.12  │ 447.05  │ 400.00   │ sine_out_temp0[7\]   │ _070_/A0   │ met3  │
│ 1.12  │ 447.05  │ 400.00   │ sine_out_temp0[8\]   │ _071_/A0   │ met3  │
│ 1.12  │ 447.05  │ 400.00   │ sine_out_temp0[9\]   │ _072_/A0   │ met3  │
│ 1.11  │ 443.08  │ 400.00   │ _057_                │ _094_/A_N  │ met1  │
│ 1.11  │ 442.84  │ 400.00   │ net59                │ output59/A │ met1  │
│ 1.03  │ 411.92  │ 400.00   │ clknet_2_0__leaf_clk │ _138_/CLK  │ met1  │
│ 1.01  │ 402.06  │ 400.00   │ net54                │ output54/A │ met1  │
└───────┴─────────┴──────────┴──────────────────────┴────────────┴───────┘
