Net: _003_
  Pin:   _124_/D (sky130_fd_sc_hd__dfrtp_1)
    Layer: mcon
      Partial area ratio:    0.23
      Required ratio:    3.00 (Gate area) 
      Cumulative area ratio:    0.23
      Required ratio:    0.00 (Cumulative area) 

    Layer: met1
      Partial area ratio:  111.73
      Required ratio:    0.00 (Gate area) 
      Cumulative area ratio:  111.73
      Required ratio:    0.00 (Cumulative area) 
      Partial area ratio:  557.19
      Required ratio:  400.00 (Side area) (VIOLATED)
      Cumulative area ratio:  557.19
      Required ratio:    0.00 (Cumulative side area) 

    Layer: via
      Partial area ratio:    0.36
      Required ratio:    6.00 (Gate area) 
      Cumulative area ratio:    0.59
      Required ratio:    0.00 (Cumulative area) 

    Layer: met2
      Partial area ratio:    9.95
      Required ratio:    0.00 (Gate area) 
      Cumulative area ratio:  121.69
      Required ratio:    0.00 (Cumulative area) 
      Partial area ratio:   48.67
      Required ratio: 2771.60 (Side area) 
      Cumulative area ratio:  605.86
      Required ratio:    0.00 (Cumulative side area) 



Net: _005_
  Pin:   _126_/D (sky130_fd_sc_hd__dfrtp_1)
    Layer: mcon
      Partial area ratio:    0.23
      Required ratio:    3.00 (Gate area) 
      Cumulative area ratio:    0.23
      Required ratio:    0.00 (Cumulative area) 

    Layer: met1
      Partial area ratio:  119.60
      Required ratio:    0.00 (Gate area) 
      Cumulative area ratio:  119.60
      Required ratio:    0.00 (Cumulative area) 
      Partial area ratio:  596.53
      Required ratio:  400.00 (Side area) (VIOLATED)
      Cumulative area ratio:  596.53
      Required ratio:    0.00 (Cumulative side area) 

    Layer: via
      Partial area ratio:    0.36
      Required ratio:    6.00 (Gate area) 
      Cumulative area ratio:    0.59
      Required ratio:    0.00 (Cumulative area) 

    Layer: met2
      Partial area ratio:    9.95
      Required ratio:    0.00 (Gate area) 
      Cumulative area ratio:  129.55
      Required ratio:    0.00 (Cumulative area) 
      Partial area ratio:   48.67
      Required ratio: 2771.60 (Side area) 
      Cumulative area ratio:  645.19
      Required ratio:    0.00 (Cumulative side area) 



Net: _057_
  Pin:   _094_/A_N (sky130_fd_sc_hd__and2b_1)
    Layer: mcon
      Partial area ratio:    0.23
      Required ratio:    3.00 (Gate area) 
      Cumulative area ratio:    0.23
      Required ratio:    0.00 (Cumulative area) 

    Layer: met1
      Partial area ratio:   89.08
      Required ratio:    0.00 (Gate area) 
      Cumulative area ratio:   89.08
      Required ratio:    0.00 (Cumulative area) 
      Partial area ratio:  443.08
      Required ratio:  400.00 (Side area) (VIOLATED)
      Cumulative area ratio:  443.08
      Required ratio:    0.00 (Cumulative side area) 

    Layer: via
      Partial area ratio:    0.54
      Required ratio:    6.00 (Gate area) 
      Cumulative area ratio:    0.77
      Required ratio:    0.00 (Cumulative area) 

    Layer: met2
      Partial area ratio:    2.19
      Required ratio:    0.00 (Gate area) 
      Cumulative area ratio:   91.27
      Required ratio:    0.00 (Cumulative area) 
      Partial area ratio:   10.61
      Required ratio:  400.00 (Side area) 
      Cumulative area ratio:  453.69
      Required ratio:    0.00 (Cumulative side area) 

    Layer: via2
      Partial area ratio:    0.06
      Required ratio:    6.00 (Gate area) 
      Cumulative area ratio:    0.83
      Required ratio:    0.00 (Cumulative area) 

    Layer: met3
      Partial area ratio:   20.19
      Required ratio:    0.00 (Gate area) 
      Cumulative area ratio:  111.46
      Required ratio:    0.00 (Cumulative area) 
      Partial area ratio:  108.44
      Required ratio: 2817.80 (Side area) 
      Cumulative area ratio:  562.13
      Required ratio:    0.00 (Cumulative side area) 


  Pin:   _095_/B (sky130_fd_sc_hd__xor2_1)
    Layer: mcon
      Partial area ratio:    0.06
      Required ratio:    3.00 (Gate area) 
      Cumulative area ratio:    0.06
      Required ratio:    0.00 (Cumulative area) 

    Layer: met1
      Partial area ratio:    2.69
      Required ratio:    0.00 (Gate area) 
      Cumulative area ratio:    2.69
      Required ratio:    0.00 (Cumulative area) 
      Partial area ratio:   13.06
      Required ratio:  400.00 (Side area) 
      Cumulative area ratio:   13.06
      Required ratio:    0.00 (Cumulative side area) 

    Layer: via
      Partial area ratio:    0.09
      Required ratio:    6.00 (Gate area) 
      Cumulative area ratio:    0.15
      Required ratio:    0.00 (Cumulative area) 

    Layer: met2
      Partial area ratio:    2.19
      Required ratio:    0.00 (Gate area) 
      Cumulative area ratio:    4.87
      Required ratio:    0.00 (Cumulative area) 
      Partial area ratio:   10.61
      Required ratio:  400.00 (Side area) 
      Cumulative area ratio:   23.67
      Required ratio:    0.00 (Cumulative side area) 

    Layer: via2
      Partial area ratio:    0.06
      Required ratio:    6.00 (Gate area) 
      Cumulative area ratio:    0.21
      Required ratio:    0.00 (Cumulative area) 

    Layer: met3
      Partial area ratio:   20.19
      Required ratio:    0.00 (Gate area) 
      Cumulative area ratio:   25.06
      Required ratio:    0.00 (Cumulative area) 
      Partial area ratio:  108.44
      Required ratio: 2817.80 (Side area) 
      Cumulative area ratio:  132.11
      Required ratio:    0.00 (Cumulative side area) 



Net: sine_out_temp0\[10\]
  Pin:   _073_/A0 (sky130_fd_sc_hd__mux2_1)
    Layer: mcon
      Partial area ratio:    0.23
      Required ratio:    3.00 (Gate area) 
      Cumulative area ratio:    0.23
      Required ratio:    0.00 (Cumulative area) 

    Layer: met1
      Partial area ratio:   26.12
      Required ratio:    0.00 (Gate area) 
      Cumulative area ratio:   26.12
      Required ratio:    0.00 (Cumulative area) 
      Partial area ratio:  129.11
      Required ratio:  400.00 (Side area) 
      Cumulative area ratio:  129.11
      Required ratio:    0.00 (Cumulative side area) 

    Layer: via
      Partial area ratio:    0.36
      Required ratio:    6.00 (Gate area) 
      Cumulative area ratio:    0.59
      Required ratio:    0.00 (Cumulative area) 

    Layer: met2
      Partial area ratio:   17.09
      Required ratio:    0.00 (Gate area) 
      Cumulative area ratio:   43.21
      Required ratio:    0.00 (Cumulative area) 
      Partial area ratio:   84.03
      Required ratio:  400.00 (Side area) 
      Cumulative area ratio:  213.14
      Required ratio:    0.00 (Cumulative side area) 

    Layer: via2
      Partial area ratio:    0.32
      Required ratio:    6.00 (Gate area) 
      Cumulative area ratio:    0.90
      Required ratio:    0.00 (Cumulative area) 

    Layer: met3
      Partial area ratio:   83.13
      Required ratio:    0.00 (Gate area) 
      Cumulative area ratio:  126.34
      Required ratio:    0.00 (Cumulative area) 
      Partial area ratio:  447.05
      Required ratio:  400.00 (Side area) (VIOLATED)
      Cumulative area ratio:  660.19
      Required ratio:    0.00 (Cumulative side area) 

    Layer: via3
      Partial area ratio:    0.32
      Required ratio:    6.00 (Gate area) 
      Cumulative area ratio:    1.22
      Required ratio:    0.00 (Cumulative area) 

    Layer: met4
      Partial area ratio:    0.86
      Required ratio:    0.00 (Gate area) 
      Cumulative area ratio:  127.20
      Required ratio:    0.00 (Cumulative area) 
      Partial area ratio:    8.38
      Required ratio:  400.00 (Side area) 
      Cumulative area ratio:  668.57
      Required ratio:    0.00 (Cumulative side area) 



Net: sine_out_temp0\[11\]
  Pin:   _074_/A0 (sky130_fd_sc_hd__mux2_1)
    Layer: mcon
      Partial area ratio:    0.23
      Required ratio:    3.00 (Gate area) 
      Cumulative area ratio:    0.23
      Required ratio:    0.00 (Cumulative area) 

    Layer: met1
      Partial area ratio:    3.03
      Required ratio:    0.00 (Gate area) 
      Cumulative area ratio:    3.03
      Required ratio:    0.00 (Cumulative area) 
      Partial area ratio:   14.27
      Required ratio:  400.00 (Side area) 
      Cumulative area ratio:   14.27
      Required ratio:    0.00 (Cumulative side area) 

    Layer: via
      Partial area ratio:    0.25
      Required ratio:    6.00 (Gate area) 
      Cumulative area ratio:    0.48
      Required ratio:    0.00 (Cumulative area) 

    Layer: met2
      Partial area ratio:   16.58
      Required ratio:    0.00 (Gate area) 
      Cumulative area ratio:   19.61
      Required ratio:    0.00 (Cumulative area) 
      Partial area ratio:   81.13
      Required ratio:  400.00 (Side area) 
      Cumulative area ratio:   95.39
      Required ratio:    0.00 (Cumulative side area) 

    Layer: via2
      Partial area ratio:    0.32
      Required ratio:    6.00 (Gate area) 
      Cumulative area ratio:    0.79
      Required ratio:    0.00 (Cumulative area) 

    Layer: met3
      Partial area ratio:   83.13
      Required ratio:    0.00 (Gate area) 
      Cumulative area ratio:  102.74
      Required ratio:    0.00 (Cumulative area) 
      Partial area ratio:  447.05
      Required ratio:  400.00 (Side area) (VIOLATED)
      Cumulative area ratio:  542.44
      Required ratio:    0.00 (Cumulative side area) 

    Layer: via3
      Partial area ratio:    0.32
      Required ratio:    6.00 (Gate area) 
      Cumulative area ratio:    1.11
      Required ratio:    0.00 (Cumulative area) 

    Layer: met4
      Partial area ratio:    0.86
      Required ratio:    0.00 (Gate area) 
      Cumulative area ratio:  103.60
      Required ratio:    0.00 (Cumulative area) 
      Partial area ratio:    8.38
      Required ratio:  400.00 (Side area) 
      Cumulative area ratio:  550.82
      Required ratio:    0.00 (Cumulative side area) 



Net: sine_out_temp0\[13\]
  Pin:   _076_/A0 (sky130_fd_sc_hd__mux2_1)
    Layer: mcon
      Partial area ratio:    0.23
      Required ratio:    3.00 (Gate area) 
      Cumulative area ratio:    0.23
      Required ratio:    0.00 (Cumulative area) 

    Layer: met1
      Partial area ratio:    4.69
      Required ratio:    0.00 (Gate area) 
      Cumulative area ratio:    4.69
      Required ratio:    0.00 (Cumulative area) 
      Partial area ratio:   21.96
      Required ratio:  400.00 (Side area) 
      Cumulative area ratio:   21.96
      Required ratio:    0.00 (Cumulative side area) 

    Layer: via
      Partial area ratio:    0.36
      Required ratio:    6.00 (Gate area) 
      Cumulative area ratio:    0.59
      Required ratio:    0.00 (Cumulative area) 

    Layer: met2
      Partial area ratio:   17.09
      Required ratio:    0.00 (Gate area) 
      Cumulative area ratio:   21.78
      Required ratio:    0.00 (Cumulative area) 
      Partial area ratio:   84.03
      Required ratio:  400.00 (Side area) 
      Cumulative area ratio:  105.98
      Required ratio:    0.00 (Cumulative side area) 

    Layer: via2
      Partial area ratio:    0.32
      Required ratio:    6.00 (Gate area) 
      Cumulative area ratio:    0.90
      Required ratio:    0.00 (Cumulative area) 

    Layer: met3
      Partial area ratio:   83.13
      Required ratio:    0.00 (Gate area) 
      Cumulative area ratio:  104.91
      Required ratio:    0.00 (Cumulative area) 
      Partial area ratio:  447.05
      Required ratio:  400.00 (Side area) (VIOLATED)
      Cumulative area ratio:  553.03
      Required ratio:    0.00 (Cumulative side area) 

    Layer: via3
      Partial area ratio:    0.32
      Required ratio:    6.00 (Gate area) 
      Cumulative area ratio:    1.22
      Required ratio:    0.00 (Cumulative area) 

    Layer: met4
      Partial area ratio:    0.86
      Required ratio:    0.00 (Gate area) 
      Cumulative area ratio:  105.77
      Required ratio:    0.00 (Cumulative area) 
      Partial area ratio:    8.38
      Required ratio:  400.00 (Side area) 
      Cumulative area ratio:  561.41
      Required ratio:    0.00 (Cumulative side area) 



Net: sine_out_temp0\[15\]
  Pin:   _078_/A0 (sky130_fd_sc_hd__mux2_1)
    Layer: mcon
      Partial area ratio:    0.23
      Required ratio:    3.00 (Gate area) 
      Cumulative area ratio:    0.23
      Required ratio:    0.00 (Cumulative area) 

    Layer: met1
      Partial area ratio:   29.93
      Required ratio:    0.00 (Gate area) 
      Cumulative area ratio:   29.93
      Required ratio:    0.00 (Cumulative area) 
      Partial area ratio:  148.18
      Required ratio:  400.00 (Side area) 
      Cumulative area ratio:  148.18
      Required ratio:    0.00 (Cumulative side area) 

    Layer: via
      Partial area ratio:    0.36
      Required ratio:    6.00 (Gate area) 
      Cumulative area ratio:    0.59
      Required ratio:    0.00 (Cumulative area) 

    Layer: met2
      Partial area ratio:   17.09
      Required ratio:    0.00 (Gate area) 
      Cumulative area ratio:   47.02
      Required ratio:    0.00 (Cumulative area) 
      Partial area ratio:   84.03
      Required ratio:  400.00 (Side area) 
      Cumulative area ratio:  232.21
      Required ratio:    0.00 (Cumulative side area) 

    Layer: via2
      Partial area ratio:    0.32
      Required ratio:    6.00 (Gate area) 
      Cumulative area ratio:    0.90
      Required ratio:    0.00 (Cumulative area) 

    Layer: met3
      Partial area ratio:   83.13
      Required ratio:    0.00 (Gate area) 
      Cumulative area ratio:  130.15
      Required ratio:    0.00 (Cumulative area) 
      Partial area ratio:  447.05
      Required ratio:  400.00 (Side area) (VIOLATED)
      Cumulative area ratio:  679.25
      Required ratio:    0.00 (Cumulative side area) 

    Layer: via3
      Partial area ratio:    0.32
      Required ratio:    6.00 (Gate area) 
      Cumulative area ratio:    1.22
      Required ratio:    0.00 (Cumulative area) 

    Layer: met4
      Partial area ratio:    0.86
      Required ratio:    0.00 (Gate area) 
      Cumulative area ratio:  131.01
      Required ratio:    0.00 (Cumulative area) 
      Partial area ratio:    8.38
      Required ratio:  400.00 (Side area) 
      Cumulative area ratio:  687.63
      Required ratio:    0.00 (Cumulative side area) 



Net: sine_out_temp0\[7\]
  Pin:   _070_/A0 (sky130_fd_sc_hd__mux2_1)
    Layer: mcon
      Partial area ratio:    0.23
      Required ratio:    3.00 (Gate area) 
      Cumulative area ratio:    0.23
      Required ratio:    0.00 (Cumulative area) 

    Layer: met1
      Partial area ratio:   50.69
      Required ratio:    0.00 (Gate area) 
      Cumulative area ratio:   50.69
      Required ratio:    0.00 (Cumulative area) 
      Partial area ratio:  251.96
      Required ratio:  400.00 (Side area) 
      Cumulative area ratio:  251.96
      Required ratio:    0.00 (Cumulative side area) 

    Layer: via
      Partial area ratio:    0.36
      Required ratio:    6.00 (Gate area) 
      Cumulative area ratio:    0.59
      Required ratio:    0.00 (Cumulative area) 

    Layer: met2
      Partial area ratio:   17.09
      Required ratio:    0.00 (Gate area) 
      Cumulative area ratio:   67.78
      Required ratio:    0.00 (Cumulative area) 
      Partial area ratio:   84.03
      Required ratio:  400.00 (Side area) 
      Cumulative area ratio:  335.98
      Required ratio:    0.00 (Cumulative side area) 

    Layer: via2
      Partial area ratio:    0.32
      Required ratio:    6.00 (Gate area) 
      Cumulative area ratio:    0.90
      Required ratio:    0.00 (Cumulative area) 

    Layer: met3
      Partial area ratio:   83.13
      Required ratio:    0.00 (Gate area) 
      Cumulative area ratio:  150.91
      Required ratio:    0.00 (Cumulative area) 
      Partial area ratio:  447.05
      Required ratio:  400.00 (Side area) (VIOLATED)
      Cumulative area ratio:  783.03
      Required ratio:    0.00 (Cumulative side area) 

    Layer: via3
      Partial area ratio:    0.32
      Required ratio:    6.00 (Gate area) 
      Cumulative area ratio:    1.22
      Required ratio:    0.00 (Cumulative area) 

    Layer: met4
      Partial area ratio:    0.86
      Required ratio:    0.00 (Gate area) 
      Cumulative area ratio:  151.77
      Required ratio:    0.00 (Cumulative area) 
      Partial area ratio:    8.38
      Required ratio:  400.00 (Side area) 
      Cumulative area ratio:  791.41
      Required ratio:    0.00 (Cumulative side area) 



Net: sine_out_temp0\[8\]
  Pin:   _071_/A0 (sky130_fd_sc_hd__mux2_1)
    Layer: mcon
      Partial area ratio:    0.23
      Required ratio:    3.00 (Gate area) 
      Cumulative area ratio:    0.23
      Required ratio:    0.00 (Cumulative area) 

    Layer: met1
      Partial area ratio:   27.17
      Required ratio:    0.00 (Gate area) 
      Cumulative area ratio:   27.17
      Required ratio:    0.00 (Cumulative area) 
      Partial area ratio:  134.40
      Required ratio:  400.00 (Side area) 
      Cumulative area ratio:  134.40
      Required ratio:    0.00 (Cumulative side area) 

    Layer: via
      Partial area ratio:    0.36
      Required ratio:    6.00 (Gate area) 
      Cumulative area ratio:    0.59
      Required ratio:    0.00 (Cumulative area) 

    Layer: met2
      Partial area ratio:   17.09
      Required ratio:    0.00 (Gate area) 
      Cumulative area ratio:   44.27
      Required ratio:    0.00 (Cumulative area) 
      Partial area ratio:   84.03
      Required ratio:  400.00 (Side area) 
      Cumulative area ratio:  218.43
      Required ratio:    0.00 (Cumulative side area) 

    Layer: via2
      Partial area ratio:    0.32
      Required ratio:    6.00 (Gate area) 
      Cumulative area ratio:    0.90
      Required ratio:    0.00 (Cumulative area) 

    Layer: met3
      Partial area ratio:   83.13
      Required ratio:    0.00 (Gate area) 
      Cumulative area ratio:  127.39
      Required ratio:    0.00 (Cumulative area) 
      Partial area ratio:  447.05
      Required ratio:  400.00 (Side area) (VIOLATED)
      Cumulative area ratio:  665.48
      Required ratio:    0.00 (Cumulative side area) 

    Layer: via3
      Partial area ratio:    0.32
      Required ratio:    6.00 (Gate area) 
      Cumulative area ratio:    1.22
      Required ratio:    0.00 (Cumulative area) 

    Layer: met4
      Partial area ratio:    0.86
      Required ratio:    0.00 (Gate area) 
      Cumulative area ratio:  128.26
      Required ratio:    0.00 (Cumulative area) 
      Partial area ratio:    8.38
      Required ratio:  400.00 (Side area) 
      Cumulative area ratio:  673.86
      Required ratio:    0.00 (Cumulative side area) 



Net: sine_out_temp0\[9\]
  Pin:   _072_/A0 (sky130_fd_sc_hd__mux2_1)
    Layer: mcon
      Partial area ratio:    0.23
      Required ratio:    3.00 (Gate area) 
      Cumulative area ratio:    0.23
      Required ratio:    0.00 (Cumulative area) 

    Layer: met1
      Partial area ratio:   29.22
      Required ratio:    0.00 (Gate area) 
      Cumulative area ratio:   29.22
      Required ratio:    0.00 (Cumulative area) 
      Partial area ratio:  144.62
      Required ratio:  400.00 (Side area) 
      Cumulative area ratio:  144.62
      Required ratio:    0.00 (Cumulative side area) 

    Layer: via
      Partial area ratio:    0.36
      Required ratio:    6.00 (Gate area) 
      Cumulative area ratio:    0.59
      Required ratio:    0.00 (Cumulative area) 

    Layer: met2
      Partial area ratio:   17.09
      Required ratio:    0.00 (Gate area) 
      Cumulative area ratio:   46.31
      Required ratio:    0.00 (Cumulative area) 
      Partial area ratio:   84.03
      Required ratio:  400.00 (Side area) 
      Cumulative area ratio:  228.65
      Required ratio:    0.00 (Cumulative side area) 

    Layer: via2
      Partial area ratio:    0.32
      Required ratio:    6.00 (Gate area) 
      Cumulative area ratio:    0.90
      Required ratio:    0.00 (Cumulative area) 

    Layer: met3
      Partial area ratio:   83.13
      Required ratio:    0.00 (Gate area) 
      Cumulative area ratio:  129.44
      Required ratio:    0.00 (Cumulative area) 
      Partial area ratio:  447.05
      Required ratio:  400.00 (Side area) (VIOLATED)
      Cumulative area ratio:  675.70
      Required ratio:    0.00 (Cumulative side area) 

    Layer: via3
      Partial area ratio:    0.32
      Required ratio:    6.00 (Gate area) 
      Cumulative area ratio:    1.22
      Required ratio:    0.00 (Cumulative area) 

    Layer: met4
      Partial area ratio:    0.86
      Required ratio:    0.00 (Gate area) 
      Cumulative area ratio:  130.30
      Required ratio:    0.00 (Cumulative area) 
      Partial area ratio:    8.38
      Required ratio:  400.00 (Side area) 
      Cumulative area ratio:  684.08
      Required ratio:    0.00 (Cumulative side area) 



Net: net53
  Pin:   output53/A (sky130_fd_sc_hd__buf_2)
    Layer: mcon
      Partial area ratio:    0.18
      Required ratio:    3.00 (Gate area) 
      Cumulative area ratio:    0.18
      Required ratio:    0.00 (Cumulative area) 

    Layer: met1
      Partial area ratio:   93.15
      Required ratio:    0.00 (Gate area) 
      Cumulative area ratio:   93.15
      Required ratio:    0.00 (Cumulative area) 
      Partial area ratio:  464.58
      Required ratio:  400.00 (Side area) (VIOLATED)
      Cumulative area ratio:  464.58
      Required ratio:    0.00 (Cumulative side area) 

    Layer: via
      Partial area ratio:    0.28
      Required ratio:    6.00 (Gate area) 
      Cumulative area ratio:    0.46
      Required ratio:    0.00 (Cumulative area) 

    Layer: met2
      Partial area ratio:   13.96
      Required ratio:    0.00 (Gate area) 
      Cumulative area ratio:  107.11
      Required ratio:    0.00 (Cumulative area) 
      Partial area ratio:   68.94
      Required ratio: 2771.60 (Side area) 
      Cumulative area ratio:  533.52
      Required ratio:    0.00 (Cumulative side area) 



Net: net54
  Pin:   output54/A (sky130_fd_sc_hd__buf_2)
    Layer: mcon
      Partial area ratio:    0.18
      Required ratio:    3.00 (Gate area) 
      Cumulative area ratio:    0.18
      Required ratio:    0.00 (Cumulative area) 

    Layer: met1
      Partial area ratio:   80.65
      Required ratio:    0.00 (Gate area) 
      Cumulative area ratio:   80.65
      Required ratio:    0.00 (Cumulative area) 
      Partial area ratio:  402.06
      Required ratio:  400.00 (Side area) (VIOLATED)
      Cumulative area ratio:  402.06
      Required ratio:    0.00 (Cumulative side area) 

    Layer: via
      Partial area ratio:    0.28
      Required ratio:    6.00 (Gate area) 
      Cumulative area ratio:    0.46
      Required ratio:    0.00 (Cumulative area) 

    Layer: met2
      Partial area ratio:   20.80
      Required ratio:    0.00 (Gate area) 
      Cumulative area ratio:  101.45
      Required ratio:    0.00 (Cumulative area) 
      Partial area ratio:  102.40
      Required ratio: 2771.60 (Side area) 
      Cumulative area ratio:  504.46
      Required ratio:    0.00 (Cumulative side area) 



Net: net59
  Pin:   output59/A (sky130_fd_sc_hd__buf_2)
    Layer: mcon
      Partial area ratio:    0.18
      Required ratio:    3.00 (Gate area) 
      Cumulative area ratio:    0.18
      Required ratio:    0.00 (Cumulative area) 

    Layer: met1
      Partial area ratio:   88.80
      Required ratio:    0.00 (Gate area) 
      Cumulative area ratio:   88.80
      Required ratio:    0.00 (Cumulative area) 
      Partial area ratio:  442.84
      Required ratio:  400.00 (Side area) (VIOLATED)
      Cumulative area ratio:  442.84
      Required ratio:    0.00 (Cumulative side area) 

    Layer: via
      Partial area ratio:    0.28
      Required ratio:    6.00 (Gate area) 
      Cumulative area ratio:    0.46
      Required ratio:    0.00 (Cumulative area) 

    Layer: met2
      Partial area ratio:    7.89
      Required ratio:    0.00 (Gate area) 
      Cumulative area ratio:   96.69
      Required ratio:    0.00 (Cumulative area) 
      Partial area ratio:   38.57
      Required ratio: 2771.60 (Side area) 
      Cumulative area ratio:  481.41
      Required ratio:    0.00 (Cumulative side area) 



Net: net64
  Pin:   output64/A (sky130_fd_sc_hd__buf_2)
    Layer: mcon
      Partial area ratio:    0.18
      Required ratio:    3.00 (Gate area) 
      Cumulative area ratio:    0.18
      Required ratio:    0.00 (Cumulative area) 

    Layer: met1
      Partial area ratio:  124.22
      Required ratio:    0.00 (Gate area) 
      Cumulative area ratio:  124.22
      Required ratio:    0.00 (Cumulative area) 
      Partial area ratio:  619.60
      Required ratio:  400.00 (Side area) (VIOLATED)
      Cumulative area ratio:  619.60
      Required ratio:    0.00 (Cumulative side area) 

    Layer: via
      Partial area ratio:    0.28
      Required ratio:    6.00 (Gate area) 
      Cumulative area ratio:    0.46
      Required ratio:    0.00 (Cumulative area) 

    Layer: met2
      Partial area ratio:    7.89
      Required ratio:    0.00 (Gate area) 
      Cumulative area ratio:  132.11
      Required ratio:    0.00 (Cumulative area) 
      Partial area ratio:   38.57
      Required ratio: 2771.60 (Side area) 
      Cumulative area ratio:  658.17
      Required ratio:    0.00 (Cumulative side area) 



Net: net65
  Pin:   output65/A (sky130_fd_sc_hd__buf_2)
    Layer: mcon
      Partial area ratio:    0.18
      Required ratio:    3.00 (Gate area) 
      Cumulative area ratio:    0.18
      Required ratio:    0.00 (Cumulative area) 

    Layer: met1
      Partial area ratio:   94.24
      Required ratio:    0.00 (Gate area) 
      Cumulative area ratio:   94.24
      Required ratio:    0.00 (Cumulative area) 
      Partial area ratio:  470.03
      Required ratio:  400.00 (Side area) (VIOLATED)
      Cumulative area ratio:  470.03
      Required ratio:    0.00 (Cumulative side area) 

    Layer: via
      Partial area ratio:    0.28
      Required ratio:    6.00 (Gate area) 
      Cumulative area ratio:    0.46
      Required ratio:    0.00 (Cumulative area) 

    Layer: met2
      Partial area ratio:    7.89
      Required ratio:    0.00 (Gate area) 
      Cumulative area ratio:  102.13
      Required ratio:    0.00 (Cumulative area) 
      Partial area ratio:   38.57
      Required ratio: 2771.60 (Side area) 
      Cumulative area ratio:  508.60
      Required ratio:    0.00 (Cumulative side area) 



Net: net77
  Pin:   _078_/A1 (sky130_fd_sc_hd__mux2_1)
    Layer: mcon
      Partial area ratio:    0.23
      Required ratio:    3.00 (Gate area) 
      Cumulative area ratio:    0.23
      Required ratio:    0.00 (Cumulative area) 

    Layer: met1
      Partial area ratio:  102.56
      Required ratio:    0.00 (Gate area) 
      Cumulative area ratio:  102.56
      Required ratio:    0.00 (Cumulative area) 
      Partial area ratio:  511.33
      Required ratio:  400.00 (Side area) (VIOLATED)
      Cumulative area ratio:  511.33
      Required ratio:    0.00 (Cumulative side area) 

    Layer: via
      Partial area ratio:    0.36
      Required ratio:    6.00 (Gate area) 
      Cumulative area ratio:    0.59
      Required ratio:    0.00 (Cumulative area) 

    Layer: met2
      Partial area ratio:  331.95
      Required ratio:    0.00 (Gate area) 
      Cumulative area ratio:  434.51
      Required ratio:    0.00 (Cumulative area) 
      Partial area ratio: 1658.67
      Required ratio: 2753.36 (Side area) 
      Cumulative area ratio: 2170.00
      Required ratio:    0.00 (Cumulative side area) 



Net: clknet_2_0__leaf_clk
  Pin:   _121_/CLK (sky130_fd_sc_hd__dfrtp_1)
    Layer: mcon
      Partial area ratio:    0.18
      Required ratio:    3.00 (Gate area) 
      Cumulative area ratio:    0.18
      Required ratio:    0.00 (Cumulative area) 

    Layer: met1
      Partial area ratio:   53.57
      Required ratio:    0.00 (Gate area) 
      Cumulative area ratio:   53.57
      Required ratio:    0.00 (Cumulative area) 
      Partial area ratio:  266.90
      Required ratio: 3872.32 (Side area) 
      Cumulative area ratio:  266.90
      Required ratio:    0.00 (Cumulative side area) 

    Layer: via
      Partial area ratio:    0.15
      Required ratio:  120.51 (Gate area) 
      Cumulative area ratio:    0.33
      Required ratio:    0.00 (Cumulative area) 

    Layer: met2
      Partial area ratio:   27.80
      Required ratio:    0.00 (Gate area) 
      Cumulative area ratio:   81.38
      Required ratio:    0.00 (Cumulative area) 
      Partial area ratio:  138.62
      Required ratio: 3872.32 (Side area) 
      Cumulative area ratio:  405.52
      Required ratio:    0.00 (Cumulative side area) 

    Layer: via2
      Partial area ratio:    0.03
      Required ratio:  120.51 (Gate area) 
      Cumulative area ratio:    0.36
      Required ratio:    0.00 (Cumulative area) 

    Layer: met3
      Partial area ratio:    8.15
      Required ratio:    0.00 (Gate area) 
      Cumulative area ratio:   89.53
      Required ratio:    0.00 (Cumulative area) 
      Partial area ratio:   43.77
      Required ratio: 3872.32 (Side area) 
      Cumulative area ratio:  449.29
      Required ratio:    0.00 (Cumulative side area) 

    Layer: via3
      Partial area ratio:    0.03
      Required ratio:  120.51 (Gate area) 
      Cumulative area ratio:    0.38
      Required ratio:    0.00 (Cumulative area) 

    Layer: met4
      Partial area ratio:    0.07
      Required ratio:    0.00 (Gate area) 
      Cumulative area ratio:   89.60
      Required ratio:    0.00 (Cumulative area) 
      Partial area ratio:    0.69
      Required ratio: 3872.32 (Side area) 
      Cumulative area ratio:  449.98
      Required ratio:    0.00 (Cumulative side area) 


  Pin:   _123_/CLK (sky130_fd_sc_hd__dfrtp_1)
    Layer: mcon
      Partial area ratio:    0.18
      Required ratio:    3.00 (Gate area) 
      Cumulative area ratio:    0.18
      Required ratio:    0.00 (Cumulative area) 

    Layer: met1
      Partial area ratio:   53.57
      Required ratio:    0.00 (Gate area) 
      Cumulative area ratio:   53.57
      Required ratio:    0.00 (Cumulative area) 
      Partial area ratio:  266.90
      Required ratio: 3872.32 (Side area) 
      Cumulative area ratio:  266.90
      Required ratio:    0.00 (Cumulative side area) 

    Layer: via
      Partial area ratio:    0.15
      Required ratio:  120.51 (Gate area) 
      Cumulative area ratio:    0.33
      Required ratio:    0.00 (Cumulative area) 

    Layer: met2
      Partial area ratio:   27.80
      Required ratio:    0.00 (Gate area) 
      Cumulative area ratio:   81.38
      Required ratio:    0.00 (Cumulative area) 
      Partial area ratio:  138.62
      Required ratio: 3872.32 (Side area) 
      Cumulative area ratio:  405.52
      Required ratio:    0.00 (Cumulative side area) 

    Layer: via2
      Partial area ratio:    0.03
      Required ratio:  120.51 (Gate area) 
      Cumulative area ratio:    0.36
      Required ratio:    0.00 (Cumulative area) 

    Layer: met3
      Partial area ratio:    8.15
      Required ratio:    0.00 (Gate area) 
      Cumulative area ratio:   89.53
      Required ratio:    0.00 (Cumulative area) 
      Partial area ratio:   43.77
      Required ratio: 3872.32 (Side area) 
      Cumulative area ratio:  449.29
      Required ratio:    0.00 (Cumulative side area) 

    Layer: via3
      Partial area ratio:    0.03
      Required ratio:  120.51 (Gate area) 
      Cumulative area ratio:    0.38
      Required ratio:    0.00 (Cumulative area) 

    Layer: met4
      Partial area ratio:    0.07
      Required ratio:    0.00 (Gate area) 
      Cumulative area ratio:   89.60
      Required ratio:    0.00 (Cumulative area) 
      Partial area ratio:    0.69
      Required ratio: 3872.32 (Side area) 
      Cumulative area ratio:  449.98
      Required ratio:    0.00 (Cumulative side area) 


  Pin:   _138_/CLK (sky130_fd_sc_hd__dfrtp_1)
    Layer: mcon
      Partial area ratio:    0.18
      Required ratio:    3.00 (Gate area) 
      Cumulative area ratio:    0.18
      Required ratio:    0.00 (Cumulative area) 

    Layer: met1
      Partial area ratio:   82.89
      Required ratio:    0.00 (Gate area) 
      Cumulative area ratio:   82.89
      Required ratio:    0.00 (Cumulative area) 
      Partial area ratio:  411.92
      Required ratio:  400.00 (Side area) (VIOLATED)
      Cumulative area ratio:  411.92
      Required ratio:    0.00 (Cumulative side area) 

    Layer: via
      Partial area ratio:    0.57
      Required ratio:    6.00 (Gate area) 
      Cumulative area ratio:    0.75
      Required ratio:    0.00 (Cumulative area) 

    Layer: met2
      Partial area ratio:   27.80
      Required ratio:    0.00 (Gate area) 
      Cumulative area ratio:  110.69
      Required ratio:    0.00 (Cumulative area) 
      Partial area ratio:  138.62
      Required ratio: 3872.32 (Side area) 
      Cumulative area ratio:  550.54
      Required ratio:    0.00 (Cumulative side area) 

    Layer: via2
      Partial area ratio:    0.03
      Required ratio:  120.51 (Gate area) 
      Cumulative area ratio:    0.77
      Required ratio:    0.00 (Cumulative area) 

    Layer: met3
      Partial area ratio:    8.15
      Required ratio:    0.00 (Gate area) 
      Cumulative area ratio:  118.84
      Required ratio:    0.00 (Cumulative area) 
      Partial area ratio:   43.77
      Required ratio: 3872.32 (Side area) 
      Cumulative area ratio:  594.31
      Required ratio:    0.00 (Cumulative side area) 

    Layer: via3
      Partial area ratio:    0.03
      Required ratio:  120.51 (Gate area) 
      Cumulative area ratio:    0.80
      Required ratio:    0.00 (Cumulative area) 

    Layer: met4
      Partial area ratio:    0.07
      Required ratio:    0.00 (Gate area) 
      Cumulative area ratio:  118.91
      Required ratio:    0.00 (Cumulative area) 
      Partial area ratio:    0.69
      Required ratio: 3872.32 (Side area) 
      Cumulative area ratio:  595.00
      Required ratio:    0.00 (Cumulative side area) 


  Pin:   _140_/CLK (sky130_fd_sc_hd__dfrtp_1)
    Layer: mcon
      Partial area ratio:    0.18
      Required ratio:    3.00 (Gate area) 
      Cumulative area ratio:    0.18
      Required ratio:    0.00 (Cumulative area) 

    Layer: met1
      Partial area ratio:   12.16
      Required ratio:    0.00 (Gate area) 
      Cumulative area ratio:   12.16
      Required ratio:    0.00 (Cumulative area) 
      Partial area ratio:   59.43
      Required ratio:  400.00 (Side area) 
      Cumulative area ratio:   59.43
      Required ratio:    0.00 (Cumulative side area) 

    Layer: via
      Partial area ratio:    0.24
      Required ratio:    6.00 (Gate area) 
      Cumulative area ratio:    0.42
      Required ratio:    0.00 (Cumulative area) 

    Layer: met2
      Partial area ratio:   27.80
      Required ratio:    0.00 (Gate area) 
      Cumulative area ratio:   39.96
      Required ratio:    0.00 (Cumulative area) 
      Partial area ratio:  138.62
      Required ratio: 3872.32 (Side area) 
      Cumulative area ratio:  198.05
      Required ratio:    0.00 (Cumulative side area) 

    Layer: via2
      Partial area ratio:    0.03
      Required ratio:  120.51 (Gate area) 
      Cumulative area ratio:    0.44
      Required ratio:    0.00 (Cumulative area) 

    Layer: met3
      Partial area ratio:    8.15
      Required ratio:    0.00 (Gate area) 
      Cumulative area ratio:   48.11
      Required ratio:    0.00 (Cumulative area) 
      Partial area ratio:   43.77
      Required ratio: 3872.32 (Side area) 
      Cumulative area ratio:  241.82
      Required ratio:    0.00 (Cumulative side area) 

    Layer: via3
      Partial area ratio:    0.03
      Required ratio:  120.51 (Gate area) 
      Cumulative area ratio:    0.47
      Required ratio:    0.00 (Cumulative area) 

    Layer: met4
      Partial area ratio:    0.07
      Required ratio:    0.00 (Gate area) 
      Cumulative area ratio:   48.18
      Required ratio:    0.00 (Cumulative area) 
      Partial area ratio:    0.69
      Required ratio: 3872.32 (Side area) 
      Cumulative area ratio:  242.51
      Required ratio:    0.00 (Cumulative side area) 


  Pin:   _141_/CLK (sky130_fd_sc_hd__dfrtp_1)
    Layer: mcon
      Partial area ratio:    0.18
      Required ratio:    3.00 (Gate area) 
      Cumulative area ratio:    0.18
      Required ratio:    0.00 (Cumulative area) 

    Layer: met1
      Partial area ratio:    4.76
      Required ratio:    0.00 (Gate area) 
      Cumulative area ratio:    4.76
      Required ratio:    0.00 (Cumulative area) 
      Partial area ratio:   22.63
      Required ratio:  400.00 (Side area) 
      Cumulative area ratio:   22.63
      Required ratio:    0.00 (Cumulative side area) 

    Layer: via
      Partial area ratio:    0.28
      Required ratio:    6.00 (Gate area) 
      Cumulative area ratio:    0.46
      Required ratio:    0.00 (Cumulative area) 

    Layer: met2
      Partial area ratio:   27.80
      Required ratio:    0.00 (Gate area) 
      Cumulative area ratio:   32.56
      Required ratio:    0.00 (Cumulative area) 
      Partial area ratio:  138.62
      Required ratio: 3872.32 (Side area) 
      Cumulative area ratio:  161.25
      Required ratio:    0.00 (Cumulative side area) 

    Layer: via2
      Partial area ratio:    0.03
      Required ratio:  120.51 (Gate area) 
      Cumulative area ratio:    0.49
      Required ratio:    0.00 (Cumulative area) 

    Layer: met3
      Partial area ratio:    8.15
      Required ratio:    0.00 (Gate area) 
      Cumulative area ratio:   40.71
      Required ratio:    0.00 (Cumulative area) 
      Partial area ratio:   43.77
      Required ratio: 3872.32 (Side area) 
      Cumulative area ratio:  205.02
      Required ratio:    0.00 (Cumulative side area) 

    Layer: via3
      Partial area ratio:    0.03
      Required ratio:  120.51 (Gate area) 
      Cumulative area ratio:    0.52
      Required ratio:    0.00 (Cumulative area) 

    Layer: met4
      Partial area ratio:    0.07
      Required ratio:    0.00 (Gate area) 
      Cumulative area ratio:   40.78
      Required ratio:    0.00 (Cumulative area) 
      Partial area ratio:    0.69
      Required ratio: 3872.32 (Side area) 
      Cumulative area ratio:  205.71
      Required ratio:    0.00 (Cumulative side area) 


  Pin:   _142_/CLK (sky130_fd_sc_hd__dfrtp_1)
    Layer: mcon
      Partial area ratio:    0.18
      Required ratio:    3.00 (Gate area) 
      Cumulative area ratio:    0.18
      Required ratio:    0.00 (Cumulative area) 

    Layer: met1
      Partial area ratio:   12.16
      Required ratio:    0.00 (Gate area) 
      Cumulative area ratio:   12.16
      Required ratio:    0.00 (Cumulative area) 
      Partial area ratio:   59.43
      Required ratio:  400.00 (Side area) 
      Cumulative area ratio:   59.43
      Required ratio:    0.00 (Cumulative side area) 

    Layer: via
      Partial area ratio:    0.24
      Required ratio:    6.00 (Gate area) 
      Cumulative area ratio:    0.42
      Required ratio:    0.00 (Cumulative area) 

    Layer: met2
      Partial area ratio:   27.80
      Required ratio:    0.00 (Gate area) 
      Cumulative area ratio:   39.96
      Required ratio:    0.00 (Cumulative area) 
      Partial area ratio:  138.62
      Required ratio: 3872.32 (Side area) 
      Cumulative area ratio:  198.05
      Required ratio:    0.00 (Cumulative side area) 

    Layer: via2
      Partial area ratio:    0.03
      Required ratio:  120.51 (Gate area) 
      Cumulative area ratio:    0.44
      Required ratio:    0.00 (Cumulative area) 

    Layer: met3
      Partial area ratio:    8.15
      Required ratio:    0.00 (Gate area) 
      Cumulative area ratio:   48.11
      Required ratio:    0.00 (Cumulative area) 
      Partial area ratio:   43.77
      Required ratio: 3872.32 (Side area) 
      Cumulative area ratio:  241.82
      Required ratio:    0.00 (Cumulative side area) 

    Layer: via3
      Partial area ratio:    0.03
      Required ratio:  120.51 (Gate area) 
      Cumulative area ratio:    0.47
      Required ratio:    0.00 (Cumulative area) 

    Layer: met4
      Partial area ratio:    0.07
      Required ratio:    0.00 (Gate area) 
      Cumulative area ratio:   48.18
      Required ratio:    0.00 (Cumulative area) 
      Partial area ratio:    0.69
      Required ratio: 3872.32 (Side area) 
      Cumulative area ratio:  242.51
      Required ratio:    0.00 (Cumulative side area) 


  Pin:   _143_/CLK (sky130_fd_sc_hd__dfrtp_1)
    Layer: mcon
      Partial area ratio:    0.18
      Required ratio:    3.00 (Gate area) 
      Cumulative area ratio:    0.18
      Required ratio:    0.00 (Cumulative area) 

    Layer: met1
      Partial area ratio:   12.16
      Required ratio:    0.00 (Gate area) 
      Cumulative area ratio:   12.16
      Required ratio:    0.00 (Cumulative area) 
      Partial area ratio:   59.43
      Required ratio:  400.00 (Side area) 
      Cumulative area ratio:   59.43
      Required ratio:    0.00 (Cumulative side area) 

    Layer: via
      Partial area ratio:    0.24
      Required ratio:    6.00 (Gate area) 
      Cumulative area ratio:    0.42
      Required ratio:    0.00 (Cumulative area) 

    Layer: met2
      Partial area ratio:   27.80
      Required ratio:    0.00 (Gate area) 
      Cumulative area ratio:   39.96
      Required ratio:    0.00 (Cumulative area) 
      Partial area ratio:  138.62
      Required ratio: 3872.32 (Side area) 
      Cumulative area ratio:  198.05
      Required ratio:    0.00 (Cumulative side area) 

    Layer: via2
      Partial area ratio:    0.03
      Required ratio:  120.51 (Gate area) 
      Cumulative area ratio:    0.44
      Required ratio:    0.00 (Cumulative area) 

    Layer: met3
      Partial area ratio:    8.15
      Required ratio:    0.00 (Gate area) 
      Cumulative area ratio:   48.11
      Required ratio:    0.00 (Cumulative area) 
      Partial area ratio:   43.77
      Required ratio: 3872.32 (Side area) 
      Cumulative area ratio:  241.82
      Required ratio:    0.00 (Cumulative side area) 

    Layer: via3
      Partial area ratio:    0.03
      Required ratio:  120.51 (Gate area) 
      Cumulative area ratio:    0.47
      Required ratio:    0.00 (Cumulative area) 

    Layer: met4
      Partial area ratio:    0.07
      Required ratio:    0.00 (Gate area) 
      Cumulative area ratio:   48.18
      Required ratio:    0.00 (Cumulative area) 
      Partial area ratio:    0.69
      Required ratio: 3872.32 (Side area) 
      Cumulative area ratio:  242.51
      Required ratio:    0.00 (Cumulative side area) 


  Pin:   clkload0/A (sky130_fd_sc_hd__clkbuf_8)
    Layer: mcon
      Partial area ratio:    0.07
      Required ratio:    3.00 (Gate area) 
      Cumulative area ratio:    0.07
      Required ratio:    0.00 (Cumulative area) 

    Layer: met1
      Partial area ratio:   53.57
      Required ratio:    0.00 (Gate area) 
      Cumulative area ratio:   53.57
      Required ratio:    0.00 (Cumulative area) 
      Partial area ratio:  266.90
      Required ratio: 3872.32 (Side area) 
      Cumulative area ratio:  266.90
      Required ratio:    0.00 (Cumulative side area) 

    Layer: via
      Partial area ratio:    0.15
      Required ratio:  120.51 (Gate area) 
      Cumulative area ratio:    0.22
      Required ratio:    0.00 (Cumulative area) 

    Layer: met2
      Partial area ratio:   27.80
      Required ratio:    0.00 (Gate area) 
      Cumulative area ratio:   81.38
      Required ratio:    0.00 (Cumulative area) 
      Partial area ratio:  138.62
      Required ratio: 3872.32 (Side area) 
      Cumulative area ratio:  405.52
      Required ratio:    0.00 (Cumulative side area) 

    Layer: via2
      Partial area ratio:    0.03
      Required ratio:  120.51 (Gate area) 
      Cumulative area ratio:    0.25
      Required ratio:    0.00 (Cumulative area) 

    Layer: met3
      Partial area ratio:    8.15
      Required ratio:    0.00 (Gate area) 
      Cumulative area ratio:   89.53
      Required ratio:    0.00 (Cumulative area) 
      Partial area ratio:   43.77
      Required ratio: 3872.32 (Side area) 
      Cumulative area ratio:  449.29
      Required ratio:    0.00 (Cumulative side area) 

    Layer: via3
      Partial area ratio:    0.03
      Required ratio:  120.51 (Gate area) 
      Cumulative area ratio:    0.27
      Required ratio:    0.00 (Cumulative area) 

    Layer: met4
      Partial area ratio:    0.07
      Required ratio:    0.00 (Gate area) 
      Cumulative area ratio:   89.60
      Required ratio:    0.00 (Cumulative area) 
      Partial area ratio:    0.69
      Required ratio: 3872.32 (Side area) 
      Cumulative area ratio:  449.98
      Required ratio:    0.00 (Cumulative side area) 



[INFO ANT-0002] Found 17 net violations.
[INFO ANT-0001] Found 17 pin violations.
