
===========================================================================
report_checks -unconstrained
===========================================================================
======================= nom_ss_100C_1v60 Corner ===================================

Startpoint: rst (input port clocked by clk)
Endpoint: _081_ (recovery check against rising-edge clock clk)
Path Group: asynchronous
Path Type: max

Fanout         Cap        Slew       Delay        Time   Description
---------------------------------------------------------------------------------------------
                                  0.000000    0.000000   clock clk (rise edge)
                                  0.000000    0.000000   clock network delay (propagated)
                                  2.500000    2.500000 v input external delay
     2    0.003600    0.021559    0.011744    2.511744 v rst (in)
                                                         rst (net)
                      0.021559    0.000000    2.511744 v input26/A (sky130_fd_sc_hd__clkbuf_1)
     1    0.008063    0.104445    0.183508    2.695252 v input26/X (sky130_fd_sc_hd__clkbuf_1)
                                                         net26 (net)
                      0.104445    0.000319    2.695571 v fanout45/A (sky130_fd_sc_hd__clkbuf_8)
    21    0.111517    0.216567    0.396448    3.092020 v fanout45/X (sky130_fd_sc_hd__clkbuf_8)
                                                         net45 (net)
                      0.218798    0.017750    3.109770 v fanout43/A (sky130_fd_sc_hd__buf_4)
    10    0.053734    0.141302    0.407772    3.517543 v fanout43/X (sky130_fd_sc_hd__buf_4)
                                                         net43 (net)
                      0.141322    0.001737    3.519280 v _057_/A (sky130_fd_sc_hd__inv_2)
     1    0.006721    0.071555    0.117459    3.636739 ^ _057_/Y (sky130_fd_sc_hd__inv_2)
                                                         _010_ (net)
                      0.071555    0.000202    3.636941 ^ _081_/RESET_B (sky130_fd_sc_hd__dfrtp_1)
                                              3.636941   data arrival time

                                  5.000000    5.000000   clock clk (rise edge)
                                  0.000000    5.000000   clock source latency
     2    0.068869    0.496771    0.353256    5.353256 ^ clk (in)
                                                         clk (net)
                      0.498097    0.000000    5.353256 ^ clkbuf_0_clk/A (sky130_fd_sc_hd__clkbuf_16)
     5    0.069364    0.137392    0.462582    5.815838 ^ clkbuf_0_clk/X (sky130_fd_sc_hd__clkbuf_16)
                                                         clknet_0_clk (net)
                      0.137401    0.000921    5.816759 ^ clkbuf_1_0__f_clk/A (sky130_fd_sc_hd__clkbuf_16)
    31    0.122015    0.208046    0.364767    6.181526 ^ clkbuf_1_0__f_clk/X (sky130_fd_sc_hd__clkbuf_16)
                                                         clknet_1_0__leaf_clk (net)
                      0.208125    0.003422    6.184947 ^ _081_/CLK (sky130_fd_sc_hd__dfrtp_1)
                                 -0.250000    5.934947   clock uncertainty
                                  0.000000    5.934947   clock reconvergence pessimism
                                  0.508002    6.442949   library recovery time
                                              6.442949   data required time
---------------------------------------------------------------------------------------------
                                              6.442949   data required time
                                             -3.636941   data arrival time
---------------------------------------------------------------------------------------------
                                              2.806009   slack (MET)


Startpoint: _080_ (rising edge-triggered flip-flop clocked by clk)
Endpoint: sine_out[4] (output port clocked by clk)
Path Group: clk
Path Type: max

Fanout         Cap        Slew       Delay        Time   Description
---------------------------------------------------------------------------------------------
                                  0.000000    0.000000   clock clk (rise edge)
                                  0.000000    0.000000   clock source latency
     2    0.068869    0.496771    0.353256    0.353256 ^ clk (in)
                                                         clk (net)
                      0.498097    0.000000    0.353256 ^ clkbuf_0_clk/A (sky130_fd_sc_hd__clkbuf_16)
     5    0.069364    0.137392    0.462582    0.815838 ^ clkbuf_0_clk/X (sky130_fd_sc_hd__clkbuf_16)
                                                         clknet_0_clk (net)
                      0.137401    0.000921    0.816759 ^ clkbuf_1_0__f_clk/A (sky130_fd_sc_hd__clkbuf_16)
    31    0.122015    0.208046    0.364767    1.181525 ^ clkbuf_1_0__f_clk/X (sky130_fd_sc_hd__clkbuf_16)
                                                         clknet_1_0__leaf_clk (net)
                      0.208155    0.003999    1.185525 ^ _080_/CLK (sky130_fd_sc_hd__dfrtp_1)
     1    0.004717    0.092430    0.818241    2.003765 v _080_/Q (sky130_fd_sc_hd__dfrtp_1)
                                                         net37 (net)
                      0.093460    0.000161    2.003927 v output37/A (sky130_fd_sc_hd__clkbuf_1)
     1    0.000804    0.030886    0.150304    2.154230 v output37/X (sky130_fd_sc_hd__clkbuf_1)
                                                         sine_out[4] (net)
                      0.030886    0.000008    2.154238 v sine_out[4] (out)
                                              2.154238   data arrival time

                                  5.000000    5.000000   clock clk (rise edge)
                                  0.000000    5.000000   clock network delay (propagated)
                                 -0.250000    4.750000   clock uncertainty
                                  0.000000    4.750000   clock reconvergence pessimism
                                 -2.250000    2.500000   output external delay
                                              2.500000   data required time
---------------------------------------------------------------------------------------------
                                              2.500000   data required time
                                             -2.154238   data arrival time
---------------------------------------------------------------------------------------------
                                              0.345762   slack (MET)




===========================================================================
report_checks --slack_max -0.01
============================================================================
======================= nom_ss_100C_1v60 Corner ===================================

No paths found.


===========================================================================
 report_check_types -max_slew -max_cap -max_fanout -violators
============================================================================
======================= nom_ss_100C_1v60 Corner ===================================

max fanout

Pin                                   Limit Fanout  Slack
---------------------------------------------------------
clkbuf_1_0__f_clk/X                      10     31    -21 (VIOLATED)
clkbuf_1_1__f_clk/X                      10     25    -15 (VIOLATED)
fanout45/X                               10     21    -11 (VIOLATED)
_043_/X                                  10     15     -5 (VIOLATED)
_092_/Q                                  10     11        (VIOLATED)



===========================================================================
report_parasitic_annotation -report_unannotated
============================================================================
Found 2 unannotated drivers.
 clkload0/Y
 mem_i_46/HI
Found 0 partially unannotated drivers.

===========================================================================
max slew violation count 0
max fanout violation count 5
max cap violation count 0
============================================================================

===========================================================================
check_setup -verbose -unconstrained_endpoints -multiple_clock -no_clock -no_input_delay -loops -generated_clocks
===========================================================================
Warning: There is 1 unconstrained endpoint.
  mem_i/csb1
