Clock: clk
Sources: clk 
Generated: no
Virtual: yes
Propagated: no
Period: 10.000000

===========================================================================
report_clock_properties
============================================================================
Clock                   Period          Waveform
----------------------------------------------------
clk                  10.000000    0.000000  5.000000

===========================================================================
report_clock_latency
============================================================================
Clock clk
rise -> rise
    min     max
0.000000 0.000000 source latency
0.483444         network latency _080_/CLK
        0.496719 network latency _087_/CLK
---------------
0.483444 0.496719 latency
        0.013275 skew

fall -> fall
    min     max
0.000000 0.000000 source latency
0.384941         network latency _080_/CLK
        0.403686 network latency _087_/CLK
---------------
0.384941 0.403686 latency
        0.018745 skew



===========================================================================
report_clock_min_period
============================================================================
clk period_min = 1.15 fmax = 872.64
