Reading technology LEF file at '/home/thanh/.volare/volare/sky130/versions/0fe599b2afb6708d281543108caf8310912f54af/sky130A/libs.ref/sky130_fd_sc_hd/techlef/sky130_fd_sc_hd__min.tlef'…
[INFO ODB-0227] LEF file: /home/thanh/.volare/volare/sky130/versions/0fe599b2afb6708d281543108caf8310912f54af/sky130A/libs.ref/sky130_fd_sc_hd/techlef/sky130_fd_sc_hd__min.tlef, created 14 layers, 25 vias
Reading cell LEF file at '/home/thanh/.volare/volare/sky130/versions/0fe599b2afb6708d281543108caf8310912f54af/sky130A/libs.ref/sky130_fd_sc_hd/lef/sky130_fd_sc_hd.lef'…
[WARNING ODB-0220] WARNING (LEFPARS-2008): NOWIREEXTENSIONATPIN statement is obsolete in version 5.6 or later.
The NOWIREEXTENSIONATPIN statement will be ignored. See file /home/thanh/.volare/volare/sky130/versions/0fe599b2afb6708d281543108caf8310912f54af/sky130A/libs.ref/sky130_fd_sc_hd/lef/sky130_fd_sc_hd.lef at line 2.

[INFO ODB-0227] LEF file: /home/thanh/.volare/volare/sky130/versions/0fe599b2afb6708d281543108caf8310912f54af/sky130A/libs.ref/sky130_fd_sc_hd/lef/sky130_fd_sc_hd.lef, created 437 library cells
Reading cell LEF file at '/home/thanh/.volare/volare/sky130/versions/0fe599b2afb6708d281543108caf8310912f54af/sky130A/libs.ref/sky130_fd_sc_hd/lef/sky130_ef_sc_hd.lef'…
[WARNING ODB-0220] WARNING (LEFPARS-2008): NOWIREEXTENSIONATPIN statement is obsolete in version 5.6 or later.
The NOWIREEXTENSIONATPIN statement will be ignored. See file /home/thanh/.volare/volare/sky130/versions/0fe599b2afb6708d281543108caf8310912f54af/sky130A/libs.ref/sky130_fd_sc_hd/lef/sky130_ef_sc_hd.lef at line 2.

[INFO ODB-0227] LEF file: /home/thanh/.volare/volare/sky130/versions/0fe599b2afb6708d281543108caf8310912f54af/sky130A/libs.ref/sky130_fd_sc_hd/lef/sky130_ef_sc_hd.lef, created 4 library cells
Reading macro LEF file at '/home/thanh/NCO/ram256x16/ram256x16.lef'…
[INFO ODB-0227] LEF file: /home/thanh/NCO/ram256x16/ram256x16.lef, created 1 library cells
[INFO ODB-0127] Reading DEF file: /home/thanh/NCO/runs/RUN_2025-03-04_07-10-12/614-odb-cellfrequencytables/counter.def
[INFO ODB-0128] Design: counter
[INFO ODB-0130]     Created 45 pins.
[INFO ODB-0131]     Created 5669 components and 21654 component-terminals.
[INFO ODB-0132]     Created 2 special nets and 21196 connections.
[INFO ODB-0133]     Created 155 nets and 456 connections.
[INFO ODB-0134] Finished DEF file: /home/thanh/NCO/runs/RUN_2025-03-04_07-10-12/614-odb-cellfrequencytables/counter.def
Using RCX ruleset '/home/thanh/.volare/volare/sky130/versions/0fe599b2afb6708d281543108caf8310912f54af/sky130A/libs.tech/openlane/rules.openrcx.sky130A.min.calibre'…
[INFO RCX-0431] Defined process_corner CURRENT_CORNER with ext_model_index 0
[INFO RCX-0029] Defined extraction corner CURRENT_CORNER
[INFO RCX-0435] Reading extraction model file /home/thanh/.volare/volare/sky130/versions/0fe599b2afb6708d281543108caf8310912f54af/sky130A/libs.tech/openlane/rules.openrcx.sky130A.min.calibre ...
[INFO RCX-0436] RC segment generation counter (max_merge_res 50.0) ...
[INFO RCX-0040] Final 555 rc segments
[INFO RCX-0439] Coupling Cap extraction counter ...
[INFO RCX-0440] Coupling threshhold is 0.1000 fF, coupling capacitance less than 0.1000 fF will be grounded.
[INFO RCX-0442] 73% of 1748 wires extracted
[INFO RCX-0442] 100% of 1748 wires extracted
[INFO RCX-0045] Extract 155 nets, 710 rsegs, 710 caps, 435 ccs
Setting global connections for newly added cells…
[INFO] Setting global connections...
mem_i matched with mem_i
Updating metrics…
Cell type report:                       Count       Area
  Macro                                     1  123515.34
  Fill cell                              4706   48860.61
  Tap cell                                739     924.64
  Antenna cell                            110     275.26
  Standard cell                           113    1099.80
  Total                                  5669  174675.66
Writing extracted parasitics to '/home/thanh/NCO/runs/RUN_2025-03-04_07-10-12/615-openroad-rcx/min/counter.min.spef'…
[INFO RCX-0443] 155 nets finished
