Clock: clk
Sources: clk 
Generated: no
Virtual: yes
Propagated: no
Period: 10.000000

===========================================================================
report_clock_properties
============================================================================
Clock                   Period          Waveform
----------------------------------------------------
clk                  10.000000    0.000000  5.000000

===========================================================================
report_clock_latency
============================================================================
Clock clk
rise -> rise
    min     max
0.000000 0.000000 source latency
0.276345         network latency _079_/CLK
        0.276345 network latency _079_/CLK
---------------
0.276345 0.276345 latency
        0.000000 skew

fall -> fall
    min     max
0.000000 0.000000 source latency
0.166345         network latency _079_/CLK
        0.166345 network latency _079_/CLK
---------------
0.166345 0.166345 latency
        0.000000 skew



===========================================================================
report_clock_min_period
============================================================================
clk period_min = 3.26 fmax = 306.52
