Reading OpenROAD database at '/home/thanh/NCO/runs/RUN_2025-03-04_06-48-10/18-openroad-tapendcapinsertion/counter.odb'…
Reading library file at '/home/thanh/.volare/volare/sky130/versions/0fe599b2afb6708d281543108caf8310912f54af/sky130A/libs.ref/sky130_fd_sc_hd/lib/sky130_fd_sc_hd__tt_025C_1v80.lib'…
Reading design constraints file at '/home/thanh/NCO/counter.sdc'…
[INFO] Setting global connections...
mem_i matched with mem_i
[INFO PDN-0001] Inserting grid: stdcell_grid
[INFO PDN-0001] Inserting grid: macro - mem_i
Setting global connections for newly added cells…
[INFO] Setting global connections...
mem_i matched with mem_i
Updating metrics…
Cell type report:                       Count       Area
  Macro                                     1  123515.34
  Fill cell                               470    1764.19
  Tap cell                                739     924.64
  Inverter                                 25      93.84
  Sequential cell                          24     630.60
  Multi-Input combinational cell           15     146.39
  Total                                  1274  127075.01
Writing OpenROAD database to '/home/thanh/NCO/runs/RUN_2025-03-04_06-48-10/20-openroad-generatepdn/counter.odb'…
Writing netlist to '/home/thanh/NCO/runs/RUN_2025-03-04_06-48-10/20-openroad-generatepdn/counter.nl.v'…
Writing powered netlist to '/home/thanh/NCO/runs/RUN_2025-03-04_06-48-10/20-openroad-generatepdn/counter.pnl.v'…
Writing layout to '/home/thanh/NCO/runs/RUN_2025-03-04_06-48-10/20-openroad-generatepdn/counter.def'…
Writing timing constraints to '/home/thanh/NCO/runs/RUN_2025-03-04_06-48-10/20-openroad-generatepdn/counter.sdc'…
[INFO PSM-0040] All shapes on net vccd1 are connected.
[INFO PSM-0040] All shapes on net vssd1 are connected.
