
===========================================================================
report_checks -unconstrained
===========================================================================
======================= nom_ss_100C_1v60 Corner ===================================

Startpoint: rst (input port clocked by clk)
Endpoint: _091_ (recovery check against rising-edge clock clk)
Path Group: asynchronous
Path Type: max

Fanout         Cap        Slew       Delay        Time   Description
---------------------------------------------------------------------------------------------
                                  0.000000    0.000000   clock clk (rise edge)
                                  0.000000    0.000000   clock network delay (propagated)
                                  2.500000    2.500000 v input external delay
     2    0.003600    0.021559    0.011744    2.511744 v rst (in)
                                                         rst (net)
                      0.021559    0.000000    2.511744 v input26/A (sky130_fd_sc_hd__clkbuf_1)
     1    0.008054    0.104356    0.183438    2.695182 v input26/X (sky130_fd_sc_hd__clkbuf_1)
                                                         net26 (net)
                      0.104356    0.000319    2.695501 v fanout93/A (sky130_fd_sc_hd__clkbuf_8)
    21    0.109793    0.213901    0.393631    3.089132 v fanout93/X (sky130_fd_sc_hd__clkbuf_8)
                                                         net93 (net)
                      0.216179    0.017818    3.106950 v fanout92/A (sky130_fd_sc_hd__buf_2)
     6    0.032383    0.158633    0.408705    3.515655 v fanout92/X (sky130_fd_sc_hd__buf_2)
                                                         net92 (net)
                      0.158633    0.000372    3.516027 v _067_/A (sky130_fd_sc_hd__inv_2)
     1    0.004057    0.059417    0.107159    3.623185 ^ _067_/Y (sky130_fd_sc_hd__inv_2)
                                                         _020_ (net)
                      0.059417    0.000091    3.623276 ^ _091_/RESET_B (sky130_fd_sc_hd__dfrtp_1)
                                              3.623276   data arrival time

                                  5.000000    5.000000   clock clk (rise edge)
                                  0.000000    5.000000   clock source latency
     2    0.069540    0.501612    0.356722    5.356722 ^ clk (in)
                                                         clk (net)
                      0.502957    0.000000    5.356722 ^ clkbuf_0_clk/A (sky130_fd_sc_hd__clkbuf_16)
     5    0.071484    0.140344    0.466574    5.823296 ^ clkbuf_0_clk/X (sky130_fd_sc_hd__clkbuf_16)
                                                         clknet_0_clk (net)
                      0.141983    0.011833    5.835129 ^ clkbuf_1_1__f_clk/A (sky130_fd_sc_hd__clkbuf_16)
    25    0.099259    0.175801    0.344958    6.180087 ^ clkbuf_1_1__f_clk/X (sky130_fd_sc_hd__clkbuf_16)
                                                         clknet_1_1__leaf_clk (net)
                      0.176657    0.009770    6.189857 ^ _091_/CLK (sky130_fd_sc_hd__dfrtp_1)
                                 -0.250000    5.939857   clock uncertainty
                                  0.000000    5.939857   clock reconvergence pessimism
                                  0.501988    6.441845   library recovery time
                                              6.441845   data required time
---------------------------------------------------------------------------------------------
                                              6.441845   data required time
                                             -3.623276   data arrival time
---------------------------------------------------------------------------------------------
                                              2.818569   slack (MET)


Startpoint: _101_ (rising edge-triggered flip-flop clocked by clk)
Endpoint: sine_out[1] (output port clocked by clk)
Path Group: clk
Path Type: max

Fanout         Cap        Slew       Delay        Time   Description
---------------------------------------------------------------------------------------------
                                  0.000000    0.000000   clock clk (rise edge)
                                  0.000000    0.000000   clock source latency
     2    0.069540    0.501612    0.356722    0.356722 ^ clk (in)
                                                         clk (net)
                      0.502957    0.000000    0.356722 ^ clkbuf_0_clk/A (sky130_fd_sc_hd__clkbuf_16)
     5    0.071484    0.140344    0.466574    0.823296 ^ clkbuf_0_clk/X (sky130_fd_sc_hd__clkbuf_16)
                                                         clknet_0_clk (net)
                      0.140354    0.000941    0.824237 ^ clkbuf_1_0__f_clk/A (sky130_fd_sc_hd__clkbuf_16)
    31    0.122213    0.208324    0.366333    1.190570 ^ clkbuf_1_0__f_clk/X (sky130_fd_sc_hd__clkbuf_16)
                                                         clknet_1_0__leaf_clk (net)
                      0.208635    0.006645    1.197214 ^ _101_/CLK (sky130_fd_sc_hd__dfrtp_1)
     1    0.004571    0.091421    0.817118    2.014333 v _101_/Q (sky130_fd_sc_hd__dfrtp_1)
                                                         net34 (net)
                      0.091421    0.000165    2.014498 v output34/A (sky130_fd_sc_hd__clkbuf_1)
     1    0.002229    0.044769    0.164462    2.178960 v output34/X (sky130_fd_sc_hd__clkbuf_1)
                                                         net62 (net)
                      0.044769    0.000044    2.179004 v wire62/A (sky130_fd_sc_hd__clkbuf_1)
     1    0.000804    0.030806    0.127930    2.306934 v wire62/X (sky130_fd_sc_hd__clkbuf_1)
                                                         sine_out[1] (net)
                      0.030806    0.000008    2.306942 v sine_out[1] (out)
                                              2.306942   data arrival time

                                  5.000000    5.000000   clock clk (rise edge)
                                  0.000000    5.000000   clock network delay (propagated)
                                 -0.250000    4.750000   clock uncertainty
                                  0.000000    4.750000   clock reconvergence pessimism
                                 -2.250000    2.500000   output external delay
                                              2.500000   data required time
---------------------------------------------------------------------------------------------
                                              2.500000   data required time
                                             -2.306942   data arrival time
---------------------------------------------------------------------------------------------
                                              0.193058   slack (MET)




===========================================================================
report_checks --slack_max -0.01
============================================================================
======================= nom_ss_100C_1v60 Corner ===================================

No paths found.


===========================================================================
 report_check_types -max_slew -max_cap -max_fanout -violators
============================================================================
======================= nom_ss_100C_1v60 Corner ===================================

max slew

Pin                                        Limit        Slew       Slack
------------------------------------------------------------------------
clkbuf_0_clk/A                          0.040000    0.502957   -0.462957 (VIOLATED)
ANTENNA_clkbuf_0_clk_A/DIODE            0.040000    0.502943   -0.462943 (VIOLATED)
clk                                     0.040000    0.501612   -0.461612 (VIOLATED)
mem_i/addr1[5]                          0.040000    0.409182   -0.369182 (VIOLATED)
mem_i/addr1[1]                          0.040000    0.370755   -0.330755 (VIOLATED)
mem_i/addr1[6]                          0.040000    0.341513   -0.301513 (VIOLATED)
mem_i/addr0[3]                          0.040000    0.338641   -0.298641 (VIOLATED)
mem_i/addr1[7]                          0.040000    0.327870   -0.287870 (VIOLATED)
mem_i/addr0[4]                          0.040000    0.313011   -0.273011 (VIOLATED)
mem_i/csb0                              0.040000    0.312699   -0.272699 (VIOLATED)
fanout91/A                              0.040000    0.312470   -0.272470 (VIOLATED)
ANTENNA_fanout91_A/DIODE                0.040000    0.312453   -0.272453 (VIOLATED)
fanout92/A                              0.040000    0.312346   -0.272346 (VIOLATED)
ANTENNA_fanout92_A/DIODE                0.040000    0.312334   -0.272334 (VIOLATED)
_068_/A                                 0.040000    0.311969   -0.271969 (VIOLATED)
ANTENNA__068__A/DIODE                   0.040000    0.311951   -0.271951 (VIOLATED)
_069_/A                                 0.040000    0.311246   -0.271246 (VIOLATED)
ANTENNA__069__A/DIODE                   0.040000    0.311243   -0.271243 (VIOLATED)
_070_/A                                 0.040000    0.310967   -0.270967 (VIOLATED)
ANTENNA__070__A/DIODE                   0.040000    0.310965   -0.270965 (VIOLATED)
_071_/A                                 0.040000    0.310818   -0.270818 (VIOLATED)
ANTENNA__071__A/DIODE                   0.040000    0.310811   -0.270811 (VIOLATED)
_072_/A                                 0.040000    0.310769   -0.270769 (VIOLATED)
ANTENNA__072__A/DIODE                   0.040000    0.310764   -0.270764 (VIOLATED)
_075_/A                                 0.040000    0.310737   -0.270737 (VIOLATED)
ANTENNA__075__A/DIODE                   0.040000    0.310736   -0.270736 (VIOLATED)
ANTENNA__074__A/DIODE                   0.040000    0.310731   -0.270731 (VIOLATED)
_074_/A                                 0.040000    0.310731   -0.270731 (VIOLATED)
_073_/A                                 0.040000    0.310727   -0.270727 (VIOLATED)
ANTENNA__073__A/DIODE                   0.040000    0.310727   -0.270727 (VIOLATED)
ANTENNA_fanout93_X/DIODE                0.040000    0.310719   -0.270719 (VIOLATED)
fanout93/X                              0.040000    0.310713   -0.270713 (VIOLATED)
mem_i/addr1[0]                          0.040000    0.310353   -0.270353 (VIOLATED)
mem_i/addr0[5]                          0.040000    0.310268   -0.270268 (VIOLATED)
ANTENNA_mem_i_addr1[5]/DIODE            0.040000    0.306888   -0.266888 (VIOLATED)
ANTENNA_max_cap73_X/DIODE               0.040000    0.306799   -0.266799 (VIOLATED)
max_cap73/X                             0.040000    0.306798   -0.266798 (VIOLATED)
mem_i/addr0[2]                          0.040000    0.305994   -0.265994 (VIOLATED)
mem_i/addr0[7]                          0.040000    0.305830   -0.265830 (VIOLATED)
mem_i/addr0[6]                          0.040000    0.305195   -0.265195 (VIOLATED)
mem_i/addr1[4]                          0.040000    0.300050   -0.260050 (VIOLATED)
mem_i/din0[12]                          0.040000    0.287548   -0.247548 (VIOLATED)
mem_i/din0[8]                           0.040000    0.287152   -0.247152 (VIOLATED)
mem_i/din0[13]                          0.040000    0.285733   -0.245733 (VIOLATED)
mem_i/din0[7]                           0.040000    0.284824   -0.244824 (VIOLATED)
mem_i/din0[2]                           0.040000    0.284456   -0.244455 (VIOLATED)
mem_i/din0[1]                           0.040000    0.282801   -0.242801 (VIOLATED)
mem_i/din0[6]                           0.040000    0.282709   -0.242709 (VIOLATED)
mem_i/din0[4]                           0.040000    0.282663   -0.242663 (VIOLATED)
mem_i/clk0                              0.040000    0.282619   -0.242619 (VIOLATED)
mem_i/din0[5]                           0.040000    0.282235   -0.242235 (VIOLATED)
mem_i/addr0[1]                          0.040000    0.282233   -0.242233 (VIOLATED)
mem_i/din0[11]                          0.040000    0.282089   -0.242089 (VIOLATED)
mem_i/din0[14]                          0.040000    0.282001   -0.242001 (VIOLATED)
mem_i/din0[15]                          0.040000    0.281761   -0.241761 (VIOLATED)
mem_i/din0[0]                           0.040000    0.281693   -0.241693 (VIOLATED)
mem_i/din0[10]                          0.040000    0.281651   -0.241651 (VIOLATED)
mem_i/din0[3]                           0.040000    0.281605   -0.241605 (VIOLATED)
mem_i/din0[9]                           0.040000    0.281548   -0.241548 (VIOLATED)
mem_i/addr0[0]                          0.040000    0.280578   -0.240578 (VIOLATED)
ANTENNA_mem_i_addr1[1]/DIODE            0.040000    0.278067   -0.238067 (VIOLATED)
ANTENNA_max_cap86_X/DIODE               0.040000    0.278055   -0.238055 (VIOLATED)
max_cap86/X                             0.040000    0.278055   -0.238055 (VIOLATED)
_044_/Y                                 0.040000    0.275679   -0.235679 (VIOLATED)
_045_/B                                 0.040000    0.275679   -0.235679 (VIOLATED)
_062_/A                                 0.040000    0.272657   -0.232657 (VIOLATED)
_063_/A                                 0.040000    0.272657   -0.232657 (VIOLATED)
_064_/A                                 0.040000    0.272656   -0.232656 (VIOLATED)
_065_/A                                 0.040000    0.272656   -0.232656 (VIOLATED)
_066_/A                                 0.040000    0.272656   -0.232656 (VIOLATED)
_067_/A                                 0.040000    0.272656   -0.232656 (VIOLATED)
fanout92/X                              0.040000    0.272656   -0.232656 (VIOLATED)
mem_i/addr1[3]                          0.040000    0.262296   -0.222296 (VIOLATED)
_076_/A                                 0.040000    0.258600   -0.218600 (VIOLATED)
_077_/A                                 0.040000    0.258599   -0.218599 (VIOLATED)
_078_/A                                 0.040000    0.258597   -0.218597 (VIOLATED)
_041_/A                                 0.040000    0.258594   -0.218594 (VIOLATED)
_056_/A                                 0.040000    0.258591   -0.218591 (VIOLATED)
_057_/A                                 0.040000    0.258586   -0.218586 (VIOLATED)
_058_/A                                 0.040000    0.258583   -0.218583 (VIOLATED)
_059_/A                                 0.040000    0.258580   -0.218580 (VIOLATED)
_060_/A                                 0.040000    0.258577   -0.218577 (VIOLATED)
_061_/A                                 0.040000    0.258577   -0.218577 (VIOLATED)
fanout91/X                              0.040000    0.258577   -0.218577 (VIOLATED)
ANTENNA_mem_i_addr1[6]/DIODE            0.040000    0.256136   -0.216136 (VIOLATED)
ANTENNA_max_cap71_X/DIODE               0.040000    0.256022   -0.216022 (VIOLATED)
max_cap71/X                             0.040000    0.256022   -0.216022 (VIOLATED)
input4/X                                0.040000    0.253979   -0.213979 (VIOLATED)
mem_i/addr1[2]                          0.040000    0.250362   -0.210361 (VIOLATED)
ANTENNA_mem_i_addr1[7]/DIODE            0.040000    0.245902   -0.205902 (VIOLATED)
ANTENNA_max_cap70_X/DIODE               0.040000    0.245871   -0.205871 (VIOLATED)
max_cap70/X                             0.040000    0.245871   -0.205871 (VIOLATED)
_047_/B                                 0.040000    0.236362   -0.196362 (VIOLATED)
max_cap52/A                             0.040000    0.236362   -0.196362 (VIOLATED)
max_cap53/X                             0.040000    0.236362   -0.196362 (VIOLATED)
mem_i/clk1                              0.040000    0.235114   -0.195114 (VIOLATED)
input5/X                                0.040000    0.234756   -0.194756 (VIOLATED)
input9/X                                0.040000    0.234523   -0.194523 (VIOLATED)
ANTENNA_mem_i_addr1[0]/DIODE            0.040000    0.232764   -0.192764 (VIOLATED)
ANTENNA_max_cap90_X/DIODE               0.040000    0.232756   -0.192756 (VIOLATED)
max_cap90/X                             0.040000    0.232756   -0.192756 (VIOLATED)
input6/X                                0.040000    0.232700   -0.192700 (VIOLATED)
input3/X                                0.040000    0.229495   -0.189495 (VIOLATED)
input8/X                                0.040000    0.229372   -0.189372 (VIOLATED)
input7/X                                0.040000    0.228896   -0.188896 (VIOLATED)
max_cap75/X                             0.040000    0.225038   -0.185038 (VIOLATED)
input13/X                               0.040000    0.215598   -0.175598 (VIOLATED)
input24/X                               0.040000    0.215363   -0.175363 (VIOLATED)
input14/X                               0.040000    0.214299   -0.174299 (VIOLATED)
input23/X                               0.040000    0.213617   -0.173617 (VIOLATED)
input18/X                               0.040000    0.213341   -0.173340 (VIOLATED)
input17/X                               0.040000    0.212099   -0.172099 (VIOLATED)
input22/X                               0.040000    0.212030   -0.172030 (VIOLATED)
input20/X                               0.040000    0.211996   -0.171996 (VIOLATED)
ANTENNA_mem_i_clk0/DIODE                0.040000    0.211958   -0.171958 (VIOLATED)
input21/X                               0.040000    0.211675   -0.171675 (VIOLATED)
input2/X                                0.040000    0.211673   -0.171673 (VIOLATED)
input12/X                               0.040000    0.211566   -0.171566 (VIOLATED)
input15/X                               0.040000    0.211499   -0.171499 (VIOLATED)
input16/X                               0.040000    0.211320   -0.171320 (VIOLATED)
input10/X                               0.040000    0.211269   -0.171269 (VIOLATED)
input11/X                               0.040000    0.211237   -0.171237 (VIOLATED)
input19/X                               0.040000    0.211203   -0.171203 (VIOLATED)
input25/X                               0.040000    0.211160   -0.171160 (VIOLATED)
_049_/Y                                 0.040000    0.210855   -0.170855 (VIOLATED)
_096_/D                                 0.040000    0.210855   -0.170855 (VIOLATED)
input1/X                                0.040000    0.210432   -0.170432 (VIOLATED)
_100_/CLK                               0.040000    0.208714   -0.168714 (VIOLATED)
ANTENNA__100__CLK/DIODE                 0.040000    0.208656   -0.168656 (VIOLATED)
_101_/CLK                               0.040000    0.208635   -0.168635 (VIOLATED)
_102_/CLK                               0.040000    0.208582   -0.168582 (VIOLATED)
ANTENNA__101__CLK/DIODE                 0.040000    0.208520   -0.168520 (VIOLATED)
ANTENNA__102__CLK/DIODE                 0.040000    0.208478   -0.168478 (VIOLATED)
_079_/CLK                               0.040000    0.208475   -0.168475 (VIOLATED)
_080_/CLK                               0.040000    0.208433   -0.168433 (VIOLATED)
ANTENNA__079__CLK/DIODE                 0.040000    0.208405   -0.168405 (VIOLATED)
_081_/CLK                               0.040000    0.208404   -0.168404 (VIOLATED)
ANTENNA__080__CLK/DIODE                 0.040000    0.208399   -0.168399 (VIOLATED)
ANTENNA__089__CLK/DIODE                 0.040000    0.208387   -0.168387 (VIOLATED)
_089_/CLK                               0.040000    0.208387   -0.168387 (VIOLATED)
ANTENNA__088__CLK/DIODE                 0.040000    0.208385   -0.168385 (VIOLATED)
_088_/CLK                               0.040000    0.208385   -0.168385 (VIOLATED)
ANTENNA__087__CLK/DIODE                 0.040000    0.208381   -0.168381 (VIOLATED)
_087_/CLK                               0.040000    0.208381   -0.168381 (VIOLATED)
_086_/CLK                               0.040000    0.208375   -0.168375 (VIOLATED)
ANTENNA__086__CLK/DIODE                 0.040000    0.208375   -0.168375 (VIOLATED)
_082_/CLK                               0.040000    0.208372   -0.168372 (VIOLATED)
ANTENNA__081__CLK/DIODE                 0.040000    0.208371   -0.168371 (VIOLATED)
_085_/CLK                               0.040000    0.208363   -0.168363 (VIOLATED)
ANTENNA__085__CLK/DIODE                 0.040000    0.208362   -0.168362 (VIOLATED)
_084_/CLK                               0.040000    0.208351   -0.168351 (VIOLATED)
ANTENNA__084__CLK/DIODE                 0.040000    0.208347   -0.168347 (VIOLATED)
ANTENNA__082__CLK/DIODE                 0.040000    0.208339   -0.168339 (VIOLATED)
ANTENNA_clkbuf_1_0__f_clk_X/DIODE       0.040000    0.208339   -0.168339 (VIOLATED)
ANTENNA__083__CLK/DIODE                 0.040000    0.208339   -0.168339 (VIOLATED)
_083_/CLK                               0.040000    0.208339   -0.168339 (VIOLATED)
clkbuf_1_0__f_clk/X                     0.040000    0.208324   -0.168324 (VIOLATED)
max_cap78/X                             0.040000    0.196722   -0.156722 (VIOLATED)
_053_/Y                                 0.040000    0.194557   -0.154557 (VIOLATED)
_054_/B                                 0.040000    0.194557   -0.154557 (VIOLATED)
_055_/X                                 0.040000    0.192870   -0.152870 (VIOLATED)
_099_/D                                 0.040000    0.192870   -0.152870 (VIOLATED)
_047_/X                                 0.040000    0.191901   -0.151901 (VIOLATED)
_095_/D                                 0.040000    0.191901   -0.151901 (VIOLATED)
ANTENNA_mem_i_addr1[2]/DIODE            0.040000    0.187770   -0.147770 (VIOLATED)
ANTENNA_max_cap83_X/DIODE               0.040000    0.187762   -0.147762 (VIOLATED)
max_cap83/X                             0.040000    0.187762   -0.147762 (VIOLATED)
_048_/B                                 0.040000    0.187708   -0.147708 (VIOLATED)
_096_/Q                                 0.040000    0.187708   -0.147708 (VIOLATED)
max_cap76/A                             0.040000    0.187708   -0.147708 (VIOLATED)
max_cap77/A                             0.040000    0.187708   -0.147708 (VIOLATED)
_042_/A                                 0.040000    0.184403   -0.144403 (VIOLATED)
max_cap88/A                             0.040000    0.184403   -0.144403 (VIOLATED)
max_cap89/X                             0.040000    0.184403   -0.144403 (VIOLATED)
_042_/X                                 0.040000    0.182710   -0.142710 (VIOLATED)
_093_/D                                 0.040000    0.182710   -0.142710 (VIOLATED)
ANTENNA__092__RESET_B/DIODE             0.040000    0.179506   -0.139506 (VIOLATED)
_092_/RESET_B                           0.040000    0.179505   -0.139505 (VIOLATED)
ANTENNA__068__Y/DIODE                   0.040000    0.179412   -0.139412 (VIOLATED)
_068_/Y                                 0.040000    0.179412   -0.139412 (VIOLATED)
_055_/B                                 0.040000    0.179260   -0.139260 (VIOLATED)
max_cap43/X                             0.040000    0.179260   -0.139260 (VIOLATED)
_090_/CLK                               0.040000    0.176672   -0.136672 (VIOLATED)
ANTENNA__090__CLK/DIODE                 0.040000    0.176666   -0.136666 (VIOLATED)
_091_/CLK                               0.040000    0.176657   -0.136657 (VIOLATED)
ANTENNA__091__CLK/DIODE                 0.040000    0.176644   -0.136644 (VIOLATED)
_043_/A                                 0.040000    0.176510   -0.136510 (VIOLATED)
max_cap87/A                             0.040000    0.176510   -0.136510 (VIOLATED)
max_cap88/X                             0.040000    0.176510   -0.136510 (VIOLATED)
ANTENNA_mem_i_clk1/DIODE                0.040000    0.176385   -0.136385 (VIOLATED)
ANTENNA__092__CLK/DIODE                 0.040000    0.176096   -0.136096 (VIOLATED)
_092_/CLK                               0.040000    0.176093   -0.136093 (VIOLATED)
_093_/CLK                               0.040000    0.176005   -0.136005 (VIOLATED)
ANTENNA__093__CLK/DIODE                 0.040000    0.176004   -0.136004 (VIOLATED)
_099_/CLK                               0.040000    0.175894   -0.135894 (VIOLATED)
ANTENNA__099__CLK/DIODE                 0.040000    0.175893   -0.135893 (VIOLATED)
_098_/CLK                               0.040000    0.175888   -0.135888 (VIOLATED)
ANTENNA__098__CLK/DIODE                 0.040000    0.175887   -0.135887 (VIOLATED)
_097_/CLK                               0.040000    0.175884   -0.135884 (VIOLATED)
ANTENNA__097__CLK/DIODE                 0.040000    0.175882   -0.135882 (VIOLATED)
_096_/CLK                               0.040000    0.175867   -0.135867 (VIOLATED)
ANTENNA__096__CLK/DIODE                 0.040000    0.175866   -0.135866 (VIOLATED)
_095_/CLK                               0.040000    0.175858   -0.135858 (VIOLATED)
ANTENNA__095__CLK/DIODE                 0.040000    0.175857   -0.135857 (VIOLATED)
clkload0/A                              0.040000    0.175836   -0.135836 (VIOLATED)
_094_/CLK                               0.040000    0.175835   -0.135835 (VIOLATED)
ANTENNA__094__CLK/DIODE                 0.040000    0.175835   -0.135835 (VIOLATED)
ANTENNA_clkload0_A/DIODE                0.040000    0.175829   -0.135829 (VIOLATED)
ANTENNA_clkbuf_1_1__f_clk_X/DIODE       0.040000    0.175810   -0.135810 (VIOLATED)
clkbuf_1_1__f_clk/X                     0.040000    0.175801   -0.135801 (VIOLATED)
_043_/B                                 0.040000    0.175104   -0.135104 (VIOLATED)
max_cap84/A                             0.040000    0.175104   -0.135104 (VIOLATED)
max_cap85/X                             0.040000    0.175104   -0.135104 (VIOLATED)
_045_/Y                                 0.040000    0.175014   -0.135014 (VIOLATED)
_094_/D                                 0.040000    0.175014   -0.135014 (VIOLATED)
_040_/A                                 0.040000    0.173947   -0.133947 (VIOLATED)
_092_/Q                                 0.040000    0.173947   -0.133947 (VIOLATED)
max_cap89/A                             0.040000    0.173947   -0.133947 (VIOLATED)
max_cap90/A                             0.040000    0.173947   -0.133947 (VIOLATED)
fanout93/A                              0.040000    0.173648   -0.133648 (VIOLATED)
input26/X                               0.040000    0.173648   -0.133648 (VIOLATED)
_042_/B                                 0.040000    0.170583   -0.130583 (VIOLATED)
_093_/Q                                 0.040000    0.170583   -0.130583 (VIOLATED)
max_cap85/A                             0.040000    0.170583   -0.130583 (VIOLATED)
max_cap86/A                             0.040000    0.170583   -0.130583 (VIOLATED)
_047_/A                                 0.040000    0.161359   -0.121359 (VIOLATED)
_095_/Q                                 0.040000    0.161359   -0.121359 (VIOLATED)
max_cap81/A                             0.040000    0.161359   -0.121359 (VIOLATED)
_043_/C                                 0.040000    0.155203   -0.115203 (VIOLATED)
_094_/Q                                 0.040000    0.155203   -0.115203 (VIOLATED)
max_cap82/A                             0.040000    0.155203   -0.115203 (VIOLATED)
max_cap83/A                             0.040000    0.155203   -0.115203 (VIOLATED)
_054_/Y                                 0.040000    0.150881   -0.110881 (VIOLATED)
_098_/D                                 0.040000    0.150881   -0.110881 (VIOLATED)
_043_/X                                 0.040000    0.146710   -0.106710 (VIOLATED)
_045_/A                                 0.040000    0.146710   -0.106710 (VIOLATED)
max_cap53/A                             0.040000    0.146710   -0.106710 (VIOLATED)
_050_/B                                 0.040000    0.144161   -0.104161 (VIOLATED)
max_cap75/A                             0.040000    0.144161   -0.104161 (VIOLATED)
max_cap76/X                             0.040000    0.144161   -0.104161 (VIOLATED)
_052_/B                                 0.040000    0.142970   -0.102970 (VIOLATED)
max_cap48/A                             0.040000    0.142970   -0.102970 (VIOLATED)
max_cap49/X                             0.040000    0.142970   -0.102970 (VIOLATED)
clkbuf_1_1__f_clk/A                     0.040000    0.141983   -0.101983 (VIOLATED)
ANTENNA_clkbuf_1_1__f_clk_A/DIODE       0.040000    0.141962   -0.101962 (VIOLATED)
_055_/A                                 0.040000    0.141867   -0.101867 (VIOLATED)
_099_/Q                                 0.040000    0.141867   -0.101867 (VIOLATED)
max_cap70/A                             0.040000    0.141867   -0.101867 (VIOLATED)
_050_/A                                 0.040000    0.141641   -0.101641 (VIOLATED)
max_cap78/A                             0.040000    0.141641   -0.101641 (VIOLATED)
max_cap79/X                             0.040000    0.141641   -0.101641 (VIOLATED)
ANTENNA_clkbuf_0_clk_X/DIODE            0.040000    0.140359   -0.100359 (VIOLATED)
clkbuf_1_0__f_clk/A                     0.040000    0.140354   -0.100354 (VIOLATED)
ANTENNA_clkbuf_1_0__f_clk_A/DIODE       0.040000    0.140352   -0.100352 (VIOLATED)
clkbuf_0_clk/X                          0.040000    0.140344   -0.100344 (VIOLATED)
_046_/B                                 0.040000    0.129251   -0.089251 (VIOLATED)
max_cap51/A                             0.040000    0.129251   -0.089251 (VIOLATED)
max_cap52/X                             0.040000    0.129251   -0.089251 (VIOLATED)
_048_/C                                 0.040000    0.129000   -0.089000 (VIOLATED)
max_cap50/A                             0.040000    0.129000   -0.089000 (VIOLATED)
max_cap51/X                             0.040000    0.129000   -0.089000 (VIOLATED)
_046_/A                                 0.040000    0.128039   -0.088039 (VIOLATED)
max_cap80/A                             0.040000    0.128039   -0.088039 (VIOLATED)
max_cap81/X                             0.040000    0.128039   -0.088039 (VIOLATED)
_048_/A                                 0.040000    0.124648   -0.084648 (VIOLATED)
max_cap79/A                             0.040000    0.124648   -0.084648 (VIOLATED)
max_cap80/X                             0.040000    0.124648   -0.084648 (VIOLATED)
_052_/X                                 0.040000    0.124636   -0.084636 (VIOLATED)
_054_/A                                 0.040000    0.124636   -0.084636 (VIOLATED)
max_cap43/A                             0.040000    0.124636   -0.084636 (VIOLATED)
_053_/B1                                0.040000    0.124093   -0.084093 (VIOLATED)
_098_/Q                                 0.040000    0.124093   -0.084093 (VIOLATED)
max_cap72/A                             0.040000    0.124093   -0.084093 (VIOLATED)
_051_/A1_N                              0.040000    0.119957   -0.079957 (VIOLATED)
max_cap49/A                             0.040000    0.119957   -0.079957 (VIOLATED)
max_cap50/X                             0.040000    0.119957   -0.079957 (VIOLATED)
_053_/A2                                0.040000    0.119647   -0.079647 (VIOLATED)
max_cap46/A                             0.040000    0.119647   -0.079647 (VIOLATED)
max_cap47/X                             0.040000    0.119647   -0.079647 (VIOLATED)
_050_/X                                 0.040000    0.116775   -0.076775 (VIOLATED)
_051_/A2_N                              0.040000    0.116775   -0.076775 (VIOLATED)
max_cap47/A                             0.040000    0.116775   -0.076775 (VIOLATED)
_049_/A                                 0.040000    0.112543   -0.072543 (VIOLATED)
max_cap77/X                             0.040000    0.112543   -0.072543 (VIOLATED)
_050_/C                                 0.040000    0.111446   -0.071446 (VIOLATED)
max_cap73/A                             0.040000    0.111446   -0.071446 (VIOLATED)
max_cap74/X                             0.040000    0.111446   -0.071446 (VIOLATED)
_090_/Q                                 0.040000    0.109320   -0.069320 (VIOLATED)
output32/A                              0.040000    0.109320   -0.069320 (VIOLATED)
_051_/X                                 0.040000    0.108810   -0.068810 (VIOLATED)
_097_/D                                 0.040000    0.108810   -0.068810 (VIOLATED)
_051_/B2                                0.040000    0.108375   -0.068375 (VIOLATED)
_097_/Q                                 0.040000    0.108375   -0.068375 (VIOLATED)
max_cap74/A                             0.040000    0.108375   -0.068375 (VIOLATED)
_046_/Y                                 0.040000    0.107975   -0.067975 (VIOLATED)
_049_/B                                 0.040000    0.107975   -0.067975 (VIOLATED)
_052_/A                                 0.040000    0.107150   -0.067150 (VIOLATED)
max_cap71/A                             0.040000    0.107150   -0.067150 (VIOLATED)
max_cap72/X                             0.040000    0.107150   -0.067150 (VIOLATED)
_080_/Q                                 0.040000    0.103770   -0.063770 (VIOLATED)
output37/A                              0.040000    0.103770   -0.063770 (VIOLATED)
_079_/Q                                 0.040000    0.103599   -0.063599 (VIOLATED)
output36/A                              0.040000    0.103599   -0.063599 (VIOLATED)
_091_/Q                                 0.040000    0.103547   -0.063547 (VIOLATED)
output33/A                              0.040000    0.103547   -0.063547 (VIOLATED)
_081_/Q                                 0.040000    0.101444   -0.061444 (VIOLATED)
output38/A                              0.040000    0.101444   -0.061444 (VIOLATED)
_101_/Q                                 0.040000    0.101298   -0.061298 (VIOLATED)
output34/A                              0.040000    0.101298   -0.061298 (VIOLATED)
_085_/Q                                 0.040000    0.099770   -0.059770 (VIOLATED)
output42/A                              0.040000    0.099770   -0.059770 (VIOLATED)
_100_/Q                                 0.040000    0.099102   -0.059102 (VIOLATED)
output27/A                              0.040000    0.099102   -0.059102 (VIOLATED)
_083_/Q                                 0.040000    0.098946   -0.058946 (VIOLATED)
output40/A                              0.040000    0.098946   -0.058946 (VIOLATED)
_088_/Q                                 0.040000    0.098513   -0.058513 (VIOLATED)
output30/A                              0.040000    0.098513   -0.058513 (VIOLATED)
_082_/Q                                 0.040000    0.098362   -0.058362 (VIOLATED)
output39/A                              0.040000    0.098362   -0.058362 (VIOLATED)
_084_/Q                                 0.040000    0.098361   -0.058361 (VIOLATED)
output41/A                              0.040000    0.098361   -0.058361 (VIOLATED)
_087_/Q                                 0.040000    0.098052   -0.058052 (VIOLATED)
output29/A                              0.040000    0.098052   -0.058052 (VIOLATED)
_102_/Q                                 0.040000    0.097948   -0.057948 (VIOLATED)
output35/A                              0.040000    0.097948   -0.057948 (VIOLATED)
_089_/Q                                 0.040000    0.097559   -0.057559 (VIOLATED)
output31/A                              0.040000    0.097559   -0.057559 (VIOLATED)
_086_/Q                                 0.040000    0.095532   -0.055532 (VIOLATED)
output28/A                              0.040000    0.095532   -0.055532 (VIOLATED)
_099_/RESET_B                           0.040000    0.087499   -0.047499 (VIOLATED)
_075_/Y                                 0.040000    0.087499   -0.047499 (VIOLATED)
_044_/B1                                0.040000    0.084207   -0.044207 (VIOLATED)
max_cap82/X                             0.040000    0.084207   -0.044207 (VIOLATED)
_048_/X                                 0.040000    0.083866   -0.043866 (VIOLATED)
wire44/A                                0.040000    0.083866   -0.043866 (VIOLATED)
_097_/RESET_B                           0.040000    0.083604   -0.043604 (VIOLATED)
_073_/Y                                 0.040000    0.083604   -0.043604 (VIOLATED)
_098_/RESET_B                           0.040000    0.082318   -0.042318 (VIOLATED)
_074_/Y                                 0.040000    0.082318   -0.042318 (VIOLATED)
_095_/RESET_B                           0.040000    0.078674   -0.038674 (VIOLATED)
_071_/Y                                 0.040000    0.078674   -0.038674 (VIOLATED)
_072_/Y                                 0.040000    0.076743   -0.036743 (VIOLATED)
_096_/RESET_B                           0.040000    0.076743   -0.036743 (VIOLATED)
_053_/A1                                0.040000    0.075854   -0.035854 (VIOLATED)
max_cap48/X                             0.040000    0.075854   -0.035854 (VIOLATED)
_044_/A2                                0.040000    0.075691   -0.035691 (VIOLATED)
max_cap84/X                             0.040000    0.075691   -0.035691 (VIOLATED)
max_cap46/X                             0.040000    0.072984   -0.032984 (VIOLATED)
wire45/A                                0.040000    0.072984   -0.032984 (VIOLATED)
_070_/Y                                 0.040000    0.072555   -0.032555 (VIOLATED)
_094_/RESET_B                           0.040000    0.072555   -0.032555 (VIOLATED)
_044_/A1                                0.040000    0.071722   -0.031722 (VIOLATED)
max_cap87/X                             0.040000    0.071722   -0.031722 (VIOLATED)
_077_/Y                                 0.040000    0.071334   -0.031334 (VIOLATED)
_101_/RESET_B                           0.040000    0.071334   -0.031334 (VIOLATED)
_078_/Y                                 0.040000    0.071181   -0.031181 (VIOLATED)
_102_/RESET_B                           0.040000    0.071181   -0.031181 (VIOLATED)
_100_/RESET_B                           0.040000    0.070187   -0.030187 (VIOLATED)
_076_/Y                                 0.040000    0.070186   -0.030186 (VIOLATED)
_057_/Y                                 0.040000    0.069811   -0.029811 (VIOLATED)
_081_/RESET_B                           0.040000    0.069811   -0.029811 (VIOLATED)
_082_/RESET_B                           0.040000    0.068145   -0.028145 (VIOLATED)
_058_/Y                                 0.040000    0.068145   -0.028145 (VIOLATED)
output28/X                              0.040000    0.067539   -0.027539 (VIOLATED)
wire68/A                                0.040000    0.067539   -0.027539 (VIOLATED)
output39/X                              0.040000    0.067247   -0.027247 (VIOLATED)
wire57/A                                0.040000    0.067247   -0.027247 (VIOLATED)
output29/X                              0.040000    0.067244   -0.027245 (VIOLATED)
wire67/A                                0.040000    0.067244   -0.027245 (VIOLATED)
_079_/RESET_B                           0.040000    0.067198   -0.027198 (VIOLATED)
_041_/Y                                 0.040000    0.067198   -0.027198 (VIOLATED)
_069_/Y                                 0.040000    0.067164   -0.027164 (VIOLATED)
_093_/RESET_B                           0.040000    0.067164   -0.027164 (VIOLATED)
output32/X                              0.040000    0.065959   -0.025959 (VIOLATED)
wire64/A                                0.040000    0.065959   -0.025959 (VIOLATED)
_084_/RESET_B                           0.040000    0.065813   -0.025813 (VIOLATED)
_060_/Y                                 0.040000    0.065813   -0.025813 (VIOLATED)
output31/X                              0.040000    0.065498   -0.025498 (VIOLATED)
wire65/A                                0.040000    0.065498   -0.025498 (VIOLATED)
output42/X                              0.040000    0.065336   -0.025336 (VIOLATED)
wire54/A                                0.040000    0.065336   -0.025336 (VIOLATED)
output41/X                              0.040000    0.065323   -0.025323 (VIOLATED)
wire55/A                                0.040000    0.065323   -0.025323 (VIOLATED)
output33/X                              0.040000    0.065308   -0.025308 (VIOLATED)
wire63/A                                0.040000    0.065308   -0.025308 (VIOLATED)
output40/X                              0.040000    0.065265   -0.025265 (VIOLATED)
wire56/A                                0.040000    0.065265   -0.025265 (VIOLATED)
output30/X                              0.040000    0.065261   -0.025261 (VIOLATED)
wire66/A                                0.040000    0.065261   -0.025261 (VIOLATED)
output34/X                              0.040000    0.065167   -0.025167 (VIOLATED)
wire62/A                                0.040000    0.065167   -0.025167 (VIOLATED)
output27/X                              0.040000    0.065147   -0.025147 (VIOLATED)
wire69/A                                0.040000    0.065147   -0.025147 (VIOLATED)
_085_/RESET_B                           0.040000    0.064725   -0.024725 (VIOLATED)
_061_/Y                                 0.040000    0.064725   -0.024725 (VIOLATED)
_062_/Y                                 0.040000    0.064354   -0.024354 (VIOLATED)
_086_/RESET_B                           0.040000    0.064354   -0.024354 (VIOLATED)
output37/X                              0.040000    0.064144   -0.024144 (VIOLATED)
wire59/A                                0.040000    0.064144   -0.024144 (VIOLATED)
_080_/RESET_B                           0.040000    0.063824   -0.023824 (VIOLATED)
_056_/Y                                 0.040000    0.063824   -0.023824 (VIOLATED)
output36/X                              0.040000    0.063557   -0.023557 (VIOLATED)
wire60/A                                0.040000    0.063557   -0.023557 (VIOLATED)
output38/X                              0.040000    0.063536   -0.023536 (VIOLATED)
wire58/A                                0.040000    0.063536   -0.023536 (VIOLATED)
output35/X                              0.040000    0.063502   -0.023502 (VIOLATED)
wire61/A                                0.040000    0.063502   -0.023502 (VIOLATED)
_059_/Y                                 0.040000    0.061665   -0.021665 (VIOLATED)
_083_/RESET_B                           0.040000    0.061665   -0.021665 (VIOLATED)
_063_/Y                                 0.040000    0.061529   -0.021529 (VIOLATED)
_087_/RESET_B                           0.040000    0.061529   -0.021529 (VIOLATED)
_067_/Y                                 0.040000    0.059593   -0.019593 (VIOLATED)
_091_/RESET_B                           0.040000    0.059593   -0.019593 (VIOLATED)
_064_/Y                                 0.040000    0.058692   -0.018692 (VIOLATED)
_088_/RESET_B                           0.040000    0.058692   -0.018692 (VIOLATED)
_065_/Y                                 0.040000    0.058314   -0.018314 (VIOLATED)
_089_/RESET_B                           0.040000    0.058314   -0.018314 (VIOLATED)
_052_/C                                 0.040000    0.057762   -0.017762 (VIOLATED)
wire45/X                                0.040000    0.057762   -0.017762 (VIOLATED)
_051_/B1                                0.040000    0.057458   -0.017458 (VIOLATED)
wire44/X                                0.040000    0.057458   -0.017458 (VIOLATED)
_066_/Y                                 0.040000    0.057447   -0.017447 (VIOLATED)
_090_/RESET_B                           0.040000    0.057447   -0.017447 (VIOLATED)
_092_/D                                 0.040000    0.051677   -0.011677 (VIOLATED)
_040_/Y                                 0.040000    0.051676   -0.011676 (VIOLATED)
sine_out[10]                            0.040000    0.047111   -0.007111 (VIOLATED)
wire68/X                                0.040000    0.047111   -0.007111 (VIOLATED)
sine_out[11]                            0.040000    0.046670   -0.006670 (VIOLATED)
wire67/X                                0.040000    0.046670   -0.006670 (VIOLATED)
sine_out[6]                             0.040000    0.046653   -0.006653 (VIOLATED)
wire57/X                                0.040000    0.046653   -0.006653 (VIOLATED)
sine_out[13]                            0.040000    0.045514   -0.005514 (VIOLATED)
wire65/X                                0.040000    0.045514   -0.005514 (VIOLATED)
sine_out[8]                             0.040000    0.044610   -0.004610 (VIOLATED)
wire55/X                                0.040000    0.044610   -0.004610 (VIOLATED)
sine_out[9]                             0.040000    0.044545   -0.004545 (VIOLATED)
wire54/X                                0.040000    0.044545   -0.004545 (VIOLATED)
sine_out[14]                            0.040000    0.044432   -0.004432 (VIOLATED)
wire64/X                                0.040000    0.044432   -0.004432 (VIOLATED)
sine_out[12]                            0.040000    0.043388   -0.003388 (VIOLATED)
sine_out[7]                             0.040000    0.043388   -0.003388 (VIOLATED)
wire56/X                                0.040000    0.043388   -0.003388 (VIOLATED)
wire66/X                                0.040000    0.043388   -0.003388 (VIOLATED)
sine_out[15]                            0.040000    0.043261   -0.003261 (VIOLATED)
wire63/X                                0.040000    0.043261   -0.003261 (VIOLATED)
din0[8]                                 0.040000    0.041043   -0.001043 (VIOLATED)
ANTENNA_input24_A/DIODE                 0.040000    0.041043   -0.001043 (VIOLATED)
input24/A                               0.040000    0.041043   -0.001043 (VIOLATED)
din0[0]                                 0.040000    0.040876   -0.000876 (VIOLATED)
din0[10]                                0.040000    0.040876   -0.000876 (VIOLATED)
din0[11]                                0.040000    0.040876   -0.000876 (VIOLATED)
din0[12]                                0.040000    0.040876   -0.000876 (VIOLATED)
din0[13]                                0.040000    0.040876   -0.000876 (VIOLATED)
din0[1]                                 0.040000    0.040876   -0.000876 (VIOLATED)
din0[2]                                 0.040000    0.040876   -0.000876 (VIOLATED)
din0[5]                                 0.040000    0.040876   -0.000876 (VIOLATED)
din0[6]                                 0.040000    0.040876   -0.000876 (VIOLATED)
din0[7]                                 0.040000    0.040876   -0.000876 (VIOLATED)
ANTENNA_input10_A/DIODE                 0.040000    0.040876   -0.000876 (VIOLATED)
ANTENNA_input11_A/DIODE                 0.040000    0.040876   -0.000876 (VIOLATED)
ANTENNA_input12_A/DIODE                 0.040000    0.040876   -0.000876 (VIOLATED)
ANTENNA_input13_A/DIODE                 0.040000    0.040876   -0.000876 (VIOLATED)
ANTENNA_input14_A/DIODE                 0.040000    0.040876   -0.000876 (VIOLATED)
ANTENNA_input17_A/DIODE                 0.040000    0.040876   -0.000876 (VIOLATED)
ANTENNA_input18_A/DIODE                 0.040000    0.040876   -0.000876 (VIOLATED)
ANTENNA_input21_A/DIODE                 0.040000    0.040876   -0.000876 (VIOLATED)
ANTENNA_input22_A/DIODE                 0.040000    0.040876   -0.000876 (VIOLATED)
ANTENNA_input23_A/DIODE                 0.040000    0.040876   -0.000876 (VIOLATED)
input10/A                               0.040000    0.040876   -0.000876 (VIOLATED)
input11/A                               0.040000    0.040876   -0.000876 (VIOLATED)
input12/A                               0.040000    0.040876   -0.000876 (VIOLATED)
input13/A                               0.040000    0.040876   -0.000876 (VIOLATED)
input14/A                               0.040000    0.040876   -0.000876 (VIOLATED)
input17/A                               0.040000    0.040876   -0.000876 (VIOLATED)
input18/A                               0.040000    0.040876   -0.000876 (VIOLATED)
input21/A                               0.040000    0.040876   -0.000876 (VIOLATED)
input22/A                               0.040000    0.040876   -0.000876 (VIOLATED)
input23/A                               0.040000    0.040876   -0.000876 (VIOLATED)
addr0[4]                                0.040000    0.040388   -0.000388 (VIOLATED)
ANTENNA_input5_A/DIODE                  0.040000    0.040388   -0.000388 (VIOLATED)
input5/A                                0.040000    0.040388   -0.000388 (VIOLATED)
addr0[6]                                0.040000    0.040294   -0.000294 (VIOLATED)
ANTENNA_input7_A/DIODE                  0.040000    0.040294   -0.000294 (VIOLATED)
input7/A                                0.040000    0.040294   -0.000294 (VIOLATED)
addr0[0]                                0.040000    0.040208   -0.000208 (VIOLATED)
addr0[1]                                0.040000    0.040208   -0.000208 (VIOLATED)
din0[15]                                0.040000    0.040208   -0.000208 (VIOLATED)
din0[4]                                 0.040000    0.040208   -0.000208 (VIOLATED)
ANTENNA_input16_A/DIODE                 0.040000    0.040208   -0.000208 (VIOLATED)
ANTENNA_input1_A/DIODE                  0.040000    0.040208   -0.000208 (VIOLATED)
ANTENNA_input20_A/DIODE                 0.040000    0.040208   -0.000208 (VIOLATED)
ANTENNA_input2_A/DIODE                  0.040000    0.040208   -0.000208 (VIOLATED)
input1/A                                0.040000    0.040208   -0.000208 (VIOLATED)
input16/A                               0.040000    0.040208   -0.000208 (VIOLATED)
input2/A                                0.040000    0.040208   -0.000208 (VIOLATED)
input20/A                               0.040000    0.040208   -0.000208 (VIOLATED)
addr0[2]                                0.040000    0.040204   -0.000204 (VIOLATED)
ANTENNA_input3_A/DIODE                  0.040000    0.040204   -0.000204 (VIOLATED)
input3/A                                0.040000    0.040204   -0.000204 (VIOLATED)
din0[14]                                0.040000    0.040171   -0.000171 (VIOLATED)
din0[3]                                 0.040000    0.040171   -0.000171 (VIOLATED)
din0[9]                                 0.040000    0.040171   -0.000171 (VIOLATED)
ANTENNA_input15_A/DIODE                 0.040000    0.040171   -0.000171 (VIOLATED)
ANTENNA_input19_A/DIODE                 0.040000    0.040171   -0.000171 (VIOLATED)
ANTENNA_input25_A/DIODE                 0.040000    0.040171   -0.000171 (VIOLATED)
input15/A                               0.040000    0.040171   -0.000171 (VIOLATED)
input19/A                               0.040000    0.040171   -0.000171 (VIOLATED)
input25/A                               0.040000    0.040171   -0.000171 (VIOLATED)

max fanout

Pin                                   Limit Fanout  Slack
---------------------------------------------------------
clkbuf_1_0__f_clk/X                      10     31    -21 (VIOLATED)
clkbuf_1_1__f_clk/X                      10     25    -15 (VIOLATED)
fanout93/X                               10     21    -11 (VIOLATED)



===========================================================================
report_parasitic_annotation -report_unannotated
============================================================================
Found 2 unannotated drivers.
 clkload0/Y
 mem_i_94/HI
Found 0 partially unannotated drivers.

===========================================================================
max slew violation count 508
max fanout violation count 3
max cap violation count 0
============================================================================

===========================================================================
check_setup -verbose -unconstrained_endpoints -multiple_clock -no_clock -no_input_delay -loops -generated_clocks
===========================================================================
Warning: There is 1 unconstrained endpoint.
  mem_i/csb1
