
===========================================================================
Violator List
============================================================================
[setup reg-out] _594_/Q -> sine_out[10] : -0.325490
[setup reg-reg] _600_/Q -> _602_/D : -0.324028
[setup reg-reg] _600_/Q -> _607_/D : -0.322046
[setup reg-out] _592_/Q -> sine_out[8] : -0.318573
[setup reg-out] _593_/Q -> sine_out[9] : -0.314157
[setup reg-reg] _600_/Q -> _606_/D : -0.300524
[setup reg-reg] _600_/Q -> _600_/D : -0.300025
[setup reg-reg] _600_/Q -> _605_/D : -0.299126
[setup reg-out] _587_/Q -> sine_out[3] : -0.298367
[setup reg-reg] _600_/Q -> _603_/D : -0.297712
[setup reg-out] _591_/Q -> sine_out[7] : -0.295913
[setup reg-reg] _600_/Q -> _601_/D : -0.287402
[setup reg-reg] _600_/Q -> _608_/D : -0.284416
[setup reg-reg] _600_/Q -> _604_/D : -0.277657
[setup reg-out] _599_/Q -> sine_out[15] : -0.273882
[setup reg-out] _584_/Q -> sine_out[0] : -0.269199
[setup reg-out] _590_/Q -> sine_out[6] : -0.255317
[setup reg-out] _597_/Q -> sine_out[13] : -0.247472
[setup reg-out] _586_/Q -> sine_out[2] : -0.234606
[setup reg-out] _588_/Q -> sine_out[4] : -0.227810
[setup reg-out] _589_/Q -> sine_out[5] : -0.227685
[setup reg-out] _595_/Q -> sine_out[11] : -0.215137
[setup reg-out] _585_/Q -> sine_out[1] : -0.213362
[setup reg-out] _596_/Q -> sine_out[12] : -0.212552
[setup reg-out] _598_/Q -> sine_out[14] : -0.210811
