Clock: clk
Sources: clk 
Generated: no
Virtual: yes
Propagated: no
Period: 10.000000

===========================================================================
report_clock_properties
============================================================================
Clock                   Period          Waveform
----------------------------------------------------
clk                  10.000000    0.000000  5.000000

===========================================================================
report_clock_latency
============================================================================
Clock clk
rise -> rise
    min     max
0.000000 0.000000 source latency
0.189453         network latency _797_/CLK
        0.191221 network latency _794_/CLK
---------------
0.189453 0.191221 latency
        0.001769 skew

fall -> fall
    min     max
0.000000 0.000000 source latency
0.190912         network latency _797_/CLK
        0.192445 network latency _794_/CLK
---------------
0.190912 0.192445 latency
        0.001533 skew



===========================================================================
report_clock_min_period
============================================================================
clk period_min = 1.57 fmax = 638.71
