Clock: clk
Sources: clk 
Generated: no
Virtual: yes
Propagated: no
Period: 5.000000

===========================================================================
report_clock_properties
============================================================================
Clock                   Period          Waveform
----------------------------------------------------
clk                   5.000000    0.000000  2.500000

===========================================================================
report_clock_latency
============================================================================
Clock clk
rise -> rise
    min     max
0.000000 0.000000 source latency
1.313030         network latency _136_/CLK
        1.362117 network latency _138_/CLK
---------------
1.313030 1.362117 latency
        0.049087 skew

fall -> fall
    min     max
0.000000 0.000000 source latency
1.062106         network latency _136_/CLK
        1.099705 network latency _138_/CLK
---------------
1.062106 1.099705 latency
        0.037600 skew



===========================================================================
report_clock_min_period
============================================================================
clk period_min = 3.88 fmax = 257.47
