
===========================================================================
Violator List
============================================================================
[setup reg-out] _142_/Q -> sine_out[5] : -0.285262
[setup reg-out] _123_/Q -> sine_out[11] : -0.261175
[setup reg-out] _143_/Q -> sine_out[6] : -0.255302
[setup reg-out] _138_/Q -> sine_out[1] : -0.218267
[setup reg-out] _141_/Q -> sine_out[4] : -0.191699
[setup reg-out] _120_/Q -> sine_out[8] : -0.191385
[setup reg-out] _140_/Q -> sine_out[3] : -0.180474
[setup reg-out] _139_/Q -> sine_out[2] : -0.171430
[setup reg-out] _121_/Q -> sine_out[9] : -0.168084
[setup reg-out] _137_/Q -> sine_out[0] : -0.154642
[setup reg-out] _125_/Q -> sine_out[13] : -0.137018
[setup reg-out] _144_/Q -> sine_out[7] : -0.127396
[setup reg-out] _124_/Q -> sine_out[12] : -0.107131
[setup reg-out] _122_/Q -> sine_out[10] : -0.091603
[setup reg-out] _127_/Q -> sine_out[15] : -0.084843
[setup reg-out] _126_/Q -> sine_out[14] : -0.084619
[setup reg-reg] mem_i1/dout1[12] -> _124_/D : -0.019675
