[WARNING ORD-0039] .openroad ignored with -python
                                Cells by Master                                 
┏━━━━━━━━━━━━━━━━━━━━━━━━━━━━━━━━━━━━━━━━━━━━━━━━━━━━━━━━━━━━━━━━┳━━━━━━━━━━━━━┓
┃ Cell                                                           ┃ Count       ┃
┡━━━━━━━━━━━━━━━━━━━━━━━━━━━━━━━━━━━━━━━━━━━━━━━━━━━━━━━━━━━━━━━━╇━━━━━━━━━━━━━┩
│ ram256x16                                                      │ 2           │
│ sky130_ef_sc_hd__decap_12                                      │ 5882        │
│ sky130_fd_sc_hd__a21oi_1                                       │ 2           │
│ sky130_fd_sc_hd__a41o_1                                        │ 1           │
│ sky130_fd_sc_hd__and2_1                                        │ 1           │
│ sky130_fd_sc_hd__and2b_1                                       │ 1           │
│ sky130_fd_sc_hd__and3_1                                        │ 2           │
│ sky130_fd_sc_hd__and4_1                                        │ 1           │
│ sky130_fd_sc_hd__and4_2                                        │ 1           │
│ sky130_fd_sc_hd__buf_1                                         │ 2           │
│ sky130_fd_sc_hd__buf_2                                         │ 16          │
│ sky130_fd_sc_hd__buf_6                                         │ 2           │
│ sky130_fd_sc_hd__clkbuf_1                                      │ 18          │
│ sky130_fd_sc_hd__clkbuf_16                                     │ 5           │
│ sky130_fd_sc_hd__clkbuf_2                                      │ 44          │
│ sky130_fd_sc_hd__clkbuf_4                                      │ 2           │
│ sky130_fd_sc_hd__clkbuf_8                                      │ 1           │
│ sky130_fd_sc_hd__clkinv_4                                      │ 1           │
│ sky130_fd_sc_hd__conb_1                                        │ 2           │
│ sky130_fd_sc_hd__decap_3                                       │ 1190        │
│ sky130_fd_sc_hd__decap_4                                       │ 157         │
│ sky130_fd_sc_hd__decap_6                                       │ 1044        │
│ sky130_fd_sc_hd__decap_8                                       │ 324         │
│ sky130_fd_sc_hd__dfrtp_1                                       │ 16          │
│ sky130_fd_sc_hd__dfrtp_2                                       │ 1           │
│ sky130_fd_sc_hd__dfrtp_4                                       │ 8           │
│ sky130_fd_sc_hd__diode_2                                       │ 358         │
│ sky130_fd_sc_hd__dlymetal6s2s_1                                │ 2           │
│ sky130_fd_sc_hd__fill_1                                        │ 1356        │
│ sky130_fd_sc_hd__fill_2                                        │ 237         │
│ sky130_fd_sc_hd__inv_2                                         │ 26          │
│ sky130_fd_sc_hd__mux2_1                                        │ 16          │
│ sky130_fd_sc_hd__nor2_1                                        │ 4           │
│ sky130_fd_sc_hd__tapvpwrvgnd_1                                 │ 1530        │
│ sky130_fd_sc_hd__xor2_1                                        │ 4           │
└────────────────────────────────────────────────────────────────┴─────────────┘
                               Cells by Function                                
┏━━━━━━━━━━━━━━━━━━━━━━━━━━━━━━━━━━━━━━━━━━━━━━━━━━━━━━━━━━━━━━━┳━━━━━━━━━━━━━━┓
┃ Cell Function                                                 ┃ Count        ┃
┡━━━━━━━━━━━━━━━━━━━━━━━━━━━━━━━━━━━━━━━━━━━━━━━━━━━━━━━━━━━━━━━╇━━━━━━━━━━━━━━┩
│ sky130_ef_sc_hd__decap                                        │ 5882         │
│ sky130_fd_sc_hd__a21oi                                        │ 2            │
│ sky130_fd_sc_hd__a41o                                         │ 1            │
│ sky130_fd_sc_hd__and2                                         │ 1            │
│ sky130_fd_sc_hd__and2b                                        │ 1            │
│ sky130_fd_sc_hd__and3                                         │ 2            │
│ sky130_fd_sc_hd__and4                                         │ 2            │
│ sky130_fd_sc_hd__buf                                          │ 20           │
│ sky130_fd_sc_hd__clkbuf                                       │ 70           │
│ sky130_fd_sc_hd__clkinv                                       │ 1            │
│ sky130_fd_sc_hd__conb                                         │ 2            │
│ sky130_fd_sc_hd__decap                                        │ 2715         │
│ sky130_fd_sc_hd__dfrtp                                        │ 25           │
│ sky130_fd_sc_hd__diode                                        │ 358          │
│ sky130_fd_sc_hd__dlymetal6s2s                                 │ 2            │
│ sky130_fd_sc_hd__fill                                         │ 1593         │
│ sky130_fd_sc_hd__inv                                          │ 26           │
│ sky130_fd_sc_hd__mux2                                         │ 16           │
│ sky130_fd_sc_hd__nor2                                         │ 4            │
│ sky130_fd_sc_hd__tapvpwrvgnd                                  │ 1530         │
│ sky130_fd_sc_hd__xor2                                         │ 4            │
└───────────────────────────────────────────────────────────────┴──────────────┘
                                  Cells by SCL                                  
┏━━━━━━━━━━━━━━━━━━━━━━━━━━━━━━━━━━━━━━━━━━━━━━━━━━━━━━━┳━━━━━━━━━━━━━━━━━━━━━━┓
┃ SCL                                                   ┃ Count                ┃
┡━━━━━━━━━━━━━━━━━━━━━━━━━━━━━━━━━━━━━━━━━━━━━━━━━━━━━━━╇━━━━━━━━━━━━━━━━━━━━━━┩
│ sky130_ef_sc_hd                                       │ 5882                 │
│ sky130_fd_sc_hd                                       │ 6375                 │
└───────────────────────────────────────────────────────┴──────────────────────┘
                             Buffers by Cell Master                             
┏━━━━━━━━━━━━━━━━━━━━━━━━━━━━━━━━━━━━━━━━━━━━━━━━━━━━━━━━━━━━━━━━┳━━━━━━━━━━━━━┓
┃ Buffer                                                         ┃ Count       ┃
┡━━━━━━━━━━━━━━━━━━━━━━━━━━━━━━━━━━━━━━━━━━━━━━━━━━━━━━━━━━━━━━━━╇━━━━━━━━━━━━━┩
│ sky130_fd_sc_hd__buf_1                                         │ 2           │
│ sky130_fd_sc_hd__buf_2                                         │ 16          │
│ sky130_fd_sc_hd__buf_6                                         │ 2           │
│ sky130_fd_sc_hd__clkbuf_1                                      │ 18          │
│ sky130_fd_sc_hd__clkbuf_16                                     │ 5           │
│ sky130_fd_sc_hd__clkbuf_2                                      │ 44          │
│ sky130_fd_sc_hd__clkbuf_4                                      │ 2           │
│ sky130_fd_sc_hd__clkbuf_8                                      │ 1           │
│ sky130_fd_sc_hd__dlymetal6s2s_1                                │ 2           │
└────────────────────────────────────────────────────────────────┴─────────────┘
