Clock: clk
Sources: clk 
Generated: no
Virtual: yes
Propagated: no
Period: 10.000000

===========================================================================
report_clock_properties
============================================================================
Clock                   Period          Waveform
----------------------------------------------------
clk                  10.000000    0.000000  5.000000

===========================================================================
report_clock_latency
============================================================================
Clock clk
rise -> rise
    min     max
0.000000 0.000000 source latency
1.046738         network latency _084_/CLK
        1.089891 network latency _097_/CLK
---------------
1.046738 1.089891 latency
        0.043152 skew

fall -> fall
    min     max
0.000000 0.000000 source latency
0.885454         network latency _084_/CLK
        0.917823 network latency _097_/CLK
---------------
0.885454 0.917823 latency
        0.032369 skew



===========================================================================
report_clock_min_period
============================================================================
clk period_min = 3.26 fmax = 306.76
