Reading timing models for corner nom_tt_025C_1v80…
Reading timing library for the 'nom_tt_025C_1v80' corner at '/home/thanh/.volare/volare/sky130/versions/0fe599b2afb6708d281543108caf8310912f54af/sky130A/libs.ref/sky130_fd_sc_hd/lib/sky130_fd_sc_hd__tt_025C_1v80.lib'…
Reading timing library for the 'nom_tt_025C_1v80' corner at '/home/thanh/NCO/ram256x16/ram256x16_TT_1p8V_25C.lib'…
Reading timing models for corner nom_ff_n40C_1v95…
Reading timing library for the 'nom_ff_n40C_1v95' corner at '/home/thanh/.volare/volare/sky130/versions/0fe599b2afb6708d281543108caf8310912f54af/sky130A/libs.ref/sky130_fd_sc_hd/lib/sky130_fd_sc_hd__ff_n40C_1v95.lib'…
Reading timing library for the 'nom_ff_n40C_1v95' corner at '/home/thanh/NCO/ram256x16/ram256x16_TT_1p8V_25C.lib'…
[WARNING STA-1140] /home/thanh/NCO/ram256x16/ram256x16_TT_1p8V_25C.lib line 1, library ram256x16_TT_1p8V_25C_lib already exists.
Reading timing models for corner nom_ss_100C_1v60…
Reading timing library for the 'nom_ss_100C_1v60' corner at '/home/thanh/.volare/volare/sky130/versions/0fe599b2afb6708d281543108caf8310912f54af/sky130A/libs.ref/sky130_fd_sc_hd/lib/sky130_fd_sc_hd__ss_100C_1v60.lib'…
Reading timing library for the 'nom_ss_100C_1v60' corner at '/home/thanh/NCO/ram256x16/ram256x16_TT_1p8V_25C.lib'…
[WARNING STA-1140] /home/thanh/NCO/ram256x16/ram256x16_TT_1p8V_25C.lib line 1, library ram256x16_TT_1p8V_25C_lib already exists.
Reading OpenROAD database at '/home/thanh/NCO/runs/RUN_2025-03-05_08-05-37/33-openroad-detailedplacement/counter.odb'…
Reading design constraints file at '/home/thanh/NCO/counter.sdc'…
[INFO] Setting RC values…
[INFO] Configuring cts characterization…
[INFO] Performing clock tree synthesis…
[INFO] Looking for the following net(s): clk
[INFO] Running Clock Tree Synthesis…
[INFO CTS-0050] Root buffer is sky130_fd_sc_hd__clkbuf_16.
[INFO CTS-0051] Sink buffer is sky130_fd_sc_hd__clkbuf_8.
[INFO CTS-0052] The following clock buffers will be used for CTS:
                    sky130_fd_sc_hd__clkbuf_2
                    sky130_fd_sc_hd__clkbuf_4
                    sky130_fd_sc_hd__clkbuf_8
[INFO CTS-0049] Characterization buffer is sky130_fd_sc_hd__clkbuf_8.
[INFO CTS-0007] Net "clk" found for clock "clk".
[INFO CTS-0010]  Clock net "clk" has 29 sinks.
[INFO CTS-0008] TritonCTS found 1 clock nets.
[INFO CTS-0097] Characterization used 3 buffer(s) types.
[INFO CTS-0200] 0 placement blockages have been identified.
[INFO CTS-0201] 2 placed hard macros will be treated like blockages.
[INFO CTS-0027] Generating H-Tree topology for net clk.
[INFO CTS-0028]  Total number of sinks: 29.
[INFO CTS-0029]  Sinks will be clustered in groups of up to 25 and with maximum cluster diameter of 50.0 um.
[INFO CTS-0030]  Number of static layers: 0.
[INFO CTS-0020]  Wire segment unit: 13600  dbu (13 um).
[INFO CTS-0023]  Original sink region: [(80450, 50190), (479450, 668380)].
[INFO CTS-0024]  Normalized sink region: [(5.91544, 3.69044), (35.2537, 49.1456)].
[INFO CTS-0025]     Width:  29.3382.
[INFO CTS-0026]     Height: 45.4551.
 Level 1
    Direction: Vertical
    Sinks per sub-region: 15
    Sub-region size: 29.3382 X 22.7276
[INFO CTS-0034]     Segment length (rounded): 12.
 Level 2
    Direction: Horizontal
    Sinks per sub-region: 8
    Sub-region size: 14.6691 X 22.7276
[INFO CTS-0034]     Segment length (rounded): 8.
[INFO CTS-0032]  Stop criterion found. Max number of sinks is 15.
[INFO CTS-0035]  Number of sinks covered: 29.
[INFO CTS-0018]     Created 5 clock buffers.
[INFO CTS-0012]     Minimum number of buffers in the clock path: 2.
[INFO CTS-0013]     Maximum number of buffers in the clock path: 2.
[INFO CTS-0015]     Created 5 clock nets.
[INFO CTS-0016]     Fanout distribution for the current clock = 5:1, 6:1, 9:2..
[INFO CTS-0017]     Max level of the clock tree: 2.
[INFO CTS-0098] Clock net "clk"
[INFO CTS-0099]  Sinks 32
[INFO CTS-0100]  Leaf buffers 0
[INFO CTS-0101]  Average sink wire length 872.31 um
[INFO CTS-0102]  Path depth 2 - 2
[INFO CTS-0207]  Leaf load cells 3
[INFO] Repairing long wires on clock nets…
[INFO RSZ-0058] Using max wire length 6335um.
Setting global connections for newly added cells…
[INFO] Setting global connections...
mem_i.* matched with mem_i1_89
mem_i.* matched with mem_i0
mem_i.* matched with mem_i1
mem_i.* matched with mem_i0_88
Updating metrics…
Cell type report:                       Count       Area
  Macro                                     2  247030.69
  Fill cell                               962    3610.96
  Tap cell                               1530    1914.34
  Clock buffer                              6     132.63
  Timing Repair Buffer                     87     437.92
  Inverter                                 26      97.59
  Clock inverter                            2      26.28
  Sequential cell                          25     655.63
  Multi-Input combinational cell           35     302.79
  Total                                  2675  254208.82
Writing OpenROAD database to '/home/thanh/NCO/runs/RUN_2025-03-05_08-05-37/34-openroad-cts/counter.odb'…
Writing netlist to '/home/thanh/NCO/runs/RUN_2025-03-05_08-05-37/34-openroad-cts/counter.nl.v'…
Writing powered netlist to '/home/thanh/NCO/runs/RUN_2025-03-05_08-05-37/34-openroad-cts/counter.pnl.v'…
Writing layout to '/home/thanh/NCO/runs/RUN_2025-03-05_08-05-37/34-openroad-cts/counter.def'…
Writing timing constraints to '/home/thanh/NCO/runs/RUN_2025-03-05_08-05-37/34-openroad-cts/counter.sdc'…
[INFO] Legalizing…
Placement Analysis
---------------------------------
total displacement        163.9 u
average displacement        0.1 u
max displacement           64.6 u
original HPWL           23923.1 u
legalized HPWL          24260.9 u
delta HPWL                    1 %

[INFO DPL-0020] Mirrored 68 instances
[INFO DPL-0021] HPWL before           24260.9 u
[INFO DPL-0022] HPWL after            24086.6 u
[INFO DPL-0023] HPWL delta               -0.7 %
Setting global connections for newly added cells…
[INFO] Setting global connections...
mem_i.* matched with mem_i1_89
mem_i.* matched with mem_i0
mem_i.* matched with mem_i1
mem_i.* matched with mem_i0_88
Updating metrics…
Cell type report:                       Count       Area
  Macro                                     2  247030.69
  Fill cell                               962    3610.96
  Tap cell                               1530    1914.34
  Clock buffer                              6     132.63
  Timing Repair Buffer                     87     437.92
  Inverter                                 26      97.59
  Clock inverter                            2      26.28
  Sequential cell                          25     655.63
  Multi-Input combinational cell           35     302.79
  Total                                  2675  254208.82
Writing OpenROAD database to '/home/thanh/NCO/runs/RUN_2025-03-05_08-05-37/34-openroad-cts/counter.odb'…
Writing netlist to '/home/thanh/NCO/runs/RUN_2025-03-05_08-05-37/34-openroad-cts/counter.nl.v'…
Writing powered netlist to '/home/thanh/NCO/runs/RUN_2025-03-05_08-05-37/34-openroad-cts/counter.pnl.v'…
Writing layout to '/home/thanh/NCO/runs/RUN_2025-03-05_08-05-37/34-openroad-cts/counter.def'…
Writing timing constraints to '/home/thanh/NCO/runs/RUN_2025-03-05_08-05-37/34-openroad-cts/counter.sdc'…
%OL_CREATE_REPORT cts.rpt
[INFO CTS-0003] Total number of Clock Roots: 1.
[INFO CTS-0004] Total number of Buffers Inserted: 5.
[INFO CTS-0005] Total number of Clock Subnets: 5.
[INFO CTS-0006] Total number of Sinks: 29.
%OL_END_REPORT
