
===========================================================================
report_checks -unconstrained
===========================================================================
======================= max_ss_100C_1v60 Corner ===================================

Startpoint: rst (input port clocked by clk)
Endpoint: _089_ (recovery check against rising-edge clock clk)
Path Group: asynchronous
Path Type: max

Fanout         Cap        Slew       Delay        Time   Description
---------------------------------------------------------------------------------------------
                                  0.000000    0.000000   clock clk (rise edge)
                                  0.000000    0.000000   clock network delay (propagated)
                                  2.500000    2.500000 v input external delay
    24    0.103200    0.434897    0.314761    2.814761 v rst (in)
                                                         rst (net)
                      0.434897    0.000000    2.814761 v _065_/A (sky130_fd_sc_hd__inv_2)
     1    0.019649    0.196160    0.312297    3.127057 ^ _065_/Y (sky130_fd_sc_hd__inv_2)
                                                         _018_ (net)
                      0.196202    0.002725    3.129782 ^ _089_/RESET_B (sky130_fd_sc_hd__dfrtp_2)
                                              3.129782   data arrival time

                                  5.000000    5.000000   clock clk (rise edge)
                                  0.000000    5.000000   clock source latency
    26    0.062130    0.447385    0.298235    5.298235 ^ clk (in)
                                                         clk (net)
                      0.447385    0.000000    5.298235 ^ _089_/CLK (sky130_fd_sc_hd__dfrtp_2)
                                 -0.250000    5.048235   clock uncertainty
                                  0.000000    5.048235   clock reconvergence pessimism
                                  0.518145    5.566380   library recovery time
                                              5.566380   data required time
---------------------------------------------------------------------------------------------
                                              5.566380   data required time
                                             -3.129782   data arrival time
---------------------------------------------------------------------------------------------
                                              2.436598   slack (MET)


Startpoint: _100_ (rising edge-triggered flip-flop clocked by clk)
Endpoint: sine_out[0] (output port clocked by clk)
Path Group: clk
Path Type: max

Fanout         Cap        Slew       Delay        Time   Description
---------------------------------------------------------------------------------------------
                                  0.000000    0.000000   clock clk (rise edge)
                                  0.000000    0.000000   clock source latency
    26    0.062130    0.447385    0.298235    0.298235 ^ clk (in)
                                                         clk (net)
                      0.447385    0.000000    0.298235 ^ _100_/CLK (sky130_fd_sc_hd__dfrtp_2)
     1    0.000000    0.056121    0.918151    1.216386 v _100_/Q (sky130_fd_sc_hd__dfrtp_2)
                                                         sine_out[0] (net)
                      0.056121    0.000000    1.216386 v sine_out[0] (out)
                                              1.216386   data arrival time

                                  5.000000    5.000000   clock clk (rise edge)
                                  0.000000    5.000000   clock network delay (propagated)
                                 -0.250000    4.750000   clock uncertainty
                                  0.000000    4.750000   clock reconvergence pessimism
                                 -2.250000    2.500000   output external delay
                                              2.500000   data required time
---------------------------------------------------------------------------------------------
                                              2.500000   data required time
                                             -1.216386   data arrival time
---------------------------------------------------------------------------------------------
                                              1.283614   slack (MET)




===========================================================================
report_checks --slack_max -0.01
============================================================================
======================= max_ss_100C_1v60 Corner ===================================

No paths found.


===========================================================================
 report_check_types -max_slew -max_cap -max_fanout -violators
============================================================================
======================= max_ss_100C_1v60 Corner ===================================

max slew

Pin                                        Limit        Slew       Slack
------------------------------------------------------------------------
rst                                     0.040000    0.795200   -0.755200 (VIOLATED)
_041_/A                                 0.040000    0.795200   -0.755200 (VIOLATED)
_056_/A                                 0.040000    0.795200   -0.755200 (VIOLATED)
_057_/A                                 0.040000    0.795200   -0.755200 (VIOLATED)
_058_/A                                 0.040000    0.795200   -0.755200 (VIOLATED)
_059_/A                                 0.040000    0.795200   -0.755200 (VIOLATED)
_060_/A                                 0.040000    0.795200   -0.755200 (VIOLATED)
_061_/A                                 0.040000    0.795200   -0.755200 (VIOLATED)
_062_/A                                 0.040000    0.795200   -0.755200 (VIOLATED)
_063_/A                                 0.040000    0.795200   -0.755200 (VIOLATED)
_064_/A                                 0.040000    0.795200   -0.755200 (VIOLATED)
_065_/A                                 0.040000    0.795200   -0.755200 (VIOLATED)
_066_/A                                 0.040000    0.795200   -0.755200 (VIOLATED)
_067_/A                                 0.040000    0.795200   -0.755200 (VIOLATED)
_068_/A                                 0.040000    0.795200   -0.755200 (VIOLATED)
_069_/A                                 0.040000    0.795200   -0.755200 (VIOLATED)
_070_/A                                 0.040000    0.795200   -0.755200 (VIOLATED)
_071_/A                                 0.040000    0.795200   -0.755200 (VIOLATED)
_072_/A                                 0.040000    0.795200   -0.755200 (VIOLATED)
_073_/A                                 0.040000    0.795200   -0.755200 (VIOLATED)
_074_/A                                 0.040000    0.795200   -0.755200 (VIOLATED)
_075_/A                                 0.040000    0.795200   -0.755200 (VIOLATED)
_076_/A                                 0.040000    0.795200   -0.755200 (VIOLATED)
_077_/A                                 0.040000    0.795200   -0.755200 (VIOLATED)
_078_/A                                 0.040000    0.795200   -0.755200 (VIOLATED)
mem_i/clk0                              0.040000    0.596514   -0.556514 (VIOLATED)
mem_i/clk1                              0.040000    0.596514   -0.556514 (VIOLATED)
clk                                     0.040000    0.447385   -0.407385 (VIOLATED)
_079_/CLK                               0.040000    0.447385   -0.407385 (VIOLATED)
_080_/CLK                               0.040000    0.447385   -0.407385 (VIOLATED)
_081_/CLK                               0.040000    0.447385   -0.407385 (VIOLATED)
_082_/CLK                               0.040000    0.447385   -0.407385 (VIOLATED)
_083_/CLK                               0.040000    0.447385   -0.407385 (VIOLATED)
_084_/CLK                               0.040000    0.447385   -0.407385 (VIOLATED)
_085_/CLK                               0.040000    0.447385   -0.407385 (VIOLATED)
_086_/CLK                               0.040000    0.447385   -0.407385 (VIOLATED)
_087_/CLK                               0.040000    0.447385   -0.407385 (VIOLATED)
_088_/CLK                               0.040000    0.447385   -0.407385 (VIOLATED)
_089_/CLK                               0.040000    0.447385   -0.407385 (VIOLATED)
_090_/CLK                               0.040000    0.447385   -0.407385 (VIOLATED)
_091_/CLK                               0.040000    0.447385   -0.407385 (VIOLATED)
_092_/CLK                               0.040000    0.447385   -0.407385 (VIOLATED)
_093_/CLK                               0.040000    0.447385   -0.407385 (VIOLATED)
_094_/CLK                               0.040000    0.447385   -0.407385 (VIOLATED)
_095_/CLK                               0.040000    0.447385   -0.407385 (VIOLATED)
_096_/CLK                               0.040000    0.447385   -0.407385 (VIOLATED)
_097_/CLK                               0.040000    0.447385   -0.407385 (VIOLATED)
_098_/CLK                               0.040000    0.447385   -0.407385 (VIOLATED)
_099_/CLK                               0.040000    0.447385   -0.407385 (VIOLATED)
_100_/CLK                               0.040000    0.447385   -0.407385 (VIOLATED)
_101_/CLK                               0.040000    0.447385   -0.407385 (VIOLATED)
_102_/CLK                               0.040000    0.447385   -0.407385 (VIOLATED)
_053_/A1                                0.040000    0.380089   -0.340089 (VIOLATED)
_052_/B                                 0.040000    0.380084   -0.340084 (VIOLATED)
_051_/A1_N                              0.040000    0.380068   -0.340068 (VIOLATED)
_048_/C                                 0.040000    0.380047   -0.340047 (VIOLATED)
_046_/B                                 0.040000    0.380034   -0.340034 (VIOLATED)
_047_/B                                 0.040000    0.380014   -0.340014 (VIOLATED)
_045_/A                                 0.040000    0.379964   -0.339964 (VIOLATED)
_043_/X                                 0.040000    0.379949   -0.339949 (VIOLATED)
mem_i/addr1[0]                          0.040000    0.315348   -0.275348 (VIOLATED)
mem_i/addr1[3]                          0.040000    0.285475   -0.245475 (VIOLATED)
mem_i/addr1[1]                          0.040000    0.270475   -0.230475 (VIOLATED)
mem_i/addr1[4]                          0.040000    0.242520   -0.202520 (VIOLATED)
_040_/A                                 0.040000    0.236511   -0.196511 (VIOLATED)
_042_/A                                 0.040000    0.236511   -0.196511 (VIOLATED)
_043_/A                                 0.040000    0.236511   -0.196511 (VIOLATED)
_044_/A1                                0.040000    0.236511   -0.196511 (VIOLATED)
_092_/Q                                 0.040000    0.236511   -0.196511 (VIOLATED)
_044_/Y                                 0.040000    0.227059   -0.187059 (VIOLATED)
_045_/B                                 0.040000    0.227059   -0.187059 (VIOLATED)
mem_i/addr1[7]                          0.040000    0.219146   -0.179146 (VIOLATED)
_046_/A                                 0.040000    0.214106   -0.174106 (VIOLATED)
_047_/A                                 0.040000    0.214106   -0.174106 (VIOLATED)
_048_/A                                 0.040000    0.214106   -0.174106 (VIOLATED)
_050_/A                                 0.040000    0.214106   -0.174106 (VIOLATED)
_095_/Q                                 0.040000    0.214106   -0.174106 (VIOLATED)
_089_/RESET_B                           0.040000    0.205804   -0.165804 (VIOLATED)
_065_/Y                                 0.040000    0.205793   -0.165793 (VIOLATED)
_042_/B                                 0.040000    0.202856   -0.162856 (VIOLATED)
_043_/B                                 0.040000    0.202856   -0.162856 (VIOLATED)
_044_/A2                                0.040000    0.202856   -0.162856 (VIOLATED)
_093_/Q                                 0.040000    0.202856   -0.162856 (VIOLATED)
mem_i/addr1[2]                          0.040000    0.190692   -0.150692 (VIOLATED)
mem_i/addr1[6]                          0.040000    0.189533   -0.149533 (VIOLATED)
_048_/B                                 0.040000    0.181890   -0.141890 (VIOLATED)
_049_/A                                 0.040000    0.181890   -0.141890 (VIOLATED)
_050_/B                                 0.040000    0.181890   -0.141890 (VIOLATED)
_096_/Q                                 0.040000    0.181890   -0.141890 (VIOLATED)
_055_/B                                 0.040000    0.180441   -0.140441 (VIOLATED)
_052_/X                                 0.040000    0.180437   -0.140437 (VIOLATED)
_054_/A                                 0.040000    0.180437   -0.140437 (VIOLATED)
_054_/B                                 0.040000    0.173202   -0.133202 (VIOLATED)
_053_/Y                                 0.040000    0.173202   -0.133202 (VIOLATED)
_049_/Y                                 0.040000    0.172140   -0.132140 (VIOLATED)
_096_/D                                 0.040000    0.172140   -0.132140 (VIOLATED)
mem_i/addr1[5]                          0.040000    0.166374   -0.126374 (VIOLATED)
_055_/A                                 0.040000    0.164359   -0.124359 (VIOLATED)
_099_/Q                                 0.040000    0.164359   -0.124359 (VIOLATED)
_055_/X                                 0.040000    0.148252   -0.108252 (VIOLATED)
_099_/D                                 0.040000    0.148252   -0.108252 (VIOLATED)
_047_/X                                 0.040000    0.147577   -0.107577 (VIOLATED)
_095_/D                                 0.040000    0.147577   -0.107577 (VIOLATED)
_097_/RESET_B                           0.040000    0.147096   -0.107096 (VIOLATED)
_073_/Y                                 0.040000    0.147095   -0.107095 (VIOLATED)
_053_/A2                                0.040000    0.146640   -0.106640 (VIOLATED)
_050_/X                                 0.040000    0.146639   -0.106639 (VIOLATED)
_051_/A2_N                              0.040000    0.146639   -0.106639 (VIOLATED)
_052_/C                                 0.040000    0.146639   -0.106639 (VIOLATED)
_099_/RESET_B                           0.040000    0.146566   -0.106566 (VIOLATED)
_075_/Y                                 0.040000    0.146566   -0.106566 (VIOLATED)
_095_/RESET_B                           0.040000    0.145374   -0.105374 (VIOLATED)
_071_/Y                                 0.040000    0.145374   -0.105374 (VIOLATED)
_094_/RESET_B                           0.040000    0.145136   -0.105136 (VIOLATED)
_070_/Y                                 0.040000    0.145136   -0.105136 (VIOLATED)
_102_/RESET_B                           0.040000    0.144764   -0.104764 (VIOLATED)
_078_/Y                                 0.040000    0.144763   -0.104763 (VIOLATED)
_098_/RESET_B                           0.040000    0.144560   -0.104560 (VIOLATED)
_074_/Y                                 0.040000    0.144559   -0.104559 (VIOLATED)
_096_/RESET_B                           0.040000    0.143841   -0.103841 (VIOLATED)
_072_/Y                                 0.040000    0.143840   -0.103840 (VIOLATED)
_079_/RESET_B                           0.040000    0.143390   -0.103390 (VIOLATED)
_041_/Y                                 0.040000    0.143389   -0.103389 (VIOLATED)
_043_/C                                 0.040000    0.143019   -0.103019 (VIOLATED)
_044_/B1                                0.040000    0.143019   -0.103019 (VIOLATED)
_094_/Q                                 0.040000    0.143019   -0.103019 (VIOLATED)
_052_/A                                 0.040000    0.142150   -0.102150 (VIOLATED)
_053_/B1                                0.040000    0.142150   -0.102150 (VIOLATED)
_098_/Q                                 0.040000    0.142150   -0.102150 (VIOLATED)
_100_/RESET_B                           0.040000    0.142063   -0.102063 (VIOLATED)
_076_/Y                                 0.040000    0.142063   -0.102063 (VIOLATED)
_081_/RESET_B                           0.040000    0.141290   -0.101290 (VIOLATED)
_057_/Y                                 0.040000    0.141290   -0.101290 (VIOLATED)
_042_/X                                 0.040000    0.141258   -0.101258 (VIOLATED)
_093_/D                                 0.040000    0.141258   -0.101258 (VIOLATED)
_101_/RESET_B                           0.040000    0.140331   -0.100331 (VIOLATED)
_077_/Y                                 0.040000    0.140331   -0.100331 (VIOLATED)
_092_/RESET_B                           0.040000    0.140064   -0.100064 (VIOLATED)
_068_/Y                                 0.040000    0.140063   -0.100063 (VIOLATED)
_093_/RESET_B                           0.040000    0.137281   -0.097281 (VIOLATED)
_069_/Y                                 0.040000    0.137281   -0.097281 (VIOLATED)
_056_/Y                                 0.040000    0.134368   -0.094368 (VIOLATED)
_080_/RESET_B                           0.040000    0.134368   -0.094368 (VIOLATED)
_059_/Y                                 0.040000    0.133365   -0.093365 (VIOLATED)
_083_/RESET_B                           0.040000    0.133365   -0.093365 (VIOLATED)
_058_/Y                                 0.040000    0.132281   -0.092281 (VIOLATED)
_082_/RESET_B                           0.040000    0.132281   -0.092281 (VIOLATED)
_067_/Y                                 0.040000    0.131563   -0.091563 (VIOLATED)
_091_/RESET_B                           0.040000    0.131563   -0.091563 (VIOLATED)
mem_i/addr0[5]                          0.040000    0.131320   -0.091320 (VIOLATED)
_060_/Y                                 0.040000    0.130706   -0.090706 (VIOLATED)
_084_/RESET_B                           0.040000    0.130706   -0.090706 (VIOLATED)
mem_i/addr0[7]                          0.040000    0.130427   -0.090427 (VIOLATED)
mem_i/addr0[3]                          0.040000    0.130149   -0.090149 (VIOLATED)
mem_i/csb0                              0.040000    0.129623   -0.089623 (VIOLATED)
mem_i/addr0[6]                          0.040000    0.129617   -0.089617 (VIOLATED)
mem_i/addr0[4]                          0.040000    0.129313   -0.089313 (VIOLATED)
mem_i/addr0[2]                          0.040000    0.128766   -0.088766 (VIOLATED)
mem_i/din0[3]                           0.040000    0.127764   -0.087764 (VIOLATED)
mem_i/din0[9]                           0.040000    0.126971   -0.086971 (VIOLATED)
_064_/Y                                 0.040000    0.126820   -0.086820 (VIOLATED)
_088_/RESET_B                           0.040000    0.126820   -0.086820 (VIOLATED)
mem_i/din0[14]                          0.040000    0.126699   -0.086699 (VIOLATED)
_066_/Y                                 0.040000    0.126346   -0.086346 (VIOLATED)
_090_/RESET_B                           0.040000    0.126346   -0.086346 (VIOLATED)
mem_i/addr0[0]                          0.040000    0.126231   -0.086231 (VIOLATED)
mem_i/din0[13]                          0.040000    0.125481   -0.085481 (VIOLATED)
mem_i/addr0[1]                          0.040000    0.125359   -0.085359 (VIOLATED)
mem_i/din0[8]                           0.040000    0.125204   -0.085204 (VIOLATED)
mem_i/din0[7]                           0.040000    0.125091   -0.085091 (VIOLATED)
mem_i/din0[0]                           0.040000    0.124911   -0.084911 (VIOLATED)
mem_i/din0[2]                           0.040000    0.124807   -0.084807 (VIOLATED)
_050_/C                                 0.040000    0.124780   -0.084780 (VIOLATED)
_051_/B2                                0.040000    0.124780   -0.084780 (VIOLATED)
_097_/Q                                 0.040000    0.124780   -0.084780 (VIOLATED)
mem_i/din0[5]                           0.040000    0.124668   -0.084668 (VIOLATED)
mem_i/din0[10]                          0.040000    0.124572   -0.084572 (VIOLATED)
mem_i/din0[15]                          0.040000    0.124530   -0.084530 (VIOLATED)
mem_i/din0[6]                           0.040000    0.124411   -0.084411 (VIOLATED)
_062_/Y                                 0.040000    0.124337   -0.084337 (VIOLATED)
_086_/RESET_B                           0.040000    0.124337   -0.084337 (VIOLATED)
mem_i/din0[11]                          0.040000    0.124310   -0.084310 (VIOLATED)
mem_i/din0[12]                          0.040000    0.124306   -0.084305 (VIOLATED)
mem_i/din0[1]                           0.040000    0.124306   -0.084305 (VIOLATED)
mem_i/din0[4]                           0.040000    0.124300   -0.084300 (VIOLATED)
_061_/Y                                 0.040000    0.124130   -0.084130 (VIOLATED)
_085_/RESET_B                           0.040000    0.124130   -0.084130 (VIOLATED)
_063_/Y                                 0.040000    0.122724   -0.082724 (VIOLATED)
_087_/RESET_B                           0.040000    0.122724   -0.082724 (VIOLATED)
_046_/Y                                 0.040000    0.114859   -0.074859 (VIOLATED)
_049_/B                                 0.040000    0.114859   -0.074859 (VIOLATED)
_045_/Y                                 0.040000    0.110513   -0.070513 (VIOLATED)
_094_/D                                 0.040000    0.110513   -0.070513 (VIOLATED)
_054_/Y                                 0.040000    0.101405   -0.061405 (VIOLATED)
_098_/D                                 0.040000    0.101405   -0.061405 (VIOLATED)
addr0[5]                                0.040000    0.098490   -0.058490 (VIOLATED)
addr0[7]                                0.040000    0.097821   -0.057821 (VIOLATED)
addr0[3]                                0.040000    0.097612   -0.057612 (VIOLATED)
csb0                                    0.040000    0.097217   -0.057217 (VIOLATED)
addr0[6]                                0.040000    0.097212   -0.057212 (VIOLATED)
addr0[4]                                0.040000    0.096985   -0.056985 (VIOLATED)
addr0[2]                                0.040000    0.096575   -0.056575 (VIOLATED)
din0[3]                                 0.040000    0.095818   -0.055818 (VIOLATED)
din0[9]                                 0.040000    0.095220   -0.055220 (VIOLATED)
din0[14]                                0.040000    0.095015   -0.055015 (VIOLATED)
addr0[0]                                0.040000    0.094663   -0.054663 (VIOLATED)
din0[13]                                0.040000    0.094107   -0.054107 (VIOLATED)
addr0[1]                                0.040000    0.094015   -0.054015 (VIOLATED)
din0[8]                                 0.040000    0.093899   -0.053899 (VIOLATED)
din0[7]                                 0.040000    0.093814   -0.053814 (VIOLATED)
din0[0]                                 0.040000    0.093679   -0.053679 (VIOLATED)
din0[2]                                 0.040000    0.093602   -0.053602 (VIOLATED)
din0[5]                                 0.040000    0.093496   -0.053496 (VIOLATED)
din0[10]                                0.040000    0.093425   -0.053425 (VIOLATED)
din0[15]                                0.040000    0.093394   -0.053394 (VIOLATED)
din0[6]                                 0.040000    0.093304   -0.053304 (VIOLATED)
din0[11]                                0.040000    0.093228   -0.053228 (VIOLATED)
din0[12]                                0.040000    0.093225   -0.053225 (VIOLATED)
din0[1]                                 0.040000    0.093225   -0.053225 (VIOLATED)
din0[4]                                 0.040000    0.093220   -0.053220 (VIOLATED)
_051_/X                                 0.040000    0.082819   -0.042819 (VIOLATED)
_097_/D                                 0.040000    0.082819   -0.042819 (VIOLATED)
_048_/X                                 0.040000    0.079143   -0.039143 (VIOLATED)
_051_/B1                                0.040000    0.079143   -0.039143 (VIOLATED)
_040_/Y                                 0.040000    0.057032   -0.017032 (VIOLATED)
_092_/D                                 0.040000    0.057032   -0.017032 (VIOLATED)
sine_out[0]                             0.040000    0.056121   -0.016121 (VIOLATED)
sine_out[10]                            0.040000    0.056121   -0.016121 (VIOLATED)
sine_out[11]                            0.040000    0.056121   -0.016121 (VIOLATED)
sine_out[12]                            0.040000    0.056121   -0.016121 (VIOLATED)
sine_out[13]                            0.040000    0.056121   -0.016121 (VIOLATED)
sine_out[14]                            0.040000    0.056121   -0.016121 (VIOLATED)
sine_out[15]                            0.040000    0.056121   -0.016121 (VIOLATED)
sine_out[1]                             0.040000    0.056121   -0.016121 (VIOLATED)
sine_out[2]                             0.040000    0.056121   -0.016121 (VIOLATED)
sine_out[3]                             0.040000    0.056121   -0.016121 (VIOLATED)
sine_out[4]                             0.040000    0.056121   -0.016121 (VIOLATED)
sine_out[5]                             0.040000    0.056121   -0.016121 (VIOLATED)
sine_out[6]                             0.040000    0.056121   -0.016121 (VIOLATED)
sine_out[7]                             0.040000    0.056121   -0.016121 (VIOLATED)
sine_out[8]                             0.040000    0.056121   -0.016121 (VIOLATED)
sine_out[9]                             0.040000    0.056121   -0.016121 (VIOLATED)
_079_/Q                                 0.040000    0.056121   -0.016121 (VIOLATED)
_080_/Q                                 0.040000    0.056121   -0.016121 (VIOLATED)
_081_/Q                                 0.040000    0.056121   -0.016121 (VIOLATED)
_082_/Q                                 0.040000    0.056121   -0.016121 (VIOLATED)
_083_/Q                                 0.040000    0.056121   -0.016121 (VIOLATED)
_084_/Q                                 0.040000    0.056121   -0.016121 (VIOLATED)
_085_/Q                                 0.040000    0.056121   -0.016121 (VIOLATED)
_086_/Q                                 0.040000    0.056121   -0.016121 (VIOLATED)
_087_/Q                                 0.040000    0.056121   -0.016121 (VIOLATED)
_088_/Q                                 0.040000    0.056121   -0.016121 (VIOLATED)
_089_/Q                                 0.040000    0.056121   -0.016121 (VIOLATED)
_090_/Q                                 0.040000    0.056121   -0.016121 (VIOLATED)
_091_/Q                                 0.040000    0.056121   -0.016121 (VIOLATED)
_100_/Q                                 0.040000    0.056121   -0.016121 (VIOLATED)
_101_/Q                                 0.040000    0.056121   -0.016121 (VIOLATED)
_102_/Q                                 0.040000    0.056121   -0.016121 (VIOLATED)

max fanout

Pin                                   Limit Fanout  Slack
---------------------------------------------------------
clk                                      10     26    -16 (VIOLATED)
rst                                      10     24    -14 (VIOLATED)



===========================================================================
report_parasitic_annotation -report_unannotated
============================================================================
Found 2 unannotated drivers.
 _103_/HI
 _103_/LO
Found 50 partially unannotated drivers.
 clk
  _079_/CLK
  _080_/CLK
  _081_/CLK
  _082_/CLK
  _083_/CLK
  _084_/CLK
  _085_/CLK
  _086_/CLK
  _087_/CLK
  _088_/CLK
  _089_/CLK
  _090_/CLK
  _091_/CLK
  _092_/CLK
  _093_/CLK
  _094_/CLK
  _095_/CLK
  _096_/CLK
  _097_/CLK
  _098_/CLK
  _099_/CLK
  _100_/CLK
  _101_/CLK
  _102_/CLK
  mem_i/clk0
  mem_i/clk1
 rst
  _041_/A
  _056_/A
  _057_/A
  _058_/A
  _059_/A
  _060_/A
  _061_/A
  _062_/A
  _063_/A
  _064_/A
  _065_/A
  _066_/A
  _067_/A
  _068_/A
  _069_/A
  _070_/A
  _071_/A
  _072_/A
  _073_/A
  _074_/A
  _075_/A
  _076_/A
  _077_/A
  _078_/A
 _040_/Y
  _092_/D
 _042_/X
  _093_/D
 _045_/Y
  _094_/D
 _047_/X
  _095_/D
 _049_/Y
  _096_/D
 _051_/X
  _097_/D
 _054_/Y
  _098_/D
 _055_/X
  _099_/D
 _079_/Q
  sine_out[3]
 _080_/Q
  sine_out[4]
 _081_/Q
  sine_out[5]
 _082_/Q
  sine_out[6]
 _083_/Q
  sine_out[7]
 _084_/Q
  sine_out[8]
 _085_/Q
  sine_out[9]
 _086_/Q
  sine_out[10]
 _087_/Q
  sine_out[11]
 _088_/Q
  sine_out[12]
 _089_/Q
  sine_out[13]
 _090_/Q
  sine_out[14]
 _091_/Q
  sine_out[15]
 _092_/Q
  _040_/A
  _042_/A
  _043_/A
  _044_/A1
  mem_i/addr1[0]
 _093_/Q
  _042_/B
  _043_/B
  _044_/A2
  mem_i/addr1[1]
 _094_/Q
  _043_/C
  _044_/B1
  mem_i/addr1[2]
 _095_/Q
  _046_/A
  _047_/A
  _048_/A
  _050_/A
  mem_i/addr1[3]
 _096_/Q
  _048_/B
  _049_/A
  _050_/B
  mem_i/addr1[4]
 _097_/Q
  _050_/C
  _051_/B2
  mem_i/addr1[5]
 _098_/Q
  _052_/A
  _053_/B1
  mem_i/addr1[6]
 _099_/Q
  _055_/A
  mem_i/addr1[7]
 _100_/Q
  sine_out[0]
 _101_/Q
  sine_out[1]
 _102_/Q
  sine_out[2]
 mem_i/dout1[0]
  _100_/D
 mem_i/dout1[10]
  _086_/D
 mem_i/dout1[11]
  _087_/D
 mem_i/dout1[12]
  _088_/D
 mem_i/dout1[13]
  _089_/D
 mem_i/dout1[14]
  _090_/D
 mem_i/dout1[15]
  _091_/D
 mem_i/dout1[1]
  _101_/D
 mem_i/dout1[2]
  _102_/D
 mem_i/dout1[3]
  _079_/D
 mem_i/dout1[4]
  _080_/D
 mem_i/dout1[5]
  _081_/D
 mem_i/dout1[6]
  _082_/D
 mem_i/dout1[7]
  _083_/D
 mem_i/dout1[8]
  _084_/D
 mem_i/dout1[9]
  _085_/D

===========================================================================
max slew violation count 258
max fanout violation count 2
max cap violation count 0
============================================================================

===========================================================================
check_setup -verbose -unconstrained_endpoints -multiple_clock -no_clock -no_input_delay -loops -generated_clocks
===========================================================================
Warning: There is 1 unconstrained endpoint.
  mem_i/csb1
