Clock: clk
Sources: clk 
Generated: no
Virtual: yes
Propagated: no
Period: 10.000000

===========================================================================
report_clock_properties
============================================================================
Clock                   Period          Waveform
----------------------------------------------------
clk                  10.000000    0.000000  5.000000

===========================================================================
report_clock_latency
============================================================================
Clock clk
rise -> rise
    min     max
0.000000 0.000000 source latency
0.413617         network latency _084_/CLK
        0.436993 network latency _097_/CLK
---------------
0.413617 0.436993 latency
        0.023376 skew

fall -> fall
    min     max
0.000000 0.000000 source latency
0.334141         network latency _084_/CLK
        0.351218 network latency _097_/CLK
---------------
0.334141 0.351218 latency
        0.017077 skew



===========================================================================
report_clock_min_period
============================================================================
clk period_min = 1.14 fmax = 879.58
