Clock: clk
Sources: clk 
Generated: no
Virtual: yes
Propagated: no
Period: 10.000000

===========================================================================
report_clock_properties
============================================================================
Clock                   Period          Waveform
----------------------------------------------------
clk                  10.000000    0.000000  5.000000

===========================================================================
report_clock_latency
============================================================================
Clock clk
rise -> rise
    min     max
0.000000 0.000000 source latency
1.095035         network latency _091_/CLK
        1.113466 network latency _097_/CLK
---------------
1.095035 1.113466 latency
        0.018431 skew

fall -> fall
    min     max
0.000000 0.000000 source latency
0.927084         network latency _091_/CLK
        0.938748 network latency _097_/CLK
---------------
0.927084 0.938748 latency
        0.011664 skew



===========================================================================
report_clock_min_period
============================================================================
clk period_min = 3.27 fmax = 305.43
