Clock: clk
Sources: clk 
Generated: no
Virtual: yes
Propagated: no
Period: 5.000000

===========================================================================
report_clock_properties
============================================================================
Clock                   Period          Waveform
----------------------------------------------------
clk                   5.000000    0.000000  2.500000

===========================================================================
report_clock_latency
============================================================================
Clock clk
rise -> rise
    min     max
0.000000 0.000000 source latency
1.219075         network latency mem_i0/clk1
        1.268975 network latency mem_i1/clk1
---------------
1.219075 1.268975 latency
        0.049900 skew

fall -> fall
    min     max
0.000000 0.000000 source latency
1.011495         network latency mem_i0/clk1
        1.049888 network latency mem_i1/clk1
---------------
1.011495 1.049888 latency
        0.038393 skew



===========================================================================
report_clock_min_period
============================================================================
clk period_min = 3.40 fmax = 294.47
