Reading OpenROAD database at '/home/thanh/NCO/runs/RUN_2025-03-02_13-13-21/24-openroad-ioplacement/counter.odb'…
Reading library file at '/home/thanh/.volare/volare/sky130/versions/0fe599b2afb6708d281543108caf8310912f54af/sky130A/libs.ref/sky130_fd_sc_hd/lib/sky130_fd_sc_hd__tt_025C_1v80.lib'…
Reading design constraints file at '/nix/store/ss2cw3sxbrwwx9jl0rrppbw4kgcmgi2n-python3-3.11.9-env/lib/python3.11/site-packages/openlane/scripts/base.sdc'…
[INFO] Using clock clk…
[INFO] Setting output delay to: 2
[INFO] Setting input delay to: 2
[INFO] Setting load to: 0.033442
[INFO] Setting clock uncertainty to: 0.25
[INFO] Setting clock transition to: 0.1499999999999999944488848768742172978818416595458984375
[INFO] Setting timing derate to: 5%
[INFO] Setting RC values…
[INFO] Setting signal min routing layer to: met1 and clock min routing layer to met1. 
[INFO] Setting signal max routing layer to: met5 and clock max routing layer to met5. 
+ global_placement -density 0.633367 -timing_driven -routability_driven -pad_right 0 -pad_left 0 -init_wirelength_coef 0.25
[INFO GPL-0002] DBU: 1000
[INFO GPL-0003] SiteSize: (  0.460  2.720 ) um
[INFO GPL-0004] CoreBBox: (  5.520 10.880 ) ( 92.460 95.200 ) um
[INFO GPL-0006] NumInstances:               572
[INFO GPL-0007] NumPlaceInstances:          411
[INFO GPL-0008] NumFixedInstances:          161
[INFO GPL-0009] NumDummyInstances:            0
[INFO GPL-0010] NumNets:                    413
[INFO GPL-0011] NumPins:                   1706
[INFO GPL-0012] DieBBox:  (  0.000  0.000 ) ( 98.060 108.780 ) um
[INFO GPL-0013] CoreBBox: (  5.520 10.880 ) ( 92.460 95.200 ) um
[INFO GPL-0016] CoreArea:              7330.781 um^2
[INFO GPL-0017] NonPlaceInstsArea:      356.592 um^2
[INFO GPL-0018] PlaceInstsArea:        3786.131 um^2
[INFO GPL-0019] Util:                    54.288 %
[INFO GPL-0020] StdInstsArea:          3786.131 um^2
[INFO GPL-0021] MacroInstsArea:           0.000 um^2
[InitialPlace]  Iter: 1 CG residual: 0.00000009 HPWL: 12179267
[InitialPlace]  Iter: 2 CG residual: 0.00000011 HPWL: 4348424
[InitialPlace]  Iter: 3 CG residual: 0.00000005 HPWL: 4298398
[InitialPlace]  Iter: 4 CG residual: 0.00000008 HPWL: 4318574
[InitialPlace]  Iter: 5 CG residual: 0.00000007 HPWL: 4302177
[INFO GPL-0031] FillerInit:NumGCells:       481
[INFO GPL-0032] FillerInit:NumGNets:        413
[INFO GPL-0033] FillerInit:NumGPins:       1706
[INFO GPL-0023] TargetDensity:            0.633
[INFO GPL-0024] AvrgPlaceInstArea:        9.212 um^2
[INFO GPL-0025] IdealBinArea:            14.544 um^2
[INFO GPL-0026] IdealBinCnt:                504
[INFO GPL-0027] TotalBinArea:          7330.781 um^2
[INFO GPL-0028] BinCnt:        16     16
[INFO GPL-0029] BinSize: (  5.434  5.270 )
[INFO GPL-0030] NumBins: 256
[NesterovSolve] Iter:    1 overflow: 0.925 HPWL: 2040819
[NesterovSolve] Iter:   10 overflow: 0.865 HPWL: 2795780
[NesterovSolve] Iter:   20 overflow: 0.865 HPWL: 2780687
[NesterovSolve] Iter:   30 overflow: 0.863 HPWL: 2777498
[NesterovSolve] Iter:   40 overflow: 0.860 HPWL: 2780071
[NesterovSolve] Iter:   50 overflow: 0.861 HPWL: 2781538
[NesterovSolve] Iter:   60 overflow: 0.861 HPWL: 2781731
[NesterovSolve] Iter:   70 overflow: 0.861 HPWL: 2783647
[NesterovSolve] Iter:   80 overflow: 0.860 HPWL: 2784749
[NesterovSolve] Iter:   90 overflow: 0.860 HPWL: 2787496
[NesterovSolve] Iter:  100 overflow: 0.860 HPWL: 2792124
[NesterovSolve] Iter:  110 overflow: 0.859 HPWL: 2800281
[NesterovSolve] Iter:  120 overflow: 0.857 HPWL: 2813830
[NesterovSolve] Iter:  130 overflow: 0.855 HPWL: 2835184
[NesterovSolve] Iter:  140 overflow: 0.853 HPWL: 2869470
[NesterovSolve] Iter:  150 overflow: 0.849 HPWL: 2922440
[NesterovSolve] Iter:  160 overflow: 0.845 HPWL: 3014146
[NesterovSolve] Iter:  170 overflow: 0.837 HPWL: 3162812
[NesterovSolve] Iter:  180 overflow: 0.822 HPWL: 3366668
[NesterovSolve] Iter:  190 overflow: 0.808 HPWL: 3664059
[NesterovSolve] Iter:  200 overflow: 0.785 HPWL: 3972859
[INFO GPL-0100] Timing-driven: executing resizer for reweighting nets.
[INFO GPL-0101] Timing-driven: worst slack 4.88e-09
[INFO GPL-0103] Timing-driven: weighted 41 nets.
[NesterovSolve] Iter:  210 overflow: 0.762 HPWL: 4341427
[NesterovSolve] Iter:  220 overflow: 0.728 HPWL: 4735281
[NesterovSolve] Iter:  230 overflow: 0.697 HPWL: 5160959
[NesterovSolve] Iter:  240 overflow: 0.657 HPWL: 5550056
[INFO GPL-0100] Timing-driven: executing resizer for reweighting nets.
[INFO GPL-0101] Timing-driven: worst slack 4.92e-09
[INFO GPL-0103] Timing-driven: weighted 41 nets.
[NesterovSolve] Iter:  250 overflow: 0.621 HPWL: 6016327
[NesterovSolve] Snapshot saved at iter = 254
[NesterovSolve] Iter:  260 overflow: 0.573 HPWL: 6439526
[NesterovSolve] Iter:  270 overflow: 0.526 HPWL: 6887369
[INFO GPL-0100] Timing-driven: executing resizer for reweighting nets.
[INFO GPL-0101] Timing-driven: worst slack 5.14e-09
[INFO GPL-0103] Timing-driven: weighted 40 nets.
[NesterovSolve] Iter:  280 overflow: 0.476 HPWL: 7280097
[NesterovSolve] Iter:  290 overflow: 0.414 HPWL: 7637251
[NesterovSolve] Iter:  300 overflow: 0.341 HPWL: 8047430
[INFO GPL-0075] Routability numCall: 1 inflationIterCnt: 1 bloatIterCnt: 0
[INFO GPL-0036] TileBBox: (    0    0 ) ( 6900 6900 ) DBU
[INFO GPL-0038] TileCnt:      14   15
[INFO GPL-0040] NumTiles: 210
[INFO GPL-0081] TotalRouteOverflow: 0.07111179828643799
[INFO GPL-0082] OverflowTileCnt: 1
[INFO GPL-0083] 0.5%RC: 1.0315405428409576
[INFO GPL-0084] 1.0%RC: 1.0164297024408977
[INFO GPL-0085] 2.0%RC: 0.9914246797561646
[INFO GPL-0086] 5.0%RC: 0.9591889923269098
[INFO GPL-0087] FinalRC: 1.0239851
[INFO GPL-0078] FinalRC lower than minRC (1e+30), min RC updated.
[INFO GPL-0045] InflatedAreaDelta:       19.477 um^2
[INFO GPL-0046] TargetDensity:            0.633
[INFO GPL-0049] WhiteSpaceArea:        6974.189 um^2
[INFO GPL-0050] NesterovInstsArea:     3786.131 um^2
[INFO GPL-0051] TotalFillerArea:        631.090 um^2
[INFO GPL-0052] TotalGCellsArea:       4417.221 um^2
[INFO GPL-0053] ExpectedGCellsArea:    4436.698 um^2
[INFO GPL-0054] NewTargetDensity:         0.636
[INFO GPL-0055] NewWhiteSpaceArea:     6974.189 um^2
[INFO GPL-0056] MovableArea:           4436.698 um^2
[INFO GPL-0057] NewNesterovInstArea:   3805.608 um^2
[INFO GPL-0058] NewTotalFillerArea:     631.090 um^2
[INFO GPL-0059] NewTotalGCellsArea:    4436.698 um^2
[NesterovSolve] Revert back to snapshot coordi
[NesterovSolve] Iter:  310 overflow: 0.591 HPWL: 6306600
[NesterovSolve] Iter:  320 overflow: 0.554 HPWL: 6640187
[NesterovSolve] Iter:  330 overflow: 0.514 HPWL: 6957066
[NesterovSolve] Iter:  340 overflow: 0.472 HPWL: 7297226
[NesterovSolve] Iter:  350 overflow: 0.424 HPWL: 7597221
[NesterovSolve] Iter:  360 overflow: 0.369 HPWL: 7914591
[NesterovSolve] Iter:  370 overflow: 0.309 HPWL: 8253322
[INFO GPL-0075] Routability numCall: 2 inflationIterCnt: 2 bloatIterCnt: 0
[INFO GPL-0036] TileBBox: (    0    0 ) ( 6900 6900 ) DBU
[INFO GPL-0038] TileCnt:      14   15
[INFO GPL-0040] NumTiles: 210
[INFO GPL-0081] TotalRouteOverflow: 0.05177915096282959
[INFO GPL-0082] OverflowTileCnt: 1
[INFO GPL-0083] 0.5%RC: 1.0216851830482483
[INFO GPL-0084] 1.0%RC: 1.0069321791330974
[INFO GPL-0085] 2.0%RC: 0.9858116626739502
[INFO GPL-0086] 5.0%RC: 0.9568674293431368
[INFO GPL-0087] FinalRC: 1.0143087
[INFO GPL-0078] FinalRC lower than minRC (1.0239851), min RC updated.
[INFO GPL-0045] InflatedAreaDelta:       15.671 um^2
[INFO GPL-0046] TargetDensity:            0.636
[INFO GPL-0049] WhiteSpaceArea:        6974.189 um^2
[INFO GPL-0050] NesterovInstsArea:     3805.608 um^2
[INFO GPL-0051] TotalFillerArea:        631.090 um^2
[INFO GPL-0052] TotalGCellsArea:       4436.698 um^2
[INFO GPL-0053] ExpectedGCellsArea:    4452.369 um^2
[INFO GPL-0054] NewTargetDensity:         0.638
[INFO GPL-0055] NewWhiteSpaceArea:     6974.189 um^2
[INFO GPL-0056] MovableArea:           4452.369 um^2
[INFO GPL-0057] NewNesterovInstArea:   3821.279 um^2
[INFO GPL-0058] NewTotalFillerArea:     631.090 um^2
[INFO GPL-0059] NewTotalGCellsArea:    4452.369 um^2
[NesterovSolve] Revert back to snapshot coordi
[NesterovSolve] Iter:  380 overflow: 0.568 HPWL: 6470806
[NesterovSolve] Iter:  390 overflow: 0.530 HPWL: 6860013
[NesterovSolve] Iter:  400 overflow: 0.490 HPWL: 7177158
[NesterovSolve] Iter:  410 overflow: 0.443 HPWL: 7474929
[NesterovSolve] Iter:  420 overflow: 0.391 HPWL: 7795467
[NesterovSolve] Iter:  430 overflow: 0.332 HPWL: 8120823
[INFO GPL-0075] Routability numCall: 3 inflationIterCnt: 3 bloatIterCnt: 0
[INFO GPL-0036] TileBBox: (    0    0 ) ( 6900 6900 ) DBU
[INFO GPL-0038] TileCnt:      14   15
[INFO GPL-0040] NumTiles: 210
[INFO GPL-0081] TotalRouteOverflow: 0.03611946105957031
[INFO GPL-0082] OverflowTileCnt: 2
[INFO GPL-0083] 0.5%RC: 1.0180597305297852
[INFO GPL-0084] 1.0%RC: 1.010724941889445
[INFO GPL-0085] 2.0%RC: 0.9839968919754029
[INFO GPL-0086] 5.0%RC: 0.9518931995738636
[INFO GPL-0087] FinalRC: 1.0143924
[INFO GPL-0079] MinRC (1.0143087) violation occurred, total count: 1.
[INFO GPL-0045] InflatedAreaDelta:        5.597 um^2
[INFO GPL-0046] TargetDensity:            0.638
[INFO GPL-0049] WhiteSpaceArea:        6974.189 um^2
[INFO GPL-0050] NesterovInstsArea:     3821.279 um^2
[INFO GPL-0051] TotalFillerArea:        631.090 um^2
[INFO GPL-0052] TotalGCellsArea:       4452.369 um^2
[INFO GPL-0053] ExpectedGCellsArea:    4457.966 um^2
[INFO GPL-0054] NewTargetDensity:         0.639
[INFO GPL-0055] NewWhiteSpaceArea:     6974.189 um^2
[INFO GPL-0056] MovableArea:           4457.966 um^2
[INFO GPL-0057] NewNesterovInstArea:   3826.876 um^2
[INFO GPL-0058] NewTotalFillerArea:     631.090 um^2
[INFO GPL-0059] NewTotalGCellsArea:    4457.966 um^2
[NesterovSolve] Revert back to snapshot coordi
[NesterovSolve] Iter:  440 overflow: 0.580 HPWL: 6393363
[NesterovSolve] Iter:  450 overflow: 0.545 HPWL: 6769782
[NesterovSolve] Iter:  460 overflow: 0.505 HPWL: 7067185
[NesterovSolve] Iter:  470 overflow: 0.463 HPWL: 7382317
[NesterovSolve] Iter:  480 overflow: 0.412 HPWL: 7679489
[NesterovSolve] Iter:  490 overflow: 0.356 HPWL: 8025984
[INFO GPL-0075] Routability numCall: 4 inflationIterCnt: 4 bloatIterCnt: 0
[INFO GPL-0036] TileBBox: (    0    0 ) ( 6900 6900 ) DBU
[INFO GPL-0038] TileCnt:      14   15
[INFO GPL-0040] NumTiles: 210
[INFO GPL-0081] TotalRouteOverflow: 0.028651714324951172
[INFO GPL-0082] OverflowTileCnt: 2
[INFO GPL-0083] 0.5%RC: 1.0143258571624756
[INFO GPL-0084] 1.0%RC: 1.0045410593350728
[INFO GPL-0085] 2.0%RC: 0.9820515394210816
[INFO GPL-0086] 5.0%RC: 0.9525026082992554
[INFO GPL-0087] FinalRC: 1.0094335
[INFO GPL-0077] FinalRC lower than targetRC(1.01), routability not needed.
[NesterovSolve] Iter:  500 overflow: 0.292 HPWL: 8355201
[INFO GPL-0100] Timing-driven: executing resizer for reweighting nets.
[INFO GPL-0101] Timing-driven: worst slack 4.87e-09
[INFO GPL-0103] Timing-driven: weighted 38 nets.
[NesterovSolve] Iter:  510 overflow: 0.236 HPWL: 8682726
[INFO GPL-0100] Timing-driven: executing resizer for reweighting nets.
[INFO GPL-0101] Timing-driven: worst slack 4.97e-09
[INFO GPL-0103] Timing-driven: weighted 41 nets.
[NesterovSolve] Iter:  520 overflow: 0.194 HPWL: 8924558
[NesterovSolve] Iter:  530 overflow: 0.163 HPWL: 9140256
[INFO GPL-0100] Timing-driven: executing resizer for reweighting nets.
[INFO GPL-0101] Timing-driven: worst slack 4.87e-09
[INFO GPL-0103] Timing-driven: weighted 41 nets.
[NesterovSolve] Iter:  540 overflow: 0.137 HPWL: 9281900
[NesterovSolve] Iter:  550 overflow: 0.120 HPWL: 9399888
[NesterovSolve] Finished with Overflow: 0.099552
[INFO] Setting RC values…
Setting global connections for newly added cells…
[INFO] Setting global connections...
Updating metrics…
Cell type report:                       Count       Area
  Fill cell                                62     232.72
  Tap cell                                 99     123.87
  Inverter                                 16      60.06
  Sequential cell                           8     210.20
  Multi-Input combinational cell          387    3515.87
  Total                                   572    4142.72
Writing OpenROAD database to '/home/thanh/NCO/runs/RUN_2025-03-02_13-13-21/27-openroad-globalplacement/counter.odb'…
Writing netlist to '/home/thanh/NCO/runs/RUN_2025-03-02_13-13-21/27-openroad-globalplacement/counter.nl.v'…
Writing powered netlist to '/home/thanh/NCO/runs/RUN_2025-03-02_13-13-21/27-openroad-globalplacement/counter.pnl.v'…
Writing layout to '/home/thanh/NCO/runs/RUN_2025-03-02_13-13-21/27-openroad-globalplacement/counter.def'…
Writing timing constraints to '/home/thanh/NCO/runs/RUN_2025-03-02_13-13-21/27-openroad-globalplacement/counter.sdc'…
