
===========================================================================
report_checks -unconstrained
===========================================================================
======================= nom_ff_n40C_1v95 Corner ===================================

Startpoint: rst (input port clocked by clk)
Endpoint: _120_ (recovery check against rising-edge clock clk)
Path Group: asynchronous
Path Type: max

Fanout         Cap        Slew       Delay        Time   Description
---------------------------------------------------------------------------------------------
                                  0.000000    0.000000   clock clk (rise edge)
                                  0.000000    0.000000   clock network delay (propagated)
                                  2.550000    2.550000 v input external delay
    25    0.107125    0.159362    0.118942    2.668942 v rst (in)
                                                         rst (net)
                      0.159362    0.000000    2.668942 v _062_/A (sky130_fd_sc_hd__inv_2)
     1    0.003617    0.041205    0.064046    2.732988 ^ _062_/Y (sky130_fd_sc_hd__inv_2)
                                                         _025_ (net)
                      0.041205    0.000000    2.732988 ^ _120_/RESET_B (sky130_fd_sc_hd__dfrtp_2)
                                              2.732988   data arrival time

                                  5.100000    5.100000   clock clk (rise edge)
                                  0.000000    5.100000   clock source latency
    29    0.076335    0.261147    0.178955    5.278955 ^ clk (in)
                                                         clk (net)
                      0.261147    0.000000    5.278955 ^ _120_/CLK (sky130_fd_sc_hd__dfrtp_2)
                                 -0.005100    5.273855   clock uncertainty
                                  0.000000    5.273855   clock reconvergence pessimism
                                  0.166141    5.439996   library recovery time
                                              5.439996   data required time
---------------------------------------------------------------------------------------------
                                              5.439996   data required time
                                             -2.732988   data arrival time
---------------------------------------------------------------------------------------------
                                              2.707008   slack (MET)


Startpoint: mem_i1 (falling edge-triggered flip-flop clocked by clk)
Endpoint: _120_ (rising edge-triggered flip-flop clocked by clk)
Path Group: clk
Path Type: max

Fanout         Cap        Slew       Delay        Time   Description
---------------------------------------------------------------------------------------------
                                  2.550000    2.550000   clock clk (fall edge)
                                  0.000000    2.550000   clock source latency
    29    0.072660    0.109520    0.079947    2.629947 v clk (in)
                                                         clk (net)
                      0.346138    0.000000    2.629947 v mem_i1/clk1 (ram256x16)
     1    0.001896    0.002101    0.293974    2.923921 v mem_i1/dout1[8] (ram256x16)
                                                         sine_out_temp1[8] (net)
                      0.001576    0.000000    2.923921 v _071_/A1 (sky130_fd_sc_hd__mux2_1)
     1    0.002059    0.035766    0.136601    3.060522 v _071_/X (sky130_fd_sc_hd__mux2_1)
                                                         _014_ (net)
                      0.035766    0.000000    3.060522 v _120_/D (sky130_fd_sc_hd__dfrtp_2)
                                              3.060522   data arrival time

                                  5.100000    5.100000   clock clk (rise edge)
                                  0.000000    5.100000   clock source latency
    29    0.076335    0.261147    0.178955    5.278955 ^ clk (in)
                                                         clk (net)
                      0.261147    0.000000    5.278955 ^ _120_/CLK (sky130_fd_sc_hd__dfrtp_2)
                                 -0.005100    5.273855   clock uncertainty
                                  0.000000    5.273855   clock reconvergence pessimism
                                 -0.052946    5.220909   library setup time
                                              5.220909   data required time
---------------------------------------------------------------------------------------------
                                              5.220909   data required time
                                             -3.060522   data arrival time
---------------------------------------------------------------------------------------------
                                              2.160387   slack (MET)




===========================================================================
report_checks --slack_max -0.01
============================================================================
======================= nom_ff_n40C_1v95 Corner ===================================

No paths found.


===========================================================================
 report_check_types -max_slew -max_cap -max_fanout -violators
============================================================================
======================= nom_ff_n40C_1v95 Corner ===================================

max slew

Pin                                        Limit        Slew       Slack
------------------------------------------------------------------------
mem_i1/clk1                             0.500000    0.825352   -0.325352 (VIOLATED)
mem_i1/clk0                             0.500000    0.619014   -0.119014 (VIOLATED)

max fanout

Pin                                   Limit Fanout  Slack
---------------------------------------------------------
clk                                      10     29    -19 (VIOLATED)
rst                                      10     25    -15 (VIOLATED)
_136_/Q                                  10     17     -7 (VIOLATED)



===========================================================================
report_parasitic_annotation -report_unannotated
============================================================================
Found 172 unannotated drivers.
 addr00[0]
 addr00[1]
 addr00[2]
 addr00[3]
 addr00[4]
 addr00[5]
 addr00[6]
 addr00[7]
 addr01[0]
 addr01[1]
 addr01[2]
 addr01[3]
 addr01[4]
 addr01[5]
 addr01[6]
 addr01[7]
 clk
 csb00
 csb01
 din00[0]
 din00[10]
 din00[11]
 din00[12]
 din00[13]
 din00[14]
 din00[15]
 din00[1]
 din00[2]
 din00[3]
 din00[4]
 din00[5]
 din00[6]
 din00[7]
 din00[8]
 din00[9]
 din01[0]
 din01[10]
 din01[11]
 din01[12]
 din01[13]
 din01[14]
 din01[15]
 din01[1]
 din01[2]
 din01[3]
 din01[4]
 din01[5]
 din01[6]
 din01[7]
 din01[8]
 din01[9]
 rst
 _061_/Y
 _062_/Y
 _063_/X
 _064_/X
 _065_/X
 _066_/X
 _067_/X
 _068_/X
 _069_/X
 _070_/X
 _071_/X
 _072_/X
 _073_/X
 _074_/X
 _075_/X
 _076_/X
 _077_/X
 _078_/X
 _079_/X
 _080_/X
 _081_/Y
 _082_/Y
 _083_/X
 _084_/Y
 _085_/Y
 _086_/X
 _087_/X
 _088_/Y
 _089_/Y
 _090_/X
 _091_/X
 _092_/X
 _093_/X
 _094_/X
 _095_/X
 _096_/Y
 _097_/Y
 _098_/Y
 _099_/Y
 _100_/Y
 _101_/Y
 _102_/Y
 _103_/Y
 _104_/Y
 _105_/Y
 _106_/Y
 _107_/Y
 _108_/Y
 _109_/Y
 _110_/Y
 _111_/Y
 _112_/Y
 _113_/Y
 _114_/Y
 _115_/Y
 _116_/Y
 _117_/Y
 _118_/Y
 _119_/Y
 _120_/Q
 _121_/Q
 _122_/Q
 _123_/Q
 _124_/Q
 _125_/Q
 _126_/Q
 _127_/Q
 _128_/Q
 _129_/Q
 _130_/Q
 _131_/Q
 _132_/Q
 _133_/Q
 _134_/Q
 _135_/Q
 _136_/Q
 _137_/Q
 _138_/Q
 _139_/Q
 _140_/Q
 _141_/Q
 _142_/Q
 _143_/Q
 _144_/Q
 _145_/HI
 _145_/LO
 _146_/HI
 _146_/LO
 mem_i0/dout1[0]
 mem_i0/dout1[10]
 mem_i0/dout1[11]
 mem_i0/dout1[12]
 mem_i0/dout1[13]
 mem_i0/dout1[14]
 mem_i0/dout1[15]
 mem_i0/dout1[1]
 mem_i0/dout1[2]
 mem_i0/dout1[3]
 mem_i0/dout1[4]
 mem_i0/dout1[5]
 mem_i0/dout1[6]
 mem_i0/dout1[7]
 mem_i0/dout1[8]
 mem_i0/dout1[9]
 mem_i1/dout1[0]
 mem_i1/dout1[10]
 mem_i1/dout1[11]
 mem_i1/dout1[12]
 mem_i1/dout1[13]
 mem_i1/dout1[14]
 mem_i1/dout1[15]
 mem_i1/dout1[1]
 mem_i1/dout1[2]
 mem_i1/dout1[3]
 mem_i1/dout1[4]
 mem_i1/dout1[5]
 mem_i1/dout1[6]
 mem_i1/dout1[7]
 mem_i1/dout1[8]
 mem_i1/dout1[9]
Found 0 partially unannotated drivers.

===========================================================================
max slew violation count 2
max fanout violation count 3
max cap violation count 0
============================================================================

===========================================================================
check_setup -verbose -unconstrained_endpoints -multiple_clock -no_clock -no_input_delay -loops -generated_clocks
===========================================================================
Warning: There are 2 unconstrained endpoints.
  mem_i0/csb1
  mem_i1/csb1
