Clock: clk
Sources: clk 
Generated: no
Virtual: yes
Propagated: no
Period: 5.000000

===========================================================================
report_clock_properties
============================================================================
Clock                   Period          Waveform
----------------------------------------------------
clk                   5.000000    0.000000  2.500000

===========================================================================
report_clock_latency
============================================================================
Clock clk
rise -> rise
    min     max
0.000000 0.000000 source latency
1.038326         network latency _623_/CLK
        1.144471 network latency mem_i/clk0
---------------
1.038326 1.144471 latency
        0.106145 skew

fall -> fall
    min     max
0.000000 0.000000 source latency
0.884056         network latency _623_/CLK
        0.969062 network latency mem_i/clk0
---------------
0.884056 0.969062 latency
        0.085005 skew



===========================================================================
report_clock_min_period
============================================================================
clk period_min = 5.01 fmax = 199.48
