
===========================================================================
report_checks -unconstrained
===========================================================================
======================= nom_ff_n40C_1v95 Corner ===================================

Startpoint: rst (input port clocked by clk)
Endpoint: _098_ (recovery check against rising-edge clock clk)
Path Group: asynchronous
Path Type: max

Fanout         Cap        Slew       Delay        Time   Description
---------------------------------------------------------------------------------------------
                                  0.000000    0.000000   clock clk (rise edge)
                                  0.000000    0.000000   clock network delay (propagated)
                                  2.000000    2.000000 v input external delay
     1    0.002709    0.004588    0.002197    2.002197 v rst (in)
                                                         rst (net)
                      0.004588    0.000000    2.002197 v input1/A (sky130_fd_sc_hd__clkbuf_1)
     1    0.003196    0.019684    0.047934    2.050131 v input1/X (sky130_fd_sc_hd__clkbuf_1)
                                                         net1 (net)
                      0.019684    0.000070    2.050201 v fanout20/A (sky130_fd_sc_hd__buf_4)
     6    0.088848    0.085281    0.132909    2.183111 v fanout20/X (sky130_fd_sc_hd__buf_4)
                                                         net20 (net)
                      0.094683    0.021673    2.204783 v fanout18/A (sky130_fd_sc_hd__buf_4)
    10    0.073831    0.071805    0.164618    2.369401 v fanout18/X (sky130_fd_sc_hd__buf_4)
                                                         net18 (net)
                      0.072906    0.007054    2.376455 v _074_/A (sky130_fd_sc_hd__inv_2)
     1    0.010601    0.045970    0.062591    2.439047 ^ _074_/Y (sky130_fd_sc_hd__inv_2)
                                                         _027_ (net)
                      0.045992    0.000347    2.439394 ^ _098_/RESET_B (sky130_fd_sc_hd__dfrtp_1)
                                              2.439394   data arrival time

                                 10.000000   10.000000   clock clk (rise edge)
                                  0.000000   10.000000   clock source latency
     1    0.073785    0.251709    0.182413   10.182413 ^ clk (in)
                                                         clk (net)
                      0.254481    0.000000   10.182413 ^ clkbuf_0_clk/A (sky130_fd_sc_hd__clkbuf_16)
     2    0.031672    0.044413    0.135125   10.317538 ^ clkbuf_0_clk/X (sky130_fd_sc_hd__clkbuf_16)
                                                         clknet_0_clk (net)
                      0.044420    0.000648   10.318187 ^ clkbuf_1_0__f_clk/A (sky130_fd_sc_hd__clkbuf_16)
    14    0.105494    0.093655    0.131719   10.449905 ^ clkbuf_1_0__f_clk/X (sky130_fd_sc_hd__clkbuf_16)
                                                         clknet_1_0__leaf_clk (net)
                      0.094929    0.008626   10.458531 ^ _098_/CLK (sky130_fd_sc_hd__dfrtp_1)
                                 -0.250000   10.208531   clock uncertainty
                                  0.000000   10.208531   clock reconvergence pessimism
                                  0.150443   10.358974   library recovery time
                                             10.358974   data required time
---------------------------------------------------------------------------------------------
                                             10.358974   data required time
                                             -2.439394   data arrival time
---------------------------------------------------------------------------------------------
                                              7.919580   slack (MET)


Startpoint: _098_ (rising edge-triggered flip-flop clocked by clk)
Endpoint: sine_out[1] (output port clocked by clk)
Path Group: clk
Path Type: max

Fanout         Cap        Slew       Delay        Time   Description
---------------------------------------------------------------------------------------------
                                  0.000000    0.000000   clock clk (rise edge)
                                  0.000000    0.000000   clock source latency
     1    0.073785    0.251709    0.182413    0.182413 ^ clk (in)
                                                         clk (net)
                      0.254481    0.000000    0.182413 ^ clkbuf_0_clk/A (sky130_fd_sc_hd__clkbuf_16)
     2    0.031672    0.044413    0.135125    0.317538 ^ clkbuf_0_clk/X (sky130_fd_sc_hd__clkbuf_16)
                                                         clknet_0_clk (net)
                      0.044420    0.000648    0.318186 ^ clkbuf_1_0__f_clk/A (sky130_fd_sc_hd__clkbuf_16)
    14    0.105494    0.093655    0.131719    0.449905 ^ clkbuf_1_0__f_clk/X (sky130_fd_sc_hd__clkbuf_16)
                                                         clknet_1_0__leaf_clk (net)
                      0.094929    0.008626    0.458531 ^ _098_/CLK (sky130_fd_sc_hd__dfrtp_1)
     2    0.016742    0.116429    0.280052    0.738583 ^ _098_/Q (sky130_fd_sc_hd__dfrtp_1)
                                                         net9 (net)
                      0.116441    0.001240    0.739823 ^ output9/A (sky130_fd_sc_hd__buf_2)
     1    0.034048    0.127361    0.157928    0.897752 ^ output9/X (sky130_fd_sc_hd__buf_2)
                                                         sine_out[1] (net)
                      0.127362    0.000634    0.898386 ^ sine_out[1] (out)
                                              0.898386   data arrival time

                                 10.000000   10.000000   clock clk (rise edge)
                                  0.000000   10.000000   clock network delay (propagated)
                                 -0.250000    9.750000   clock uncertainty
                                  0.000000    9.750000   clock reconvergence pessimism
                                 -2.000000    7.750000   output external delay
                                              7.750000   data required time
---------------------------------------------------------------------------------------------
                                              7.750000   data required time
                                             -0.898386   data arrival time
---------------------------------------------------------------------------------------------
                                              6.851614   slack (MET)




===========================================================================
report_checks --slack_max -0.01
============================================================================
======================= nom_ff_n40C_1v95 Corner ===================================

No paths found.


===========================================================================
 report_check_types -max_slew -max_cap -max_fanout -violators
============================================================================
======================= nom_ff_n40C_1v95 Corner ===================================

max fanout

Pin                                   Limit Fanout  Slack
---------------------------------------------------------
clkbuf_1_0__f_clk/X                      10     14     -4 (VIOLATED)
clkbuf_1_1__f_clk/X                      10     14     -4 (VIOLATED)



===========================================================================
report_parasitic_annotation -report_unannotated
============================================================================
Found 2 unannotated drivers.
 clkload0/X
 mem_i_21/HI
Found 32 partially unannotated drivers.
 addr0[0]
  mem_i/addr0[7]
 addr0[1]
  mem_i/addr0[6]
 addr0[2]
  mem_i/addr0[5]
 addr0[3]
  mem_i/addr0[4]
 addr0[4]
  mem_i/addr0[3]
 addr0[5]
  mem_i/addr0[2]
 addr0[6]
  mem_i/addr0[1]
 addr0[7]
  mem_i/addr0[0]
 din0[0]
  mem_i/din0[15]
 din0[10]
  mem_i/din0[5]
 din0[11]
  mem_i/din0[4]
 din0[12]
  mem_i/din0[3]
 din0[13]
  mem_i/din0[2]
 din0[14]
  mem_i/din0[1]
 din0[15]
  mem_i/din0[0]
 din0[1]
  mem_i/din0[14]
 din0[2]
  mem_i/din0[13]
 din0[3]
  mem_i/din0[12]
 din0[4]
  mem_i/din0[11]
 din0[5]
  mem_i/din0[10]
 din0[6]
  mem_i/din0[9]
 din0[7]
  mem_i/din0[8]
 din0[8]
  mem_i/din0[7]
 din0[9]
  mem_i/din0[6]
 _089_/Q
  mem_i/addr1[7]
 _090_/Q
  mem_i/addr1[6]
 _091_/Q
  mem_i/addr1[5]
 _092_/Q
  mem_i/addr1[4]
 _093_/Q
  mem_i/addr1[3]
 _094_/Q
  mem_i/addr1[2]
 _095_/Q
  mem_i/addr1[1]
 _096_/Q
  mem_i/addr1[0]

===========================================================================
max slew violation count 0
max fanout violation count 2
max cap violation count 0
============================================================================

===========================================================================
check_setup -verbose -unconstrained_endpoints -multiple_clock -no_clock -no_input_delay -loops -generated_clocks
===========================================================================
Warning: There are 16 unconstrained endpoints.
  _079_/D
  _080_/D
  _081_/D
  _082_/D
  _083_/D
  _084_/D
  _085_/D
  _086_/D
  _087_/D
  _088_/D
  _097_/D
  _098_/D
  _099_/D
  _100_/D
  _101_/D
  _102_/D
