Clock: clk
Sources: clk 
Generated: no
Virtual: yes
Propagated: no
Period: 10.000000

===========================================================================
report_clock_properties
============================================================================
Clock                   Period          Waveform
----------------------------------------------------
clk                  10.000000    0.000000  5.000000

===========================================================================
report_clock_latency
============================================================================
Clock clk
rise -> rise
    min     max
0.000000 0.000000 source latency
0.482105         network latency _797_/CLK
        0.485643 network latency _794_/CLK
---------------
0.482105 0.485643 latency
        0.003538 skew

fall -> fall
    min     max
0.000000 0.000000 source latency
0.507661         network latency _797_/CLK
        0.510654 network latency _794_/CLK
---------------
0.507661 0.510654 latency
        0.002993 skew



===========================================================================
report_clock_min_period
============================================================================
clk period_min = 4.22 fmax = 237.08
