[WARNING ORD-0039] .openroad ignored with -python
                                Cells by Master                                 
┏━━━━━━━━━━━━━━━━━━━━━━━━━━━━━━━━━━━━━━━━━━━━━━━━━━━━━━━━━━━━━━━━┳━━━━━━━━━━━━━┓
┃ Cell                                                           ┃ Count       ┃
┡━━━━━━━━━━━━━━━━━━━━━━━━━━━━━━━━━━━━━━━━━━━━━━━━━━━━━━━━━━━━━━━━╇━━━━━━━━━━━━━┩
│ sky130_ef_sc_hd__decap_12                                      │ 97          │
│ sky130_fd_sc_hd__a2111o_1                                      │ 1           │
│ sky130_fd_sc_hd__a211o_1                                       │ 11          │
│ sky130_fd_sc_hd__a211o_2                                       │ 1           │
│ sky130_fd_sc_hd__a211oi_1                                      │ 2           │
│ sky130_fd_sc_hd__a21bo_1                                       │ 1           │
│ sky130_fd_sc_hd__a21bo_2                                       │ 1           │
│ sky130_fd_sc_hd__a21boi_2                                      │ 2           │
│ sky130_fd_sc_hd__a21o_1                                        │ 28          │
│ sky130_fd_sc_hd__a21o_2                                        │ 1           │
│ sky130_fd_sc_hd__a21oi_1                                       │ 23          │
│ sky130_fd_sc_hd__a21oi_2                                       │ 2           │
│ sky130_fd_sc_hd__a221o_1                                       │ 11          │
│ sky130_fd_sc_hd__a221oi_1                                      │ 1           │
│ sky130_fd_sc_hd__a22o_1                                        │ 5           │
│ sky130_fd_sc_hd__a22oi_1                                       │ 1           │
│ sky130_fd_sc_hd__a2bb2o_1                                      │ 3           │
│ sky130_fd_sc_hd__a311o_1                                       │ 3           │
│ sky130_fd_sc_hd__a31o_1                                        │ 26          │
│ sky130_fd_sc_hd__a31oi_1                                       │ 3           │
│ sky130_fd_sc_hd__a32o_1                                        │ 8           │
│ sky130_fd_sc_hd__a32oi_1                                       │ 1           │
│ sky130_fd_sc_hd__a41o_1                                        │ 1           │
│ sky130_fd_sc_hd__and2_1                                        │ 5           │
│ sky130_fd_sc_hd__and2_2                                        │ 1           │
│ sky130_fd_sc_hd__and2b_1                                       │ 7           │
│ sky130_fd_sc_hd__and2b_2                                       │ 3           │
│ sky130_fd_sc_hd__and3_1                                        │ 9           │
│ sky130_fd_sc_hd__and3b_1                                       │ 2           │
│ sky130_fd_sc_hd__and3b_2                                       │ 1           │
│ sky130_fd_sc_hd__and4_1                                        │ 1           │
│ sky130_fd_sc_hd__buf_1                                         │ 4           │
│ sky130_fd_sc_hd__buf_2                                         │ 41          │
│ sky130_fd_sc_hd__buf_4                                         │ 1           │
│ sky130_fd_sc_hd__clkbuf_16                                     │ 3           │
│ sky130_fd_sc_hd__clkbuf_2                                      │ 9           │
│ sky130_fd_sc_hd__clkbuf_4                                      │ 15          │
│ sky130_fd_sc_hd__clkbuf_8                                      │ 3           │
│ sky130_fd_sc_hd__decap_3                                       │ 122         │
│ sky130_fd_sc_hd__decap_4                                       │ 56          │
│ sky130_fd_sc_hd__decap_6                                       │ 35          │
│ sky130_fd_sc_hd__decap_8                                       │ 64          │
│ sky130_fd_sc_hd__dfrtp_1                                       │ 8           │
│ sky130_fd_sc_hd__dlymetal6s2s_1                                │ 6           │
│ sky130_fd_sc_hd__fill_1                                        │ 114         │
│ sky130_fd_sc_hd__fill_2                                        │ 71          │
│ sky130_fd_sc_hd__inv_2                                         │ 16          │
│ sky130_fd_sc_hd__mux2_1                                        │ 9           │
│ sky130_fd_sc_hd__nand2_1                                       │ 35          │
│ sky130_fd_sc_hd__nand2_2                                       │ 7           │
│ sky130_fd_sc_hd__nand2_4                                       │ 1           │
│ sky130_fd_sc_hd__nand2b_1                                      │ 3           │
│ sky130_fd_sc_hd__nand2b_2                                      │ 3           │
│ sky130_fd_sc_hd__nand2b_4                                      │ 2           │
│ sky130_fd_sc_hd__nand3b_1                                      │ 2           │
│ sky130_fd_sc_hd__nand4_1                                       │ 1           │
│ sky130_fd_sc_hd__nor2_1                                        │ 24          │
│ sky130_fd_sc_hd__nor2_2                                        │ 3           │
│ sky130_fd_sc_hd__nor2_4                                        │ 2           │
│ sky130_fd_sc_hd__nor3_1                                        │ 1           │
│ sky130_fd_sc_hd__nor3_4                                        │ 1           │
│ sky130_fd_sc_hd__nor3b_1                                       │ 2           │
│ sky130_fd_sc_hd__nor3b_2                                       │ 1           │
│ sky130_fd_sc_hd__o2111a_1                                      │ 2           │
│ sky130_fd_sc_hd__o211a_1                                       │ 15          │
│ sky130_fd_sc_hd__o211ai_1                                      │ 6           │
│ sky130_fd_sc_hd__o211ai_2                                      │ 1           │
│ sky130_fd_sc_hd__o21a_1                                        │ 13          │
│ sky130_fd_sc_hd__o21a_2                                        │ 1           │
│ sky130_fd_sc_hd__o21ai_1                                       │ 17          │
│ sky130_fd_sc_hd__o21ai_2                                       │ 2           │
│ sky130_fd_sc_hd__o21ba_1                                       │ 1           │
│ sky130_fd_sc_hd__o21bai_1                                      │ 1           │
│ sky130_fd_sc_hd__o21bai_2                                      │ 1           │
│ sky130_fd_sc_hd__o221a_1                                       │ 3           │
│ sky130_fd_sc_hd__o22a_1                                        │ 4           │
│ sky130_fd_sc_hd__o22ai_1                                       │ 1           │
│ sky130_fd_sc_hd__o2bb2a_1                                      │ 1           │
│ sky130_fd_sc_hd__o311a_1                                       │ 11          │
│ sky130_fd_sc_hd__o31a_1                                        │ 5           │
│ sky130_fd_sc_hd__o31ai_1                                       │ 4           │
│ sky130_fd_sc_hd__o31ai_4                                       │ 1           │
│ sky130_fd_sc_hd__o32a_1                                        │ 4           │
│ sky130_fd_sc_hd__or2_1                                         │ 7           │
│ sky130_fd_sc_hd__or2_2                                         │ 4           │
│ sky130_fd_sc_hd__or3_1                                         │ 7           │
│ sky130_fd_sc_hd__or3_2                                         │ 1           │
│ sky130_fd_sc_hd__or3b_1                                        │ 3           │
│ sky130_fd_sc_hd__or4_1                                         │ 3           │
│ sky130_fd_sc_hd__or4b_1                                        │ 1           │
│ sky130_fd_sc_hd__tapvpwrvgnd_1                                 │ 99          │
│ sky130_fd_sc_hd__xnor2_1                                       │ 2           │
│ sky130_fd_sc_hd__xnor2_4                                       │ 3           │
└────────────────────────────────────────────────────────────────┴─────────────┘
                               Cells by Function                                
┏━━━━━━━━━━━━━━━━━━━━━━━━━━━━━━━━━━━━━━━━━━━━━━━━━━━━━━━━━━━━━━━┳━━━━━━━━━━━━━━┓
┃ Cell Function                                                 ┃ Count        ┃
┡━━━━━━━━━━━━━━━━━━━━━━━━━━━━━━━━━━━━━━━━━━━━━━━━━━━━━━━━━━━━━━━╇━━━━━━━━━━━━━━┩
│ sky130_ef_sc_hd__decap                                        │ 97           │
│ sky130_fd_sc_hd__a2111o                                       │ 1            │
│ sky130_fd_sc_hd__a211o                                        │ 12           │
│ sky130_fd_sc_hd__a211oi                                       │ 2            │
│ sky130_fd_sc_hd__a21bo                                        │ 2            │
│ sky130_fd_sc_hd__a21boi                                       │ 2            │
│ sky130_fd_sc_hd__a21o                                         │ 29           │
│ sky130_fd_sc_hd__a21oi                                        │ 25           │
│ sky130_fd_sc_hd__a221o                                        │ 11           │
│ sky130_fd_sc_hd__a221oi                                       │ 1            │
│ sky130_fd_sc_hd__a22o                                         │ 5            │
│ sky130_fd_sc_hd__a22oi                                        │ 1            │
│ sky130_fd_sc_hd__a2bb2o                                       │ 3            │
│ sky130_fd_sc_hd__a311o                                        │ 3            │
│ sky130_fd_sc_hd__a31o                                         │ 26           │
│ sky130_fd_sc_hd__a31oi                                        │ 3            │
│ sky130_fd_sc_hd__a32o                                         │ 8            │
│ sky130_fd_sc_hd__a32oi                                        │ 1            │
│ sky130_fd_sc_hd__a41o                                         │ 1            │
│ sky130_fd_sc_hd__and2                                         │ 6            │
│ sky130_fd_sc_hd__and2b                                        │ 10           │
│ sky130_fd_sc_hd__and3                                         │ 9            │
│ sky130_fd_sc_hd__and3b                                        │ 3            │
│ sky130_fd_sc_hd__and4                                         │ 1            │
│ sky130_fd_sc_hd__buf                                          │ 46           │
│ sky130_fd_sc_hd__clkbuf                                       │ 30           │
│ sky130_fd_sc_hd__decap                                        │ 277          │
│ sky130_fd_sc_hd__dfrtp                                        │ 8            │
│ sky130_fd_sc_hd__dlymetal6s2s                                 │ 6            │
│ sky130_fd_sc_hd__fill                                         │ 185          │
│ sky130_fd_sc_hd__inv                                          │ 16           │
│ sky130_fd_sc_hd__mux2                                         │ 9            │
│ sky130_fd_sc_hd__nand2                                        │ 43           │
│ sky130_fd_sc_hd__nand2b                                       │ 8            │
│ sky130_fd_sc_hd__nand3b                                       │ 2            │
│ sky130_fd_sc_hd__nand4                                        │ 1            │
│ sky130_fd_sc_hd__nor2                                         │ 29           │
│ sky130_fd_sc_hd__nor3                                         │ 2            │
│ sky130_fd_sc_hd__nor3b                                        │ 3            │
│ sky130_fd_sc_hd__o2111a                                       │ 2            │
│ sky130_fd_sc_hd__o211a                                        │ 15           │
│ sky130_fd_sc_hd__o211ai                                       │ 7            │
│ sky130_fd_sc_hd__o21a                                         │ 14           │
│ sky130_fd_sc_hd__o21ai                                        │ 19           │
│ sky130_fd_sc_hd__o21ba                                        │ 1            │
│ sky130_fd_sc_hd__o21bai                                       │ 2            │
│ sky130_fd_sc_hd__o221a                                        │ 3            │
│ sky130_fd_sc_hd__o22a                                         │ 4            │
│ sky130_fd_sc_hd__o22ai                                        │ 1            │
│ sky130_fd_sc_hd__o2bb2a                                       │ 1            │
│ sky130_fd_sc_hd__o311a                                        │ 11           │
│ sky130_fd_sc_hd__o31a                                         │ 5            │
│ sky130_fd_sc_hd__o31ai                                        │ 5            │
│ sky130_fd_sc_hd__o32a                                         │ 4            │
│ sky130_fd_sc_hd__or2                                          │ 11           │
│ sky130_fd_sc_hd__or3                                          │ 8            │
│ sky130_fd_sc_hd__or3b                                         │ 3            │
│ sky130_fd_sc_hd__or4                                          │ 3            │
│ sky130_fd_sc_hd__or4b                                         │ 1            │
│ sky130_fd_sc_hd__tapvpwrvgnd                                  │ 99           │
│ sky130_fd_sc_hd__xnor2                                        │ 5            │
└───────────────────────────────────────────────────────────────┴──────────────┘
                                  Cells by SCL                                  
┏━━━━━━━━━━━━━━━━━━━━━━━━━━━━━━━━━━━━━━━━━━━━━━━━━━━━━━━┳━━━━━━━━━━━━━━━━━━━━━━┓
┃ SCL                                                   ┃ Count                ┃
┡━━━━━━━━━━━━━━━━━━━━━━━━━━━━━━━━━━━━━━━━━━━━━━━━━━━━━━━╇━━━━━━━━━━━━━━━━━━━━━━┩
│ sky130_ef_sc_hd                                       │ 97                   │
│ sky130_fd_sc_hd                                       │ 1054                 │
└───────────────────────────────────────────────────────┴──────────────────────┘
                             Buffers by Cell Master                             
┏━━━━━━━━━━━━━━━━━━━━━━━━━━━━━━━━━━━━━━━━━━━━━━━━━━━━━━━━━━━━━━━━┳━━━━━━━━━━━━━┓
┃ Buffer                                                         ┃ Count       ┃
┡━━━━━━━━━━━━━━━━━━━━━━━━━━━━━━━━━━━━━━━━━━━━━━━━━━━━━━━━━━━━━━━━╇━━━━━━━━━━━━━┩
│ sky130_fd_sc_hd__buf_1                                         │ 4           │
│ sky130_fd_sc_hd__buf_2                                         │ 41          │
│ sky130_fd_sc_hd__buf_4                                         │ 1           │
│ sky130_fd_sc_hd__clkbuf_16                                     │ 3           │
│ sky130_fd_sc_hd__clkbuf_2                                      │ 9           │
│ sky130_fd_sc_hd__clkbuf_4                                      │ 15          │
│ sky130_fd_sc_hd__clkbuf_8                                      │ 3           │
│ sky130_fd_sc_hd__dlymetal6s2s_1                                │ 6           │
└────────────────────────────────────────────────────────────────┴─────────────┘
