Reading timing models for corner min_ss_100C_1v60…
Reading timing library for the 'min_ss_100C_1v60' corner at '/home/thanh/.volare/volare/sky130/versions/0fe599b2afb6708d281543108caf8310912f54af/sky130A/libs.ref/sky130_fd_sc_hd/lib/sky130_fd_sc_hd__ss_100C_1v60.lib'…
Reading timing library for the 'min_ss_100C_1v60' corner at '/home/thanh/NCO/ram256x16/ram256x16_TT_1p8V_25C.lib'…
Reading OpenROAD database at '/home/thanh/NCO/runs/RUN_2025-03-05_00-36-18/34-openroad-cts/counter.odb'…
Reading design constraints file at '/home/thanh/NCO/counter.sdc'…
[WARNING STA-0366] port 'addr0[0]' not found.
[WARNING STA-0366] port 'addr0[1]' not found.
[WARNING STA-0366] port 'addr0[2]' not found.
[WARNING STA-0366] port 'addr0[3]' not found.
[WARNING STA-0366] port 'addr0[4]' not found.
[WARNING STA-0366] port 'addr0[5]' not found.
[WARNING STA-0366] port 'addr0[6]' not found.
[WARNING STA-0366] port 'addr0[7]' not found.
[WARNING STA-0366] port 'csb0' not found.
[WARNING STA-0366] port 'din0[0]' not found.
[WARNING STA-0366] port 'din0[10]' not found.
[WARNING STA-0366] port 'din0[11]' not found.
[WARNING STA-0366] port 'din0[12]' not found.
[WARNING STA-0366] port 'din0[13]' not found.
[WARNING STA-0366] port 'din0[14]' not found.
[WARNING STA-0366] port 'din0[15]' not found.
[WARNING STA-0366] port 'din0[1]' not found.
[WARNING STA-0366] port 'din0[2]' not found.
[WARNING STA-0366] port 'din0[3]' not found.
[WARNING STA-0366] port 'din0[4]' not found.
[WARNING STA-0366] port 'din0[5]' not found.
[WARNING STA-0366] port 'din0[6]' not found.
[WARNING STA-0366] port 'din0[7]' not found.
[WARNING STA-0366] port 'din0[8]' not found.
[WARNING STA-0366] port 'din0[9]' not found.
[WARNING STA-0366] port 'csb0' not found.
[WARNING STA-0366] port 'addr0[7]' not found.
[WARNING STA-0366] port 'addr0[6]' not found.
[WARNING STA-0366] port 'addr0[5]' not found.
[WARNING STA-0366] port 'addr0[4]' not found.
[WARNING STA-0366] port 'addr0[3]' not found.
[WARNING STA-0366] port 'addr0[2]' not found.
[WARNING STA-0366] port 'addr0[1]' not found.
[WARNING STA-0366] port 'addr0[0]' not found.
[WARNING STA-0366] port 'din0[15]' not found.
[WARNING STA-0366] port 'din0[14]' not found.
[WARNING STA-0366] port 'din0[13]' not found.
[WARNING STA-0366] port 'din0[12]' not found.
[WARNING STA-0366] port 'din0[11]' not found.
[WARNING STA-0366] port 'din0[10]' not found.
[WARNING STA-0366] port 'din0[9]' not found.
[WARNING STA-0366] port 'din0[8]' not found.
[WARNING STA-0366] port 'din0[7]' not found.
[WARNING STA-0366] port 'din0[6]' not found.
[WARNING STA-0366] port 'din0[5]' not found.
[WARNING STA-0366] port 'din0[4]' not found.
[WARNING STA-0366] port 'din0[3]' not found.
[WARNING STA-0366] port 'din0[2]' not found.
[WARNING STA-0366] port 'din0[1]' not found.
[WARNING STA-0366] port 'din0[0]' not found.
[INFO] Setting RC values…
[INFO RSZ-0094] Found 2 endpoints with setup violations.
[INFO RSZ-0099] Repairing 2 out of 2 (100.00%) violating endpoints...
   Iter   | Removed | Resized | Inserted | Cloned |  Pin  |    WNS   |   TNS      |  Viol  | Worst
          | Buffers |  Gates  | Buffers  |  Gates | Swaps |          |            | Endpts | Endpt
---------------------------------------------------------------------------------------------------
        0 |       0 |       0 |        0 |      0 |     0 |    0.030 |        0.0 |      2 | sine_out[14]
        3 |       0 |       2 |        0 |      0 |     0 |    0.049 |        0.0 |      0 | sine_out[13]
        5 |       0 |       3 |        0 |      0 |     0 |    0.058 |        0.0 |      0 | sine_out[12]
    final |       0 |       3 |        0 |      0 |     0 |    0.058 |        0.0 |      0 | sine_out[12]
---------------------------------------------------------------------------------------------------
[INFO RSZ-0041] Resized 3 instances.
[INFO RSZ-0033] No hold violations found.
Placement Analysis
---------------------------------
total displacement          4.1 u
average displacement        0.0 u
max displacement            2.3 u
original HPWL           31739.8 u
legalized HPWL          31911.2 u
delta HPWL                    1 %

[INFO DPL-0020] Mirrored 85 instances
[INFO DPL-0021] HPWL before           31911.2 u
[INFO DPL-0022] HPWL after            31748.1 u
[INFO DPL-0023] HPWL delta               -0.5 %
[INFO] Setting RC values…
Setting global connections for newly added cells…
[INFO] Setting global connections...
mem_i.* matched with mem_i1_111
mem_i.* matched with mem_i0
mem_i.* matched with mem_i1
mem_i.* matched with mem_i0_110
Updating metrics…
Cell type report:                       Count       Area
  Macro                                     2  247030.69
  Fill cell                              1000    3753.60
  Tap cell                               9275   11604.88
  Clock buffer                              5      80.08
  Timing Repair Buffer                    109     618.09
  Inverter                                 26      97.59
  Clock inverter                            3      17.52
  Sequential cell                          25     650.62
  Multi-Input combinational cell           35     302.79
  Total                                 10480  264155.86
Writing OpenROAD database to '/home/thanh/NCO/runs/RUN_2025-03-05_00-36-18/36-openroad-resizertimingpostcts/counter.odb'…
Writing netlist to '/home/thanh/NCO/runs/RUN_2025-03-05_00-36-18/36-openroad-resizertimingpostcts/counter.nl.v'…
Writing powered netlist to '/home/thanh/NCO/runs/RUN_2025-03-05_00-36-18/36-openroad-resizertimingpostcts/counter.pnl.v'…
Writing layout to '/home/thanh/NCO/runs/RUN_2025-03-05_00-36-18/36-openroad-resizertimingpostcts/counter.def'…
Writing timing constraints to '/home/thanh/NCO/runs/RUN_2025-03-05_00-36-18/36-openroad-resizertimingpostcts/counter.sdc'…
