
===========================================================================
report_checks -unconstrained
===========================================================================
======================= nom_tt_025C_1v80 Corner ===================================

Startpoint: rst (input port clocked by clk)
Endpoint: _792_ (recovery check against rising-edge clock clk)
Path Group: asynchronous
Path Type: max

Fanout         Cap        Slew       Delay        Time   Description
---------------------------------------------------------------------------------------------
                                  0.000000    0.000000   clock clk (rise edge)
                                  0.000000    0.000000   clock network delay (propagated)
                                  2.000000    2.000000 v input external delay
     8    0.039356    0.088235    0.062800    2.062800 v rst (in)
                                                         rst (net)
                      0.088236    0.000000    2.062800 v _784_/A (sky130_fd_sc_hd__inv_2)
     1    0.003771    0.035520    0.059500    2.122301 ^ _784_/Y (sky130_fd_sc_hd__inv_2)
                                                         _010_ (net)
                      0.035520    0.000004    2.122305 ^ _792_/RESET_B (sky130_fd_sc_hd__dfrtp_2)
                                              2.122305   data arrival time

                                 10.000000   10.000000   clock clk (rise edge)
                                  0.000000   10.000000   clock source latency
     8    0.020919    0.099758    0.068352   10.068353 ^ clk (in)
                                                         clk (net)
                      0.099758    0.000000   10.068353 ^ _792_/CLK (sky130_fd_sc_hd__dfrtp_2)
                                 -0.250000    9.818353   clock uncertainty
                                  0.000000    9.818353   clock reconvergence pessimism
                                  0.238794   10.057146   library recovery time
                                             10.057146   data required time
---------------------------------------------------------------------------------------------
                                             10.057146   data required time
                                             -2.122305   data arrival time
---------------------------------------------------------------------------------------------
                                              7.934842   slack (MET)


Startpoint: _793_ (rising edge-triggered flip-flop clocked by clk)
Endpoint: sine_out[12] (output port clocked by clk)
Path Group: clk
Path Type: max

Fanout         Cap        Slew       Delay        Time   Description
---------------------------------------------------------------------------------------------
                                  0.000000    0.000000   clock clk (rise edge)
                                  0.000000    0.000000   clock source latency
     8    0.020919    0.099758    0.068348    0.068348 ^ clk (in)
                                                         clk (net)
                      0.099758    0.000000    0.068348 ^ _793_/CLK (sky130_fd_sc_hd__dfrtp_2)
    67    0.245727    1.138435    1.144965    1.213313 ^ _793_/Q (sky130_fd_sc_hd__dfrtp_2)
                                                         tcout[3] (net)
                      1.138441    0.002323    1.215636 ^ _391_/A (sky130_fd_sc_hd__inv_2)
    27    0.098615    0.423355    0.485101    1.700737 v _391_/Y (sky130_fd_sc_hd__inv_2)
                                                         _335_ (net)
                      0.423369    0.002472    1.703209 v _751_/S (sky130_fd_sc_hd__mux2_1)
     1    0.002259    0.054375    0.436897    2.140106 v _751_/X (sky130_fd_sc_hd__mux2_1)
                                                         _309_ (net)
                      0.054375    0.000000    2.140107 v _752_/A2 (sky130_fd_sc_hd__a21o_2)
     1    0.001484    0.030950    0.199905    2.340012 v _752_/X (sky130_fd_sc_hd__a21o_2)
                                                         _310_ (net)
                      0.030950    0.000000    2.340012 v _756_/A (sky130_fd_sc_hd__and3_2)
     1    0.002400    0.036691    0.159060    2.499073 v _756_/X (sky130_fd_sc_hd__and3_2)
                                                         _314_ (net)
                      0.036691    0.000004    2.499076 v _759_/B1 (sky130_fd_sc_hd__a311o_2)
     1    0.003714    0.057469    0.346337    2.845413 v _759_/X (sky130_fd_sc_hd__a311o_2)
                                                         _317_ (net)
                      0.057469    0.000007    2.845420 v _761_/S (sky130_fd_sc_hd__mux2_1)
     1    0.033994    0.191217    0.458314    3.303734 v _761_/X (sky130_fd_sc_hd__mux2_1)
                                                         sine_out[12] (net)
                      0.191217    0.000084    3.303818 v sine_out[12] (out)
                                              3.303818   data arrival time

                                 10.000000   10.000000   clock clk (rise edge)
                                  0.000000   10.000000   clock network delay (propagated)
                                 -0.250000    9.750000   clock uncertainty
                                  0.000000    9.750000   clock reconvergence pessimism
                                 -2.000000    7.750000   output external delay
                                              7.750000   data required time
---------------------------------------------------------------------------------------------
                                              7.750000   data required time
                                             -3.303818   data arrival time
---------------------------------------------------------------------------------------------
                                              4.446182   slack (MET)




===========================================================================
report_checks --slack_max -0.01
============================================================================
======================= nom_tt_025C_1v80 Corner ===================================

No paths found.


===========================================================================
 report_check_types -max_slew -max_cap -max_fanout -violators
============================================================================
======================= nom_tt_025C_1v80 Corner ===================================

max slew

Pin                                        Limit        Slew       Slack
------------------------------------------------------------------------
_617_/C1                                0.750000    1.138448   -0.388448 (VIOLATED)
_423_/A_N                               0.750000    1.138447   -0.388447 (VIOLATED)
_471_/A                                 0.750000    1.138447   -0.388447 (VIOLATED)
_479_/A                                 0.750000    1.138448   -0.388447 (VIOLATED)
_425_/B1_N                              0.750000    1.138447   -0.388447 (VIOLATED)
_475_/A                                 0.750000    1.138447   -0.388447 (VIOLATED)
_482_/B1                                0.750000    1.138447   -0.388447 (VIOLATED)
_508_/C1                                0.750000    1.138447   -0.388447 (VIOLATED)
_589_/B1                                0.750000    1.138447   -0.388447 (VIOLATED)
_655_/A                                 0.750000    1.138447   -0.388447 (VIOLATED)
_704_/A2                                0.750000    1.138447   -0.388447 (VIOLATED)
_651_/A1                                0.750000    1.138447   -0.388447 (VIOLATED)
_705_/C1                                0.750000    1.138447   -0.388447 (VIOLATED)
_396_/B                                 0.750000    1.138446   -0.388446 (VIOLATED)
_413_/A                                 0.750000    1.138446   -0.388446 (VIOLATED)
_452_/A                                 0.750000    1.138446   -0.388446 (VIOLATED)
_454_/A                                 0.750000    1.138446   -0.388446 (VIOLATED)
_472_/A                                 0.750000    1.138445   -0.388445 (VIOLATED)
_485_/A_N                               0.750000    1.138446   -0.388446 (VIOLATED)
_546_/A_N                               0.750000    1.138446   -0.388446 (VIOLATED)
_547_/A_N                               0.750000    1.138446   -0.388446 (VIOLATED)
_612_/B1                                0.750000    1.138446   -0.388446 (VIOLATED)
_621_/A1                                0.750000    1.138446   -0.388446 (VIOLATED)
_680_/A                                 0.750000    1.138446   -0.388446 (VIOLATED)
_460_/B1_N                              0.750000    1.138445   -0.388445 (VIOLATED)
_400_/A                                 0.750000    1.138444   -0.388445 (VIOLATED)
_427_/B                                 0.750000    1.138445   -0.388445 (VIOLATED)
_736_/A                                 0.750000    1.138444   -0.388444 (VIOLATED)
_443_/A1                                0.750000    1.138444   -0.388444 (VIOLATED)
_492_/A                                 0.750000    1.138444   -0.388444 (VIOLATED)
_496_/A1                                0.750000    1.138444   -0.388444 (VIOLATED)
_504_/A1                                0.750000    1.138444   -0.388444 (VIOLATED)
_729_/A1                                0.750000    1.138444   -0.388444 (VIOLATED)
_497_/A                                 0.750000    1.138443   -0.388443 (VIOLATED)
_526_/B1                                0.750000    1.138442   -0.388442 (VIOLATED)
_636_/A1                                0.750000    1.138443   -0.388443 (VIOLATED)
_542_/A1                                0.750000    1.138442   -0.388442 (VIOLATED)
_391_/A                                 0.750000    1.138441   -0.388441 (VIOLATED)
_395_/B                                 0.750000    1.138441   -0.388441 (VIOLATED)
_399_/C_N                               0.750000    1.138441   -0.388441 (VIOLATED)
_424_/A_N                               0.750000    1.138441   -0.388441 (VIOLATED)
_451_/B1                                0.750000    1.138441   -0.388442 (VIOLATED)
_453_/A                                 0.750000    1.138442   -0.388442 (VIOLATED)
_520_/B1                                0.750000    1.138442   -0.388442 (VIOLATED)
_561_/A1                                0.750000    1.138442   -0.388442 (VIOLATED)
_408_/A                                 0.750000    1.138440   -0.388440 (VIOLATED)
_515_/A1                                0.750000    1.138440   -0.388441 (VIOLATED)
_550_/C1                                0.750000    1.138441   -0.388441 (VIOLATED)
_551_/A                                 0.750000    1.138441   -0.388441 (VIOLATED)
_570_/A                                 0.750000    1.138440   -0.388441 (VIOLATED)
_572_/B1                                0.750000    1.138441   -0.388441 (VIOLATED)
_578_/C1                                0.750000    1.138441   -0.388441 (VIOLATED)
_727_/B2                                0.750000    1.138441   -0.388441 (VIOLATED)
_724_/A                                 0.750000    1.138440   -0.388440 (VIOLATED)
_558_/B1                                0.750000    1.138440   -0.388440 (VIOLATED)
_660_/C1                                0.750000    1.138439   -0.388439 (VIOLATED)
_428_/A                                 0.750000    1.138439   -0.388439 (VIOLATED)
_412_/A1                                0.750000    1.138438   -0.388438 (VIOLATED)
_449_/A1                                0.750000    1.138438   -0.388438 (VIOLATED)
_463_/A                                 0.750000    1.138438   -0.388438 (VIOLATED)
_696_/A1                                0.750000    1.138438   -0.388438 (VIOLATED)
_415_/B1                                0.750000    1.138435   -0.388435 (VIOLATED)
_461_/B1_N                              0.750000    1.138435   -0.388435 (VIOLATED)
_467_/B                                 0.750000    1.138435   -0.388435 (VIOLATED)
_474_/A                                 0.750000    1.138435   -0.388435 (VIOLATED)
_531_/A                                 0.750000    1.138435   -0.388435 (VIOLATED)
_745_/B                                 0.750000    1.138435   -0.388435 (VIOLATED)
_793_/Q                                 0.750000    1.138435   -0.388435 (VIOLATED)
_450_/B                                 0.750000    1.117396   -0.367396 (VIOLATED)
_475_/B                                 0.750000    1.117396   -0.367396 (VIOLATED)
_482_/A2                                0.750000    1.117396   -0.367396 (VIOLATED)
_508_/B1                                0.750000    1.117396   -0.367396 (VIOLATED)
_589_/A1                                0.750000    1.117396   -0.367396 (VIOLATED)
_396_/A_N                               0.750000    1.117395   -0.367395 (VIOLATED)
_546_/B                                 0.750000    1.117395   -0.367395 (VIOLATED)
_397_/A                                 0.750000    1.117394   -0.367394 (VIOLATED)
_405_/B                                 0.750000    1.117393   -0.367394 (VIOLATED)
_416_/A                                 0.750000    1.117394   -0.367394 (VIOLATED)
_425_/A1                                0.750000    1.117393   -0.367393 (VIOLATED)
_438_/A_N                               0.750000    1.117393   -0.367393 (VIOLATED)
_606_/A1                                0.750000    1.117393   -0.367393 (VIOLATED)
_547_/B                                 0.750000    1.117389   -0.367389 (VIOLATED)
_480_/B1                                0.750000    1.117389   -0.367389 (VIOLATED)
_481_/B1                                0.750000    1.117389   -0.367389 (VIOLATED)
_615_/A1                                0.750000    1.117389   -0.367389 (VIOLATED)
_518_/A                                 0.750000    1.117388   -0.367388 (VIOLATED)
_553_/A                                 0.750000    1.117388   -0.367388 (VIOLATED)
_422_/A                                 0.750000    1.117387   -0.367387 (VIOLATED)
_471_/B                                 0.750000    1.117387   -0.367387 (VIOLATED)
_617_/A1                                0.750000    1.117387   -0.367387 (VIOLATED)
_403_/A_N                               0.750000    1.117384   -0.367384 (VIOLATED)
_418_/B                                 0.750000    1.117384   -0.367384 (VIOLATED)
_447_/A                                 0.750000    1.117384   -0.367384 (VIOLATED)
_612_/A2                                0.750000    1.117384   -0.367384 (VIOLATED)
_407_/B                                 0.750000    1.117383   -0.367383 (VIOLATED)
_460_/A2                                0.750000    1.117383   -0.367383 (VIOLATED)
_472_/B                                 0.750000    1.117383   -0.367383 (VIOLATED)
_401_/B                                 0.750000    1.117382   -0.367382 (VIOLATED)
_392_/A                                 0.750000    1.117381   -0.367381 (VIOLATED)
_417_/B                                 0.750000    1.117380   -0.367380 (VIOLATED)
_402_/A_N                               0.750000    1.117380   -0.367380 (VIOLATED)
_414_/B                                 0.750000    1.117380   -0.367380 (VIOLATED)
_451_/A2                                0.750000    1.117378   -0.367378 (VIOLATED)
_526_/A1                                0.750000    1.117378   -0.367378 (VIOLATED)
_527_/A1                                0.750000    1.117378   -0.367378 (VIOLATED)
_495_/A                                 0.750000    1.117378   -0.367378 (VIOLATED)
_671_/A2                                0.750000    1.117378   -0.367378 (VIOLATED)
_399_/A                                 0.750000    1.117377   -0.367377 (VIOLATED)
_398_/A                                 0.750000    1.117376   -0.367376 (VIOLATED)
_404_/B                                 0.750000    1.117376   -0.367376 (VIOLATED)
_529_/B                                 0.750000    1.117374   -0.367374 (VIOLATED)
_727_/A1                                0.750000    1.117374   -0.367374 (VIOLATED)
_411_/A_N                               0.750000    1.117373   -0.367373 (VIOLATED)
_486_/A                                 0.750000    1.117372   -0.367372 (VIOLATED)
_439_/A_N                               0.750000    1.117371   -0.367371 (VIOLATED)
_487_/B1_N                              0.750000    1.117371   -0.367371 (VIOLATED)
_465_/B                                 0.750000    1.117371   -0.367371 (VIOLATED)
_745_/C                                 0.750000    1.117370   -0.367370 (VIOLATED)
_406_/B                                 0.750000    1.117368   -0.367367 (VIOLATED)
_426_/A1                                0.750000    1.117368   -0.367367 (VIOLATED)
_461_/A2                                0.750000    1.117368   -0.367367 (VIOLATED)
_464_/B                                 0.750000    1.117368   -0.367367 (VIOLATED)
_474_/B                                 0.750000    1.117368   -0.367367 (VIOLATED)
_550_/B2                                0.750000    1.117368   -0.367367 (VIOLATED)
_569_/C_N                               0.750000    1.117368   -0.367367 (VIOLATED)
_572_/A1                                0.750000    1.117368   -0.367367 (VIOLATED)
_578_/A1                                0.750000    1.117368   -0.367367 (VIOLATED)
_660_/A1                                0.750000    1.117368   -0.367367 (VIOLATED)
_792_/Q                                 0.750000    1.117368   -0.367367 (VIOLATED)
_390_/A                                 0.750000    0.948355   -0.198355 (VIOLATED)
_412_/C1                                0.750000    0.948355   -0.198355 (VIOLATED)
_421_/B2                                0.750000    0.948355   -0.198355 (VIOLATED)
_429_/B                                 0.750000    0.948355   -0.198355 (VIOLATED)
_430_/A_N                               0.750000    0.948355   -0.198355 (VIOLATED)
_435_/B                                 0.750000    0.948355   -0.198355 (VIOLATED)
_443_/C1                                0.750000    0.948355   -0.198355 (VIOLATED)
_449_/C1                                0.750000    0.948355   -0.198355 (VIOLATED)
_455_/A                                 0.750000    0.948355   -0.198355 (VIOLATED)
_462_/C1                                0.750000    0.948355   -0.198355 (VIOLATED)
_467_/A                                 0.750000    0.948355   -0.198355 (VIOLATED)
_478_/A1                                0.750000    0.948355   -0.198355 (VIOLATED)
_494_/B1                                0.750000    0.948355   -0.198355 (VIOLATED)
_496_/B1                                0.750000    0.948355   -0.198355 (VIOLATED)
_506_/A                                 0.750000    0.948355   -0.198355 (VIOLATED)
_507_/B2                                0.750000    0.948355   -0.198355 (VIOLATED)
_517_/A1                                0.750000    0.948355   -0.198355 (VIOLATED)
_541_/C1                                0.750000    0.948355   -0.198355 (VIOLATED)
_548_/C1                                0.750000    0.948355   -0.198355 (VIOLATED)
_561_/C1                                0.750000    0.948355   -0.198355 (VIOLATED)
_564_/A                                 0.750000    0.948355   -0.198355 (VIOLATED)
_574_/C1                                0.750000    0.948355   -0.198355 (VIOLATED)
_585_/A1                                0.750000    0.948355   -0.198355 (VIOLATED)
_591_/A1                                0.750000    0.948355   -0.198355 (VIOLATED)
_592_/A1                                0.750000    0.948355   -0.198355 (VIOLATED)
_604_/A                                 0.750000    0.948355   -0.198355 (VIOLATED)
_611_/A                                 0.750000    0.948355   -0.198355 (VIOLATED)
_621_/B1                                0.750000    0.948355   -0.198355 (VIOLATED)
_624_/B1                                0.750000    0.948355   -0.198355 (VIOLATED)
_628_/C1                                0.750000    0.948355   -0.198355 (VIOLATED)
_637_/B1                                0.750000    0.948355   -0.198355 (VIOLATED)
_643_/A1                                0.750000    0.948355   -0.198355 (VIOLATED)
_646_/B1                                0.750000    0.948355   -0.198355 (VIOLATED)
_650_/C1                                0.750000    0.948355   -0.198355 (VIOLATED)
_653_/A1                                0.750000    0.948355   -0.198355 (VIOLATED)
_665_/B1                                0.750000    0.948355   -0.198355 (VIOLATED)
_668_/A1                                0.750000    0.948355   -0.198355 (VIOLATED)
_671_/B1                                0.750000    0.948355   -0.198355 (VIOLATED)
_687_/A1                                0.750000    0.948355   -0.198355 (VIOLATED)
_688_/A1                                0.750000    0.948355   -0.198355 (VIOLATED)
_689_/A1                                0.750000    0.948355   -0.198355 (VIOLATED)
_697_/C1                                0.750000    0.948355   -0.198355 (VIOLATED)
_698_/B1                                0.750000    0.948355   -0.198355 (VIOLATED)
_706_/A1                                0.750000    0.948355   -0.198355 (VIOLATED)
_712_/C1                                0.750000    0.948355   -0.198355 (VIOLATED)
_718_/B1                                0.750000    0.948355   -0.198355 (VIOLATED)
_719_/A1                                0.750000    0.948355   -0.198355 (VIOLATED)
_741_/A1                                0.750000    0.948355   -0.198355 (VIOLATED)
_746_/A1                                0.750000    0.948355   -0.198355 (VIOLATED)
_748_/B2                                0.750000    0.948355   -0.198355 (VIOLATED)
_752_/A1                                0.750000    0.948355   -0.198355 (VIOLATED)
_753_/C1                                0.750000    0.948355   -0.198355 (VIOLATED)
_763_/A                                 0.750000    0.948355   -0.198355 (VIOLATED)
_770_/A1                                0.750000    0.948355   -0.198355 (VIOLATED)
_775_/A                                 0.750000    0.948355   -0.198355 (VIOLATED)
_776_/B1                                0.750000    0.948355   -0.198355 (VIOLATED)
_794_/Q                                 0.750000    0.948355   -0.198355 (VIOLATED)
_447_/B                                 0.750000    0.820013   -0.070013 (VIOLATED)
_612_/A3                                0.750000    0.820013   -0.070013 (VIOLATED)
_413_/B                                 0.750000    0.820013   -0.070013 (VIOLATED)
_418_/A_N                               0.750000    0.820013   -0.070013 (VIOLATED)
_410_/B                                 0.750000    0.820013   -0.070013 (VIOLATED)
_480_/A2                                0.750000    0.820013   -0.070013 (VIOLATED)
_452_/B                                 0.750000    0.820012   -0.070012 (VIOLATED)
_432_/B                                 0.750000    0.820012   -0.070012 (VIOLATED)
_476_/A                                 0.750000    0.820011   -0.070011 (VIOLATED)
_592_/A2                                0.750000    0.820011   -0.070011 (VIOLATED)
_425_/A2                                0.750000    0.820011   -0.070011 (VIOLATED)
_438_/B                                 0.750000    0.820011   -0.070011 (VIOLATED)
_450_/C                                 0.750000    0.820011   -0.070011 (VIOLATED)
_589_/A2                                0.750000    0.820011   -0.070011 (VIOLATED)
_508_/A2                                0.750000    0.820011   -0.070011 (VIOLATED)
_504_/A2                                0.750000    0.820010   -0.070010 (VIOLATED)
_546_/C                                 0.750000    0.820010   -0.070010 (VIOLATED)
_416_/B                                 0.750000    0.820010   -0.070010 (VIOLATED)
_397_/B                                 0.750000    0.820009   -0.070009 (VIOLATED)
_395_/A_N                               0.750000    0.820009   -0.070009 (VIOLATED)
_398_/B                                 0.750000    0.820009   -0.070009 (VIOLATED)
_399_/B                                 0.750000    0.820009   -0.070009 (VIOLATED)
_409_/B                                 0.750000    0.820009   -0.070009 (VIOLATED)
_411_/B                                 0.750000    0.820009   -0.070009 (VIOLATED)
_415_/A1                                0.750000    0.820009   -0.070009 (VIOLATED)
_417_/A_N                               0.750000    0.820009   -0.070009 (VIOLATED)
_423_/B                                 0.750000    0.820009   -0.070009 (VIOLATED)
_424_/B                                 0.750000    0.820009   -0.070009 (VIOLATED)
_431_/B                                 0.750000    0.820009   -0.070009 (VIOLATED)
_436_/B                                 0.750000    0.820009   -0.070009 (VIOLATED)
_437_/B                                 0.750000    0.820009   -0.070009 (VIOLATED)
_439_/B                                 0.750000    0.820009   -0.070009 (VIOLATED)
_440_/A_N                               0.750000    0.820009   -0.070009 (VIOLATED)
_441_/A_N                               0.750000    0.820009   -0.070009 (VIOLATED)
_464_/A_N                               0.750000    0.820009   -0.070009 (VIOLATED)
_465_/A_N                               0.750000    0.820009   -0.070009 (VIOLATED)
_481_/A2                                0.750000    0.820009   -0.070009 (VIOLATED)
_487_/A2                                0.750000    0.820009   -0.070009 (VIOLATED)
_526_/A2                                0.750000    0.820009   -0.070009 (VIOLATED)
_529_/C_N                               0.750000    0.820009   -0.070009 (VIOLATED)
_547_/C                                 0.750000    0.820009   -0.070009 (VIOLATED)
_569_/B                                 0.750000    0.820009   -0.070009 (VIOLATED)
_677_/A1                                0.750000    0.820009   -0.070009 (VIOLATED)
_745_/D                                 0.750000    0.820009   -0.070009 (VIOLATED)
_791_/Q                                 0.750000    0.820009   -0.070009 (VIOLATED)
_485_/B                                 0.750000    0.807519   -0.057519 (VIOLATED)
_612_/A1                                0.750000    0.807519   -0.057519 (VIOLATED)
_403_/B                                 0.750000    0.807519   -0.057519 (VIOLATED)
_410_/A                                 0.750000    0.807519   -0.057519 (VIOLATED)
_480_/A1                                0.750000    0.807519   -0.057519 (VIOLATED)
_481_/A1                                0.750000    0.807518   -0.057518 (VIOLATED)
_704_/A1                                0.750000    0.807518   -0.057518 (VIOLATED)
_432_/A                                 0.750000    0.807518   -0.057518 (VIOLATED)
_488_/A1                                0.750000    0.807517   -0.057517 (VIOLATED)
_477_/A1                                0.750000    0.807516   -0.057516 (VIOLATED)
_460_/A1                                0.750000    0.807515   -0.057515 (VIOLATED)
_387_/A                                 0.750000    0.807515   -0.057515 (VIOLATED)
_401_/A_N                               0.750000    0.807515   -0.057515 (VIOLATED)
_402_/B                                 0.750000    0.807515   -0.057515 (VIOLATED)
_404_/A                                 0.750000    0.807515   -0.057515 (VIOLATED)
_405_/A                                 0.750000    0.807515   -0.057515 (VIOLATED)
_406_/A                                 0.750000    0.807515   -0.057515 (VIOLATED)
_407_/A                                 0.750000    0.807515   -0.057515 (VIOLATED)
_409_/A                                 0.750000    0.807515   -0.057515 (VIOLATED)
_411_/C                                 0.750000    0.807515   -0.057515 (VIOLATED)
_427_/A                                 0.750000    0.807515   -0.057515 (VIOLATED)
_431_/A                                 0.750000    0.807515   -0.057515 (VIOLATED)
_436_/A_N                               0.750000    0.807515   -0.057515 (VIOLATED)
_437_/A_N                               0.750000    0.807515   -0.057515 (VIOLATED)
_440_/B                                 0.750000    0.807515   -0.057515 (VIOLATED)
_441_/B                                 0.750000    0.807515   -0.057515 (VIOLATED)
_450_/A                                 0.750000    0.807515   -0.057515 (VIOLATED)
_451_/A1                                0.750000    0.807515   -0.057515 (VIOLATED)
_461_/A1                                0.750000    0.807515   -0.057515 (VIOLATED)
_464_/C                                 0.750000    0.807515   -0.057515 (VIOLATED)
_465_/C                                 0.750000    0.807515   -0.057515 (VIOLATED)
_482_/A1                                0.750000    0.807515   -0.057515 (VIOLATED)
_487_/A1                                0.750000    0.807515   -0.057515 (VIOLATED)
_491_/A1                                0.750000    0.807515   -0.057515 (VIOLATED)
_508_/A1                                0.750000    0.807515   -0.057515 (VIOLATED)
_516_/A                                 0.750000    0.807515   -0.057515 (VIOLATED)
_529_/A                                 0.750000    0.807515   -0.057515 (VIOLATED)
_550_/A1                                0.750000    0.807515   -0.057515 (VIOLATED)
_569_/A                                 0.750000    0.807515   -0.057515 (VIOLATED)
_641_/A                                 0.750000    0.807515   -0.057515 (VIOLATED)
_690_/A1                                0.750000    0.807515   -0.057515 (VIOLATED)
_700_/A1                                0.750000    0.807515   -0.057515 (VIOLATED)
_790_/Q                                 0.750000    0.807515   -0.057515 (VIOLATED)

max fanout

Pin                                   Limit Fanout  Slack
---------------------------------------------------------
_793_/Q                                  10     67    -57 (VIOLATED)
_792_/Q                                  10     60    -50 (VIOLATED)
_794_/Q                                  10     56    -46 (VIOLATED)
_791_/Q                                  10     44    -34 (VIOLATED)
_790_/Q                                  10     42    -32 (VIOLATED)
_796_/Q                                  10     28    -18 (VIOLATED)
_391_/Y                                  10     27    -17 (VIOLATED)
_390_/Y                                  10     25    -15 (VIOLATED)
_795_/Q                                  10     25    -15 (VIOLATED)
_389_/Y                                  10     16     -6 (VIOLATED)
_797_/Q                                  10     15     -5 (VIOLATED)
_433_/Y                                  10     14     -4 (VIOLATED)
_435_/Y                                  10     13     -3 (VIOLATED)
_393_/Y                                  10     12     -2 (VIOLATED)
_430_/Y                                  10     12     -2 (VIOLATED)
_388_/Y                                  10     11        (VIOLATED)
_409_/X                                  10     11        (VIOLATED)
_424_/Y                                  10     11        (VIOLATED)
_459_/X                                  10     11        (VIOLATED)

max capacitance

Pin                                        Limit         Cap       Slack
------------------------------------------------------------------------
_793_/Q                                 0.200000    0.245727   -0.045727 (VIOLATED)
_792_/Q                                 0.200000    0.241099   -0.041099 (VIOLATED)
_794_/Q                                 0.200000    0.204417   -0.004417 (VIOLATED)



===========================================================================
report_parasitic_annotation -report_unannotated
============================================================================
Found 0 unannotated drivers.
Found 0 partially unannotated drivers.

===========================================================================
max slew violation count 274
Writing metric design__max_slew_violation__count__corner:nom_tt_025C_1v80: 274
max fanout violation count 19
Writing metric design__max_fanout_violation__count__corner:nom_tt_025C_1v80: 19
max cap violation count 3
Writing metric design__max_cap_violation__count__corner:nom_tt_025C_1v80: 3
============================================================================

===========================================================================
check_setup -verbose -unconstrained_endpoints -multiple_clock -no_clock -no_input_delay -loops -generated_clocks
===========================================================================
