Clock: clk
Sources: clk 
Generated: no
Virtual: yes
Propagated: no
Period: 10.000000

===========================================================================
report_clock_properties
============================================================================
Clock                   Period          Waveform
----------------------------------------------------
clk                  10.000000    0.000000  5.000000

===========================================================================
report_clock_latency
============================================================================
Clock clk
rise -> rise
    min     max
0.000000 0.000000 source latency
0.068348         network latency _793_/CLK
        0.068479 network latency _797_/CLK
---------------
0.068348 0.068479 latency
        0.000131 skew

fall -> fall
    min     max
0.000000 0.000000 source latency
0.031663         network latency _793_/CLK
        0.031786 network latency _797_/CLK
---------------
0.031663 0.031786 latency
        0.000123 skew



===========================================================================
report_clock_min_period
============================================================================
clk period_min = 2.53 fmax = 394.94
