
===========================================================================
report_checks -path_delay max (Setup)
============================================================================
======================= nom_tt_025C_1v80 Corner ===================================

Startpoint: _793_ (rising edge-triggered flip-flop clocked by clk)
Endpoint: sine_out[12] (output port clocked by clk)
Path Group: clk
Path Type: max

Fanout         Cap        Slew       Delay        Time   Description
---------------------------------------------------------------------------------------------
                                  0.000000    0.000000   clock clk (rise edge)
                                  0.000000    0.000000   clock source latency
     8    0.020919    0.099758    0.068348    0.068348 ^ clk (in)
                                                         clk (net)
                      0.099758    0.000000    0.068348 ^ _793_/CLK (sky130_fd_sc_hd__dfrtp_2)
    67    0.245727    1.138435    1.144965    1.213313 ^ _793_/Q (sky130_fd_sc_hd__dfrtp_2)
                                                         tcout[3] (net)
                      1.138441    0.002323    1.215636 ^ _391_/A (sky130_fd_sc_hd__inv_2)
    27    0.098615    0.423355    0.485101    1.700737 v _391_/Y (sky130_fd_sc_hd__inv_2)
                                                         _335_ (net)
                      0.423369    0.002472    1.703209 v _751_/S (sky130_fd_sc_hd__mux2_1)
     1    0.002259    0.054375    0.436897    2.140106 v _751_/X (sky130_fd_sc_hd__mux2_1)
                                                         _309_ (net)
                      0.054375    0.000000    2.140107 v _752_/A2 (sky130_fd_sc_hd__a21o_2)
     1    0.001484    0.030950    0.199905    2.340012 v _752_/X (sky130_fd_sc_hd__a21o_2)
                                                         _310_ (net)
                      0.030950    0.000000    2.340012 v _756_/A (sky130_fd_sc_hd__and3_2)
     1    0.002400    0.036691    0.159060    2.499073 v _756_/X (sky130_fd_sc_hd__and3_2)
                                                         _314_ (net)
                      0.036691    0.000004    2.499076 v _759_/B1 (sky130_fd_sc_hd__a311o_2)
     1    0.003714    0.057469    0.346337    2.845413 v _759_/X (sky130_fd_sc_hd__a311o_2)
                                                         _317_ (net)
                      0.057469    0.000007    2.845420 v _761_/S (sky130_fd_sc_hd__mux2_1)
     1    0.033994    0.191217    0.458314    3.303734 v _761_/X (sky130_fd_sc_hd__mux2_1)
                                                         sine_out[12] (net)
                      0.191217    0.000084    3.303818 v sine_out[12] (out)
                                              3.303818   data arrival time

                                 10.000000   10.000000   clock clk (rise edge)
                                  0.000000   10.000000   clock network delay (propagated)
                                 -0.250000    9.750000   clock uncertainty
                                  0.000000    9.750000   clock reconvergence pessimism
                                 -2.000000    7.750000   output external delay
                                              7.750000   data required time
---------------------------------------------------------------------------------------------
                                              7.750000   data required time
                                             -3.303818   data arrival time
---------------------------------------------------------------------------------------------
                                              4.446182   slack (MET)


Startpoint: _793_ (rising edge-triggered flip-flop clocked by clk)
Endpoint: sine_out[6] (output port clocked by clk)
Path Group: clk
Path Type: max

Fanout         Cap        Slew       Delay        Time   Description
---------------------------------------------------------------------------------------------
                                  0.000000    0.000000   clock clk (rise edge)
                                  0.000000    0.000000   clock source latency
     8    0.020919    0.099758    0.068348    0.068348 ^ clk (in)
                                                         clk (net)
                      0.099758    0.000000    0.068348 ^ _793_/CLK (sky130_fd_sc_hd__dfrtp_2)
    67    0.245727    1.138435    1.144965    1.213313 ^ _793_/Q (sky130_fd_sc_hd__dfrtp_2)
                                                         tcout[3] (net)
                      1.138441    0.002323    1.215636 ^ _391_/A (sky130_fd_sc_hd__inv_2)
    27    0.098615    0.423355    0.485101    1.700737 v _391_/Y (sky130_fd_sc_hd__inv_2)
                                                         _335_ (net)
                      0.423368    0.002371    1.703108 v _650_/B2 (sky130_fd_sc_hd__a221o_2)
     1    0.004294    0.059816    0.497153    2.200261 v _650_/X (sky130_fd_sc_hd__a221o_2)
                                                         _215_ (net)
                      0.059816    0.000005    2.200266 v _651_/B1 (sky130_fd_sc_hd__a31oi_2)
     1    0.004748    0.149095    0.150376    2.350642 ^ _651_/Y (sky130_fd_sc_hd__a31oi_2)
                                                         _216_ (net)
                      0.149095    0.000003    2.350646 ^ _659_/A1 (sky130_fd_sc_hd__o211ai_2)
     2    0.007168    0.090768    0.119912    2.470557 v _659_/Y (sky130_fd_sc_hd__o211ai_2)
                                                         _224_ (net)
                      0.090768    0.000022    2.470580 v _669_/A2 (sky130_fd_sc_hd__a221o_2)
     1    0.002274    0.050795    0.387580    2.858160 v _669_/X (sky130_fd_sc_hd__a221o_2)
                                                         _234_ (net)
                      0.050795    0.000004    2.858164 v _670_/A1 (sky130_fd_sc_hd__mux2_1)
     1    0.033955    0.190470    0.440225    3.298389 v _670_/X (sky130_fd_sc_hd__mux2_1)
                                                         sine_out[6] (net)
                      0.190470    0.000075    3.298464 v sine_out[6] (out)
                                              3.298464   data arrival time

                                 10.000000   10.000000   clock clk (rise edge)
                                  0.000000   10.000000   clock network delay (propagated)
                                 -0.250000    9.750000   clock uncertainty
                                  0.000000    9.750000   clock reconvergence pessimism
                                 -2.000000    7.750000   output external delay
                                              7.750000   data required time
---------------------------------------------------------------------------------------------
                                              7.750000   data required time
                                             -3.298464   data arrival time
---------------------------------------------------------------------------------------------
                                              4.451536   slack (MET)


Startpoint: _793_ (rising edge-triggered flip-flop clocked by clk)
Endpoint: sine_out[9] (output port clocked by clk)
Path Group: clk
Path Type: max

Fanout         Cap        Slew       Delay        Time   Description
---------------------------------------------------------------------------------------------
                                  0.000000    0.000000   clock clk (rise edge)
                                  0.000000    0.000000   clock source latency
     8    0.020919    0.099758    0.068348    0.068348 ^ clk (in)
                                                         clk (net)
                      0.099758    0.000000    0.068348 ^ _793_/CLK (sky130_fd_sc_hd__dfrtp_2)
    67    0.245727    1.138435    1.144965    1.213313 ^ _793_/Q (sky130_fd_sc_hd__dfrtp_2)
                                                         tcout[3] (net)
                      1.138441    0.002323    1.215636 ^ _391_/A (sky130_fd_sc_hd__inv_2)
    27    0.098615    0.423355    0.485101    1.700737 v _391_/Y (sky130_fd_sc_hd__inv_2)
                                                         _335_ (net)
                      0.423364    0.002090    1.702827 v _631_/A (sky130_fd_sc_hd__and4_2)
     2    0.013236    0.063658    0.372535    2.075361 v _631_/X (sky130_fd_sc_hd__and4_2)
                                                         _197_ (net)
                      0.063658    0.000176    2.075537 v _704_/B1 (sky130_fd_sc_hd__a21o_2)
     1    0.002400    0.036821    0.183779    2.259315 v _704_/X (sky130_fd_sc_hd__a21o_2)
                                                         _266_ (net)
                      0.036821    0.000002    2.259317 v _706_/A2 (sky130_fd_sc_hd__a211o_2)
     1    0.003447    0.048492    0.320828    2.580145 v _706_/X (sky130_fd_sc_hd__a211o_2)
                                                         _268_ (net)
                      0.048492    0.000022    2.580167 v _715_/A1 (sky130_fd_sc_hd__a22o_2)
     1    0.003949    0.043289    0.234573    2.814740 v _715_/X (sky130_fd_sc_hd__a22o_2)
                                                         _277_ (net)
                      0.043289    0.000010    2.814750 v _716_/S (sky130_fd_sc_hd__mux2_1)
     1    0.034091    0.188368    0.453691    3.268442 v _716_/X (sky130_fd_sc_hd__mux2_1)
                                                         sine_out[9] (net)
                      0.188368    0.000107    3.268548 v sine_out[9] (out)
                                              3.268548   data arrival time

                                 10.000000   10.000000   clock clk (rise edge)
                                  0.000000   10.000000   clock network delay (propagated)
                                 -0.250000    9.750000   clock uncertainty
                                  0.000000    9.750000   clock reconvergence pessimism
                                 -2.000000    7.750000   output external delay
                                              7.750000   data required time
---------------------------------------------------------------------------------------------
                                              7.750000   data required time
                                             -3.268548   data arrival time
---------------------------------------------------------------------------------------------
                                              4.481452   slack (MET)


Startpoint: _792_ (rising edge-triggered flip-flop clocked by clk)
Endpoint: sine_out[3] (output port clocked by clk)
Path Group: clk
Path Type: max

Fanout         Cap        Slew       Delay        Time   Description
---------------------------------------------------------------------------------------------
                                  0.000000    0.000000   clock clk (rise edge)
                                  0.000000    0.000000   clock source latency
     8    0.020919    0.099758    0.068352    0.068352 ^ clk (in)
                                                         clk (net)
                      0.099758    0.000000    0.068352 ^ _792_/CLK (sky130_fd_sc_hd__dfrtp_2)
    60    0.241099    1.117368    1.129530    1.197883 ^ _792_/Q (sky130_fd_sc_hd__dfrtp_2)
                                                         tcout[2] (net)
                      1.117393    0.004586    1.202469 ^ _438_/A_N (sky130_fd_sc_hd__and2b_2)
     4    0.010369    0.056315    0.334205    1.536674 v _438_/X (sky130_fd_sc_hd__and2b_2)
                                                         _380_ (net)
                      0.056315    0.000004    1.536677 v _573_/A (sky130_fd_sc_hd__or2_2)
     3    0.010554    0.076470    0.327073    1.863751 v _573_/X (sky130_fd_sc_hd__or2_2)
                                                         _141_ (net)
                      0.076470    0.000072    1.863823 v _574_/A2 (sky130_fd_sc_hd__o211a_2)
     1    0.002482    0.040121    0.241199    2.105022 v _574_/X (sky130_fd_sc_hd__o211a_2)
                                                         _142_ (net)
                      0.040121    0.000003    2.105025 v _575_/A2 (sky130_fd_sc_hd__o21a_2)
     1    0.002073    0.031787    0.180439    2.285465 v _575_/X (sky130_fd_sc_hd__o21a_2)
                                                         _143_ (net)
                      0.031787    0.000004    2.285468 v _582_/B (sky130_fd_sc_hd__or4_2)
     1    0.003122    0.101050    0.633244    2.918712 v _582_/X (sky130_fd_sc_hd__or4_2)
                                                         _150_ (net)
                      0.101050    0.000016    2.918728 v _603_/B1 (sky130_fd_sc_hd__a32o_2)
     1    0.034893    0.107477    0.318096    3.236824 v _603_/X (sky130_fd_sc_hd__a32o_2)
                                                         sine_out[3] (net)
                      0.107477    0.000332    3.237155 v sine_out[3] (out)
                                              3.237155   data arrival time

                                 10.000000   10.000000   clock clk (rise edge)
                                  0.000000   10.000000   clock network delay (propagated)
                                 -0.250000    9.750000   clock uncertainty
                                  0.000000    9.750000   clock reconvergence pessimism
                                 -2.000000    7.750000   output external delay
                                              7.750000   data required time
---------------------------------------------------------------------------------------------
                                              7.750000   data required time
                                             -3.237155   data arrival time
---------------------------------------------------------------------------------------------
                                              4.512845   slack (MET)


Startpoint: _793_ (rising edge-triggered flip-flop clocked by clk)
Endpoint: sine_out[11] (output port clocked by clk)
Path Group: clk
Path Type: max

Fanout         Cap        Slew       Delay        Time   Description
---------------------------------------------------------------------------------------------
                                  0.000000    0.000000   clock clk (rise edge)
                                  0.000000    0.000000   clock source latency
     8    0.020919    0.099758    0.068348    0.068348 ^ clk (in)
                                                         clk (net)
                      0.099758    0.000000    0.068348 ^ _793_/CLK (sky130_fd_sc_hd__dfrtp_2)
    67    0.245727    1.138435    1.144965    1.213313 ^ _793_/Q (sky130_fd_sc_hd__dfrtp_2)
                                                         tcout[3] (net)
                      1.138441    0.002323    1.215636 ^ _391_/A (sky130_fd_sc_hd__inv_2)
    27    0.098615    0.423355    0.485101    1.700737 v _391_/Y (sky130_fd_sc_hd__inv_2)
                                                         _335_ (net)
                      0.423357    0.001231    1.701968 v _738_/A1 (sky130_fd_sc_hd__o32a_2)
     1    0.001701    0.049886    0.498712    2.200680 v _738_/X (sky130_fd_sc_hd__o32a_2)
                                                         _297_ (net)
                      0.049886    0.000002    2.200682 v _739_/C_N (sky130_fd_sc_hd__or3b_2)
     1    0.004809    0.046985    0.193260    2.393942 ^ _739_/X (sky130_fd_sc_hd__or3b_2)
                                                         _298_ (net)
                      0.046985    0.000006    2.393949 ^ _743_/A2 (sky130_fd_sc_hd__a31oi_2)
     1    0.004591    0.066579    0.081674    2.475623 v _743_/Y (sky130_fd_sc_hd__a31oi_2)
                                                         _302_ (net)
                      0.066579    0.000056    2.475679 v _749_/C1 (sky130_fd_sc_hd__a211o_2)
     1    0.007349    0.059443    0.286565    2.762244 v _749_/X (sky130_fd_sc_hd__a211o_2)
                                                         _308_ (net)
                      0.059443    0.000096    2.762341 v _750_/S (sky130_fd_sc_hd__mux2_1)
     1    0.033948    0.191033    0.458862    3.221203 v _750_/X (sky130_fd_sc_hd__mux2_1)
                                                         sine_out[11] (net)
                      0.191033    0.000073    3.221276 v sine_out[11] (out)
                                              3.221276   data arrival time

                                 10.000000   10.000000   clock clk (rise edge)
                                  0.000000   10.000000   clock network delay (propagated)
                                 -0.250000    9.750000   clock uncertainty
                                  0.000000    9.750000   clock reconvergence pessimism
                                 -2.000000    7.750000   output external delay
                                              7.750000   data required time
---------------------------------------------------------------------------------------------
                                              7.750000   data required time
                                             -3.221276   data arrival time
---------------------------------------------------------------------------------------------
                                              4.528724   slack (MET)


Startpoint: _793_ (rising edge-triggered flip-flop clocked by clk)
Endpoint: sine_out[7] (output port clocked by clk)
Path Group: clk
Path Type: max

Fanout         Cap        Slew       Delay        Time   Description
---------------------------------------------------------------------------------------------
                                  0.000000    0.000000   clock clk (rise edge)
                                  0.000000    0.000000   clock source latency
     8    0.020919    0.099758    0.068348    0.068348 ^ clk (in)
                                                         clk (net)
                      0.099758    0.000000    0.068348 ^ _793_/CLK (sky130_fd_sc_hd__dfrtp_2)
    67    0.245727    1.138435    1.144965    1.213313 ^ _793_/Q (sky130_fd_sc_hd__dfrtp_2)
                                                         tcout[3] (net)
                      1.138441    0.002323    1.215636 ^ _391_/A (sky130_fd_sc_hd__inv_2)
    27    0.098615    0.423355    0.485101    1.700737 v _391_/Y (sky130_fd_sc_hd__inv_2)
                                                         _335_ (net)
                      0.423357    0.001263    1.701999 v _677_/D1 (sky130_fd_sc_hd__a2111o_2)
     1    0.002749    0.061104    0.468661    2.170660 v _677_/X (sky130_fd_sc_hd__a2111o_2)
                                                         _241_ (net)
                      0.061104    0.000008    2.170668 v _678_/B1 (sky130_fd_sc_hd__a32o_2)
     1    0.001719    0.036663    0.212192    2.382859 v _678_/X (sky130_fd_sc_hd__a32o_2)
                                                         _242_ (net)
                      0.036663    0.000003    2.382862 v _679_/B (sky130_fd_sc_hd__and2_2)
     1    0.003377    0.037933    0.181160    2.564022 v _679_/X (sky130_fd_sc_hd__and2_2)
                                                         _243_ (net)
                      0.037933    0.000020    2.564042 v _683_/B1 (sky130_fd_sc_hd__o22a_2)
     1    0.004999    0.043033    0.199264    2.763306 v _683_/X (sky130_fd_sc_hd__o22a_2)
                                                         _247_ (net)
                      0.043033    0.000030    2.763336 v _686_/S (sky130_fd_sc_hd__mux2_1)
     1    0.033989    0.191196    0.453309    3.216645 v _686_/X (sky130_fd_sc_hd__mux2_1)
                                                         sine_out[7] (net)
                      0.191196    0.000083    3.216728 v sine_out[7] (out)
                                              3.216728   data arrival time

                                 10.000000   10.000000   clock clk (rise edge)
                                  0.000000   10.000000   clock network delay (propagated)
                                 -0.250000    9.750000   clock uncertainty
                                  0.000000    9.750000   clock reconvergence pessimism
                                 -2.000000    7.750000   output external delay
                                              7.750000   data required time
---------------------------------------------------------------------------------------------
                                              7.750000   data required time
                                             -3.216728   data arrival time
---------------------------------------------------------------------------------------------
                                              4.533272   slack (MET)


Startpoint: _793_ (rising edge-triggered flip-flop clocked by clk)
Endpoint: sine_out[8] (output port clocked by clk)
Path Group: clk
Path Type: max

Fanout         Cap        Slew       Delay        Time   Description
---------------------------------------------------------------------------------------------
                                  0.000000    0.000000   clock clk (rise edge)
                                  0.000000    0.000000   clock source latency
     8    0.020919    0.099758    0.068348    0.068348 ^ clk (in)
                                                         clk (net)
                      0.099758    0.000000    0.068348 ^ _793_/CLK (sky130_fd_sc_hd__dfrtp_2)
    67    0.245727    1.138435    1.144965    1.213313 ^ _793_/Q (sky130_fd_sc_hd__dfrtp_2)
                                                         tcout[3] (net)
                      1.138441    0.002323    1.215636 ^ _391_/A (sky130_fd_sc_hd__inv_2)
    27    0.098615    0.423355    0.485101    1.700737 v _391_/Y (sky130_fd_sc_hd__inv_2)
                                                         _335_ (net)
                      0.423367    0.002327    1.703064 v _692_/A (sky130_fd_sc_hd__or3_2)
     1    0.002647    0.075685    0.586193    2.289257 v _692_/X (sky130_fd_sc_hd__or3_2)
                                                         _255_ (net)
                      0.075685    0.000006    2.289263 v _693_/B1 (sky130_fd_sc_hd__o211a_2)
     1    0.002566    0.040406    0.140249    2.429513 v _693_/X (sky130_fd_sc_hd__o211a_2)
                                                         _256_ (net)
                      0.040406    0.000006    2.429518 v _694_/C1 (sky130_fd_sc_hd__a211o_2)
     2    0.008772    0.063383    0.284835    2.714354 v _694_/X (sky130_fd_sc_hd__a211o_2)
                                                         _257_ (net)
                      0.063383    0.000092    2.714445 v _702_/A2 (sky130_fd_sc_hd__a31o_2)
     1    0.002354    0.035935    0.228296    2.942742 v _702_/X (sky130_fd_sc_hd__a31o_2)
                                                         _265_ (net)
                      0.035935    0.000001    2.942743 v _703_/B1 (sky130_fd_sc_hd__o31a_2)
     1    0.034630    0.119624    0.175781    3.118523 v _703_/X (sky130_fd_sc_hd__o31a_2)
                                                         sine_out[8] (net)
                      0.119624    0.000276    3.118799 v sine_out[8] (out)
                                              3.118799   data arrival time

                                 10.000000   10.000000   clock clk (rise edge)
                                  0.000000   10.000000   clock network delay (propagated)
                                 -0.250000    9.750000   clock uncertainty
                                  0.000000    9.750000   clock reconvergence pessimism
                                 -2.000000    7.750000   output external delay
                                              7.750000   data required time
---------------------------------------------------------------------------------------------
                                              7.750000   data required time
                                             -3.118799   data arrival time
---------------------------------------------------------------------------------------------
                                              4.631201   slack (MET)


Startpoint: _793_ (rising edge-triggered flip-flop clocked by clk)
Endpoint: sine_out[1] (output port clocked by clk)
Path Group: clk
Path Type: max

Fanout         Cap        Slew       Delay        Time   Description
---------------------------------------------------------------------------------------------
                                  0.000000    0.000000   clock clk (rise edge)
                                  0.000000    0.000000   clock source latency
     8    0.020919    0.099758    0.068348    0.068348 ^ clk (in)
                                                         clk (net)
                      0.099758    0.000000    0.068348 ^ _793_/CLK (sky130_fd_sc_hd__dfrtp_2)
    67    0.245727    1.138435    1.144965    1.213313 ^ _793_/Q (sky130_fd_sc_hd__dfrtp_2)
                                                         tcout[3] (net)
                      1.138441    0.002323    1.215636 ^ _391_/A (sky130_fd_sc_hd__inv_2)
    27    0.098615    0.423355    0.485101    1.700737 v _391_/Y (sky130_fd_sc_hd__inv_2)
                                                         _335_ (net)
                      0.423357    0.001264    1.702001 v _500_/A1 (sky130_fd_sc_hd__o32a_2)
     1    0.002443    0.052594    0.503635    2.205637 v _500_/X (sky130_fd_sc_hd__o32a_2)
                                                         _070_ (net)
                      0.052594    0.000004    2.205640 v _502_/A2 (sky130_fd_sc_hd__a221o_2)
     1    0.003088    0.053943    0.378037    2.583677 v _502_/X (sky130_fd_sc_hd__a221o_2)
                                                         _072_ (net)
                      0.053943    0.000012    2.583689 v _503_/A2 (sky130_fd_sc_hd__o21a_2)
     1    0.002370    0.032719    0.186839    2.770528 v _503_/X (sky130_fd_sc_hd__o21a_2)
                                                         _073_ (net)
                      0.032719    0.000001    2.770530 v _525_/B2 (sky130_fd_sc_hd__a32o_2)
     1    0.035875    0.109602    0.308499    3.079028 v _525_/X (sky130_fd_sc_hd__a32o_2)
                                                         sine_out[1] (net)
                      0.109602    0.000552    3.079581 v sine_out[1] (out)
                                              3.079581   data arrival time

                                 10.000000   10.000000   clock clk (rise edge)
                                  0.000000   10.000000   clock network delay (propagated)
                                 -0.250000    9.750000   clock uncertainty
                                  0.000000    9.750000   clock reconvergence pessimism
                                 -2.000000    7.750000   output external delay
                                              7.750000   data required time
---------------------------------------------------------------------------------------------
                                              7.750000   data required time
                                             -3.079581   data arrival time
---------------------------------------------------------------------------------------------
                                              4.670419   slack (MET)


Startpoint: _793_ (rising edge-triggered flip-flop clocked by clk)
Endpoint: sine_out[5] (output port clocked by clk)
Path Group: clk
Path Type: max

Fanout         Cap        Slew       Delay        Time   Description
---------------------------------------------------------------------------------------------
                                  0.000000    0.000000   clock clk (rise edge)
                                  0.000000    0.000000   clock source latency
     8    0.020919    0.099758    0.068348    0.068348 ^ clk (in)
                                                         clk (net)
                      0.099758    0.000000    0.068348 ^ _793_/CLK (sky130_fd_sc_hd__dfrtp_2)
    67    0.245727    1.138435    1.144965    1.213313 ^ _793_/Q (sky130_fd_sc_hd__dfrtp_2)
                                                         tcout[3] (net)
                      1.138441    0.002312    1.215625 ^ _399_/C_N (sky130_fd_sc_hd__nor3b_2)
     3    0.015271    0.307994    0.445598    1.661224 ^ _399_/Y (sky130_fd_sc_hd__nor3b_2)
                                                         _342_ (net)
                      0.307994    0.000217    1.661440 ^ _641_/B (sky130_fd_sc_hd__nand2_2)
     2    0.006888    0.146439    0.099784    1.761224 v _641_/Y (sky130_fd_sc_hd__nand2_2)
                                                         _207_ (net)
                      0.146439    0.000013    1.761237 v _642_/B1 (sky130_fd_sc_hd__o2111a_2)
     1    0.004956    0.045367    0.203118    1.964354 v _642_/X (sky130_fd_sc_hd__o2111a_2)
                                                         _208_ (net)
                      0.045367    0.000067    1.964421 v _643_/B1 (sky130_fd_sc_hd__a311o_2)
     2    0.004977    0.061125    0.356058    2.320479 v _643_/X (sky130_fd_sc_hd__a311o_2)
                                                         _209_ (net)
                      0.061125    0.000012    2.320492 v _645_/A3 (sky130_fd_sc_hd__a311o_2)
     1    0.001821    0.049466    0.373285    2.693777 v _645_/X (sky130_fd_sc_hd__a311o_2)
                                                         _211_ (net)
                      0.049466    0.000002    2.693779 v _649_/A2_N (sky130_fd_sc_hd__o2bb2a_2)
     1    0.034737    0.189633    0.354421    3.048199 ^ _649_/X (sky130_fd_sc_hd__o2bb2a_2)
                                                         sine_out[5] (net)
                      0.189633    0.000291    3.048490 ^ sine_out[5] (out)
                                              3.048490   data arrival time

                                 10.000000   10.000000   clock clk (rise edge)
                                  0.000000   10.000000   clock network delay (propagated)
                                 -0.250000    9.750000   clock uncertainty
                                  0.000000    9.750000   clock reconvergence pessimism
                                 -2.000000    7.750000   output external delay
                                              7.750000   data required time
---------------------------------------------------------------------------------------------
                                              7.750000   data required time
                                             -3.048490   data arrival time
---------------------------------------------------------------------------------------------
                                              4.701510   slack (MET)


Startpoint: _794_ (rising edge-triggered flip-flop clocked by clk)
Endpoint: sine_out[4] (output port clocked by clk)
Path Group: clk
Path Type: max

Fanout         Cap        Slew       Delay        Time   Description
---------------------------------------------------------------------------------------------
                                  0.000000    0.000000   clock clk (rise edge)
                                  0.000000    0.000000   clock source latency
     8    0.020919    0.099758    0.068437    0.068437 ^ clk (in)
                                                         clk (net)
                      0.099759    0.000000    0.068437 ^ _794_/CLK (sky130_fd_sc_hd__dfrtp_2)
    56    0.204417    0.948355    1.013232    1.081669 ^ _794_/Q (sky130_fd_sc_hd__dfrtp_2)
                                                         tcout[4] (net)
                      0.948355    0.002646    1.084315 ^ _390_/A (sky130_fd_sc_hd__inv_2)
    25    0.092802    0.366317    0.430938    1.515253 v _390_/Y (sky130_fd_sc_hd__inv_2)
                                                         _334_ (net)
                      0.366321    0.001425    1.516678 v _434_/B (sky130_fd_sc_hd__nor2_2)
     9    0.038178    0.425040    0.461529    1.978207 ^ _434_/Y (sky130_fd_sc_hd__nor2_2)
                                                         _376_ (net)
                      0.425040    0.000312    1.978518 ^ _613_/A1_N (sky130_fd_sc_hd__a2bb2o_2)
     1    0.002426    0.042140    0.321164    2.299682 v _613_/X (sky130_fd_sc_hd__a2bb2o_2)
                                                         _180_ (net)
                      0.042140    0.000002    2.299684 v _614_/B1 (sky130_fd_sc_hd__o211a_2)
     2    0.008007    0.053254    0.142506    2.442190 v _614_/X (sky130_fd_sc_hd__o211a_2)
                                                         _181_ (net)
                      0.053254    0.000072    2.442262 v _626_/A1 (sky130_fd_sc_hd__o211a_2)
     1    0.004376    0.046290    0.261814    2.704076 v _626_/X (sky130_fd_sc_hd__o211a_2)
                                                         _193_ (net)
                      0.046290    0.000006    2.704081 v _627_/B1 (sky130_fd_sc_hd__a21oi_2)
     1    0.034591    0.426012    0.339118    3.043199 ^ _627_/Y (sky130_fd_sc_hd__a21oi_2)
                                                         sine_out[4] (net)
                      0.426012    0.000202    3.043401 ^ sine_out[4] (out)
                                              3.043401   data arrival time

                                 10.000000   10.000000   clock clk (rise edge)
                                  0.000000   10.000000   clock network delay (propagated)
                                 -0.250000    9.750000   clock uncertainty
                                  0.000000    9.750000   clock reconvergence pessimism
                                 -2.000000    7.750000   output external delay
                                              7.750000   data required time
---------------------------------------------------------------------------------------------
                                              7.750000   data required time
                                             -3.043401   data arrival time
---------------------------------------------------------------------------------------------
                                              4.706599   slack (MET)


Startpoint: _792_ (rising edge-triggered flip-flop clocked by clk)
Endpoint: sine_out[2] (output port clocked by clk)
Path Group: clk
Path Type: max

Fanout         Cap        Slew       Delay        Time   Description
---------------------------------------------------------------------------------------------
                                  0.000000    0.000000   clock clk (rise edge)
                                  0.000000    0.000000   clock source latency
     8    0.020919    0.099758    0.068352    0.068352 ^ clk (in)
                                                         clk (net)
                      0.099758    0.000000    0.068352 ^ _792_/CLK (sky130_fd_sc_hd__dfrtp_2)
    60    0.241099    1.117368    1.129530    1.197883 ^ _792_/Q (sky130_fd_sc_hd__dfrtp_2)
                                                         tcout[2] (net)
                      1.117384    0.003691    1.201574 ^ _418_/B (sky130_fd_sc_hd__nand2b_2)
     6    0.016528    0.196668    0.207185    1.408759 v _418_/Y (sky130_fd_sc_hd__nand2b_2)
                                                         _361_ (net)
                      0.196668    0.000129    1.408889 v _454_/C (sky130_fd_sc_hd__and3_2)
     2    0.007177    0.052551    0.288641    1.697530 v _454_/X (sky130_fd_sc_hd__and3_2)
                                                         _025_ (net)
                      0.052551    0.000010    1.697541 v _548_/A2 (sky130_fd_sc_hd__o311a_2)
     1    0.005730    0.062869    0.380585    2.078126 v _548_/X (sky130_fd_sc_hd__o311a_2)
                                                         _117_ (net)
                      0.062869    0.000060    2.078185 v _549_/A2 (sky130_fd_sc_hd__o21a_2)
     1    0.001815    0.030954    0.187784    2.265970 v _549_/X (sky130_fd_sc_hd__o21a_2)
                                                         _118_ (net)
                      0.030954    0.000003    2.265972 v _556_/B (sky130_fd_sc_hd__or3_2)
     1    0.003321    0.077236    0.439307    2.705279 v _556_/X (sky130_fd_sc_hd__or3_2)
                                                         _125_ (net)
                      0.077236    0.000020    2.705299 v _568_/A2 (sky130_fd_sc_hd__a31o_2)
     1    0.035717    0.107888    0.325298    3.030597 v _568_/X (sky130_fd_sc_hd__a31o_2)
                                                         sine_out[2] (net)
                      0.107888    0.000331    3.030928 v sine_out[2] (out)
                                              3.030928   data arrival time

                                 10.000000   10.000000   clock clk (rise edge)
                                  0.000000   10.000000   clock network delay (propagated)
                                 -0.250000    9.750000   clock uncertainty
                                  0.000000    9.750000   clock reconvergence pessimism
                                 -2.000000    7.750000   output external delay
                                              7.750000   data required time
---------------------------------------------------------------------------------------------
                                              7.750000   data required time
                                             -3.030928   data arrival time
---------------------------------------------------------------------------------------------
                                              4.719072   slack (MET)


Startpoint: _793_ (rising edge-triggered flip-flop clocked by clk)
Endpoint: sine_out[0] (output port clocked by clk)
Path Group: clk
Path Type: max

Fanout         Cap        Slew       Delay        Time   Description
---------------------------------------------------------------------------------------------
                                  0.000000    0.000000   clock clk (rise edge)
                                  0.000000    0.000000   clock source latency
     8    0.020919    0.099758    0.068348    0.068348 ^ clk (in)
                                                         clk (net)
                      0.099758    0.000000    0.068348 ^ _793_/CLK (sky130_fd_sc_hd__dfrtp_2)
    67    0.245727    1.138435    1.144965    1.213313 ^ _793_/Q (sky130_fd_sc_hd__dfrtp_2)
                                                         tcout[3] (net)
                      1.138441    0.002323    1.215636 ^ _391_/A (sky130_fd_sc_hd__inv_2)
    27    0.098615    0.423355    0.485101    1.700737 v _391_/Y (sky130_fd_sc_hd__inv_2)
                                                         _335_ (net)
                      0.423357    0.001219    1.701956 v _419_/A (sky130_fd_sc_hd__nand2_2)
     4    0.019551    0.162753    0.255384    1.957341 ^ _419_/Y (sky130_fd_sc_hd__nand2_2)
                                                         _362_ (net)
                      0.162753    0.000299    1.957640 ^ _420_/B (sky130_fd_sc_hd__nand2_2)
     1    0.003289    0.047971    0.065705    2.023345 v _420_/Y (sky130_fd_sc_hd__nand2_2)
                                                         _363_ (net)
                      0.047971    0.000017    2.023362 v _421_/B1 (sky130_fd_sc_hd__a2bb2o_2)
     1    0.001691    0.039600    0.244878    2.268240 v _421_/X (sky130_fd_sc_hd__a2bb2o_2)
                                                         _364_ (net)
                      0.039600    0.000002    2.268242 v _445_/A0 (sky130_fd_sc_hd__mux2_1)
     1    0.004292    0.064767    0.286694    2.554936 v _445_/X (sky130_fd_sc_hd__mux2_1)
                                                         _016_ (net)
                      0.064767    0.000004    2.554940 v _470_/A2 (sky130_fd_sc_hd__o21bai_2)
     1    0.035354    0.409346    0.349352    2.904293 ^ _470_/Y (sky130_fd_sc_hd__o21bai_2)
                                                         sine_out[0] (net)
                      0.409346    0.000277    2.904570 ^ sine_out[0] (out)
                                              2.904570   data arrival time

                                 10.000000   10.000000   clock clk (rise edge)
                                  0.000000   10.000000   clock network delay (propagated)
                                 -0.250000    9.750000   clock uncertainty
                                  0.000000    9.750000   clock reconvergence pessimism
                                 -2.000000    7.750000   output external delay
                                              7.750000   data required time
---------------------------------------------------------------------------------------------
                                              7.750000   data required time
                                             -2.904570   data arrival time
---------------------------------------------------------------------------------------------
                                              4.845430   slack (MET)


Startpoint: _794_ (rising edge-triggered flip-flop clocked by clk)
Endpoint: sine_out[13] (output port clocked by clk)
Path Group: clk
Path Type: max

Fanout         Cap        Slew       Delay        Time   Description
---------------------------------------------------------------------------------------------
                                  0.000000    0.000000   clock clk (rise edge)
                                  0.000000    0.000000   clock source latency
     8    0.020919    0.099758    0.068437    0.068437 ^ clk (in)
                                                         clk (net)
                      0.099759    0.000000    0.068437 ^ _794_/CLK (sky130_fd_sc_hd__dfrtp_2)
    56    0.204417    0.948355    1.013232    1.081669 ^ _794_/Q (sky130_fd_sc_hd__dfrtp_2)
                                                         tcout[4] (net)
                      0.948355    0.002646    1.084315 ^ _390_/A (sky130_fd_sc_hd__inv_2)
    25    0.092802    0.366317    0.430938    1.515253 v _390_/Y (sky130_fd_sc_hd__inv_2)
                                                         _334_ (net)
                      0.366317    0.000005    1.515259 v _762_/A (sky130_fd_sc_hd__or2_2)
     3    0.008093    0.069668    0.431791    1.947050 v _762_/X (sky130_fd_sc_hd__or2_2)
                                                         _319_ (net)
                      0.069668    0.000004    1.947054 v _764_/B1 (sky130_fd_sc_hd__a221o_2)
     1    0.003476    0.054441    0.336537    2.283591 v _764_/X (sky130_fd_sc_hd__a221o_2)
                                                         _321_ (net)
                      0.054441    0.000015    2.283607 v _767_/B1 (sky130_fd_sc_hd__o311a_2)
     1    0.003638    0.058408    0.133396    2.417002 v _767_/X (sky130_fd_sc_hd__o311a_2)
                                                         _324_ (net)
                      0.058408    0.000005    2.417007 v _769_/S (sky130_fd_sc_hd__mux2_1)
     1    0.034092    0.188375    0.458934    2.875942 v _769_/X (sky130_fd_sc_hd__mux2_1)
                                                         sine_out[13] (net)
                      0.188375    0.000107    2.876048 v sine_out[13] (out)
                                              2.876048   data arrival time

                                 10.000000   10.000000   clock clk (rise edge)
                                  0.000000   10.000000   clock network delay (propagated)
                                 -0.250000    9.750000   clock uncertainty
                                  0.000000    9.750000   clock reconvergence pessimism
                                 -2.000000    7.750000   output external delay
                                              7.750000   data required time
---------------------------------------------------------------------------------------------
                                              7.750000   data required time
                                             -2.876048   data arrival time
---------------------------------------------------------------------------------------------
                                              4.873951   slack (MET)


Startpoint: _792_ (rising edge-triggered flip-flop clocked by clk)
Endpoint: sine_out[10] (output port clocked by clk)
Path Group: clk
Path Type: max

Fanout         Cap        Slew       Delay        Time   Description
---------------------------------------------------------------------------------------------
                                  0.000000    0.000000   clock clk (rise edge)
                                  0.000000    0.000000   clock source latency
     8    0.020919    0.099758    0.068352    0.068352 ^ clk (in)
                                                         clk (net)
                      0.099758    0.000000    0.068352 ^ _792_/CLK (sky130_fd_sc_hd__dfrtp_2)
    60    0.241099    1.117368    1.129530    1.197883 ^ _792_/Q (sky130_fd_sc_hd__dfrtp_2)
                                                         tcout[2] (net)
                      1.117384    0.003693    1.201576 ^ _447_/A (sky130_fd_sc_hd__xnor2_2)
    10    0.037191    0.290843    0.356518    1.558093 v _447_/Y (sky130_fd_sc_hd__xnor2_2)
                                                         _018_ (net)
                      0.290843    0.000508    1.558601 v _718_/A1 (sky130_fd_sc_hd__o211a_2)
     1    0.002317    0.039526    0.344866    1.903467 v _718_/X (sky130_fd_sc_hd__o211a_2)
                                                         _278_ (net)
                      0.039526    0.000002    1.903469 v _722_/A2 (sky130_fd_sc_hd__o31a_2)
     1    0.002955    0.051508    0.312638    2.216107 v _722_/X (sky130_fd_sc_hd__o31a_2)
                                                         _282_ (net)
                      0.051508    0.000008    2.216115 v _726_/A3 (sky130_fd_sc_hd__a31o_2)
     2    0.007953    0.049151    0.258632    2.474747 v _726_/X (sky130_fd_sc_hd__a31o_2)
                                                         _286_ (net)
                      0.049151    0.000063    2.474810 v _734_/B1 (sky130_fd_sc_hd__o21a_2)
     1    0.002456    0.033039    0.109361    2.584171 v _734_/X (sky130_fd_sc_hd__o21a_2)
                                                         _294_ (net)
                      0.033039    0.000002    2.584173 v _735_/B1 (sky130_fd_sc_hd__o22a_2)
     1    0.035782    0.118131    0.286867    2.871040 v _735_/X (sky130_fd_sc_hd__o22a_2)
                                                         sine_out[10] (net)
                      0.118131    0.000523    2.871563 v sine_out[10] (out)
                                              2.871563   data arrival time

                                 10.000000   10.000000   clock clk (rise edge)
                                  0.000000   10.000000   clock network delay (propagated)
                                 -0.250000    9.750000   clock uncertainty
                                  0.000000    9.750000   clock reconvergence pessimism
                                 -2.000000    7.750000   output external delay
                                              7.750000   data required time
---------------------------------------------------------------------------------------------
                                              7.750000   data required time
                                             -2.871563   data arrival time
---------------------------------------------------------------------------------------------
                                              4.878438   slack (MET)


Startpoint: _794_ (rising edge-triggered flip-flop clocked by clk)
Endpoint: sine_out[14] (output port clocked by clk)
Path Group: clk
Path Type: max

Fanout         Cap        Slew       Delay        Time   Description
---------------------------------------------------------------------------------------------
                                  0.000000    0.000000   clock clk (rise edge)
                                  0.000000    0.000000   clock source latency
     8    0.020919    0.099758    0.068437    0.068437 ^ clk (in)
                                                         clk (net)
                      0.099759    0.000000    0.068437 ^ _794_/CLK (sky130_fd_sc_hd__dfrtp_2)
    56    0.204417    0.948355    1.013232    1.081669 ^ _794_/Q (sky130_fd_sc_hd__dfrtp_2)
                                                         tcout[4] (net)
                      0.948355    0.002646    1.084315 ^ _390_/A (sky130_fd_sc_hd__inv_2)
    25    0.092802    0.366317    0.430938    1.515253 v _390_/Y (sky130_fd_sc_hd__inv_2)
                                                         _334_ (net)
                      0.366317    0.000005    1.515259 v _762_/A (sky130_fd_sc_hd__or2_2)
     3    0.008093    0.069668    0.431791    1.947050 v _762_/X (sky130_fd_sc_hd__or2_2)
                                                         _319_ (net)
                      0.069668    0.000024    1.947074 v _771_/A3 (sky130_fd_sc_hd__a31o_2)
     1    0.003642    0.040015    0.250524    2.197598 v _771_/X (sky130_fd_sc_hd__a31o_2)
                                                         _327_ (net)
                      0.040015    0.000006    2.197604 v _772_/S (sky130_fd_sc_hd__mux2_1)
     1    0.033969    0.191118    0.452218    2.649822 v _772_/X (sky130_fd_sc_hd__mux2_1)
                                                         sine_out[14] (net)
                      0.191118    0.000078    2.649900 v sine_out[14] (out)
                                              2.649900   data arrival time

                                 10.000000   10.000000   clock clk (rise edge)
                                  0.000000   10.000000   clock network delay (propagated)
                                 -0.250000    9.750000   clock uncertainty
                                  0.000000    9.750000   clock reconvergence pessimism
                                 -2.000000    7.750000   output external delay
                                              7.750000   data required time
---------------------------------------------------------------------------------------------
                                              7.750000   data required time
                                             -2.649900   data arrival time
---------------------------------------------------------------------------------------------
                                              5.100100   slack (MET)


Startpoint: _792_ (rising edge-triggered flip-flop clocked by clk)
Endpoint: sine_out[15] (output port clocked by clk)
Path Group: clk
Path Type: max

Fanout         Cap        Slew       Delay        Time   Description
---------------------------------------------------------------------------------------------
                                  0.000000    0.000000   clock clk (rise edge)
                                  0.000000    0.000000   clock source latency
     8    0.020919    0.099758    0.068352    0.068352 ^ clk (in)
                                                         clk (net)
                      0.099758    0.000000    0.068352 ^ _792_/CLK (sky130_fd_sc_hd__dfrtp_2)
    60    0.223566    0.522358    0.818303    0.886656 v _792_/Q (sky130_fd_sc_hd__dfrtp_2)
                                                         tcout[2] (net)
                      0.522393    0.004434    0.891089 v _450_/B (sky130_fd_sc_hd__nor3_2)
     8    0.044077    0.728647    0.768944    1.660034 ^ _450_/Y (sky130_fd_sc_hd__nor3_2)
                                                         _021_ (net)
                      0.728647    0.000309    1.660343 ^ _684_/A (sky130_fd_sc_hd__nand2_2)
     4    0.011735    0.161601    0.154327    1.814670 v _684_/Y (sky130_fd_sc_hd__nand2_2)
                                                         _248_ (net)
                      0.161601    0.000142    1.814812 v _773_/A2 (sky130_fd_sc_hd__o21a_2)
     1    0.034074    0.105469    0.316284    2.131096 v _773_/X (sky130_fd_sc_hd__o21a_2)
                                                         sine_out[15] (net)
                      0.105469    0.000095    2.131192 v sine_out[15] (out)
                                              2.131192   data arrival time

                                 10.000000   10.000000   clock clk (rise edge)
                                  0.000000   10.000000   clock network delay (propagated)
                                 -0.250000    9.750000   clock uncertainty
                                  0.000000    9.750000   clock reconvergence pessimism
                                 -2.000000    7.750000   output external delay
                                              7.750000   data required time
---------------------------------------------------------------------------------------------
                                              7.750000   data required time
                                             -2.131192   data arrival time
---------------------------------------------------------------------------------------------
                                              5.618808   slack (MET)


Startpoint: _793_ (rising edge-triggered flip-flop clocked by clk)
Endpoint: _797_ (rising edge-triggered flip-flop clocked by clk)
Path Group: clk
Path Type: max

Fanout         Cap        Slew       Delay        Time   Description
---------------------------------------------------------------------------------------------
                                  0.000000    0.000000   clock clk (rise edge)
                                  0.000000    0.000000   clock source latency
     8    0.020919    0.099758    0.068348    0.068348 ^ clk (in)
                                                         clk (net)
                      0.099758    0.000000    0.068348 ^ _793_/CLK (sky130_fd_sc_hd__dfrtp_2)
    67    0.245727    1.138435    1.144965    1.213313 ^ _793_/Q (sky130_fd_sc_hd__dfrtp_2)
                                                         tcout[3] (net)
                      1.138435    0.000462    1.213775 ^ _474_/A (sky130_fd_sc_hd__and2_2)
     8    0.041698    0.223605    0.456288    1.670063 ^ _474_/X (sky130_fd_sc_hd__and2_2)
                                                         _044_ (net)
                      0.223605    0.000126    1.670189 ^ _775_/C (sky130_fd_sc_hd__and3_2)
     4    0.018382    0.123974    0.274102    1.944291 ^ _775_/X (sky130_fd_sc_hd__and3_2)
                                                         _329_ (net)
                      0.123974    0.000095    1.944387 ^ _779_/C (sky130_fd_sc_hd__and3_2)
     2    0.013316    0.097931    0.234332    2.178719 ^ _779_/X (sky130_fd_sc_hd__and3_2)
                                                         _331_ (net)
                      0.097931    0.000013    2.178731 ^ _782_/B (sky130_fd_sc_hd__xnor2_2)
     1    0.002166    0.094930    0.105106    2.283837 ^ _782_/Y (sky130_fd_sc_hd__xnor2_2)
                                                         _007_ (net)
                      0.094930    0.000002    2.283839 ^ _797_/D (sky130_fd_sc_hd__dfrtp_2)
                                              2.283839   data arrival time

                                 10.000000   10.000000   clock clk (rise edge)
                                  0.000000   10.000000   clock source latency
     8    0.020919    0.099758    0.068479   10.068480 ^ clk (in)
                                                         clk (net)
                      0.099759    0.000000   10.068480 ^ _797_/CLK (sky130_fd_sc_hd__dfrtp_2)
                                 -0.250000    9.818480   clock uncertainty
                                  0.000000    9.818480   clock reconvergence pessimism
                                 -0.066672    9.751807   library setup time
                                              9.751807   data required time
---------------------------------------------------------------------------------------------
                                              9.751807   data required time
                                             -2.283839   data arrival time
---------------------------------------------------------------------------------------------
                                              7.467968   slack (MET)


Startpoint: _793_ (rising edge-triggered flip-flop clocked by clk)
Endpoint: _796_ (rising edge-triggered flip-flop clocked by clk)
Path Group: clk
Path Type: max

Fanout         Cap        Slew       Delay        Time   Description
---------------------------------------------------------------------------------------------
                                  0.000000    0.000000   clock clk (rise edge)
                                  0.000000    0.000000   clock source latency
     8    0.020919    0.099758    0.068348    0.068348 ^ clk (in)
                                                         clk (net)
                      0.099758    0.000000    0.068348 ^ _793_/CLK (sky130_fd_sc_hd__dfrtp_2)
    67    0.245727    1.138435    1.144965    1.213313 ^ _793_/Q (sky130_fd_sc_hd__dfrtp_2)
                                                         tcout[3] (net)
                      1.138435    0.000462    1.213775 ^ _474_/A (sky130_fd_sc_hd__and2_2)
     8    0.041698    0.223605    0.456288    1.670063 ^ _474_/X (sky130_fd_sc_hd__and2_2)
                                                         _044_ (net)
                      0.223605    0.000126    1.670189 ^ _775_/C (sky130_fd_sc_hd__and3_2)
     4    0.018382    0.123974    0.274102    1.944291 ^ _775_/X (sky130_fd_sc_hd__and3_2)
                                                         _329_ (net)
                      0.123974    0.000095    1.944387 ^ _779_/C (sky130_fd_sc_hd__and3_2)
     2    0.013316    0.097931    0.234332    2.178719 ^ _779_/X (sky130_fd_sc_hd__and3_2)
                                                         _331_ (net)
                      0.097931    0.000004    2.178723 ^ _781_/A (sky130_fd_sc_hd__nor2_2)
     1    0.002152    0.028623    0.044718    2.223440 v _781_/Y (sky130_fd_sc_hd__nor2_2)
                                                         _006_ (net)
                      0.028623    0.000002    2.223442 v _796_/D (sky130_fd_sc_hd__dfrtp_2)
                                              2.223442   data arrival time

                                 10.000000   10.000000   clock clk (rise edge)
                                  0.000000   10.000000   clock source latency
     8    0.020919    0.099758    0.068479   10.068479 ^ clk (in)
                                                         clk (net)
                      0.099759    0.000000   10.068479 ^ _796_/CLK (sky130_fd_sc_hd__dfrtp_2)
                                 -0.250000    9.818479   clock uncertainty
                                  0.000000    9.818479   clock reconvergence pessimism
                                 -0.095664    9.722815   library setup time
                                              9.722815   data required time
---------------------------------------------------------------------------------------------
                                              9.722815   data required time
                                             -2.223442   data arrival time
---------------------------------------------------------------------------------------------
                                              7.499373   slack (MET)


Startpoint: _793_ (rising edge-triggered flip-flop clocked by clk)
Endpoint: _794_ (rising edge-triggered flip-flop clocked by clk)
Path Group: clk
Path Type: max

Fanout         Cap        Slew       Delay        Time   Description
---------------------------------------------------------------------------------------------
                                  0.000000    0.000000   clock clk (rise edge)
                                  0.000000    0.000000   clock source latency
     8    0.020919    0.099758    0.068348    0.068348 ^ clk (in)
                                                         clk (net)
                      0.099758    0.000000    0.068348 ^ _793_/CLK (sky130_fd_sc_hd__dfrtp_2)
    67    0.245727    1.138435    1.144965    1.213313 ^ _793_/Q (sky130_fd_sc_hd__dfrtp_2)
                                                         tcout[3] (net)
                      1.138435    0.000462    1.213775 ^ _474_/A (sky130_fd_sc_hd__and2_2)
     8    0.041698    0.223605    0.456288    1.670063 ^ _474_/X (sky130_fd_sc_hd__and2_2)
                                                         _044_ (net)
                      0.223605    0.000126    1.670189 ^ _775_/C (sky130_fd_sc_hd__and3_2)
     4    0.018382    0.123974    0.274102    1.944291 ^ _775_/X (sky130_fd_sc_hd__and3_2)
                                                         _329_ (net)
                      0.123974    0.000012    1.944303 ^ _777_/A_N (sky130_fd_sc_hd__and2b_2)
     1    0.002150    0.034241    0.222032    2.166335 v _777_/X (sky130_fd_sc_hd__and2b_2)
                                                         _004_ (net)
                      0.034241    0.000002    2.166337 v _794_/D (sky130_fd_sc_hd__dfrtp_2)
                                              2.166337   data arrival time

                                 10.000000   10.000000   clock clk (rise edge)
                                  0.000000   10.000000   clock source latency
     8    0.020919    0.099758    0.068437   10.068437 ^ clk (in)
                                                         clk (net)
                      0.099759    0.000000   10.068437 ^ _794_/CLK (sky130_fd_sc_hd__dfrtp_2)
                                 -0.250000    9.818437   clock uncertainty
                                  0.000000    9.818437   clock reconvergence pessimism
                                 -0.098122    9.720315   library setup time
                                              9.720315   data required time
---------------------------------------------------------------------------------------------
                                              9.720315   data required time
                                             -2.166337   data arrival time
---------------------------------------------------------------------------------------------
                                              7.553978   slack (MET)


Startpoint: _793_ (rising edge-triggered flip-flop clocked by clk)
Endpoint: _795_ (rising edge-triggered flip-flop clocked by clk)
Path Group: clk
Path Type: max

Fanout         Cap        Slew       Delay        Time   Description
---------------------------------------------------------------------------------------------
                                  0.000000    0.000000   clock clk (rise edge)
                                  0.000000    0.000000   clock source latency
     8    0.020919    0.099758    0.068348    0.068348 ^ clk (in)
                                                         clk (net)
                      0.099758    0.000000    0.068348 ^ _793_/CLK (sky130_fd_sc_hd__dfrtp_2)
    67    0.245727    1.138435    1.144965    1.213313 ^ _793_/Q (sky130_fd_sc_hd__dfrtp_2)
                                                         tcout[3] (net)
                      1.138435    0.000462    1.213775 ^ _474_/A (sky130_fd_sc_hd__and2_2)
     8    0.041698    0.223605    0.456288    1.670063 ^ _474_/X (sky130_fd_sc_hd__and2_2)
                                                         _044_ (net)
                      0.223605    0.000126    1.670189 ^ _775_/C (sky130_fd_sc_hd__and3_2)
     4    0.018382    0.123974    0.274102    1.944291 ^ _775_/X (sky130_fd_sc_hd__and3_2)
                                                         _329_ (net)
                      0.123974    0.000073    1.944364 ^ _778_/B (sky130_fd_sc_hd__xnor2_2)
     1    0.002149    0.100754    0.112175    2.056540 ^ _778_/Y (sky130_fd_sc_hd__xnor2_2)
                                                         _005_ (net)
                      0.100754    0.000002    2.056541 ^ _795_/D (sky130_fd_sc_hd__dfrtp_2)
                                              2.056541   data arrival time

                                 10.000000   10.000000   clock clk (rise edge)
                                  0.000000   10.000000   clock source latency
     8    0.020919    0.099758    0.068463   10.068463 ^ clk (in)
                                                         clk (net)
                      0.099759    0.000000   10.068463 ^ _795_/CLK (sky130_fd_sc_hd__dfrtp_2)
                                 -0.250000    9.818463   clock uncertainty
                                  0.000000    9.818463   clock reconvergence pessimism
                                 -0.068017    9.750447   library setup time
                                              9.750447   data required time
---------------------------------------------------------------------------------------------
                                              9.750447   data required time
                                             -2.056541   data arrival time
---------------------------------------------------------------------------------------------
                                              7.693906   slack (MET)


Startpoint: _792_ (rising edge-triggered flip-flop clocked by clk)
Endpoint: _792_ (rising edge-triggered flip-flop clocked by clk)
Path Group: clk
Path Type: max

Fanout         Cap        Slew       Delay        Time   Description
---------------------------------------------------------------------------------------------
                                  0.000000    0.000000   clock clk (rise edge)
                                  0.000000    0.000000   clock source latency
     8    0.020919    0.099758    0.068352    0.068352 ^ clk (in)
                                                         clk (net)
                      0.099758    0.000000    0.068352 ^ _792_/CLK (sky130_fd_sc_hd__dfrtp_2)
    60    0.241099    1.117368    1.129530    1.197883 ^ _792_/Q (sky130_fd_sc_hd__dfrtp_2)
                                                         tcout[2] (net)
                      1.117373    0.002124    1.200007 ^ _411_/A_N (sky130_fd_sc_hd__and3b_2)
     5    0.021921    0.081093    0.349076    1.549083 v _411_/X (sky130_fd_sc_hd__and3b_2)
                                                         _354_ (net)
                      0.081093    0.000078    1.549161 v _717_/A (sky130_fd_sc_hd__or2_2)
     2    0.007559    0.070051    0.323165    1.872326 v _717_/X (sky130_fd_sc_hd__or2_2)
                                                         _002_ (net)
                      0.070051    0.000025    1.872351 v _792_/D (sky130_fd_sc_hd__dfrtp_2)
                                              1.872351   data arrival time

                                 10.000000   10.000000   clock clk (rise edge)
                                  0.000000   10.000000   clock source latency
     8    0.020919    0.099758    0.068352   10.068353 ^ clk (in)
                                                         clk (net)
                      0.099758    0.000000   10.068353 ^ _792_/CLK (sky130_fd_sc_hd__dfrtp_2)
                                 -0.250000    9.818353   clock uncertainty
                                  0.000000    9.818353   clock reconvergence pessimism
                                 -0.113785    9.704567   library setup time
                                              9.704567   data required time
---------------------------------------------------------------------------------------------
                                              9.704567   data required time
                                             -1.872351   data arrival time
---------------------------------------------------------------------------------------------
                                              7.832216   slack (MET)


Startpoint: _793_ (rising edge-triggered flip-flop clocked by clk)
Endpoint: _793_ (rising edge-triggered flip-flop clocked by clk)
Path Group: clk
Path Type: max

Fanout         Cap        Slew       Delay        Time   Description
---------------------------------------------------------------------------------------------
                                  0.000000    0.000000   clock clk (rise edge)
                                  0.000000    0.000000   clock source latency
     8    0.020919    0.099758    0.068348    0.068348 ^ clk (in)
                                                         clk (net)
                      0.099758    0.000000    0.068348 ^ _793_/CLK (sky130_fd_sc_hd__dfrtp_2)
    67    0.245727    1.138435    1.144965    1.213313 ^ _793_/Q (sky130_fd_sc_hd__dfrtp_2)
                                                         tcout[3] (net)
                      1.138441    0.002319    1.215632 ^ _424_/A_N (sky130_fd_sc_hd__nand2b_2)
    11    0.052756    0.297281    0.464383    1.680015 ^ _424_/Y (sky130_fd_sc_hd__nand2b_2)
                                                         _367_ (net)
                      0.297281    0.000254    1.680269 ^ _774_/A2 (sky130_fd_sc_hd__o211ai_2)
     1    0.002178    0.075044    0.096861    1.777130 v _774_/Y (sky130_fd_sc_hd__o211ai_2)
                                                         _003_ (net)
                      0.075044    0.000003    1.777133 v _793_/D (sky130_fd_sc_hd__dfrtp_2)
                                              1.777133   data arrival time

                                 10.000000   10.000000   clock clk (rise edge)
                                  0.000000   10.000000   clock source latency
     8    0.020919    0.099758    0.068348   10.068348 ^ clk (in)
                                                         clk (net)
                      0.099758    0.000000   10.068348 ^ _793_/CLK (sky130_fd_sc_hd__dfrtp_2)
                                 -0.250000    9.818348   clock uncertainty
                                  0.000000    9.818348   clock reconvergence pessimism
                                 -0.115970    9.702378   library setup time
                                              9.702378   data required time
---------------------------------------------------------------------------------------------
                                              9.702378   data required time
                                             -1.777133   data arrival time
---------------------------------------------------------------------------------------------
                                              7.925246   slack (MET)


Startpoint: rst (input port clocked by clk)
Endpoint: _792_ (recovery check against rising-edge clock clk)
Path Group: asynchronous
Path Type: max

Fanout         Cap        Slew       Delay        Time   Description
---------------------------------------------------------------------------------------------
                                  0.000000    0.000000   clock clk (rise edge)
                                  0.000000    0.000000   clock network delay (propagated)
                                  2.000000    2.000000 v input external delay
     8    0.039356    0.088235    0.062800    2.062800 v rst (in)
                                                         rst (net)
                      0.088236    0.000000    2.062800 v _784_/A (sky130_fd_sc_hd__inv_2)
     1    0.003771    0.035520    0.059500    2.122301 ^ _784_/Y (sky130_fd_sc_hd__inv_2)
                                                         _010_ (net)
                      0.035520    0.000004    2.122305 ^ _792_/RESET_B (sky130_fd_sc_hd__dfrtp_2)
                                              2.122305   data arrival time

                                 10.000000   10.000000   clock clk (rise edge)
                                  0.000000   10.000000   clock source latency
     8    0.020919    0.099758    0.068352   10.068353 ^ clk (in)
                                                         clk (net)
                      0.099758    0.000000   10.068353 ^ _792_/CLK (sky130_fd_sc_hd__dfrtp_2)
                                 -0.250000    9.818353   clock uncertainty
                                  0.000000    9.818353   clock reconvergence pessimism
                                  0.238794   10.057146   library recovery time
                                             10.057146   data required time
---------------------------------------------------------------------------------------------
                                             10.057146   data required time
                                             -2.122305   data arrival time
---------------------------------------------------------------------------------------------
                                              7.934842   slack (MET)


Startpoint: rst (input port clocked by clk)
Endpoint: _797_ (recovery check against rising-edge clock clk)
Path Group: asynchronous
Path Type: max

Fanout         Cap        Slew       Delay        Time   Description
---------------------------------------------------------------------------------------------
                                  0.000000    0.000000   clock clk (rise edge)
                                  0.000000    0.000000   clock network delay (propagated)
                                  2.000000    2.000000 v input external delay
     8    0.039356    0.088235    0.062985    2.062985 v rst (in)
                                                         rst (net)
                      0.088237    0.000000    2.062985 v _789_/A (sky130_fd_sc_hd__inv_2)
     1    0.003748    0.035439    0.059391    2.122375 ^ _789_/Y (sky130_fd_sc_hd__inv_2)
                                                         _015_ (net)
                      0.035439    0.000002    2.122378 ^ _797_/RESET_B (sky130_fd_sc_hd__dfrtp_2)
                                              2.122378   data arrival time

                                 10.000000   10.000000   clock clk (rise edge)
                                  0.000000   10.000000   clock source latency
     8    0.020919    0.099758    0.068479   10.068480 ^ clk (in)
                                                         clk (net)
                      0.099759    0.000000   10.068480 ^ _797_/CLK (sky130_fd_sc_hd__dfrtp_2)
                                 -0.250000    9.818480   clock uncertainty
                                  0.000000    9.818480   clock reconvergence pessimism
                                  0.238818   10.057298   library recovery time
                                             10.057298   data required time
---------------------------------------------------------------------------------------------
                                             10.057298   data required time
                                             -2.122378   data arrival time
---------------------------------------------------------------------------------------------
                                              7.934920   slack (MET)


Startpoint: rst (input port clocked by clk)
Endpoint: _796_ (recovery check against rising-edge clock clk)
Path Group: asynchronous
Path Type: max

Fanout         Cap        Slew       Delay        Time   Description
---------------------------------------------------------------------------------------------
                                  0.000000    0.000000   clock clk (rise edge)
                                  0.000000    0.000000   clock network delay (propagated)
                                  2.000000    2.000000 v input external delay
     8    0.039356    0.088235    0.062984    2.062984 v rst (in)
                                                         rst (net)
                      0.088237    0.000000    2.062984 v _788_/A (sky130_fd_sc_hd__inv_2)
     1    0.003709    0.035297    0.059199    2.122183 ^ _788_/Y (sky130_fd_sc_hd__inv_2)
                                                         _014_ (net)
                      0.035297    0.000002    2.122185 ^ _796_/RESET_B (sky130_fd_sc_hd__dfrtp_2)
                                              2.122185   data arrival time

                                 10.000000   10.000000   clock clk (rise edge)
                                  0.000000   10.000000   clock source latency
     8    0.020919    0.099758    0.068479   10.068479 ^ clk (in)
                                                         clk (net)
                      0.099759    0.000000   10.068479 ^ _796_/CLK (sky130_fd_sc_hd__dfrtp_2)
                                 -0.250000    9.818479   clock uncertainty
                                  0.000000    9.818479   clock reconvergence pessimism
                                  0.238860   10.057340   library recovery time
                                             10.057340   data required time
---------------------------------------------------------------------------------------------
                                             10.057340   data required time
                                             -2.122185   data arrival time
---------------------------------------------------------------------------------------------
                                              7.935155   slack (MET)


Startpoint: rst (input port clocked by clk)
Endpoint: _793_ (recovery check against rising-edge clock clk)
Path Group: asynchronous
Path Type: max

Fanout         Cap        Slew       Delay        Time   Description
---------------------------------------------------------------------------------------------
                                  0.000000    0.000000   clock clk (rise edge)
                                  0.000000    0.000000   clock network delay (propagated)
                                  2.000000    2.000000 v input external delay
     8    0.039356    0.088235    0.062794    2.062794 v rst (in)
                                                         rst (net)
                      0.088236    0.000000    2.062794 v _785_/A (sky130_fd_sc_hd__inv_2)
     1    0.003699    0.035263    0.059153    2.121948 ^ _785_/Y (sky130_fd_sc_hd__inv_2)
                                                         _011_ (net)
                      0.035263    0.000002    2.121950 ^ _793_/RESET_B (sky130_fd_sc_hd__dfrtp_2)
                                              2.121950   data arrival time

                                 10.000000   10.000000   clock clk (rise edge)
                                  0.000000   10.000000   clock source latency
     8    0.020919    0.099758    0.068348   10.068348 ^ clk (in)
                                                         clk (net)
                      0.099758    0.000000   10.068348 ^ _793_/CLK (sky130_fd_sc_hd__dfrtp_2)
                                 -0.250000    9.818348   clock uncertainty
                                  0.000000    9.818348   clock reconvergence pessimism
                                  0.238870   10.057218   library recovery time
                                             10.057218   data required time
---------------------------------------------------------------------------------------------
                                             10.057218   data required time
                                             -2.121950   data arrival time
---------------------------------------------------------------------------------------------
                                              7.935268   slack (MET)


Startpoint: rst (input port clocked by clk)
Endpoint: _791_ (recovery check against rising-edge clock clk)
Path Group: asynchronous
Path Type: max

Fanout         Cap        Slew       Delay        Time   Description
---------------------------------------------------------------------------------------------
                                  0.000000    0.000000   clock clk (rise edge)
                                  0.000000    0.000000   clock network delay (propagated)
                                  2.000000    2.000000 v input external delay
     8    0.039356    0.088235    0.062857    2.062857 v rst (in)
                                                         rst (net)
                      0.088236    0.000000    2.062857 v _783_/A (sky130_fd_sc_hd__inv_2)
     1    0.003684    0.035209    0.059080    2.121937 ^ _783_/Y (sky130_fd_sc_hd__inv_2)
                                                         _009_ (net)
                      0.035209    0.000001    2.121938 ^ _791_/RESET_B (sky130_fd_sc_hd__dfrtp_2)
                                              2.121938   data arrival time

                                 10.000000   10.000000   clock clk (rise edge)
                                  0.000000   10.000000   clock source latency
     8    0.020919    0.099758    0.068415   10.068415 ^ clk (in)
                                                         clk (net)
                      0.099759    0.000000   10.068415 ^ _791_/CLK (sky130_fd_sc_hd__dfrtp_2)
                                 -0.250000    9.818415   clock uncertainty
                                  0.000000    9.818415   clock reconvergence pessimism
                                  0.238886   10.057302   library recovery time
                                             10.057302   data required time
---------------------------------------------------------------------------------------------
                                             10.057302   data required time
                                             -2.121938   data arrival time
---------------------------------------------------------------------------------------------
                                              7.935363   slack (MET)


Startpoint: rst (input port clocked by clk)
Endpoint: _795_ (recovery check against rising-edge clock clk)
Path Group: asynchronous
Path Type: max

Fanout         Cap        Slew       Delay        Time   Description
---------------------------------------------------------------------------------------------
                                  0.000000    0.000000   clock clk (rise edge)
                                  0.000000    0.000000   clock network delay (propagated)
                                  2.000000    2.000000 v input external delay
     8    0.039356    0.088235    0.062955    2.062955 v rst (in)
                                                         rst (net)
                      0.088237    0.000000    2.062955 v _787_/A (sky130_fd_sc_hd__inv_2)
     1    0.003648    0.035081    0.058907    2.121862 ^ _787_/Y (sky130_fd_sc_hd__inv_2)
                                                         _013_ (net)
                      0.035081    0.000000    2.121863 ^ _795_/RESET_B (sky130_fd_sc_hd__dfrtp_2)
                                              2.121863   data arrival time

                                 10.000000   10.000000   clock clk (rise edge)
                                  0.000000   10.000000   clock source latency
     8    0.020919    0.099758    0.068463   10.068463 ^ clk (in)
                                                         clk (net)
                      0.099759    0.000000   10.068463 ^ _795_/CLK (sky130_fd_sc_hd__dfrtp_2)
                                 -0.250000    9.818463   clock uncertainty
                                  0.000000    9.818463   clock reconvergence pessimism
                                  0.238924   10.057387   library recovery time
                                             10.057387   data required time
---------------------------------------------------------------------------------------------
                                             10.057387   data required time
                                             -2.121863   data arrival time
---------------------------------------------------------------------------------------------
                                              7.935524   slack (MET)


Startpoint: rst (input port clocked by clk)
Endpoint: _794_ (recovery check against rising-edge clock clk)
Path Group: asynchronous
Path Type: max

Fanout         Cap        Slew       Delay        Time   Description
---------------------------------------------------------------------------------------------
                                  0.000000    0.000000   clock clk (rise edge)
                                  0.000000    0.000000   clock network delay (propagated)
                                  2.000000    2.000000 v input external delay
     8    0.039356    0.088235    0.062903    2.062903 v rst (in)
                                                         rst (net)
                      0.088236    0.000000    2.062903 v _786_/A (sky130_fd_sc_hd__inv_2)
     1    0.003638    0.035044    0.058858    2.121761 ^ _786_/Y (sky130_fd_sc_hd__inv_2)
                                                         _012_ (net)
                      0.035044    0.000000    2.121762 ^ _794_/RESET_B (sky130_fd_sc_hd__dfrtp_2)
                                              2.121762   data arrival time

                                 10.000000   10.000000   clock clk (rise edge)
                                  0.000000   10.000000   clock source latency
     8    0.020919    0.099758    0.068437   10.068437 ^ clk (in)
                                                         clk (net)
                      0.099759    0.000000   10.068437 ^ _794_/CLK (sky130_fd_sc_hd__dfrtp_2)
                                 -0.250000    9.818437   clock uncertainty
                                  0.000000    9.818437   clock reconvergence pessimism
                                  0.238935   10.057371   library recovery time
                                             10.057371   data required time
---------------------------------------------------------------------------------------------
                                             10.057371   data required time
                                             -2.121762   data arrival time
---------------------------------------------------------------------------------------------
                                              7.935610   slack (MET)


Startpoint: rst (input port clocked by clk)
Endpoint: _790_ (recovery check against rising-edge clock clk)
Path Group: asynchronous
Path Type: max

Fanout         Cap        Slew       Delay        Time   Description
---------------------------------------------------------------------------------------------
                                  0.000000    0.000000   clock clk (rise edge)
                                  0.000000    0.000000   clock network delay (propagated)
                                  2.000000    2.000000 v input external delay
     8    0.039356    0.088235    0.062768    2.062768 v rst (in)
                                                         rst (net)
                      0.088235    0.000000    2.062768 v _394_/A (sky130_fd_sc_hd__inv_2)
     1    0.003616    0.034964    0.058749    2.121517 ^ _394_/Y (sky130_fd_sc_hd__inv_2)
                                                         _008_ (net)
                      0.034964    0.000000    2.121517 ^ _790_/RESET_B (sky130_fd_sc_hd__dfrtp_2)
                                              2.121517   data arrival time

                                 10.000000   10.000000   clock clk (rise edge)
                                  0.000000   10.000000   clock source latency
     8    0.020919    0.099758    0.068368   10.068369 ^ clk (in)
                                                         clk (net)
                      0.099758    0.000000   10.068369 ^ _790_/CLK (sky130_fd_sc_hd__dfrtp_2)
                                 -0.250000    9.818369   clock uncertainty
                                  0.000000    9.818369   clock reconvergence pessimism
                                  0.238958   10.057327   library recovery time
                                             10.057327   data required time
---------------------------------------------------------------------------------------------
                                             10.057327   data required time
                                             -2.121517   data arrival time
---------------------------------------------------------------------------------------------
                                              7.935810   slack (MET)


Startpoint: _790_ (rising edge-triggered flip-flop clocked by clk)
Endpoint: _791_ (rising edge-triggered flip-flop clocked by clk)
Path Group: clk
Path Type: max

Fanout         Cap        Slew       Delay        Time   Description
---------------------------------------------------------------------------------------------
                                  0.000000    0.000000   clock clk (rise edge)
                                  0.000000    0.000000   clock source latency
     8    0.020919    0.099758    0.068368    0.068368 ^ clk (in)
                                                         clk (net)
                      0.099758    0.000000    0.068368 ^ _790_/CLK (sky130_fd_sc_hd__dfrtp_2)
    42    0.162104    0.383932    0.716294    0.784662 v _790_/Q (sky130_fd_sc_hd__dfrtp_2)
                                                         tcout[0] (net)
                      0.383951    0.002967    0.787629 v _432_/A (sky130_fd_sc_hd__xnor2_2)
     9    0.037288    0.504721    0.548267    1.335896 ^ _432_/Y (sky130_fd_sc_hd__xnor2_2)
                                                         _375_ (net)
                      0.504721    0.000163    1.336058 ^ _433_/A (sky130_fd_sc_hd__inv_2)
    14    0.057057    0.198880    0.251675    1.587733 v _433_/Y (sky130_fd_sc_hd__inv_2)
                                                         _001_ (net)
                      0.198880    0.000411    1.588144 v _791_/D (sky130_fd_sc_hd__dfrtp_2)
                                              1.588144   data arrival time

                                 10.000000   10.000000   clock clk (rise edge)
                                  0.000000   10.000000   clock source latency
     8    0.020919    0.099758    0.068415   10.068415 ^ clk (in)
                                                         clk (net)
                      0.099759    0.000000   10.068415 ^ _791_/CLK (sky130_fd_sc_hd__dfrtp_2)
                                 -0.250000    9.818415   clock uncertainty
                                  0.000000    9.818415   clock reconvergence pessimism
                                 -0.170135    9.648280   library setup time
                                              9.648280   data required time
---------------------------------------------------------------------------------------------
                                              9.648280   data required time
                                             -1.588144   data arrival time
---------------------------------------------------------------------------------------------
                                              8.060136   slack (MET)


Startpoint: _790_ (rising edge-triggered flip-flop clocked by clk)
Endpoint: _790_ (rising edge-triggered flip-flop clocked by clk)
Path Group: clk
Path Type: max

Fanout         Cap        Slew       Delay        Time   Description
---------------------------------------------------------------------------------------------
                                  0.000000    0.000000   clock clk (rise edge)
                                  0.000000    0.000000   clock source latency
     8    0.020919    0.099758    0.068368    0.068368 ^ clk (in)
                                                         clk (net)
                      0.099758    0.000000    0.068368 ^ _790_/CLK (sky130_fd_sc_hd__dfrtp_2)
    42    0.173824    0.807515    0.915926    0.984294 ^ _790_/Q (sky130_fd_sc_hd__dfrtp_2)
                                                         tcout[0] (net)
                      0.807515    0.000366    0.984660 ^ _387_/A (sky130_fd_sc_hd__inv_2)
     1    0.001997    0.088337    0.029871    1.014531 v _387_/Y (sky130_fd_sc_hd__inv_2)
                                                         _000_ (net)
                      0.088337    0.000000    1.014532 v _790_/D (sky130_fd_sc_hd__dfrtp_2)
                                              1.014532   data arrival time

                                 10.000000   10.000000   clock clk (rise edge)
                                  0.000000   10.000000   clock source latency
     8    0.020919    0.099758    0.068368   10.068369 ^ clk (in)
                                                         clk (net)
                      0.099758    0.000000   10.068369 ^ _790_/CLK (sky130_fd_sc_hd__dfrtp_2)
                                 -0.250000    9.818369   clock uncertainty
                                  0.000000    9.818369   clock reconvergence pessimism
                                 -0.121784    9.696585   library setup time
                                              9.696585   data required time
---------------------------------------------------------------------------------------------
                                              9.696585   data required time
                                             -1.014532   data arrival time
---------------------------------------------------------------------------------------------
                                              8.682054   slack (MET)



