
===========================================================================
report_checks -path_delay min (Hold)
============================================================================
======================= nom_tt_025C_1v80 Corner ===================================

Startpoint: _790_ (rising edge-triggered flip-flop clocked by clk)
Endpoint: _790_ (rising edge-triggered flip-flop clocked by clk)
Path Group: clk
Path Type: min

Fanout         Cap        Slew       Delay        Time   Description
---------------------------------------------------------------------------------------------
                                  0.000000    0.000000   clock clk (rise edge)
                                  0.000000    0.000000   clock source latency
     8    0.020919    0.099758    0.068368    0.068368 ^ clk (in)
                                                         clk (net)
                      0.099758    0.000000    0.068368 ^ _790_/CLK (sky130_fd_sc_hd__dfrtp_2)
    42    0.162104    0.383932    0.716294    0.784662 v _790_/Q (sky130_fd_sc_hd__dfrtp_2)
                                                         tcout[0] (net)
                      0.383932    0.000341    0.785003 v _387_/A (sky130_fd_sc_hd__inv_2)
     1    0.002053    0.069634    0.106191    0.891194 ^ _387_/Y (sky130_fd_sc_hd__inv_2)
                                                         _000_ (net)
                      0.069634    0.000000    0.891195 ^ _790_/D (sky130_fd_sc_hd__dfrtp_2)
                                              0.891195   data arrival time

                                  0.000000    0.000000   clock clk (rise edge)
                                  0.000000    0.000000   clock source latency
     8    0.020919    0.099758    0.068368    0.068368 ^ clk (in)
                                                         clk (net)
                      0.099758    0.000000    0.068368 ^ _790_/CLK (sky130_fd_sc_hd__dfrtp_2)
                                  0.250000    0.318368   clock uncertainty
                                  0.000000    0.318368   clock reconvergence pessimism
                                 -0.032262    0.286106   library hold time
                                              0.286106   data required time
---------------------------------------------------------------------------------------------
                                              0.286106   data required time
                                             -0.891195   data arrival time
---------------------------------------------------------------------------------------------
                                              0.605089   slack (MET)


Startpoint: _795_ (rising edge-triggered flip-flop clocked by clk)
Endpoint: _796_ (rising edge-triggered flip-flop clocked by clk)
Path Group: clk
Path Type: min

Fanout         Cap        Slew       Delay        Time   Description
---------------------------------------------------------------------------------------------
                                  0.000000    0.000000   clock clk (rise edge)
                                  0.000000    0.000000   clock source latency
     8    0.020919    0.099758    0.068464    0.068464 ^ clk (in)
                                                         clk (net)
                      0.099759    0.000000    0.068464 ^ _795_/CLK (sky130_fd_sc_hd__dfrtp_2)
    25    0.099594    0.249692    0.610402    0.678866 v _795_/Q (sky130_fd_sc_hd__dfrtp_2)
                                                         tcout[5] (net)
                      0.249692    0.000612    0.679478 v _780_/A1 (sky130_fd_sc_hd__a21oi_2)
     1    0.004853    0.102640    0.199742    0.879219 ^ _780_/Y (sky130_fd_sc_hd__a21oi_2)
                                                         _332_ (net)
                      0.102640    0.000003    0.879223 ^ _781_/B (sky130_fd_sc_hd__nor2_2)
     1    0.002152    0.025195    0.035902    0.915125 v _781_/Y (sky130_fd_sc_hd__nor2_2)
                                                         _006_ (net)
                      0.025195    0.000002    0.915127 v _796_/D (sky130_fd_sc_hd__dfrtp_2)
                                              0.915127   data arrival time

                                  0.000000    0.000000   clock clk (rise edge)
                                  0.000000    0.000000   clock source latency
     8    0.020919    0.099758    0.068478    0.068478 ^ clk (in)
                                                         clk (net)
                      0.099759    0.000000    0.068478 ^ _796_/CLK (sky130_fd_sc_hd__dfrtp_2)
                                  0.250000    0.318478   clock uncertainty
                                  0.000000    0.318478   clock reconvergence pessimism
                                 -0.021565    0.296913   library hold time
                                              0.296913   data required time
---------------------------------------------------------------------------------------------
                                              0.296913   data required time
                                             -0.915127   data arrival time
---------------------------------------------------------------------------------------------
                                              0.618213   slack (MET)


Startpoint: _797_ (rising edge-triggered flip-flop clocked by clk)
Endpoint: _797_ (rising edge-triggered flip-flop clocked by clk)
Path Group: clk
Path Type: min

Fanout         Cap        Slew       Delay        Time   Description
---------------------------------------------------------------------------------------------
                                  0.000000    0.000000   clock clk (rise edge)
                                  0.000000    0.000000   clock source latency
     8    0.020919    0.099758    0.068479    0.068479 ^ clk (in)
                                                         clk (net)
                      0.099759    0.000000    0.068479 ^ _797_/CLK (sky130_fd_sc_hd__dfrtp_2)
    15    0.058685    0.160327    0.536233    0.604712 v _797_/Q (sky130_fd_sc_hd__dfrtp_2)
                                                         tcout[7] (net)
                      0.160329    0.000780    0.605492 v _393_/A (sky130_fd_sc_hd__inv_2)
    12    0.052673    0.241984    0.248179    0.853671 ^ _393_/Y (sky130_fd_sc_hd__inv_2)
                                                         _337_ (net)
                      0.241984    0.000275    0.853946 ^ _782_/A (sky130_fd_sc_hd__xnor2_2)
     1    0.002110    0.028983    0.091445    0.945392 v _782_/Y (sky130_fd_sc_hd__xnor2_2)
                                                         _007_ (net)
                      0.028983    0.000002    0.945393 v _797_/D (sky130_fd_sc_hd__dfrtp_2)
                                              0.945393   data arrival time

                                  0.000000    0.000000   clock clk (rise edge)
                                  0.000000    0.000000   clock source latency
     8    0.020919    0.099758    0.068479    0.068479 ^ clk (in)
                                                         clk (net)
                      0.099759    0.000000    0.068479 ^ _797_/CLK (sky130_fd_sc_hd__dfrtp_2)
                                  0.250000    0.318479   clock uncertainty
                                  0.000000    0.318479   clock reconvergence pessimism
                                 -0.023106    0.295373   library hold time
                                              0.295373   data required time
---------------------------------------------------------------------------------------------
                                              0.295373   data required time
                                             -0.945393   data arrival time
---------------------------------------------------------------------------------------------
                                              0.650020   slack (MET)


Startpoint: _795_ (rising edge-triggered flip-flop clocked by clk)
Endpoint: _795_ (rising edge-triggered flip-flop clocked by clk)
Path Group: clk
Path Type: min

Fanout         Cap        Slew       Delay        Time   Description
---------------------------------------------------------------------------------------------
                                  0.000000    0.000000   clock clk (rise edge)
                                  0.000000    0.000000   clock source latency
     8    0.020919    0.099758    0.068464    0.068464 ^ clk (in)
                                                         clk (net)
                      0.099759    0.000000    0.068464 ^ _795_/CLK (sky130_fd_sc_hd__dfrtp_2)
    25    0.099594    0.249692    0.610402    0.678866 v _795_/Q (sky130_fd_sc_hd__dfrtp_2)
                                                         tcout[5] (net)
                      0.249692    0.000420    0.679286 v _389_/A (sky130_fd_sc_hd__inv_2)
    16    0.070095    0.321715    0.342024    1.021310 ^ _389_/Y (sky130_fd_sc_hd__inv_2)
                                                         _333_ (net)
                      0.321715    0.000023    1.021333 ^ _778_/A (sky130_fd_sc_hd__xnor2_2)
     1    0.002093    0.030761    0.099745    1.121078 v _778_/Y (sky130_fd_sc_hd__xnor2_2)
                                                         _005_ (net)
                      0.030761    0.000002    1.121080 v _795_/D (sky130_fd_sc_hd__dfrtp_2)
                                              1.121080   data arrival time

                                  0.000000    0.000000   clock clk (rise edge)
                                  0.000000    0.000000   clock source latency
     8    0.020919    0.099758    0.068464    0.068464 ^ clk (in)
                                                         clk (net)
                      0.099759    0.000000    0.068464 ^ _795_/CLK (sky130_fd_sc_hd__dfrtp_2)
                                  0.250000    0.318464   clock uncertainty
                                  0.000000    0.318464   clock reconvergence pessimism
                                 -0.023829    0.294635   library hold time
                                              0.294635   data required time
---------------------------------------------------------------------------------------------
                                              0.294635   data required time
                                             -1.121080   data arrival time
---------------------------------------------------------------------------------------------
                                              0.826445   slack (MET)


Startpoint: _790_ (rising edge-triggered flip-flop clocked by clk)
Endpoint: _793_ (rising edge-triggered flip-flop clocked by clk)
Path Group: clk
Path Type: min

Fanout         Cap        Slew       Delay        Time   Description
---------------------------------------------------------------------------------------------
                                  0.000000    0.000000   clock clk (rise edge)
                                  0.000000    0.000000   clock source latency
     8    0.020919    0.099758    0.068368    0.068368 ^ clk (in)
                                                         clk (net)
                      0.099758    0.000000    0.068368 ^ _790_/CLK (sky130_fd_sc_hd__dfrtp_2)
    42    0.162104    0.383932    0.716294    0.784662 v _790_/Q (sky130_fd_sc_hd__dfrtp_2)
                                                         tcout[0] (net)
                      0.383932    0.001032    0.785694 v _404_/A (sky130_fd_sc_hd__nand2_2)
     6    0.028937    0.193655    0.284813    1.070507 ^ _404_/Y (sky130_fd_sc_hd__nand2_2)
                                                         _347_ (net)
                      0.193655    0.000240    1.070747 ^ _774_/A1 (sky130_fd_sc_hd__o211ai_2)
     1    0.002178    0.055508    0.103384    1.174131 v _774_/Y (sky130_fd_sc_hd__o211ai_2)
                                                         _003_ (net)
                      0.055508    0.000003    1.174133 v _793_/D (sky130_fd_sc_hd__dfrtp_2)
                                              1.174133   data arrival time

                                  0.000000    0.000000   clock clk (rise edge)
                                  0.000000    0.000000   clock source latency
     8    0.020919    0.099758    0.068348    0.068348 ^ clk (in)
                                                         clk (net)
                      0.099758    0.000000    0.068348 ^ _793_/CLK (sky130_fd_sc_hd__dfrtp_2)
                                  0.250000    0.318348   clock uncertainty
                                  0.000000    0.318348   clock reconvergence pessimism
                                 -0.033898    0.284450   library hold time
                                              0.284450   data required time
---------------------------------------------------------------------------------------------
                                              0.284450   data required time
                                             -1.174133   data arrival time
---------------------------------------------------------------------------------------------
                                              0.889683   slack (MET)


Startpoint: _790_ (rising edge-triggered flip-flop clocked by clk)
Endpoint: _792_ (rising edge-triggered flip-flop clocked by clk)
Path Group: clk
Path Type: min

Fanout         Cap        Slew       Delay        Time   Description
---------------------------------------------------------------------------------------------
                                  0.000000    0.000000   clock clk (rise edge)
                                  0.000000    0.000000   clock source latency
     8    0.020919    0.099758    0.068368    0.068368 ^ clk (in)
                                                         clk (net)
                      0.099758    0.000000    0.068368 ^ _790_/CLK (sky130_fd_sc_hd__dfrtp_2)
    42    0.162104    0.383932    0.716294    0.784662 v _790_/Q (sky130_fd_sc_hd__dfrtp_2)
                                                         tcout[0] (net)
                      0.383932    0.000688    0.785350 v _487_/A1 (sky130_fd_sc_hd__a21boi_2)
     4    0.016774    0.221865    0.347811    1.133161 ^ _487_/Y (sky130_fd_sc_hd__a21boi_2)
                                                         _057_ (net)
                      0.221865    0.000016    1.133177 ^ _717_/B (sky130_fd_sc_hd__or2_2)
     2    0.008058    0.053255    0.169535    1.302712 ^ _717_/X (sky130_fd_sc_hd__or2_2)
                                                         _002_ (net)
                      0.053255    0.000026    1.302739 ^ _792_/D (sky130_fd_sc_hd__dfrtp_2)
                                              1.302739   data arrival time

                                  0.000000    0.000000   clock clk (rise edge)
                                  0.000000    0.000000   clock source latency
     8    0.020919    0.099758    0.068352    0.068352 ^ clk (in)
                                                         clk (net)
                      0.099758    0.000000    0.068352 ^ _792_/CLK (sky130_fd_sc_hd__dfrtp_2)
                                  0.250000    0.318352   clock uncertainty
                                  0.000000    0.318352   clock reconvergence pessimism
                                 -0.028893    0.289460   library hold time
                                              0.289460   data required time
---------------------------------------------------------------------------------------------
                                              0.289460   data required time
                                             -1.302739   data arrival time
---------------------------------------------------------------------------------------------
                                              1.013279   slack (MET)


Startpoint: _794_ (rising edge-triggered flip-flop clocked by clk)
Endpoint: _794_ (rising edge-triggered flip-flop clocked by clk)
Path Group: clk
Path Type: min

Fanout         Cap        Slew       Delay        Time   Description
---------------------------------------------------------------------------------------------
                                  0.000000    0.000000   clock clk (rise edge)
                                  0.000000    0.000000   clock source latency
     8    0.020919    0.099758    0.068437    0.068437 ^ clk (in)
                                                         clk (net)
                      0.099759    0.000000    0.068437 ^ _794_/CLK (sky130_fd_sc_hd__dfrtp_2)
    56    0.189193    0.444869    0.761428    0.829865 v _794_/Q (sky130_fd_sc_hd__dfrtp_2)
                                                         tcout[4] (net)
                      0.444869    0.000821    0.830685 v _776_/B1 (sky130_fd_sc_hd__a21o_2)
     1    0.001806    0.028728    0.325468    1.156153 v _776_/X (sky130_fd_sc_hd__a21o_2)
                                                         _330_ (net)
                      0.028728    0.000002    1.156155 v _777_/B (sky130_fd_sc_hd__and2b_2)
     1    0.002150    0.033396    0.173836    1.329992 v _777_/X (sky130_fd_sc_hd__and2b_2)
                                                         _004_ (net)
                      0.033396    0.000002    1.329994 v _794_/D (sky130_fd_sc_hd__dfrtp_2)
                                              1.329994   data arrival time

                                  0.000000    0.000000   clock clk (rise edge)
                                  0.000000    0.000000   clock source latency
     8    0.020919    0.099758    0.068437    0.068437 ^ clk (in)
                                                         clk (net)
                      0.099759    0.000000    0.068437 ^ _794_/CLK (sky130_fd_sc_hd__dfrtp_2)
                                  0.250000    0.318437   clock uncertainty
                                  0.000000    0.318437   clock reconvergence pessimism
                                 -0.024902    0.293535   library hold time
                                              0.293535   data required time
---------------------------------------------------------------------------------------------
                                              0.293535   data required time
                                             -1.329994   data arrival time
---------------------------------------------------------------------------------------------
                                              1.036458   slack (MET)


Startpoint: _791_ (rising edge-triggered flip-flop clocked by clk)
Endpoint: _791_ (rising edge-triggered flip-flop clocked by clk)
Path Group: clk
Path Type: min

Fanout         Cap        Slew       Delay        Time   Description
---------------------------------------------------------------------------------------------
                                  0.000000    0.000000   clock clk (rise edge)
                                  0.000000    0.000000   clock source latency
     8    0.020919    0.099758    0.068415    0.068415 ^ clk (in)
                                                         clk (net)
                      0.099759    0.000000    0.068415 ^ _791_/CLK (sky130_fd_sc_hd__dfrtp_2)
    44    0.162580    0.385071    0.716905    0.785320 v _791_/Q (sky130_fd_sc_hd__dfrtp_2)
                                                         tcout[1] (net)
                      0.385091    0.003027    0.788347 v _432_/B (sky130_fd_sc_hd__xnor2_2)
     9    0.033659    0.155620    0.339344    1.127691 v _432_/Y (sky130_fd_sc_hd__xnor2_2)
                                                         _375_ (net)
                      0.155620    0.000146    1.127837 v _433_/A (sky130_fd_sc_hd__inv_2)
    14    0.061816    0.282037    0.274453    1.402290 ^ _433_/Y (sky130_fd_sc_hd__inv_2)
                                                         _001_ (net)
                      0.282038    0.000441    1.402732 ^ _791_/D (sky130_fd_sc_hd__dfrtp_2)
                                              1.402732   data arrival time

                                  0.000000    0.000000   clock clk (rise edge)
                                  0.000000    0.000000   clock source latency
     8    0.020919    0.099758    0.068415    0.068415 ^ clk (in)
                                                         clk (net)
                      0.099759    0.000000    0.068415 ^ _791_/CLK (sky130_fd_sc_hd__dfrtp_2)
                                  0.250000    0.318415   clock uncertainty
                                  0.000000    0.318415   clock reconvergence pessimism
                                 -0.075958    0.242457   library hold time
                                              0.242457   data required time
---------------------------------------------------------------------------------------------
                                              0.242457   data required time
                                             -1.402732   data arrival time
---------------------------------------------------------------------------------------------
                                              1.160275   slack (MET)


Startpoint: rst (input port clocked by clk)
Endpoint: _790_ (removal check against rising-edge clock clk)
Path Group: asynchronous
Path Type: min

Fanout         Cap        Slew       Delay        Time   Description
---------------------------------------------------------------------------------------------
                                  0.000000    0.000000   clock clk (rise edge)
                                  0.000000    0.000000   clock network delay (propagated)
                                  2.000000    2.000000 v input external delay
     8    0.039356    0.088235    0.062768    2.062768 v rst (in)
                                                         rst (net)
                      0.088235    0.000000    2.062768 v _394_/A (sky130_fd_sc_hd__inv_2)
     1    0.003616    0.034964    0.058749    2.121517 ^ _394_/Y (sky130_fd_sc_hd__inv_2)
                                                         _008_ (net)
                      0.034964    0.000000    2.121517 ^ _790_/RESET_B (sky130_fd_sc_hd__dfrtp_2)
                                              2.121517   data arrival time

                                  0.000000    0.000000   clock clk (rise edge)
                                  0.000000    0.000000   clock source latency
     8    0.020919    0.099758    0.068368    0.068368 ^ clk (in)
                                                         clk (net)
                      0.099758    0.000000    0.068368 ^ _790_/CLK (sky130_fd_sc_hd__dfrtp_2)
                                  0.250000    0.318368   clock uncertainty
                                  0.000000    0.318368   clock reconvergence pessimism
                                  0.332579    0.650947   library removal time
                                              0.650947   data required time
---------------------------------------------------------------------------------------------
                                              0.650947   data required time
                                             -2.121517   data arrival time
---------------------------------------------------------------------------------------------
                                              1.470570   slack (MET)


Startpoint: rst (input port clocked by clk)
Endpoint: _794_ (removal check against rising-edge clock clk)
Path Group: asynchronous
Path Type: min

Fanout         Cap        Slew       Delay        Time   Description
---------------------------------------------------------------------------------------------
                                  0.000000    0.000000   clock clk (rise edge)
                                  0.000000    0.000000   clock network delay (propagated)
                                  2.000000    2.000000 v input external delay
     8    0.039356    0.088235    0.062903    2.062903 v rst (in)
                                                         rst (net)
                      0.088236    0.000000    2.062903 v _786_/A (sky130_fd_sc_hd__inv_2)
     1    0.003638    0.035044    0.058858    2.121761 ^ _786_/Y (sky130_fd_sc_hd__inv_2)
                                                         _012_ (net)
                      0.035044    0.000000    2.121762 ^ _794_/RESET_B (sky130_fd_sc_hd__dfrtp_2)
                                              2.121762   data arrival time

                                  0.000000    0.000000   clock clk (rise edge)
                                  0.000000    0.000000   clock source latency
     8    0.020919    0.099758    0.068437    0.068437 ^ clk (in)
                                                         clk (net)
                      0.099759    0.000000    0.068437 ^ _794_/CLK (sky130_fd_sc_hd__dfrtp_2)
                                  0.250000    0.318437   clock uncertainty
                                  0.000000    0.318437   clock reconvergence pessimism
                                  0.332601    0.651038   library removal time
                                              0.651038   data required time
---------------------------------------------------------------------------------------------
                                              0.651038   data required time
                                             -2.121762   data arrival time
---------------------------------------------------------------------------------------------
                                              1.470724   slack (MET)


Startpoint: rst (input port clocked by clk)
Endpoint: _795_ (removal check against rising-edge clock clk)
Path Group: asynchronous
Path Type: min

Fanout         Cap        Slew       Delay        Time   Description
---------------------------------------------------------------------------------------------
                                  0.000000    0.000000   clock clk (rise edge)
                                  0.000000    0.000000   clock network delay (propagated)
                                  2.000000    2.000000 v input external delay
     8    0.039356    0.088235    0.062955    2.062955 v rst (in)
                                                         rst (net)
                      0.088237    0.000000    2.062955 v _787_/A (sky130_fd_sc_hd__inv_2)
     1    0.003648    0.035081    0.058907    2.121862 ^ _787_/Y (sky130_fd_sc_hd__inv_2)
                                                         _013_ (net)
                      0.035081    0.000000    2.121863 ^ _795_/RESET_B (sky130_fd_sc_hd__dfrtp_2)
                                              2.121863   data arrival time

                                  0.000000    0.000000   clock clk (rise edge)
                                  0.000000    0.000000   clock source latency
     8    0.020919    0.099758    0.068464    0.068464 ^ clk (in)
                                                         clk (net)
                      0.099759    0.000000    0.068464 ^ _795_/CLK (sky130_fd_sc_hd__dfrtp_2)
                                  0.250000    0.318464   clock uncertainty
                                  0.000000    0.318464   clock reconvergence pessimism
                                  0.332610    0.651074   library removal time
                                              0.651074   data required time
---------------------------------------------------------------------------------------------
                                              0.651074   data required time
                                             -2.121863   data arrival time
---------------------------------------------------------------------------------------------
                                              1.470789   slack (MET)


Startpoint: rst (input port clocked by clk)
Endpoint: _791_ (removal check against rising-edge clock clk)
Path Group: asynchronous
Path Type: min

Fanout         Cap        Slew       Delay        Time   Description
---------------------------------------------------------------------------------------------
                                  0.000000    0.000000   clock clk (rise edge)
                                  0.000000    0.000000   clock network delay (propagated)
                                  2.000000    2.000000 v input external delay
     8    0.039356    0.088235    0.062857    2.062857 v rst (in)
                                                         rst (net)
                      0.088236    0.000000    2.062857 v _783_/A (sky130_fd_sc_hd__inv_2)
     1    0.003684    0.035209    0.059080    2.121937 ^ _783_/Y (sky130_fd_sc_hd__inv_2)
                                                         _009_ (net)
                      0.035209    0.000001    2.121938 ^ _791_/RESET_B (sky130_fd_sc_hd__dfrtp_2)
                                              2.121938   data arrival time

                                  0.000000    0.000000   clock clk (rise edge)
                                  0.000000    0.000000   clock source latency
     8    0.020919    0.099758    0.068415    0.068415 ^ clk (in)
                                                         clk (net)
                      0.099759    0.000000    0.068415 ^ _791_/CLK (sky130_fd_sc_hd__dfrtp_2)
                                  0.250000    0.318415   clock uncertainty
                                  0.000000    0.318415   clock reconvergence pessimism
                                  0.332645    0.651060   library removal time
                                              0.651060   data required time
---------------------------------------------------------------------------------------------
                                              0.651060   data required time
                                             -2.121938   data arrival time
---------------------------------------------------------------------------------------------
                                              1.470878   slack (MET)


Startpoint: rst (input port clocked by clk)
Endpoint: _793_ (removal check against rising-edge clock clk)
Path Group: asynchronous
Path Type: min

Fanout         Cap        Slew       Delay        Time   Description
---------------------------------------------------------------------------------------------
                                  0.000000    0.000000   clock clk (rise edge)
                                  0.000000    0.000000   clock network delay (propagated)
                                  2.000000    2.000000 v input external delay
     8    0.039356    0.088235    0.062794    2.062794 v rst (in)
                                                         rst (net)
                      0.088236    0.000000    2.062794 v _785_/A (sky130_fd_sc_hd__inv_2)
     1    0.003699    0.035263    0.059153    2.121948 ^ _785_/Y (sky130_fd_sc_hd__inv_2)
                                                         _011_ (net)
                      0.035263    0.000002    2.121950 ^ _793_/RESET_B (sky130_fd_sc_hd__dfrtp_2)
                                              2.121950   data arrival time

                                  0.000000    0.000000   clock clk (rise edge)
                                  0.000000    0.000000   clock source latency
     8    0.020919    0.099758    0.068348    0.068348 ^ clk (in)
                                                         clk (net)
                      0.099758    0.000000    0.068348 ^ _793_/CLK (sky130_fd_sc_hd__dfrtp_2)
                                  0.250000    0.318348   clock uncertainty
                                  0.000000    0.318348   clock reconvergence pessimism
                                  0.332660    0.651008   library removal time
                                              0.651008   data required time
---------------------------------------------------------------------------------------------
                                              0.651008   data required time
                                             -2.121950   data arrival time
---------------------------------------------------------------------------------------------
                                              1.470942   slack (MET)


Startpoint: rst (input port clocked by clk)
Endpoint: _796_ (removal check against rising-edge clock clk)
Path Group: asynchronous
Path Type: min

Fanout         Cap        Slew       Delay        Time   Description
---------------------------------------------------------------------------------------------
                                  0.000000    0.000000   clock clk (rise edge)
                                  0.000000    0.000000   clock network delay (propagated)
                                  2.000000    2.000000 v input external delay
     8    0.039356    0.088235    0.062984    2.062984 v rst (in)
                                                         rst (net)
                      0.088237    0.000000    2.062984 v _788_/A (sky130_fd_sc_hd__inv_2)
     1    0.003709    0.035297    0.059199    2.122183 ^ _788_/Y (sky130_fd_sc_hd__inv_2)
                                                         _014_ (net)
                      0.035297    0.000002    2.122185 ^ _796_/RESET_B (sky130_fd_sc_hd__dfrtp_2)
                                              2.122185   data arrival time

                                  0.000000    0.000000   clock clk (rise edge)
                                  0.000000    0.000000   clock source latency
     8    0.020919    0.099758    0.068478    0.068478 ^ clk (in)
                                                         clk (net)
                      0.099759    0.000000    0.068478 ^ _796_/CLK (sky130_fd_sc_hd__dfrtp_2)
                                  0.250000    0.318478   clock uncertainty
                                  0.000000    0.318478   clock reconvergence pessimism
                                  0.332669    0.651148   library removal time
                                              0.651148   data required time
---------------------------------------------------------------------------------------------
                                              0.651148   data required time
                                             -2.122185   data arrival time
---------------------------------------------------------------------------------------------
                                              1.471037   slack (MET)


Startpoint: rst (input port clocked by clk)
Endpoint: _797_ (removal check against rising-edge clock clk)
Path Group: asynchronous
Path Type: min

Fanout         Cap        Slew       Delay        Time   Description
---------------------------------------------------------------------------------------------
                                  0.000000    0.000000   clock clk (rise edge)
                                  0.000000    0.000000   clock network delay (propagated)
                                  2.000000    2.000000 v input external delay
     8    0.039356    0.088235    0.062985    2.062985 v rst (in)
                                                         rst (net)
                      0.088237    0.000000    2.062985 v _789_/A (sky130_fd_sc_hd__inv_2)
     1    0.003748    0.035439    0.059391    2.122375 ^ _789_/Y (sky130_fd_sc_hd__inv_2)
                                                         _015_ (net)
                      0.035439    0.000002    2.122378 ^ _797_/RESET_B (sky130_fd_sc_hd__dfrtp_2)
                                              2.122378   data arrival time

                                  0.000000    0.000000   clock clk (rise edge)
                                  0.000000    0.000000   clock source latency
     8    0.020919    0.099758    0.068479    0.068479 ^ clk (in)
                                                         clk (net)
                      0.099759    0.000000    0.068479 ^ _797_/CLK (sky130_fd_sc_hd__dfrtp_2)
                                  0.250000    0.318479   clock uncertainty
                                  0.000000    0.318479   clock reconvergence pessimism
                                  0.332708    0.651187   library removal time
                                              0.651187   data required time
---------------------------------------------------------------------------------------------
                                              0.651187   data required time
                                             -2.122378   data arrival time
---------------------------------------------------------------------------------------------
                                              1.471191   slack (MET)


Startpoint: rst (input port clocked by clk)
Endpoint: _792_ (removal check against rising-edge clock clk)
Path Group: asynchronous
Path Type: min

Fanout         Cap        Slew       Delay        Time   Description
---------------------------------------------------------------------------------------------
                                  0.000000    0.000000   clock clk (rise edge)
                                  0.000000    0.000000   clock network delay (propagated)
                                  2.000000    2.000000 v input external delay
     8    0.039356    0.088235    0.062800    2.062800 v rst (in)
                                                         rst (net)
                      0.088236    0.000000    2.062800 v _784_/A (sky130_fd_sc_hd__inv_2)
     1    0.003771    0.035520    0.059500    2.122301 ^ _784_/Y (sky130_fd_sc_hd__inv_2)
                                                         _010_ (net)
                      0.035520    0.000004    2.122305 ^ _792_/RESET_B (sky130_fd_sc_hd__dfrtp_2)
                                              2.122305   data arrival time

                                  0.000000    0.000000   clock clk (rise edge)
                                  0.000000    0.000000   clock source latency
     8    0.020919    0.099758    0.068352    0.068352 ^ clk (in)
                                                         clk (net)
                      0.099758    0.000000    0.068352 ^ _792_/CLK (sky130_fd_sc_hd__dfrtp_2)
                                  0.250000    0.318352   clock uncertainty
                                  0.000000    0.318352   clock reconvergence pessimism
                                  0.332730    0.651082   library removal time
                                              0.651082   data required time
---------------------------------------------------------------------------------------------
                                              0.651082   data required time
                                             -2.122305   data arrival time
---------------------------------------------------------------------------------------------
                                              1.471222   slack (MET)


Startpoint: _797_ (rising edge-triggered flip-flop clocked by clk)
Endpoint: sine_out[15] (output port clocked by clk)
Path Group: clk
Path Type: min

Fanout         Cap        Slew       Delay        Time   Description
---------------------------------------------------------------------------------------------
                                  0.000000    0.000000   clock clk (rise edge)
                                  0.000000    0.000000   clock source latency
     8    0.020919    0.099758    0.068479    0.068479 ^ clk (in)
                                                         clk (net)
                      0.099759    0.000000    0.068479 ^ _797_/CLK (sky130_fd_sc_hd__dfrtp_2)
    15    0.058685    0.160327    0.536233    0.604712 v _797_/Q (sky130_fd_sc_hd__dfrtp_2)
                                                         tcout[7] (net)
                      0.160330    0.000924    0.605636 v _773_/B1 (sky130_fd_sc_hd__o21a_2)
     1    0.034074    0.097096    0.235701    0.841338 v _773_/X (sky130_fd_sc_hd__o21a_2)
                                                         sine_out[15] (net)
                      0.097096    0.000096    0.841433 v sine_out[15] (out)
                                              0.841433   data arrival time

                                  0.000000    0.000000   clock clk (rise edge)
                                  0.000000    0.000000   clock network delay (propagated)
                                  0.250000    0.250000   clock uncertainty
                                  0.000000    0.250000   clock reconvergence pessimism
                                 -2.000000   -1.750000   output external delay
                                             -1.750000   data required time
---------------------------------------------------------------------------------------------
                                             -1.750000   data required time
                                             -0.841433   data arrival time
---------------------------------------------------------------------------------------------
                                              2.591433   slack (MET)


Startpoint: _797_ (rising edge-triggered flip-flop clocked by clk)
Endpoint: sine_out[10] (output port clocked by clk)
Path Group: clk
Path Type: min

Fanout         Cap        Slew       Delay        Time   Description
---------------------------------------------------------------------------------------------
                                  0.000000    0.000000   clock clk (rise edge)
                                  0.000000    0.000000   clock source latency
     8    0.020919    0.099758    0.068479    0.068479 ^ clk (in)
                                                         clk (net)
                      0.099759    0.000000    0.068479 ^ _797_/CLK (sky130_fd_sc_hd__dfrtp_2)
    15    0.058685    0.160327    0.536233    0.604712 v _797_/Q (sky130_fd_sc_hd__dfrtp_2)
                                                         tcout[7] (net)
                      0.160327    0.000595    0.605307 v _735_/B2 (sky130_fd_sc_hd__o22a_2)
     1    0.035782    0.107471    0.319462    0.924770 v _735_/X (sky130_fd_sc_hd__o22a_2)
                                                         sine_out[10] (net)
                      0.107471    0.000523    0.925292 v sine_out[10] (out)
                                              0.925292   data arrival time

                                  0.000000    0.000000   clock clk (rise edge)
                                  0.000000    0.000000   clock network delay (propagated)
                                  0.250000    0.250000   clock uncertainty
                                  0.000000    0.250000   clock reconvergence pessimism
                                 -2.000000   -1.750000   output external delay
                                             -1.750000   data required time
---------------------------------------------------------------------------------------------
                                             -1.750000   data required time
                                             -0.925292   data arrival time
---------------------------------------------------------------------------------------------
                                              2.675292   slack (MET)


Startpoint: _797_ (rising edge-triggered flip-flop clocked by clk)
Endpoint: sine_out[4] (output port clocked by clk)
Path Group: clk
Path Type: min

Fanout         Cap        Slew       Delay        Time   Description
---------------------------------------------------------------------------------------------
                                  0.000000    0.000000   clock clk (rise edge)
                                  0.000000    0.000000   clock source latency
     8    0.020919    0.099758    0.068479    0.068479 ^ clk (in)
                                                         clk (net)
                      0.099759    0.000000    0.068479 ^ _797_/CLK (sky130_fd_sc_hd__dfrtp_2)
    15    0.062062    0.297075    0.559335    0.627814 ^ _797_/Q (sky130_fd_sc_hd__dfrtp_2)
                                                         tcout[7] (net)
                      0.297076    0.001112    0.628926 ^ _626_/C1 (sky130_fd_sc_hd__o211a_2)
     1    0.004964    0.053615    0.241171    0.870097 ^ _626_/X (sky130_fd_sc_hd__o211a_2)
                                                         _193_ (net)
                      0.053615    0.000006    0.870104 ^ _627_/B1 (sky130_fd_sc_hd__a21oi_2)
     1    0.034591    0.080638    0.083906    0.954010 v _627_/Y (sky130_fd_sc_hd__a21oi_2)
                                                         sine_out[4] (net)
                      0.080639    0.000202    0.954212 v sine_out[4] (out)
                                              0.954212   data arrival time

                                  0.000000    0.000000   clock clk (rise edge)
                                  0.000000    0.000000   clock network delay (propagated)
                                  0.250000    0.250000   clock uncertainty
                                  0.000000    0.250000   clock reconvergence pessimism
                                 -2.000000   -1.750000   output external delay
                                             -1.750000   data required time
---------------------------------------------------------------------------------------------
                                             -1.750000   data required time
                                             -0.954212   data arrival time
---------------------------------------------------------------------------------------------
                                              2.704212   slack (MET)


Startpoint: _797_ (rising edge-triggered flip-flop clocked by clk)
Endpoint: sine_out[5] (output port clocked by clk)
Path Group: clk
Path Type: min

Fanout         Cap        Slew       Delay        Time   Description
---------------------------------------------------------------------------------------------
                                  0.000000    0.000000   clock clk (rise edge)
                                  0.000000    0.000000   clock source latency
     8    0.020919    0.099758    0.068479    0.068479 ^ clk (in)
                                                         clk (net)
                      0.099759    0.000000    0.068479 ^ _797_/CLK (sky130_fd_sc_hd__dfrtp_2)
    15    0.058685    0.160327    0.536233    0.604712 v _797_/Q (sky130_fd_sc_hd__dfrtp_2)
                                                         tcout[7] (net)
                      0.160327    0.000547    0.605259 v _648_/A (sky130_fd_sc_hd__nand2_2)
     1    0.001990    0.032503    0.081564    0.686823 ^ _648_/Y (sky130_fd_sc_hd__nand2_2)
                                                         _214_ (net)
                      0.032503    0.000002    0.686825 ^ _649_/B1 (sky130_fd_sc_hd__o2bb2a_2)
     1    0.034737    0.187829    0.282156    0.968982 ^ _649_/X (sky130_fd_sc_hd__o2bb2a_2)
                                                         sine_out[5] (net)
                      0.187829    0.000291    0.969272 ^ sine_out[5] (out)
                                              0.969272   data arrival time

                                  0.000000    0.000000   clock clk (rise edge)
                                  0.000000    0.000000   clock network delay (propagated)
                                  0.250000    0.250000   clock uncertainty
                                  0.000000    0.250000   clock reconvergence pessimism
                                 -2.000000   -1.750000   output external delay
                                             -1.750000   data required time
---------------------------------------------------------------------------------------------
                                             -1.750000   data required time
                                             -0.969272   data arrival time
---------------------------------------------------------------------------------------------
                                              2.719272   slack (MET)


Startpoint: _797_ (rising edge-triggered flip-flop clocked by clk)
Endpoint: sine_out[3] (output port clocked by clk)
Path Group: clk
Path Type: min

Fanout         Cap        Slew       Delay        Time   Description
---------------------------------------------------------------------------------------------
                                  0.000000    0.000000   clock clk (rise edge)
                                  0.000000    0.000000   clock source latency
     8    0.020919    0.099758    0.068479    0.068479 ^ clk (in)
                                                         clk (net)
                      0.099759    0.000000    0.068479 ^ _797_/CLK (sky130_fd_sc_hd__dfrtp_2)
    15    0.058685    0.160327    0.536233    0.604712 v _797_/Q (sky130_fd_sc_hd__dfrtp_2)
                                                         tcout[7] (net)
                      0.160327    0.000282    0.604994 v _603_/A1 (sky130_fd_sc_hd__a32o_2)
     1    0.034893    0.105110    0.365615    0.970608 v _603_/X (sky130_fd_sc_hd__a32o_2)
                                                         sine_out[3] (net)
                      0.105110    0.000332    0.970940 v sine_out[3] (out)
                                              0.970940   data arrival time

                                  0.000000    0.000000   clock clk (rise edge)
                                  0.000000    0.000000   clock network delay (propagated)
                                  0.250000    0.250000   clock uncertainty
                                  0.000000    0.250000   clock reconvergence pessimism
                                 -2.000000   -1.750000   output external delay
                                             -1.750000   data required time
---------------------------------------------------------------------------------------------
                                             -1.750000   data required time
                                             -0.970940   data arrival time
---------------------------------------------------------------------------------------------
                                              2.720940   slack (MET)


Startpoint: _797_ (rising edge-triggered flip-flop clocked by clk)
Endpoint: sine_out[1] (output port clocked by clk)
Path Group: clk
Path Type: min

Fanout         Cap        Slew       Delay        Time   Description
---------------------------------------------------------------------------------------------
                                  0.000000    0.000000   clock clk (rise edge)
                                  0.000000    0.000000   clock source latency
     8    0.020919    0.099758    0.068479    0.068479 ^ clk (in)
                                                         clk (net)
                      0.099759    0.000000    0.068479 ^ _797_/CLK (sky130_fd_sc_hd__dfrtp_2)
    15    0.058685    0.160327    0.536233    0.604712 v _797_/Q (sky130_fd_sc_hd__dfrtp_2)
                                                         tcout[7] (net)
                      0.160327    0.000615    0.605327 v _525_/A1 (sky130_fd_sc_hd__a32o_2)
     1    0.035875    0.107148    0.367248    0.972575 v _525_/X (sky130_fd_sc_hd__a32o_2)
                                                         sine_out[1] (net)
                      0.107149    0.000552    0.973127 v sine_out[1] (out)
                                              0.973127   data arrival time

                                  0.000000    0.000000   clock clk (rise edge)
                                  0.000000    0.000000   clock network delay (propagated)
                                  0.250000    0.250000   clock uncertainty
                                  0.000000    0.250000   clock reconvergence pessimism
                                 -2.000000   -1.750000   output external delay
                                             -1.750000   data required time
---------------------------------------------------------------------------------------------
                                             -1.750000   data required time
                                             -0.973127   data arrival time
---------------------------------------------------------------------------------------------
                                              2.723127   slack (MET)


Startpoint: _797_ (rising edge-triggered flip-flop clocked by clk)
Endpoint: sine_out[6] (output port clocked by clk)
Path Group: clk
Path Type: min

Fanout         Cap        Slew       Delay        Time   Description
---------------------------------------------------------------------------------------------
                                  0.000000    0.000000   clock clk (rise edge)
                                  0.000000    0.000000   clock source latency
     8    0.020919    0.099758    0.068479    0.068479 ^ clk (in)
                                                         clk (net)
                      0.099759    0.000000    0.068479 ^ _797_/CLK (sky130_fd_sc_hd__dfrtp_2)
    15    0.062062    0.297075    0.559335    0.627814 ^ _797_/Q (sky130_fd_sc_hd__dfrtp_2)
                                                         tcout[7] (net)
                      0.297075    0.001048    0.628863 ^ _670_/S (sky130_fd_sc_hd__mux2_1)
     1    0.033955    0.304159    0.378630    1.007493 ^ _670_/X (sky130_fd_sc_hd__mux2_1)
                                                         sine_out[6] (net)
                      0.304159    0.000075    1.007568 ^ sine_out[6] (out)
                                              1.007568   data arrival time

                                  0.000000    0.000000   clock clk (rise edge)
                                  0.000000    0.000000   clock network delay (propagated)
                                  0.250000    0.250000   clock uncertainty
                                  0.000000    0.250000   clock reconvergence pessimism
                                 -2.000000   -1.750000   output external delay
                                             -1.750000   data required time
---------------------------------------------------------------------------------------------
                                             -1.750000   data required time
                                             -1.007568   data arrival time
---------------------------------------------------------------------------------------------
                                              2.757568   slack (MET)


Startpoint: _797_ (rising edge-triggered flip-flop clocked by clk)
Endpoint: sine_out[13] (output port clocked by clk)
Path Group: clk
Path Type: min

Fanout         Cap        Slew       Delay        Time   Description
---------------------------------------------------------------------------------------------
                                  0.000000    0.000000   clock clk (rise edge)
                                  0.000000    0.000000   clock source latency
     8    0.020919    0.099758    0.068479    0.068479 ^ clk (in)
                                                         clk (net)
                      0.099759    0.000000    0.068479 ^ _797_/CLK (sky130_fd_sc_hd__dfrtp_2)
    15    0.062062    0.297075    0.559335    0.627814 ^ _797_/Q (sky130_fd_sc_hd__dfrtp_2)
                                                         tcout[7] (net)
                      0.297075    0.000920    0.628735 ^ _769_/A0 (sky130_fd_sc_hd__mux2_1)
     1    0.034092    0.305090    0.378977    1.007712 ^ _769_/X (sky130_fd_sc_hd__mux2_1)
                                                         sine_out[13] (net)
                      0.305090    0.000107    1.007818 ^ sine_out[13] (out)
                                              1.007818   data arrival time

                                  0.000000    0.000000   clock clk (rise edge)
                                  0.000000    0.000000   clock network delay (propagated)
                                  0.250000    0.250000   clock uncertainty
                                  0.000000    0.250000   clock reconvergence pessimism
                                 -2.000000   -1.750000   output external delay
                                             -1.750000   data required time
---------------------------------------------------------------------------------------------
                                             -1.750000   data required time
                                             -1.007818   data arrival time
---------------------------------------------------------------------------------------------
                                              2.757818   slack (MET)


Startpoint: _797_ (rising edge-triggered flip-flop clocked by clk)
Endpoint: sine_out[14] (output port clocked by clk)
Path Group: clk
Path Type: min

Fanout         Cap        Slew       Delay        Time   Description
---------------------------------------------------------------------------------------------
                                  0.000000    0.000000   clock clk (rise edge)
                                  0.000000    0.000000   clock source latency
     8    0.020919    0.099758    0.068479    0.068479 ^ clk (in)
                                                         clk (net)
                      0.099759    0.000000    0.068479 ^ _797_/CLK (sky130_fd_sc_hd__dfrtp_2)
    15    0.062062    0.297075    0.559335    0.627814 ^ _797_/Q (sky130_fd_sc_hd__dfrtp_2)
                                                         tcout[7] (net)
                      0.297075    0.000902    0.628716 ^ _772_/A1 (sky130_fd_sc_hd__mux2_1)
     1    0.033969    0.304069    0.380750    1.009466 ^ _772_/X (sky130_fd_sc_hd__mux2_1)
                                                         sine_out[14] (net)
                      0.304069    0.000078    1.009545 ^ sine_out[14] (out)
                                              1.009545   data arrival time

                                  0.000000    0.000000   clock clk (rise edge)
                                  0.000000    0.000000   clock network delay (propagated)
                                  0.250000    0.250000   clock uncertainty
                                  0.000000    0.250000   clock reconvergence pessimism
                                 -2.000000   -1.750000   output external delay
                                             -1.750000   data required time
---------------------------------------------------------------------------------------------
                                             -1.750000   data required time
                                             -1.009545   data arrival time
---------------------------------------------------------------------------------------------
                                              2.759545   slack (MET)


Startpoint: _797_ (rising edge-triggered flip-flop clocked by clk)
Endpoint: sine_out[8] (output port clocked by clk)
Path Group: clk
Path Type: min

Fanout         Cap        Slew       Delay        Time   Description
---------------------------------------------------------------------------------------------
                                  0.000000    0.000000   clock clk (rise edge)
                                  0.000000    0.000000   clock source latency
     8    0.020919    0.099758    0.068479    0.068479 ^ clk (in)
                                                         clk (net)
                      0.099759    0.000000    0.068479 ^ _797_/CLK (sky130_fd_sc_hd__dfrtp_2)
    15    0.062062    0.297075    0.559335    0.627814 ^ _797_/Q (sky130_fd_sc_hd__dfrtp_2)
                                                         tcout[7] (net)
                      0.297075    0.000425    0.628240 ^ _702_/B1 (sky130_fd_sc_hd__a31o_2)
     1    0.002505    0.036735    0.151415    0.779655 ^ _702_/X (sky130_fd_sc_hd__a31o_2)
                                                         _265_ (net)
                      0.036735    0.000001    0.779656 ^ _703_/B1 (sky130_fd_sc_hd__o31a_2)
     1    0.034630    0.190562    0.244792    1.024447 ^ _703_/X (sky130_fd_sc_hd__o31a_2)
                                                         sine_out[8] (net)
                      0.190562    0.000276    1.024723 ^ sine_out[8] (out)
                                              1.024723   data arrival time

                                  0.000000    0.000000   clock clk (rise edge)
                                  0.000000    0.000000   clock network delay (propagated)
                                  0.250000    0.250000   clock uncertainty
                                  0.000000    0.250000   clock reconvergence pessimism
                                 -2.000000   -1.750000   output external delay
                                             -1.750000   data required time
---------------------------------------------------------------------------------------------
                                             -1.750000   data required time
                                             -1.024723   data arrival time
---------------------------------------------------------------------------------------------
                                              2.774723   slack (MET)


Startpoint: _797_ (rising edge-triggered flip-flop clocked by clk)
Endpoint: sine_out[2] (output port clocked by clk)
Path Group: clk
Path Type: min

Fanout         Cap        Slew       Delay        Time   Description
---------------------------------------------------------------------------------------------
                                  0.000000    0.000000   clock clk (rise edge)
                                  0.000000    0.000000   clock source latency
     8    0.020919    0.099758    0.068479    0.068479 ^ clk (in)
                                                         clk (net)
                      0.099759    0.000000    0.068479 ^ _797_/CLK (sky130_fd_sc_hd__dfrtp_2)
    15    0.062062    0.297075    0.559335    0.627814 ^ _797_/Q (sky130_fd_sc_hd__dfrtp_2)
                                                         tcout[7] (net)
                      0.297075    0.000534    0.628348 ^ _544_/B1 (sky130_fd_sc_hd__o311a_2)
     1    0.002662    0.037213    0.226285    0.854633 ^ _544_/X (sky130_fd_sc_hd__o311a_2)
                                                         _113_ (net)
                      0.037213    0.000002    0.854635 ^ _568_/B1 (sky130_fd_sc_hd__a31o_2)
     1    0.035717    0.203330    0.214086    1.068721 ^ _568_/X (sky130_fd_sc_hd__a31o_2)
                                                         sine_out[2] (net)
                      0.203331    0.000331    1.069052 ^ sine_out[2] (out)
                                              1.069052   data arrival time

                                  0.000000    0.000000   clock clk (rise edge)
                                  0.000000    0.000000   clock network delay (propagated)
                                  0.250000    0.250000   clock uncertainty
                                  0.000000    0.250000   clock reconvergence pessimism
                                 -2.000000   -1.750000   output external delay
                                             -1.750000   data required time
---------------------------------------------------------------------------------------------
                                             -1.750000   data required time
                                             -1.069052   data arrival time
---------------------------------------------------------------------------------------------
                                              2.819052   slack (MET)


Startpoint: _795_ (rising edge-triggered flip-flop clocked by clk)
Endpoint: sine_out[0] (output port clocked by clk)
Path Group: clk
Path Type: min

Fanout         Cap        Slew       Delay        Time   Description
---------------------------------------------------------------------------------------------
                                  0.000000    0.000000   clock clk (rise edge)
                                  0.000000    0.000000   clock source latency
     8    0.020919    0.099758    0.068464    0.068464 ^ clk (in)
                                                         clk (net)
                      0.099759    0.000000    0.068464 ^ _795_/CLK (sky130_fd_sc_hd__dfrtp_2)
    25    0.099594    0.249692    0.610402    0.678866 v _795_/Q (sky130_fd_sc_hd__dfrtp_2)
                                                         tcout[5] (net)
                      0.249692    0.000771    0.679637 v _445_/S (sky130_fd_sc_hd__mux2_1)
     1    0.004900    0.059697    0.292523    0.972160 ^ _445_/X (sky130_fd_sc_hd__mux2_1)
                                                         _016_ (net)
                      0.059697    0.000005    0.972165 ^ _470_/A2 (sky130_fd_sc_hd__o21bai_2)
     1    0.035354    0.147567    0.149414    1.121579 v _470_/Y (sky130_fd_sc_hd__o21bai_2)
                                                         sine_out[0] (net)
                      0.147568    0.000277    1.121856 v sine_out[0] (out)
                                              1.121856   data arrival time

                                  0.000000    0.000000   clock clk (rise edge)
                                  0.000000    0.000000   clock network delay (propagated)
                                  0.250000    0.250000   clock uncertainty
                                  0.000000    0.250000   clock reconvergence pessimism
                                 -2.000000   -1.750000   output external delay
                                             -1.750000   data required time
---------------------------------------------------------------------------------------------
                                             -1.750000   data required time
                                             -1.121856   data arrival time
---------------------------------------------------------------------------------------------
                                              2.871856   slack (MET)


Startpoint: _797_ (rising edge-triggered flip-flop clocked by clk)
Endpoint: sine_out[11] (output port clocked by clk)
Path Group: clk
Path Type: min

Fanout         Cap        Slew       Delay        Time   Description
---------------------------------------------------------------------------------------------
                                  0.000000    0.000000   clock clk (rise edge)
                                  0.000000    0.000000   clock source latency
     8    0.020919    0.099758    0.068479    0.068479 ^ clk (in)
                                                         clk (net)
                      0.099759    0.000000    0.068479 ^ _797_/CLK (sky130_fd_sc_hd__dfrtp_2)
    15    0.062062    0.297075    0.559335    0.627814 ^ _797_/Q (sky130_fd_sc_hd__dfrtp_2)
                                                         tcout[7] (net)
                      0.297076    0.001086    0.628901 ^ _685_/A (sky130_fd_sc_hd__and2_2)
     3    0.006123    0.051311    0.216076    0.844977 ^ _685_/X (sky130_fd_sc_hd__and2_2)
                                                         _249_ (net)
                      0.051311    0.000003    0.844980 ^ _750_/A0 (sky130_fd_sc_hd__mux2_1)
     1    0.033948    0.303923    0.310546    1.155526 ^ _750_/X (sky130_fd_sc_hd__mux2_1)
                                                         sine_out[11] (net)
                      0.303923    0.000073    1.155599 ^ sine_out[11] (out)
                                              1.155599   data arrival time

                                  0.000000    0.000000   clock clk (rise edge)
                                  0.000000    0.000000   clock network delay (propagated)
                                  0.250000    0.250000   clock uncertainty
                                  0.000000    0.250000   clock reconvergence pessimism
                                 -2.000000   -1.750000   output external delay
                                             -1.750000   data required time
---------------------------------------------------------------------------------------------
                                             -1.750000   data required time
                                             -1.155599   data arrival time
---------------------------------------------------------------------------------------------
                                              2.905599   slack (MET)


Startpoint: _797_ (rising edge-triggered flip-flop clocked by clk)
Endpoint: sine_out[7] (output port clocked by clk)
Path Group: clk
Path Type: min

Fanout         Cap        Slew       Delay        Time   Description
---------------------------------------------------------------------------------------------
                                  0.000000    0.000000   clock clk (rise edge)
                                  0.000000    0.000000   clock source latency
     8    0.020919    0.099758    0.068479    0.068479 ^ clk (in)
                                                         clk (net)
                      0.099759    0.000000    0.068479 ^ _797_/CLK (sky130_fd_sc_hd__dfrtp_2)
    15    0.062062    0.297075    0.559335    0.627814 ^ _797_/Q (sky130_fd_sc_hd__dfrtp_2)
                                                         tcout[7] (net)
                      0.297076    0.001086    0.628901 ^ _685_/A (sky130_fd_sc_hd__and2_2)
     3    0.006123    0.051311    0.216076    0.844977 ^ _685_/X (sky130_fd_sc_hd__and2_2)
                                                         _249_ (net)
                      0.051311    0.000016    0.844993 ^ _686_/A0 (sky130_fd_sc_hd__mux2_1)
     1    0.033989    0.304246    0.310794    1.155787 ^ _686_/X (sky130_fd_sc_hd__mux2_1)
                                                         sine_out[7] (net)
                      0.304246    0.000083    1.155870 ^ sine_out[7] (out)
                                              1.155870   data arrival time

                                  0.000000    0.000000   clock clk (rise edge)
                                  0.000000    0.000000   clock network delay (propagated)
                                  0.250000    0.250000   clock uncertainty
                                  0.000000    0.250000   clock reconvergence pessimism
                                 -2.000000   -1.750000   output external delay
                                             -1.750000   data required time
---------------------------------------------------------------------------------------------
                                             -1.750000   data required time
                                             -1.155870   data arrival time
---------------------------------------------------------------------------------------------
                                              2.905870   slack (MET)


Startpoint: _797_ (rising edge-triggered flip-flop clocked by clk)
Endpoint: sine_out[9] (output port clocked by clk)
Path Group: clk
Path Type: min

Fanout         Cap        Slew       Delay        Time   Description
---------------------------------------------------------------------------------------------
                                  0.000000    0.000000   clock clk (rise edge)
                                  0.000000    0.000000   clock source latency
     8    0.020919    0.099758    0.068479    0.068479 ^ clk (in)
                                                         clk (net)
                      0.099759    0.000000    0.068479 ^ _797_/CLK (sky130_fd_sc_hd__dfrtp_2)
    15    0.062062    0.297075    0.559335    0.627814 ^ _797_/Q (sky130_fd_sc_hd__dfrtp_2)
                                                         tcout[7] (net)
                      0.297076    0.001086    0.628901 ^ _685_/A (sky130_fd_sc_hd__and2_2)
     3    0.006123    0.051311    0.216076    0.844977 ^ _685_/X (sky130_fd_sc_hd__and2_2)
                                                         _249_ (net)
                      0.051311    0.000020    0.844996 ^ _716_/A1 (sky130_fd_sc_hd__mux2_1)
     1    0.034091    0.305119    0.313068    1.158064 ^ _716_/X (sky130_fd_sc_hd__mux2_1)
                                                         sine_out[9] (net)
                      0.305119    0.000106    1.158170 ^ sine_out[9] (out)
                                              1.158170   data arrival time

                                  0.000000    0.000000   clock clk (rise edge)
                                  0.000000    0.000000   clock network delay (propagated)
                                  0.250000    0.250000   clock uncertainty
                                  0.000000    0.250000   clock reconvergence pessimism
                                 -2.000000   -1.750000   output external delay
                                             -1.750000   data required time
---------------------------------------------------------------------------------------------
                                             -1.750000   data required time
                                             -1.158170   data arrival time
---------------------------------------------------------------------------------------------
                                              2.908170   slack (MET)


Startpoint: _797_ (rising edge-triggered flip-flop clocked by clk)
Endpoint: sine_out[12] (output port clocked by clk)
Path Group: clk
Path Type: min

Fanout         Cap        Slew       Delay        Time   Description
---------------------------------------------------------------------------------------------
                                  0.000000    0.000000   clock clk (rise edge)
                                  0.000000    0.000000   clock source latency
     8    0.020919    0.099758    0.068479    0.068479 ^ clk (in)
                                                         clk (net)
                      0.099759    0.000000    0.068479 ^ _797_/CLK (sky130_fd_sc_hd__dfrtp_2)
    15    0.058685    0.160327    0.536233    0.604712 v _797_/Q (sky130_fd_sc_hd__dfrtp_2)
                                                         tcout[7] (net)
                      0.160329    0.000780    0.605492 v _393_/A (sky130_fd_sc_hd__inv_2)
    12    0.052673    0.241984    0.248179    0.853671 ^ _393_/Y (sky130_fd_sc_hd__inv_2)
                                                         _337_ (net)
                      0.241985    0.000379    0.854050 ^ _761_/A0 (sky130_fd_sc_hd__mux2_1)
     1    0.033994    0.304309    0.365912    1.219962 ^ _761_/X (sky130_fd_sc_hd__mux2_1)
                                                         sine_out[12] (net)
                      0.304309    0.000084    1.220046 ^ sine_out[12] (out)
                                              1.220046   data arrival time

                                  0.000000    0.000000   clock clk (rise edge)
                                  0.000000    0.000000   clock network delay (propagated)
                                  0.250000    0.250000   clock uncertainty
                                  0.000000    0.250000   clock reconvergence pessimism
                                 -2.000000   -1.750000   output external delay
                                             -1.750000   data required time
---------------------------------------------------------------------------------------------
                                             -1.750000   data required time
                                             -1.220046   data arrival time
---------------------------------------------------------------------------------------------
                                              2.970046   slack (MET)



