Clock: clk
Sources: clk 
Generated: no
Virtual: yes
Propagated: no
Period: 5.000000

===========================================================================
report_clock_properties
============================================================================
Clock                   Period          Waveform
----------------------------------------------------
clk                   5.000000    0.000000  2.500000

===========================================================================
report_clock_latency
============================================================================
Clock clk
rise -> rise
    min     max
0.000000 0.000000 source latency
0.480755         network latency _629_/CLK
        0.519031 network latency mem_i/clk0
---------------
0.480755 0.519031 latency
        0.038275 skew

fall -> fall
    min     max
0.000000 0.000000 source latency
0.415442         network latency _629_/CLK
        0.446293 network latency mem_i/clk0
---------------
0.415442 0.446293 latency
        0.030851 skew



===========================================================================
report_clock_min_period
============================================================================
clk period_min = 2.66 fmax = 375.60
