14 Lint warnings found.
'PNR_SDC_FILE' is not defined. Using generic fallback SDC for OpenROAD PnR steps.
'SIGNOFF_SDC_FILE' is not defined. Using generic fallback SDC for OpenROAD PnR steps.
No libs found for macro ram256x16 at corner nom_tt_025C_1v80. The module will be black-boxed.
No libs found for macro ram256x16 at corner nom_tt_025C_1v80. The module will be black-boxed.
No libs found for macro ram256x16 at corner nom_ss_100C_1v60. The module will be black-boxed.
No libs found for macro ram256x16 at corner nom_ff_n40C_1v95. The module will be black-boxed.
No libs found for macro ram256x16 at corner min_tt_025C_1v80. The module will be black-boxed.
No libs found for macro ram256x16 at corner min_ss_100C_1v60. The module will be black-boxed.
No libs found for macro ram256x16 at corner min_ff_n40C_1v95. The module will be black-boxed.
No libs found for macro ram256x16 at corner max_tt_025C_1v80. The module will be black-boxed.
No libs found for macro ram256x16 at corner max_ss_100C_1v60. The module will be black-boxed.
No libs found for macro ram256x16 at corner max_ff_n40C_1v95. The module will be black-boxed.
[ORD-2011] LEF master ram256x16 has no liberty cell.
Cell 'ram256x16' has (36) input pin(s) without antenna gate information. They might not be connected to a gate.
Cell 'ram256x16' has (16) output pin(s) without antenna diffusion information. They might not be driven.
[GRT-0097] No global routing found for nets.
No libs found for macro ram256x16 at corner nom_tt_025C_1v80. The module will be black-boxed.
No libs found for macro ram256x16 at corner nom_ss_100C_1v60. The module will be black-boxed.
No libs found for macro ram256x16 at corner nom_ff_n40C_1v95. The module will be black-boxed.
No libs found for macro ram256x16 at corner min_tt_025C_1v80. The module will be black-boxed.
No libs found for macro ram256x16 at corner min_ss_100C_1v60. The module will be black-boxed.
No libs found for macro ram256x16 at corner min_ff_n40C_1v95. The module will be black-boxed.
No libs found for macro ram256x16 at corner max_tt_025C_1v80. The module will be black-boxed.
No libs found for macro ram256x16 at corner max_ss_100C_1v60. The module will be black-boxed.
No libs found for macro ram256x16 at corner max_ff_n40C_1v95. The module will be black-boxed.
No libs found for macro ram256x16 at corner nom_tt_025C_1v80. The module will be black-boxed.
No libs found for macro ram256x16 at corner nom_ss_100C_1v60. The module will be black-boxed.
No libs found for macro ram256x16 at corner nom_ff_n40C_1v95. The module will be black-boxed.
No libs found for macro ram256x16 at corner min_tt_025C_1v80. The module will be black-boxed.
No libs found for macro ram256x16 at corner min_ss_100C_1v60. The module will be black-boxed.
No libs found for macro ram256x16 at corner min_ff_n40C_1v95. The module will be black-boxed.
No libs found for macro ram256x16 at corner max_tt_025C_1v80. The module will be black-boxed.
No libs found for macro ram256x16 at corner max_ss_100C_1v60. The module will be black-boxed.
No libs found for macro ram256x16 at corner max_ff_n40C_1v95. The module will be black-boxed.
[GRT-0097] No global routing found for nets.
No libs found for macro ram256x16 at corner nom_tt_025C_1v80. The module will be black-boxed.
No libs found for macro ram256x16 at corner nom_ss_100C_1v60. The module will be black-boxed.
No libs found for macro ram256x16 at corner nom_ff_n40C_1v95. The module will be black-boxed.
No libs found for macro ram256x16 at corner min_tt_025C_1v80. The module will be black-boxed.
No libs found for macro ram256x16 at corner min_ss_100C_1v60. The module will be black-boxed.
No libs found for macro ram256x16 at corner min_ff_n40C_1v95. The module will be black-boxed.
No libs found for macro ram256x16 at corner max_tt_025C_1v80. The module will be black-boxed.
No libs found for macro ram256x16 at corner max_ss_100C_1v60. The module will be black-boxed.
No libs found for macro ram256x16 at corner max_ff_n40C_1v95. The module will be black-boxed.
[GRT-0097] No global routing found for nets.
[DRT-0349] LEF58_ENCLOSURE with no CUTCLASS is not supported. Skipping for layer mcon
[DRT-0349] LEF58_ENCLOSURE with no CUTCLASS is not supported. Skipping for layer mcon
[DRT-0349] LEF58_ENCLOSURE with no CUTCLASS is not supported. Skipping for layer via
[DRT-0349] LEF58_ENCLOSURE with no CUTCLASS is not supported. Skipping for layer via
[DRT-0349] LEF58_ENCLOSURE with no CUTCLASS is not supported. Skipping for layer via2
[DRT-0349] LEF58_ENCLOSURE with no CUTCLASS is not supported. Skipping for layer via2
[DRT-0349] LEF58_ENCLOSURE with no CUTCLASS is not supported. Skipping for layer via3
[DRT-0349] LEF58_ENCLOSURE with no CUTCLASS is not supported. Skipping for layer via3
[DRT-0349] LEF58_ENCLOSURE with no CUTCLASS is not supported. Skipping for layer via4
[DRT-0349] LEF58_ENCLOSURE with no CUTCLASS is not supported. Skipping for layer via4
[DRT-0418] Term mem_i/addr0[3] has no pins on routing grid
[DRT-0418] Term mem_i/addr0[4] has no pins on routing grid
[DRT-0418] Term mem_i/addr0[7] has no pins on routing grid
[DRT-0418] Term mem_i/clk1 has no pins on routing grid
[DRT-0418] Term mem_i/dout1[0] has no pins on routing grid
[DRT-0418] Term mem_i/dout1[1] has no pins on routing grid
[DRT-0418] Term mem_i/dout1[3] has no pins on routing grid
[DRT-0418] Term mem_i/dout1[5] has no pins on routing grid
[DRT-0418] Term mem_i/dout1[7] has no pins on routing grid
[DRT-0418] Term mem_i/dout1[8] has no pins on routing grid
[DRT-0418] Term mem_i/dout1[10] has no pins on routing grid
[DRT-0418] Term mem_i/dout1[12] has no pins on routing grid
[DRT-0418] Term mem_i/dout1[14] has no pins on routing grid
[DRT-0418] Term mem_i/dout1[15] has no pins on routing grid
Threshold for Threshold-surpassing long wires is not set. The checker will be skipped.
No libs found for macro ram256x16 at corner nom_tt_025C_1v80. The module will be black-boxed.
No libs found for macro ram256x16 at corner nom_ss_100C_1v60. The module will be black-boxed.
No libs found for macro ram256x16 at corner nom_ff_n40C_1v95. The module will be black-boxed.
No libs found for macro ram256x16 at corner min_tt_025C_1v80. The module will be black-boxed.
No libs found for macro ram256x16 at corner min_ss_100C_1v60. The module will be black-boxed.
No libs found for macro ram256x16 at corner min_ff_n40C_1v95. The module will be black-boxed.
No libs found for macro ram256x16 at corner max_tt_025C_1v80. The module will be black-boxed.
No libs found for macro ram256x16 at corner max_ss_100C_1v60. The module will be black-boxed.
No libs found for macro ram256x16 at corner max_ff_n40C_1v95. The module will be black-boxed.
'VSRC_LOC_FILES' was not given a value, which may make the results of IR drop analysis inaccurate. If you are not integrating a top-level chip for manufacture, you may ignore this warning, otherwise, see the documentation for 'VSRC_LOC_FILES'.
'design__lvs_error__count' not reported. Netgen.LVS may have been skipped.
klayout__drc_error__count not reported. KLayout.DRC may have been skipped.
