
===========================================================================
report_checks -unconstrained
===========================================================================
======================= min_tt_025C_1v80 Corner ===================================

Startpoint: rst (input port clocked by clk)
Endpoint: _094_ (recovery check against rising-edge clock clk)
Path Group: asynchronous
Path Type: max

Fanout         Cap        Slew       Delay        Time   Description
---------------------------------------------------------------------------------------------
                                  0.000000    0.000000   clock clk (rise edge)
                                  0.000000    0.000000   clock network delay (propagated)
                                  2.000000    2.000000 v input external delay
     1    0.002611    0.008195    0.004098    2.004098 v rst (in)
                                                         rst (net)
                      0.008195    0.000000    2.004098 v input1/A (sky130_fd_sc_hd__clkbuf_1)
     1    0.003102    0.028020    0.073709    2.077807 v input1/X (sky130_fd_sc_hd__clkbuf_1)
                                                         net1 (net)
                      0.028020    0.000024    2.077832 v fanout20/A (sky130_fd_sc_hd__buf_4)
     6    0.083485    0.112519    0.199622    2.277453 v fanout20/X (sky130_fd_sc_hd__buf_4)
                                                         net20 (net)
                      0.112521    0.000417    2.277870 v fanout19/A (sky130_fd_sc_hd__clkbuf_8)
    10    0.084729    0.097484    0.228520    2.506390 v fanout19/X (sky130_fd_sc_hd__clkbuf_8)
                                                         net19 (net)
                      0.097529    0.001774    2.508164 v _070_/A (sky130_fd_sc_hd__inv_2)
     1    0.007160    0.047865    0.075727    2.583890 ^ _070_/Y (sky130_fd_sc_hd__inv_2)
                                                         _023_ (net)
                      0.047865    0.000155    2.584045 ^ _094_/RESET_B (sky130_fd_sc_hd__dfrtp_2)
                                              2.584045   data arrival time

                                 10.000000   10.000000   clock clk (rise edge)
                                  0.000000   10.000000   clock source latency
     1    0.068674    0.313473    0.223222   10.223223 ^ clk (in)
                                                         clk (net)
                      0.314770    0.000000   10.223223 ^ clkbuf_0_clk/A (sky130_fd_sc_hd__clkbuf_16)
     2    0.030187    0.055798    0.217271   10.440494 ^ clkbuf_0_clk/X (sky130_fd_sc_hd__clkbuf_16)
                                                         clknet_0_clk (net)
                      0.055798    0.000955   10.441448 ^ clkbuf_1_1__f_clk/A (sky130_fd_sc_hd__clkbuf_16)
    14    0.062392    0.080553    0.160207   10.601655 ^ clkbuf_1_1__f_clk/X (sky130_fd_sc_hd__clkbuf_16)
                                                         clknet_1_1__leaf_clk (net)
                      0.081538    0.007005   10.608660 ^ _094_/CLK (sky130_fd_sc_hd__dfrtp_2)
                                 -0.250000   10.358660   clock uncertainty
                                  0.000000   10.358660   clock reconvergence pessimism
                                  0.229549   10.588210   library recovery time
                                             10.588210   data required time
---------------------------------------------------------------------------------------------
                                             10.588210   data required time
                                             -2.584045   data arrival time
---------------------------------------------------------------------------------------------
                                              8.004165   slack (MET)


Startpoint: _098_ (rising edge-triggered flip-flop clocked by clk)
Endpoint: sine_out[1] (output port clocked by clk)
Path Group: clk
Path Type: max

Fanout         Cap        Slew       Delay        Time   Description
---------------------------------------------------------------------------------------------
                                  0.000000    0.000000   clock clk (rise edge)
                                  0.000000    0.000000   clock source latency
     1    0.068674    0.313473    0.223222    0.223222 ^ clk (in)
                                                         clk (net)
                      0.314770    0.000000    0.223222 ^ clkbuf_0_clk/A (sky130_fd_sc_hd__clkbuf_16)
     2    0.030187    0.055798    0.217271    0.440493 ^ clkbuf_0_clk/X (sky130_fd_sc_hd__clkbuf_16)
                                                         clknet_0_clk (net)
                      0.055798    0.000280    0.440773 ^ clkbuf_1_0__f_clk/A (sky130_fd_sc_hd__clkbuf_16)
    14    0.098755    0.115223    0.186211    0.626984 ^ clkbuf_1_0__f_clk/X (sky130_fd_sc_hd__clkbuf_16)
                                                         clknet_1_0__leaf_clk (net)
                      0.115671    0.005824    0.632808 ^ _098_/CLK (sky130_fd_sc_hd__dfrtp_1)
     2    0.015657    0.146688    0.423527    1.056335 ^ _098_/Q (sky130_fd_sc_hd__dfrtp_1)
                                                         net9 (net)
                      0.146691    0.000853    1.057188 ^ output9/A (sky130_fd_sc_hd__buf_2)
     1    0.034012    0.169340    0.232671    1.289859 ^ output9/X (sky130_fd_sc_hd__buf_2)
                                                         sine_out[1] (net)
                      0.169340    0.000183    1.290041 ^ sine_out[1] (out)
                                              1.290041   data arrival time

                                 10.000000   10.000000   clock clk (rise edge)
                                  0.000000   10.000000   clock network delay (propagated)
                                 -0.250000    9.750000   clock uncertainty
                                  0.000000    9.750000   clock reconvergence pessimism
                                 -2.000000    7.750000   output external delay
                                              7.750000   data required time
---------------------------------------------------------------------------------------------
                                              7.750000   data required time
                                             -1.290041   data arrival time
---------------------------------------------------------------------------------------------
                                              6.459959   slack (MET)




===========================================================================
report_checks --slack_max -0.01
============================================================================
======================= min_tt_025C_1v80 Corner ===================================

No paths found.


===========================================================================
 report_check_types -max_slew -max_cap -max_fanout -violators
============================================================================
======================= min_tt_025C_1v80 Corner ===================================

max fanout

Pin                                   Limit Fanout  Slack
---------------------------------------------------------
clkbuf_1_0__f_clk/X                      10     14     -4 (VIOLATED)
clkbuf_1_1__f_clk/X                      10     14     -4 (VIOLATED)



===========================================================================
report_parasitic_annotation -report_unannotated
============================================================================
Found 2 unannotated drivers.
 clkload0/X
 mem_i_21/HI
Found 32 partially unannotated drivers.
 addr0[0]
  mem_i/addr0[7]
 addr0[1]
  mem_i/addr0[6]
 addr0[2]
  mem_i/addr0[5]
 addr0[3]
  mem_i/addr0[4]
 addr0[4]
  mem_i/addr0[3]
 addr0[5]
  mem_i/addr0[2]
 addr0[6]
  mem_i/addr0[1]
 addr0[7]
  mem_i/addr0[0]
 din0[0]
  mem_i/din0[15]
 din0[10]
  mem_i/din0[5]
 din0[11]
  mem_i/din0[4]
 din0[12]
  mem_i/din0[3]
 din0[13]
  mem_i/din0[2]
 din0[14]
  mem_i/din0[1]
 din0[15]
  mem_i/din0[0]
 din0[1]
  mem_i/din0[14]
 din0[2]
  mem_i/din0[13]
 din0[3]
  mem_i/din0[12]
 din0[4]
  mem_i/din0[11]
 din0[5]
  mem_i/din0[10]
 din0[6]
  mem_i/din0[9]
 din0[7]
  mem_i/din0[8]
 din0[8]
  mem_i/din0[7]
 din0[9]
  mem_i/din0[6]
 _089_/Q
  mem_i/addr1[7]
 _090_/Q
  mem_i/addr1[6]
 _091_/Q
  mem_i/addr1[5]
 _092_/Q
  mem_i/addr1[4]
 _093_/Q
  mem_i/addr1[3]
 _094_/Q
  mem_i/addr1[2]
 _095_/Q
  mem_i/addr1[1]
 _096_/Q
  mem_i/addr1[0]

===========================================================================
max slew violation count 0
max fanout violation count 2
max cap violation count 0
============================================================================

===========================================================================
check_setup -verbose -unconstrained_endpoints -multiple_clock -no_clock -no_input_delay -loops -generated_clocks
===========================================================================
Warning: There are 16 unconstrained endpoints.
  _079_/D
  _080_/D
  _081_/D
  _082_/D
  _083_/D
  _084_/D
  _085_/D
  _086_/D
  _087_/D
  _088_/D
  _097_/D
  _098_/D
  _099_/D
  _100_/D
  _101_/D
  _102_/D
