Clock: clk
Sources: clk 
Generated: no
Virtual: yes
Propagated: no
Period: 10.000000

===========================================================================
report_clock_properties
============================================================================
Clock                   Period          Waveform
----------------------------------------------------
clk                  10.000000    0.000000  5.000000

===========================================================================
report_clock_latency
============================================================================
Clock clk
rise -> rise
    min     max
0.000000 0.000000 source latency
0.628723         network latency _084_/CLK
        0.662166 network latency _097_/CLK
---------------
0.628723 0.662166 latency
        0.033444 skew

fall -> fall
    min     max
0.000000 0.000000 source latency
0.506168         network latency _084_/CLK
        0.531206 network latency _097_/CLK
---------------
0.506168 0.531206 latency
        0.025038 skew



===========================================================================
report_clock_min_period
============================================================================
clk period_min = 1.67 fmax = 599.03
