
===========================================================================
report_checks -unconstrained
===========================================================================
======================= nom_tt_025C_1v80 Corner ===================================

Startpoint: rst (input port clocked by clk)
Endpoint: _132_ (recovery check against rising-edge clock clk)
Path Group: asynchronous
Path Type: max

Fanout         Cap        Slew       Delay        Time   Description
---------------------------------------------------------------------------------------------
                                  0.000000    0.000000   clock clk (rise edge)
                                  0.000000    0.000000   clock network delay (propagated)
                                  2.500000    2.500000 v input external delay
     1    0.002602    0.008175    0.004079    2.504079 v rst (in)
                                                         rst (net)
                      0.008175    0.000000    2.504079 v input51/A (sky130_fd_sc_hd__buf_1)
     1    0.012756    0.079733    0.116302    2.620381 v input51/X (sky130_fd_sc_hd__buf_1)
                                                         net51 (net)
                      0.079733    0.000306    2.620687 v fanout85/A (sky130_fd_sc_hd__buf_6)
    11    0.078307    0.075698    0.181935    2.802622 v fanout85/X (sky130_fd_sc_hd__buf_6)
                                                         net85 (net)
                      0.075698    0.000146    2.802768 v fanout84/A (sky130_fd_sc_hd__buf_6)
    15    0.074219    0.072222    0.179141    2.981909 v fanout84/X (sky130_fd_sc_hd__buf_6)
                                                         net84 (net)
                      0.072222    0.000207    2.982116 v _107_/A (sky130_fd_sc_hd__inv_2)
     1    0.005002    0.035366    0.058521    3.040637 ^ _107_/Y (sky130_fd_sc_hd__inv_2)
                                                         _037_ (net)
                      0.035366    0.000032    3.040669 ^ _132_/RESET_B (sky130_fd_sc_hd__dfrtp_4)
                                              3.040669   data arrival time

                                  5.000000    5.000000   clock clk (rise edge)
                                  0.000000    5.000000   clock source latency
     1    0.052611    0.239890    0.171142    5.171142 ^ clk (in)
                                                         clk (net)
                      0.240267    0.000000    5.171142 ^ clkbuf_0_clk/A (sky130_fd_sc_hd__clkbuf_16)
     4    0.087713    0.105352    0.241034    5.412177 ^ clkbuf_0_clk/X (sky130_fd_sc_hd__clkbuf_16)
                                                         clknet_0_clk (net)
                      0.105427    0.002641    5.414817 ^ clkbuf_2_1__f_clk/A (sky130_fd_sc_hd__clkbuf_16)
     9    0.036335    0.056590    0.161367    5.576185 ^ clkbuf_2_1__f_clk/X (sky130_fd_sc_hd__clkbuf_16)
                                                         clknet_2_1__leaf_clk (net)
                      0.056595    0.000281    5.576466 ^ _132_/CLK (sky130_fd_sc_hd__dfrtp_4)
                                 -0.050000    5.526466   clock uncertainty
                                  0.000000    5.526466   clock reconvergence pessimism
                                  0.223870    5.750335   library recovery time
                                              5.750335   data required time
---------------------------------------------------------------------------------------------
                                              5.750335   data required time
                                             -3.040669   data arrival time
---------------------------------------------------------------------------------------------
                                              2.709666   slack (MET)


Startpoint: _144_ (rising edge-triggered flip-flop clocked by clk)
Endpoint: sine_out[7] (output port clocked by clk)
Path Group: clk
Path Type: max

Fanout         Cap        Slew       Delay        Time   Description
---------------------------------------------------------------------------------------------
                                  0.000000    0.000000   clock clk (rise edge)
                                  0.000000    0.000000   clock source latency
     1    0.052611    0.239890    0.171142    0.171142 ^ clk (in)
                                                         clk (net)
                      0.240267    0.000000    0.171142 ^ clkbuf_0_clk/A (sky130_fd_sc_hd__clkbuf_16)
     4    0.087713    0.105352    0.241034    0.412176 ^ clkbuf_0_clk/X (sky130_fd_sc_hd__clkbuf_16)
                                                         clknet_0_clk (net)
                      0.105588    0.003422    0.415598 ^ clkbuf_2_0__f_clk/A (sky130_fd_sc_hd__clkbuf_16)
    10    0.060239    0.078191    0.178643    0.594241 ^ clkbuf_2_0__f_clk/X (sky130_fd_sc_hd__clkbuf_16)
                                                         clknet_2_0__leaf_clk (net)
                      0.078314    0.001792    0.596034 ^ _144_/CLK (sky130_fd_sc_hd__dfrtp_1)
     1    0.012743    0.122718    0.392173    0.988207 ^ _144_/Q (sky130_fd_sc_hd__dfrtp_1)
                                                         net65 (net)
                      0.122718    0.000345    0.988552 ^ output65/A (sky130_fd_sc_hd__buf_2)
     1    0.033920    0.171458    0.226012    1.214564 ^ output65/X (sky130_fd_sc_hd__buf_2)
                                                         sine_out[7] (net)
                      0.171458    0.000074    1.214638 ^ sine_out[7] (out)
                                              1.214638   data arrival time

                                  5.000000    5.000000   clock clk (rise edge)
                                  0.000000    5.000000   clock network delay (propagated)
                                 -0.050000    4.950000   clock uncertainty
                                  0.000000    4.950000   clock reconvergence pessimism
                                 -2.250000    2.700000   output external delay
                                              2.700000   data required time
---------------------------------------------------------------------------------------------
                                              2.700000   data required time
                                             -1.214638   data arrival time
---------------------------------------------------------------------------------------------
                                              1.485362   slack (MET)




===========================================================================
report_checks --slack_max -0.01
============================================================================
======================= nom_tt_025C_1v80 Corner ===================================

No paths found.


===========================================================================
 report_check_types -max_slew -max_cap -max_fanout -violators
============================================================================
======================= nom_tt_025C_1v80 Corner ===================================



===========================================================================
report_parasitic_annotation -report_unannotated
============================================================================
Found 5 unannotated drivers.
 clkload0/X
 clkload1/X
 clkload2/Y
 mem_i0_86/HI
 mem_i1_87/HI
Found 0 partially unannotated drivers.

===========================================================================
max slew violation count 0
Writing metric design__max_slew_violation__count__corner:nom_tt_025C_1v80: 0
max fanout violation count 0
Writing metric design__max_fanout_violation__count__corner:nom_tt_025C_1v80: 0
max cap violation count 0
Writing metric design__max_cap_violation__count__corner:nom_tt_025C_1v80: 0
============================================================================

===========================================================================
check_setup -verbose -unconstrained_endpoints -multiple_clock -no_clock -no_input_delay -loops -generated_clocks
===========================================================================
Warning: There are 50 input ports missing set_input_delay.
  addr00[0]
  addr00[1]
  addr00[2]
  addr00[3]
  addr00[4]
  addr00[5]
  addr00[6]
  addr00[7]
  addr01[0]
  addr01[1]
  addr01[2]
  addr01[3]
  addr01[4]
  addr01[5]
  addr01[6]
  addr01[7]
  csb00
  csb01
  din00[0]
  din00[10]
  din00[11]
  din00[12]
  din00[13]
  din00[14]
  din00[15]
  din00[1]
  din00[2]
  din00[3]
  din00[4]
  din00[5]
  din00[6]
  din00[7]
  din00[8]
  din00[9]
  din01[0]
  din01[10]
  din01[11]
  din01[12]
  din01[13]
  din01[14]
  din01[15]
  din01[1]
  din01[2]
  din01[3]
  din01[4]
  din01[5]
  din01[6]
  din01[7]
  din01[8]
  din01[9]
Warning: There are 52 unconstrained endpoints.
  mem_i0/addr0[0]
  mem_i0/addr0[1]
  mem_i0/addr0[2]
  mem_i0/addr0[3]
  mem_i0/addr0[4]
  mem_i0/addr0[5]
  mem_i0/addr0[6]
  mem_i0/addr0[7]
  mem_i0/csb0
  mem_i0/csb1
  mem_i0/din0[0]
  mem_i0/din0[10]
  mem_i0/din0[11]
  mem_i0/din0[12]
  mem_i0/din0[13]
  mem_i0/din0[14]
  mem_i0/din0[15]
  mem_i0/din0[1]
  mem_i0/din0[2]
  mem_i0/din0[3]
  mem_i0/din0[4]
  mem_i0/din0[5]
  mem_i0/din0[6]
  mem_i0/din0[7]
  mem_i0/din0[8]
  mem_i0/din0[9]
  mem_i1/addr0[0]
  mem_i1/addr0[1]
  mem_i1/addr0[2]
  mem_i1/addr0[3]
  mem_i1/addr0[4]
  mem_i1/addr0[5]
  mem_i1/addr0[6]
  mem_i1/addr0[7]
  mem_i1/csb0
  mem_i1/csb1
  mem_i1/din0[0]
  mem_i1/din0[10]
  mem_i1/din0[11]
  mem_i1/din0[12]
  mem_i1/din0[13]
  mem_i1/din0[14]
  mem_i1/din0[15]
  mem_i1/din0[1]
  mem_i1/din0[2]
  mem_i1/din0[3]
  mem_i1/din0[4]
  mem_i1/din0[5]
  mem_i1/din0[6]
  mem_i1/din0[7]
  mem_i1/din0[8]
  mem_i1/din0[9]
