Clock: clk
Sources: clk 
Generated: no
Virtual: yes
Propagated: no
Period: 5.100000

===========================================================================
report_clock_properties
============================================================================
Clock                   Period          Waveform
----------------------------------------------------
clk                   5.100000    0.000000  2.550000

===========================================================================
report_clock_latency
============================================================================
Clock clk
rise -> rise
    min     max
0.000000 0.000000 source latency
0.642651         network latency mem_i0/clk1
        0.667417 network latency _128_/CLK
---------------
0.642651 0.667417 latency
        0.024766 skew

fall -> fall
    min     max
0.000000 0.000000 source latency
0.521308         network latency mem_i0/clk1
        0.540608 network latency _128_/CLK
---------------
0.521308 0.540608 latency
        0.019299 skew



===========================================================================
report_clock_min_period
============================================================================
clk period_min = 1.56 fmax = 641.01
