Clock: clk
Sources: clk 
Generated: no
Virtual: yes
Propagated: no
Period: 10.000000

===========================================================================
report_clock_properties
============================================================================
Clock                   Period          Waveform
----------------------------------------------------
clk                  10.000000    0.000000  5.000000

===========================================================================
report_clock_latency
============================================================================
Clock clk
rise -> rise
    min     max
0.000000 0.000000 source latency
0.427118         network latency _096_/CLK
        0.439750 network latency _097_/CLK
---------------
0.427118 0.439750 latency
        0.012633 skew

fall -> fall
    min     max
0.000000 0.000000 source latency
0.214006         network latency _096_/CLK
        0.226013 network latency _097_/CLK
---------------
0.214006 0.226013 latency
        0.012008 skew



===========================================================================
report_clock_min_period
============================================================================
clk period_min = 1.62 fmax = 617.02
