
===========================================================================
report_checks -unconstrained
===========================================================================
======================= nom_tt_025C_1v80 Corner ===================================

Startpoint: rst (input port clocked by clk)
Endpoint: _134_ (recovery check against rising-edge clock clk)
Path Group: asynchronous
Path Type: max

Fanout         Cap        Slew       Delay        Time   Description
---------------------------------------------------------------------------------------------
                                  0.000000    0.000000   clock clk (rise edge)
                                  0.000000    0.000000   clock network delay (propagated)
                                  2.550000    2.550000 v input external delay
     2    0.003680    0.010673    0.005914    2.555914 v rst (in)
                                                         rst (net)
                      0.010673    0.000000    2.555914 v input51/A (sky130_fd_sc_hd__buf_1)
     3    0.019226    0.115864    0.144007    2.699921 v input51/X (sky130_fd_sc_hd__buf_1)
                                                         net51 (net)
                      0.115917    0.001342    2.701263 v fanout87/A (sky130_fd_sc_hd__buf_4)
    17    0.092681    0.122873    0.244785    2.946048 v fanout87/X (sky130_fd_sc_hd__buf_4)
                                                         net87 (net)
                      0.122882    0.000903    2.946951 v fanout86/A (sky130_fd_sc_hd__buf_4)
    19    0.067392    0.093194    0.233833    3.180785 v fanout86/X (sky130_fd_sc_hd__buf_4)
                                                         net86 (net)
                      0.093196    0.000875    3.181659 v fanout85/A (sky130_fd_sc_hd__buf_4)
    10    0.053803    0.078533    0.210273    3.391932 v fanout85/X (sky130_fd_sc_hd__buf_4)
                                                         net85 (net)
                      0.078573    0.001651    3.393583 v _109_/A (sky130_fd_sc_hd__inv_2)
     1    0.006044    0.040411    0.064397    3.457979 ^ _109_/Y (sky130_fd_sc_hd__inv_2)
                                                         _039_ (net)
                      0.040411    0.000165    3.458144 ^ _134_/RESET_B (sky130_fd_sc_hd__dfrtp_4)
                                              3.458144   data arrival time

                                  5.100000    5.100000   clock clk (rise edge)
                                  0.000000    5.100000   clock source latency
     2    0.076336    0.348096    0.252404    5.352405 ^ clk (in)
                                                         clk (net)
                      0.351141    0.000000    5.352405 ^ clkbuf_0_clk/A (sky130_fd_sc_hd__clkbuf_16)
     9    0.115901    0.131490    0.283884    5.636288 ^ clkbuf_0_clk/X (sky130_fd_sc_hd__clkbuf_16)
                                                         clknet_0_clk (net)
                      0.132623    0.009661    5.645949 ^ clkbuf_2_1__f_clk/A (sky130_fd_sc_hd__clkbuf_16)
    21    0.064703    0.082909    0.190118    5.836067 ^ clkbuf_2_1__f_clk/X (sky130_fd_sc_hd__clkbuf_16)
                                                         clknet_2_1__leaf_clk (net)
                      0.083158    0.003591    5.839658 ^ _134_/CLK (sky130_fd_sc_hd__dfrtp_4)
                                 -0.005100    5.834558   clock uncertainty
                                  0.000000    5.834558   clock reconvergence pessimism
                                  0.230449    6.065007   library recovery time
                                              6.065007   data required time
---------------------------------------------------------------------------------------------
                                              6.065007   data required time
                                             -3.458144   data arrival time
---------------------------------------------------------------------------------------------
                                              2.606863   slack (MET)


Startpoint: mem_i1 (falling edge-triggered flip-flop clocked by clk)
Endpoint: _120_ (rising edge-triggered flip-flop clocked by clk)
Path Group: clk
Path Type: max

Fanout         Cap        Slew       Delay        Time   Description
---------------------------------------------------------------------------------------------
                                  2.550000    2.550000   clock clk (fall edge)
                                  0.000000    2.550000   clock source latency
     2    0.075299    0.169206    0.130901    2.680901 v clk (in)
                                                         clk (net)
                      0.175209    0.000000    2.680901 v clkbuf_0_clk/A (sky130_fd_sc_hd__clkbuf_16)
     9    0.111710    0.085575    0.254882    2.935783 v clkbuf_0_clk/X (sky130_fd_sc_hd__clkbuf_16)
                                                         clknet_0_clk (net)
                      0.088039    0.011353    2.947136 v clkbuf_2_0__f_clk/A (sky130_fd_sc_hd__clkbuf_16)
    19    0.099897    0.083398    0.207704    3.154840 v clkbuf_2_0__f_clk/X (sky130_fd_sc_hd__clkbuf_16)
                                                         clknet_2_0__leaf_clk (net)
                      0.113511    0.009598    3.164438 v mem_i1/clk1 (ram256x16)
     1    0.004330    0.003514    0.307633    3.472071 v mem_i1/dout1[8] (ram256x16)
                                                         sine_out_temp1[8] (net)
                      0.002635    0.000102    3.472173 v wire69/A (sky130_fd_sc_hd__clkbuf_2)
     3    0.142803    0.536536    0.422546    3.894719 v wire69/X (sky130_fd_sc_hd__clkbuf_2)
                                                         net69 (net)
                      0.545281    0.055358    3.950077 v _071_/A1 (sky130_fd_sc_hd__mux2_1)
     3    0.017432    0.122948    0.579171    4.529249 v _071_/X (sky130_fd_sc_hd__mux2_1)
                                                         _014_ (net)
                      0.122959    0.001201    4.530450 v _120_/D (sky130_fd_sc_hd__dfrtp_1)
                                              4.530450   data arrival time

                                  5.100000    5.100000   clock clk (rise edge)
                                  0.000000    5.100000   clock source latency
     2    0.076336    0.348096    0.252404    5.352405 ^ clk (in)
                                                         clk (net)
                      0.351141    0.000000    5.352405 ^ clkbuf_0_clk/A (sky130_fd_sc_hd__clkbuf_16)
     9    0.115901    0.131490    0.283884    5.636288 ^ clkbuf_0_clk/X (sky130_fd_sc_hd__clkbuf_16)
                                                         clknet_0_clk (net)
                      0.132623    0.009661    5.645949 ^ clkbuf_2_1__f_clk/A (sky130_fd_sc_hd__clkbuf_16)
    21    0.064703    0.082909    0.190118    5.836067 ^ clkbuf_2_1__f_clk/X (sky130_fd_sc_hd__clkbuf_16)
                                                         clknet_2_1__leaf_clk (net)
                      0.083349    0.004762    5.840829 ^ _120_/CLK (sky130_fd_sc_hd__dfrtp_1)
                                 -0.005100    5.835729   clock uncertainty
                                  0.000000    5.835729   clock reconvergence pessimism
                                 -0.139436    5.696293   library setup time
                                              5.696293   data required time
---------------------------------------------------------------------------------------------
                                              5.696293   data required time
                                             -4.530450   data arrival time
---------------------------------------------------------------------------------------------
                                              1.165843   slack (MET)




===========================================================================
report_checks --slack_max -0.01
============================================================================
======================= nom_tt_025C_1v80 Corner ===================================

No paths found.


===========================================================================
 report_check_types -max_slew -max_cap -max_fanout -violators
============================================================================
======================= nom_tt_025C_1v80 Corner ===================================

max slew

Pin                                        Limit        Slew       Slack
------------------------------------------------------------------------
_071_/A1                                0.500000    0.773831   -0.273831 (VIOLATED)
ANTENNA__071__A1/DIODE                  0.500000    0.773827   -0.273827 (VIOLATED)
ANTENNA_wire69_X/DIODE                  0.500000    0.767647   -0.267647 (VIOLATED)
wire69/X                                0.500000    0.767643   -0.267643 (VIOLATED)
_070_/A1                                0.500000    0.699796   -0.199796 (VIOLATED)
ANTENNA__070__A1/DIODE                  0.500000    0.699795   -0.199795 (VIOLATED)
_073_/A1                                0.500000    0.699046   -0.199046 (VIOLATED)
ANTENNA__073__A1/DIODE                  0.500000    0.699045   -0.199045 (VIOLATED)
_075_/A1                                0.500000    0.698219   -0.198219 (VIOLATED)
ANTENNA__075__A1/DIODE                  0.500000    0.698219   -0.198219 (VIOLATED)
ANTENNA_wire70_X/DIODE                  0.500000    0.694795   -0.194795 (VIOLATED)
wire70/X                                0.500000    0.694791   -0.194792 (VIOLATED)
ANTENNA_wire80_X/DIODE                  0.500000    0.693448   -0.193448 (VIOLATED)
wire80/X                                0.500000    0.693445   -0.193445 (VIOLATED)
ANTENNA_wire82_X/DIODE                  0.500000    0.693353   -0.193353 (VIOLATED)
wire82/X                                0.500000    0.693350   -0.193350 (VIOLATED)
_067_/A1                                0.500000    0.680465   -0.180465 (VIOLATED)
ANTENNA__067__A1/DIODE                  0.500000    0.680465   -0.180465 (VIOLATED)
ANTENNA_wire73_X/DIODE                  0.500000    0.676150   -0.176150 (VIOLATED)
wire73/X                                0.500000    0.676147   -0.176147 (VIOLATED)
ANTENNA__072__A1/DIODE                  0.500000    0.669152   -0.169152 (VIOLATED)
_072_/A1                                0.500000    0.669153   -0.169153 (VIOLATED)
_074_/A1                                0.500000    0.665163   -0.165163 (VIOLATED)
ANTENNA__074__A1/DIODE                  0.500000    0.665163   -0.165163 (VIOLATED)
ANTENNA_wire68_X/DIODE                  0.500000    0.664435   -0.164435 (VIOLATED)
wire68/X                                0.500000    0.664431   -0.164431 (VIOLATED)
ANTENNA_wire81_X/DIODE                  0.500000    0.660752   -0.160752 (VIOLATED)
wire81/X                                0.500000    0.660749   -0.160749 (VIOLATED)
ANTENNA__068__A1/DIODE                  0.500000    0.615173   -0.115173 (VIOLATED)
_068_/A1                                0.500000    0.615173   -0.115173 (VIOLATED)
ANTENNA_wire72_X/DIODE                  0.500000    0.610869   -0.110869 (VIOLATED)
wire72/X                                0.500000    0.610867   -0.110867 (VIOLATED)
_066_/A1                                0.500000    0.606010   -0.106010 (VIOLATED)
ANTENNA__066__A1/DIODE                  0.500000    0.606010   -0.106010 (VIOLATED)
ANTENNA_wire74_X/DIODE                  0.500000    0.602447   -0.102447 (VIOLATED)
wire74/X                                0.500000    0.602445   -0.102445 (VIOLATED)
ANTENNA__076__A1/DIODE                  0.500000    0.601896   -0.101896 (VIOLATED)
_076_/A1                                0.500000    0.601892   -0.101892 (VIOLATED)
ANTENNA_wire79_X/DIODE                  0.500000    0.598413   -0.098413 (VIOLATED)
wire79/X                                0.500000    0.598410   -0.098410 (VIOLATED)
_077_/A1                                0.500000    0.588337   -0.088337 (VIOLATED)
ANTENNA__077__A1/DIODE                  0.500000    0.588337   -0.088337 (VIOLATED)
ANTENNA_wire78_X/DIODE                  0.500000    0.584944   -0.084944 (VIOLATED)
wire78/X                                0.500000    0.584941   -0.084941 (VIOLATED)
_069_/A1                                0.500000    0.548111   -0.048111 (VIOLATED)
ANTENNA__069__A1/DIODE                  0.500000    0.548110   -0.048110 (VIOLATED)
ANTENNA_wire71_X/DIODE                  0.500000    0.542588   -0.042587 (VIOLATED)
wire71/X                                0.500000    0.542585   -0.042585 (VIOLATED)
_078_/A1                                0.500000    0.525189   -0.025189 (VIOLATED)
ANTENNA__078__A1/DIODE                  0.500000    0.525189   -0.025189 (VIOLATED)
ANTENNA_wire77_X/DIODE                  0.500000    0.521898   -0.021898 (VIOLATED)
wire77/X                                0.500000    0.521895   -0.021895 (VIOLATED)
_064_/A1                                0.500000    0.513732   -0.013732 (VIOLATED)
ANTENNA__064__A1/DIODE                  0.500000    0.513730   -0.013730 (VIOLATED)
ANTENNA_wire76_X/DIODE                  0.500000    0.510755   -0.010755 (VIOLATED)
wire76/X                                0.500000    0.510753   -0.010753 (VIOLATED)
mem_i1/addr1[0]                         0.500000    0.508826   -0.008826 (VIOLATED)
mem_i1/addr0[1]                         0.500000    0.505477   -0.005477 (VIOLATED)
mem_i0/addr1[0]                         0.500000    0.503325   -0.003325 (VIOLATED)

max fanout

Pin                                   Limit Fanout  Slack
---------------------------------------------------------
clkbuf_2_1__f_clk/X                      10     21    -11 (VIOLATED)
fanout83/X                               10     21    -11 (VIOLATED)
clkbuf_2_0__f_clk/X                      10     19     -9 (VIOLATED)
fanout86/X                               10     19     -9 (VIOLATED)
fanout84/X                               10     17     -7 (VIOLATED)
fanout87/X                               10     17     -7 (VIOLATED)
_128_/Q                                  10     15     -5 (VIOLATED)
_132_/Q                                  10     15     -5 (VIOLATED)
clkbuf_2_3__f_clk/X                      10     15     -5 (VIOLATED)
_129_/Q                                  10     13     -3 (VIOLATED)
_133_/Q                                  10     13     -3 (VIOLATED)
clkbuf_2_2__f_clk/X                      10     13     -3 (VIOLATED)
_130_/Q                                  10     11        (VIOLATED)
_134_/Q                                  10     11        (VIOLATED)

max capacitance

Pin                                        Limit         Cap       Slack
------------------------------------------------------------------------
mem_i1/dout1[0]                         0.027560    0.078026   -0.050466 (VIOLATED)



===========================================================================
report_parasitic_annotation -report_unannotated
============================================================================
Found 5 unannotated drivers.
 clkload0/X
 clkload1/Y
 clkload2/Y
 mem_i0_88/HI
 mem_i1_89/HI
Found 0 partially unannotated drivers.

===========================================================================
max slew violation count 59
max fanout violation count 14
max cap violation count 1
============================================================================

===========================================================================
check_setup -verbose -unconstrained_endpoints -multiple_clock -no_clock -no_input_delay -loops -generated_clocks
===========================================================================
Warning: There are 2 unconstrained endpoints.
  mem_i0/csb1
  mem_i1/csb1
