Clock: clk
Sources: clk 
Generated: no
Virtual: yes
Propagated: no
Period: 5.100000

===========================================================================
report_clock_properties
============================================================================
Clock                   Period          Waveform
----------------------------------------------------
clk                   5.100000    0.000000  2.550000

===========================================================================
report_clock_latency
============================================================================
Clock clk
rise -> rise
    min     max
0.000000 0.000000 source latency
0.737071         network latency mem_i0/clk1
        0.772554 network latency mem_i1/clk1
---------------
0.737071 0.772554 latency
        0.035483 skew

fall -> fall
    min     max
0.000000 0.000000 source latency
0.586459         network latency mem_i0/clk1
        0.614438 network latency mem_i1/clk1
---------------
0.586459 0.614438 latency
        0.027979 skew



===========================================================================
report_clock_min_period
============================================================================
clk period_min = 1.68 fmax = 596.67
