Reading OpenROAD database at '/home/thanh/NCO/runs/RUN_2025-03-03_15-53-39/38-openroad-globalrouting/counter.odb'…
Reading library file at '/home/thanh/.volare/volare/sky130/versions/0fe599b2afb6708d281543108caf8310912f54af/sky130A/libs.ref/sky130_fd_sc_hd/lib/sky130_fd_sc_hd__tt_025C_1v80.lib'…
Reading design constraints file at '/nix/store/ss2cw3sxbrwwx9jl0rrppbw4kgcmgi2n-python3-3.11.9-env/lib/python3.11/site-packages/openlane/scripts/base.sdc'…
[INFO] Using clock clk…
[INFO] Setting output delay to: 2
[INFO] Setting input delay to: 2
[INFO] Setting load to: 0.033442
[INFO] Setting clock uncertainty to: 0.25
[INFO] Setting clock transition to: 0.1499999999999999944488848768742172978818416595458984375
[INFO] Setting timing derate to: 5%
[INFO] Setting signal min routing layer to: met1 and clock min routing layer to met1. 
[INFO] Setting signal max routing layer to: met5 and clock max routing layer to met5. 
-congestion_iterations 50 -verbose
[INFO GRT-0020] Min routing layer: met1
[INFO GRT-0021] Max routing layer: met5
[INFO GRT-0022] Global adjustment: 30%
[INFO GRT-0023] Grid origin: (0, 0)
[INFO GRT-0043] No OR_DEFAULT vias defined.
[INFO GRT-0088] Layer li1     Track-Pitch = 0.4600  line-2-Via Pitch: 0.3400
[INFO GRT-0088] Layer met1    Track-Pitch = 0.3400  line-2-Via Pitch: 0.3400
[INFO GRT-0088] Layer met2    Track-Pitch = 0.4600  line-2-Via Pitch: 0.3500
[INFO GRT-0088] Layer met3    Track-Pitch = 0.6800  line-2-Via Pitch: 0.6150
[INFO GRT-0088] Layer met4    Track-Pitch = 0.9200  line-2-Via Pitch: 1.0400
[INFO GRT-0088] Layer met5    Track-Pitch = 3.4000  line-2-Via Pitch: 3.1100
[INFO GRT-0019] Found 4 clock nets.
[INFO GRT-0001] Minimum degree: 2
[INFO GRT-0002] Maximum degree: 15
[INFO GRT-0003] Macros: 1
[INFO GRT-0043] No OR_DEFAULT vias defined.
[INFO GRT-0004] Blockages: 433

[INFO GRT-0053] Routing resources analysis:
          Routing      Original      Derated      Resource
Layer     Direction    Resources     Resources    Reduction (%)
---------------------------------------------------------------
li1        Vertical            0             0          0.00%
met1       Horizontal     110117         29988          72.77%
met2       Vertical        83130         28401          65.84%
met3       Horizontal      55022         19452          64.65%
met4       Vertical        33462         10767          67.82%
met5       Horizontal      10946          2639          75.89%
---------------------------------------------------------------

[INFO GRT-0101] Running extra iterations to remove overflow.
[INFO GRT-0197] Via related to pin nodes: 529
[INFO GRT-0198] Via related Steiner nodes: 7
[INFO GRT-0199] Via filling finished.
[INFO GRT-0111] Final number of vias: 727
[INFO GRT-0112] Final usage 3D: 3460

[INFO GRT-0096] Final congestion report:
Layer         Resource        Demand        Usage (%)    Max H / Max V / Total Overflow
---------------------------------------------------------------------------------------
li1                  0             0            0.00%             0 /  0 /  0
met1             29988           351            1.17%             0 /  0 /  0
met2             28401           624            2.20%             0 /  0 /  0
met3             19452           179            0.92%             0 /  0 /  0
met4             10767           125            1.16%             0 /  0 /  0
met5              2639             0            0.00%             0 /  0 /  0
---------------------------------------------------------------------------------------
Total            91247          1279            1.40%             0 /  0 /  0

[INFO GRT-0018] Total wirelength: 10936 um
[INFO GRT-0014] Routed nets: 135
[INFO GRT-0006] Repairing antennas, iteration 1.
[INFO GRT-0043] No OR_DEFAULT vias defined.
[INFO GRT-0012] Found 16 antenna violations.
[INFO GRT-0015] Inserted 17 diodes.
[INFO GRT-0009] rerouting 49 nets.
[INFO GRT-0001] Minimum degree: 2
[INFO GRT-0002] Maximum degree: 15
[INFO GRT-0006] Repairing antennas, iteration 2.
[INFO GRT-0043] No OR_DEFAULT vias defined.
[INFO GRT-0012] Found 0 antenna violations.
Placement Analysis
---------------------------------
total displacement          0.0 u
average displacement        0.0 u
max displacement            0.0 u
original HPWL            8866.6 u
legalized HPWL           8880.6 u
delta HPWL                    0 %

[INFO DPL-0020] Mirrored 47 instances
[INFO DPL-0021] HPWL before            8880.6 u
[INFO DPL-0022] HPWL after             8768.4 u
[INFO DPL-0023] HPWL delta               -1.3 %
-congestion_iterations 50 -verbose
[INFO GRT-0020] Min routing layer: met1
[INFO GRT-0021] Max routing layer: met5
[INFO GRT-0022] Global adjustment: 30%
[INFO GRT-0023] Grid origin: (0, 0)
[INFO GRT-0043] No OR_DEFAULT vias defined.
[INFO GRT-0088] Layer li1     Track-Pitch = 0.4600  line-2-Via Pitch: 0.3400
[INFO GRT-0088] Layer met1    Track-Pitch = 0.3400  line-2-Via Pitch: 0.3400
[INFO GRT-0088] Layer met2    Track-Pitch = 0.4600  line-2-Via Pitch: 0.3500
[INFO GRT-0088] Layer met3    Track-Pitch = 0.6800  line-2-Via Pitch: 0.6150
[INFO GRT-0088] Layer met4    Track-Pitch = 0.9200  line-2-Via Pitch: 1.0400
[INFO GRT-0088] Layer met5    Track-Pitch = 3.4000  line-2-Via Pitch: 3.1100
[INFO GRT-0019] Found 4 clock nets.
[INFO GRT-0001] Minimum degree: 2
[INFO GRT-0002] Maximum degree: 15
[INFO GRT-0003] Macros: 1
[INFO GRT-0043] No OR_DEFAULT vias defined.
[INFO GRT-0004] Blockages: 433

[INFO GRT-0053] Routing resources analysis:
          Routing      Original      Derated      Resource
Layer     Direction    Resources     Resources    Reduction (%)
---------------------------------------------------------------
li1        Vertical            0             0          0.00%
met1       Horizontal     110117         29988          72.77%
met2       Vertical        83130         28401          65.84%
met3       Horizontal      55022         19452          64.65%
met4       Vertical        33462         10767          67.82%
met5       Horizontal      10946          2639          75.89%
---------------------------------------------------------------

[INFO GRT-0101] Running extra iterations to remove overflow.
[INFO GRT-0197] Via related to pin nodes: 554
[INFO GRT-0198] Via related Steiner nodes: 6
[INFO GRT-0199] Via filling finished.
[INFO GRT-0111] Final number of vias: 757
[INFO GRT-0112] Final usage 3D: 3552

[INFO GRT-0096] Final congestion report:
Layer         Resource        Demand        Usage (%)    Max H / Max V / Total Overflow
---------------------------------------------------------------------------------------
li1                  0             0            0.00%             0 /  0 /  0
met1             29988           359            1.20%             0 /  0 /  0
met2             28401           632            2.23%             0 /  0 /  0
met3             19452           173            0.89%             0 /  0 /  0
met4             10767           117            1.09%             0 /  0 /  0
met5              2639             0            0.00%             0 /  0 /  0
---------------------------------------------------------------------------------------
Total            91247          1281            1.40%             0 /  0 /  0

[INFO GRT-0018] Total wirelength: 11060 um
[INFO GRT-0014] Routed nets: 135
[INFO] Setting RC values…
Setting global connections for newly added cells…
[INFO] Setting global connections...
mem_i matched with mem_i
Updating metrics…
Cell type report:                       Count       Area
  Macro                                     1  123515.34
  Fill cell                               578    2169.58
  Tap cell                               1501    1878.05
  Antenna cell                             17      42.54
  Clock buffer                              4      88.84
  Timing Repair Buffer                     25     162.66
  Inverter                                 25      93.84
  Sequential cell                          24     611.84
  Multi-Input combinational cell           15      96.34
  Total                                  2190  128659.03
Writing OpenROAD database to '/home/thanh/NCO/runs/RUN_2025-03-03_15-53-39/41-openroad-repairantennas/1-diodeinsertion/counter.odb'…
Writing layout to '/home/thanh/NCO/runs/RUN_2025-03-03_15-53-39/41-openroad-repairantennas/1-diodeinsertion/counter.def'…
