Clock: clk
Sources: clk 
Generated: no
Virtual: yes
Propagated: no
Period: 5.000000

===========================================================================
report_clock_properties
============================================================================
Clock                   Period          Waveform
----------------------------------------------------
clk                   5.000000    0.000000  2.500000

===========================================================================
report_clock_latency
============================================================================
Clock clk
rise -> rise
    min     max
0.000000 0.000000 source latency
0.523574         network latency _132_/CLK
        0.547604 network latency _141_/CLK
---------------
0.523574 0.547604 latency
        0.024030 skew

fall -> fall
    min     max
0.000000 0.000000 source latency
0.438499         network latency _132_/CLK
        0.456093 network latency _141_/CLK
---------------
0.438499 0.456093 latency
        0.017595 skew



===========================================================================
report_clock_min_period
============================================================================
clk period_min = 1.77 fmax = 565.06
